Reading file: automatingDataGeneration.sh
Reading file: BLong10_parte1
Reading file: BLong10_parte1.7z
Reading file: BLong10_parte2
Reading file: BLong10_parte2.7z
Reading file: BLong10_parte3
Reading file: BLong10_parte3.7z
Reading file: CLong10
Reading file: CLong10.7z
Reading file: CShort10
Reading file: CShort10.7z
Reading file: Evaluation-ZNN.7z
Reading file: fidelitya-5b8dd7f8c7-2qwkt_tracing_20230130_161024.log

fidelitya data

Reading file: generateLogs120703
Reading file: generateLogs122741
Reading file: generateLogs124617
Reading file: generateLogs130307
Reading file: generateLogs131938
Reading file: generateLogs133541
Reading file: generateLogs135143
Reading file: generateLogs154208
Reading file: generateLogs160135
Reading file: generateLogs2.sh
Reading file: k6-nflvk_tracing_20230130_161024.log
Reading file: README.md
Reading file: scalabilitya-858689ddbc-9n5bk_tracing_20230130_161024.log

scalabilitya data

2023-01-30 19:13:21 : t0:removeReplica

2023-01-30 19:13:26 : t0:removeReplica

Reading file: scalabilityb-66d698fc76-xtlml_tracing_20230130_161024.log

scalabilityb data

2023-01-30 19:11:47 : t0:removeHighScalability

2023-01-30 19:11:52 : t0:adjustReplicas

2023-01-30 19:11:57 : t0:removeHighScalability

2023-01-30 19:12:02 : t0:removeHighScalability

2023-01-30 19:12:07 : t0:removeHighScalability

2023-01-30 19:12:12 : t0:removeHighScalability

2023-01-30 19:12:17 : t0:removeHighScalability

2023-01-30 19:12:22 : t0:addReplica

2023-01-30 19:12:27 : t0:addReplica

2023-01-30 19:12:32 : t0:addReplica

2023-01-30 19:12:37 : t0:addHighScalability

2023-01-30 19:12:42 : t0:addHighScalability

2023-01-30 19:12:47 : t0:addHighScalability

2023-01-30 19:13:07 : t0:removeReplica

2023-01-30 19:13:12 : t0:removeReplica

2023-01-30 19:13:17 : t0:removeReplica

2023-01-30 19:13:22 : t0:removeReplica

2023-01-30 19:13:27 : t0:removeReplica

Reading file: summary-trace-znn.log
Reading file: temp
Reading file: temp2701
Reading file: test
Reading file: tools
Reading file: traceznn_20230130_161024.log

Trace znn data

{'name': 'kube-znn-db.173f2b99ec89b2ec', 'type': 'Normal', 'message': 'Scaled up replica set kube-znn-db-558bb5dd64 to 1', 'dateevent': '2023-01-30 19:05:26+00:00', 'image': 'cmendes/znn:800k', 'replicas': 1, 'imageChanges': 0, 'replicasChanges': 1}

{'name': 'kube-znn.173f2b99eb289d10', 'type': 'Normal', 'message': 'Scaled up replica set kube-znn-744bbbc54b to 1', 'dateevent': '2023-01-30 19:05:26+00:00', 'image': 'cmendes/znn:800k', 'replicas': 1, 'imageChanges': 0, 'replicasChanges': 1}

{'name': 'kube-znn.173f2be12d1e49af', 'type': 'Normal', 'message': 'Scaled up replica set kube-znn-744bbbc54b to 2', 'dateevent': '2023-01-30 19:10:32+00:00', 'image': 'cmendes/znn:800k', 'replicas': 2, 'imageChanges': 0, 'replicasChanges': 2}

{'name': 'kube-znn.173f2be203fe011e', 'type': 'Normal', 'message': 'Scaled up replica set kube-znn-744bbbc54b to 3', 'dateevent': '2023-01-30 19:10:36+00:00', 'image': 'cmendes/znn:800k', 'replicas': 3, 'imageChanges': 0, 'replicasChanges': 3}

{'name': 'kube-znn.173f2be32e04d55f', 'type': 'Normal', 'message': 'Scaled up replica set kube-znn-744bbbc54b to 4', 'dateevent': '2023-01-30 19:10:41+00:00', 'image': 'cmendes/znn:800k', 'replicas': 4, 'imageChanges': 0, 'replicasChanges': 4}

{'name': 'kube-znn.173f2be457dbbacb', 'type': 'Normal', 'message': 'Scaled up replica set kube-znn-744bbbc54b to 5', 'dateevent': '2023-01-30 19:10:46+00:00', 'image': 'cmendes/znn:800k', 'replicas': 5, 'imageChanges': 0, 'replicasChanges': 5}

{'name': 'kube-znn.173f2be58051e993', 'type': 'Normal', 'message': 'Scaled up replica set kube-znn-744bbbc54b to 6', 'dateevent': '2023-01-30 19:10:51+00:00', 'image': 'cmendes/znn:800k', 'replicas': 6, 'imageChanges': 0, 'replicasChanges': 6}

{'name': 'kube-znn.173f2be6aa7a6993', 'type': 'Normal', 'message': 'Scaled up replica set kube-znn-744bbbc54b to 7', 'dateevent': '2023-01-30 19:10:56+00:00', 'image': 'cmendes/znn:800k', 'replicas': 7, 'imageChanges': 0, 'replicasChanges': 7}

{'name': 'kube-znn.173f2be7d501a5ca', 'type': 'Normal', 'message': 'Scaled up replica set kube-znn-744bbbc54b to 8', 'dateevent': '2023-01-30 19:11:01+00:00', 'image': 'cmendes/znn:800k', 'replicas': 8, 'imageChanges': 0, 'replicasChanges': 8}

{'name': 'kube-znn.173f2be8ff7b00f1', 'type': 'Normal', 'message': 'Scaled up replica set kube-znn-744bbbc54b to 9', 'dateevent': '2023-01-30 19:11:06+00:00', 'image': 'cmendes/znn:800k', 'replicas': 9, 'imageChanges': 0, 'replicasChanges': 9}

{'name': 'kube-znn.173f2bea2688715b', 'type': 'Normal', 'message': '(combined from similar events): Scaled up replica set kube-znn-744bbbc54b to 10', 'dateevent': '2023-01-30 19:11:11+00:00', 'image': 'cmendes/znn:800k', 'replicas': 10, 'imageChanges': 0, 'replicasChanges': 10}

{'name': 'kube-znn.173f2bea2688715b', 'type': 'Normal', 'message': '(combined from similar events): Scaled down replica set kube-znn-744bbbc54b to 1', 'dateevent': '2023-01-30 19:11:11+00:00', 'image': 'cmendes/znn:800k', 'replicas': 1, 'imageChanges': 0, 'replicasChanges': 11}

{'name': 'kube-znn.173f2be12d1e49af', 'type': 'Normal', 'message': 'Scaled up replica set kube-znn-744bbbc54b to 2', 'dateevent': '2023-01-30 19:10:32+00:00', 'image': 'cmendes/znn:800k', 'replicas': 2, 'imageChanges': 0, 'replicasChanges': 12}

{'name': 'kube-znn.173f2be203fe011e', 'type': 'Normal', 'message': 'Scaled up replica set kube-znn-744bbbc54b to 3', 'dateevent': '2023-01-30 19:10:36+00:00', 'image': 'cmendes/znn:800k', 'replicas': 3, 'imageChanges': 0, 'replicasChanges': 13}

{'name': 'kube-znn.173f2bea2688715b', 'type': 'Normal', 'message': '(combined from similar events): Scaled up replica set kube-znn-744bbbc54b to 4', 'dateevent': '2023-01-30 19:11:11+00:00', 'image': 'cmendes/znn:800k', 'replicas': 4, 'imageChanges': 0, 'replicasChanges': 14}

{'name': 'kube-znn.173f2bea2688715b', 'type': 'Normal', 'message': '(combined from similar events): Scaled down replica set kube-znn-744bbbc54b to 3', 'dateevent': '2023-01-30 19:11:11+00:00', 'image': 'cmendes/znn:800k', 'replicas': 3, 'imageChanges': 0, 'replicasChanges': 15}

{'name': 'kube-znn.173f2bea2688715b', 'type': 'Normal', 'message': '(combined from similar events): Scaled down replica set kube-znn-744bbbc54b to 2', 'dateevent': '2023-01-30 19:11:11+00:00', 'image': 'cmendes/znn:800k', 'replicas': 2, 'imageChanges': 0, 'replicasChanges': 16}

{'name': 'kube-znn.173f2bea2688715b', 'type': 'Normal', 'message': '(combined from similar events): Scaled down replica set kube-znn-744bbbc54b to 1', 'dateevent': '2023-01-30 19:11:11+00:00', 'image': 'cmendes/znn:800k', 'replicas': 1, 'imageChanges': 0, 'replicasChanges': 17}

Reading file: VersionA-Monolithic
Reading file: VersionB-MicroControllers
Reading file: VersionC-WithFailureManagerMetaController
Reading file: VersionC-ZTemp
