Reading file: automatingDataGeneration.sh
Reading file: CLong10
Reading file: CLong10.7z
Reading file: CShort10
Reading file: CShort10.7z
Reading file: Evaluation-ZNN.7z
Reading file: fidelitya-5b8dd7f8c7-vdzkz_tracing_20230129_142913.log

fidelitya data

2023-01-29 17:30:28 : t0:removeLowQuality

2023-01-29 17:30:38 : t0:removeLowQuality

2023-01-29 17:30:43 : t0:removeLowQuality

2023-01-29 17:30:53 : t0:removeLowQuality

2023-01-29 17:31:03 : t0:removeLowQuality

2023-01-29 17:31:23 : t0:lowerFidelity

Reading file: generateLogs104811
Reading file: generateLogs111449
Reading file: generateLogs115104
Reading file: generateLogs122114
Reading file: generateLogs125158
Reading file: generateLogs131404
Reading file: generateLogs134457
Reading file: generateLogs140932
Reading file: generateLogs2.sh
Reading file: k6-gwtwg_tracing_20230129_142913.log
Reading file: README.md
Reading file: scalabilityb-66d698fc76-hsnxq_tracing_20230129_142913.log

scalabilityb data

2023-01-29 17:32:10 : t0:removeHighScalability

2023-01-29 17:32:15 : t0:removeHighScalability

2023-01-29 17:32:20 : t0:removeHighScalability

2023-01-29 17:32:25 : t0:removeHighScalability

2023-01-29 17:32:30 : t0:addHighScalability

2023-01-29 17:32:35 : t0:addHighScalability

2023-01-29 17:32:40 : t0:addHighScalability

2023-01-29 17:32:45 : t0:addHighScalability

2023-01-29 17:32:50 : t0:addHighScalability

2023-01-29 17:32:55 : t0:addHighScalability

2023-01-29 17:33:00 : t0:addHighScalability

2023-01-29 17:33:05 : t0:addHighScalability

2023-01-29 17:33:10 : t0:addHighScalability

2023-01-29 17:33:15 : t0:removeHighScalability

2023-01-29 17:33:20 : t0:removeHighScalability

2023-01-29 17:33:25 : t0:removeHighScalability

2023-01-29 17:33:30 : t0:removeHighScalability

2023-01-29 17:33:35 : t0:removeHighScalability

2023-01-29 17:33:40 : t0:addHighScalability

2023-01-29 17:33:45 : t0:addHighScalability

2023-01-29 17:33:50 : t0:addHighScalability

2023-01-29 17:33:55 : t0:addHighScalability

2023-01-29 17:34:00 : t0:addHighScalability

2023-01-29 17:34:05 : t0:addHighScalability

2023-01-29 17:34:10 : t0:addHighScalability

2023-01-29 17:34:15 : t0:addHighScalability

2023-01-29 17:34:20 : t0:removeHighScalability

2023-01-29 17:34:25 : t0:removeHighScalability

2023-01-29 17:34:30 : t0:removeHighScalability

2023-01-29 17:34:35 : t0:removeHighScalability

2023-01-29 17:34:40 : t0:removeHighScalability

2023-01-29 17:34:45 : t0:removeReplica

Reading file: scalabilityb-66d698fc76-qt74w_tracing_20230129_142913.log

scalabilityb data

2023-01-29 17:32:08 : t0:removeHighScalability

2023-01-29 17:32:13 : t0:removeHighScalability

2023-01-29 17:32:18 : t0:removeHighScalability

2023-01-29 17:32:23 : t0:removeHighScalability

2023-01-29 17:32:28 : t0:removeHighScalability

2023-01-29 17:32:33 : t0:addHighScalability

2023-01-29 17:32:38 : t0:addHighScalability

2023-01-29 17:32:43 : t0:addHighScalability

2023-01-29 17:32:48 : t0:addHighScalability

2023-01-29 17:32:53 : t0:addHighScalability

2023-01-29 17:32:58 : t0:addHighScalability

2023-01-29 17:33:03 : t0:addHighScalability

2023-01-29 17:33:08 : t0:addHighScalability

2023-01-29 17:33:13 : t0:addHighScalability

2023-01-29 17:33:18 : t0:removeHighScalability

2023-01-29 17:33:23 : t0:removeHighScalability

2023-01-29 17:33:28 : t0:removeHighScalability

2023-01-29 17:33:33 : t0:removeHighScalability

2023-01-29 17:33:38 : t0:removeHighScalability

2023-01-29 17:33:43 : t0:addHighScalability

2023-01-29 17:33:48 : t0:addHighScalability

2023-01-29 17:33:53 : t0:addHighScalability

2023-01-29 17:33:58 : t0:addHighScalability

2023-01-29 17:34:03 : t0:addHighScalability

2023-01-29 17:34:08 : t0:addHighScalability

2023-01-29 17:34:13 : t0:addHighScalability

2023-01-29 17:34:18 : t0:addHighScalability

2023-01-29 17:34:23 : t0:removeHighScalability

2023-01-29 17:34:28 : t0:removeHighScalability

2023-01-29 17:34:33 : t0:removeHighScalability

2023-01-29 17:34:38 : t0:removeHighScalability

2023-01-29 17:34:43 : t0:removeReplica

2023-01-29 17:34:48 : t0:removeReplica

Reading file: summary-trace-znn.log
Reading file: temp
Reading file: temp2701
Reading file: test
Reading file: tools
Reading file: traceznn_20230129_142913.log

Trace znn data

{'name': 'kube-znn-db.173ed6f1597dd5f2', 'type': 'Normal', 'message': 'Scaled up replica set kube-znn-db-558bb5dd64 to 1', 'dateevent': '2023-01-29 17:14:03+00:00', 'image': 'cmendes/znn:800k', 'replicas': 1, 'imageChanges': 0, 'replicasChanges': 1}

{'name': 'kube-znn.173ed6f157811eab', 'type': 'Normal', 'message': 'Scaled up replica set kube-znn-744bbbc54b to 1', 'dateevent': '2023-01-29 17:14:03+00:00', 'image': 'cmendes/znn:800k', 'replicas': 1, 'imageChanges': 0, 'replicasChanges': 1}

{'name': 'kube-znn.173ed7c787ff1359', 'type': 'Normal', 'message': 'Scaled up replica set kube-znn-744bbbc54b to 2', 'dateevent': '2023-01-29 17:29:23+00:00', 'image': 'cmendes/znn:800k', 'replicas': 2, 'imageChanges': 0, 'replicasChanges': 2}

{'name': 'kube-znn.173ed7c98dff9b42', 'type': 'Normal', 'message': 'Scaled up replica set kube-znn-744bbbc54b to 3', 'dateevent': '2023-01-29 17:29:32+00:00', 'image': 'cmendes/znn:800k', 'replicas': 3, 'imageChanges': 0, 'replicasChanges': 3}

{'name': 'kube-znn.173ed7cbdd6ad76d', 'type': 'Normal', 'message': 'Scaled up replica set kube-znn-744bbbc54b to 4', 'dateevent': '2023-01-29 17:29:42+00:00', 'image': 'cmendes/znn:800k', 'replicas': 4, 'imageChanges': 0, 'replicasChanges': 4}

{'name': 'kube-znn.173ed7ce30358518', 'type': 'Normal', 'message': 'Scaled up replica set kube-znn-744bbbc54b to 5', 'dateevent': '2023-01-29 17:29:52+00:00', 'image': 'cmendes/znn:800k', 'replicas': 5, 'imageChanges': 0, 'replicasChanges': 5}

{'name': 'kube-znn.173ed7d08487fc89', 'type': 'Normal', 'message': 'Scaled up replica set kube-znn-744bbbc54b to 6', 'dateevent': '2023-01-29 17:30:02+00:00', 'image': 'cmendes/znn:800k', 'replicas': 6, 'imageChanges': 0, 'replicasChanges': 6}

{'name': 'kube-znn.173ed7d2d84f59dd', 'type': 'Normal', 'message': 'Scaled up replica set kube-znn-744bbbc54b to 7', 'dateevent': '2023-01-29 17:30:12+00:00', 'image': 'cmendes/znn:800k', 'replicas': 7, 'imageChanges': 0, 'replicasChanges': 7}

{'name': 'kube-znn.173ed7d659083a1f', 'type': 'Normal', 'message': 'Scaled up replica set kube-znn-744bbbc54b to 8', 'dateevent': '2023-01-29 17:30:27+00:00', 'image': 'cmendes/znn:800k', 'replicas': 8, 'imageChanges': 0, 'replicasChanges': 8}

{'name': 'kube-znn.173ed7e0d64d3b6f', 'type': 'Normal', 'message': 'Scaled up replica set kube-znn-744bbbc54b to 9', 'dateevent': '2023-01-29 17:31:12+00:00', 'image': 'cmendes/znn:800k', 'replicas': 9, 'imageChanges': 0, 'replicasChanges': 9}

{'name': 'kube-znn.173ed7e323d10043', 'type': 'Normal', 'message': 'Scaled up replica set kube-znn-744bbbc54b to 10', 'dateevent': '2023-01-29 17:31:21+00:00', 'image': 'cmendes/znn:800k', 'replicas': 10, 'imageChanges': 0, 'replicasChanges': 10}

{'name': 'kube-znn.173ed7e3de2c4829', 'type': 'Normal', 'message': '(combined from similar events): Scaled up replica set kube-znn-5c95bd98fb to 3', 'dateevent': '2023-01-29 17:31:25+00:00', 'image': 'cmendes/znn:600k', 'replicas': 10, 'imageChanges': 1, 'replicasChanges': 10}

{'name': 'kube-znn.173ed7e3de2c4829', 'type': 'Normal', 'message': '(combined from similar events): Scaled down replica set kube-znn-744bbbc54b to 8', 'dateevent': '2023-01-29 17:31:25+00:00', 'image': 'cmendes/znn:600k', 'replicas': 10, 'imageChanges': 1, 'replicasChanges': 10}

{'name': 'kube-znn.173ed7e3de2c4829', 'type': 'Normal', 'message': '(combined from similar events): Scaled up replica set kube-znn-5c95bd98fb to 5', 'dateevent': '2023-01-29 17:31:25+00:00', 'image': 'cmendes/znn:600k', 'replicas': 10, 'imageChanges': 1, 'replicasChanges': 10}

{'name': 'kube-znn.173ed7e3de2c4829', 'type': 'Normal', 'message': '(combined from similar events): Scaled down replica set kube-znn-744bbbc54b to 3', 'dateevent': '2023-01-29 17:31:25+00:00', 'image': 'cmendes/znn:600k', 'replicas': 4, 'imageChanges': 1, 'replicasChanges': 11}

{'name': 'kube-znn.173ed7e3de2c4829', 'type': 'Normal', 'message': '(combined from similar events): Scaled down replica set kube-znn-5c95bd98fb to 2', 'dateevent': '2023-01-29 17:31:25+00:00', 'image': 'cmendes/znn:600k', 'replicas': 4, 'imageChanges': 1, 'replicasChanges': 11}

{'name': 'kube-znn.173ed7e3de2c4829', 'type': 'Normal', 'message': '(combined from similar events): Scaled down replica set kube-znn-744bbbc54b to 0', 'dateevent': '2023-01-29 17:31:25+00:00', 'image': 'cmendes/znn:600k', 'replicas': 0, 'imageChanges': 1, 'replicasChanges': 12}

{'name': 'kube-znn.173ed7e3de2c4829', 'type': 'Normal', 'message': '(combined from similar events): Scaled down replica set kube-znn-5c95bd98fb to 0', 'dateevent': '2023-01-29 17:31:25+00:00', 'image': 'cmendes/znn:600k', 'replicas': 0, 'imageChanges': 1, 'replicasChanges': 12}

Reading file: VersionA-Monolithic
Reading file: VersionB-MicroControllers
Reading file: VersionC-WithFailureManagerMetaController
Reading file: VersionC-ZTemp
