root - WARNING - Starting our experiment execution
root - WARNING - 

-----------------------------------------
root - WARNING - General Log - 
root - WARNING - {'name': 'default-server-secret.173e4d2784de59b8', 'type': 'Normal', 'message': 'the special Secret default/default-server-secret was updated', 'dateevent': '2023-01-27 23:09:03+00:00'}
root - WARNING - 

-----------------------------------------
root - WARNING - 

-----------------------------------------
root - WARNING - General Log - 
root - WARNING - {'name': 'failuremanager-5447786f55-6krrx.173e4d1bc7884fd9', 'type': 'Normal', 'message': 'Successfully assigned default/failuremanager-5447786f55-6krrx to minikube', 'dateevent': '2023-01-27 23:08:13+00:00'}
root - WARNING - 

-----------------------------------------
root - WARNING - 

-----------------------------------------
root - WARNING - General Log - 
root - WARNING - {'name': 'failuremanager-5447786f55-6krrx.173e4d1bf09dc17a', 'type': 'Normal', 'message': 'Pulling image "californibrs/failuremanager"', 'dateevent': '2023-01-27 23:08:13+00:00'}
root - WARNING - 

-----------------------------------------
root - WARNING - 

-----------------------------------------
root - WARNING - General Log - 
root - WARNING - {'name': 'failuremanager-5447786f55-6krrx.173e4d31c5e63e85', 'type': 'Warning', 'message': 'Failed to pull image "californibrs/failuremanager": rpc error: code = Unknown desc = Error response from daemon: Get "https://registry-1.docker.io/v2/": dial tcp: lookup registry-1.docker.io on 172.27.176.1:53: read udp 172.27.188.206:40905->172.27.176.1:53: i/o timeout', 'dateevent': '2023-01-27 23:09:47+00:00'}
root - WARNING - 

-----------------------------------------
root - WARNING - 

-----------------------------------------
root - WARNING - General Log - 
root - WARNING - {'name': 'failuremanager-5447786f55-6krrx.173e4d31c5e68d6d', 'type': 'Warning', 'message': 'Error: ErrImagePull', 'dateevent': '2023-01-27 23:09:47+00:00'}
root - WARNING - 

-----------------------------------------
root - WARNING - 

-----------------------------------------
root - WARNING - General Log - 
root - WARNING - {'name': 'failuremanager-5447786f55-6krrx.173e4d31d2c8c8a9', 'type': 'Normal', 'message': 'Back-off pulling image "californibrs/failuremanager"', 'dateevent': '2023-01-27 23:09:47+00:00'}
root - WARNING - 

-----------------------------------------
root - WARNING - 

-----------------------------------------
root - WARNING - General Log - 
root - WARNING - {'name': 'failuremanager-5447786f55-6krrx.173e4d31d2c95e44', 'type': 'Warning', 'message': 'Error: ImagePullBackOff', 'dateevent': '2023-01-27 23:09:47+00:00'}
root - WARNING - 

-----------------------------------------
root - WARNING - 

-----------------------------------------
root - WARNING - General Log - 
root - WARNING - {'name': 'failuremanager-5447786f55-6krrx.173e4d41aa2ddb5c', 'type': 'Warning', 'message': 'Failed to pull image "californibrs/failuremanager": rpc error: code = Unknown desc = Error response from daemon: toomanyrequests: You have reached your pull rate limit. You may increase the limit by authenticating and upgrading: https://www.docker.com/increase-rate-limit', 'dateevent': '2023-01-27 23:10:55+00:00'}
root - WARNING - 

-----------------------------------------
root - WARNING - 

-----------------------------------------
root - WARNING - General Log - 
root - WARNING - {'name': 'failuremanager-5447786f55-6krrx.173e4d4975eac92d', 'type': 'Warning', 'message': 'Failed to pull image "californibrs/failuremanager": rpc error: code = Unknown desc = Error response from daemon: Get "https://registry-1.docker.io/v2/": dial tcp: lookup registry-1.docker.io on 172.27.176.1:53: read udp 172.27.188.206:56910->172.27.176.1:53: i/o timeout', 'dateevent': '2023-01-27 23:11:29+00:00'}
root - WARNING - 

-----------------------------------------
root - WARNING - 

-----------------------------------------
root - WARNING - General Log - 
root - WARNING - {'name': 'failuremanager-5447786f55-6krrx.173e4d6190184ac0', 'type': 'Normal', 'message': 'Successfully pulled image "californibrs/failuremanager"', 'dateevent': '2023-01-27 23:13:12+00:00'}
root - WARNING - 

-----------------------------------------
root - WARNING - 

-----------------------------------------
root - WARNING - General Log - 
root - WARNING - {'name': 'failuremanager-5447786f55-6krrx.173e4d63015756fd', 'type': 'Normal', 'message': 'Created container failuremanager', 'dateevent': '2023-01-27 23:13:19+00:00'}
root - WARNING - 

-----------------------------------------
root - WARNING - 

-----------------------------------------
root - WARNING - General Log - 
root - WARNING - {'name': 'failuremanager-5447786f55-6krrx.173e4d631388f4cb', 'type': 'Normal', 'message': 'Started container failuremanager', 'dateevent': '2023-01-27 23:13:19+00:00'}
root - WARNING - 

-----------------------------------------
root - WARNING - 

-----------------------------------------
root - WARNING - General Log - 
root - WARNING - {'name': 'failuremanager-5447786f55.173e4d1bc7326acf', 'type': 'Normal', 'message': 'Created pod: failuremanager-5447786f55-6krrx', 'dateevent': '2023-01-27 23:08:13+00:00'}
root - WARNING - 

-----------------------------------------
root - WARNING - 

-----------------------------------------
root - WARNING - General Log - 
root - WARNING - {'name': 'failuremanager-ingress.173e4d277c8c5712', 'type': 'Normal', 'message': 'Configuration for default/failuremanager-ingress was added or updated', 'dateevent': '2023-01-27 23:09:03+00:00'}
root - WARNING - 

-----------------------------------------
root - WARNING - 

-----------------------------------------
root - WARNING - General Log - 
root - WARNING - {'name': 'failuremanager-ingress.173e4d279db388e1', 'type': 'Normal', 'message': 'Configuration for default/failuremanager-ingress was updated ', 'dateevent': '2023-01-27 23:09:03+00:00'}
root - WARNING - 

-----------------------------------------
root - WARNING - 

-----------------------------------------
root - WARNING - General Log - 
root - WARNING - {'name': 'failuremanager.173e4d1bc69c7ce8', 'type': 'Normal', 'message': 'Scaled up replica set failuremanager-5447786f55 to 1', 'dateevent': '2023-01-27 23:08:13+00:00'}
root - WARNING - 

-----------------------------------------
root - WARNING - 

-----------------------------------------
root - WARNING - General Log - 
root - WARNING - {'name': 'failuremonitor-747764f996-vj87z.173e4d1bd0f4ca77', 'type': 'Normal', 'message': 'Successfully assigned default/failuremonitor-747764f996-vj87z to minikube', 'dateevent': '2023-01-27 23:08:13+00:00'}
root - WARNING - 

-----------------------------------------
root - WARNING - 

-----------------------------------------
root - WARNING - General Log - 
root - WARNING - {'name': 'failuremonitor-747764f996-vj87z.173e4d1bffd7f127', 'type': 'Normal', 'message': 'Pulling image "californibrs/failuremonitor"', 'dateevent': '2023-01-27 23:08:14+00:00'}
root - WARNING - 

-----------------------------------------
root - WARNING - 

-----------------------------------------
root - WARNING - General Log - 
root - WARNING - {'name': 'failuremonitor-747764f996-vj87z.173e4d3b4edb4d10', 'type': 'Normal', 'message': 'Successfully pulled image "californibrs/failuremonitor"', 'dateevent': '2023-01-27 23:10:28+00:00'}
root - WARNING - 

-----------------------------------------
root - WARNING - 

-----------------------------------------
root - WARNING - General Log - 
root - WARNING - {'name': 'failuremonitor-747764f996-vj87z.173e4d3e16112b7f', 'type': 'Normal', 'message': 'Created container failuremonitor', 'dateevent': '2023-01-27 23:10:40+00:00'}
root - WARNING - 

-----------------------------------------
root - WARNING - 

-----------------------------------------
root - WARNING - General Log - 
root - WARNING - {'name': 'failuremonitor-747764f996-vj87z.173e4d3e25e378fe', 'type': 'Normal', 'message': 'Started container failuremonitor', 'dateevent': '2023-01-27 23:10:40+00:00'}
root - WARNING - 

-----------------------------------------
root - WARNING - 

-----------------------------------------
root - WARNING - General Log - 
root - WARNING - {'name': 'failuremonitor-747764f996.173e4d1bcb536678', 'type': 'Warning', 'message': 'Error creating: pods "failuremonitor-747764f996-" is forbidden: error looking up service account default/kubow-user: serviceaccount "kubow-user" not found', 'dateevent': '2023-01-27 23:08:13+00:00'}
root - WARNING - 

-----------------------------------------
root - WARNING - 

-----------------------------------------
root - WARNING - General Log - 
root - WARNING - {'name': 'failuremonitor-747764f996.173e4d1bd0664dee', 'type': 'Normal', 'message': 'Created pod: failuremonitor-747764f996-vj87z', 'dateevent': '2023-01-27 23:08:13+00:00'}
root - WARNING - 

-----------------------------------------
root - WARNING - 

-----------------------------------------
root - WARNING - General Log - 
root - WARNING - {'name': 'failuremonitor.173e4d1bca977d45', 'type': 'Normal', 'message': 'Scaled up replica set failuremonitor-747764f996 to 1', 'dateevent': '2023-01-27 23:08:13+00:00'}
root - WARNING - 

-----------------------------------------
root - WARNING - 

-----------------------------------------
root - WARNING - General Log - 
root - WARNING - {'name': 'fidelitya-778c6c6b8b-d4nsd.173e4d1a7eb74044', 'type': 'Normal', 'message': 'Successfully assigned default/fidelitya-778c6c6b8b-d4nsd to minikube', 'dateevent': '2023-01-27 23:08:07+00:00'}
root - WARNING - 

-----------------------------------------
root - WARNING - 

-----------------------------------------
root - WARNING - General Log - 
root - WARNING - {'name': 'fidelitya-778c6c6b8b-d4nsd.173e4d1ad85b0f2c', 'type': 'Normal', 'message': 'Pulling image "cmendes/kubow:yellow-2"', 'dateevent': '2023-01-27 23:08:09+00:00'}
root - WARNING - 

-----------------------------------------
root - WARNING - 

-----------------------------------------
root - WARNING - General Log - 
root - WARNING - {'name': 'fidelitya-778c6c6b8b-d4nsd.173e4d2d1bac03f2', 'type': 'Normal', 'message': 'Successfully pulled image "cmendes/kubow:yellow-2"', 'dateevent': '2023-01-27 23:09:27+00:00'}
root - WARNING - 

-----------------------------------------
root - WARNING - 

-----------------------------------------
root - WARNING - General Log - 
root - WARNING - {'name': 'fidelitya-778c6c6b8b-d4nsd.173e4d2df4b09d0b', 'type': 'Normal', 'message': 'Created container kubow', 'dateevent': '2023-01-27 23:09:31+00:00'}
root - WARNING - 

-----------------------------------------
root - WARNING - 

-----------------------------------------
root - WARNING - General Log - 
root - WARNING - {'name': 'fidelitya-778c6c6b8b-d4nsd.173e4d2e03415672', 'type': 'Normal', 'message': 'Started container kubow', 'dateevent': '2023-01-27 23:09:31+00:00'}
root - WARNING - 

-----------------------------------------
root - WARNING - 

-----------------------------------------
root - WARNING - General Log - 
root - WARNING - {'name': 'fidelitya-778c6c6b8b.173e4d1a7e0c43fe', 'type': 'Normal', 'message': 'Created pod: fidelitya-778c6c6b8b-d4nsd', 'dateevent': '2023-01-27 23:08:07+00:00'}
root - WARNING - 

-----------------------------------------
root - WARNING - 

-----------------------------------------
root - WARNING - General Log - 
root - WARNING - {'name': 'fidelitya.173e4d1a7d6a44bf', 'type': 'Normal', 'message': 'Scaled up replica set fidelitya-778c6c6b8b to 1', 'dateevent': '2023-01-27 23:08:07+00:00'}
root - WARNING - 

-----------------------------------------
root - WARNING - 

-----------------------------------------
root - WARNING - 

Captured event for Metacontroller and microcontrollers: 
root - WARNING - 

 MetaController has adapted the microcontrollers.
root - WARNING - {'name': 'fidelitya.173e4d1a7d6a44bf', 'type': 'Normal', 'message': 'Scaled up replica set fidelitya-778c6c6b8b to 1', 'dateevent': '2023-01-27 23:08:07+00:00'}
root - WARNING - 

-----------------------------------------
root - WARNING - 

-----------------------------------------
root - WARNING - General Log - 
root - WARNING - {'name': 'grafana-84cfffc84f-nsnvn.173e4d198128f601', 'type': 'Normal', 'message': 'Successfully assigned default/grafana-84cfffc84f-nsnvn to minikube', 'dateevent': '2023-01-27 23:08:03+00:00'}
root - WARNING - 

-----------------------------------------
root - WARNING - 

-----------------------------------------
root - WARNING - General Log - 
root - WARNING - {'name': 'grafana-84cfffc84f-nsnvn.173e4d19c79c8029', 'type': 'Normal', 'message': 'Pulling image "grafana/grafana:6.4.2"', 'dateevent': '2023-01-27 23:08:04+00:00'}
root - WARNING - 

-----------------------------------------
root - WARNING - 

-----------------------------------------
root - WARNING - General Log - 
root - WARNING - {'name': 'grafana-84cfffc84f-nsnvn.173e4d1eaef61ca2', 'type': 'Normal', 'message': 'Successfully pulled image "grafana/grafana:6.4.2"', 'dateevent': '2023-01-27 23:08:25+00:00'}
root - WARNING - 

-----------------------------------------
root - WARNING - 

-----------------------------------------
root - WARNING - General Log - 
root - WARNING - {'name': 'grafana-84cfffc84f-nsnvn.173e4d1efd5c2e61', 'type': 'Normal', 'message': 'Created container grafana', 'dateevent': '2023-01-27 23:08:26+00:00'}
root - WARNING - 

-----------------------------------------
root - WARNING - 

-----------------------------------------
root - WARNING - General Log - 
root - WARNING - {'name': 'grafana-84cfffc84f-nsnvn.173e4d1f08918851', 'type': 'Normal', 'message': 'Started container grafana', 'dateevent': '2023-01-27 23:08:27+00:00'}
root - WARNING - 

-----------------------------------------
root - WARNING - 

-----------------------------------------
root - WARNING - General Log - 
root - WARNING - {'name': 'grafana-84cfffc84f-nsnvn.173e4d1f1ca8c9d5', 'type': 'Warning', 'message': 'Readiness probe failed: Get http://172.17.0.5:3000/api/health: dial tcp 172.17.0.5:3000: connect: connection refused', 'dateevent': '2023-01-27 23:08:27+00:00'}
root - WARNING - 

-----------------------------------------
root - WARNING - 

-----------------------------------------
root - WARNING - General Log - 
root - WARNING - {'name': 'grafana-84cfffc84f.173e4d1980601373', 'type': 'Normal', 'message': 'Created pod: grafana-84cfffc84f-nsnvn', 'dateevent': '2023-01-27 23:08:03+00:00'}
root - WARNING - 

-----------------------------------------
root - WARNING - 

-----------------------------------------
root - WARNING - General Log - 
root - WARNING - {'name': 'grafana.173e4d197dfc83dc', 'type': 'Normal', 'message': 'Scaled up replica set grafana-84cfffc84f to 1', 'dateevent': '2023-01-27 23:08:03+00:00'}
root - WARNING - 

-----------------------------------------
root - WARNING - 

-----------------------------------------
root - WARNING - General Log - 
root - WARNING - {'name': 'ingress-kube-znn.173e4d2773fa2339', 'type': 'Normal', 'message': 'Configuration for default/ingress-kube-znn was added or updated', 'dateevent': '2023-01-27 23:09:03+00:00'}
root - WARNING - 

-----------------------------------------
root - WARNING - 

-----------------------------------------
root - WARNING - General Log - 
root - WARNING - {'name': 'ingress-kube-znn.173e4d279db37815', 'type': 'Normal', 'message': 'Configuration for default/ingress-kube-znn was updated ', 'dateevent': '2023-01-27 23:09:03+00:00'}
root - WARNING - 

-----------------------------------------
root - WARNING - 

-----------------------------------------
root - WARNING - General Log - 
root - WARNING - {'name': 'k6-rp89z.173e4dde4d4807dc', 'type': 'Normal', 'message': 'Successfully assigned default/k6-rp89z to minikube', 'dateevent': '2023-01-27 23:22:08+00:00'}
root - WARNING - 

-----------------------------------------
root - WARNING - 

-----------------------------------------
root - WARNING - General Log - 
root - WARNING - {'name': 'k6-rp89z.173e4dde82a9880e', 'type': 'Normal', 'message': 'Pulling image "loadimpact/k6"', 'dateevent': '2023-01-27 23:22:09+00:00'}
root - WARNING - 

-----------------------------------------
root - WARNING - 

-----------------------------------------
root - WARNING - General Log - 
root - WARNING - {'name': 'k6-rp89z.173e4de0f3d5bd10', 'type': 'Normal', 'message': 'Successfully pulled image "loadimpact/k6"', 'dateevent': '2023-01-27 23:22:19+00:00'}
root - WARNING - 

-----------------------------------------
root - WARNING - 

-----------------------------------------
root - WARNING - General Log - 
root - WARNING - {'name': 'k6-rp89z.173e4de10eff7a86', 'type': 'Normal', 'message': 'Created container k6', 'dateevent': '2023-01-27 23:22:20+00:00'}
root - WARNING - 

-----------------------------------------
root - WARNING - 

-----------------------------------------
root - WARNING - General Log - 
root - WARNING - {'name': 'k6-rp89z.173e4de11dc1669c', 'type': 'Normal', 'message': 'Started container k6', 'dateevent': '2023-01-27 23:22:20+00:00'}
root - WARNING - 

-----------------------------------------
root - WARNING - 

-----------------------------------------
root - WARNING - General Log - 
root - WARNING - {'name': 'k6.173e4dde4cc1c206', 'type': 'Normal', 'message': 'Created pod: k6-rp89z', 'dateevent': '2023-01-27 23:22:08+00:00'}
root - WARNING - 

-----------------------------------------
root - WARNING - 

-----------------------------------------
root - WARNING - General Log - 
root - WARNING - {'name': 'kube-state-metrics-6579fc54cc-hcg6v.173e4d198186f7ef', 'type': 'Normal', 'message': 'Successfully assigned default/kube-state-metrics-6579fc54cc-hcg6v to minikube', 'dateevent': '2023-01-27 23:08:03+00:00'}
root - WARNING - 

-----------------------------------------
root - WARNING - 

-----------------------------------------
root - WARNING - General Log - 
root - WARNING - {'name': 'kube-state-metrics-6579fc54cc-hcg6v.173e4d19bfe0bced', 'type': 'Normal', 'message': 'Pulling image "quay.io/coreos/kube-state-metrics:v1.9.5"', 'dateevent': '2023-01-27 23:08:04+00:00'}
root - WARNING - 

-----------------------------------------
root - WARNING - 

-----------------------------------------
root - WARNING - General Log - 
root - WARNING - {'name': 'kube-state-metrics-6579fc54cc-hcg6v.173e4d1c5ea88fff', 'type': 'Normal', 'message': 'Successfully pulled image "quay.io/coreos/kube-state-metrics:v1.9.5"', 'dateevent': '2023-01-27 23:08:15+00:00'}
root - WARNING - 

-----------------------------------------
root - WARNING - 

-----------------------------------------
root - WARNING - General Log - 
root - WARNING - {'name': 'kube-state-metrics-6579fc54cc-hcg6v.173e4d1c630f6ec6', 'type': 'Normal', 'message': 'Created container kube-state-metrics', 'dateevent': '2023-01-27 23:08:15+00:00'}
root - WARNING - 

-----------------------------------------
root - WARNING - 

-----------------------------------------
root - WARNING - General Log - 
root - WARNING - {'name': 'kube-state-metrics-6579fc54cc-hcg6v.173e4d1c6eec7e89', 'type': 'Normal', 'message': 'Started container kube-state-metrics', 'dateevent': '2023-01-27 23:08:15+00:00'}
root - WARNING - 

-----------------------------------------
root - WARNING - 

-----------------------------------------
root - WARNING - General Log - 
root - WARNING - {'name': 'kube-state-metrics-6579fc54cc.173e4d19808d1b2c', 'type': 'Normal', 'message': 'Created pod: kube-state-metrics-6579fc54cc-hcg6v', 'dateevent': '2023-01-27 23:08:03+00:00'}
root - WARNING - 

-----------------------------------------
root - WARNING - 

-----------------------------------------
root - WARNING - General Log - 
root - WARNING - {'name': 'kube-state-metrics.173e4d19805debec', 'type': 'Normal', 'message': 'Scaled up replica set kube-state-metrics-6579fc54cc to 1', 'dateevent': '2023-01-27 23:08:03+00:00'}
root - WARNING - 

-----------------------------------------
root - WARNING - 

-----------------------------------------
root - WARNING - General Log - 
root - WARNING - {'name': 'kube-znn-68bd9d6b5b-tlxhp.173e4d19f19e6cbb', 'type': 'Normal', 'message': 'Successfully assigned default/kube-znn-68bd9d6b5b-tlxhp to minikube', 'dateevent': '2023-01-27 23:08:05+00:00'}
root - WARNING - 

-----------------------------------------
root - WARNING - 

-----------------------------------------
root - WARNING - General Log - 
root - WARNING - {'name': 'kube-znn-68bd9d6b5b-tlxhp.173e4d1a3704ae93', 'type': 'Warning', 'message': 'MountVolume.SetUp failed for volume "nginx-config-volume" : failed to sync configmap cache: timed out waiting for the condition', 'dateevent': '2023-01-27 23:08:06+00:00'}
root - WARNING - 

-----------------------------------------
root - WARNING - 

-----------------------------------------
root - WARNING - General Log - 
root - WARNING - {'name': 'kube-znn-68bd9d6b5b-tlxhp.173e4d1a37069223', 'type': 'Warning', 'message': 'MountVolume.SetUp failed for volume "default-token-7grmg" : failed to sync secret cache: timed out waiting for the condition', 'dateevent': '2023-01-27 23:08:06+00:00'}
root - WARNING - 

-----------------------------------------
root - WARNING - 

-----------------------------------------
root - WARNING - General Log - 
root - WARNING - {'name': 'kube-znn-68bd9d6b5b-tlxhp.173e4d1a905cd35d', 'type': 'Normal', 'message': 'Pulling image "cmendes/znn:800k"', 'dateevent': '2023-01-27 23:08:07+00:00'}
root - WARNING - 

-----------------------------------------
root - WARNING - 

-----------------------------------------
root - WARNING - General Log - 
root - WARNING - {'name': 'kube-znn-68bd9d6b5b-tlxhp.173e4d251ac46cea', 'type': 'Normal', 'message': 'Successfully pulled image "cmendes/znn:800k"', 'dateevent': '2023-01-27 23:08:53+00:00'}
root - WARNING - 

-----------------------------------------
root - WARNING - 

-----------------------------------------
root - WARNING - General Log - 
root - WARNING - {'name': 'kube-znn-68bd9d6b5b-tlxhp.173e4d253ac6706a', 'type': 'Normal', 'message': 'Created container znn', 'dateevent': '2023-01-27 23:08:53+00:00'}
root - WARNING - 

-----------------------------------------
root - WARNING - 

-----------------------------------------
root - WARNING - General Log - 
root - WARNING - {'name': 'kube-znn-68bd9d6b5b-tlxhp.173e4d2547e568da', 'type': 'Normal', 'message': 'Started container znn', 'dateevent': '2023-01-27 23:08:53+00:00'}
root - WARNING - 

-----------------------------------------
root - WARNING - 

-----------------------------------------
root - WARNING - General Log - 
root - WARNING - {'name': 'kube-znn-68bd9d6b5b-tlxhp.173e4d254d792282', 'type': 'Normal', 'message': 'Pulling image "openresty/openresty:alpine-fat"', 'dateevent': '2023-01-27 23:08:54+00:00'}
root - WARNING - 

-----------------------------------------
root - WARNING - 

-----------------------------------------
root - WARNING - General Log - 
root - WARNING - {'name': 'kube-znn-68bd9d6b5b-tlxhp.173e4d40ae064644', 'type': 'Warning', 'message': 'Failed to pull image "openresty/openresty:alpine-fat": rpc error: code = Unknown desc = Error response from daemon: toomanyrequests: You have reached your pull rate limit. You may increase the limit by authenticating and upgrading: https://www.docker.com/increase-rate-limit', 'dateevent': '2023-01-27 23:10:51+00:00'}
root - WARNING - 

-----------------------------------------
root - WARNING - 

-----------------------------------------
root - WARNING - General Log - 
root - WARNING - {'name': 'kube-znn-68bd9d6b5b-tlxhp.173e4d40ae06af57', 'type': 'Warning', 'message': 'Error: ErrImagePull', 'dateevent': '2023-01-27 23:10:51+00:00'}
root - WARNING - 

-----------------------------------------
root - WARNING - 

-----------------------------------------
root - WARNING - General Log - 
root - WARNING - {'name': 'kube-znn-68bd9d6b5b-tlxhp.173e4d40be2eea77', 'type': 'Normal', 'message': 'Back-off pulling image "openresty/openresty:alpine-fat"', 'dateevent': '2023-01-27 23:10:51+00:00'}
root - WARNING - 

-----------------------------------------
root - WARNING - 

-----------------------------------------
root - WARNING - General Log - 
root - WARNING - {'name': 'kube-znn-68bd9d6b5b-tlxhp.173e4d40be2f43ea', 'type': 'Warning', 'message': 'Error: ImagePullBackOff', 'dateevent': '2023-01-27 23:10:51+00:00'}
root - WARNING - 

-----------------------------------------
root - WARNING - 

-----------------------------------------
root - WARNING - General Log - 
root - WARNING - {'name': 'kube-znn-68bd9d6b5b.173e4d19f11bcfda', 'type': 'Normal', 'message': 'Created pod: kube-znn-68bd9d6b5b-tlxhp', 'dateevent': '2023-01-27 23:08:05+00:00'}
root - WARNING - 

-----------------------------------------
root - WARNING - 

-----------------------------------------
root - WARNING - General Log - 
root - WARNING - {'name': 'kube-znn-db-6cc48797cf-9h2ss.173e4d19f3a20f71', 'type': 'Normal', 'message': 'Successfully assigned default/kube-znn-db-6cc48797cf-9h2ss to minikube', 'dateevent': '2023-01-27 23:08:05+00:00'}
root - WARNING - 

-----------------------------------------
root - WARNING - 

-----------------------------------------
root - WARNING - General Log - 
root - WARNING - {'name': 'kube-znn-db-6cc48797cf-9h2ss.173e4d1a37030536', 'type': 'Warning', 'message': 'MountVolume.SetUp failed for volume "init-db-config" : failed to sync configmap cache: timed out waiting for the condition', 'dateevent': '2023-01-27 23:08:06+00:00'}
root - WARNING - 

-----------------------------------------
root - WARNING - 

-----------------------------------------
root - WARNING - General Log - 
root - WARNING - {'name': 'kube-znn-db-6cc48797cf-9h2ss.173e4d1a3705de76', 'type': 'Warning', 'message': 'MountVolume.SetUp failed for volume "default-token-7grmg" : failed to sync secret cache: timed out waiting for the condition', 'dateevent': '2023-01-27 23:08:06+00:00'}
root - WARNING - 

-----------------------------------------
root - WARNING - 

-----------------------------------------
root - WARNING - General Log - 
root - WARNING - {'name': 'kube-znn-db-6cc48797cf-9h2ss.173e4d1a8f2abe21', 'type': 'Normal', 'message': 'Pulling image "mysql:5.6"', 'dateevent': '2023-01-27 23:08:07+00:00'}
root - WARNING - 

-----------------------------------------
root - WARNING - 

-----------------------------------------
root - WARNING - General Log - 
root - WARNING - {'name': 'kube-znn-db-6cc48797cf-9h2ss.173e4d237633e65e', 'type': 'Normal', 'message': 'Successfully pulled image "mysql:5.6"', 'dateevent': '2023-01-27 23:08:46+00:00'}
root - WARNING - 

-----------------------------------------
root - WARNING - 

-----------------------------------------
root - WARNING - General Log - 
root - WARNING - {'name': 'kube-znn-db-6cc48797cf-9h2ss.173e4d23d9802310', 'type': 'Normal', 'message': 'Created container mysql', 'dateevent': '2023-01-27 23:08:47+00:00'}
root - WARNING - 

-----------------------------------------
root - WARNING - 

-----------------------------------------
root - WARNING - General Log - 
root - WARNING - {'name': 'kube-znn-db-6cc48797cf-9h2ss.173e4d23e55f28ec', 'type': 'Normal', 'message': 'Started container mysql', 'dateevent': '2023-01-27 23:08:47+00:00'}
root - WARNING - 

-----------------------------------------
root - WARNING - 

-----------------------------------------
root - WARNING - General Log - 
root - WARNING - {'name': 'kube-znn-db-6cc48797cf-9h2ss.173e4d24c4c96360', 'type': 'Warning', 'message': 'Liveness probe failed: dial tcp 172.17.0.8:3306: connect: connection refused', 'dateevent': '2023-01-27 23:08:51+00:00'}
root - WARNING - 

-----------------------------------------
root - WARNING - 

-----------------------------------------
root - WARNING - General Log - 
root - WARNING - {'name': 'kube-znn-db-6cc48797cf.173e4d19f2e33a62', 'type': 'Normal', 'message': 'Created pod: kube-znn-db-6cc48797cf-9h2ss', 'dateevent': '2023-01-27 23:08:05+00:00'}
root - WARNING - 

-----------------------------------------
root - WARNING - 

-----------------------------------------
root - WARNING - General Log - 
root - WARNING - {'name': 'kube-znn-db.173e4d19f29b1032', 'type': 'Normal', 'message': 'Scaled up replica set kube-znn-db-6cc48797cf to 1', 'dateevent': '2023-01-27 23:08:05+00:00'}
root - WARNING - 

-----------------------------------------
root - WARNING - 

-----------------------------------------
root - WARNING - 

Captured event for znn: 
root - WARNING - {'name': 'kube-znn-db.173e4d19f29b1032', 'type': 'Normal', 'message': 'Scaled up replica set kube-znn-db-6cc48797cf to 1', 'dateevent': '2023-01-27 23:08:05+00:00', 'image': 'cmendes/znn:800k', 'replicas': 1, 'imageChanges': 0, 'replicasChanges': 1}
root - WARNING - 

-----------------------------------------
root - WARNING - 

-----------------------------------------
root - WARNING - General Log - 
root - WARNING - {'name': 'kube-znn.173e4d19f0eee4fe', 'type': 'Normal', 'message': 'Scaled up replica set kube-znn-68bd9d6b5b to 1', 'dateevent': '2023-01-27 23:08:05+00:00'}
root - WARNING - 

-----------------------------------------
root - WARNING - 

-----------------------------------------
root - WARNING - 

Captured event for znn: 
root - WARNING - {'name': 'kube-znn.173e4d19f0eee4fe', 'type': 'Normal', 'message': 'Scaled up replica set kube-znn-68bd9d6b5b to 1', 'dateevent': '2023-01-27 23:08:05+00:00', 'image': 'cmendes/znn:800k', 'replicas': 1, 'imageChanges': 0, 'replicasChanges': 1}
root - WARNING - 

-----------------------------------------
root - WARNING - 

-----------------------------------------
root - WARNING - General Log - 
root - WARNING - {'name': 'metacontroller-kubow-8479d7588d-mjcdr.173e4d1c383e4f7a', 'type': 'Normal', 'message': 'Successfully assigned default/metacontroller-kubow-8479d7588d-mjcdr to minikube', 'dateevent': '2023-01-27 23:08:15+00:00'}
root - WARNING - 

-----------------------------------------
root - WARNING - 

-----------------------------------------
root - WARNING - General Log - 
root - WARNING - {'name': 'metacontroller-kubow-8479d7588d-mjcdr.173e4d1c733d3dff', 'type': 'Normal', 'message': 'Pulling image "cmendes/kubow:yellow-2"', 'dateevent': '2023-01-27 23:08:16+00:00'}
root - WARNING - 

-----------------------------------------
root - WARNING - 

-----------------------------------------
root - WARNING - General Log - 
root - WARNING - {'name': 'metacontroller-kubow-8479d7588d-mjcdr.173e4d3dbec2c99c', 'type': 'Warning', 'message': 'Failed to pull image "cmendes/kubow:yellow-2": rpc error: code = Unknown desc = Error response from daemon: Get "https://registry-1.docker.io/v2/": dial tcp: lookup registry-1.docker.io on 172.27.176.1:53: read udp 172.27.188.206:42408->172.27.176.1:53: i/o timeout', 'dateevent': '2023-01-27 23:10:39+00:00'}
root - WARNING - 

-----------------------------------------
root - WARNING - 

-----------------------------------------
root - WARNING - General Log - 
root - WARNING - {'name': 'metacontroller-kubow-8479d7588d-mjcdr.173e4d3dbec36e72', 'type': 'Warning', 'message': 'Error: ErrImagePull', 'dateevent': '2023-01-27 23:10:40+00:00'}
root - WARNING - 

-----------------------------------------
root - WARNING - 

-----------------------------------------
root - WARNING - General Log - 
root - WARNING - {'name': 'metacontroller-kubow-8479d7588d-mjcdr.173e4d3de41b4c93', 'type': 'Normal', 'message': 'Back-off pulling image "cmendes/kubow:yellow-2"', 'dateevent': '2023-01-27 23:10:40+00:00'}
root - WARNING - 

-----------------------------------------
root - WARNING - 

-----------------------------------------
root - WARNING - General Log - 
root - WARNING - {'name': 'metacontroller-kubow-8479d7588d-mjcdr.173e4d3de41b79e3', 'type': 'Warning', 'message': 'Error: ImagePullBackOff', 'dateevent': '2023-01-27 23:10:40+00:00'}
root - WARNING - 

-----------------------------------------
root - WARNING - 

-----------------------------------------
root - WARNING - General Log - 
root - WARNING - {'name': 'metacontroller-kubow-8479d7588d-mjcdr.173e4d424d8f1271', 'type': 'Normal', 'message': 'Successfully pulled image "cmendes/kubow:yellow-2"', 'dateevent': '2023-01-27 23:10:58+00:00'}
root - WARNING - 

-----------------------------------------
root - WARNING - 

-----------------------------------------
root - WARNING - General Log - 
root - WARNING - {'name': 'metacontroller-kubow-8479d7588d-mjcdr.173e4d42966ad74b', 'type': 'Normal', 'message': 'Created container kubow', 'dateevent': '2023-01-27 23:10:59+00:00'}
root - WARNING - 

-----------------------------------------
root - WARNING - 

-----------------------------------------
root - WARNING - General Log - 
root - WARNING - {'name': 'metacontroller-kubow-8479d7588d-mjcdr.173e4d42a966d3d0', 'type': 'Normal', 'message': 'Started container kubow', 'dateevent': '2023-01-27 23:11:00+00:00'}
root - WARNING - 

-----------------------------------------
root - WARNING - 

-----------------------------------------
root - WARNING - General Log - 
root - WARNING - {'name': 'metacontroller-kubow-8479d7588d.173e4d1c37b5a053', 'type': 'Normal', 'message': 'Created pod: metacontroller-kubow-8479d7588d-mjcdr', 'dateevent': '2023-01-27 23:08:15+00:00'}
root - WARNING - 

-----------------------------------------
root - WARNING - 

-----------------------------------------
root - WARNING - General Log - 
root - WARNING - {'name': 'metacontroller-kubow.173e4d1c374f9ce2', 'type': 'Normal', 'message': 'Scaled up replica set metacontroller-kubow-8479d7588d to 1', 'dateevent': '2023-01-27 23:08:15+00:00'}
root - WARNING - 

-----------------------------------------
root - WARNING - 

-----------------------------------------
root - WARNING - General Log - 
root - WARNING - {'name': 'minikube.173e4d12c3afdb66', 'type': 'Normal', 'message': 'Node minikube status is now: NodeHasSufficientMemory', 'dateevent': '2023-01-27 23:07:42+00:00'}
root - WARNING - 

-----------------------------------------
root - WARNING - 

-----------------------------------------
root - WARNING - General Log - 
root - WARNING - {'name': 'minikube.173e4d12c3b08de9', 'type': 'Normal', 'message': 'Node minikube status is now: NodeHasNoDiskPressure', 'dateevent': '2023-01-27 23:07:42+00:00'}
root - WARNING - 

-----------------------------------------
root - WARNING - 

-----------------------------------------
root - WARNING - General Log - 
root - WARNING - {'name': 'minikube.173e4d12c3b09f7d', 'type': 'Normal', 'message': 'Node minikube status is now: NodeHasSufficientPID', 'dateevent': '2023-01-27 23:07:43+00:00'}
root - WARNING - 

-----------------------------------------
root - WARNING - 

-----------------------------------------
root - WARNING - General Log - 
root - WARNING - {'name': 'minikube.173e4d18686bb417', 'type': 'Normal', 'message': 'Node minikube event: Registered Node minikube in Controller', 'dateevent': '2023-01-27 23:07:58+00:00'}
root - WARNING - 

-----------------------------------------
root - WARNING - 

-----------------------------------------
root - WARNING - General Log - 
root - WARNING - {'name': 'minikube.173e4d18a359b1a0', 'type': 'Normal', 'message': 'Starting kube-proxy.', 'dateevent': '2023-01-27 23:07:59+00:00'}
root - WARNING - 

-----------------------------------------
root - WARNING - 

-----------------------------------------
root - WARNING - General Log - 
root - WARNING - {'name': 'nginx-config.173e4d279db356e1', 'type': 'Normal', 'message': 'Configuration from default/nginx-config was updated ', 'dateevent': '2023-01-27 23:09:03+00:00'}
root - WARNING - 

-----------------------------------------
root - WARNING - 

-----------------------------------------
root - WARNING - General Log - 
root - WARNING - {'name': 'nginx-ingress-7f5885d87c-j2zp5.173e4d1a15de2c5b', 'type': 'Normal', 'message': 'Successfully assigned default/nginx-ingress-7f5885d87c-j2zp5 to minikube', 'dateevent': '2023-01-27 23:08:05+00:00'}
root - WARNING - 

-----------------------------------------
root - WARNING - 

-----------------------------------------
root - WARNING - General Log - 
root - WARNING - {'name': 'nginx-ingress-7f5885d87c-j2zp5.173e4d1a5aedc83f', 'type': 'Warning', 'message': 'MountVolume.SetUp failed for volume "nginx-ingress-token-mfzmd" : failed to sync secret cache: timed out waiting for the condition', 'dateevent': '2023-01-27 23:08:07+00:00'}
root - WARNING - 

-----------------------------------------
root - WARNING - 

-----------------------------------------
root - WARNING - General Log - 
root - WARNING - {'name': 'nginx-ingress-7f5885d87c-j2zp5.173e4d1aa5fc0fbc', 'type': 'Normal', 'message': 'Pulling image "nginx/nginx-ingress:1.7.0"', 'dateevent': '2023-01-27 23:08:08+00:00'}
root - WARNING - 

-----------------------------------------
root - WARNING - 

-----------------------------------------
root - WARNING - General Log - 
root - WARNING - {'name': 'nginx-ingress-7f5885d87c-j2zp5.173e4d271da7cf04', 'type': 'Normal', 'message': 'Successfully pulled image "nginx/nginx-ingress:1.7.0"', 'dateevent': '2023-01-27 23:09:01+00:00'}
root - WARNING - 

-----------------------------------------
root - WARNING - 

-----------------------------------------
root - WARNING - General Log - 
root - WARNING - {'name': 'nginx-ingress-7f5885d87c-j2zp5.173e4d275bca3da2', 'type': 'Normal', 'message': 'Created container nginx-ingress', 'dateevent': '2023-01-27 23:09:02+00:00'}
root - WARNING - 

-----------------------------------------
root - WARNING - 

-----------------------------------------
root - WARNING - General Log - 
root - WARNING - {'name': 'nginx-ingress-7f5885d87c-j2zp5.173e4d2765f3340f', 'type': 'Normal', 'message': 'Started container nginx-ingress', 'dateevent': '2023-01-27 23:09:03+00:00'}
root - WARNING - 

-----------------------------------------
root - WARNING - 

-----------------------------------------
root - WARNING - General Log - 
root - WARNING - {'name': 'nginx-ingress-7f5885d87c.173e4d1a10ee575e', 'type': 'Warning', 'message': 'Error creating: pods "nginx-ingress-7f5885d87c-" is forbidden: error looking up service account default/nginx-ingress: serviceaccount "nginx-ingress" not found', 'dateevent': '2023-01-27 23:08:05+00:00'}
root - WARNING - 

-----------------------------------------
root - WARNING - 

-----------------------------------------
root - WARNING - General Log - 
root - WARNING - {'name': 'nginx-ingress-7f5885d87c.173e4d1a1574ed32', 'type': 'Normal', 'message': 'Created pod: nginx-ingress-7f5885d87c-j2zp5', 'dateevent': '2023-01-27 23:08:05+00:00'}
root - WARNING - 

-----------------------------------------
root - WARNING - 

-----------------------------------------
root - WARNING - General Log - 
root - WARNING - {'name': 'nginx-ingress.173e4d1a10c4be74', 'type': 'Normal', 'message': 'Scaled up replica set nginx-ingress-7f5885d87c to 1', 'dateevent': '2023-01-27 23:08:05+00:00'}
root - WARNING - 

-----------------------------------------
root - WARNING - 

-----------------------------------------
root - WARNING - General Log - 
root - WARNING - {'name': 'prometheus-7d59995979-rxfcj.173e4d198469817f', 'type': 'Normal', 'message': 'Successfully assigned default/prometheus-7d59995979-rxfcj to minikube', 'dateevent': '2023-01-27 23:08:03+00:00'}
root - WARNING - 

-----------------------------------------
root - WARNING - 

-----------------------------------------
root - WARNING - General Log - 
root - WARNING - {'name': 'prometheus-7d59995979-rxfcj.173e4d19ca85ec07', 'type': 'Normal', 'message': 'Pulling image "prom/prometheus:v2.16.0"', 'dateevent': '2023-01-27 23:08:04+00:00'}
root - WARNING - 

-----------------------------------------
root - WARNING - 

-----------------------------------------
root - WARNING - General Log - 
root - WARNING - {'name': 'prometheus-7d59995979-rxfcj.173e4d20825e8557', 'type': 'Normal', 'message': 'Successfully pulled image "prom/prometheus:v2.16.0"', 'dateevent': '2023-01-27 23:08:33+00:00'}
root - WARNING - 

-----------------------------------------
root - WARNING - 

-----------------------------------------
root - WARNING - General Log - 
root - WARNING - {'name': 'prometheus-7d59995979-rxfcj.173e4d20a54be21b', 'type': 'Normal', 'message': 'Created container prometheus', 'dateevent': '2023-01-27 23:08:34+00:00'}
root - WARNING - 

-----------------------------------------
root - WARNING - 

-----------------------------------------
root - WARNING - General Log - 
root - WARNING - {'name': 'prometheus-7d59995979-rxfcj.173e4d20b03014e9', 'type': 'Normal', 'message': 'Started container prometheus', 'dateevent': '2023-01-27 23:08:34+00:00'}
root - WARNING - 

-----------------------------------------
root - WARNING - 

-----------------------------------------
root - WARNING - General Log - 
root - WARNING - {'name': 'prometheus-7d59995979.173e4d19838573f3', 'type': 'Normal', 'message': 'Created pod: prometheus-7d59995979-rxfcj', 'dateevent': '2023-01-27 23:08:03+00:00'}
root - WARNING - 

-----------------------------------------
root - WARNING - 

-----------------------------------------
root - WARNING - General Log - 
root - WARNING - {'name': 'prometheus.173e4d1981d9cac7', 'type': 'Normal', 'message': 'Scaled up replica set prometheus-7d59995979 to 1', 'dateevent': '2023-01-27 23:08:03+00:00'}
root - WARNING - 

-----------------------------------------
root - WARNING - 

-----------------------------------------
root - WARNING - General Log - 
root - WARNING - {'name': 'scalabilitya-78d6cbbc7d-jzpzh.173e4d1aedc12033', 'type': 'Normal', 'message': 'Successfully assigned default/scalabilitya-78d6cbbc7d-jzpzh to minikube', 'dateevent': '2023-01-27 23:08:09+00:00'}
root - WARNING - 

-----------------------------------------
root - WARNING - 

-----------------------------------------
root - WARNING - 

Captured event for Metacontroller and microcontrollers: 
root - WARNING - 

 MetaController has adapted the microcontrollers.
root - WARNING - {'name': 'scalabilitya-78d6cbbc7d-jzpzh.173e4d1aedc12033', 'type': 'Normal', 'message': 'Successfully assigned default/scalabilitya-78d6cbbc7d-jzpzh to minikube', 'dateevent': '2023-01-27 23:08:09+00:00'}
root - WARNING - 

-----------------------------------------
root - WARNING - 

-----------------------------------------
root - WARNING - General Log - 
root - WARNING - {'name': 'scalabilitya-78d6cbbc7d-jzpzh.173e4d1b3a2168f0', 'type': 'Normal', 'message': 'Pulling image "cmendes/kubow:yellow-2"', 'dateevent': '2023-01-27 23:08:10+00:00'}
root - WARNING - 

-----------------------------------------
root - WARNING - 

-----------------------------------------
root - WARNING - 

Captured event for Metacontroller and microcontrollers: 
root - WARNING - 

 MetaController has adapted the microcontrollers.
root - WARNING - {'name': 'scalabilitya-78d6cbbc7d-jzpzh.173e4d1b3a2168f0', 'type': 'Normal', 'message': 'Pulling image "cmendes/kubow:yellow-2"', 'dateevent': '2023-01-27 23:08:10+00:00'}
root - WARNING - 

-----------------------------------------
root - WARNING - 

-----------------------------------------
root - WARNING - General Log - 
root - WARNING - {'name': 'scalabilitya-78d6cbbc7d-jzpzh.173e4d2f70aaf882', 'type': 'Warning', 'message': 'Failed to pull image "cmendes/kubow:yellow-2": rpc error: code = Unknown desc = Error response from daemon: Get "https://registry-1.docker.io/v2/": dial tcp: lookup registry-1.docker.io on 172.27.176.1:53: read udp 172.27.188.206:54185->172.27.176.1:53: i/o timeout', 'dateevent': '2023-01-27 23:09:37+00:00'}
root - WARNING - 

-----------------------------------------
root - WARNING - 

-----------------------------------------
root - WARNING - 

Captured event for Metacontroller and microcontrollers: 
root - WARNING - 

 MetaController has adapted the microcontrollers.
root - WARNING - {'name': 'scalabilitya-78d6cbbc7d-jzpzh.173e4d2f70aaf882', 'type': 'Warning', 'message': 'Failed to pull image "cmendes/kubow:yellow-2": rpc error: code = Unknown desc = Error response from daemon: Get "https://registry-1.docker.io/v2/": dial tcp: lookup registry-1.docker.io on 172.27.176.1:53: read udp 172.27.188.206:54185->172.27.176.1:53: i/o timeout', 'dateevent': '2023-01-27 23:09:37+00:00'}
root - WARNING - 

-----------------------------------------
root - WARNING - 

-----------------------------------------
root - WARNING - General Log - 
root - WARNING - {'name': 'scalabilitya-78d6cbbc7d-jzpzh.173e4d2f70ab54b2', 'type': 'Warning', 'message': 'Error: ErrImagePull', 'dateevent': '2023-01-27 23:09:37+00:00'}
root - WARNING - 

-----------------------------------------
root - WARNING - 

-----------------------------------------
root - WARNING - 

Captured event for Metacontroller and microcontrollers: 
root - WARNING - 

 MetaController has adapted the microcontrollers.
root - WARNING - {'name': 'scalabilitya-78d6cbbc7d-jzpzh.173e4d2f70ab54b2', 'type': 'Warning', 'message': 'Error: ErrImagePull', 'dateevent': '2023-01-27 23:09:37+00:00'}
root - WARNING - 

-----------------------------------------
root - WARNING - 

-----------------------------------------
root - WARNING - General Log - 
root - WARNING - {'name': 'scalabilitya-78d6cbbc7d-jzpzh.173e4d2f771729b1', 'type': 'Normal', 'message': 'Back-off pulling image "cmendes/kubow:yellow-2"', 'dateevent': '2023-01-27 23:09:37+00:00'}
root - WARNING - 

-----------------------------------------
root - WARNING - 

-----------------------------------------
root - WARNING - 

Captured event for Metacontroller and microcontrollers: 
root - WARNING - 

 MetaController has adapted the microcontrollers.
root - WARNING - {'name': 'scalabilitya-78d6cbbc7d-jzpzh.173e4d2f771729b1', 'type': 'Normal', 'message': 'Back-off pulling image "cmendes/kubow:yellow-2"', 'dateevent': '2023-01-27 23:09:37+00:00'}
root - WARNING - 

-----------------------------------------
root - WARNING - 

-----------------------------------------
root - WARNING - General Log - 
root - WARNING - {'name': 'scalabilitya-78d6cbbc7d-jzpzh.173e4d2f771784b4', 'type': 'Warning', 'message': 'Error: ImagePullBackOff', 'dateevent': '2023-01-27 23:09:37+00:00'}
root - WARNING - 

-----------------------------------------
root - WARNING - 

-----------------------------------------
root - WARNING - 

Captured event for Metacontroller and microcontrollers: 
root - WARNING - 

 MetaController has adapted the microcontrollers.
root - WARNING - {'name': 'scalabilitya-78d6cbbc7d-jzpzh.173e4d2f771784b4', 'type': 'Warning', 'message': 'Error: ImagePullBackOff', 'dateevent': '2023-01-27 23:09:37+00:00'}
root - WARNING - 

-----------------------------------------
root - WARNING - 

-----------------------------------------
root - WARNING - General Log - 
root - WARNING - {'name': 'scalabilitya-78d6cbbc7d-jzpzh.173e4d4127cd577f', 'type': 'Normal', 'message': 'Successfully pulled image "cmendes/kubow:yellow-2"', 'dateevent': '2023-01-27 23:10:53+00:00'}
root - WARNING - 

-----------------------------------------
root - WARNING - 

-----------------------------------------
root - WARNING - 

Captured event for Metacontroller and microcontrollers: 
root - WARNING - 

 MetaController has adapted the microcontrollers.
root - WARNING - {'name': 'scalabilitya-78d6cbbc7d-jzpzh.173e4d4127cd577f', 'type': 'Normal', 'message': 'Successfully pulled image "cmendes/kubow:yellow-2"', 'dateevent': '2023-01-27 23:10:53+00:00'}
root - WARNING - 

-----------------------------------------
root - WARNING - 

-----------------------------------------
root - WARNING - General Log - 
root - WARNING - {'name': 'scalabilitya-78d6cbbc7d-jzpzh.173e4d416117fb72', 'type': 'Normal', 'message': 'Created container kubow', 'dateevent': '2023-01-27 23:10:54+00:00'}
root - WARNING - 

-----------------------------------------
root - WARNING - 

-----------------------------------------
root - WARNING - 

Captured event for Metacontroller and microcontrollers: 
root - WARNING - 

 MetaController has adapted the microcontrollers.
root - WARNING - {'name': 'scalabilitya-78d6cbbc7d-jzpzh.173e4d416117fb72', 'type': 'Normal', 'message': 'Created container kubow', 'dateevent': '2023-01-27 23:10:54+00:00'}
root - WARNING - 

-----------------------------------------
root - WARNING - 

-----------------------------------------
root - WARNING - General Log - 
root - WARNING - {'name': 'scalabilitya-78d6cbbc7d-jzpzh.173e4d417030309a', 'type': 'Normal', 'message': 'Started container kubow', 'dateevent': '2023-01-27 23:10:54+00:00'}
root - WARNING - 

-----------------------------------------
root - WARNING - 

-----------------------------------------
root - WARNING - 

Captured event for Metacontroller and microcontrollers: 
root - WARNING - 

 MetaController has adapted the microcontrollers.
root - WARNING - {'name': 'scalabilitya-78d6cbbc7d-jzpzh.173e4d417030309a', 'type': 'Normal', 'message': 'Started container kubow', 'dateevent': '2023-01-27 23:10:54+00:00'}
root - WARNING - 

-----------------------------------------
root - WARNING - 

-----------------------------------------
root - WARNING - General Log - 
root - WARNING - {'name': 'scalabilitya-78d6cbbc7d.173e4d1aec84920c', 'type': 'Normal', 'message': 'Created pod: scalabilitya-78d6cbbc7d-jzpzh', 'dateevent': '2023-01-27 23:08:09+00:00'}
root - WARNING - 

-----------------------------------------
root - WARNING - 

-----------------------------------------
root - WARNING - 

Captured event for Metacontroller and microcontrollers: 
root - WARNING - 

 MetaController has adapted the microcontrollers.
root - WARNING - {'name': 'scalabilitya-78d6cbbc7d.173e4d1aec84920c', 'type': 'Normal', 'message': 'Created pod: scalabilitya-78d6cbbc7d-jzpzh', 'dateevent': '2023-01-27 23:08:09+00:00'}
root - WARNING - 

-----------------------------------------
root - WARNING - 

-----------------------------------------
root - WARNING - General Log - 
root - WARNING - {'name': 'scalabilitya.173e4d1aec256d4b', 'type': 'Normal', 'message': 'Scaled up replica set scalabilitya-78d6cbbc7d to 1', 'dateevent': '2023-01-27 23:08:09+00:00'}
root - WARNING - 

-----------------------------------------
root - WARNING - 

-----------------------------------------
root - WARNING - 

Captured event for Metacontroller and microcontrollers: 
root - WARNING - 

 MetaController has adapted the microcontrollers.
root - WARNING - {'name': 'scalabilitya.173e4d1aec256d4b', 'type': 'Normal', 'message': 'Scaled up replica set scalabilitya-78d6cbbc7d to 1', 'dateevent': '2023-01-27 23:08:09+00:00'}
root - WARNING - 

-----------------------------------------
root - WARNING - 

-----------------------------------------
root - WARNING - General Log - 
root - WARNING - {'name': 'coredns-5644d7b6d9-zp9l8.173e4d1858a4a038', 'type': 'Warning', 'message': "0/1 nodes are available: 1 node(s) had taints that the pod didn't tolerate.", 'dateevent': '2023-01-27 23:07:58+00:00'}
root - WARNING - 

-----------------------------------------
root - WARNING - 

-----------------------------------------
root - WARNING - General Log - 
root - WARNING - {'name': 'coredns-5644d7b6d9-zp9l8.173e4d18ab06469e', 'type': 'Normal', 'message': 'Successfully assigned kube-system/coredns-5644d7b6d9-zp9l8 to minikube', 'dateevent': '2023-01-27 23:07:59+00:00'}
root - WARNING - 

-----------------------------------------
root - WARNING - 

-----------------------------------------
root - WARNING - General Log - 
root - WARNING - {'name': 'coredns-5644d7b6d9-zp9l8.173e4d18d39726a3', 'type': 'Normal', 'message': 'Container image "k8s.gcr.io/coredns:1.6.2" already present on machine', 'dateevent': '2023-01-27 23:08:00+00:00'}
root - WARNING - 

-----------------------------------------
root - WARNING - 

-----------------------------------------
root - WARNING - General Log - 
root - WARNING - {'name': 'coredns-5644d7b6d9-zp9l8.173e4d18d7cb77a3', 'type': 'Normal', 'message': 'Created container coredns', 'dateevent': '2023-01-27 23:08:00+00:00'}
root - WARNING - 

-----------------------------------------
root - WARNING - 

-----------------------------------------
root - WARNING - General Log - 
root - WARNING - {'name': 'coredns-5644d7b6d9-zp9l8.173e4d18e6a1a4b5', 'type': 'Normal', 'message': 'Started container coredns', 'dateevent': '2023-01-27 23:08:00+00:00'}
root - WARNING - 

-----------------------------------------
root - WARNING - 

-----------------------------------------
root - WARNING - General Log - 
root - WARNING - {'name': 'coredns-5644d7b6d9.173e4d1858a2b6c5', 'type': 'Normal', 'message': 'Created pod: coredns-5644d7b6d9-zp9l8', 'dateevent': '2023-01-27 23:07:58+00:00'}
root - WARNING - 

-----------------------------------------
root - WARNING - 

-----------------------------------------
root - WARNING - General Log - 
root - WARNING - {'name': 'coredns.173e4d1856c30237', 'type': 'Normal', 'message': 'Scaled up replica set coredns-5644d7b6d9 to 1', 'dateevent': '2023-01-27 23:07:58+00:00'}
root - WARNING - 

-----------------------------------------
root - WARNING - 

-----------------------------------------
root - WARNING - General Log - 
root - WARNING - {'name': 'etcd-minikube.173e4d136612a3d0', 'type': 'Normal', 'message': 'Container image "k8s.gcr.io/etcd:3.3.15-0" already present on machine', 'dateevent': '2023-01-27 23:07:45+00:00'}
root - WARNING - 

-----------------------------------------
root - WARNING - 

-----------------------------------------
root - WARNING - General Log - 
root - WARNING - {'name': 'etcd-minikube.173e4d136c6cea1a', 'type': 'Normal', 'message': 'Created container etcd', 'dateevent': '2023-01-27 23:07:46+00:00'}
root - WARNING - 

-----------------------------------------
root - WARNING - 

-----------------------------------------
root - WARNING - General Log - 
root - WARNING - {'name': 'etcd-minikube.173e4d137bea0659', 'type': 'Normal', 'message': 'Started container etcd', 'dateevent': '2023-01-27 23:07:47+00:00'}
root - WARNING - 

-----------------------------------------
root - WARNING - 

-----------------------------------------
root - WARNING - General Log - 
root - WARNING - {'name': 'etcd-minikube.173e4d3d6790b9e5', 'type': 'Warning', 'message': 'Liveness probe failed: HTTP probe failed with statuscode: 503', 'dateevent': '2023-01-27 23:10:37+00:00'}
root - WARNING - 

-----------------------------------------
root - WARNING - 

-----------------------------------------
root - WARNING - General Log - 
root - WARNING - {'name': 'k8s.io-minikube-hostpath.173e4d1ff0825fab', 'type': 'Normal', 'message': 'minikube_c1659d32-8951-4b20-810e-0a8c94a798ba became leader', 'dateevent': '2023-01-27 23:08:31+00:00'}
root - WARNING - 

-----------------------------------------
root - WARNING - 

-----------------------------------------
root - WARNING - General Log - 
root - WARNING - {'name': 'kube-apiserver-minikube.173e4d1366ff6190', 'type': 'Normal', 'message': 'Container image "k8s.gcr.io/kube-apiserver:v1.16.10" already present on machine', 'dateevent': '2023-01-27 23:07:46+00:00'}
root - WARNING - 

-----------------------------------------
root - WARNING - 

-----------------------------------------
root - WARNING - General Log - 
root - WARNING - {'name': 'kube-apiserver-minikube.173e4d136c6ce9b6', 'type': 'Normal', 'message': 'Created container kube-apiserver', 'dateevent': '2023-01-27 23:07:46+00:00'}
root - WARNING - 

-----------------------------------------
root - WARNING - 

-----------------------------------------
root - WARNING - General Log - 
root - WARNING - {'name': 'kube-apiserver-minikube.173e4d137ccc69be', 'type': 'Normal', 'message': 'Started container kube-apiserver', 'dateevent': '2023-01-27 23:07:47+00:00'}
root - WARNING - 

-----------------------------------------
root - WARNING - 

-----------------------------------------
root - WARNING - General Log - 
root - WARNING - {'name': 'kube-controller-manager-minikube.173e4d1365525f72', 'type': 'Normal', 'message': 'Container image "k8s.gcr.io/kube-controller-manager:v1.16.10" already present on machine', 'dateevent': '2023-01-27 23:07:45+00:00'}
root - WARNING - 

-----------------------------------------
root - WARNING - 

-----------------------------------------
root - WARNING - General Log - 
root - WARNING - {'name': 'kube-controller-manager-minikube.173e4d136c6d144a', 'type': 'Normal', 'message': 'Created container kube-controller-manager', 'dateevent': '2023-01-27 23:07:47+00:00'}
root - WARNING - 

-----------------------------------------
root - WARNING - 

-----------------------------------------
root - WARNING - General Log - 
root - WARNING - {'name': 'kube-controller-manager-minikube.173e4d137c232e2a', 'type': 'Normal', 'message': 'Started container kube-controller-manager', 'dateevent': '2023-01-27 23:07:47+00:00'}
root - WARNING - 

-----------------------------------------
root - WARNING - 

-----------------------------------------
root - WARNING - General Log - 
root - WARNING - {'name': 'kube-proxy-665rr.173e4d1866944dae', 'type': 'Normal', 'message': 'Successfully assigned kube-system/kube-proxy-665rr to minikube', 'dateevent': '2023-01-27 23:07:58+00:00'}
root - WARNING - 

-----------------------------------------
root - WARNING - 

-----------------------------------------
root - WARNING - General Log - 
root - WARNING - {'name': 'kube-proxy-665rr.173e4d188e6c107b', 'type': 'Normal', 'message': 'Container image "k8s.gcr.io/kube-proxy:v1.16.10" already present on machine', 'dateevent': '2023-01-27 23:07:59+00:00'}
root - WARNING - 

-----------------------------------------
root - WARNING - 

-----------------------------------------
root - WARNING - General Log - 
root - WARNING - {'name': 'kube-proxy-665rr.173e4d1893d72603', 'type': 'Normal', 'message': 'Created container kube-proxy', 'dateevent': '2023-01-27 23:07:59+00:00'}
root - WARNING - 

-----------------------------------------
root - WARNING - 

-----------------------------------------
root - WARNING - General Log - 
root - WARNING - {'name': 'kube-proxy-665rr.173e4d189cfe9e76', 'type': 'Normal', 'message': 'Started container kube-proxy', 'dateevent': '2023-01-27 23:07:59+00:00'}
root - WARNING - 

-----------------------------------------
root - WARNING - 

-----------------------------------------
root - WARNING - General Log - 
root - WARNING - {'name': 'kube-proxy.173e4d1865fe758b', 'type': 'Normal', 'message': 'Created pod: kube-proxy-665rr', 'dateevent': '2023-01-27 23:07:58+00:00'}
root - WARNING - 

-----------------------------------------
root - WARNING - 

-----------------------------------------
root - WARNING - General Log - 
root - WARNING - {'name': 'kube-scheduler-minikube.173e4d136614ac82', 'type': 'Normal', 'message': 'Container image "k8s.gcr.io/kube-scheduler:v1.16.10" already present on machine', 'dateevent': '2023-01-27 23:07:46+00:00'}
root - WARNING - 

-----------------------------------------
root - WARNING - 

-----------------------------------------
root - WARNING - General Log - 
root - WARNING - {'name': 'kube-scheduler-minikube.173e4d136c6ce9b6', 'type': 'Normal', 'message': 'Created container kube-scheduler', 'dateevent': '2023-01-27 23:07:46+00:00'}
root - WARNING - 

-----------------------------------------
root - WARNING - 

-----------------------------------------
root - WARNING - General Log - 
root - WARNING - {'name': 'kube-scheduler-minikube.173e4d137cfa9132', 'type': 'Normal', 'message': 'Started container kube-scheduler', 'dateevent': '2023-01-27 23:07:47+00:00'}
root - WARNING - 

-----------------------------------------
root - WARNING - 

-----------------------------------------
root - WARNING - General Log - 
root - WARNING - {'name': 'metrics-server-9c97ff6d4-f7825.173e4d197dcf757e', 'type': 'Normal', 'message': 'Successfully assigned kube-system/metrics-server-9c97ff6d4-f7825 to minikube', 'dateevent': '2023-01-27 23:08:03+00:00'}
root - WARNING - 

-----------------------------------------
root - WARNING - 

-----------------------------------------
root - WARNING - General Log - 
root - WARNING - {'name': 'metrics-server-9c97ff6d4-f7825.173e4d19b3e28fe6', 'type': 'Normal', 'message': 'Pulling image "k8s.gcr.io/metrics-server-amd64:v0.3.6"', 'dateevent': '2023-01-27 23:08:04+00:00'}
root - WARNING - 

-----------------------------------------
root - WARNING - 

-----------------------------------------
root - WARNING - General Log - 
root - WARNING - {'name': 'metrics-server-9c97ff6d4-f7825.173e4d1af37ded68', 'type': 'Normal', 'message': 'Successfully pulled image "k8s.gcr.io/metrics-server-amd64:v0.3.6"', 'dateevent': '2023-01-27 23:08:09+00:00'}
root - WARNING - 

-----------------------------------------
root - WARNING - 

-----------------------------------------
root - WARNING - General Log - 
root - WARNING - {'name': 'metrics-server-9c97ff6d4-f7825.173e4d1b05732eaa', 'type': 'Normal', 'message': 'Created container metrics-server', 'dateevent': '2023-01-27 23:08:09+00:00'}
root - WARNING - 

-----------------------------------------
root - WARNING - 

-----------------------------------------
root - WARNING - General Log - 
root - WARNING - {'name': 'metrics-server-9c97ff6d4-f7825.173e4d1b0e75244a', 'type': 'Normal', 'message': 'Started container metrics-server', 'dateevent': '2023-01-27 23:08:10+00:00'}
root - WARNING - 

-----------------------------------------
root - WARNING - 

-----------------------------------------
root - WARNING - General Log - 
root - WARNING - {'name': 'metrics-server-9c97ff6d4.173e4d197d2266ab', 'type': 'Normal', 'message': 'Created pod: metrics-server-9c97ff6d4-f7825', 'dateevent': '2023-01-27 23:08:03+00:00'}
root - WARNING - 

-----------------------------------------
root - WARNING - 

-----------------------------------------
root - WARNING - General Log - 
root - WARNING - {'name': 'metrics-server.173e4d197c6df9a5', 'type': 'Normal', 'message': 'Scaled up replica set metrics-server-9c97ff6d4 to 1', 'dateevent': '2023-01-27 23:08:03+00:00'}
root - WARNING - 

-----------------------------------------
root - WARNING - 

-----------------------------------------
root - WARNING - General Log - 
root - WARNING - {'name': 'storage-provisioner.173e4d15d5281d46', 'type': 'Warning', 'message': "0/1 nodes are available: 1 node(s) had taints that the pod didn't tolerate.", 'dateevent': '2023-01-27 23:07:47+00:00'}
root - WARNING - 

-----------------------------------------
root - WARNING - 

-----------------------------------------
root - WARNING - General Log - 
root - WARNING - {'name': 'storage-provisioner.173e4d18694f3d14', 'type': 'Normal', 'message': 'Successfully assigned kube-system/storage-provisioner to minikube', 'dateevent': '2023-01-27 23:07:58+00:00'}
root - WARNING - 

-----------------------------------------
root - WARNING - 

-----------------------------------------
root - WARNING - General Log - 
root - WARNING - {'name': 'storage-provisioner.173e4d18928dd5d2', 'type': 'Normal', 'message': 'Container image "gcr.io/k8s-minikube/storage-provisioner:v5" already present on machine', 'dateevent': '2023-01-27 23:07:59+00:00'}
root - WARNING - 

-----------------------------------------
root - WARNING - 

-----------------------------------------
root - WARNING - General Log - 
root - WARNING - {'name': 'storage-provisioner.173e4d189974119c', 'type': 'Normal', 'message': 'Created container storage-provisioner', 'dateevent': '2023-01-27 23:07:59+00:00'}
root - WARNING - 

-----------------------------------------
root - WARNING - 

-----------------------------------------
root - WARNING - General Log - 
root - WARNING - {'name': 'storage-provisioner.173e4d18a564e3ac', 'type': 'Normal', 'message': 'Started container storage-provisioner', 'dateevent': '2023-01-27 23:07:59+00:00'}
root - WARNING - 

-----------------------------------------
root - WARNING - 

-----------------------------------------
root - WARNING - An exception occurred
root - WARNING - Error: <class 'urllib3.exceptions.ReadTimeoutError'>
root - WARNING - 

-----------------------------------------
root - WARNING - 

Data collection
root - WARNING - Datetime:
root - WARNING - 20230127_202825
root - WARNING - {'name': 'Kube-znn', 'period': 0, 'initialreplicas': 1, 'initialimage': 'cmendes/znn:800k', 'initialreplicasChanges': '0', 'initialimageChanges': '0', 'initialevent': '20230127_202225', 'current_replicas': 1, 'current_image': 'cmendes/znn:800k', 'finalreplicasChanges': 1, 'finalimageChanges': 0, 'finalevent': '20230127_202825'}
root - WARNING - 

-----------------------------------------
root - WARNING - 

-----------------------------------------
root - WARNING - Generating logs for Kubow and K6.
root - WARNING - File fidelitya-778c6c6b8b-d4nsd_tracing_20230127_202225.loghas been generated.
root - WARNING - File k6-rp89z_tracing_20230127_202225.loghas been generated.
root - WARNING - File metacontroller-kubow-8479d7588d-mjcdr_tracing_20230127_202225.loghas been generated.
root - WARNING - File scalabilitya-78d6cbbc7d-jzpzh_tracing_20230127_202225.loghas been generated.
root - WARNING - Finished pod stream.
root - WARNING - 

-----------------------------------------
