Reading file: automatingDataGeneration.sh
Reading file: Evaluation-ZNN.7z
Reading file: fidelitya-778c6c6b8b-qfnnr_tracing_20230128_005638.log

fidelitya data

2023-01-28 03:59:15 : t0:raiseFidelity

2023-01-28 03:59:20 : t0:raiseFidelity

2023-01-28 04:01:00 : t0:raiseFidelity

2023-01-28 04:01:05 : t0:raiseFidelity

2023-01-28 04:01:40 : t0:raiseFidelity

2023-01-28 04:01:45 : t0:raiseFidelity

2023-01-28 04:01:50 : t0:raiseFidelity

2023-01-28 04:02:20 : t0:raiseFidelity

2023-01-28 04:02:25 : t0:raiseFidelity

2023-01-28 04:02:30 : t0:raiseFidelity

2023-01-28 04:02:35 : t0:raiseFidelity

2023-01-28 04:02:40 : t0:raiseFidelity

2023-01-28 04:02:45 : t0:raiseFidelity

2023-01-28 04:02:50 : t0:raiseFidelity

2023-01-28 04:02:55 : t0:raiseFidelity

Reading file: generateLogs171220
Reading file: generateLogs172658
Reading file: generateLogs174232
Reading file: generateLogs175703
Reading file: generateLogs181216
Reading file: generateLogs182733
Reading file: generateLogs184131
Reading file: generateLogs185550
Reading file: generateLogs190935
Reading file: generateLogs193004
Reading file: generateLogs194516
Reading file: generateLogs2.sh
Reading file: generateLogs200355
Reading file: generateLogs202827
Reading file: generateLogs205357
Reading file: generateLogs211928
Reading file: generateLogs214056
Reading file: generateLogs221057
Reading file: generateLogs224228
Reading file: generateLogs230828
Reading file: generateLogs233838
Reading file: generateLogs235802
Reading file: k6-t6zxl_tracing_20230128_005638.log
Reading file: metacontroller-kubow-8479d7588d-5zbsl_tracing_20230128_005638.log

MetaController data

2023-01-28 03:57:29 : t0:activateLowScalabilityHighQuality

2023-01-28 03:57:39 : t0:addLowScalabilityLowQuality

2023-01-28 03:58:29 : t0:addHighScalabilityHighQuality

Reading file: README.md
Reading file: scalabilitya-78d6cbbc7d-zwwbt_tracing_20230128_005638.log

scalabilitya data

2023-01-28 03:58:58 : t0:removeReplica

2023-01-28 04:00:58 : t0:removeReplica

2023-01-28 04:01:03 : t0:removeReplica

2023-01-28 04:01:43 : t0:removeReplica

Reading file: summary-trace-znn.log
Reading file: temp
Reading file: temp2701
Reading file: test
Reading file: tools
Reading file: traceznn_20230128_005638.log

Trace znn data

{'name': 'kube-znn-db.173e59e23a423a14', 'type': 'Normal', 'message': 'Scaled up replica set kube-znn-db-6cc48797cf to 1', 'dateevent': '2023-01-28 03:02:19+00:00', 'image': 'cmendes/znn:800k', 'replicas': 1, 'imageChanges': 0, 'replicasChanges': 1}

{'name': 'kube-znn.173e59e2355bc7fc', 'type': 'Normal', 'message': 'Scaled up replica set kube-znn-68bd9d6b5b to 1', 'dateevent': '2023-01-28 03:02:19+00:00', 'image': 'cmendes/znn:800k', 'replicas': 1, 'imageChanges': 0, 'replicasChanges': 1}

{'name': 'kube-znn.173e5cdb0e9b68e4', 'type': 'Normal', 'message': 'Scaled up replica set kube-znn-68bd9d6b5b to 2', 'dateevent': '2023-01-28 03:56:47+00:00', 'image': 'cmendes/znn:800k', 'replicas': 2, 'imageChanges': 0, 'replicasChanges': 2}

{'name': 'kube-znn.173e5cdbf01f2ee4', 'type': 'Normal', 'message': 'Scaled up replica set kube-znn-68bd9d6b5b to 3', 'dateevent': '2023-01-28 03:56:51+00:00', 'image': 'cmendes/znn:800k', 'replicas': 3, 'imageChanges': 0, 'replicasChanges': 3}

{'name': 'kube-znn.173e5cdd1a416e1d', 'type': 'Normal', 'message': 'Scaled up replica set kube-znn-68bd9d6b5b to 4', 'dateevent': '2023-01-28 03:56:56+00:00', 'image': 'cmendes/znn:800k', 'replicas': 4, 'imageChanges': 0, 'replicasChanges': 4}

{'name': 'kube-znn.173e5cde4418fc47', 'type': 'Normal', 'message': 'Scaled up replica set kube-znn-68bd9d6b5b to 5', 'dateevent': '2023-01-28 03:57:01+00:00', 'image': 'cmendes/znn:800k', 'replicas': 5, 'imageChanges': 0, 'replicasChanges': 5}

{'name': 'kube-znn.173e5cdf686b2787', 'type': 'Normal', 'message': 'Scaled up replica set kube-znn-68bd9d6b5b to 6', 'dateevent': '2023-01-28 03:57:06+00:00', 'image': 'cmendes/znn:800k', 'replicas': 6, 'imageChanges': 0, 'replicasChanges': 6}

{'name': 'kube-znn.173e5ce094c18555', 'type': 'Normal', 'message': 'Scaled up replica set kube-znn-68bd9d6b5b to 7', 'dateevent': '2023-01-28 03:57:11+00:00', 'image': 'cmendes/znn:800k', 'replicas': 7, 'imageChanges': 0, 'replicasChanges': 7}

{'name': 'kube-znn.173e5ce1bb5ad70b', 'type': 'Normal', 'message': 'Scaled up replica set kube-znn-68bd9d6b5b to 8', 'dateevent': '2023-01-28 03:57:16+00:00', 'image': 'cmendes/znn:800k', 'replicas': 8, 'imageChanges': 0, 'replicasChanges': 8}

{'name': 'kube-znn.173e5ce2e7d137f5', 'type': 'Normal', 'message': 'Scaled up replica set kube-znn-68bd9d6b5b to 9', 'dateevent': '2023-01-28 03:57:21+00:00', 'image': 'cmendes/znn:800k', 'replicas': 9, 'imageChanges': 0, 'replicasChanges': 9}

{'name': 'kube-znn.173e5ce40f94a2fb', 'type': 'Normal', 'message': 'Scaled up replica set kube-znn-68bd9d6b5b to 10', 'dateevent': '2023-01-28 03:57:26+00:00', 'image': 'cmendes/znn:800k', 'replicas': 10, 'imageChanges': 0, 'replicasChanges': 10}

{'name': 'kube-znn.173e5ce5b8f40f3c', 'type': 'Normal', 'message': '(combined from similar events): Scaled up replica set kube-znn-7cbbf89f8 to 3', 'dateevent': '2023-01-28 03:57:33+00:00', 'image': 'cmendes/znn:600k', 'replicas': 10, 'imageChanges': 1, 'replicasChanges': 10}

{'name': 'kube-znn.173e5ce5b8f40f3c', 'type': 'Normal', 'message': '(combined from similar events): Scaled down replica set kube-znn-68bd9d6b5b to 8', 'dateevent': '2023-01-28 03:57:33+00:00', 'image': 'cmendes/znn:600k', 'replicas': 10, 'imageChanges': 1, 'replicasChanges': 10}

{'name': 'kube-znn.173e5ce5b8f40f3c', 'type': 'Normal', 'message': '(combined from similar events): Scaled up replica set kube-znn-7cbbf89f8 to 5', 'dateevent': '2023-01-28 03:57:33+00:00', 'image': 'cmendes/znn:600k', 'replicas': 10, 'imageChanges': 1, 'replicasChanges': 10}

{'name': 'kube-znn.173e5ce5b8f40f3c', 'type': 'Normal', 'message': '(combined from similar events): Scaled down replica set kube-znn-68bd9d6b5b to 3', 'dateevent': '2023-01-28 03:57:33+00:00', 'image': 'cmendes/znn:600k', 'replicas': 4, 'imageChanges': 1, 'replicasChanges': 11}

{'name': 'kube-znn.173e5ce5b8f40f3c', 'type': 'Normal', 'message': '(combined from similar events): Scaled down replica set kube-znn-7cbbf89f8 to 2', 'dateevent': '2023-01-28 03:57:33+00:00', 'image': 'cmendes/znn:600k', 'replicas': 4, 'imageChanges': 1, 'replicasChanges': 11}

{'name': 'kube-znn.173e5ce5b8f40f3c', 'type': 'Normal', 'message': '(combined from similar events): Scaled down replica set kube-znn-68bd9d6b5b to 2', 'dateevent': '2023-01-28 03:57:33+00:00', 'image': 'cmendes/znn:600k', 'replicas': 4, 'imageChanges': 1, 'replicasChanges': 11}

{'name': 'kube-znn.173e5cf7a0819dd9', 'type': 'Normal', 'message': 'Scaled up replica set kube-znn-7cbbf89f8 to 3', 'dateevent': '2023-01-28 03:58:50+00:00', 'image': 'cmendes/znn:600k', 'replicas': 4, 'imageChanges': 1, 'replicasChanges': 11}

{'name': 'kube-znn.173e5ce5b8f40f3c', 'type': 'Normal', 'message': '(combined from similar events): Scaled down replica set kube-znn-68bd9d6b5b to 1', 'dateevent': '2023-01-28 03:57:33+00:00', 'image': 'cmendes/znn:600k', 'replicas': 4, 'imageChanges': 1, 'replicasChanges': 11}

{'name': 'kube-znn.173e5ce5b8f40f3c', 'type': 'Normal', 'message': '(combined from similar events): Scaled up replica set kube-znn-7cbbf89f8 to 4', 'dateevent': '2023-01-28 03:57:33+00:00', 'image': 'cmendes/znn:600k', 'replicas': 4, 'imageChanges': 1, 'replicasChanges': 11}

{'name': 'kube-znn.173e5ce5b8f40f3c', 'type': 'Normal', 'message': '(combined from similar events): Scaled down replica set kube-znn-7cbbf89f8 to 2', 'dateevent': '2023-01-28 03:57:33+00:00', 'image': 'cmendes/znn:800k', 'replicas': 4, 'imageChanges': 2, 'replicasChanges': 11}

{'name': 'kube-znn.173e5cdbf01f2ee4', 'type': 'Normal', 'message': 'Scaled up replica set kube-znn-68bd9d6b5b to 3', 'dateevent': '2023-01-28 03:56:51+00:00', 'image': 'cmendes/znn:800k', 'replicas': 4, 'imageChanges': 2, 'replicasChanges': 11}

{'name': 'kube-znn.173e5ce5b8f40f3c', 'type': 'Normal', 'message': '(combined from similar events): Scaled down replica set kube-znn-7cbbf89f8 to 1', 'dateevent': '2023-01-28 03:57:33+00:00', 'image': 'cmendes/znn:800k', 'replicas': 4, 'imageChanges': 2, 'replicasChanges': 11}

{'name': 'kube-znn.173e5ce5b8f40f3c', 'type': 'Normal', 'message': '(combined from similar events): Scaled up replica set kube-znn-68bd9d6b5b to 4', 'dateevent': '2023-01-28 03:57:33+00:00', 'image': 'cmendes/znn:800k', 'replicas': 4, 'imageChanges': 2, 'replicasChanges': 11}

{'name': 'kube-znn.173e5ce5b8f40f3c', 'type': 'Normal', 'message': '(combined from similar events): Scaled down replica set kube-znn-7cbbf89f8 to 0', 'dateevent': '2023-01-28 03:57:33+00:00', 'image': 'cmendes/znn:800k', 'replicas': 4, 'imageChanges': 2, 'replicasChanges': 11}

{'name': 'kube-znn.173e5d1596d976aa', 'type': 'Normal', 'message': 'Scaled down replica set kube-znn-68bd9d6b5b to 3', 'dateevent': '2023-01-28 04:00:58+00:00', 'image': 'cmendes/znn:800k', 'replicas': 3, 'imageChanges': 2, 'replicasChanges': 12}

{'name': 'kube-znn.173e5d16c045c774', 'type': 'Normal', 'message': 'Scaled down replica set kube-znn-68bd9d6b5b to 2', 'dateevent': '2023-01-28 04:01:03+00:00', 'image': 'cmendes/znn:800k', 'replicas': 2, 'imageChanges': 2, 'replicasChanges': 13}

Reading file: VersionA-Monolithic
Reading file: VersionB-MicroControllers
Reading file: VersionC-WithFailureManagerMetaController
Reading file: VersionC-ZTemp
