root - WARNING - Starting our experiment execution
root - WARNING - 

-----------------------------------------
root - WARNING - General Log - 
root - WARNING - {'name': 'default-server-secret.173fbbbc7454c0dd', 'type': 'Normal', 'message': 'the special Secret default/default-server-secret was updated', 'dateevent': '2023-02-01 15:06:44+00:00'}
root - WARNING - 

-----------------------------------------
root - WARNING - 

-----------------------------------------
root - WARNING - General Log - 
root - WARNING - {'name': 'failuremanager-ccc6cc495-pvrr6.173fbbaef37a8f72', 'type': 'Normal', 'message': 'Successfully assigned default/failuremanager-ccc6cc495-pvrr6 to minikube', 'dateevent': '2023-02-01 15:05:46+00:00'}
root - WARNING - 

-----------------------------------------
root - WARNING - 

-----------------------------------------
root - WARNING - General Log - 
root - WARNING - {'name': 'failuremanager-ccc6cc495-pvrr6.173fbbaf1eab27ed', 'type': 'Normal', 'message': 'Pulling image "californibrs/failuremanager"', 'dateevent': '2023-02-01 15:05:47+00:00'}
root - WARNING - 

-----------------------------------------
root - WARNING - 

-----------------------------------------
root - WARNING - General Log - 
root - WARNING - {'name': 'failuremanager-ccc6cc495-pvrr6.173fbbc37ae7e007', 'type': 'Normal', 'message': 'Successfully pulled image "californibrs/failuremanager"', 'dateevent': '2023-02-01 15:07:14+00:00'}
root - WARNING - 

-----------------------------------------
root - WARNING - 

-----------------------------------------
root - WARNING - General Log - 
root - WARNING - {'name': 'failuremanager-ccc6cc495-pvrr6.173fbbc425fe86ce', 'type': 'Normal', 'message': 'Created container failuremanager', 'dateevent': '2023-02-01 15:07:17+00:00'}
root - WARNING - 

-----------------------------------------
root - WARNING - 

-----------------------------------------
root - WARNING - General Log - 
root - WARNING - {'name': 'failuremanager-ccc6cc495-pvrr6.173fbbc432d46544', 'type': 'Normal', 'message': 'Started container failuremanager', 'dateevent': '2023-02-01 15:07:17+00:00'}
root - WARNING - 

-----------------------------------------
root - WARNING - 

-----------------------------------------
root - WARNING - General Log - 
root - WARNING - {'name': 'failuremanager-ccc6cc495.173fbbaef33b6808', 'type': 'Normal', 'message': 'Created pod: failuremanager-ccc6cc495-pvrr6', 'dateevent': '2023-02-01 15:05:46+00:00'}
root - WARNING - 

-----------------------------------------
root - WARNING - 

-----------------------------------------
root - WARNING - General Log - 
root - WARNING - {'name': 'failuremanager-ingress.173fbbbc6befd993', 'type': 'Normal', 'message': 'Configuration for default/failuremanager-ingress was added or updated', 'dateevent': '2023-02-01 15:06:44+00:00'}
root - WARNING - 

-----------------------------------------
root - WARNING - 

-----------------------------------------
root - WARNING - General Log - 
root - WARNING - {'name': 'failuremanager-ingress.173fbbbc8d6159bd', 'type': 'Normal', 'message': 'Configuration for default/failuremanager-ingress was updated ', 'dateevent': '2023-02-01 15:06:44+00:00'}
root - WARNING - 

-----------------------------------------
root - WARNING - 

-----------------------------------------
root - WARNING - General Log - 
root - WARNING - {'name': 'failuremanager.173fbbaef2deb1ab', 'type': 'Normal', 'message': 'Scaled up replica set failuremanager-ccc6cc495 to 1', 'dateevent': '2023-02-01 15:05:46+00:00'}
root - WARNING - 

-----------------------------------------
root - WARNING - 

-----------------------------------------
root - WARNING - General Log - 
root - WARNING - {'name': 'failuremonitor-68dd6cfd46-mjs4z.173fbbaef67c0661', 'type': 'Normal', 'message': 'Successfully assigned default/failuremonitor-68dd6cfd46-mjs4z to minikube', 'dateevent': '2023-02-01 15:05:46+00:00'}
root - WARNING - 

-----------------------------------------
root - WARNING - 

-----------------------------------------
root - WARNING - General Log - 
root - WARNING - {'name': 'failuremonitor-68dd6cfd46-mjs4z.173fbbaf2e9b67f7', 'type': 'Normal', 'message': 'Pulling image "californibrs/failuremonitor"', 'dateevent': '2023-02-01 15:05:47+00:00'}
root - WARNING - 

-----------------------------------------
root - WARNING - 

-----------------------------------------
root - WARNING - General Log - 
root - WARNING - {'name': 'failuremonitor-68dd6cfd46-mjs4z.173fbbd07bacb3c1', 'type': 'Normal', 'message': 'Successfully pulled image "californibrs/failuremonitor"', 'dateevent': '2023-02-01 15:08:10+00:00'}
root - WARNING - 

-----------------------------------------
root - WARNING - 

-----------------------------------------
root - WARNING - General Log - 
root - WARNING - {'name': 'failuremonitor-68dd6cfd46-mjs4z.173fbbd3c7d3e720', 'type': 'Normal', 'message': 'Created container failuremonitor', 'dateevent': '2023-02-01 15:08:24+00:00'}
root - WARNING - 

-----------------------------------------
root - WARNING - 

-----------------------------------------
root - WARNING - General Log - 
root - WARNING - {'name': 'failuremonitor-68dd6cfd46-mjs4z.173fbbd3df8e9149', 'type': 'Normal', 'message': 'Started container failuremonitor', 'dateevent': '2023-02-01 15:08:25+00:00'}
root - WARNING - 

-----------------------------------------
root - WARNING - 

-----------------------------------------
root - WARNING - General Log - 
root - WARNING - {'name': 'failuremonitor-68dd6cfd46.173fbbaef5f9080a', 'type': 'Normal', 'message': 'Created pod: failuremonitor-68dd6cfd46-mjs4z', 'dateevent': '2023-02-01 15:05:46+00:00'}
root - WARNING - 

-----------------------------------------
root - WARNING - 

-----------------------------------------
root - WARNING - General Log - 
root - WARNING - {'name': 'failuremonitor.173fbbaef59c6854', 'type': 'Normal', 'message': 'Scaled up replica set failuremonitor-68dd6cfd46 to 1', 'dateevent': '2023-02-01 15:05:46+00:00'}
root - WARNING - 

-----------------------------------------
root - WARNING - 

-----------------------------------------
root - WARNING - General Log - 
root - WARNING - {'name': 'grafana-65787bb97f-2wptd.173fbbadeebafb41', 'type': 'Normal', 'message': 'Successfully assigned default/grafana-65787bb97f-2wptd to minikube', 'dateevent': '2023-02-01 15:05:42+00:00'}
root - WARNING - 

-----------------------------------------
root - WARNING - 

-----------------------------------------
root - WARNING - General Log - 
root - WARNING - {'name': 'grafana-65787bb97f-2wptd.173fbbae2bbcb1ba', 'type': 'Normal', 'message': 'Pulling image "grafana/grafana:6.4.2"', 'dateevent': '2023-02-01 15:05:43+00:00'}
root - WARNING - 

-----------------------------------------
root - WARNING - 

-----------------------------------------
root - WARNING - General Log - 
root - WARNING - {'name': 'grafana-65787bb97f-2wptd.173fbbb1d1de8b85', 'type': 'Normal', 'message': 'Successfully pulled image "grafana/grafana:6.4.2"', 'dateevent': '2023-02-01 15:05:58+00:00'}
root - WARNING - 

-----------------------------------------
root - WARNING - 

-----------------------------------------
root - WARNING - General Log - 
root - WARNING - {'name': 'grafana-65787bb97f-2wptd.173fbbb22049dd92', 'type': 'Normal', 'message': 'Created container grafana', 'dateevent': '2023-02-01 15:06:00+00:00'}
root - WARNING - 

-----------------------------------------
root - WARNING - 

-----------------------------------------
root - WARNING - General Log - 
root - WARNING - {'name': 'grafana-65787bb97f-2wptd.173fbbb22c7a2574', 'type': 'Normal', 'message': 'Started container grafana', 'dateevent': '2023-02-01 15:06:00+00:00'}
root - WARNING - 

-----------------------------------------
root - WARNING - 

-----------------------------------------
root - WARNING - General Log - 
root - WARNING - {'name': 'grafana-65787bb97f.173fbbadee20ab15', 'type': 'Normal', 'message': 'Created pod: grafana-65787bb97f-2wptd', 'dateevent': '2023-02-01 15:05:42+00:00'}
root - WARNING - 

-----------------------------------------
root - WARNING - 

-----------------------------------------
root - WARNING - General Log - 
root - WARNING - {'name': 'grafana.173fbbaded01e331', 'type': 'Normal', 'message': 'Scaled up replica set grafana-65787bb97f to 1', 'dateevent': '2023-02-01 15:05:42+00:00'}
root - WARNING - 

-----------------------------------------
root - WARNING - 

-----------------------------------------
root - WARNING - General Log - 
root - WARNING - {'name': 'ingress-kube-znn.173fbbbc63ab0c73', 'type': 'Normal', 'message': 'Configuration for default/ingress-kube-znn was added or updated', 'dateevent': '2023-02-01 15:06:44+00:00'}
root - WARNING - 

-----------------------------------------
root - WARNING - 

-----------------------------------------
root - WARNING - General Log - 
root - WARNING - {'name': 'ingress-kube-znn.173fbbbc8d614a81', 'type': 'Normal', 'message': 'Configuration for default/ingress-kube-znn was updated ', 'dateevent': '2023-02-01 15:06:44+00:00'}
root - WARNING - 

-----------------------------------------
root - WARNING - 

-----------------------------------------
root - WARNING - General Log - 
root - WARNING - {'name': 'k6-gzrnp.173fbbe51f39a09e', 'type': 'Normal', 'message': 'Successfully assigned default/k6-gzrnp to minikube', 'dateevent': '2023-02-01 15:09:39+00:00'}
root - WARNING - 

-----------------------------------------
root - WARNING - 

-----------------------------------------
root - WARNING - General Log - 
root - WARNING - {'name': 'k6-gzrnp.173fbbe553a76d89', 'type': 'Normal', 'message': 'Pulling image "loadimpact/k6"', 'dateevent': '2023-02-01 15:09:40+00:00'}
root - WARNING - 

-----------------------------------------
root - WARNING - 

-----------------------------------------
root - WARNING - General Log - 
root - WARNING - {'name': 'k6-gzrnp.173fbbe6460c9ede', 'type': 'Normal', 'message': 'Successfully pulled image "loadimpact/k6"', 'dateevent': '2023-02-01 15:09:44+00:00'}
root - WARNING - 

-----------------------------------------
root - WARNING - 

-----------------------------------------
root - WARNING - General Log - 
root - WARNING - {'name': 'k6-gzrnp.173fbbe65e5431e3', 'type': 'Normal', 'message': 'Created container k6', 'dateevent': '2023-02-01 15:09:44+00:00'}
root - WARNING - 

-----------------------------------------
root - WARNING - 

-----------------------------------------
root - WARNING - General Log - 
root - WARNING - {'name': 'k6-gzrnp.173fbbe66e63634b', 'type': 'Normal', 'message': 'Started container k6', 'dateevent': '2023-02-01 15:09:44+00:00'}
root - WARNING - 

-----------------------------------------
root - WARNING - 

-----------------------------------------
root - WARNING - General Log - 
root - WARNING - {'name': 'k6.173fbbe51eca58b4', 'type': 'Normal', 'message': 'Created pod: k6-gzrnp', 'dateevent': '2023-02-01 15:09:39+00:00'}
root - WARNING - 

-----------------------------------------
root - WARNING - 

-----------------------------------------
root - WARNING - General Log - 
root - WARNING - {'name': 'kube-state-metrics-d4dff4b7c-86cfh.173fbbadf0743f74', 'type': 'Normal', 'message': 'Successfully assigned default/kube-state-metrics-d4dff4b7c-86cfh to minikube', 'dateevent': '2023-02-01 15:05:42+00:00'}
root - WARNING - 

-----------------------------------------
root - WARNING - 

-----------------------------------------
root - WARNING - General Log - 
root - WARNING - {'name': 'kube-state-metrics-d4dff4b7c-86cfh.173fbbae4f0560fe', 'type': 'Normal', 'message': 'Pulling image "quay.io/coreos/kube-state-metrics:v1.9.5"', 'dateevent': '2023-02-01 15:05:43+00:00'}
root - WARNING - 

-----------------------------------------
root - WARNING - 

-----------------------------------------
root - WARNING - General Log - 
root - WARNING - {'name': 'kube-state-metrics-d4dff4b7c-86cfh.173fbbb2fd12409d', 'type': 'Normal', 'message': 'Successfully pulled image "quay.io/coreos/kube-state-metrics:v1.9.5"', 'dateevent': '2023-02-01 15:06:03+00:00'}
root - WARNING - 

-----------------------------------------
root - WARNING - 

-----------------------------------------
root - WARNING - General Log - 
root - WARNING - {'name': 'kube-state-metrics-d4dff4b7c-86cfh.173fbbb30f71840f', 'type': 'Normal', 'message': 'Created container kube-state-metrics', 'dateevent': '2023-02-01 15:06:04+00:00'}
root - WARNING - 

-----------------------------------------
root - WARNING - 

-----------------------------------------
root - WARNING - General Log - 
root - WARNING - {'name': 'kube-state-metrics-d4dff4b7c-86cfh.173fbbb31b4d514f', 'type': 'Normal', 'message': 'Started container kube-state-metrics', 'dateevent': '2023-02-01 15:06:04+00:00'}
root - WARNING - 

-----------------------------------------
root - WARNING - 

-----------------------------------------
root - WARNING - General Log - 
root - WARNING - {'name': 'kube-state-metrics-d4dff4b7c.173fbbadf02757d0', 'type': 'Normal', 'message': 'Created pod: kube-state-metrics-d4dff4b7c-86cfh', 'dateevent': '2023-02-01 15:05:42+00:00'}
root - WARNING - 

-----------------------------------------
root - WARNING - 

-----------------------------------------
root - WARNING - General Log - 
root - WARNING - {'name': 'kube-state-metrics.173fbbadeec63aad', 'type': 'Normal', 'message': 'Scaled up replica set kube-state-metrics-d4dff4b7c to 1', 'dateevent': '2023-02-01 15:05:42+00:00'}
root - WARNING - 

-----------------------------------------
root - WARNING - 

-----------------------------------------
root - WARNING - General Log - 
root - WARNING - {'name': 'kube-state-metrics.173fbbadf219e9c2', 'type': 'Warning', 'message': 'Failed to update endpoint default/kube-state-metrics: Operation cannot be fulfilled on endpoints "kube-state-metrics": the object has been modified; please apply your changes to the latest version and try again', 'dateevent': '2023-02-01 15:05:42+00:00'}
root - WARNING - 

-----------------------------------------
root - WARNING - 

-----------------------------------------
root - WARNING - General Log - 
root - WARNING - {'name': 'kube-znn-5fb97667db-mchnm.173fbbae5704439e', 'type': 'Normal', 'message': 'Successfully assigned default/kube-znn-5fb97667db-mchnm to minikube', 'dateevent': '2023-02-01 15:05:43+00:00'}
root - WARNING - 

-----------------------------------------
root - WARNING - 

-----------------------------------------
root - WARNING - General Log - 
root - WARNING - {'name': 'kube-znn-5fb97667db-mchnm.173fbbae9516f337', 'type': 'Normal', 'message': 'Pulling image "cmendes/znn:800k"', 'dateevent': '2023-02-01 15:05:44+00:00'}
root - WARNING - 

-----------------------------------------
root - WARNING - 

-----------------------------------------
root - WARNING - General Log - 
root - WARNING - {'name': 'kube-znn-5fb97667db-mchnm.173fbbb6dc031135', 'type': 'Normal', 'message': 'Successfully pulled image "cmendes/znn:800k"', 'dateevent': '2023-02-01 15:06:20+00:00'}
root - WARNING - 

-----------------------------------------
root - WARNING - 

-----------------------------------------
root - WARNING - General Log - 
root - WARNING - {'name': 'kube-znn-5fb97667db-mchnm.173fbbb6fc2609e7', 'type': 'Normal', 'message': 'Created container znn', 'dateevent': '2023-02-01 15:06:20+00:00'}
root - WARNING - 

-----------------------------------------
root - WARNING - 

-----------------------------------------
root - WARNING - General Log - 
root - WARNING - {'name': 'kube-znn-5fb97667db-mchnm.173fbbb7088bb57a', 'type': 'Normal', 'message': 'Started container znn', 'dateevent': '2023-02-01 15:06:21+00:00'}
root - WARNING - 

-----------------------------------------
root - WARNING - 

-----------------------------------------
root - WARNING - General Log - 
root - WARNING - {'name': 'kube-znn-5fb97667db-mchnm.173fbbb70f9a45cc', 'type': 'Normal', 'message': 'Pulling image "openresty/openresty:alpine-fat"', 'dateevent': '2023-02-01 15:06:21+00:00'}
root - WARNING - 

-----------------------------------------
root - WARNING - 

-----------------------------------------
root - WARNING - General Log - 
root - WARNING - {'name': 'kube-znn-5fb97667db-mchnm.173fbbddb2823949', 'type': 'Warning', 'message': 'Failed to pull image "openresty/openresty:alpine-fat": rpc error: code = Unknown desc = Error response from daemon: Head "https://registry-1.docker.io/v2/openresty/openresty/manifests/alpine-fat": Get "https://auth.docker.io/token?account=californibrs&scope=repository%3Aopenresty%2Fopenresty%3Apull&service=registry.docker.io": dial tcp: lookup auth.docker.io on 172.27.176.1:53: read udp 172.27.187.102:55382->172.27.176.1:53: i/o timeout', 'dateevent': '2023-02-01 15:09:07+00:00'}
root - WARNING - 

-----------------------------------------
root - WARNING - 

-----------------------------------------
root - WARNING - General Log - 
root - WARNING - {'name': 'kube-znn-5fb97667db-mchnm.173fbbddb282da39', 'type': 'Warning', 'message': 'Error: ErrImagePull', 'dateevent': '2023-02-01 15:09:07+00:00'}
root - WARNING - 

-----------------------------------------
root - WARNING - 

-----------------------------------------
root - WARNING - General Log - 
root - WARNING - {'name': 'kube-znn-5fb97667db-mchnm.173fbbdde849b22a', 'type': 'Normal', 'message': 'Back-off pulling image "openresty/openresty:alpine-fat"', 'dateevent': '2023-02-01 15:09:08+00:00'}
root - WARNING - 

-----------------------------------------
root - WARNING - 

-----------------------------------------
root - WARNING - General Log - 
root - WARNING - {'name': 'kube-znn-5fb97667db-mchnm.173fbbdde84a94b9', 'type': 'Warning', 'message': 'Error: ImagePullBackOff', 'dateevent': '2023-02-01 15:09:08+00:00'}
root - WARNING - 

-----------------------------------------
root - WARNING - 

-----------------------------------------
root - WARNING - General Log - 
root - WARNING - {'name': 'kube-znn-5fb97667db-mchnm.173fbbe48d505104', 'type': 'Normal', 'message': 'Successfully pulled image "openresty/openresty:alpine-fat"', 'dateevent': '2023-02-01 15:09:36+00:00'}
root - WARNING - 

-----------------------------------------
root - WARNING - 

-----------------------------------------
root - WARNING - General Log - 
root - WARNING - {'name': 'kube-znn-5fb97667db-mchnm.173fbbe4a99975dd', 'type': 'Normal', 'message': 'Created container nginx', 'dateevent': '2023-02-01 15:09:37+00:00'}
root - WARNING - 

-----------------------------------------
root - WARNING - 

-----------------------------------------
root - WARNING - General Log - 
root - WARNING - {'name': 'kube-znn-5fb97667db-mchnm.173fbbe4b75a55c4', 'type': 'Normal', 'message': 'Started container nginx', 'dateevent': '2023-02-01 15:09:37+00:00'}
root - WARNING - 

-----------------------------------------
root - WARNING - 

-----------------------------------------
root - WARNING - General Log - 
root - WARNING - {'name': 'kube-znn-5fb97667db.173fbbae55c67ac1', 'type': 'Normal', 'message': 'Created pod: kube-znn-5fb97667db-mchnm', 'dateevent': '2023-02-01 15:05:43+00:00'}
root - WARNING - 

-----------------------------------------
root - WARNING - 

-----------------------------------------
root - WARNING - General Log - 
root - WARNING - {'name': 'kube-znn-db-6dd8968475-kxhmf.173fbbae594a328a', 'type': 'Normal', 'message': 'Successfully assigned default/kube-znn-db-6dd8968475-kxhmf to minikube', 'dateevent': '2023-02-01 15:05:43+00:00'}
root - WARNING - 

-----------------------------------------
root - WARNING - 

-----------------------------------------
root - WARNING - General Log - 
root - WARNING - {'name': 'kube-znn-db-6dd8968475-kxhmf.173fbbaea952d81f', 'type': 'Normal', 'message': 'Pulling image "mysql:5.6"', 'dateevent': '2023-02-01 15:05:45+00:00'}
root - WARNING - 

-----------------------------------------
root - WARNING - 

-----------------------------------------
root - WARNING - General Log - 
root - WARNING - {'name': 'kube-znn-db-6dd8968475-kxhmf.173fbbb9c30437d0', 'type': 'Normal', 'message': 'Successfully pulled image "mysql:5.6"', 'dateevent': '2023-02-01 15:06:32+00:00'}
root - WARNING - 

-----------------------------------------
root - WARNING - 

-----------------------------------------
root - WARNING - General Log - 
root - WARNING - {'name': 'kube-znn-db-6dd8968475-kxhmf.173fbbba59e001fc', 'type': 'Normal', 'message': 'Created container mysql', 'dateevent': '2023-02-01 15:06:35+00:00'}
root - WARNING - 

-----------------------------------------
root - WARNING - 

-----------------------------------------
root - WARNING - General Log - 
root - WARNING - {'name': 'kube-znn-db-6dd8968475-kxhmf.173fbbba6593e72e', 'type': 'Normal', 'message': 'Started container mysql', 'dateevent': '2023-02-01 15:06:35+00:00'}
root - WARNING - 

-----------------------------------------
root - WARNING - 

-----------------------------------------
root - WARNING - General Log - 
root - WARNING - {'name': 'kube-znn-db-6dd8968475-kxhmf.173fbbbcb1ec9f85', 'type': 'Warning', 'message': 'Liveness probe failed: dial tcp 172.17.0.8:3306: connect: connection refused', 'dateevent': '2023-02-01 15:06:45+00:00'}
root - WARNING - 

-----------------------------------------
root - WARNING - 

-----------------------------------------
root - WARNING - General Log - 
root - WARNING - {'name': 'kube-znn-db-6dd8968475.173fbbae58f1ac82', 'type': 'Normal', 'message': 'Created pod: kube-znn-db-6dd8968475-kxhmf', 'dateevent': '2023-02-01 15:05:43+00:00'}
root - WARNING - 

-----------------------------------------
root - WARNING - 

-----------------------------------------
root - WARNING - General Log - 
root - WARNING - {'name': 'kube-znn-db.173fbbae57ef38e9', 'type': 'Normal', 'message': 'Scaled up replica set kube-znn-db-6dd8968475 to 1', 'dateevent': '2023-02-01 15:05:43+00:00'}
root - WARNING - 

-----------------------------------------
root - WARNING - 

-----------------------------------------
root - WARNING - 

Captured event for znn: 
root - WARNING - {'name': 'kube-znn-db.173fbbae57ef38e9', 'type': 'Normal', 'message': 'Scaled up replica set kube-znn-db-6dd8968475 to 1', 'dateevent': '2023-02-01 15:05:43+00:00', 'image': 'cmendes/znn:800k', 'replicas': 1, 'imageChanges': 0, 'replicasChanges': 1}
root - WARNING - 

-----------------------------------------
root - WARNING - 

-----------------------------------------
root - WARNING - General Log - 
root - WARNING - {'name': 'kube-znn.173fbbae55717841', 'type': 'Normal', 'message': 'Scaled up replica set kube-znn-5fb97667db to 1', 'dateevent': '2023-02-01 15:05:43+00:00'}
root - WARNING - 

-----------------------------------------
root - WARNING - 

-----------------------------------------
root - WARNING - 

Captured event for znn: 
root - WARNING - {'name': 'kube-znn.173fbbae55717841', 'type': 'Normal', 'message': 'Scaled up replica set kube-znn-5fb97667db to 1', 'dateevent': '2023-02-01 15:05:43+00:00', 'image': 'cmendes/znn:800k', 'replicas': 1, 'imageChanges': 0, 'replicasChanges': 1}
root - WARNING - 

-----------------------------------------
root - WARNING - 

-----------------------------------------
root - WARNING - General Log - 
root - WARNING - {'name': 'kubow-548bb5f4b4-htht6.173fbbaedd4f3a1a', 'type': 'Normal', 'message': 'Successfully assigned default/kubow-548bb5f4b4-htht6 to minikube', 'dateevent': '2023-02-01 15:05:46+00:00'}
root - WARNING - 

-----------------------------------------
root - WARNING - 

-----------------------------------------
root - WARNING - General Log - 
root - WARNING - {'name': 'kubow-548bb5f4b4-htht6.173fbbaf3c1247a4', 'type': 'Normal', 'message': 'Pulling image "cmendes/kubow:yellow-2"', 'dateevent': '2023-02-01 15:05:47+00:00'}
root - WARNING - 

-----------------------------------------
root - WARNING - 

-----------------------------------------
root - WARNING - General Log - 
root - WARNING - {'name': 'kubow-548bb5f4b4-htht6.173fbbda65262ce3', 'type': 'Normal', 'message': 'Successfully pulled image "cmendes/kubow:yellow-2"', 'dateevent': '2023-02-01 15:08:53+00:00'}
root - WARNING - 

-----------------------------------------
root - WARNING - 

-----------------------------------------
root - WARNING - General Log - 
root - WARNING - {'name': 'kubow-548bb5f4b4-htht6.173fbbdadef99e05', 'type': 'Normal', 'message': 'Created container kubow', 'dateevent': '2023-02-01 15:08:55+00:00'}
root - WARNING - 

-----------------------------------------
root - WARNING - 

-----------------------------------------
root - WARNING - General Log - 
root - WARNING - {'name': 'kubow-548bb5f4b4-htht6.173fbbdaee3053b1', 'type': 'Normal', 'message': 'Started container kubow', 'dateevent': '2023-02-01 15:08:55+00:00'}
root - WARNING - 

-----------------------------------------
root - WARNING - 

-----------------------------------------
root - WARNING - General Log - 
root - WARNING - {'name': 'kubow-548bb5f4b4.173fbbaedcf42d7c', 'type': 'Normal', 'message': 'Created pod: kubow-548bb5f4b4-htht6', 'dateevent': '2023-02-01 15:05:46+00:00'}
root - WARNING - 

-----------------------------------------
root - WARNING - 

-----------------------------------------
root - WARNING - General Log - 
root - WARNING - {'name': 'kubow.173fbbaedc8b12b9', 'type': 'Normal', 'message': 'Scaled up replica set kubow-548bb5f4b4 to 1', 'dateevent': '2023-02-01 15:05:46+00:00'}
root - WARNING - 

-----------------------------------------
root - WARNING - 

-----------------------------------------
root - WARNING - General Log - 
root - WARNING - {'name': 'minikube.173fbba70c04c28a', 'type': 'Normal', 'message': 'Node minikube status is now: NodeHasSufficientMemory', 'dateevent': '2023-02-01 15:05:23+00:00'}
root - WARNING - 

-----------------------------------------
root - WARNING - 

-----------------------------------------
root - WARNING - General Log - 
root - WARNING - {'name': 'minikube.173fbba70c04f99e', 'type': 'Normal', 'message': 'Node minikube status is now: NodeHasNoDiskPressure', 'dateevent': '2023-02-01 15:05:23+00:00'}
root - WARNING - 

-----------------------------------------
root - WARNING - 

-----------------------------------------
root - WARNING - General Log - 
root - WARNING - {'name': 'minikube.173fbba70c050b32', 'type': 'Normal', 'message': 'Node minikube status is now: NodeHasSufficientPID', 'dateevent': '2023-02-01 15:05:23+00:00'}
root - WARNING - 

-----------------------------------------
root - WARNING - 

-----------------------------------------
root - WARNING - General Log - 
root - WARNING - {'name': 'minikube.173fbba70dd304ee', 'type': 'Normal', 'message': 'Updated Node Allocatable limit across pods', 'dateevent': '2023-02-01 15:05:23+00:00'}
root - WARNING - 

-----------------------------------------
root - WARNING - 

-----------------------------------------
root - WARNING - General Log - 
root - WARNING - {'name': 'minikube.173fbbad32594ae1', 'type': 'Normal', 'message': 'Node minikube event: Registered Node minikube in Controller', 'dateevent': '2023-02-01 15:05:38+00:00'}
root - WARNING - 

-----------------------------------------
root - WARNING - 

-----------------------------------------
root - WARNING - General Log - 
root - WARNING - {'name': 'minikube.173fbbad753ae412', 'type': 'Normal', 'message': 'Starting kube-proxy.', 'dateevent': '2023-02-01 15:05:40+00:00'}
root - WARNING - 

-----------------------------------------
root - WARNING - 

-----------------------------------------
root - WARNING - General Log - 
root - WARNING - {'name': 'nginx-config.173fbbbc8d60db92', 'type': 'Normal', 'message': 'Configuration from default/nginx-config was updated ', 'dateevent': '2023-02-01 15:06:44+00:00'}
root - WARNING - 

-----------------------------------------
root - WARNING - 

-----------------------------------------
root - WARNING - General Log - 
root - WARNING - {'name': 'nginx-ingress-8558d96667-x786h.173fbbae778a8424', 'type': 'Normal', 'message': 'Successfully assigned default/nginx-ingress-8558d96667-x786h to minikube', 'dateevent': '2023-02-01 15:05:44+00:00'}
root - WARNING - 

-----------------------------------------
root - WARNING - 

-----------------------------------------
root - WARNING - General Log - 
root - WARNING - {'name': 'nginx-ingress-8558d96667-x786h.173fbbaeb3e84e75', 'type': 'Normal', 'message': 'Pulling image "nginx/nginx-ingress:1.7.0"', 'dateevent': '2023-02-01 15:05:45+00:00'}
root - WARNING - 

-----------------------------------------
root - WARNING - 

-----------------------------------------
root - WARNING - General Log - 
root - WARNING - {'name': 'nginx-ingress-8558d96667-x786h.173fbbbc0d1dd97b', 'type': 'Normal', 'message': 'Successfully pulled image "nginx/nginx-ingress:1.7.0"', 'dateevent': '2023-02-01 15:06:42+00:00'}
root - WARNING - 

-----------------------------------------
root - WARNING - 

-----------------------------------------
root - WARNING - General Log - 
root - WARNING - {'name': 'nginx-ingress-8558d96667-x786h.173fbbbc49dd34cf', 'type': 'Normal', 'message': 'Created container nginx-ingress', 'dateevent': '2023-02-01 15:06:43+00:00'}
root - WARNING - 

-----------------------------------------
root - WARNING - 

-----------------------------------------
root - WARNING - General Log - 
root - WARNING - {'name': 'nginx-ingress-8558d96667-x786h.173fbbbc55eca4c8', 'type': 'Normal', 'message': 'Started container nginx-ingress', 'dateevent': '2023-02-01 15:06:43+00:00'}
root - WARNING - 

-----------------------------------------
root - WARNING - 

-----------------------------------------
root - WARNING - General Log - 
root - WARNING - {'name': 'nginx-ingress-8558d96667.173fbbae726a87cb', 'type': 'Warning', 'message': 'Error creating: pods "nginx-ingress-8558d96667-" is forbidden: error looking up service account default/nginx-ingress: serviceaccount "nginx-ingress" not found', 'dateevent': '2023-02-01 15:05:44+00:00'}
root - WARNING - 

-----------------------------------------
root - WARNING - 

-----------------------------------------
root - WARNING - General Log - 
root - WARNING - {'name': 'nginx-ingress-8558d96667.173fbbae77163b41', 'type': 'Normal', 'message': 'Created pod: nginx-ingress-8558d96667-x786h', 'dateevent': '2023-02-01 15:05:44+00:00'}
root - WARNING - 

-----------------------------------------
root - WARNING - 

-----------------------------------------
root - WARNING - General Log - 
root - WARNING - {'name': 'nginx-ingress.173fbbae7242a3cb', 'type': 'Normal', 'message': 'Scaled up replica set nginx-ingress-8558d96667 to 1', 'dateevent': '2023-02-01 15:05:44+00:00'}
root - WARNING - 

-----------------------------------------
root - WARNING - 

-----------------------------------------
root - WARNING - General Log - 
root - WARNING - {'name': 'prometheus-ffc965799-fnwss.173fbbadf22f5e38', 'type': 'Normal', 'message': 'Successfully assigned default/prometheus-ffc965799-fnwss to minikube', 'dateevent': '2023-02-01 15:05:42+00:00'}
root - WARNING - 

-----------------------------------------
root - WARNING - 

-----------------------------------------
root - WARNING - General Log - 
root - WARNING - {'name': 'prometheus-ffc965799-fnwss.173fbbae37a88018', 'type': 'Warning', 'message': 'MountVolume.SetUp failed for volume "prometheus-config" : failed to sync configmap cache: timed out waiting for the condition', 'dateevent': '2023-02-01 15:05:43+00:00'}
root - WARNING - 

-----------------------------------------
root - WARNING - 

-----------------------------------------
root - WARNING - General Log - 
root - WARNING - {'name': 'prometheus-ffc965799-fnwss.173fbbae37aa8410', 'type': 'Warning', 'message': 'MountVolume.SetUp failed for volume "prometheus-token-w8r87" : failed to sync secret cache: timed out waiting for the condition', 'dateevent': '2023-02-01 15:05:43+00:00'}
root - WARNING - 

-----------------------------------------
root - WARNING - 

-----------------------------------------
root - WARNING - General Log - 
root - WARNING - {'name': 'prometheus-ffc965799-fnwss.173fbbae776db820', 'type': 'Normal', 'message': 'Pulling image "prom/prometheus:v2.16.0"', 'dateevent': '2023-02-01 15:05:44+00:00'}
root - WARNING - 

-----------------------------------------
root - WARNING - 

-----------------------------------------
root - WARNING - General Log - 
root - WARNING - {'name': 'prometheus-ffc965799-fnwss.173fbbb4e6ae6c5d', 'type': 'Normal', 'message': 'Successfully pulled image "prom/prometheus:v2.16.0"', 'dateevent': '2023-02-01 15:06:12+00:00'}
root - WARNING - 

-----------------------------------------
root - WARNING - 

-----------------------------------------
root - WARNING - General Log - 
root - WARNING - {'name': 'prometheus-ffc965799-fnwss.173fbbb4ee0659e6', 'type': 'Normal', 'message': 'Created container prometheus', 'dateevent': '2023-02-01 15:06:12+00:00'}
root - WARNING - 

-----------------------------------------
root - WARNING - 

-----------------------------------------
root - WARNING - General Log - 
root - WARNING - {'name': 'prometheus-ffc965799-fnwss.173fbbb4f9dc4854', 'type': 'Normal', 'message': 'Started container prometheus', 'dateevent': '2023-02-01 15:06:12+00:00'}
root - WARNING - 

-----------------------------------------
root - WARNING - 

-----------------------------------------
root - WARNING - General Log - 
root - WARNING - {'name': 'prometheus-ffc965799.173fbbadf1693e49', 'type': 'Normal', 'message': 'Created pod: prometheus-ffc965799-fnwss', 'dateevent': '2023-02-01 15:05:42+00:00'}
root - WARNING - 

-----------------------------------------
root - WARNING - 

-----------------------------------------
root - WARNING - General Log - 
root - WARNING - {'name': 'prometheus.173fbbadf0c8fa6c', 'type': 'Normal', 'message': 'Scaled up replica set prometheus-ffc965799 to 1', 'dateevent': '2023-02-01 15:05:42+00:00'}
root - WARNING - 

-----------------------------------------
root - WARNING - 

-----------------------------------------
root - WARNING - General Log - 
root - WARNING - {'name': 'coredns-5644d7b6d9-z8mzt.173fbbad538eeffd', 'type': 'Normal', 'message': 'Successfully assigned kube-system/coredns-5644d7b6d9-z8mzt to minikube', 'dateevent': '2023-02-01 15:05:39+00:00'}
root - WARNING - 

-----------------------------------------
root - WARNING - 

-----------------------------------------
root - WARNING - General Log - 
root - WARNING - {'name': 'coredns-5644d7b6d9-z8mzt.173fbbad869d1a66', 'type': 'Normal', 'message': 'Container image "k8s.gcr.io/coredns:1.6.2" already present on machine', 'dateevent': '2023-02-01 15:05:40+00:00'}
root - WARNING - 

-----------------------------------------
root - WARNING - 

-----------------------------------------
root - WARNING - General Log - 
root - WARNING - {'name': 'coredns-5644d7b6d9-z8mzt.173fbbad8b348763', 'type': 'Normal', 'message': 'Created container coredns', 'dateevent': '2023-02-01 15:05:40+00:00'}
root - WARNING - 

-----------------------------------------
root - WARNING - 

-----------------------------------------
root - WARNING - General Log - 
root - WARNING - {'name': 'coredns-5644d7b6d9-z8mzt.173fbbad96a3307f', 'type': 'Normal', 'message': 'Started container coredns', 'dateevent': '2023-02-01 15:05:40+00:00'}
root - WARNING - 

-----------------------------------------
root - WARNING - 

-----------------------------------------
root - WARNING - General Log - 
root - WARNING - {'name': 'coredns-5644d7b6d9.173fbbad52eab427', 'type': 'Normal', 'message': 'Created pod: coredns-5644d7b6d9-z8mzt', 'dateevent': '2023-02-01 15:05:39+00:00'}
root - WARNING - 

-----------------------------------------
root - WARNING - 

-----------------------------------------
root - WARNING - General Log - 
root - WARNING - {'name': 'coredns.173fbbad4f5cb6ff', 'type': 'Normal', 'message': 'Scaled up replica set coredns-5644d7b6d9 to 1', 'dateevent': '2023-02-01 15:05:39+00:00'}
root - WARNING - 

-----------------------------------------
root - WARNING - 

-----------------------------------------
root - WARNING - General Log - 
root - WARNING - {'name': 'etcd-minikube.173fbba8586cdd8e', 'type': 'Normal', 'message': 'Container image "k8s.gcr.io/etcd:3.3.15-0" already present on machine', 'dateevent': '2023-02-01 15:05:26+00:00'}
root - WARNING - 

-----------------------------------------
root - WARNING - 

-----------------------------------------
root - WARNING - General Log - 
root - WARNING - {'name': 'etcd-minikube.173fbba85c233535', 'type': 'Normal', 'message': 'Created container etcd', 'dateevent': '2023-02-01 15:05:27+00:00'}
root - WARNING - 

-----------------------------------------
root - WARNING - 

-----------------------------------------
root - WARNING - General Log - 
root - WARNING - {'name': 'etcd-minikube.173fbba867eb0f1e', 'type': 'Normal', 'message': 'Started container etcd', 'dateevent': '2023-02-01 15:05:28+00:00'}
root - WARNING - 

-----------------------------------------
root - WARNING - 

-----------------------------------------
root - WARNING - General Log - 
root - WARNING - {'name': 'k8s.io-minikube-hostpath.173fbbb4cd3c20a2', 'type': 'Normal', 'message': 'minikube_8dd76c74-bf99-4592-9aa6-5cc4cb90597a became leader', 'dateevent': '2023-02-01 15:06:11+00:00'}
root - WARNING - 

-----------------------------------------
root - WARNING - 

-----------------------------------------
root - WARNING - General Log - 
root - WARNING - {'name': 'kube-apiserver-minikube.173fbba8585a9065', 'type': 'Normal', 'message': 'Container image "k8s.gcr.io/kube-apiserver:v1.16.10" already present on machine', 'dateevent': '2023-02-01 15:05:26+00:00'}
root - WARNING - 

-----------------------------------------
root - WARNING - 

-----------------------------------------
root - WARNING - General Log - 
root - WARNING - {'name': 'kube-apiserver-minikube.173fbba85c231019', 'type': 'Normal', 'message': 'Created container kube-apiserver', 'dateevent': '2023-02-01 15:05:27+00:00'}
root - WARNING - 

-----------------------------------------
root - WARNING - 

-----------------------------------------
root - WARNING - General Log - 
root - WARNING - {'name': 'kube-apiserver-minikube.173fbba86901f1b2', 'type': 'Normal', 'message': 'Started container kube-apiserver', 'dateevent': '2023-02-01 15:05:28+00:00'}
root - WARNING - 

-----------------------------------------
root - WARNING - 

-----------------------------------------
root - WARNING - General Log - 
root - WARNING - {'name': 'kube-apiserver-minikube.173fbbceb133a8f5', 'type': 'Warning', 'message': 'Liveness probe failed: HTTP probe failed with statuscode: 500', 'dateevent': '2023-02-01 15:08:02+00:00'}
root - WARNING - 

-----------------------------------------
root - WARNING - 

-----------------------------------------
root - WARNING - General Log - 
root - WARNING - {'name': 'kube-controller-manager-minikube.173fbba85884e06f', 'type': 'Normal', 'message': 'Container image "k8s.gcr.io/kube-controller-manager:v1.16.10" already present on machine', 'dateevent': '2023-02-01 15:05:27+00:00'}
root - WARNING - 

-----------------------------------------
root - WARNING - 

-----------------------------------------
root - WARNING - General Log - 
root - WARNING - {'name': 'kube-controller-manager-minikube.173fbba85d1afdab', 'type': 'Normal', 'message': 'Created container kube-controller-manager', 'dateevent': '2023-02-01 15:05:27+00:00'}
root - WARNING - 

-----------------------------------------
root - WARNING - 

-----------------------------------------
root - WARNING - General Log - 
root - WARNING - {'name': 'kube-controller-manager-minikube.173fbba86aae2164', 'type': 'Normal', 'message': 'Started container kube-controller-manager', 'dateevent': '2023-02-01 15:05:28+00:00'}
root - WARNING - 

-----------------------------------------
root - WARNING - 

-----------------------------------------
root - WARNING - General Log - 
root - WARNING - {'name': 'kube-proxy-wqhwt.173fbbad35e88ae9', 'type': 'Normal', 'message': 'Successfully assigned kube-system/kube-proxy-wqhwt to minikube', 'dateevent': '2023-02-01 15:05:39+00:00'}
root - WARNING - 

-----------------------------------------
root - WARNING - 

-----------------------------------------
root - WARNING - General Log - 
root - WARNING - {'name': 'kube-proxy-wqhwt.173fbbad5d9e627a', 'type': 'Normal', 'message': 'Container image "k8s.gcr.io/kube-proxy:v1.16.10" already present on machine', 'dateevent': '2023-02-01 15:05:39+00:00'}
root - WARNING - 

-----------------------------------------
root - WARNING - 

-----------------------------------------
root - WARNING - General Log - 
root - WARNING - {'name': 'kube-proxy-wqhwt.173fbbad61f14d56', 'type': 'Normal', 'message': 'Created container kube-proxy', 'dateevent': '2023-02-01 15:05:39+00:00'}
root - WARNING - 

-----------------------------------------
root - WARNING - 

-----------------------------------------
root - WARNING - General Log - 
root - WARNING - {'name': 'kube-proxy-wqhwt.173fbbad6d32b97c', 'type': 'Normal', 'message': 'Started container kube-proxy', 'dateevent': '2023-02-01 15:05:39+00:00'}
root - WARNING - 

-----------------------------------------
root - WARNING - 

-----------------------------------------
root - WARNING - General Log - 
root - WARNING - {'name': 'kube-proxy.173fbbad3595b024', 'type': 'Normal', 'message': 'Created pod: kube-proxy-wqhwt', 'dateevent': '2023-02-01 15:05:39+00:00'}
root - WARNING - 

-----------------------------------------
root - WARNING - 

-----------------------------------------
root - WARNING - General Log - 
root - WARNING - {'name': 'kube-scheduler-minikube.173fbba8566f21ad', 'type': 'Normal', 'message': 'Container image "k8s.gcr.io/kube-scheduler:v1.16.10" already present on machine', 'dateevent': '2023-02-01 15:05:26+00:00'}
root - WARNING - 

-----------------------------------------
root - WARNING - 

-----------------------------------------
root - WARNING - General Log - 
root - WARNING - {'name': 'kube-scheduler-minikube.173fbba85b86349b', 'type': 'Normal', 'message': 'Created container kube-scheduler', 'dateevent': '2023-02-01 15:05:27+00:00'}
root - WARNING - 

-----------------------------------------
root - WARNING - 

-----------------------------------------
root - WARNING - General Log - 
root - WARNING - {'name': 'kube-scheduler-minikube.173fbba8669f6ef9', 'type': 'Normal', 'message': 'Started container kube-scheduler', 'dateevent': '2023-02-01 15:05:28+00:00'}
root - WARNING - 

-----------------------------------------
root - WARNING - 

-----------------------------------------
root - WARNING - General Log - 
root - WARNING - {'name': 'metrics-server-5cf6f65ffd-lp92h.173fbbadecf8b694', 'type': 'Normal', 'message': 'Successfully assigned kube-system/metrics-server-5cf6f65ffd-lp92h to minikube', 'dateevent': '2023-02-01 15:05:42+00:00'}
root - WARNING - 

-----------------------------------------
root - WARNING - 

-----------------------------------------
root - WARNING - General Log - 
root - WARNING - {'name': 'metrics-server-5cf6f65ffd-lp92h.173fbbae1d6234c8', 'type': 'Normal', 'message': 'Pulling image "k8s.gcr.io/metrics-server-amd64:v0.3.6"', 'dateevent': '2023-02-01 15:05:42+00:00'}
root - WARNING - 

-----------------------------------------
root - WARNING - 

-----------------------------------------
root - WARNING - General Log - 
root - WARNING - {'name': 'metrics-server-5cf6f65ffd-lp92h.173fbbaf7d95fb32', 'type': 'Normal', 'message': 'Successfully pulled image "k8s.gcr.io/metrics-server-amd64:v0.3.6"', 'dateevent': '2023-02-01 15:05:48+00:00'}
root - WARNING - 

-----------------------------------------
root - WARNING - 

-----------------------------------------
root - WARNING - General Log - 
root - WARNING - {'name': 'metrics-server-5cf6f65ffd-lp92h.173fbbaf934eac9f', 'type': 'Normal', 'message': 'Created container metrics-server', 'dateevent': '2023-02-01 15:05:49+00:00'}
root - WARNING - 

-----------------------------------------
root - WARNING - 

-----------------------------------------
root - WARNING - General Log - 
root - WARNING - {'name': 'metrics-server-5cf6f65ffd-lp92h.173fbbaf9e847c47', 'type': 'Normal', 'message': 'Started container metrics-server', 'dateevent': '2023-02-01 15:05:49+00:00'}
root - WARNING - 

-----------------------------------------
root - WARNING - 

-----------------------------------------
root - WARNING - General Log - 
root - WARNING - {'name': 'metrics-server-5cf6f65ffd.173fbbadec3ffebf', 'type': 'Normal', 'message': 'Created pod: metrics-server-5cf6f65ffd-lp92h', 'dateevent': '2023-02-01 15:05:42+00:00'}
root - WARNING - 

-----------------------------------------
root - WARNING - 

-----------------------------------------
root - WARNING - General Log - 
root - WARNING - {'name': 'metrics-server.173fbbadebad3b36', 'type': 'Normal', 'message': 'Scaled up replica set metrics-server-5cf6f65ffd to 1', 'dateevent': '2023-02-01 15:05:42+00:00'}
root - WARNING - 

-----------------------------------------
root - WARNING - 

-----------------------------------------
root - WARNING - General Log - 
root - WARNING - {'name': 'storage-provisioner.173fbbaab47b7819', 'type': 'Warning', 'message': "0/1 nodes are available: 1 node(s) had taints that the pod didn't tolerate.", 'dateevent': '2023-02-01 15:05:28+00:00'}
root - WARNING - 

-----------------------------------------
root - WARNING - 

-----------------------------------------
root - WARNING - General Log - 
root - WARNING - {'name': 'storage-provisioner.173fbbad3346bd34', 'type': 'Normal', 'message': 'Successfully assigned kube-system/storage-provisioner to minikube', 'dateevent': '2023-02-01 15:05:38+00:00'}
root - WARNING - 

-----------------------------------------
root - WARNING - 

-----------------------------------------
root - WARNING - General Log - 
root - WARNING - {'name': 'storage-provisioner.173fbbad59dbe5a7', 'type': 'Normal', 'message': 'Container image "gcr.io/k8s-minikube/storage-provisioner:v5" already present on machine', 'dateevent': '2023-02-01 15:05:39+00:00'}
root - WARNING - 

-----------------------------------------
root - WARNING - 

-----------------------------------------
root - WARNING - General Log - 
root - WARNING - {'name': 'storage-provisioner.173fbbad5dd378ea', 'type': 'Normal', 'message': 'Created container storage-provisioner', 'dateevent': '2023-02-01 15:05:39+00:00'}
root - WARNING - 

-----------------------------------------
root - WARNING - 

-----------------------------------------
root - WARNING - General Log - 
root - WARNING - {'name': 'storage-provisioner.173fbbad6885127b', 'type': 'Normal', 'message': 'Started container storage-provisioner', 'dateevent': '2023-02-01 15:05:39+00:00'}
root - WARNING - 

-----------------------------------------
root - WARNING - 

-----------------------------------------
root - WARNING - An exception occurred
root - WARNING - Error: <class 'urllib3.exceptions.ReadTimeoutError'>
root - WARNING - 

-----------------------------------------
root - WARNING - 

Data collection
root - WARNING - Datetime:
root - WARNING - 20230201_121547
root - WARNING - {'name': 'Kube-znn', 'period': 0, 'initialreplicas': 1, 'initialimage': 'cmendes/znn:800k', 'initialreplicasChanges': '0', 'initialimageChanges': '0', 'initialevent': '20230201_120947', 'current_replicas': 1, 'current_image': 'cmendes/znn:800k', 'finalreplicasChanges': 1, 'finalimageChanges': 0, 'finalevent': '20230201_121547'}
root - WARNING - 

-----------------------------------------
root - WARNING - 

-----------------------------------------
root - WARNING - Generating logs for Kubow and K6.
root - WARNING - File k6-gzrnp_tracing_20230201_120947.loghas been generated.
root - WARNING - File kubow-548bb5f4b4-htht6_tracing_20230201_120947.loghas been generated.
root - WARNING - Finished pod stream.
root - WARNING - 

-----------------------------------------
