root - WARNING - Starting our experiment execution
root - WARNING - 

-----------------------------------------
root - WARNING - General Log - 
root - WARNING - {'name': 'failuremanager-ccc6cc495-p2tzc.173fb3c0d2ff0bfd', 'type': 'Normal', 'message': 'Successfully assigned default/failuremanager-ccc6cc495-p2tzc to minikube', 'dateevent': '2023-02-01 12:40:27+00:00'}
root - WARNING - 

-----------------------------------------
root - WARNING - 

-----------------------------------------
root - WARNING - General Log - 
root - WARNING - {'name': 'failuremanager-ccc6cc495-p2tzc.173fb3c0faf1d0d1', 'type': 'Normal', 'message': 'Pulling image "californibrs/failuremanager"', 'dateevent': '2023-02-01 12:40:27+00:00'}
root - WARNING - 

-----------------------------------------
root - WARNING - 

-----------------------------------------
root - WARNING - General Log - 
root - WARNING - {'name': 'failuremanager-ccc6cc495-p2tzc.173fb3d4f79c9f3c', 'type': 'Warning', 'message': 'Failed to pull image "californibrs/failuremanager": rpc error: code = Unknown desc = Error response from daemon: Get "https://registry-1.docker.io/v2/": dial tcp: lookup registry-1.docker.io on 172.27.176.1:53: read udp 172.27.182.255:52766->172.27.176.1:53: i/o timeout', 'dateevent': '2023-02-01 12:41:53+00:00'}
root - WARNING - 

-----------------------------------------
root - WARNING - 

-----------------------------------------
root - WARNING - General Log - 
root - WARNING - {'name': 'failuremanager-ccc6cc495-p2tzc.173fb3d4f79cdb64', 'type': 'Warning', 'message': 'Error: ErrImagePull', 'dateevent': '2023-02-01 12:41:53+00:00'}
root - WARNING - 

-----------------------------------------
root - WARNING - 

-----------------------------------------
root - WARNING - General Log - 
root - WARNING - {'name': 'failuremanager-ccc6cc495-p2tzc.173fb3d4fef67f9f', 'type': 'Normal', 'message': 'Back-off pulling image "californibrs/failuremanager"', 'dateevent': '2023-02-01 12:41:53+00:00'}
root - WARNING - 

-----------------------------------------
root - WARNING - 

-----------------------------------------
root - WARNING - General Log - 
root - WARNING - {'name': 'failuremanager-ccc6cc495-p2tzc.173fb3d4fef71bdf', 'type': 'Warning', 'message': 'Error: ImagePullBackOff', 'dateevent': '2023-02-01 12:41:53+00:00'}
root - WARNING - 

-----------------------------------------
root - WARNING - 

-----------------------------------------
root - WARNING - General Log - 
root - WARNING - {'name': 'failuremanager-ccc6cc495.173fb3c0d2806688', 'type': 'Normal', 'message': 'Created pod: failuremanager-ccc6cc495-p2tzc', 'dateevent': '2023-02-01 12:40:27+00:00'}
root - WARNING - 

-----------------------------------------
root - WARNING - 

-----------------------------------------
root - WARNING - General Log - 
root - WARNING - {'name': 'failuremanager.173fb3c0d2137443', 'type': 'Normal', 'message': 'Scaled up replica set failuremanager-ccc6cc495 to 1', 'dateevent': '2023-02-01 12:40:27+00:00'}
root - WARNING - 

-----------------------------------------
root - WARNING - 

-----------------------------------------
root - WARNING - General Log - 
root - WARNING - {'name': 'failuremonitor-68dd6cfd46-pzskh.173fb3c0d6132d14', 'type': 'Normal', 'message': 'Successfully assigned default/failuremonitor-68dd6cfd46-pzskh to minikube', 'dateevent': '2023-02-01 12:40:27+00:00'}
root - WARNING - 

-----------------------------------------
root - WARNING - 

-----------------------------------------
root - WARNING - General Log - 
root - WARNING - {'name': 'failuremonitor-68dd6cfd46-pzskh.173fb3c105691fc4', 'type': 'Normal', 'message': 'Pulling image "californibrs/failuremonitor"', 'dateevent': '2023-02-01 12:40:28+00:00'}
root - WARNING - 

-----------------------------------------
root - WARNING - 

-----------------------------------------
root - WARNING - General Log - 
root - WARNING - {'name': 'failuremonitor-68dd6cfd46-pzskh.173fb3df3311c5ee', 'type': 'Normal', 'message': 'Successfully pulled image "californibrs/failuremonitor"', 'dateevent': '2023-02-01 12:42:37+00:00'}
root - WARNING - 

-----------------------------------------
root - WARNING - 

-----------------------------------------
root - WARNING - General Log - 
root - WARNING - {'name': 'failuremonitor-68dd6cfd46-pzskh.173fb3df79616a7f', 'type': 'Normal', 'message': 'Created container failuremonitor', 'dateevent': '2023-02-01 12:42:38+00:00'}
root - WARNING - 

-----------------------------------------
root - WARNING - 

-----------------------------------------
root - WARNING - General Log - 
root - WARNING - {'name': 'failuremonitor-68dd6cfd46-pzskh.173fb3df856374af', 'type': 'Normal', 'message': 'Started container failuremonitor', 'dateevent': '2023-02-01 12:42:39+00:00'}
root - WARNING - 

-----------------------------------------
root - WARNING - 

-----------------------------------------
root - WARNING - General Log - 
root - WARNING - {'name': 'failuremonitor-68dd6cfd46.173fb3c0d5bc9885', 'type': 'Normal', 'message': 'Created pod: failuremonitor-68dd6cfd46-pzskh', 'dateevent': '2023-02-01 12:40:27+00:00'}
root - WARNING - 

-----------------------------------------
root - WARNING - 

-----------------------------------------
root - WARNING - General Log - 
root - WARNING - {'name': 'failuremonitor.173fb3c0d547e32b', 'type': 'Normal', 'message': 'Scaled up replica set failuremonitor-68dd6cfd46 to 1', 'dateevent': '2023-02-01 12:40:27+00:00'}
root - WARNING - 

-----------------------------------------
root - WARNING - 

-----------------------------------------
root - WARNING - General Log - 
root - WARNING - {'name': 'grafana-65787bb97f-f2qxk.173fb3bfcc68f192', 'type': 'Normal', 'message': 'Successfully assigned default/grafana-65787bb97f-f2qxk to minikube', 'dateevent': '2023-02-01 12:40:22+00:00'}
root - WARNING - 

-----------------------------------------
root - WARNING - 

-----------------------------------------
root - WARNING - General Log - 
root - WARNING - {'name': 'grafana-65787bb97f-f2qxk.173fb3c008064b85', 'type': 'Normal', 'message': 'Pulling image "grafana/grafana:6.4.2"', 'dateevent': '2023-02-01 12:40:23+00:00'}
root - WARNING - 

-----------------------------------------
root - WARNING - 

-----------------------------------------
root - WARNING - General Log - 
root - WARNING - {'name': 'grafana-65787bb97f-f2qxk.173fb3c41af3a4ad', 'type': 'Normal', 'message': 'Successfully pulled image "grafana/grafana:6.4.2"', 'dateevent': '2023-02-01 12:40:41+00:00'}
root - WARNING - 

-----------------------------------------
root - WARNING - 

-----------------------------------------
root - WARNING - General Log - 
root - WARNING - {'name': 'grafana-65787bb97f-f2qxk.173fb3c4674615c9', 'type': 'Normal', 'message': 'Created container grafana', 'dateevent': '2023-02-01 12:40:42+00:00'}
root - WARNING - 

-----------------------------------------
root - WARNING - 

-----------------------------------------
root - WARNING - General Log - 
root - WARNING - {'name': 'grafana-65787bb97f-f2qxk.173fb3c471da6f94', 'type': 'Normal', 'message': 'Started container grafana', 'dateevent': '2023-02-01 12:40:42+00:00'}
root - WARNING - 

-----------------------------------------
root - WARNING - 

-----------------------------------------
root - WARNING - General Log - 
root - WARNING - {'name': 'grafana-65787bb97f-f2qxk.173fb3c4b1be710b', 'type': 'Warning', 'message': 'Readiness probe failed: Get http://172.17.0.4:3000/api/health: dial tcp 172.17.0.4:3000: connect: connection refused', 'dateevent': '2023-02-01 12:40:43+00:00'}
root - WARNING - 

-----------------------------------------
root - WARNING - 

-----------------------------------------
root - WARNING - General Log - 
root - WARNING - {'name': 'grafana-65787bb97f.173fb3bfcb34aae9', 'type': 'Normal', 'message': 'Created pod: grafana-65787bb97f-f2qxk', 'dateevent': '2023-02-01 12:40:22+00:00'}
root - WARNING - 

-----------------------------------------
root - WARNING - 

-----------------------------------------
root - WARNING - General Log - 
root - WARNING - {'name': 'grafana.173fb3bfc98f95ce', 'type': 'Normal', 'message': 'Scaled up replica set grafana-65787bb97f to 1', 'dateevent': '2023-02-01 12:40:22+00:00'}
root - WARNING - 

-----------------------------------------
root - WARNING - 

-----------------------------------------
root - WARNING - General Log - 
root - WARNING - {'name': 'k6-fcxt8.173fb3d06bd3001d', 'type': 'Normal', 'message': 'Successfully assigned default/k6-fcxt8 to minikube', 'dateevent': '2023-02-01 12:41:34+00:00'}
root - WARNING - 

-----------------------------------------
root - WARNING - 

-----------------------------------------
root - WARNING - General Log - 
root - WARNING - {'name': 'k6-fcxt8.173fb3d0fbcb3191', 'type': 'Normal', 'message': 'Pulling image "loadimpact/k6"', 'dateevent': '2023-02-01 12:41:36+00:00'}
root - WARNING - 

-----------------------------------------
root - WARNING - 

-----------------------------------------
root - WARNING - General Log - 
root - WARNING - {'name': 'k6-fcxt8.173fb3e81b594a5e', 'type': 'Normal', 'message': 'Successfully pulled image "loadimpact/k6"', 'dateevent': '2023-02-01 12:43:15+00:00'}
root - WARNING - 

-----------------------------------------
root - WARNING - 

-----------------------------------------
root - WARNING - General Log - 
root - WARNING - {'name': 'k6-fcxt8.173fb3e82b1d18ba', 'type': 'Normal', 'message': 'Created container k6', 'dateevent': '2023-02-01 12:43:16+00:00'}
root - WARNING - 

-----------------------------------------
root - WARNING - 

-----------------------------------------
root - WARNING - General Log - 
root - WARNING - {'name': 'k6-fcxt8.173fb3e83a5831ae', 'type': 'Normal', 'message': 'Started container k6', 'dateevent': '2023-02-01 12:43:16+00:00'}
root - WARNING - 

-----------------------------------------
root - WARNING - 

-----------------------------------------
root - WARNING - General Log - 
root - WARNING - {'name': 'k6.173fb3d06557df75', 'type': 'Normal', 'message': 'Created pod: k6-fcxt8', 'dateevent': '2023-02-01 12:41:34+00:00'}
root - WARNING - 

-----------------------------------------
root - WARNING - 

-----------------------------------------
root - WARNING - General Log - 
root - WARNING - {'name': 'kube-state-metrics-d4dff4b7c-sdwkm.173fb3bfcc24fa3e', 'type': 'Normal', 'message': 'Successfully assigned default/kube-state-metrics-d4dff4b7c-sdwkm to minikube', 'dateevent': '2023-02-01 12:40:22+00:00'}
root - WARNING - 

-----------------------------------------
root - WARNING - 

-----------------------------------------
root - WARNING - General Log - 
root - WARNING - {'name': 'kube-state-metrics-d4dff4b7c-sdwkm.173fb3c01140c883', 'type': 'Normal', 'message': 'Pulling image "quay.io/coreos/kube-state-metrics:v1.9.5"', 'dateevent': '2023-02-01 12:40:23+00:00'}
root - WARNING - 

-----------------------------------------
root - WARNING - 

-----------------------------------------
root - WARNING - General Log - 
root - WARNING - {'name': 'kube-state-metrics-d4dff4b7c-sdwkm.173fb3c57d21ca94', 'type': 'Normal', 'message': 'Successfully pulled image "quay.io/coreos/kube-state-metrics:v1.9.5"', 'dateevent': '2023-02-01 12:40:47+00:00'}
root - WARNING - 

-----------------------------------------
root - WARNING - 

-----------------------------------------
root - WARNING - General Log - 
root - WARNING - {'name': 'kube-state-metrics-d4dff4b7c-sdwkm.173fb3c58f313817', 'type': 'Normal', 'message': 'Created container kube-state-metrics', 'dateevent': '2023-02-01 12:40:47+00:00'}
root - WARNING - 

-----------------------------------------
root - WARNING - 

-----------------------------------------
root - WARNING - General Log - 
root - WARNING - {'name': 'kube-state-metrics-d4dff4b7c-sdwkm.173fb3c59b260ab8', 'type': 'Normal', 'message': 'Started container kube-state-metrics', 'dateevent': '2023-02-01 12:40:47+00:00'}
root - WARNING - 

-----------------------------------------
root - WARNING - 

-----------------------------------------
root - WARNING - General Log - 
root - WARNING - {'name': 'kube-state-metrics-d4dff4b7c.173fb3bfcb2860de', 'type': 'Normal', 'message': 'Created pod: kube-state-metrics-d4dff4b7c-sdwkm', 'dateevent': '2023-02-01 12:40:22+00:00'}
root - WARNING - 

-----------------------------------------
root - WARNING - 

-----------------------------------------
root - WARNING - General Log - 
root - WARNING - {'name': 'kube-state-metrics.173fb3bfcad6f50f', 'type': 'Normal', 'message': 'Scaled up replica set kube-state-metrics-d4dff4b7c to 1', 'dateevent': '2023-02-01 12:40:22+00:00'}
root - WARNING - 

-----------------------------------------
root - WARNING - 

-----------------------------------------
root - WARNING - General Log - 
root - WARNING - {'name': 'kube-znn-5fb97667db-qqgnt.173fb3c03624df19', 'type': 'Normal', 'message': 'Successfully assigned default/kube-znn-5fb97667db-qqgnt to minikube', 'dateevent': '2023-02-01 12:40:24+00:00'}
root - WARNING - 

-----------------------------------------
root - WARNING - 

-----------------------------------------
root - WARNING - General Log - 
root - WARNING - {'name': 'kube-znn-5fb97667db-qqgnt.173fb3c0744b73a6', 'type': 'Normal', 'message': 'Pulling image "cmendes/znn:800k"', 'dateevent': '2023-02-01 12:40:25+00:00'}
root - WARNING - 

-----------------------------------------
root - WARNING - 

-----------------------------------------
root - WARNING - General Log - 
root - WARNING - {'name': 'kube-znn-5fb97667db-qqgnt.173fb3c96c0441d5', 'type': 'Normal', 'message': 'Successfully pulled image "cmendes/znn:800k"', 'dateevent': '2023-02-01 12:41:04+00:00'}
root - WARNING - 

-----------------------------------------
root - WARNING - 

-----------------------------------------
root - WARNING - General Log - 
root - WARNING - {'name': 'kube-znn-5fb97667db-qqgnt.173fb3c98f3f7132', 'type': 'Normal', 'message': 'Created container znn', 'dateevent': '2023-02-01 12:41:04+00:00'}
root - WARNING - 

-----------------------------------------
root - WARNING - 

-----------------------------------------
root - WARNING - General Log - 
root - WARNING - {'name': 'kube-znn-5fb97667db-qqgnt.173fb3c99ab398d9', 'type': 'Normal', 'message': 'Started container znn', 'dateevent': '2023-02-01 12:41:04+00:00'}
root - WARNING - 

-----------------------------------------
root - WARNING - 

-----------------------------------------
root - WARNING - General Log - 
root - WARNING - {'name': 'kube-znn-5fb97667db-qqgnt.173fb3c9a5a44f51', 'type': 'Normal', 'message': 'Pulling image "openresty/openresty:alpine-fat"', 'dateevent': '2023-02-01 12:41:05+00:00'}
root - WARNING - 

-----------------------------------------
root - WARNING - 

-----------------------------------------
root - WARNING - General Log - 
root - WARNING - {'name': 'kube-znn-5fb97667db-qqgnt.173fb3e71c4e9f76', 'type': 'Normal', 'message': 'Successfully pulled image "openresty/openresty:alpine-fat"', 'dateevent': '2023-02-01 12:43:11+00:00'}
root - WARNING - 

-----------------------------------------
root - WARNING - 

-----------------------------------------
root - WARNING - General Log - 
root - WARNING - {'name': 'kube-znn-5fb97667db-qqgnt.173fb3e792d98d79', 'type': 'Normal', 'message': 'Created container nginx', 'dateevent': '2023-02-01 12:43:13+00:00'}
root - WARNING - 

-----------------------------------------
root - WARNING - 

-----------------------------------------
root - WARNING - General Log - 
root - WARNING - {'name': 'kube-znn-5fb97667db-qqgnt.173fb3e79f84df09', 'type': 'Normal', 'message': 'Started container nginx', 'dateevent': '2023-02-01 12:43:13+00:00'}
root - WARNING - 

-----------------------------------------
root - WARNING - 

-----------------------------------------
root - WARNING - General Log - 
root - WARNING - {'name': 'kube-znn-5fb97667db.173fb3c0362ec250', 'type': 'Normal', 'message': 'Created pod: kube-znn-5fb97667db-qqgnt', 'dateevent': '2023-02-01 12:40:24+00:00'}
root - WARNING - 

-----------------------------------------
root - WARNING - 

-----------------------------------------
root - WARNING - General Log - 
root - WARNING - {'name': 'kube-znn-db-6dd8968475-vjhx8.173fb3c037f002c9', 'type': 'Normal', 'message': 'Successfully assigned default/kube-znn-db-6dd8968475-vjhx8 to minikube', 'dateevent': '2023-02-01 12:40:24+00:00'}
root - WARNING - 

-----------------------------------------
root - WARNING - 

-----------------------------------------
root - WARNING - General Log - 
root - WARNING - {'name': 'kube-znn-db-6dd8968475-vjhx8.173fb3c08ac59716', 'type': 'Normal', 'message': 'Pulling image "mysql:5.6"', 'dateevent': '2023-02-01 12:40:25+00:00'}
root - WARNING - 

-----------------------------------------
root - WARNING - 

-----------------------------------------
root - WARNING - General Log - 
root - WARNING - {'name': 'kube-znn-db-6dd8968475-vjhx8.173fb3cc6030e7b6', 'type': 'Normal', 'message': 'Successfully pulled image "mysql:5.6"', 'dateevent': '2023-02-01 12:41:16+00:00'}
root - WARNING - 

-----------------------------------------
root - WARNING - 

-----------------------------------------
root - WARNING - General Log - 
root - WARNING - {'name': 'kube-znn-db-6dd8968475-vjhx8.173fb3d06e188d98', 'type': 'Normal', 'message': 'Created container mysql', 'dateevent': '2023-02-01 12:41:34+00:00'}
root - WARNING - 

-----------------------------------------
root - WARNING - 

-----------------------------------------
root - WARNING - General Log - 
root - WARNING - {'name': 'kube-znn-db-6dd8968475-vjhx8.173fb3d08a7fe3a3', 'type': 'Normal', 'message': 'Started container mysql', 'dateevent': '2023-02-01 12:41:34+00:00'}
root - WARNING - 

-----------------------------------------
root - WARNING - 

-----------------------------------------
root - WARNING - General Log - 
root - WARNING - {'name': 'kube-znn-db-6dd8968475-vjhx8.173fb3d125755ee5', 'type': 'Warning', 'message': 'Liveness probe failed: dial tcp 172.17.0.8:3306: connect: connection refused', 'dateevent': '2023-02-01 12:41:37+00:00'}
root - WARNING - 

-----------------------------------------
root - WARNING - 

-----------------------------------------
root - WARNING - General Log - 
root - WARNING - {'name': 'kube-znn-db-6dd8968475.173fb3c03703d017', 'type': 'Normal', 'message': 'Created pod: kube-znn-db-6dd8968475-vjhx8', 'dateevent': '2023-02-01 12:40:24+00:00'}
root - WARNING - 

-----------------------------------------
root - WARNING - 

-----------------------------------------
root - WARNING - General Log - 
root - WARNING - {'name': 'kube-znn-db.173fb3c0362ec570', 'type': 'Normal', 'message': 'Scaled up replica set kube-znn-db-6dd8968475 to 1', 'dateevent': '2023-02-01 12:40:24+00:00'}
root - WARNING - 

-----------------------------------------
root - WARNING - 

-----------------------------------------
root - WARNING - 

Captured event for znn: 
root - WARNING - {'name': 'kube-znn-db.173fb3c0362ec570', 'type': 'Normal', 'message': 'Scaled up replica set kube-znn-db-6dd8968475 to 1', 'dateevent': '2023-02-01 12:40:24+00:00', 'image': 'cmendes/znn:800k', 'replicas': 1, 'imageChanges': 0, 'replicasChanges': 1}
root - WARNING - 

-----------------------------------------
root - WARNING - 

-----------------------------------------
root - WARNING - General Log - 
root - WARNING - {'name': 'kube-znn.173fb3c0347a3e57', 'type': 'Normal', 'message': 'Scaled up replica set kube-znn-5fb97667db to 1', 'dateevent': '2023-02-01 12:40:24+00:00'}
root - WARNING - 

-----------------------------------------
root - WARNING - 

-----------------------------------------
root - WARNING - 

Captured event for znn: 
root - WARNING - {'name': 'kube-znn.173fb3c0347a3e57', 'type': 'Normal', 'message': 'Scaled up replica set kube-znn-5fb97667db to 1', 'dateevent': '2023-02-01 12:40:24+00:00', 'image': 'cmendes/znn:800k', 'replicas': 1, 'imageChanges': 0, 'replicasChanges': 1}
root - WARNING - 

-----------------------------------------
root - WARNING - 

-----------------------------------------
root - WARNING - General Log - 
root - WARNING - {'name': 'kubow-548bb5f4b4-wjc8x.173fb3c0bcd10d27', 'type': 'Normal', 'message': 'Successfully assigned default/kubow-548bb5f4b4-wjc8x to minikube', 'dateevent': '2023-02-01 12:40:26+00:00'}
root - WARNING - 

-----------------------------------------
root - WARNING - 

-----------------------------------------
root - WARNING - General Log - 
root - WARNING - {'name': 'kubow-548bb5f4b4-wjc8x.173fb3c1211fc718', 'type': 'Normal', 'message': 'Pulling image "cmendes/kubow:yellow-2"', 'dateevent': '2023-02-01 12:40:28+00:00'}
root - WARNING - 

-----------------------------------------
root - WARNING - 

-----------------------------------------
root - WARNING - General Log - 
root - WARNING - {'name': 'kubow-548bb5f4b4-wjc8x.173fb3e18836e717', 'type': 'Warning', 'message': 'Failed to pull image "cmendes/kubow:yellow-2": rpc error: code = Unknown desc = Error response from daemon: Get "https://registry-1.docker.io/v2/": dial tcp: lookup registry-1.docker.io on 172.27.176.1:53: read udp 172.27.182.255:55400->172.27.176.1:53: i/o timeout', 'dateevent': '2023-02-01 12:42:47+00:00'}
root - WARNING - 

-----------------------------------------
root - WARNING - 

-----------------------------------------
root - WARNING - General Log - 
root - WARNING - {'name': 'kubow-548bb5f4b4-wjc8x.173fb3e188372bd7', 'type': 'Warning', 'message': 'Error: ErrImagePull', 'dateevent': '2023-02-01 12:42:47+00:00'}
root - WARNING - 

-----------------------------------------
root - WARNING - 

-----------------------------------------
root - WARNING - General Log - 
root - WARNING - {'name': 'kubow-548bb5f4b4-wjc8x.173fb3e18eab2997', 'type': 'Normal', 'message': 'Back-off pulling image "cmendes/kubow:yellow-2"', 'dateevent': '2023-02-01 12:42:47+00:00'}
root - WARNING - 

-----------------------------------------
root - WARNING - 

-----------------------------------------
root - WARNING - General Log - 
root - WARNING - {'name': 'kubow-548bb5f4b4-wjc8x.173fb3e18eab881e', 'type': 'Warning', 'message': 'Error: ImagePullBackOff', 'dateevent': '2023-02-01 12:42:47+00:00'}
root - WARNING - 

-----------------------------------------
root - WARNING - 

-----------------------------------------
root - WARNING - General Log - 
root - WARNING - {'name': 'kubow-548bb5f4b4.173fb3c0bc3d5ab8', 'type': 'Normal', 'message': 'Created pod: kubow-548bb5f4b4-wjc8x', 'dateevent': '2023-02-01 12:40:26+00:00'}
root - WARNING - 

-----------------------------------------
root - WARNING - 

-----------------------------------------
root - WARNING - General Log - 
root - WARNING - {'name': 'kubow.173fb3c0bbae9c3e', 'type': 'Normal', 'message': 'Scaled up replica set kubow-548bb5f4b4 to 1', 'dateevent': '2023-02-01 12:40:26+00:00'}
root - WARNING - 

-----------------------------------------
root - WARNING - 

-----------------------------------------
root - WARNING - General Log - 
root - WARNING - {'name': 'minikube.173fb3b9306f09a8', 'type': 'Normal', 'message': 'Starting kubelet.', 'dateevent': '2023-02-01 12:40:00+00:00'}
root - WARNING - 

-----------------------------------------
root - WARNING - 

-----------------------------------------
root - WARNING - General Log - 
root - WARNING - {'name': 'minikube.173fb3b9376b2cc3', 'type': 'Normal', 'message': 'Node minikube status is now: NodeHasSufficientMemory', 'dateevent': '2023-02-01 12:40:00+00:00'}
root - WARNING - 

-----------------------------------------
root - WARNING - 

-----------------------------------------
root - WARNING - General Log - 
root - WARNING - {'name': 'minikube.173fb3b9376bb644', 'type': 'Normal', 'message': 'Node minikube status is now: NodeHasNoDiskPressure', 'dateevent': '2023-02-01 12:40:00+00:00'}
root - WARNING - 

-----------------------------------------
root - WARNING - 

-----------------------------------------
root - WARNING - General Log - 
root - WARNING - {'name': 'minikube.173fb3b9376bcb5c', 'type': 'Normal', 'message': 'Node minikube status is now: NodeHasSufficientPID', 'dateevent': '2023-02-01 12:40:00+00:00'}
root - WARNING - 

-----------------------------------------
root - WARNING - 

-----------------------------------------
root - WARNING - General Log - 
root - WARNING - {'name': 'minikube.173fb3b93983cd8c', 'type': 'Normal', 'message': 'Updated Node Allocatable limit across pods', 'dateevent': '2023-02-01 12:40:00+00:00'}
root - WARNING - 

-----------------------------------------
root - WARNING - 

-----------------------------------------
root - WARNING - General Log - 
root - WARNING - {'name': 'minikube.173fb3be6f6889d0', 'type': 'Normal', 'message': 'Node minikube event: Registered Node minikube in Controller', 'dateevent': '2023-02-01 12:40:16+00:00'}
root - WARNING - 

-----------------------------------------
root - WARNING - 

-----------------------------------------
root - WARNING - General Log - 
root - WARNING - {'name': 'minikube.173fb3bea453d929', 'type': 'Normal', 'message': 'Starting kube-proxy.', 'dateevent': '2023-02-01 12:40:17+00:00'}
root - WARNING - 

-----------------------------------------
root - WARNING - 

-----------------------------------------
root - WARNING - General Log - 
root - WARNING - {'name': 'nginx-ingress-8558d96667-l5qkj.173fb3c0901a1137', 'type': 'Normal', 'message': 'Successfully assigned default/nginx-ingress-8558d96667-l5qkj to minikube', 'dateevent': '2023-02-01 12:40:26+00:00'}
root - WARNING - 

-----------------------------------------
root - WARNING - 

-----------------------------------------
root - WARNING - General Log - 
root - WARNING - {'name': 'nginx-ingress-8558d96667-l5qkj.173fb3c0bb1d5d89', 'type': 'Normal', 'message': 'Pulling image "nginx/nginx-ingress:1.7.0"', 'dateevent': '2023-02-01 12:40:26+00:00'}
root - WARNING - 

-----------------------------------------
root - WARNING - 

-----------------------------------------
root - WARNING - General Log - 
root - WARNING - {'name': 'nginx-ingress-8558d96667-l5qkj.173fb3d29fc4c869', 'type': 'Warning', 'message': 'Failed to pull image "nginx/nginx-ingress:1.7.0": rpc error: code = Unknown desc = Error response from daemon: Get "https://registry-1.docker.io/v2/nginx/nginx-ingress/manifests/sha256:1b4e4ff79c260988e770b18af2b894c760c25c83439be3594618599f06b77222": dial tcp: lookup registry-1.docker.io on 172.27.176.1:53: read udp 172.27.182.255:57365->172.27.176.1:53: i/o timeout', 'dateevent': '2023-02-01 12:41:43+00:00'}
root - WARNING - 

-----------------------------------------
root - WARNING - 

-----------------------------------------
root - WARNING - General Log - 
root - WARNING - {'name': 'nginx-ingress-8558d96667-l5qkj.173fb3d29fc52949', 'type': 'Warning', 'message': 'Error: ErrImagePull', 'dateevent': '2023-02-01 12:41:43+00:00'}
root - WARNING - 

-----------------------------------------
root - WARNING - 

-----------------------------------------
root - WARNING - General Log - 
root - WARNING - {'name': 'nginx-ingress-8558d96667-l5qkj.173fb3d2a29d45c0', 'type': 'Normal', 'message': 'Back-off pulling image "nginx/nginx-ingress:1.7.0"', 'dateevent': '2023-02-01 12:41:43+00:00'}
root - WARNING - 

-----------------------------------------
root - WARNING - 

-----------------------------------------
root - WARNING - General Log - 
root - WARNING - {'name': 'nginx-ingress-8558d96667-l5qkj.173fb3d2a29ddfa8', 'type': 'Warning', 'message': 'Error: ImagePullBackOff', 'dateevent': '2023-02-01 12:41:43+00:00'}
root - WARNING - 

-----------------------------------------
root - WARNING - 

-----------------------------------------
root - WARNING - General Log - 
root - WARNING - {'name': 'nginx-ingress-8558d96667.173fb3c05165f387', 'type': 'Warning', 'message': 'Error creating: pods "nginx-ingress-8558d96667-" is forbidden: error looking up service account default/nginx-ingress: serviceaccount "nginx-ingress" not found', 'dateevent': '2023-02-01 12:40:24+00:00'}
root - WARNING - 

-----------------------------------------
root - WARNING - 

-----------------------------------------
root - WARNING - General Log - 
root - WARNING - {'name': 'nginx-ingress-8558d96667.173fb3c08fbd7041', 'type': 'Normal', 'message': 'Created pod: nginx-ingress-8558d96667-l5qkj', 'dateevent': '2023-02-01 12:40:26+00:00'}
root - WARNING - 

-----------------------------------------
root - WARNING - 

-----------------------------------------
root - WARNING - General Log - 
root - WARNING - {'name': 'nginx-ingress.173fb3c050d88057', 'type': 'Normal', 'message': 'Scaled up replica set nginx-ingress-8558d96667 to 1', 'dateevent': '2023-02-01 12:40:24+00:00'}
root - WARNING - 

-----------------------------------------
root - WARNING - 

-----------------------------------------
root - WARNING - General Log - 
root - WARNING - {'name': 'prometheus-ffc965799-nhfvq.173fb3bfcead63ae', 'type': 'Normal', 'message': 'Successfully assigned default/prometheus-ffc965799-nhfvq to minikube', 'dateevent': '2023-02-01 12:40:22+00:00'}
root - WARNING - 

-----------------------------------------
root - WARNING - 

-----------------------------------------
root - WARNING - General Log - 
root - WARNING - {'name': 'prometheus-ffc965799-nhfvq.173fb3c013cd2ccd', 'type': 'Normal', 'message': 'Pulling image "prom/prometheus:v2.16.0"', 'dateevent': '2023-02-01 12:40:23+00:00'}
root - WARNING - 

-----------------------------------------
root - WARNING - 

-----------------------------------------
root - WARNING - General Log - 
root - WARNING - {'name': 'prometheus-ffc965799-nhfvq.173fb3c7554cccde', 'type': 'Normal', 'message': 'Successfully pulled image "prom/prometheus:v2.16.0"', 'dateevent': '2023-02-01 12:40:55+00:00'}
root - WARNING - 

-----------------------------------------
root - WARNING - 

-----------------------------------------
root - WARNING - General Log - 
root - WARNING - {'name': 'prometheus-ffc965799-nhfvq.173fb3c78419c836', 'type': 'Normal', 'message': 'Created container prometheus', 'dateevent': '2023-02-01 12:40:55+00:00'}
root - WARNING - 

-----------------------------------------
root - WARNING - 

-----------------------------------------
root - WARNING - General Log - 
root - WARNING - {'name': 'prometheus-ffc965799-nhfvq.173fb3c7919a714f', 'type': 'Normal', 'message': 'Started container prometheus', 'dateevent': '2023-02-01 12:40:56+00:00'}
root - WARNING - 

-----------------------------------------
root - WARNING - 

-----------------------------------------
root - WARNING - General Log - 
root - WARNING - {'name': 'prometheus-ffc965799.173fb3bfce013963', 'type': 'Normal', 'message': 'Created pod: prometheus-ffc965799-nhfvq', 'dateevent': '2023-02-01 12:40:22+00:00'}
root - WARNING - 

-----------------------------------------
root - WARNING - 

-----------------------------------------
root - WARNING - General Log - 
root - WARNING - {'name': 'prometheus.173fb3bfcd7686ec', 'type': 'Normal', 'message': 'Scaled up replica set prometheus-ffc965799 to 1', 'dateevent': '2023-02-01 12:40:22+00:00'}
root - WARNING - 

-----------------------------------------
root - WARNING - 

-----------------------------------------
root - WARNING - General Log - 
root - WARNING - {'name': 'coredns-5644d7b6d9-6xdj2.173fb3be615ea0f4', 'type': 'Warning', 'message': "0/1 nodes are available: 1 node(s) had taints that the pod didn't tolerate.", 'dateevent': '2023-02-01 12:40:16+00:00'}
root - WARNING - 

-----------------------------------------
root - WARNING - 

-----------------------------------------
root - WARNING - General Log - 
root - WARNING - {'name': 'coredns-5644d7b6d9-6xdj2.173fb3beb1e8b245', 'type': 'Normal', 'message': 'Successfully assigned kube-system/coredns-5644d7b6d9-6xdj2 to minikube', 'dateevent': '2023-02-01 12:40:18+00:00'}
root - WARNING - 

-----------------------------------------
root - WARNING - 

-----------------------------------------
root - WARNING - General Log - 
root - WARNING - {'name': 'coredns-5644d7b6d9-6xdj2.173fb3bed8407db9', 'type': 'Normal', 'message': 'Container image "k8s.gcr.io/coredns:1.6.2" already present on machine', 'dateevent': '2023-02-01 12:40:18+00:00'}
root - WARNING - 

-----------------------------------------
root - WARNING - 

-----------------------------------------
root - WARNING - General Log - 
root - WARNING - {'name': 'coredns-5644d7b6d9-6xdj2.173fb3bedbc87c4b', 'type': 'Normal', 'message': 'Created container coredns', 'dateevent': '2023-02-01 12:40:18+00:00'}
root - WARNING - 

-----------------------------------------
root - WARNING - 

-----------------------------------------
root - WARNING - General Log - 
root - WARNING - {'name': 'coredns-5644d7b6d9-6xdj2.173fb3bee4af0ea5', 'type': 'Normal', 'message': 'Started container coredns', 'dateevent': '2023-02-01 12:40:18+00:00'}
root - WARNING - 

-----------------------------------------
root - WARNING - 

-----------------------------------------
root - WARNING - General Log - 
root - WARNING - {'name': 'coredns-5644d7b6d9.173fb3be61690a22', 'type': 'Normal', 'message': 'Created pod: coredns-5644d7b6d9-6xdj2', 'dateevent': '2023-02-01 12:40:16+00:00'}
root - WARNING - 

-----------------------------------------
root - WARNING - 

-----------------------------------------
root - WARNING - General Log - 
root - WARNING - {'name': 'coredns.173fb3be611a6237', 'type': 'Normal', 'message': 'Scaled up replica set coredns-5644d7b6d9 to 1', 'dateevent': '2023-02-01 12:40:16+00:00'}
root - WARNING - 

-----------------------------------------
root - WARNING - 

-----------------------------------------
root - WARNING - General Log - 
root - WARNING - {'name': 'etcd-minikube.173fb3b974340024', 'type': 'Normal', 'message': 'Container image "k8s.gcr.io/etcd:3.3.15-0" already present on machine', 'dateevent': '2023-02-01 12:40:03+00:00'}
root - WARNING - 

-----------------------------------------
root - WARNING - 

-----------------------------------------
root - WARNING - General Log - 
root - WARNING - {'name': 'etcd-minikube.173fb3b97b1a1643', 'type': 'Normal', 'message': 'Created container etcd', 'dateevent': '2023-02-01 12:40:05+00:00'}
root - WARNING - 

-----------------------------------------
root - WARNING - 

-----------------------------------------
root - WARNING - General Log - 
root - WARNING - {'name': 'etcd-minikube.173fb3b989aae151', 'type': 'Normal', 'message': 'Started container etcd', 'dateevent': '2023-02-01 12:40:05+00:00'}
root - WARNING - 

-----------------------------------------
root - WARNING - 

-----------------------------------------
root - WARNING - General Log - 
root - WARNING - {'name': 'etcd-minikube.173fb3ce99a38311', 'type': 'Warning', 'message': 'Liveness probe failed: HTTP probe failed with statuscode: 503', 'dateevent': '2023-02-01 12:41:26+00:00'}
root - WARNING - 

-----------------------------------------
root - WARNING - 

-----------------------------------------
root - WARNING - General Log - 
root - WARNING - {'name': 'k8s.io-minikube-hostpath.173fb3c5d28f56a4', 'type': 'Normal', 'message': 'minikube_0956d610-416c-409b-a19e-eab7eae16f71 became leader', 'dateevent': '2023-02-01 12:40:48+00:00'}
root - WARNING - 

-----------------------------------------
root - WARNING - 

-----------------------------------------
root - WARNING - General Log - 
root - WARNING - {'name': 'k8s.io-minikube-hostpath.173fb3d78d9fe64a', 'type': 'Normal', 'message': 'minikube_8b2c3b20-764f-41e9-8c0d-3e87106615ad became leader', 'dateevent': '2023-02-01 12:42:04+00:00'}
root - WARNING - 

-----------------------------------------
root - WARNING - 

-----------------------------------------
root - WARNING - General Log - 
root - WARNING - {'name': 'kube-apiserver-minikube.173fb3b9745b860b', 'type': 'Normal', 'message': 'Container image "k8s.gcr.io/kube-apiserver:v1.16.10" already present on machine', 'dateevent': '2023-02-01 12:40:04+00:00'}
root - WARNING - 

-----------------------------------------
root - WARNING - 

-----------------------------------------
root - WARNING - General Log - 
root - WARNING - {'name': 'kube-apiserver-minikube.173fb3b97ad8c6b5', 'type': 'Normal', 'message': 'Created container kube-apiserver', 'dateevent': '2023-02-01 12:40:04+00:00'}
root - WARNING - 

-----------------------------------------
root - WARNING - 

-----------------------------------------
root - WARNING - General Log - 
root - WARNING - {'name': 'kube-apiserver-minikube.173fb3b989778836', 'type': 'Normal', 'message': 'Started container kube-apiserver', 'dateevent': '2023-02-01 12:40:05+00:00'}
root - WARNING - 

-----------------------------------------
root - WARNING - 

-----------------------------------------
root - WARNING - General Log - 
root - WARNING - {'name': 'kube-apiserver-minikube.173fb3d02702f2b9', 'type': 'Warning', 'message': 'Liveness probe failed: HTTP probe failed with statuscode: 500', 'dateevent': '2023-02-01 12:41:32+00:00'}
root - WARNING - 

-----------------------------------------
root - WARNING - 

-----------------------------------------
root - WARNING - General Log - 
root - WARNING - {'name': 'kube-controller-manager-minikube.173fb3b971c07f02', 'type': 'Normal', 'message': 'Container image "k8s.gcr.io/kube-controller-manager:v1.16.10" already present on machine', 'dateevent': '2023-02-01 12:40:03+00:00'}
root - WARNING - 

-----------------------------------------
root - WARNING - 

-----------------------------------------
root - WARNING - General Log - 
root - WARNING - {'name': 'kube-controller-manager-minikube.173fb3b976be51a3', 'type': 'Normal', 'message': 'Created container kube-controller-manager', 'dateevent': '2023-02-01 12:40:04+00:00'}
root - WARNING - 

-----------------------------------------
root - WARNING - 

-----------------------------------------
root - WARNING - General Log - 
root - WARNING - {'name': 'kube-controller-manager-minikube.173fb3b9813f9e22', 'type': 'Normal', 'message': 'Started container kube-controller-manager', 'dateevent': '2023-02-01 12:40:05+00:00'}
root - WARNING - 

-----------------------------------------
root - WARNING - 

-----------------------------------------
root - WARNING - General Log - 
root - WARNING - {'name': 'kube-proxy-rr8nq.173fb3be6e7a59b9', 'type': 'Normal', 'message': 'Successfully assigned kube-system/kube-proxy-rr8nq to minikube', 'dateevent': '2023-02-01 12:40:16+00:00'}
root - WARNING - 

-----------------------------------------
root - WARNING - 

-----------------------------------------
root - WARNING - General Log - 
root - WARNING - {'name': 'kube-proxy-rr8nq.173fb3be91fa5c05', 'type': 'Normal', 'message': 'Container image "k8s.gcr.io/kube-proxy:v1.16.10" already present on machine', 'dateevent': '2023-02-01 12:40:17+00:00'}
root - WARNING - 

-----------------------------------------
root - WARNING - 

-----------------------------------------
root - WARNING - General Log - 
root - WARNING - {'name': 'kube-proxy-rr8nq.173fb3be95b8f37a', 'type': 'Normal', 'message': 'Created container kube-proxy', 'dateevent': '2023-02-01 12:40:17+00:00'}
root - WARNING - 

-----------------------------------------
root - WARNING - 

-----------------------------------------
root - WARNING - General Log - 
root - WARNING - {'name': 'kube-proxy-rr8nq.173fb3be9f4313a2', 'type': 'Normal', 'message': 'Started container kube-proxy', 'dateevent': '2023-02-01 12:40:17+00:00'}
root - WARNING - 

-----------------------------------------
root - WARNING - 

-----------------------------------------
root - WARNING - General Log - 
root - WARNING - {'name': 'kube-proxy.173fb3be6e26b28a', 'type': 'Normal', 'message': 'Created pod: kube-proxy-rr8nq', 'dateevent': '2023-02-01 12:40:16+00:00'}
root - WARNING - 

-----------------------------------------
root - WARNING - 

-----------------------------------------
root - WARNING - General Log - 
root - WARNING - {'name': 'kube-scheduler-minikube.173fb3b974de8410', 'type': 'Normal', 'message': 'Container image "k8s.gcr.io/kube-scheduler:v1.16.10" already present on machine', 'dateevent': '2023-02-01 12:40:04+00:00'}
root - WARNING - 

-----------------------------------------
root - WARNING - 

-----------------------------------------
root - WARNING - General Log - 
root - WARNING - {'name': 'kube-scheduler-minikube.173fb3b9797030d7', 'type': 'Normal', 'message': 'Created container kube-scheduler', 'dateevent': '2023-02-01 12:40:04+00:00'}
root - WARNING - 

-----------------------------------------
root - WARNING - 

-----------------------------------------
root - WARNING - General Log - 
root - WARNING - {'name': 'kube-scheduler-minikube.173fb3b9881c8aa8', 'type': 'Normal', 'message': 'Started container kube-scheduler', 'dateevent': '2023-02-01 12:40:05+00:00'}
root - WARNING - 

-----------------------------------------
root - WARNING - 

-----------------------------------------
root - WARNING - General Log - 
root - WARNING - {'name': 'metrics-server-5cf6f65ffd-vmcgc.173fb3bfc9204ba3', 'type': 'Normal', 'message': 'Successfully assigned kube-system/metrics-server-5cf6f65ffd-vmcgc to minikube', 'dateevent': '2023-02-01 12:40:22+00:00'}
root - WARNING - 

-----------------------------------------
root - WARNING - 

-----------------------------------------
root - WARNING - General Log - 
root - WARNING - {'name': 'metrics-server-5cf6f65ffd-vmcgc.173fb3c0054b7aa6', 'type': 'Normal', 'message': 'Pulling image "k8s.gcr.io/metrics-server-amd64:v0.3.6"', 'dateevent': '2023-02-01 12:40:23+00:00'}
root - WARNING - 

-----------------------------------------
root - WARNING - 

-----------------------------------------
root - WARNING - General Log - 
root - WARNING - {'name': 'metrics-server-5cf6f65ffd-vmcgc.173fb3c165b6d43d', 'type': 'Normal', 'message': 'Successfully pulled image "k8s.gcr.io/metrics-server-amd64:v0.3.6"', 'dateevent': '2023-02-01 12:40:29+00:00'}
root - WARNING - 

-----------------------------------------
root - WARNING - 

-----------------------------------------
root - WARNING - General Log - 
root - WARNING - {'name': 'metrics-server-5cf6f65ffd-vmcgc.173fb3c173aecb61', 'type': 'Normal', 'message': 'Created container metrics-server', 'dateevent': '2023-02-01 12:40:29+00:00'}
root - WARNING - 

-----------------------------------------
root - WARNING - 

-----------------------------------------
root - WARNING - General Log - 
root - WARNING - {'name': 'metrics-server-5cf6f65ffd-vmcgc.173fb3c17e931fd8', 'type': 'Normal', 'message': 'Started container metrics-server', 'dateevent': '2023-02-01 12:40:30+00:00'}
root - WARNING - 

-----------------------------------------
root - WARNING - 

-----------------------------------------
root - WARNING - General Log - 
root - WARNING - {'name': 'metrics-server-5cf6f65ffd.173fb3bfc8c70f15', 'type': 'Normal', 'message': 'Created pod: metrics-server-5cf6f65ffd-vmcgc', 'dateevent': '2023-02-01 12:40:22+00:00'}
root - WARNING - 

-----------------------------------------
root - WARNING - 

-----------------------------------------
root - WARNING - General Log - 
root - WARNING - {'name': 'metrics-server.173fb3bfc84e8497', 'type': 'Normal', 'message': 'Scaled up replica set metrics-server-5cf6f65ffd to 1', 'dateevent': '2023-02-01 12:40:22+00:00'}
root - WARNING - 

-----------------------------------------
root - WARNING - 

-----------------------------------------
root - WARNING - General Log - 
root - WARNING - {'name': 'storage-provisioner.173fb3bbde73c2c3', 'type': 'Warning', 'message': "0/1 nodes are available: 1 node(s) had taints that the pod didn't tolerate.", 'dateevent': '2023-02-01 12:40:05+00:00'}
root - WARNING - 

-----------------------------------------
root - WARNING - 

-----------------------------------------
root - WARNING - General Log - 
root - WARNING - {'name': 'storage-provisioner.173fb3be702e5c22', 'type': 'Normal', 'message': 'Successfully assigned kube-system/storage-provisioner to minikube', 'dateevent': '2023-02-01 12:40:16+00:00'}
root - WARNING - 

-----------------------------------------
root - WARNING - 

-----------------------------------------
root - WARNING - General Log - 
root - WARNING - {'name': 'storage-provisioner.173fb3be94477aa0', 'type': 'Normal', 'message': 'Container image "gcr.io/k8s-minikube/storage-provisioner:v5" already present on machine', 'dateevent': '2023-02-01 12:40:17+00:00'}
root - WARNING - 

-----------------------------------------
root - WARNING - 

-----------------------------------------
root - WARNING - General Log - 
root - WARNING - {'name': 'storage-provisioner.173fb3be97f26576', 'type': 'Normal', 'message': 'Created container storage-provisioner', 'dateevent': '2023-02-01 12:40:17+00:00'}
root - WARNING - 

-----------------------------------------
root - WARNING - 

-----------------------------------------
root - WARNING - General Log - 
root - WARNING - {'name': 'storage-provisioner.173fb3bea1bcde56', 'type': 'Normal', 'message': 'Started container storage-provisioner', 'dateevent': '2023-02-01 12:40:17+00:00'}
root - WARNING - 

-----------------------------------------
root - WARNING - 

-----------------------------------------
root - WARNING - General Log - 
root - WARNING - {'name': 'storage-provisioner.173fb3d05e2f379f', 'type': 'Warning', 'message': 'Back-off restarting failed container', 'dateevent': '2023-02-01 12:41:33+00:00'}
root - WARNING - 

-----------------------------------------
root - WARNING - 

-----------------------------------------
root - WARNING - General Log - 
root - WARNING - {'name': 'nginx-ingress-8558d96667-l5qkj.173fb3e9e8114bef', 'type': 'Normal', 'message': 'Successfully pulled image "nginx/nginx-ingress:1.7.0"', 'dateevent': '2023-02-01 12:43:23+00:00'}
root - WARNING - 

-----------------------------------------
root - WARNING - 

-----------------------------------------
root - WARNING - General Log - 
root - WARNING - {'name': 'nginx-ingress-8558d96667-l5qkj.173fb3ea24c0e9a9', 'type': 'Normal', 'message': 'Created container nginx-ingress', 'dateevent': '2023-02-01 12:43:24+00:00'}
root - WARNING - 

-----------------------------------------
root - WARNING - 

-----------------------------------------
root - WARNING - General Log - 
root - WARNING - {'name': 'nginx-ingress-8558d96667-l5qkj.173fb3ea2f53a982', 'type': 'Normal', 'message': 'Started container nginx-ingress', 'dateevent': '2023-02-01 12:43:24+00:00'}
root - WARNING - 

-----------------------------------------
root - WARNING - 

-----------------------------------------
root - WARNING - General Log - 
root - WARNING - {'name': 'ingress-kube-znn.173fb3ea39fcd9b5', 'type': 'Normal', 'message': 'Configuration for default/ingress-kube-znn was added or updated', 'dateevent': '2023-02-01 12:43:24+00:00'}
root - WARNING - 

-----------------------------------------
root - WARNING - 

-----------------------------------------
root - WARNING - General Log - 
root - WARNING - {'name': 'failuremanager-ingress.173fb3ea422633a0', 'type': 'Normal', 'message': 'Configuration for default/failuremanager-ingress was added or updated', 'dateevent': '2023-02-01 12:43:25+00:00'}
root - WARNING - 

-----------------------------------------
root - WARNING - 

-----------------------------------------
root - WARNING - General Log - 
root - WARNING - {'name': 'default-server-secret.173fb3ea493670f8', 'type': 'Normal', 'message': 'the special Secret default/default-server-secret was updated', 'dateevent': '2023-02-01 12:43:25+00:00'}
root - WARNING - 

-----------------------------------------
root - WARNING - 

-----------------------------------------
root - WARNING - General Log - 
root - WARNING - {'name': 'failuremanager-ingress.173fb3ea516fb247', 'type': 'Normal', 'message': 'Configuration for default/failuremanager-ingress was updated ', 'dateevent': '2023-02-01 12:43:25+00:00'}
root - WARNING - 

-----------------------------------------
root - WARNING - 

-----------------------------------------
root - WARNING - General Log - 
root - WARNING - {'name': 'ingress-kube-znn.173fb3ea516fa243', 'type': 'Normal', 'message': 'Configuration for default/ingress-kube-znn was updated ', 'dateevent': '2023-02-01 12:43:25+00:00'}
root - WARNING - 

-----------------------------------------
root - WARNING - 

-----------------------------------------
root - WARNING - General Log - 
root - WARNING - {'name': 'nginx-config.173fb3ea516f855b', 'type': 'Normal', 'message': 'Configuration from default/nginx-config was updated ', 'dateevent': '2023-02-01 12:43:25+00:00'}
root - WARNING - 

-----------------------------------------
root - WARNING - 

-----------------------------------------
root - WARNING - General Log - 
root - WARNING - {'name': 'etcd-minikube.173fb3ce99a38311', 'type': 'Warning', 'message': 'Liveness probe failed: HTTP probe failed with statuscode: 503', 'dateevent': '2023-02-01 12:41:26+00:00'}
root - WARNING - 

-----------------------------------------
root - WARNING - 

-----------------------------------------
root - WARNING - General Log - 
root - WARNING - {'name': 'failuremanager-ccc6cc495-p2tzc.173fb3f236d7085f', 'type': 'Normal', 'message': 'Successfully pulled image "californibrs/failuremanager"', 'dateevent': '2023-02-01 12:43:59+00:00'}
root - WARNING - 

-----------------------------------------
root - WARNING - 

-----------------------------------------
root - WARNING - General Log - 
root - WARNING - {'name': 'failuremanager-ccc6cc495-p2tzc.173fb3f2a6626db2', 'type': 'Normal', 'message': 'Created container failuremanager', 'dateevent': '2023-02-01 12:44:01+00:00'}
root - WARNING - 

-----------------------------------------
root - WARNING - 

-----------------------------------------
root - WARNING - General Log - 
root - WARNING - {'name': 'failuremanager-ccc6cc495-p2tzc.173fb3f2b1091831', 'type': 'Normal', 'message': 'Started container failuremanager', 'dateevent': '2023-02-01 12:44:01+00:00'}
root - WARNING - 

-----------------------------------------
root - WARNING - 

-----------------------------------------
root - WARNING - General Log - 
root - WARNING - {'name': 'kubow-548bb5f4b4-wjc8x.173fb3f89c804450', 'type': 'Normal', 'message': 'Successfully pulled image "cmendes/kubow:yellow-2"', 'dateevent': '2023-02-01 12:44:26+00:00'}
root - WARNING - 

-----------------------------------------
root - WARNING - 

-----------------------------------------
root - WARNING - General Log - 
root - WARNING - {'name': 'kubow-548bb5f4b4-wjc8x.173fb3f8f230070e', 'type': 'Normal', 'message': 'Created container kubow', 'dateevent': '2023-02-01 12:44:28+00:00'}
root - WARNING - 

-----------------------------------------
root - WARNING - 

-----------------------------------------
root - WARNING - General Log - 
root - WARNING - {'name': 'kubow-548bb5f4b4-wjc8x.173fb3f8ff9ae454', 'type': 'Normal', 'message': 'Started container kubow', 'dateevent': '2023-02-01 12:44:28+00:00'}
root - WARNING - 

-----------------------------------------
root - WARNING - 

-----------------------------------------
root - WARNING - General Log - 
root - WARNING - {'name': 'kube-znn.173fb3ffe6706eef', 'type': 'Normal', 'message': 'Scaled up replica set kube-znn-5fb97667db to 2', 'dateevent': '2023-02-01 12:44:58+00:00'}
root - WARNING - 

-----------------------------------------
root - WARNING - 

-----------------------------------------
root - WARNING - 

Captured event for znn: 
root - WARNING - {'name': 'kube-znn.173fb3ffe6706eef', 'type': 'Normal', 'message': 'Scaled up replica set kube-znn-5fb97667db to 2', 'dateevent': '2023-02-01 12:44:58+00:00', 'image': 'cmendes/znn:800k', 'replicas': 2, 'imageChanges': 0, 'replicasChanges': 2}
root - WARNING - 

-----------------------------------------
root - WARNING - 

-----------------------------------------
root - WARNING - General Log - 
root - WARNING - {'name': 'kube-znn-5fb97667db.173fb3ffe81cd84d', 'type': 'Normal', 'message': 'Created pod: kube-znn-5fb97667db-nrcb9', 'dateevent': '2023-02-01 12:44:58+00:00'}
root - WARNING - 

-----------------------------------------
root - WARNING - 

-----------------------------------------
root - WARNING - General Log - 
root - WARNING - {'name': 'kube-znn-5fb97667db-nrcb9.173fb3ffe96d3fa4', 'type': 'Normal', 'message': 'Successfully assigned default/kube-znn-5fb97667db-nrcb9 to minikube', 'dateevent': '2023-02-01 12:44:58+00:00'}
root - WARNING - 

-----------------------------------------
root - WARNING - 

-----------------------------------------
root - WARNING - General Log - 
root - WARNING - {'name': 'kube-znn-5fb97667db-nrcb9.173fb40018fda4ed', 'type': 'Normal', 'message': 'Container image "cmendes/znn:800k" already present on machine', 'dateevent': '2023-02-01 12:44:58+00:00'}
root - WARNING - 

-----------------------------------------
root - WARNING - 

-----------------------------------------
root - WARNING - General Log - 
root - WARNING - {'name': 'kube-znn-5fb97667db-nrcb9.173fb4001f32ae60', 'type': 'Normal', 'message': 'Created container znn', 'dateevent': '2023-02-01 12:44:59+00:00'}
root - WARNING - 

-----------------------------------------
root - WARNING - 

-----------------------------------------
root - WARNING - General Log - 
root - WARNING - {'name': 'kube-znn-5fb97667db-nrcb9.173fb4002ba684e9', 'type': 'Normal', 'message': 'Started container znn', 'dateevent': '2023-02-01 12:44:59+00:00'}
root - WARNING - 

-----------------------------------------
root - WARNING - 

-----------------------------------------
root - WARNING - General Log - 
root - WARNING - {'name': 'kube-znn-5fb97667db-nrcb9.173fb4002fe02311', 'type': 'Normal', 'message': 'Container image "openresty/openresty:alpine-fat" already present on machine', 'dateevent': '2023-02-01 12:44:59+00:00'}
root - WARNING - 

-----------------------------------------
root - WARNING - 

-----------------------------------------
root - WARNING - General Log - 
root - WARNING - {'name': 'kube-znn-5fb97667db-nrcb9.173fb40047aec482', 'type': 'Normal', 'message': 'Created container nginx', 'dateevent': '2023-02-01 12:44:59+00:00'}
root - WARNING - 

-----------------------------------------
root - WARNING - 

-----------------------------------------
root - WARNING - General Log - 
root - WARNING - {'name': 'kube-znn-5fb97667db-nrcb9.173fb400553c302c', 'type': 'Normal', 'message': 'Started container nginx', 'dateevent': '2023-02-01 12:44:59+00:00'}
root - WARNING - 

-----------------------------------------
root - WARNING - 

-----------------------------------------
root - WARNING - General Log - 
root - WARNING - {'name': 'kube-znn.173fb401e2a10331', 'type': 'Normal', 'message': 'Scaled up replica set kube-znn-5fb97667db to 3', 'dateevent': '2023-02-01 12:45:06+00:00'}
root - WARNING - 

-----------------------------------------
root - WARNING - 

-----------------------------------------
root - WARNING - 

Captured event for znn: 
root - WARNING - {'name': 'kube-znn.173fb401e2a10331', 'type': 'Normal', 'message': 'Scaled up replica set kube-znn-5fb97667db to 3', 'dateevent': '2023-02-01 12:45:06+00:00', 'image': 'cmendes/znn:800k', 'replicas': 3, 'imageChanges': 0, 'replicasChanges': 3}
root - WARNING - 

-----------------------------------------
root - WARNING - 

-----------------------------------------
root - WARNING - General Log - 
root - WARNING - {'name': 'kube-znn-5fb97667db.173fb401e307450a', 'type': 'Normal', 'message': 'Created pod: kube-znn-5fb97667db-vcmf6', 'dateevent': '2023-02-01 12:45:06+00:00'}
root - WARNING - 

-----------------------------------------
root - WARNING - 

-----------------------------------------
root - WARNING - General Log - 
root - WARNING - {'name': 'kube-znn-5fb97667db-vcmf6.173fb401e3c23658', 'type': 'Normal', 'message': 'Successfully assigned default/kube-znn-5fb97667db-vcmf6 to minikube', 'dateevent': '2023-02-01 12:45:06+00:00'}
root - WARNING - 

-----------------------------------------
root - WARNING - 

-----------------------------------------
root - WARNING - General Log - 
root - WARNING - {'name': 'kube-znn-5fb97667db-vcmf6.173fb40213cd2908', 'type': 'Normal', 'message': 'Container image "cmendes/znn:800k" already present on machine', 'dateevent': '2023-02-01 12:45:07+00:00'}
root - WARNING - 

-----------------------------------------
root - WARNING - 

-----------------------------------------
root - WARNING - General Log - 
root - WARNING - {'name': 'kube-znn-5fb97667db-vcmf6.173fb4021891554f', 'type': 'Normal', 'message': 'Created container znn', 'dateevent': '2023-02-01 12:45:07+00:00'}
root - WARNING - 

-----------------------------------------
root - WARNING - 

-----------------------------------------
root - WARNING - General Log - 
root - WARNING - {'name': 'kube-znn-5fb97667db-vcmf6.173fb40225aafd8e', 'type': 'Normal', 'message': 'Started container znn', 'dateevent': '2023-02-01 12:45:07+00:00'}
root - WARNING - 

-----------------------------------------
root - WARNING - 

-----------------------------------------
root - WARNING - General Log - 
root - WARNING - {'name': 'kube-znn-5fb97667db-vcmf6.173fb4022a205b70', 'type': 'Normal', 'message': 'Container image "openresty/openresty:alpine-fat" already present on machine', 'dateevent': '2023-02-01 12:45:07+00:00'}
root - WARNING - 

-----------------------------------------
root - WARNING - 

-----------------------------------------
root - WARNING - General Log - 
root - WARNING - {'name': 'kube-znn-5fb97667db-vcmf6.173fb40242e6052a', 'type': 'Normal', 'message': 'Created container nginx', 'dateevent': '2023-02-01 12:45:08+00:00'}
root - WARNING - 

-----------------------------------------
root - WARNING - 

-----------------------------------------
root - WARNING - General Log - 
root - WARNING - {'name': 'kube-znn-5fb97667db-vcmf6.173fb40250cceab9', 'type': 'Normal', 'message': 'Started container nginx', 'dateevent': '2023-02-01 12:45:08+00:00'}
root - WARNING - 

-----------------------------------------
root - WARNING - 

-----------------------------------------
root - WARNING - General Log - 
root - WARNING - {'name': 'kube-znn.173fb4030bc3dbe7', 'type': 'Normal', 'message': 'Scaled up replica set kube-znn-5fb97667db to 4', 'dateevent': '2023-02-01 12:45:11+00:00'}
root - WARNING - 

-----------------------------------------
root - WARNING - 

-----------------------------------------
root - WARNING - 

Captured event for znn: 
root - WARNING - {'name': 'kube-znn.173fb4030bc3dbe7', 'type': 'Normal', 'message': 'Scaled up replica set kube-znn-5fb97667db to 4', 'dateevent': '2023-02-01 12:45:11+00:00', 'image': 'cmendes/znn:800k', 'replicas': 4, 'imageChanges': 0, 'replicasChanges': 4}
root - WARNING - 

-----------------------------------------
root - WARNING - 

-----------------------------------------
root - WARNING - General Log - 
root - WARNING - {'name': 'kube-znn-5fb97667db.173fb4030c5c8b64', 'type': 'Normal', 'message': 'Created pod: kube-znn-5fb97667db-scrzs', 'dateevent': '2023-02-01 12:45:11+00:00'}
root - WARNING - 

-----------------------------------------
root - WARNING - 

-----------------------------------------
root - WARNING - General Log - 
root - WARNING - {'name': 'kube-znn-5fb97667db-scrzs.173fb4030d28e5b3', 'type': 'Normal', 'message': 'Successfully assigned default/kube-znn-5fb97667db-scrzs to minikube', 'dateevent': '2023-02-01 12:45:11+00:00'}
root - WARNING - 

-----------------------------------------
root - WARNING - 

-----------------------------------------
root - WARNING - General Log - 
root - WARNING - {'name': 'kube-znn-5fb97667db-scrzs.173fb403402916b0', 'type': 'Normal', 'message': 'Container image "cmendes/znn:800k" already present on machine', 'dateevent': '2023-02-01 12:45:12+00:00'}
root - WARNING - 

-----------------------------------------
root - WARNING - 

-----------------------------------------
root - WARNING - General Log - 
root - WARNING - {'name': 'kube-znn-5fb97667db-scrzs.173fb4034540d692', 'type': 'Normal', 'message': 'Created container znn', 'dateevent': '2023-02-01 12:45:12+00:00'}
root - WARNING - 

-----------------------------------------
root - WARNING - 

-----------------------------------------
root - WARNING - General Log - 
root - WARNING - {'name': 'kube-znn-5fb97667db-scrzs.173fb40352bb03df', 'type': 'Normal', 'message': 'Started container znn', 'dateevent': '2023-02-01 12:45:12+00:00'}
root - WARNING - 

-----------------------------------------
root - WARNING - 

-----------------------------------------
root - WARNING - General Log - 
root - WARNING - {'name': 'kube-znn-5fb97667db-scrzs.173fb40358341e28', 'type': 'Normal', 'message': 'Container image "openresty/openresty:alpine-fat" already present on machine', 'dateevent': '2023-02-01 12:45:12+00:00'}
root - WARNING - 

-----------------------------------------
root - WARNING - 

-----------------------------------------
root - WARNING - General Log - 
root - WARNING - {'name': 'kube-znn-5fb97667db-scrzs.173fb40371afa44b', 'type': 'Normal', 'message': 'Created container nginx', 'dateevent': '2023-02-01 12:45:13+00:00'}
root - WARNING - 

-----------------------------------------
root - WARNING - 

-----------------------------------------
root - WARNING - General Log - 
root - WARNING - {'name': 'kube-znn-5fb97667db-scrzs.173fb4037e86f134', 'type': 'Normal', 'message': 'Started container nginx', 'dateevent': '2023-02-01 12:45:13+00:00'}
root - WARNING - 

-----------------------------------------
root - WARNING - 

-----------------------------------------
root - WARNING - General Log - 
root - WARNING - {'name': 'kube-znn.173fb40432c43a21', 'type': 'Normal', 'message': 'Scaled up replica set kube-znn-5fb97667db to 5', 'dateevent': '2023-02-01 12:45:16+00:00'}
root - WARNING - 

-----------------------------------------
root - WARNING - 

-----------------------------------------
root - WARNING - 

Captured event for znn: 
root - WARNING - {'name': 'kube-znn.173fb40432c43a21', 'type': 'Normal', 'message': 'Scaled up replica set kube-znn-5fb97667db to 5', 'dateevent': '2023-02-01 12:45:16+00:00', 'image': 'cmendes/znn:800k', 'replicas': 5, 'imageChanges': 0, 'replicasChanges': 5}
root - WARNING - 

-----------------------------------------
root - WARNING - 

-----------------------------------------
root - WARNING - General Log - 
root - WARNING - {'name': 'kube-znn-5fb97667db.173fb404330c12ea', 'type': 'Normal', 'message': 'Created pod: kube-znn-5fb97667db-8nsv8', 'dateevent': '2023-02-01 12:45:16+00:00'}
root - WARNING - 

-----------------------------------------
root - WARNING - 

-----------------------------------------
root - WARNING - General Log - 
root - WARNING - {'name': 'kube-znn-5fb97667db-8nsv8.173fb40433e888a3', 'type': 'Normal', 'message': 'Successfully assigned default/kube-znn-5fb97667db-8nsv8 to minikube', 'dateevent': '2023-02-01 12:45:16+00:00'}
root - WARNING - 

-----------------------------------------
root - WARNING - 

-----------------------------------------
root - WARNING - General Log - 
root - WARNING - {'name': 'kube-znn-5fb97667db-8nsv8.173fb40462c611eb', 'type': 'Normal', 'message': 'Container image "cmendes/znn:800k" already present on machine', 'dateevent': '2023-02-01 12:45:17+00:00'}
root - WARNING - 

-----------------------------------------
root - WARNING - 

-----------------------------------------
root - WARNING - General Log - 
root - WARNING - {'name': 'kube-znn-5fb97667db-8nsv8.173fb40467d48385', 'type': 'Normal', 'message': 'Created container znn', 'dateevent': '2023-02-01 12:45:17+00:00'}
root - WARNING - 

-----------------------------------------
root - WARNING - 

-----------------------------------------
root - WARNING - General Log - 
root - WARNING - {'name': 'kube-znn-5fb97667db-8nsv8.173fb404764be14a', 'type': 'Normal', 'message': 'Started container znn', 'dateevent': '2023-02-01 12:45:17+00:00'}
root - WARNING - 

-----------------------------------------
root - WARNING - 

-----------------------------------------
root - WARNING - General Log - 
root - WARNING - {'name': 'kube-znn-5fb97667db-8nsv8.173fb4047c1c2b67', 'type': 'Normal', 'message': 'Container image "openresty/openresty:alpine-fat" already present on machine', 'dateevent': '2023-02-01 12:45:17+00:00'}
root - WARNING - 

-----------------------------------------
root - WARNING - 

-----------------------------------------
root - WARNING - General Log - 
root - WARNING - {'name': 'kube-znn-5fb97667db-8nsv8.173fb404970c6030', 'type': 'Normal', 'message': 'Created container nginx', 'dateevent': '2023-02-01 12:45:18+00:00'}
root - WARNING - 

-----------------------------------------
root - WARNING - 

-----------------------------------------
root - WARNING - General Log - 
root - WARNING - {'name': 'kube-znn-5fb97667db-8nsv8.173fb404a4f06f10', 'type': 'Normal', 'message': 'Started container nginx', 'dateevent': '2023-02-01 12:45:18+00:00'}
root - WARNING - 

-----------------------------------------
root - WARNING - 

-----------------------------------------
root - WARNING - General Log - 
root - WARNING - {'name': 'kube-znn.173fb4055a2c3df8', 'type': 'Normal', 'message': 'Scaled up replica set kube-znn-5fb97667db to 6', 'dateevent': '2023-02-01 12:45:21+00:00'}
root - WARNING - 

-----------------------------------------
root - WARNING - 

-----------------------------------------
root - WARNING - 

Captured event for znn: 
root - WARNING - {'name': 'kube-znn.173fb4055a2c3df8', 'type': 'Normal', 'message': 'Scaled up replica set kube-znn-5fb97667db to 6', 'dateevent': '2023-02-01 12:45:21+00:00', 'image': 'cmendes/znn:800k', 'replicas': 6, 'imageChanges': 0, 'replicasChanges': 6}
root - WARNING - 

-----------------------------------------
root - WARNING - 

-----------------------------------------
root - WARNING - General Log - 
root - WARNING - {'name': 'kube-znn-5fb97667db.173fb4055a857214', 'type': 'Normal', 'message': 'Created pod: kube-znn-5fb97667db-tvvcz', 'dateevent': '2023-02-01 12:45:21+00:00'}
root - WARNING - 

-----------------------------------------
root - WARNING - 

-----------------------------------------
root - WARNING - General Log - 
root - WARNING - {'name': 'kube-znn-5fb97667db-tvvcz.173fb4055b0188f6', 'type': 'Normal', 'message': 'Successfully assigned default/kube-znn-5fb97667db-tvvcz to minikube', 'dateevent': '2023-02-01 12:45:21+00:00'}
root - WARNING - 

-----------------------------------------
root - WARNING - 

-----------------------------------------
root - WARNING - General Log - 
root - WARNING - {'name': 'kube-znn-5fb97667db-tvvcz.173fb40589ce73ce', 'type': 'Normal', 'message': 'Container image "cmendes/znn:800k" already present on machine', 'dateevent': '2023-02-01 12:45:22+00:00'}
root - WARNING - 

-----------------------------------------
root - WARNING - 

-----------------------------------------
root - WARNING - General Log - 
root - WARNING - {'name': 'kube-znn-5fb97667db-tvvcz.173fb405901a7601', 'type': 'Normal', 'message': 'Created container znn', 'dateevent': '2023-02-01 12:45:22+00:00'}
root - WARNING - 

-----------------------------------------
root - WARNING - 

-----------------------------------------
root - WARNING - General Log - 
root - WARNING - {'name': 'kube-znn-5fb97667db-tvvcz.173fb4059e164e1d', 'type': 'Normal', 'message': 'Started container znn', 'dateevent': '2023-02-01 12:45:22+00:00'}
root - WARNING - 

-----------------------------------------
root - WARNING - 

-----------------------------------------
root - WARNING - General Log - 
root - WARNING - {'name': 'kube-znn-5fb97667db-tvvcz.173fb405a5796b33', 'type': 'Normal', 'message': 'Container image "openresty/openresty:alpine-fat" already present on machine', 'dateevent': '2023-02-01 12:45:22+00:00'}
root - WARNING - 

-----------------------------------------
root - WARNING - 

-----------------------------------------
root - WARNING - General Log - 
root - WARNING - {'name': 'kube-znn-5fb97667db-tvvcz.173fb405c094f0b9', 'type': 'Normal', 'message': 'Created container nginx', 'dateevent': '2023-02-01 12:45:23+00:00'}
root - WARNING - 

-----------------------------------------
root - WARNING - 

-----------------------------------------
root - WARNING - General Log - 
root - WARNING - {'name': 'kube-znn-5fb97667db-tvvcz.173fb405ced8c987', 'type': 'Normal', 'message': 'Started container nginx', 'dateevent': '2023-02-01 12:45:23+00:00'}
root - WARNING - 

-----------------------------------------
root - WARNING - 

-----------------------------------------
root - WARNING - General Log - 
root - WARNING - {'name': 'kube-znn.173fb406842f6837', 'type': 'Normal', 'message': 'Scaled up replica set kube-znn-5fb97667db to 7', 'dateevent': '2023-02-01 12:45:26+00:00'}
root - WARNING - 

-----------------------------------------
root - WARNING - 

-----------------------------------------
root - WARNING - 

Captured event for znn: 
root - WARNING - {'name': 'kube-znn.173fb406842f6837', 'type': 'Normal', 'message': 'Scaled up replica set kube-znn-5fb97667db to 7', 'dateevent': '2023-02-01 12:45:26+00:00', 'image': 'cmendes/znn:800k', 'replicas': 7, 'imageChanges': 0, 'replicasChanges': 7}
root - WARNING - 

-----------------------------------------
root - WARNING - 

-----------------------------------------
root - WARNING - General Log - 
root - WARNING - {'name': 'kube-znn-5fb97667db.173fb40684a03612', 'type': 'Normal', 'message': 'Created pod: kube-znn-5fb97667db-qhbxj', 'dateevent': '2023-02-01 12:45:26+00:00'}
root - WARNING - 

-----------------------------------------
root - WARNING - 

-----------------------------------------
root - WARNING - General Log - 
root - WARNING - {'name': 'kube-znn-5fb97667db-qhbxj.173fb4068503792a', 'type': 'Normal', 'message': 'Successfully assigned default/kube-znn-5fb97667db-qhbxj to minikube', 'dateevent': '2023-02-01 12:45:26+00:00'}
root - WARNING - 

-----------------------------------------
root - WARNING - 

-----------------------------------------
root - WARNING - General Log - 
root - WARNING - {'name': 'kube-znn-5fb97667db-qhbxj.173fb406b8ec562d', 'type': 'Normal', 'message': 'Container image "cmendes/znn:800k" already present on machine', 'dateevent': '2023-02-01 12:45:27+00:00'}
root - WARNING - 

-----------------------------------------
root - WARNING - 

-----------------------------------------
root - WARNING - General Log - 
root - WARNING - {'name': 'kube-znn-5fb97667db-qhbxj.173fb406be73bdb6', 'type': 'Normal', 'message': 'Created container znn', 'dateevent': '2023-02-01 12:45:27+00:00'}
root - WARNING - 

-----------------------------------------
root - WARNING - 

-----------------------------------------
root - WARNING - General Log - 
root - WARNING - {'name': 'kube-znn-5fb97667db-qhbxj.173fb406cc624589', 'type': 'Normal', 'message': 'Started container znn', 'dateevent': '2023-02-01 12:45:27+00:00'}
root - WARNING - 

-----------------------------------------
root - WARNING - 

-----------------------------------------
root - WARNING - General Log - 
root - WARNING - {'name': 'kube-znn-5fb97667db-qhbxj.173fb406d0fac6a6', 'type': 'Normal', 'message': 'Container image "openresty/openresty:alpine-fat" already present on machine', 'dateevent': '2023-02-01 12:45:27+00:00'}
root - WARNING - 

-----------------------------------------
root - WARNING - 

-----------------------------------------
root - WARNING - General Log - 
root - WARNING - {'name': 'kube-znn-5fb97667db-qhbxj.173fb406f034f4c4', 'type': 'Normal', 'message': 'Created container nginx', 'dateevent': '2023-02-01 12:45:28+00:00'}
root - WARNING - 

-----------------------------------------
root - WARNING - 

-----------------------------------------
root - WARNING - General Log - 
root - WARNING - {'name': 'kube-znn-5fb97667db-qhbxj.173fb406ff4f4ab8', 'type': 'Normal', 'message': 'Started container nginx', 'dateevent': '2023-02-01 12:45:28+00:00'}
root - WARNING - 

-----------------------------------------
root - WARNING - 

-----------------------------------------
root - WARNING - General Log - 
root - WARNING - {'name': 'kube-znn.173fb407ace98dc2', 'type': 'Normal', 'message': 'Scaled up replica set kube-znn-5fb97667db to 8', 'dateevent': '2023-02-01 12:45:31+00:00'}
root - WARNING - 

-----------------------------------------
root - WARNING - 

-----------------------------------------
root - WARNING - 

Captured event for znn: 
root - WARNING - {'name': 'kube-znn.173fb407ace98dc2', 'type': 'Normal', 'message': 'Scaled up replica set kube-znn-5fb97667db to 8', 'dateevent': '2023-02-01 12:45:31+00:00', 'image': 'cmendes/znn:800k', 'replicas': 8, 'imageChanges': 0, 'replicasChanges': 8}
root - WARNING - 

-----------------------------------------
root - WARNING - 

-----------------------------------------
root - WARNING - General Log - 
root - WARNING - {'name': 'kube-znn-5fb97667db.173fb407ae8605c7', 'type': 'Normal', 'message': 'Created pod: kube-znn-5fb97667db-dbfw5', 'dateevent': '2023-02-01 12:45:31+00:00'}
root - WARNING - 

-----------------------------------------
root - WARNING - 

-----------------------------------------
root - WARNING - General Log - 
root - WARNING - {'name': 'kube-znn-5fb97667db-dbfw5.173fb407af61d206', 'type': 'Normal', 'message': 'Successfully assigned default/kube-znn-5fb97667db-dbfw5 to minikube', 'dateevent': '2023-02-01 12:45:31+00:00'}
root - WARNING - 

-----------------------------------------
root - WARNING - 

-----------------------------------------
root - WARNING - General Log - 
root - WARNING - {'name': 'kube-znn-5fb97667db-dbfw5.173fb407e72f5b4f', 'type': 'Normal', 'message': 'Container image "cmendes/znn:800k" already present on machine', 'dateevent': '2023-02-01 12:45:32+00:00'}
root - WARNING - 

-----------------------------------------
root - WARNING - 

-----------------------------------------
root - WARNING - General Log - 
root - WARNING - {'name': 'kube-znn-5fb97667db-dbfw5.173fb407ec326ac8', 'type': 'Normal', 'message': 'Created container znn', 'dateevent': '2023-02-01 12:45:32+00:00'}
root - WARNING - 

-----------------------------------------
root - WARNING - 

-----------------------------------------
root - WARNING - General Log - 
root - WARNING - {'name': 'kube-znn-5fb97667db-dbfw5.173fb407f8d6e578', 'type': 'Normal', 'message': 'Started container znn', 'dateevent': '2023-02-01 12:45:32+00:00'}
root - WARNING - 

-----------------------------------------
root - WARNING - 

-----------------------------------------
root - WARNING - General Log - 
root - WARNING - {'name': 'kube-znn-5fb97667db-dbfw5.173fb407ff6d084c', 'type': 'Normal', 'message': 'Container image "openresty/openresty:alpine-fat" already present on machine', 'dateevent': '2023-02-01 12:45:32+00:00'}
root - WARNING - 

-----------------------------------------
root - WARNING - 

-----------------------------------------
root - WARNING - General Log - 
root - WARNING - {'name': 'kube-znn-5fb97667db-dbfw5.173fb40821fec60b', 'type': 'Normal', 'message': 'Created container nginx', 'dateevent': '2023-02-01 12:45:33+00:00'}
root - WARNING - 

-----------------------------------------
root - WARNING - 

-----------------------------------------
root - WARNING - General Log - 
root - WARNING - {'name': 'kube-znn-5fb97667db-dbfw5.173fb4083085a69a', 'type': 'Normal', 'message': 'Started container nginx', 'dateevent': '2023-02-01 12:45:33+00:00'}
root - WARNING - 

-----------------------------------------
root - WARNING - 

-----------------------------------------
root - WARNING - General Log - 
root - WARNING - {'name': 'kube-znn.173fb408dc831306', 'type': 'Normal', 'message': 'Scaled up replica set kube-znn-5fb97667db to 9', 'dateevent': '2023-02-01 12:45:36+00:00'}
root - WARNING - 

-----------------------------------------
root - WARNING - 

-----------------------------------------
root - WARNING - 

Captured event for znn: 
root - WARNING - {'name': 'kube-znn.173fb408dc831306', 'type': 'Normal', 'message': 'Scaled up replica set kube-znn-5fb97667db to 9', 'dateevent': '2023-02-01 12:45:36+00:00', 'image': 'cmendes/znn:800k', 'replicas': 9, 'imageChanges': 0, 'replicasChanges': 9}
root - WARNING - 

-----------------------------------------
root - WARNING - 

-----------------------------------------
root - WARNING - General Log - 
root - WARNING - {'name': 'kube-znn-5fb97667db.173fb408dd4c427b', 'type': 'Normal', 'message': 'Created pod: kube-znn-5fb97667db-96qlc', 'dateevent': '2023-02-01 12:45:36+00:00'}
root - WARNING - 

-----------------------------------------
root - WARNING - 

-----------------------------------------
root - WARNING - General Log - 
root - WARNING - {'name': 'kube-znn-5fb97667db-96qlc.173fb408dda44b65', 'type': 'Normal', 'message': 'Successfully assigned default/kube-znn-5fb97667db-96qlc to minikube', 'dateevent': '2023-02-01 12:45:36+00:00'}
root - WARNING - 

-----------------------------------------
root - WARNING - 

-----------------------------------------
root - WARNING - General Log - 
root - WARNING - {'name': 'kube-znn-5fb97667db-96qlc.173fb4090f15b42d', 'type': 'Normal', 'message': 'Container image "cmendes/znn:800k" already present on machine', 'dateevent': '2023-02-01 12:45:37+00:00'}
root - WARNING - 

-----------------------------------------
root - WARNING - 

-----------------------------------------
root - WARNING - General Log - 
root - WARNING - {'name': 'kube-znn-5fb97667db-96qlc.173fb409145d205c', 'type': 'Normal', 'message': 'Created container znn', 'dateevent': '2023-02-01 12:45:37+00:00'}
root - WARNING - 

-----------------------------------------
root - WARNING - 

-----------------------------------------
root - WARNING - General Log - 
root - WARNING - {'name': 'kube-znn-5fb97667db-96qlc.173fb40921d771c1', 'type': 'Normal', 'message': 'Started container znn', 'dateevent': '2023-02-01 12:45:37+00:00'}
root - WARNING - 

-----------------------------------------
root - WARNING - 

-----------------------------------------
root - WARNING - General Log - 
root - WARNING - {'name': 'kube-znn-5fb97667db-96qlc.173fb4092614e0c7', 'type': 'Normal', 'message': 'Container image "openresty/openresty:alpine-fat" already present on machine', 'dateevent': '2023-02-01 12:45:37+00:00'}
root - WARNING - 

-----------------------------------------
root - WARNING - 

-----------------------------------------
root - WARNING - General Log - 
root - WARNING - {'name': 'kube-znn-5fb97667db-96qlc.173fb409487ed154', 'type': 'Normal', 'message': 'Created container nginx', 'dateevent': '2023-02-01 12:45:38+00:00'}
root - WARNING - 

-----------------------------------------
root - WARNING - 

-----------------------------------------
root - WARNING - General Log - 
root - WARNING - {'name': 'kube-znn-5fb97667db-96qlc.173fb40957829875', 'type': 'Normal', 'message': 'Started container nginx', 'dateevent': '2023-02-01 12:45:38+00:00'}
root - WARNING - 

-----------------------------------------
root - WARNING - 

-----------------------------------------
root - WARNING - General Log - 
root - WARNING - {'name': 'kube-znn.173fb410fe4ca7ff', 'type': 'Normal', 'message': '(combined from similar events): Scaled down replica set kube-znn-5fb97667db to 8', 'dateevent': '2023-02-01 12:46:11+00:00'}
root - WARNING - 

-----------------------------------------
root - WARNING - 

-----------------------------------------
root - WARNING - 

Captured event for znn: 
root - WARNING - {'name': 'kube-znn.173fb410fe4ca7ff', 'type': 'Normal', 'message': '(combined from similar events): Scaled down replica set kube-znn-5fb97667db to 8', 'dateevent': '2023-02-01 12:46:11+00:00', 'image': 'cmendes/znn:800k', 'replicas': 8, 'imageChanges': 0, 'replicasChanges': 10}
root - WARNING - 

-----------------------------------------
root - WARNING - 

-----------------------------------------
root - WARNING - General Log - 
root - WARNING - {'name': 'kube-znn-5fb97667db-96qlc.173fb410fedfe383', 'type': 'Normal', 'message': 'Stopping container nginx', 'dateevent': '2023-02-01 12:46:11+00:00'}
root - WARNING - 

-----------------------------------------
root - WARNING - 

-----------------------------------------
root - WARNING - General Log - 
root - WARNING - {'name': 'kube-znn-5fb97667db.173fb410fefefe58', 'type': 'Normal', 'message': 'Deleted pod: kube-znn-5fb97667db-96qlc', 'dateevent': '2023-02-01 12:46:11+00:00'}
root - WARNING - 

-----------------------------------------
root - WARNING - 

-----------------------------------------
root - WARNING - General Log - 
root - WARNING - {'name': 'kube-znn-5fb97667db-96qlc.173fb410fedbd475', 'type': 'Normal', 'message': 'Stopping container znn', 'dateevent': '2023-02-01 12:46:11+00:00'}
root - WARNING - 

-----------------------------------------
root - WARNING - 

-----------------------------------------
root - WARNING - General Log - 
root - WARNING - {'name': 'kube-znn.173fb410fe4ca7ff', 'type': 'Normal', 'message': '(combined from similar events): Scaled down replica set kube-znn-5fb97667db to 7', 'dateevent': '2023-02-01 12:46:11+00:00'}
root - WARNING - 

-----------------------------------------
root - WARNING - 

-----------------------------------------
root - WARNING - 

Captured event for znn: 
root - WARNING - {'name': 'kube-znn.173fb410fe4ca7ff', 'type': 'Normal', 'message': '(combined from similar events): Scaled down replica set kube-znn-5fb97667db to 7', 'dateevent': '2023-02-01 12:46:11+00:00', 'image': 'cmendes/znn:800k', 'replicas': 7, 'imageChanges': 0, 'replicasChanges': 11}
root - WARNING - 

-----------------------------------------
root - WARNING - 

-----------------------------------------
root - WARNING - General Log - 
root - WARNING - {'name': 'kube-znn-5fb97667db.173fb41228814edf', 'type': 'Normal', 'message': 'Deleted pod: kube-znn-5fb97667db-dbfw5', 'dateevent': '2023-02-01 12:46:16+00:00'}
root - WARNING - 

-----------------------------------------
root - WARNING - 

-----------------------------------------
root - WARNING - General Log - 
root - WARNING - {'name': 'kube-znn-5fb97667db-dbfw5.173fb412289920e0', 'type': 'Normal', 'message': 'Stopping container nginx', 'dateevent': '2023-02-01 12:46:16+00:00'}
root - WARNING - 

-----------------------------------------
root - WARNING - 

-----------------------------------------
root - WARNING - General Log - 
root - WARNING - {'name': 'kube-znn-5fb97667db-dbfw5.173fb4122894fcba', 'type': 'Normal', 'message': 'Stopping container znn', 'dateevent': '2023-02-01 12:46:16+00:00'}
root - WARNING - 

-----------------------------------------
root - WARNING - 

-----------------------------------------
root - WARNING - General Log - 
root - WARNING - {'name': 'kube-znn.173fb410fe4ca7ff', 'type': 'Normal', 'message': '(combined from similar events): Scaled down replica set kube-znn-5fb97667db to 6', 'dateevent': '2023-02-01 12:46:11+00:00'}
root - WARNING - 

-----------------------------------------
root - WARNING - 

-----------------------------------------
root - WARNING - 

Captured event for znn: 
root - WARNING - {'name': 'kube-znn.173fb410fe4ca7ff', 'type': 'Normal', 'message': '(combined from similar events): Scaled down replica set kube-znn-5fb97667db to 6', 'dateevent': '2023-02-01 12:46:11+00:00', 'image': 'cmendes/znn:800k', 'replicas': 6, 'imageChanges': 0, 'replicasChanges': 12}
root - WARNING - 

-----------------------------------------
root - WARNING - 

-----------------------------------------
root - WARNING - General Log - 
root - WARNING - {'name': 'kube-znn-5fb97667db.173fb41a4c5b2968', 'type': 'Normal', 'message': 'Deleted pod: kube-znn-5fb97667db-qhbxj', 'dateevent': '2023-02-01 12:46:51+00:00'}
root - WARNING - 

-----------------------------------------
root - WARNING - 

-----------------------------------------
root - WARNING - General Log - 
root - WARNING - {'name': 'kube-znn-5fb97667db-qhbxj.173fb41a4c7eb99c', 'type': 'Normal', 'message': 'Stopping container nginx', 'dateevent': '2023-02-01 12:46:51+00:00'}
root - WARNING - 

-----------------------------------------
root - WARNING - 

-----------------------------------------
root - WARNING - General Log - 
root - WARNING - {'name': 'kube-znn-5fb97667db-qhbxj.173fb41a4c7c8ef3', 'type': 'Normal', 'message': 'Stopping container znn', 'dateevent': '2023-02-01 12:46:51+00:00'}
root - WARNING - 

-----------------------------------------
root - WARNING - 

-----------------------------------------
root - WARNING - General Log - 
root - WARNING - {'name': 'kube-znn.173fb410fe4ca7ff', 'type': 'Normal', 'message': '(combined from similar events): Scaled down replica set kube-znn-5fb97667db to 5', 'dateevent': '2023-02-01 12:46:11+00:00'}
root - WARNING - 

-----------------------------------------
root - WARNING - 

-----------------------------------------
root - WARNING - 

Captured event for znn: 
root - WARNING - {'name': 'kube-znn.173fb410fe4ca7ff', 'type': 'Normal', 'message': '(combined from similar events): Scaled down replica set kube-znn-5fb97667db to 5', 'dateevent': '2023-02-01 12:46:11+00:00', 'image': 'cmendes/znn:800k', 'replicas': 5, 'imageChanges': 0, 'replicasChanges': 13}
root - WARNING - 

-----------------------------------------
root - WARNING - 

-----------------------------------------
root - WARNING - General Log - 
root - WARNING - {'name': 'kube-znn-5fb97667db.173fb41b76cde8f4', 'type': 'Normal', 'message': 'Deleted pod: kube-znn-5fb97667db-tvvcz', 'dateevent': '2023-02-01 12:46:56+00:00'}
root - WARNING - 

-----------------------------------------
root - WARNING - 

-----------------------------------------
root - WARNING - General Log - 
root - WARNING - {'name': 'kube-znn-5fb97667db-tvvcz.173fb41b771afdeb', 'type': 'Normal', 'message': 'Stopping container znn', 'dateevent': '2023-02-01 12:46:56+00:00'}
root - WARNING - 

-----------------------------------------
root - WARNING - 

-----------------------------------------
root - WARNING - General Log - 
root - WARNING - {'name': 'kube-znn-5fb97667db-tvvcz.173fb41b771bc9d0', 'type': 'Normal', 'message': 'Stopping container nginx', 'dateevent': '2023-02-01 12:46:56+00:00'}
root - WARNING - 

-----------------------------------------
root - WARNING - 

-----------------------------------------
root - WARNING - General Log - 
root - WARNING - {'name': 'kube-znn.173fb410fe4ca7ff', 'type': 'Normal', 'message': '(combined from similar events): Scaled down replica set kube-znn-5fb97667db to 4', 'dateevent': '2023-02-01 12:46:11+00:00'}
root - WARNING - 

-----------------------------------------
root - WARNING - 

-----------------------------------------
root - WARNING - 

Captured event for znn: 
root - WARNING - {'name': 'kube-znn.173fb410fe4ca7ff', 'type': 'Normal', 'message': '(combined from similar events): Scaled down replica set kube-znn-5fb97667db to 4', 'dateevent': '2023-02-01 12:46:11+00:00', 'image': 'cmendes/znn:800k', 'replicas': 4, 'imageChanges': 0, 'replicasChanges': 14}
root - WARNING - 

-----------------------------------------
root - WARNING - 

-----------------------------------------
root - WARNING - General Log - 
root - WARNING - {'name': 'kube-znn-5fb97667db-8nsv8.173fb4239e93f59b', 'type': 'Normal', 'message': 'Stopping container nginx', 'dateevent': '2023-02-01 12:47:31+00:00'}
root - WARNING - 

-----------------------------------------
root - WARNING - 

-----------------------------------------
root - WARNING - General Log - 
root - WARNING - {'name': 'kube-znn-5fb97667db.173fb4239ecb691a', 'type': 'Normal', 'message': 'Deleted pod: kube-znn-5fb97667db-8nsv8', 'dateevent': '2023-02-01 12:47:31+00:00'}
root - WARNING - 

-----------------------------------------
root - WARNING - 

-----------------------------------------
root - WARNING - General Log - 
root - WARNING - {'name': 'kube-znn-5fb97667db-8nsv8.173fb4239e8ee401', 'type': 'Normal', 'message': 'Stopping container znn', 'dateevent': '2023-02-01 12:47:31+00:00'}
root - WARNING - 

-----------------------------------------
root - WARNING - 

-----------------------------------------
root - WARNING - General Log - 
root - WARNING - {'name': 'kube-znn.173fb410fe4ca7ff', 'type': 'Normal', 'message': '(combined from similar events): Scaled down replica set kube-znn-5fb97667db to 3', 'dateevent': '2023-02-01 12:46:11+00:00'}
root - WARNING - 

-----------------------------------------
root - WARNING - 

-----------------------------------------
root - WARNING - 

Captured event for znn: 
root - WARNING - {'name': 'kube-znn.173fb410fe4ca7ff', 'type': 'Normal', 'message': '(combined from similar events): Scaled down replica set kube-znn-5fb97667db to 3', 'dateevent': '2023-02-01 12:46:11+00:00', 'image': 'cmendes/znn:800k', 'replicas': 3, 'imageChanges': 0, 'replicasChanges': 15}
root - WARNING - 

-----------------------------------------
root - WARNING - 

-----------------------------------------
root - WARNING - General Log - 
root - WARNING - {'name': 'kube-znn-5fb97667db-scrzs.173fb424c834eaea', 'type': 'Normal', 'message': 'Stopping container nginx', 'dateevent': '2023-02-01 12:47:36+00:00'}
root - WARNING - 

-----------------------------------------
root - WARNING - 

-----------------------------------------
root - WARNING - General Log - 
root - WARNING - {'name': 'kube-znn-5fb97667db.173fb424c8157c5f', 'type': 'Normal', 'message': 'Deleted pod: kube-znn-5fb97667db-scrzs', 'dateevent': '2023-02-01 12:47:36+00:00'}
root - WARNING - 

-----------------------------------------
root - WARNING - 

-----------------------------------------
root - WARNING - General Log - 
root - WARNING - {'name': 'kube-znn-5fb97667db-scrzs.173fb424c833de2d', 'type': 'Normal', 'message': 'Stopping container znn', 'dateevent': '2023-02-01 12:47:36+00:00'}
root - WARNING - 

-----------------------------------------
root - WARNING - 

-----------------------------------------
root - WARNING - General Log - 
root - WARNING - {'name': 'kube-znn-5fb97667db.173fb42cecb4af1b', 'type': 'Normal', 'message': 'Deleted pod: kube-znn-5fb97667db-vcmf6', 'dateevent': '2023-02-01 12:48:11+00:00'}
root - WARNING - 

-----------------------------------------
root - WARNING - 

-----------------------------------------
root - WARNING - General Log - 
root - WARNING - {'name': 'kube-znn-5fb97667db-vcmf6.173fb42cecd64be4', 'type': 'Normal', 'message': 'Stopping container nginx', 'dateevent': '2023-02-01 12:48:11+00:00'}
root - WARNING - 

-----------------------------------------
root - WARNING - 

-----------------------------------------
root - WARNING - General Log - 
root - WARNING - {'name': 'kube-znn.173fb410fe4ca7ff', 'type': 'Normal', 'message': '(combined from similar events): Scaled down replica set kube-znn-5fb97667db to 2', 'dateevent': '2023-02-01 12:46:11+00:00'}
root - WARNING - 

-----------------------------------------
root - WARNING - 

-----------------------------------------
root - WARNING - 

Captured event for znn: 
root - WARNING - {'name': 'kube-znn.173fb410fe4ca7ff', 'type': 'Normal', 'message': '(combined from similar events): Scaled down replica set kube-znn-5fb97667db to 2', 'dateevent': '2023-02-01 12:46:11+00:00', 'image': 'cmendes/znn:800k', 'replicas': 2, 'imageChanges': 0, 'replicasChanges': 16}
root - WARNING - 

-----------------------------------------
root - WARNING - 

-----------------------------------------
root - WARNING - General Log - 
root - WARNING - {'name': 'kube-znn-5fb97667db-vcmf6.173fb42cecd21a1a', 'type': 'Normal', 'message': 'Stopping container znn', 'dateevent': '2023-02-01 12:48:11+00:00'}
root - WARNING - 

-----------------------------------------
root - WARNING - 

-----------------------------------------
root - WARNING - General Log - 
root - WARNING - {'name': 'kube-znn.173fb410fe4ca7ff', 'type': 'Normal', 'message': '(combined from similar events): Scaled down replica set kube-znn-5fb97667db to 1', 'dateevent': '2023-02-01 12:46:11+00:00'}
root - WARNING - 

-----------------------------------------
root - WARNING - 

-----------------------------------------
root - WARNING - 

Captured event for znn: 
root - WARNING - {'name': 'kube-znn.173fb410fe4ca7ff', 'type': 'Normal', 'message': '(combined from similar events): Scaled down replica set kube-znn-5fb97667db to 1', 'dateevent': '2023-02-01 12:46:11+00:00', 'image': 'cmendes/znn:800k', 'replicas': 1, 'imageChanges': 0, 'replicasChanges': 17}
root - WARNING - 

-----------------------------------------
root - WARNING - 

-----------------------------------------
root - WARNING - General Log - 
root - WARNING - {'name': 'kube-znn-5fb97667db.173fb42e17050756', 'type': 'Normal', 'message': 'Deleted pod: kube-znn-5fb97667db-nrcb9', 'dateevent': '2023-02-01 12:48:16+00:00'}
root - WARNING - 

-----------------------------------------
root - WARNING - 

-----------------------------------------
root - WARNING - General Log - 
root - WARNING - {'name': 'kube-znn-5fb97667db-nrcb9.173fb42e172fb0d9', 'type': 'Normal', 'message': 'Stopping container znn', 'dateevent': '2023-02-01 12:48:16+00:00'}
root - WARNING - 

-----------------------------------------
root - WARNING - 

-----------------------------------------
root - WARNING - General Log - 
root - WARNING - {'name': 'kube-znn-5fb97667db-nrcb9.173fb42e17316c95', 'type': 'Normal', 'message': 'Stopping container nginx', 'dateevent': '2023-02-01 12:48:16+00:00'}
root - WARNING - 

-----------------------------------------
root - WARNING - 

-----------------------------------------
root - WARNING - An exception occurred
root - WARNING - Error: <class 'urllib3.exceptions.ReadTimeoutError'>
root - WARNING - 

-----------------------------------------
root - WARNING - 

Data collection
root - WARNING - Datetime:
root - WARNING - 20230201_095416
root - WARNING - {'name': 'Kube-znn', 'period': 0, 'initialreplicas': 1, 'initialimage': 'cmendes/znn:800k', 'initialreplicasChanges': '0', 'initialimageChanges': '0', 'initialevent': '20230201_094318', 'current_replicas': 1, 'current_image': 'cmendes/znn:800k', 'finalreplicasChanges': 17, 'finalimageChanges': 0, 'finalevent': '20230201_095416'}
root - WARNING - 

-----------------------------------------
root - WARNING - 

-----------------------------------------
root - WARNING - Generating logs for Kubow and K6.
root - WARNING - File k6-fcxt8_tracing_20230201_094318.loghas been generated.
root - WARNING - File kubow-548bb5f4b4-wjc8x_tracing_20230201_094318.loghas been generated.
root - WARNING - Finished pod stream.
root - WARNING - 

-----------------------------------------
