Reading file: automatingDataGeneration.sh
Reading file: CLong10
Reading file: CLong10.7z
Reading file: Evaluation-ZNN.7z
Reading file: fidelitya-778c6c6b8b-2h42b_tracing_20230129_070546.log

fidelitya data

Reading file: generateLogs002528
Reading file: generateLogs005657
Reading file: generateLogs011949
Reading file: generateLogs015458
Reading file: generateLogs022424
Reading file: generateLogs025408
Reading file: generateLogs032409
Reading file: generateLogs034605
Reading file: generateLogs041624
Reading file: generateLogs044544
Reading file: generateLogs051646
Reading file: generateLogs054708
Reading file: generateLogs061637
Reading file: generateLogs064759
Reading file: generateLogs121929
Reading file: generateLogs124558
Reading file: generateLogs131507
Reading file: generateLogs134342
Reading file: generateLogs140938
Reading file: generateLogs144032
Reading file: generateLogs150618
Reading file: generateLogs153301
Reading file: generateLogs155714
Reading file: generateLogs162553
Reading file: generateLogs164354
Reading file: generateLogs171441
Reading file: generateLogs174448
Reading file: generateLogs181031
Reading file: generateLogs184508
Reading file: generateLogs190356
Reading file: generateLogs192553
Reading file: generateLogs195446
Reading file: generateLogs2.sh
Reading file: generateLogs202030
Reading file: generateLogs205105
Reading file: generateLogs211405
Reading file: generateLogs214402
Reading file: generateLogs221119
Reading file: generateLogs225030
Reading file: generateLogs230943
Reading file: generateLogs232434
Reading file: k6-8xxwd_tracing_20230129_070546.log
Reading file: metacontroller-kubow-8479d7588d-5xq7r_tracing_20230129_070546.log

MetaController data

2023-01-29 10:06:36 : t0:activateLowScalabilityHighQuality

2023-01-29 10:06:46 : t0:addLowScalabilityLowQuality

2023-01-29 10:09:46 : t0:addHighScalabilityHighQuality

Reading file: README.md
Reading file: scalabilitya-78d6cbbc7d-bl44d_tracing_20230129_070546.log

scalabilitya data

2023-01-29 10:10:13 : t0:removeReplica

2023-01-29 10:10:18 : t0:removeReplica

2023-01-29 10:10:53 : t0:removeReplica

Reading file: summary-trace-znn.log
Reading file: temp
Reading file: temp2701
Reading file: test
Reading file: tools
Reading file: traceznn_20230129_070546.log

Trace znn data

{'name': 'kube-znn-db.173ebedcdb957083', 'type': 'Normal', 'message': 'Scaled up replica set kube-znn-db-6cc48797cf to 1', 'dateevent': '2023-01-29 09:52:47+00:00', 'image': 'cmendes/znn:800k', 'replicas': 1, 'imageChanges': 0, 'replicasChanges': 1}

{'name': 'kube-znn.173ebedcdad03b1c', 'type': 'Normal', 'message': 'Scaled up replica set kube-znn-68bd9d6b5b to 1', 'dateevent': '2023-01-29 09:52:47+00:00', 'image': 'cmendes/znn:800k', 'replicas': 1, 'imageChanges': 0, 'replicasChanges': 1}

{'name': 'kube-znn.173ebf948f7145ca', 'type': 'Normal', 'message': 'Scaled up replica set kube-znn-68bd9d6b5b to 2', 'dateevent': '2023-01-29 10:05:56+00:00', 'image': 'cmendes/znn:800k', 'replicas': 2, 'imageChanges': 0, 'replicasChanges': 2}

{'name': 'kube-znn.173ebf957230c539', 'type': 'Normal', 'message': 'Scaled up replica set kube-znn-68bd9d6b5b to 3', 'dateevent': '2023-01-29 10:06:00+00:00', 'image': 'cmendes/znn:800k', 'replicas': 3, 'imageChanges': 0, 'replicasChanges': 3}

{'name': 'kube-znn.173ebf96a07eb464', 'type': 'Normal', 'message': 'Scaled up replica set kube-znn-68bd9d6b5b to 4', 'dateevent': '2023-01-29 10:06:05+00:00', 'image': 'cmendes/znn:800k', 'replicas': 4, 'imageChanges': 0, 'replicasChanges': 4}

{'name': 'kube-znn.173ebf97c6296d1f', 'type': 'Normal', 'message': 'Scaled up replica set kube-znn-68bd9d6b5b to 5', 'dateevent': '2023-01-29 10:06:10+00:00', 'image': 'cmendes/znn:800k', 'replicas': 5, 'imageChanges': 0, 'replicasChanges': 5}

{'name': 'kube-znn.173ebf98ef9e16b7', 'type': 'Normal', 'message': 'Scaled up replica set kube-znn-68bd9d6b5b to 6', 'dateevent': '2023-01-29 10:06:15+00:00', 'image': 'cmendes/znn:800k', 'replicas': 6, 'imageChanges': 0, 'replicasChanges': 6}

{'name': 'kube-znn.173ebf9a1bf8af9a', 'type': 'Normal', 'message': 'Scaled up replica set kube-znn-68bd9d6b5b to 7', 'dateevent': '2023-01-29 10:06:20+00:00', 'image': 'cmendes/znn:800k', 'replicas': 7, 'imageChanges': 0, 'replicasChanges': 7}

{'name': 'kube-znn.173ebf9b43126231', 'type': 'Normal', 'message': 'Scaled up replica set kube-znn-68bd9d6b5b to 8', 'dateevent': '2023-01-29 10:06:24+00:00', 'image': 'cmendes/znn:800k', 'replicas': 8, 'imageChanges': 0, 'replicasChanges': 8}

{'name': 'kube-znn.173ebf9c6e2bf466', 'type': 'Normal', 'message': 'Scaled up replica set kube-znn-68bd9d6b5b to 9', 'dateevent': '2023-01-29 10:06:30+00:00', 'image': 'cmendes/znn:800k', 'replicas': 9, 'imageChanges': 0, 'replicasChanges': 9}

{'name': 'kube-znn.173ebf9d9761a3e1', 'type': 'Normal', 'message': 'Scaled up replica set kube-znn-68bd9d6b5b to 10', 'dateevent': '2023-01-29 10:06:35+00:00', 'image': 'cmendes/znn:800k', 'replicas': 10, 'imageChanges': 0, 'replicasChanges': 10}

{'name': 'kube-znn.173ebf9f7510426d', 'type': 'Normal', 'message': '(combined from similar events): Scaled up replica set kube-znn-7cbbf89f8 to 3', 'dateevent': '2023-01-29 10:06:43+00:00', 'image': 'cmendes/znn:600k', 'replicas': 10, 'imageChanges': 1, 'replicasChanges': 10}

{'name': 'kube-znn.173ebf9f7510426d', 'type': 'Normal', 'message': '(combined from similar events): Scaled down replica set kube-znn-68bd9d6b5b to 8', 'dateevent': '2023-01-29 10:06:43+00:00', 'image': 'cmendes/znn:600k', 'replicas': 10, 'imageChanges': 1, 'replicasChanges': 10}

{'name': 'kube-znn.173ebf9f7510426d', 'type': 'Normal', 'message': '(combined from similar events): Scaled up replica set kube-znn-7cbbf89f8 to 5', 'dateevent': '2023-01-29 10:06:43+00:00', 'image': 'cmendes/znn:600k', 'replicas': 10, 'imageChanges': 1, 'replicasChanges': 10}

{'name': 'kube-znn.173ebf9f7510426d', 'type': 'Normal', 'message': '(combined from similar events): Scaled down replica set kube-znn-68bd9d6b5b to 3', 'dateevent': '2023-01-29 10:06:43+00:00', 'image': 'cmendes/znn:600k', 'replicas': 4, 'imageChanges': 1, 'replicasChanges': 11}

{'name': 'kube-znn.173ebf9f7510426d', 'type': 'Normal', 'message': '(combined from similar events): Scaled down replica set kube-znn-7cbbf89f8 to 2', 'dateevent': '2023-01-29 10:06:43+00:00', 'image': 'cmendes/znn:600k', 'replicas': 4, 'imageChanges': 1, 'replicasChanges': 11}

{'name': 'kube-znn.173ebf9f7510426d', 'type': 'Normal', 'message': '(combined from similar events): Scaled down replica set kube-znn-68bd9d6b5b to 2', 'dateevent': '2023-01-29 10:06:43+00:00', 'image': 'cmendes/znn:600k', 'replicas': 4, 'imageChanges': 1, 'replicasChanges': 11}

{'name': 'kube-znn.173ebfa9bc7bc34d', 'type': 'Normal', 'message': 'Scaled up replica set kube-znn-7cbbf89f8 to 3', 'dateevent': '2023-01-29 10:07:27+00:00', 'image': 'cmendes/znn:600k', 'replicas': 4, 'imageChanges': 1, 'replicasChanges': 11}

{'name': 'kube-znn.173ebf9f7510426d', 'type': 'Normal', 'message': '(combined from similar events): Scaled down replica set kube-znn-68bd9d6b5b to 1', 'dateevent': '2023-01-29 10:06:43+00:00', 'image': 'cmendes/znn:600k', 'replicas': 4, 'imageChanges': 1, 'replicasChanges': 11}

{'name': 'kube-znn.173ebf9f7510426d', 'type': 'Normal', 'message': '(combined from similar events): Scaled up replica set kube-znn-7cbbf89f8 to 4', 'dateevent': '2023-01-29 10:06:43+00:00', 'image': 'cmendes/znn:600k', 'replicas': 4, 'imageChanges': 1, 'replicasChanges': 11}

{'name': 'kube-znn.173ebf9f7510426d', 'type': 'Normal', 'message': '(combined from similar events): Scaled down replica set kube-znn-68bd9d6b5b to 0', 'dateevent': '2023-01-29 10:06:43+00:00', 'image': 'cmendes/znn:600k', 'replicas': 4, 'imageChanges': 1, 'replicasChanges': 11}

{'name': 'kube-znn.173ebf9f7510426d', 'type': 'Normal', 'message': '(combined from similar events): Scaled up replica set kube-znn-86cccc748b to 1', 'dateevent': '2023-01-29 10:06:43+00:00', 'image': 'cmendes/znn:200k', 'replicas': 4, 'imageChanges': 2, 'replicasChanges': 11}

{'name': 'kube-znn.173ebf9f7510426d', 'type': 'Normal', 'message': '(combined from similar events): Scaled down replica set kube-znn-7cbbf89f8 to 3', 'dateevent': '2023-01-29 10:06:43+00:00', 'image': 'cmendes/znn:200k', 'replicas': 4, 'imageChanges': 2, 'replicasChanges': 11}

{'name': 'kube-znn.173ebf9f7510426d', 'type': 'Normal', 'message': '(combined from similar events): Scaled up replica set kube-znn-86cccc748b to 2', 'dateevent': '2023-01-29 10:06:43+00:00', 'image': 'cmendes/znn:200k', 'replicas': 4, 'imageChanges': 2, 'replicasChanges': 11}

{'name': 'kube-znn.173ebf9f7510426d', 'type': 'Normal', 'message': '(combined from similar events): Scaled down replica set kube-znn-7cbbf89f8 to 2', 'dateevent': '2023-01-29 10:06:43+00:00', 'image': 'cmendes/znn:200k', 'replicas': 4, 'imageChanges': 2, 'replicasChanges': 11}

{'name': 'kube-znn.173ebf9f7510426d', 'type': 'Normal', 'message': '(combined from similar events): Scaled up replica set kube-znn-86cccc748b to 3', 'dateevent': '2023-01-29 10:06:43+00:00', 'image': 'cmendes/znn:200k', 'replicas': 4, 'imageChanges': 2, 'replicasChanges': 11}

{'name': 'kube-znn.173ebf9f7510426d', 'type': 'Normal', 'message': '(combined from similar events): Scaled down replica set kube-znn-7cbbf89f8 to 1', 'dateevent': '2023-01-29 10:06:43+00:00', 'image': 'cmendes/znn:200k', 'replicas': 4, 'imageChanges': 2, 'replicasChanges': 11}

Reading file: VersionA-Monolithic
Reading file: VersionB-MicroControllers
Reading file: VersionC-WithFailureManagerMetaController
Reading file: VersionC-ZTemp
