Reading file: automatingDataGeneration.sh
Reading file: BLong10
Reading file: BLong10_parte1.7z
Reading file: BLong10_parte2.7z
Reading file: BLong10_parte3.7z
Reading file: BShort10
Reading file: BShort10.7z
Reading file: CLong10
Reading file: CLong10.7z
Reading file: CShort10
Reading file: CShort10.7z
Reading file: Evaluation-ZNN.7z
Reading file: fidelitya-5b8dd7f8c7-9zn2r_tracing_20230131_000618.log

fidelitya data

2023-01-31 03:07:23 : t0:lowerFidelity

Reading file: generateLogs2.sh
Reading file: generateLogs225909
Reading file: generateLogs232306
Reading file: generateLogs234622
Reading file: k6-9vxj9_tracing_20230131_000618.log
Reading file: README.md
Reading file: scalabilityb-66d698fc76-tgmrr_tracing_20230131_000618.log

scalabilityb data

2023-01-31 03:07:51 : t0:removeHighScalability

2023-01-31 03:07:56 : t0:removeHighScalability

2023-01-31 03:08:01 : t0:removeHighScalability

2023-01-31 03:08:06 : t0:removeHighScalability

2023-01-31 03:08:11 : t0:removeHighScalability

2023-01-31 03:08:16 : t0:removeHighScalability

2023-01-31 03:08:21 : t0:removeHighScalability

2023-01-31 03:08:26 : t0:removeHighScalability

2023-01-31 03:08:31 : t0:removeHighScalability

2023-01-31 03:08:36 : t0:removeHighScalability

2023-01-31 03:08:41 : t0:removeHighScalability

2023-01-31 03:08:46 : t0:removeHighScalability

2023-01-31 03:08:51 : t0:removeReplica

2023-01-31 03:08:56 : t0:removeReplica

2023-01-31 03:09:26 : t0:removeReplica

2023-01-31 03:09:31 : t0:removeReplica

2023-01-31 03:09:36 : t0:removeReplica

2023-01-31 03:09:41 : t0:removeReplica

2023-01-31 03:09:46 : t0:removeReplica

2023-01-31 03:09:51 : t0:removeReplica

2023-01-31 03:09:56 : t0:removeReplica

2023-01-31 03:10:01 : t0:removeReplica

2023-01-31 03:10:06 : t0:removeReplica

2023-01-31 03:10:11 : t0:removeReplica

2023-01-31 03:10:16 : t0:removeReplica

2023-01-31 03:10:21 : t0:removeReplica

2023-01-31 03:10:26 : t0:removeReplica

2023-01-31 03:10:31 : t0:removeReplica

2023-01-31 03:10:36 : t0:removeReplica

2023-01-31 03:10:41 : t0:removeReplica

2023-01-31 03:10:46 : t0:removeReplica

2023-01-31 03:10:51 : t0:removeReplica

2023-01-31 03:10:56 : t0:removeReplica

2023-01-31 03:11:01 : t0:removeReplica

2023-01-31 03:11:06 : t0:removeReplica

2023-01-31 03:11:11 : t0:removeReplica

2023-01-31 03:11:16 : t0:removeReplica

2023-01-31 03:11:21 : t0:removeReplica

2023-01-31 03:11:26 : t0:removeReplica

2023-01-31 03:11:31 : t0:removeReplica

2023-01-31 03:11:36 : t0:removeReplica

2023-01-31 03:11:41 : t0:removeReplica

2023-01-31 03:11:46 : t0:removeReplica

2023-01-31 03:11:51 : t0:removeReplica

2023-01-31 03:11:56 : t0:removeReplica

2023-01-31 03:12:01 : t0:removeReplica

2023-01-31 03:12:06 : t0:removeReplica

2023-01-31 03:12:11 : t0:removeReplica

2023-01-31 03:12:16 : t0:removeReplica

2023-01-31 03:12:21 : t0:removeReplica

2023-01-31 03:12:26 : t0:removeReplica

2023-01-31 03:12:31 : t0:removeReplica

2023-01-31 03:12:36 : t0:removeReplica

2023-01-31 03:12:41 : t0:removeReplica

2023-01-31 03:12:46 : t0:removeReplica

2023-01-31 03:12:51 : t0:removeReplica

2023-01-31 03:12:56 : t0:removeReplica

2023-01-31 03:13:01 : t0:removeReplica

2023-01-31 03:13:06 : t0:removeReplica

2023-01-31 03:13:11 : t0:removeReplica

2023-01-31 03:13:16 : t0:removeReplica

2023-01-31 03:13:21 : t0:removeReplica

2023-01-31 03:13:26 : t0:removeReplica

2023-01-31 03:13:31 : t0:removeReplica

2023-01-31 03:13:36 : t0:removeReplica

2023-01-31 03:13:41 : t0:removeReplica

2023-01-31 03:13:46 : t0:removeReplica

2023-01-31 03:13:51 : t0:removeReplica

2023-01-31 03:13:56 : t0:removeReplica

2023-01-31 03:14:01 : t0:removeReplica

2023-01-31 03:14:06 : t0:removeReplica

2023-01-31 03:14:11 : t0:removeReplica

2023-01-31 03:14:16 : t0:removeReplica

2023-01-31 03:14:21 : t0:removeReplica

2023-01-31 03:14:26 : t0:removeReplica

2023-01-31 03:14:31 : t0:removeReplica

2023-01-31 03:14:36 : t0:removeReplica

2023-01-31 03:14:41 : t0:removeReplica

2023-01-31 03:14:46 : t0:removeReplica

2023-01-31 03:14:51 : t0:removeReplica

2023-01-31 03:14:56 : t0:removeReplica

2023-01-31 03:15:01 : t0:removeReplica

Reading file: summary-trace-znn.log
Reading file: temp
Reading file: temp2701
Reading file: test
Reading file: tools
Reading file: traceznn_20230131_000618.log

Trace znn data

{'name': 'kube-znn-db.173f44fca78691f6', 'type': 'Normal', 'message': 'Scaled up replica set kube-znn-db-558bb5dd64 to 1', 'dateevent': '2023-01-31 02:50:38+00:00', 'image': 'cmendes/znn:800k', 'replicas': 1, 'imageChanges': 0, 'replicasChanges': 1}

{'name': 'kube-znn.173f44fca67a0949', 'type': 'Normal', 'message': 'Scaled up replica set kube-znn-744bbbc54b to 1', 'dateevent': '2023-01-31 02:50:38+00:00', 'image': 'cmendes/znn:800k', 'replicas': 1, 'imageChanges': 0, 'replicasChanges': 1}

{'name': 'kube-znn.173f45da7019ada1', 'type': 'Normal', 'message': 'Scaled up replica set kube-znn-744bbbc54b to 2', 'dateevent': '2023-01-31 03:06:30+00:00', 'image': 'cmendes/znn:800k', 'replicas': 2, 'imageChanges': 0, 'replicasChanges': 2}

{'name': 'kube-znn.173f45dc6f5588cb', 'type': 'Normal', 'message': 'Scaled up replica set kube-znn-744bbbc54b to 3', 'dateevent': '2023-01-31 03:06:39+00:00', 'image': 'cmendes/znn:800k', 'replicas': 3, 'imageChanges': 0, 'replicasChanges': 3}

{'name': 'kube-znn.173f45dd9517682a', 'type': 'Normal', 'message': 'Scaled up replica set kube-znn-744bbbc54b to 4', 'dateevent': '2023-01-31 03:06:44+00:00', 'image': 'cmendes/znn:800k', 'replicas': 4, 'imageChanges': 0, 'replicasChanges': 4}

{'name': 'kube-znn.173f45debf021e2c', 'type': 'Normal', 'message': 'Scaled up replica set kube-znn-744bbbc54b to 5', 'dateevent': '2023-01-31 03:06:49+00:00', 'image': 'cmendes/znn:800k', 'replicas': 5, 'imageChanges': 0, 'replicasChanges': 5}

{'name': 'kube-znn.173f45dfe82fd921', 'type': 'Normal', 'message': 'Scaled up replica set kube-znn-744bbbc54b to 6', 'dateevent': '2023-01-31 03:06:54+00:00', 'image': 'cmendes/znn:800k', 'replicas': 6, 'imageChanges': 0, 'replicasChanges': 6}

{'name': 'kube-znn.173f45e11284e031', 'type': 'Normal', 'message': 'Scaled up replica set kube-znn-744bbbc54b to 7', 'dateevent': '2023-01-31 03:06:59+00:00', 'image': 'cmendes/znn:800k', 'replicas': 7, 'imageChanges': 0, 'replicasChanges': 7}

{'name': 'kube-znn.173f45e23c6b4a33', 'type': 'Normal', 'message': 'Scaled up replica set kube-znn-744bbbc54b to 8', 'dateevent': '2023-01-31 03:07:04+00:00', 'image': 'cmendes/znn:800k', 'replicas': 8, 'imageChanges': 0, 'replicasChanges': 8}

{'name': 'kube-znn.173f45e3675da1ac', 'type': 'Normal', 'message': 'Scaled up replica set kube-znn-744bbbc54b to 9', 'dateevent': '2023-01-31 03:07:09+00:00', 'image': 'cmendes/znn:800k', 'replicas': 9, 'imageChanges': 0, 'replicasChanges': 9}

{'name': 'kube-znn.173f45e48ffaaf07', 'type': 'Normal', 'message': 'Scaled up replica set kube-znn-744bbbc54b to 10', 'dateevent': '2023-01-31 03:07:14+00:00', 'image': 'cmendes/znn:800k', 'replicas': 10, 'imageChanges': 0, 'replicasChanges': 10}

{'name': 'kube-znn.173f45e707cd0725', 'type': 'Normal', 'message': '(combined from similar events): Scaled up replica set kube-znn-5c95bd98fb to 3', 'dateevent': '2023-01-31 03:07:24+00:00', 'image': 'cmendes/znn:600k', 'replicas': 10, 'imageChanges': 1, 'replicasChanges': 10}

{'name': 'kube-znn.173f45e707cd0725', 'type': 'Normal', 'message': '(combined from similar events): Scaled down replica set kube-znn-744bbbc54b to 8', 'dateevent': '2023-01-31 03:07:24+00:00', 'image': 'cmendes/znn:600k', 'replicas': 10, 'imageChanges': 1, 'replicasChanges': 10}

{'name': 'kube-znn.173f45e707cd0725', 'type': 'Normal', 'message': '(combined from similar events): Scaled up replica set kube-znn-5c95bd98fb to 5', 'dateevent': '2023-01-31 03:07:24+00:00', 'image': 'cmendes/znn:600k', 'replicas': 10, 'imageChanges': 1, 'replicasChanges': 10}

{'name': 'kube-znn.173f45e707cd0725', 'type': 'Normal', 'message': '(combined from similar events): Scaled down replica set kube-znn-744bbbc54b to 7', 'dateevent': '2023-01-31 03:07:24+00:00', 'image': 'cmendes/znn:600k', 'replicas': 10, 'imageChanges': 1, 'replicasChanges': 10}

{'name': 'kube-znn.173f45e707cd0725', 'type': 'Normal', 'message': '(combined from similar events): Scaled up replica set kube-znn-5c95bd98fb to 6', 'dateevent': '2023-01-31 03:07:24+00:00', 'image': 'cmendes/znn:600k', 'replicas': 10, 'imageChanges': 1, 'replicasChanges': 10}

{'name': 'kube-znn.173f45e707cd0725', 'type': 'Normal', 'message': '(combined from similar events): Scaled down replica set kube-znn-744bbbc54b to 6', 'dateevent': '2023-01-31 03:07:24+00:00', 'image': 'cmendes/znn:600k', 'replicas': 10, 'imageChanges': 1, 'replicasChanges': 10}

{'name': 'kube-znn.173f45e707cd0725', 'type': 'Normal', 'message': '(combined from similar events): Scaled up replica set kube-znn-5c95bd98fb to 7', 'dateevent': '2023-01-31 03:07:24+00:00', 'image': 'cmendes/znn:600k', 'replicas': 10, 'imageChanges': 1, 'replicasChanges': 10}

{'name': 'kube-znn.173f45e707cd0725', 'type': 'Normal', 'message': '(combined from similar events): Scaled down replica set kube-znn-5c95bd98fb to 3', 'dateevent': '2023-01-31 03:07:24+00:00', 'image': 'cmendes/znn:600k', 'replicas': 4, 'imageChanges': 1, 'replicasChanges': 11}

{'name': 'kube-znn.173f45e707cd0725', 'type': 'Normal', 'message': '(combined from similar events): Scaled down replica set kube-znn-744bbbc54b to 2', 'dateevent': '2023-01-31 03:07:24+00:00', 'image': 'cmendes/znn:600k', 'replicas': 4, 'imageChanges': 1, 'replicasChanges': 11}

{'name': 'kube-znn.173f45e707cd0725', 'type': 'Normal', 'message': '(combined from similar events): Scaled down replica set kube-znn-744bbbc54b to 1', 'dateevent': '2023-01-31 03:07:24+00:00', 'image': 'cmendes/znn:600k', 'replicas': 4, 'imageChanges': 1, 'replicasChanges': 11}

{'name': 'kube-znn.173f45e707cd0725', 'type': 'Normal', 'message': '(combined from similar events): Scaled up replica set kube-znn-5c95bd98fb to 4', 'dateevent': '2023-01-31 03:07:24+00:00', 'image': 'cmendes/znn:600k', 'replicas': 4, 'imageChanges': 1, 'replicasChanges': 11}

{'name': 'kube-znn.173f45e707cd0725', 'type': 'Normal', 'message': '(combined from similar events): Scaled down replica set kube-znn-744bbbc54b to 0', 'dateevent': '2023-01-31 03:07:24+00:00', 'image': 'cmendes/znn:600k', 'replicas': 4, 'imageChanges': 1, 'replicasChanges': 11}

Reading file: VersionA-Monolithic
Reading file: VersionB-MicroControllers
Reading file: VersionC-WithFailureManagerMetaController
Reading file: VersionC-ZTemp
