Reading file: automatingDataGeneration.sh
Reading file: CLong10
Reading file: CLong10.7z
Reading file: Evaluation-ZNN.7z
Reading file: fidelitya-778c6c6b8b-7brpd_tracing_20230128_142906.log

fidelitya data

2023-01-28 17:32:33 : t0:raiseFidelity

2023-01-28 17:32:38 : t0:raiseFidelity

2023-01-28 17:33:08 : t0:raiseFidelity

2023-01-28 17:33:13 : t0:raiseFidelity

2023-01-28 17:33:18 : t0:raiseFidelity

2023-01-28 17:33:23 : t0:raiseFidelity

2023-01-28 17:33:28 : t0:raiseFidelity

2023-01-28 17:33:33 : t0:raiseFidelity

2023-01-28 17:33:38 : t0:raiseFidelity

2023-01-28 17:33:43 : t0:raiseFidelity

2023-01-28 17:33:48 : t0:raiseFidelity

2023-01-28 17:33:53 : t0:raiseFidelity

2023-01-28 17:34:28 : t0:raiseFidelity

2023-01-28 17:34:33 INFO  GuavaMasterReportingPort:35 - MODEL: Executing O[strategy-execution-KubeZnnSystem:Acme:ExecutionHistory/strategyExecutionState.null([KubeZnnSystem:Acme, AdapttionTree, ADAPTATION_EXECUTING, ])]

2023-01-28 17:35:03 : t0:raiseFidelity

2023-01-28 17:35:08 INFO  GuavaMasterReportingPort:35 - MODEL: Executing O[strategy-execution-KubeZnnSystem:Acme:ExecutionHistory/strategyExecutionState.null([KubeZnnSystem:Acme, AdapttionTree, ADAPTATION_EXECUTING, ])]

2023-01-28 17:35:13 : t0:raiseFidelity

2023-01-28 17:35:18 : t0:raiseFidelity

2023-01-28 17:35:23 : t0:raiseFidelity

2023-01-28 17:35:28 : t0:raiseFidelity

2023-01-28 17:35:33 : t0:raiseFidelity

2023-01-28 17:35:38 : t0:raiseFidelity

2023-01-28 17:35:43 : t0:raiseFidelity

2023-01-28 17:35:48 : t0:raiseFidelity

2023-01-28 17:35:53 : t0:raiseFidelity

2023-01-28 17:35:58 : t0:raiseFidelity

2023-01-28 17:36:03 : t0:raiseFidelity

2023-01-28 17:36:08 INFO  Rainbow:694 - Delegate: master[MODEL]: Executing O[strategy-execution-KubeZnnSystem:Acme:ExecutionHistory/strategyExecutionState.null([KubeZnnSystem:Acme, AdapttionTree, ADAPTATION_EXECUTING, ])]

2023-01-28 17:36:13 : t0:raiseFidelity

2023-01-28 17:36:18 : t0:raiseFidelity

2023-01-28 17:36:23 : t0:raiseFidelity

2023-01-28 17:36:28 : t0:raiseFidelity

2023-01-28 17:36:33 : t0:raiseFidelity

2023-01-28 17:36:38 : t0:raiseFidelity

2023-01-28 17:36:43 : t0:raiseFidelity

2023-01-28 17:36:48 : t0:raiseFidelity

2023-01-28 17:36:53 INFO  GuavaMasterReportingPort:35 - MODEL: Executing O[strategy-execution-KubeZnnSystem:Acme:ExecutionHistory/strategyExecutionState.null([KubeZnnSystem:Acme, AdapttionTree, ADAPTATION_EXECUTING, ])]

2023-01-28 17:36:58 : t0:raiseFidelity

2023-01-28 17:37:03 : t0:raiseFidelity

2023-01-28 17:37:08 : t0:raiseFidelity

2023-01-28 17:37:13 : t0:raiseFidelity

2023-01-28 17:37:18 : t0:raiseFidelity

2023-01-28 17:37:23 : t0:raiseFidelity

2023-01-28 17:37:28 : t0:raiseFidelity

2023-01-28 17:37:33 : t0:raiseFidelity

2023-01-28 17:37:38 : t0:raiseFidelity

2023-01-28 17:37:43 : t0:raiseFidelity

2023-01-28 17:37:48 : t0:raiseFidelity

2023-01-28 17:37:53 : t0:raiseFidelity

2023-01-28 17:37:58 : t0:raiseFidelity

2023-01-28 17:38:03 : t0:raiseFidelity

2023-01-28 17:38:08 : t0:raiseFidelity

2023-01-28 17:38:13 INFO  GuavaMasterReportingPort:35 - MODEL: Executing O[strategy-execution-KubeZnnSystem:Acme:ExecutionHistory/strategyExecutionState.null([KubeZnnSystem:Acme, AdapttionTree, ADAPTATION_EXECUTING, ])]

2023-01-28 17:38:18 : t0:raiseFidelity

2023-01-28 17:38:23 : t0:raiseFidelity

2023-01-28 17:38:28 : t0:raiseFidelity

2023-01-28 17:38:33 : t0:raiseFidelity

2023-01-28 17:38:38 : t0:raiseFidelity

2023-01-28 17:38:43 INFO  Rainbow:694 - Delegate: master[MODEL]: Executing O[strategy-execution-KubeZnnSystem:Acme:ExecutionHistory/strategyExecutionState.null([KubeZnnSystem:Acme, AdapttionTree, ADAPTATION_EXECUTING, ])]

2023-01-28 17:38:48 INFO  GuavaMasterReportingPort:35 - MODEL: Executing O[strategy-execution-KubeZnnSystem:Acme:ExecutionHistory/strategyExecutionState.null([KubeZnnSystem:Acme, AdapttionTree, ADAPTATION_EXECUTING, ])]

2023-01-28 17:38:53 : t0:raiseFidelity

2023-01-28 17:38:58 : t0:raiseFidelity

2023-01-28 17:39:03 : t0:raiseFidelity

2023-01-28 17:39:08 : t0:raiseFidelity

2023-01-28 17:39:13 INFO  Rainbow:694 - Delegate: master[MODEL]: Executing O[strategy-execution-KubeZnnSystem:Acme:ExecutionHistory/strategyExecutionState.null([KubeZnnSystem:Acme, AdapttionTree, ADAPTATION_EXECUTING, ])]

2023-01-28 17:39:18 INFO  GuavaMasterReportingPort:35 - MODEL: Executing O[strategy-execution-KubeZnnSystem:Acme:ExecutionHistory/strategyExecutionState.null([KubeZnnSystem:Acme, AdapttionTree, ADAPTATION_EXECUTING, ])]

2023-01-28 17:39:23 : t0:raiseFidelity

2023-01-28 17:39:28 : t0:raiseFidelity

2023-01-28 17:39:33 : t0:raiseFidelity

2023-01-28 17:39:38 : t0:raiseFidelity

2023-01-28 17:39:43 : t0:raiseFidelity

2023-01-28 17:39:48 : t0:raiseFidelity

2023-01-28 17:39:53 INFO  GuavaMasterReportingPort:35 - MODEL: Executing O[strategy-execution-KubeZnnSystem:Acme:ExecutionHistory/strategyExecutionState.null([KubeZnnSystem:Acme, AdapttionTree, ADAPTATION_EXECUTING, ])]

2023-01-28 17:39:58 : t0:raiseFidelity

2023-01-28 17:40:03 : t0:raiseFidelity

2023-01-28 17:40:08 : t0:raiseFidelity

2023-01-28 17:40:13 : t0:raiseFidelity

2023-01-28 17:40:18 INFO  Rainbow:694 - Delegate: master[MODEL]: Executing O[strategy-execution-KubeZnnSystem:Acme:ExecutionHistory/strategyExecutionState.null([KubeZnnSystem:Acme, AdapttionTree, ADAPTATION_EXECUTING, ])]

2023-01-28 17:40:23 : t0:raiseFidelity

2023-01-28 17:40:28 : t0:raiseFidelity

Reading file: generateLogs121929
Reading file: generateLogs124558
Reading file: generateLogs131507
Reading file: generateLogs134342
Reading file: generateLogs140938
Reading file: generateLogs2.sh
Reading file: k6-tfr2f_tracing_20230128_142906.log
Reading file: metacontroller-kubow-8479d7588d-mxzrr_tracing_20230128_142906.log

MetaController data

2023-01-28 17:30:01 : t0:activateLowScalabilityHighQuality

2023-01-28 17:30:11 : t0:addLowScalabilityLowQuality

2023-01-28 17:32:01 : t0:addHighScalabilityHighQuality

Reading file: README.md
Reading file: scalabilitya-78d6cbbc7d-9fqx2_tracing_20230128_142906.log

scalabilitya data

2023-01-28 17:32:25 : t0:removeReplica

2023-01-28 17:33:25 : t0:removeReplica

2023-01-28 17:33:50 : t0:removeReplica

2023-01-28 17:33:55 : t0:removeReplica

2023-01-28 17:34:30 : t0:removeReplica

Reading file: summary-trace-znn.log
Reading file: temp
Reading file: temp2701
Reading file: test
Reading file: tools
Reading file: traceznn_20230128_142906.log

Trace znn data

{'name': 'kube-znn-db.173e885c35568b27', 'type': 'Normal', 'message': 'Scaled up replica set kube-znn-db-6cc48797cf to 1', 'dateevent': '2023-01-28 17:14:01+00:00', 'image': 'cmendes/znn:800k', 'replicas': 1, 'imageChanges': 0, 'replicasChanges': 1}

{'name': 'kube-znn.173e885c3394ab5b', 'type': 'Normal', 'message': 'Scaled up replica set kube-znn-68bd9d6b5b to 1', 'dateevent': '2023-01-28 17:14:01+00:00', 'image': 'cmendes/znn:800k', 'replicas': 1, 'imageChanges': 0, 'replicasChanges': 1}

{'name': 'kube-znn.173e8931a024b2a2', 'type': 'Normal', 'message': 'Scaled up replica set kube-znn-68bd9d6b5b to 2', 'dateevent': '2023-01-28 17:29:17+00:00', 'image': 'cmendes/znn:800k', 'replicas': 2, 'imageChanges': 0, 'replicasChanges': 2}

{'name': 'kube-znn.173e8933a8e98d7d', 'type': 'Normal', 'message': 'Scaled up replica set kube-znn-68bd9d6b5b to 3', 'dateevent': '2023-01-28 17:29:26+00:00', 'image': 'cmendes/znn:800k', 'replicas': 3, 'imageChanges': 0, 'replicasChanges': 3}

{'name': 'kube-znn.173e8934d236736f', 'type': 'Normal', 'message': 'Scaled up replica set kube-znn-68bd9d6b5b to 4', 'dateevent': '2023-01-28 17:29:31+00:00', 'image': 'cmendes/znn:800k', 'replicas': 4, 'imageChanges': 0, 'replicasChanges': 4}

{'name': 'kube-znn.173e8935fa8e4491', 'type': 'Normal', 'message': 'Scaled up replica set kube-znn-68bd9d6b5b to 5', 'dateevent': '2023-01-28 17:29:36+00:00', 'image': 'cmendes/znn:800k', 'replicas': 5, 'imageChanges': 0, 'replicasChanges': 5}

{'name': 'kube-znn.173e8937226e0e0b', 'type': 'Normal', 'message': 'Scaled up replica set kube-znn-68bd9d6b5b to 6', 'dateevent': '2023-01-28 17:29:41+00:00', 'image': 'cmendes/znn:800k', 'replicas': 6, 'imageChanges': 0, 'replicasChanges': 6}

{'name': 'kube-znn.173e89384c4135ca', 'type': 'Normal', 'message': 'Scaled up replica set kube-znn-68bd9d6b5b to 7', 'dateevent': '2023-01-28 17:29:46+00:00', 'image': 'cmendes/znn:800k', 'replicas': 7, 'imageChanges': 0, 'replicasChanges': 7}

{'name': 'kube-znn.173e8939766e44c3', 'type': 'Normal', 'message': 'Scaled up replica set kube-znn-68bd9d6b5b to 8', 'dateevent': '2023-01-28 17:29:51+00:00', 'image': 'cmendes/znn:800k', 'replicas': 8, 'imageChanges': 0, 'replicasChanges': 8}

{'name': 'kube-znn.173e893aa316be8d', 'type': 'Normal', 'message': 'Scaled up replica set kube-znn-68bd9d6b5b to 9', 'dateevent': '2023-01-28 17:29:56+00:00', 'image': 'cmendes/znn:800k', 'replicas': 9, 'imageChanges': 0, 'replicasChanges': 9}

{'name': 'kube-znn.173e893bcf106815', 'type': 'Normal', 'message': 'Scaled up replica set kube-znn-68bd9d6b5b to 10', 'dateevent': '2023-01-28 17:30:01+00:00', 'image': 'cmendes/znn:800k', 'replicas': 10, 'imageChanges': 0, 'replicasChanges': 10}

{'name': 'kube-znn.173e893d0f9757a3', 'type': 'Normal', 'message': '(combined from similar events): Scaled up replica set kube-znn-7cbbf89f8 to 3', 'dateevent': '2023-01-28 17:30:06+00:00', 'image': 'cmendes/znn:600k', 'replicas': 10, 'imageChanges': 1, 'replicasChanges': 10}

{'name': 'kube-znn.173e893d0f9757a3', 'type': 'Normal', 'message': '(combined from similar events): Scaled down replica set kube-znn-68bd9d6b5b to 8', 'dateevent': '2023-01-28 17:30:06+00:00', 'image': 'cmendes/znn:600k', 'replicas': 10, 'imageChanges': 1, 'replicasChanges': 10}

{'name': 'kube-znn.173e893d0f9757a3', 'type': 'Normal', 'message': '(combined from similar events): Scaled up replica set kube-znn-7cbbf89f8 to 5', 'dateevent': '2023-01-28 17:30:06+00:00', 'image': 'cmendes/znn:600k', 'replicas': 10, 'imageChanges': 1, 'replicasChanges': 10}

{'name': 'kube-znn.173e893d0f9757a3', 'type': 'Normal', 'message': '(combined from similar events): Scaled down replica set kube-znn-68bd9d6b5b to 3', 'dateevent': '2023-01-28 17:30:06+00:00', 'image': 'cmendes/znn:600k', 'replicas': 4, 'imageChanges': 1, 'replicasChanges': 11}

{'name': 'kube-znn.173e893d0f9757a3', 'type': 'Normal', 'message': '(combined from similar events): Scaled down replica set kube-znn-7cbbf89f8 to 2', 'dateevent': '2023-01-28 17:30:06+00:00', 'image': 'cmendes/znn:600k', 'replicas': 4, 'imageChanges': 1, 'replicasChanges': 11}

{'name': 'kube-znn.173e893d0f9757a3', 'type': 'Normal', 'message': '(combined from similar events): Scaled down replica set kube-znn-68bd9d6b5b to 2', 'dateevent': '2023-01-28 17:30:06+00:00', 'image': 'cmendes/znn:600k', 'replicas': 4, 'imageChanges': 1, 'replicasChanges': 11}

{'name': 'kube-znn.173e893d0f9757a3', 'type': 'Normal', 'message': '(combined from similar events): Scaled up replica set kube-znn-7cbbf89f8 to 3', 'dateevent': '2023-01-28 17:30:06+00:00', 'image': 'cmendes/znn:600k', 'replicas': 4, 'imageChanges': 1, 'replicasChanges': 11}

{'name': 'kube-znn.173e893d0f9757a3', 'type': 'Normal', 'message': '(combined from similar events): Scaled down replica set kube-znn-68bd9d6b5b to 1', 'dateevent': '2023-01-28 17:30:06+00:00', 'image': 'cmendes/znn:600k', 'replicas': 4, 'imageChanges': 1, 'replicasChanges': 11}

{'name': 'kube-znn.173e893d0f9757a3', 'type': 'Normal', 'message': '(combined from similar events): Scaled up replica set kube-znn-7cbbf89f8 to 4', 'dateevent': '2023-01-28 17:30:06+00:00', 'image': 'cmendes/znn:600k', 'replicas': 4, 'imageChanges': 1, 'replicasChanges': 11}

{'name': 'kube-znn.173e893d0f9757a3', 'type': 'Normal', 'message': '(combined from similar events): Scaled down replica set kube-znn-68bd9d6b5b to 0', 'dateevent': '2023-01-28 17:30:06+00:00', 'image': 'cmendes/znn:600k', 'replicas': 4, 'imageChanges': 1, 'replicasChanges': 11}

{'name': 'kube-znn.173e893d0f9757a3', 'type': 'Normal', 'message': '(combined from similar events): Scaled up replica set kube-znn-86cccc748b to 1', 'dateevent': '2023-01-28 17:30:06+00:00', 'image': 'cmendes/znn:200k', 'replicas': 4, 'imageChanges': 2, 'replicasChanges': 11}

{'name': 'kube-znn.173e893d0f9757a3', 'type': 'Normal', 'message': '(combined from similar events): Scaled down replica set kube-znn-7cbbf89f8 to 3', 'dateevent': '2023-01-28 17:30:06+00:00', 'image': 'cmendes/znn:200k', 'replicas': 4, 'imageChanges': 2, 'replicasChanges': 11}

{'name': 'kube-znn.173e893d0f9757a3', 'type': 'Normal', 'message': '(combined from similar events): Scaled up replica set kube-znn-86cccc748b to 2', 'dateevent': '2023-01-28 17:30:06+00:00', 'image': 'cmendes/znn:200k', 'replicas': 4, 'imageChanges': 2, 'replicasChanges': 11}

{'name': 'kube-znn.173e895d09c0070c', 'type': 'Normal', 'message': 'Scaled down replica set kube-znn-7cbbf89f8 to 2', 'dateevent': '2023-01-28 17:32:24+00:00', 'image': 'cmendes/znn:200k', 'replicas': 4, 'imageChanges': 2, 'replicasChanges': 11}

{'name': 'kube-znn.173e893d0f9757a3', 'type': 'Normal', 'message': '(combined from similar events): Scaled up replica set kube-znn-86cccc748b to 3', 'dateevent': '2023-01-28 17:30:06+00:00', 'image': 'cmendes/znn:200k', 'replicas': 4, 'imageChanges': 2, 'replicasChanges': 11}

{'name': 'kube-znn.173e893d0f9757a3', 'type': 'Normal', 'message': '(combined from similar events): Scaled down replica set kube-znn-7cbbf89f8 to 1', 'dateevent': '2023-01-28 17:30:06+00:00', 'image': 'cmendes/znn:200k', 'replicas': 4, 'imageChanges': 2, 'replicasChanges': 11}

{'name': 'kube-znn.173e893d0f9757a3', 'type': 'Normal', 'message': '(combined from similar events): Scaled down replica set kube-znn-68bd9d6b5b to 1', 'dateevent': '2023-01-28 17:30:06+00:00', 'image': 'cmendes/znn:800k', 'replicas': 1, 'imageChanges': 3, 'replicasChanges': 12}

Reading file: VersionA-Monolithic
Reading file: VersionB-MicroControllers
Reading file: VersionC-WithFailureManagerMetaController
Reading file: VersionC-ZTemp
