Reading file: automatingDataGeneration.sh
Reading file: BLong10
Reading file: BLong10_parte1.7z
Reading file: BLong10_parte2.7z
Reading file: BLong10_parte3.7z
Reading file: BShort10
Reading file: BShort10.7z
Reading file: CLong10
Reading file: CLong10.7z
Reading file: CShort10
Reading file: CShort10.7z
Reading file: Evaluation-ZNN.7z
Reading file: generateLogs140341
Reading file: generateLogs141805
Reading file: generateLogs144106
Reading file: generateLogs165212
Reading file: generateLogs170658
Reading file: generateLogs172134
Reading file: generateLogs173719
Reading file: generateLogs175129
Reading file: generateLogs180606
Reading file: generateLogs182644
Reading file: generateLogs184100
Reading file: generateLogs190122
Reading file: generateLogs192036
Reading file: generateLogs193534
Reading file: generateLogs195105
Reading file: generateLogs2.sh
Reading file: generateLogs200634
Reading file: generateLogs202058
Reading file: generateLogs203550
Reading file: generateLogs205100
Reading file: generateLogs210607
Reading file: generateLogs212038
Reading file: generateLogs213510
Reading file: generateLogs214942
Reading file: generateLogs220400
Reading file: k6-f6nqm_tracing_20230131_221327.log
Reading file: kubow-548bb5f4b4-fgckr_tracing_20230131_221327.log

Kubow data

2023-02-01 01:13:38 : t0:addReplica

2023-02-01 01:13:43 : t0:addReplica

2023-02-01 01:13:48 : t0:addReplica

2023-02-01 01:13:53 : t0:addReplica

2023-02-01 01:13:58 : t0:addReplica

2023-02-01 01:14:03 : t0:addReplica

2023-02-01 01:14:08 : t0:addReplica

2023-02-01 01:14:13 : t0:addReplica

2023-02-01 01:14:18 : t0:addReplica

2023-02-01 01:14:23 : t1:lowerFidelity

2023-02-01 01:14:33 : t1:lowerFidelity

2023-02-01 01:14:38 : t0:activateLowScalabilityHighQuality

2023-02-01 01:15:03 : t0:addReplica

2023-02-01 01:15:08 : t0:addReplica

2023-02-01 01:15:13 : t0:addReplica

2023-02-01 01:15:18 : t0:addReplica

2023-02-01 01:15:23 : t0:addReplica

2023-02-01 01:15:28 : t0:activateLowScalabilityHighQuality

2023-02-01 01:15:33 : t0:addHighScalabilityHighQuality

2023-02-01 01:15:38 : t0:addHighScalabilityHighQuality

2023-02-01 01:15:43 : t0:addHighScalabilityHighQuality

2023-02-01 01:15:48 : t0:addHighScalabilityHighQuality

2023-02-01 01:15:53 : t0:addHighScalabilityHighQuality

2023-02-01 01:15:58 : t0:addReplica

2023-02-01 01:16:03 : t0:addHighScalabilityHighQuality

2023-02-01 01:16:33 : t0:removeReplica

2023-02-01 01:16:38 : t0:removeReplica

2023-02-01 01:16:43 : t0:addHighScalabilityHighQuality

2023-02-01 01:16:48 : t0:addHighScalabilityHighQuality

2023-02-01 01:16:53 : t0:addHighScalabilityHighQuality

2023-02-01 01:16:58 : t0:addHighScalabilityHighQuality

2023-02-01 01:17:03 : t0:addHighScalabilityHighQuality

2023-02-01 01:17:13 : t1:raiseFidelity

2023-02-01 01:17:18 : t0:addHighScalabilityHighQuality

2023-02-01 01:17:23 : t0:addHighScalabilityHighQuality

2023-02-01 01:17:28 : t0:addReplica

2023-02-01 01:17:33 : t0:addReplica

2023-02-01 01:17:38 : t0:addReplica

2023-02-01 01:17:43 : t0:addReplica

2023-02-01 01:17:48 : t0:addReplica

2023-02-01 01:17:53 : t0:addReplica

2023-02-01 01:17:58 : t0:addReplica

2023-02-01 01:18:03 : t0:addReplica

2023-02-01 01:18:08 : t0:addReplica

2023-02-01 01:18:13 : t1:lowerFidelity

2023-02-01 01:18:18 : t1:lowerFidelity

2023-02-01 01:18:23 : t1:lowerFidelity

2023-02-01 01:18:28 : t1:lowerFidelity

2023-02-01 01:18:33 : t1:lowerFidelity

2023-02-01 01:18:38 : t0:addLowScalabilityLowQuality

Reading file: README.md
Reading file: summary-trace-znn.log
Reading file: temp
Reading file: temp2701
Reading file: temp3101
Reading file: test
Reading file: tools
Reading file: traceznn_20230131_221327.log

Trace znn data

{'name': 'kube-znn-db.173f8dfeb752af0d', 'type': 'Normal', 'message': 'Scaled up replica set kube-znn-db-6dd8968475 to 1', 'dateevent': '2023-02-01 01:08:31+00:00', 'image': 'cmendes/znn:800k', 'replicas': 1, 'imageChanges': 0, 'replicasChanges': 1}

{'name': 'kube-znn.173f8dfeb5cb5389', 'type': 'Normal', 'message': 'Scaled up replica set kube-znn-5fb97667db to 1', 'dateevent': '2023-02-01 01:08:31+00:00', 'image': 'cmendes/znn:800k', 'replicas': 1, 'imageChanges': 0, 'replicasChanges': 1}

{'name': 'kube-znn.173f8e466aa52540', 'type': 'Normal', 'message': 'Scaled up replica set kube-znn-5fb97667db to 2', 'dateevent': '2023-02-01 01:13:39+00:00', 'image': 'cmendes/znn:800k', 'replicas': 2, 'imageChanges': 0, 'replicasChanges': 2}

{'name': 'kube-znn.173f8e474a86a13c', 'type': 'Normal', 'message': 'Scaled up replica set kube-znn-5fb97667db to 3', 'dateevent': '2023-02-01 01:13:43+00:00', 'image': 'cmendes/znn:800k', 'replicas': 3, 'imageChanges': 0, 'replicasChanges': 3}

{'name': 'kube-znn.173f8e487208774a', 'type': 'Normal', 'message': 'Scaled up replica set kube-znn-5fb97667db to 4', 'dateevent': '2023-02-01 01:13:48+00:00', 'image': 'cmendes/znn:800k', 'replicas': 4, 'imageChanges': 0, 'replicasChanges': 4}

{'name': 'kube-znn.173f8e49a0537577', 'type': 'Normal', 'message': 'Scaled up replica set kube-znn-5fb97667db to 5', 'dateevent': '2023-02-01 01:13:53+00:00', 'image': 'cmendes/znn:800k', 'replicas': 5, 'imageChanges': 0, 'replicasChanges': 5}

{'name': 'kube-znn.173f8e4ac68b3163', 'type': 'Normal', 'message': 'Scaled up replica set kube-znn-5fb97667db to 6', 'dateevent': '2023-02-01 01:13:58+00:00', 'image': 'cmendes/znn:800k', 'replicas': 6, 'imageChanges': 0, 'replicasChanges': 6}

{'name': 'kube-znn.173f8e4bede04022', 'type': 'Normal', 'message': 'Scaled up replica set kube-znn-5fb97667db to 7', 'dateevent': '2023-02-01 01:14:03+00:00', 'image': 'cmendes/znn:800k', 'replicas': 7, 'imageChanges': 0, 'replicasChanges': 7}

{'name': 'kube-znn.173f8e4d1b3aa1f8', 'type': 'Normal', 'message': 'Scaled up replica set kube-znn-5fb97667db to 8', 'dateevent': '2023-02-01 01:14:08+00:00', 'image': 'cmendes/znn:800k', 'replicas': 8, 'imageChanges': 0, 'replicasChanges': 8}

{'name': 'kube-znn.173f8e4e43a98a37', 'type': 'Normal', 'message': 'Scaled up replica set kube-znn-5fb97667db to 9', 'dateevent': '2023-02-01 01:14:13+00:00', 'image': 'cmendes/znn:800k', 'replicas': 9, 'imageChanges': 0, 'replicasChanges': 9}

{'name': 'kube-znn.173f8e4f6cbefcd5', 'type': 'Normal', 'message': '(combined from similar events): Scaled up replica set kube-znn-5fb97667db to 10', 'dateevent': '2023-02-01 01:14:18+00:00', 'image': 'cmendes/znn:800k', 'replicas': 10, 'imageChanges': 0, 'replicasChanges': 10}

{'name': 'kube-znn.173f8e4f6cbefcd5', 'type': 'Normal', 'message': '(combined from similar events): Scaled up replica set kube-znn-6978979d84 to 3', 'dateevent': '2023-02-01 01:14:18+00:00', 'image': 'cmendes/znn:600k', 'replicas': 10, 'imageChanges': 1, 'replicasChanges': 10}

{'name': 'kube-znn.173f8e4f6cbefcd5', 'type': 'Normal', 'message': '(combined from similar events): Scaled down replica set kube-znn-5fb97667db to 9', 'dateevent': '2023-02-01 01:14:18+00:00', 'image': 'cmendes/znn:600k', 'replicas': 10, 'imageChanges': 1, 'replicasChanges': 10}

{'name': 'kube-znn.173f8e4f6cbefcd5', 'type': 'Normal', 'message': '(combined from similar events): Scaled down replica set kube-znn-5fb97667db to 8', 'dateevent': '2023-02-01 01:14:18+00:00', 'image': 'cmendes/znn:600k', 'replicas': 10, 'imageChanges': 1, 'replicasChanges': 10}

{'name': 'kube-znn.173f8e4f6cbefcd5', 'type': 'Normal', 'message': '(combined from similar events): Scaled up replica set kube-znn-6978979d84 to 5', 'dateevent': '2023-02-01 01:14:18+00:00', 'image': 'cmendes/znn:600k', 'replicas': 10, 'imageChanges': 1, 'replicasChanges': 10}

{'name': 'kube-znn.173f8e4f6cbefcd5', 'type': 'Normal', 'message': '(combined from similar events): Scaled down replica set kube-znn-6978979d84 to 0', 'dateevent': '2023-02-01 01:14:18+00:00', 'image': 'cmendes/znn:400k', 'replicas': 10, 'imageChanges': 2, 'replicasChanges': 10}

{'name': 'kube-znn.173f8e4f6cbefcd5', 'type': 'Normal', 'message': '(combined from similar events): Scaled up replica set kube-znn-f8d56c578 to 5', 'dateevent': '2023-02-01 01:14:18+00:00', 'image': 'cmendes/znn:400k', 'replicas': 10, 'imageChanges': 2, 'replicasChanges': 10}

{'name': 'kube-znn.173f8e4f6cbefcd5', 'type': 'Normal', 'message': '(combined from similar events): Scaled down replica set kube-znn-5fb97667db to 4', 'dateevent': '2023-02-01 01:14:18+00:00', 'image': 'cmendes/znn:400k', 'replicas': 5, 'imageChanges': 2, 'replicasChanges': 11}

{'name': 'kube-znn.173f8e4f6cbefcd5', 'type': 'Normal', 'message': '(combined from similar events): Scaled down replica set kube-znn-f8d56c578 to 3', 'dateevent': '2023-02-01 01:14:18+00:00', 'image': 'cmendes/znn:400k', 'replicas': 5, 'imageChanges': 2, 'replicasChanges': 11}

{'name': 'kube-znn.173f8e4f6cbefcd5', 'type': 'Normal', 'message': '(combined from similar events): Scaled down replica set kube-znn-5fb97667db to 3', 'dateevent': '2023-02-01 01:14:18+00:00', 'image': 'cmendes/znn:400k', 'replicas': 5, 'imageChanges': 2, 'replicasChanges': 11}

{'name': 'kube-znn.173f8e4f6cbefcd5', 'type': 'Normal', 'message': '(combined from similar events): Scaled up replica set kube-znn-f8d56c578 to 4', 'dateevent': '2023-02-01 01:14:18+00:00', 'image': 'cmendes/znn:400k', 'replicas': 5, 'imageChanges': 2, 'replicasChanges': 11}

{'name': 'kube-znn.173f8e4f6cbefcd5', 'type': 'Normal', 'message': '(combined from similar events): Scaled down replica set kube-znn-5fb97667db to 2', 'dateevent': '2023-02-01 01:14:18+00:00', 'image': 'cmendes/znn:400k', 'replicas': 5, 'imageChanges': 2, 'replicasChanges': 11}

{'name': 'kube-znn.173f8e56f42172fd', 'type': 'Normal', 'message': 'Scaled up replica set kube-znn-f8d56c578 to 5', 'dateevent': '2023-02-01 01:14:50+00:00', 'image': 'cmendes/znn:400k', 'replicas': 5, 'imageChanges': 2, 'replicasChanges': 11}

{'name': 'kube-znn.173f8e4f6cbefcd5', 'type': 'Normal', 'message': '(combined from similar events): Scaled down replica set kube-znn-5fb97667db to 1', 'dateevent': '2023-02-01 01:14:18+00:00', 'image': 'cmendes/znn:400k', 'replicas': 5, 'imageChanges': 2, 'replicasChanges': 11}

{'name': 'kube-znn.173f8e4f6cbefcd5', 'type': 'Normal', 'message': '(combined from similar events): Scaled down replica set kube-znn-5fb97667db to 0', 'dateevent': '2023-02-01 01:14:18+00:00', 'image': 'cmendes/znn:400k', 'replicas': 5, 'imageChanges': 2, 'replicasChanges': 11}

{'name': 'kube-znn.173f8e4f6cbefcd5', 'type': 'Normal', 'message': '(combined from similar events): Scaled up replica set kube-znn-6978979d84 to 2', 'dateevent': '2023-02-01 01:14:18+00:00', 'image': 'cmendes/znn:600k', 'replicas': 5, 'imageChanges': 3, 'replicasChanges': 11}

{'name': 'kube-znn.173f8e4f6cbefcd5', 'type': 'Normal', 'message': '(combined from similar events): Scaled down replica set kube-znn-f8d56c578 to 4', 'dateevent': '2023-02-01 01:14:18+00:00', 'image': 'cmendes/znn:600k', 'replicas': 5, 'imageChanges': 3, 'replicasChanges': 11}

{'name': 'kube-znn.173f8e4f6cbefcd5', 'type': 'Normal', 'message': '(combined from similar events): Scaled down replica set kube-znn-5fb97667db to 3', 'dateevent': '2023-02-01 01:14:18+00:00', 'image': 'cmendes/znn:400k', 'replicas': 5, 'imageChanges': 4, 'replicasChanges': 11}

Reading file: VersionA-Monolithic
Reading file: VersionB-MicroControllers
Reading file: VersionC-WithFailureManagerMetaController
Reading file: VersionC-ZTemp
