Reading file: automatingDataGeneration.sh
Reading file: BLong10_parte1
Reading file: BLong10_parte1.7z
Reading file: CLong10
Reading file: CLong10.7z
Reading file: CShort10
Reading file: CShort10.7z
Reading file: Evaluation-ZNN.7z
Reading file: fidelityb-67c8fc5999-mrdm9_tracing_20230130_003910.log

fidelityb data

2023-01-30 03:44:10 : t0:removeHighQuality

2023-01-30 03:44:15 : t0:removeHighQuality

2023-01-30 03:44:20 : t0:removeHighQuality

2023-01-30 03:44:25 : t0:removeHighQuality

2023-01-30 03:44:30 : t0:removeHighQuality

2023-01-30 03:44:35 : t0:removeHighQuality

2023-01-30 03:44:45 : t0:raiseFidelity

2023-01-30 03:44:50 : t0:removeHighQuality

2023-01-30 03:45:20 : t0:raiseFidelity

Reading file: generateLogs2.sh
Reading file: k6-lwjqj_tracing_20230130_003910.log
Reading file: README.md
Reading file: scalabilityb-66d698fc76-vb7wl_tracing_20230130_003910.log

scalabilityb data

2023-01-30 03:42:02 : t0:removeHighScalability

2023-01-30 03:42:07 : t0:removeHighScalability

2023-01-30 03:42:12 : t0:removeHighScalability

2023-01-30 03:42:17 : t0:removeHighScalability

2023-01-30 03:42:22 : t0:removeHighScalability

2023-01-30 03:42:27 : t0:removeHighScalability

2023-01-30 03:42:32 : t0:removeHighScalability

2023-01-30 03:42:37 : t0:removeHighScalability

2023-01-30 03:42:42 : t0:removeHighScalability

2023-01-30 03:42:47 INFO  GuavaMasterReportingPort:35 - MODEL: Executing O[strategy-execution-KubeZnnSystem:Acme:ExecutionHistory/strategyExecutionState.null([KubeZnnSystem:Acme, AdapttionTree, ADAPTATION_EXECUTING, ])]

2023-01-30 03:42:52 : t0:removeHighScalability

2023-01-30 03:42:57 : t0:removeHighScalability

2023-01-30 03:43:02 INFO  Rainbow:694 - Delegate: master[EXECUTOR]: [[Rainbow Strategy Executor]]: Executing Strategy deactivateScalabilityA

2023-01-30 03:43:07 : t0:removeHighScalability

2023-01-30 03:43:12 INFO  GuavaMasterReportingPort:35 - MODEL: Executing O[strategy-execution-KubeZnnSystem:Acme:ExecutionHistory/strategyExecutionState.null([KubeZnnSystem:Acme, AdapttionTree, ADAPTATION_EXECUTING, ])]

2023-01-30 03:43:17 : t0:removeHighScalability

2023-01-30 03:43:22 : t0:removeHighScalability

2023-01-30 03:43:27 : t0:removeHighScalability

2023-01-30 03:43:32 : t0:removeHighScalability

2023-01-30 03:43:37 : t0:removeHighScalability

2023-01-30 03:43:42 : t0:removeHighScalability

2023-01-30 03:43:47 : t0:removeHighScalability

2023-01-30 03:43:52 : t0:removeHighScalability

2023-01-30 03:43:57 : t0:removeHighScalability

2023-01-30 03:44:02 : t0:removeHighScalability

2023-01-30 03:44:07 : t0:removeHighScalability

2023-01-30 03:44:12 : t0:removeHighScalability

2023-01-30 03:44:17 : t0:removeHighScalability

2023-01-30 03:44:22 : t0:removeHighScalability

2023-01-30 03:44:27 : t0:removeHighScalability

2023-01-30 03:44:32 : t0:removeHighScalability

2023-01-30 03:44:37 : t0:removeHighScalability

2023-01-30 03:44:42 : t0:removeReplica

Reading file: summary-trace-znn.log
Reading file: temp
Reading file: temp2701
Reading file: test
Reading file: tools
Reading file: traceznn_20230130_003910.log

Trace znn data

{'name': 'kube-znn-db.173ef867169a847f', 'type': 'Normal', 'message': 'Scaled up replica set kube-znn-db-558bb5dd64 to 1', 'dateevent': '2023-01-30 03:27:13+00:00', 'image': 'cmendes/znn:800k', 'replicas': 1, 'imageChanges': 0, 'replicasChanges': 1}

{'name': 'kube-znn.173ef867158691dc', 'type': 'Normal', 'message': 'Scaled up replica set kube-znn-744bbbc54b to 1', 'dateevent': '2023-01-30 03:27:13+00:00', 'image': 'cmendes/znn:800k', 'replicas': 1, 'imageChanges': 0, 'replicasChanges': 1}

{'name': 'kube-znn.173ef9104b25cc2f', 'type': 'Normal', 'message': 'Scaled up replica set kube-znn-744bbbc54b to 2', 'dateevent': '2023-01-30 03:39:19+00:00', 'image': 'cmendes/znn:800k', 'replicas': 2, 'imageChanges': 0, 'replicasChanges': 2}

{'name': 'kube-znn.173ef9124ed5544c', 'type': 'Normal', 'message': 'Scaled up replica set kube-znn-744bbbc54b to 3', 'dateevent': '2023-01-30 03:39:28+00:00', 'image': 'cmendes/znn:800k', 'replicas': 3, 'imageChanges': 0, 'replicasChanges': 3}

{'name': 'kube-znn.173ef9137bf4d082', 'type': 'Normal', 'message': 'Scaled up replica set kube-znn-744bbbc54b to 4', 'dateevent': '2023-01-30 03:39:33+00:00', 'image': 'cmendes/znn:800k', 'replicas': 4, 'imageChanges': 0, 'replicasChanges': 4}

{'name': 'kube-znn.173ef914a06b2e20', 'type': 'Normal', 'message': 'Scaled up replica set kube-znn-744bbbc54b to 5', 'dateevent': '2023-01-30 03:39:38+00:00', 'image': 'cmendes/znn:800k', 'replicas': 5, 'imageChanges': 0, 'replicasChanges': 5}

{'name': 'kube-znn.173ef915c988ee86', 'type': 'Normal', 'message': 'Scaled up replica set kube-znn-744bbbc54b to 6', 'dateevent': '2023-01-30 03:39:43+00:00', 'image': 'cmendes/znn:800k', 'replicas': 6, 'imageChanges': 0, 'replicasChanges': 6}

{'name': 'kube-znn.173ef916f34ad1dd', 'type': 'Normal', 'message': 'Scaled up replica set kube-znn-744bbbc54b to 7', 'dateevent': '2023-01-30 03:39:48+00:00', 'image': 'cmendes/znn:800k', 'replicas': 7, 'imageChanges': 0, 'replicasChanges': 7}

{'name': 'kube-znn.173ef9181d6ec26f', 'type': 'Normal', 'message': 'Scaled up replica set kube-znn-744bbbc54b to 8', 'dateevent': '2023-01-30 03:39:53+00:00', 'image': 'cmendes/znn:800k', 'replicas': 8, 'imageChanges': 0, 'replicasChanges': 8}

{'name': 'kube-znn.173ef91948bd2254', 'type': 'Normal', 'message': 'Scaled up replica set kube-znn-744bbbc54b to 9', 'dateevent': '2023-01-30 03:39:58+00:00', 'image': 'cmendes/znn:800k', 'replicas': 9, 'imageChanges': 0, 'replicasChanges': 9}

{'name': 'kube-znn.173ef91a740b23b4', 'type': 'Normal', 'message': 'Scaled up replica set kube-znn-744bbbc54b to 10', 'dateevent': '2023-01-30 03:40:03+00:00', 'image': 'cmendes/znn:800k', 'replicas': 10, 'imageChanges': 0, 'replicasChanges': 10}

{'name': 'kube-znn.173ef91b7ed6345f', 'type': 'Normal', 'message': '(combined from similar events): Scaled up replica set kube-znn-5c95bd98fb to 3', 'dateevent': '2023-01-30 03:40:07+00:00', 'image': 'cmendes/znn:600k', 'replicas': 10, 'imageChanges': 1, 'replicasChanges': 10}

{'name': 'kube-znn.173ef91b7ed6345f', 'type': 'Normal', 'message': '(combined from similar events): Scaled down replica set kube-znn-744bbbc54b to 8', 'dateevent': '2023-01-30 03:40:07+00:00', 'image': 'cmendes/znn:600k', 'replicas': 10, 'imageChanges': 1, 'replicasChanges': 10}

{'name': 'kube-znn.173ef91b7ed6345f', 'type': 'Normal', 'message': '(combined from similar events): Scaled up replica set kube-znn-5c95bd98fb to 5', 'dateevent': '2023-01-30 03:40:07+00:00', 'image': 'cmendes/znn:600k', 'replicas': 10, 'imageChanges': 1, 'replicasChanges': 10}

{'name': 'kube-znn.173ef91b7ed6345f', 'type': 'Normal', 'message': '(combined from similar events): Scaled down replica set kube-znn-744bbbc54b to 5', 'dateevent': '2023-01-30 03:40:07+00:00', 'image': 'cmendes/znn:400k', 'replicas': 10, 'imageChanges': 2, 'replicasChanges': 10}

{'name': 'kube-znn.173ef91b7ed6345f', 'type': 'Normal', 'message': '(combined from similar events): Scaled down replica set kube-znn-5c95bd98fb to 3', 'dateevent': '2023-01-30 03:40:07+00:00', 'image': 'cmendes/znn:400k', 'replicas': 10, 'imageChanges': 2, 'replicasChanges': 10}

{'name': 'kube-znn.173ef91b7ed6345f', 'type': 'Normal', 'message': '(combined from similar events): Scaled up replica set kube-znn-549bfcf578 to 5', 'dateevent': '2023-01-30 03:40:07+00:00', 'image': 'cmendes/znn:400k', 'replicas': 10, 'imageChanges': 2, 'replicasChanges': 10}

{'name': 'kube-znn.173ef91b7ed6345f', 'type': 'Normal', 'message': '(combined from similar events): Scaled down replica set kube-znn-744bbbc54b to 4', 'dateevent': '2023-01-30 03:40:07+00:00', 'image': 'cmendes/znn:600k', 'replicas': 10, 'imageChanges': 3, 'replicasChanges': 10}

{'name': 'kube-znn.173ef91b7ed6345f', 'type': 'Normal', 'message': '(combined from similar events): Scaled down replica set kube-znn-549bfcf578 to 4', 'dateevent': '2023-01-30 03:40:07+00:00', 'image': 'cmendes/znn:600k', 'replicas': 10, 'imageChanges': 3, 'replicasChanges': 10}

{'name': 'kube-znn.173ef92ddabd1151', 'type': 'Normal', 'message': 'Scaled up replica set kube-znn-5c95bd98fb to 5', 'dateevent': '2023-01-30 03:41:26+00:00', 'image': 'cmendes/znn:600k', 'replicas': 10, 'imageChanges': 3, 'replicasChanges': 10}

{'name': 'kube-znn.173ef91b7ed6345f', 'type': 'Normal', 'message': '(combined from similar events): Scaled down replica set kube-znn-5c95bd98fb to 4', 'dateevent': '2023-01-30 03:40:07+00:00', 'image': 'cmendes/znn:400k', 'replicas': 10, 'imageChanges': 4, 'replicasChanges': 10}

{'name': 'kube-znn.173ef92de53e0535', 'type': 'Normal', 'message': 'Scaled up replica set kube-znn-549bfcf578 to 5', 'dateevent': '2023-01-30 03:41:26+00:00', 'image': 'cmendes/znn:400k', 'replicas': 10, 'imageChanges': 4, 'replicasChanges': 10}

{'name': 'kube-znn.173ef92f025e866f', 'type': 'Normal', 'message': 'Scaled down replica set kube-znn-549bfcf578 to 4', 'dateevent': '2023-01-30 03:41:31+00:00', 'image': 'cmendes/znn:600k', 'replicas': 10, 'imageChanges': 5, 'replicasChanges': 10}

{'name': 'kube-znn.173ef91b7ed6345f', 'type': 'Normal', 'message': '(combined from similar events): Scaled up replica set kube-znn-5c95bd98fb to 5', 'dateevent': '2023-01-30 03:40:07+00:00', 'image': 'cmendes/znn:600k', 'replicas': 10, 'imageChanges': 5, 'replicasChanges': 10}

{'name': 'kube-znn.173ef92f09e35247', 'type': 'Normal', 'message': 'Scaled down replica set kube-znn-5c95bd98fb to 4', 'dateevent': '2023-01-30 03:41:31+00:00', 'image': 'cmendes/znn:400k', 'replicas': 10, 'imageChanges': 6, 'replicasChanges': 10}

{'name': 'kube-znn.173ef92de53e0535', 'type': 'Normal', 'message': 'Scaled up replica set kube-znn-549bfcf578 to 5', 'dateevent': '2023-01-30 03:41:26+00:00', 'image': 'cmendes/znn:400k', 'replicas': 10, 'imageChanges': 6, 'replicasChanges': 10}

{'name': 'kube-znn.173ef92f025e866f', 'type': 'Normal', 'message': 'Scaled down replica set kube-znn-549bfcf578 to 4', 'dateevent': '2023-01-30 03:41:31+00:00', 'image': 'cmendes/znn:600k', 'replicas': 10, 'imageChanges': 7, 'replicasChanges': 10}

{'name': 'kube-znn.173ef93ab34cc9fe', 'type': 'Normal', 'message': 'Scaled down replica set kube-znn-5c95bd98fb to 3', 'dateevent': '2023-01-30 03:44:33+00:00', 'image': 'cmendes/znn:400k', 'replicas': 10, 'imageChanges': 8, 'replicasChanges': 10}

Reading file: VersionA-Monolithic
Reading file: VersionB-MicroControllers
Reading file: VersionC-WithFailureManagerMetaController
Reading file: VersionC-ZTemp
