Reading file: ALong10
Reading file: ALong10.7z
Reading file: automatingDataGeneration.sh
Reading file: BLong10
Reading file: BLong10_parte1.7z
Reading file: BLong10_parte2.7z
Reading file: BLong10_parte3.7z
Reading file: BShort10
Reading file: BShort10.7z
Reading file: CLong10
Reading file: CLong10.7z
Reading file: CShort10
Reading file: CShort10.7z
Reading file: Evaluation-ZNN.7z
Reading file: generateLogs001310
Reading file: generateLogs2.sh
Reading file: k6-7tw95_tracing_20230201_002259.log
Reading file: kubow-548bb5f4b4-7d9xl_tracing_20230201_002259.log

Kubow data

2023-02-01 03:23:06 : t0:addReplica

2023-02-01 03:23:11 : t0:addReplica

2023-02-01 03:23:16 : t0:addReplica

2023-02-01 03:23:21 : t0:addReplica

2023-02-01 03:23:26 : t0:addReplica

2023-02-01 03:23:31 : t0:addReplica

2023-02-01 03:23:36 : t0:addReplica

2023-02-01 03:23:41 : t0:addReplica

2023-02-01 03:23:46 : t0:addReplica

2023-02-01 03:23:51 : t1:lowerFidelity

2023-02-01 03:24:01 : t1:lowerFidelity

2023-02-01 03:24:06 : t0:activateLowScalabilityHighQuality

2023-02-01 03:24:26 : t0:addReplica

2023-02-01 03:24:31 : t0:addReplica

2023-02-01 03:24:36 : t0:addReplica

2023-02-01 03:24:41 : t0:addReplica

2023-02-01 03:24:46 : t0:addReplica

2023-02-01 03:24:51 : t0:activateLowScalabilityHighQuality

2023-02-01 03:24:56 : t0:addHighScalabilityHighQuality

2023-02-01 03:25:01 : t0:addHighScalabilityHighQuality

2023-02-01 03:25:06 : t0:addHighScalabilityHighQuality

2023-02-01 03:25:11 : t0:addHighScalabilityHighQuality

2023-02-01 03:25:16 : t0:addHighScalabilityHighQuality

2023-02-01 03:25:26 : t1:raiseFidelity

2023-02-01 03:25:31 : t1:raiseFidelity

2023-02-01 03:25:41 : t0:addHighScalabilityHighQuality

2023-02-01 03:25:46 : t0:addHighScalabilityHighQuality

2023-02-01 03:25:51 : t0:addHighScalabilityHighQuality

2023-02-01 03:25:56 : t0:addHighScalabilityHighQuality

2023-02-01 03:26:01 : t0:addReplica

2023-02-01 03:26:06 : t0:addReplica

2023-02-01 03:26:11 : t0:addReplica

2023-02-01 03:26:16 : t0:addReplica

2023-02-01 03:26:21 : t0:addReplica

2023-02-01 03:26:26 : t0:addReplica

2023-02-01 03:26:31 : t0:addReplica

2023-02-01 03:26:36 : t0:addReplica

2023-02-01 03:26:41 : t1:lowerFidelity

2023-02-01 03:26:46 : t1:lowerFidelity

2023-02-01 03:26:51 : t1:lowerFidelity

2023-02-01 03:26:56 : t1:lowerFidelity

2023-02-01 03:27:01 : t1:lowerFidelity

2023-02-01 03:27:06 : t1:lowerFidelity

2023-02-01 03:27:11 : t1:lowerFidelity

2023-02-01 03:27:16 : t1:lowerFidelity

2023-02-01 03:27:21 : t1:lowerFidelity

2023-02-01 03:27:26 : t1:lowerFidelity

2023-02-01 03:27:31 : t1:lowerFidelity

2023-02-01 03:27:36 : t1:lowerFidelity

2023-02-01 03:27:41 : t1:lowerFidelity

2023-02-01 03:27:46 : t1:lowerFidelity

2023-02-01 03:27:51 : t1:lowerFidelity

2023-02-01 03:27:56 : t1:lowerFidelity

2023-02-01 03:28:01 : t1:lowerFidelity

2023-02-01 03:28:06 : t1:lowerFidelity

2023-02-01 03:28:11 : t1:lowerFidelity

2023-02-01 03:28:16 : t0:addLowScalabilityLowQuality

Reading file: README.md
Reading file: summary-trace-znn.log
Reading file: temp
Reading file: temp2701
Reading file: temp3101
Reading file: test
Reading file: tools
Reading file: traceznn_20230201_002259.log

Trace znn data

{'name': 'kube-znn-db.173f950b0a4f3f92', 'type': 'Normal', 'message': 'Scaled up replica set kube-znn-db-6dd8968475 to 1', 'dateevent': '2023-02-01 03:17:41+00:00', 'image': 'cmendes/znn:800k', 'replicas': 1, 'imageChanges': 0, 'replicasChanges': 1}

{'name': 'kube-znn.173f950b08d4a380', 'type': 'Normal', 'message': 'Scaled up replica set kube-znn-5fb97667db to 1', 'dateevent': '2023-02-01 03:17:41+00:00', 'image': 'cmendes/znn:800k', 'replicas': 1, 'imageChanges': 0, 'replicasChanges': 1}

{'name': 'kube-znn.173f955734d3ab99', 'type': 'Normal', 'message': 'Scaled up replica set kube-znn-5fb97667db to 2', 'dateevent': '2023-02-01 03:23:08+00:00', 'image': 'cmendes/znn:800k', 'replicas': 2, 'imageChanges': 0, 'replicasChanges': 2}

{'name': 'kube-znn.173f955811fdb70f', 'type': 'Normal', 'message': 'Scaled up replica set kube-znn-5fb97667db to 3', 'dateevent': '2023-02-01 03:23:11+00:00', 'image': 'cmendes/znn:800k', 'replicas': 3, 'imageChanges': 0, 'replicasChanges': 3}

{'name': 'kube-znn.173f955938582159', 'type': 'Normal', 'message': 'Scaled up replica set kube-znn-5fb97667db to 4', 'dateevent': '2023-02-01 03:23:16+00:00', 'image': 'cmendes/znn:800k', 'replicas': 4, 'imageChanges': 0, 'replicasChanges': 4}

{'name': 'kube-znn.173f955a60e5672b', 'type': 'Normal', 'message': 'Scaled up replica set kube-znn-5fb97667db to 5', 'dateevent': '2023-02-01 03:23:21+00:00', 'image': 'cmendes/znn:800k', 'replicas': 5, 'imageChanges': 0, 'replicasChanges': 5}

{'name': 'kube-znn.173f955b89e2b5fa', 'type': 'Normal', 'message': 'Scaled up replica set kube-znn-5fb97667db to 6', 'dateevent': '2023-02-01 03:23:26+00:00', 'image': 'cmendes/znn:800k', 'replicas': 6, 'imageChanges': 0, 'replicasChanges': 6}

{'name': 'kube-znn.173f955cb61b6bba', 'type': 'Normal', 'message': 'Scaled up replica set kube-znn-5fb97667db to 7', 'dateevent': '2023-02-01 03:23:31+00:00', 'image': 'cmendes/znn:800k', 'replicas': 7, 'imageChanges': 0, 'replicasChanges': 7}

{'name': 'kube-znn.173f955ddcf66cf9', 'type': 'Normal', 'message': 'Scaled up replica set kube-znn-5fb97667db to 8', 'dateevent': '2023-02-01 03:23:36+00:00', 'image': 'cmendes/znn:800k', 'replicas': 8, 'imageChanges': 0, 'replicasChanges': 8}

{'name': 'kube-znn.173f955f0ed7e1fb', 'type': 'Normal', 'message': 'Scaled up replica set kube-znn-5fb97667db to 9', 'dateevent': '2023-02-01 03:23:41+00:00', 'image': 'cmendes/znn:800k', 'replicas': 9, 'imageChanges': 0, 'replicasChanges': 9}

{'name': 'kube-znn.173f956031445118', 'type': 'Normal', 'message': '(combined from similar events): Scaled up replica set kube-znn-5fb97667db to 10', 'dateevent': '2023-02-01 03:23:46+00:00', 'image': 'cmendes/znn:800k', 'replicas': 10, 'imageChanges': 0, 'replicasChanges': 10}

{'name': 'kube-znn.173f956031445118', 'type': 'Normal', 'message': '(combined from similar events): Scaled up replica set kube-znn-6978979d84 to 3', 'dateevent': '2023-02-01 03:23:46+00:00', 'image': 'cmendes/znn:600k', 'replicas': 10, 'imageChanges': 1, 'replicasChanges': 10}

{'name': 'kube-znn.173f956031445118', 'type': 'Normal', 'message': '(combined from similar events): Scaled down replica set kube-znn-5fb97667db to 9', 'dateevent': '2023-02-01 03:23:46+00:00', 'image': 'cmendes/znn:600k', 'replicas': 10, 'imageChanges': 1, 'replicasChanges': 10}

{'name': 'kube-znn.173f956031445118', 'type': 'Normal', 'message': '(combined from similar events): Scaled down replica set kube-znn-5fb97667db to 8', 'dateevent': '2023-02-01 03:23:46+00:00', 'image': 'cmendes/znn:600k', 'replicas': 10, 'imageChanges': 1, 'replicasChanges': 10}

{'name': 'kube-znn.173f956031445118', 'type': 'Normal', 'message': '(combined from similar events): Scaled up replica set kube-znn-6978979d84 to 5', 'dateevent': '2023-02-01 03:23:46+00:00', 'image': 'cmendes/znn:600k', 'replicas': 10, 'imageChanges': 1, 'replicasChanges': 10}

{'name': 'kube-znn.173f956031445118', 'type': 'Normal', 'message': '(combined from similar events): Scaled down replica set kube-znn-5fb97667db to 7', 'dateevent': '2023-02-01 03:23:46+00:00', 'image': 'cmendes/znn:600k', 'replicas': 10, 'imageChanges': 1, 'replicasChanges': 10}

{'name': 'kube-znn.173f956031445118', 'type': 'Normal', 'message': '(combined from similar events): Scaled up replica set kube-znn-6978979d84 to 6', 'dateevent': '2023-02-01 03:23:46+00:00', 'image': 'cmendes/znn:600k', 'replicas': 10, 'imageChanges': 1, 'replicasChanges': 10}

{'name': 'kube-znn.173f956031445118', 'type': 'Normal', 'message': '(combined from similar events): Scaled down replica set kube-znn-6978979d84 to 1', 'dateevent': '2023-02-01 03:23:46+00:00', 'image': 'cmendes/znn:400k', 'replicas': 10, 'imageChanges': 2, 'replicasChanges': 10}

{'name': 'kube-znn.173f956031445118', 'type': 'Normal', 'message': '(combined from similar events): Scaled up replica set kube-znn-f8d56c578 to 5', 'dateevent': '2023-02-01 03:23:46+00:00', 'image': 'cmendes/znn:400k', 'replicas': 10, 'imageChanges': 2, 'replicasChanges': 10}

{'name': 'kube-znn.173f956031445118', 'type': 'Normal', 'message': '(combined from similar events): Scaled down replica set kube-znn-5fb97667db to 3', 'dateevent': '2023-02-01 03:23:46+00:00', 'image': 'cmendes/znn:400k', 'replicas': 5, 'imageChanges': 2, 'replicasChanges': 11}

{'name': 'kube-znn.173f956031445118', 'type': 'Normal', 'message': '(combined from similar events): Scaled down replica set kube-znn-f8d56c578 to 3', 'dateevent': '2023-02-01 03:23:46+00:00', 'image': 'cmendes/znn:400k', 'replicas': 5, 'imageChanges': 2, 'replicasChanges': 11}

{'name': 'kube-znn.173f956031445118', 'type': 'Normal', 'message': '(combined from similar events): Scaled down replica set kube-znn-5fb97667db to 2', 'dateevent': '2023-02-01 03:23:46+00:00', 'image': 'cmendes/znn:400k', 'replicas': 5, 'imageChanges': 2, 'replicasChanges': 11}

{'name': 'kube-znn.173f956031445118', 'type': 'Normal', 'message': '(combined from similar events): Scaled up replica set kube-znn-f8d56c578 to 4', 'dateevent': '2023-02-01 03:23:46+00:00', 'image': 'cmendes/znn:400k', 'replicas': 5, 'imageChanges': 2, 'replicasChanges': 11}

{'name': 'kube-znn.173f956031445118', 'type': 'Normal', 'message': '(combined from similar events): Scaled down replica set kube-znn-5fb97667db to 1', 'dateevent': '2023-02-01 03:23:46+00:00', 'image': 'cmendes/znn:400k', 'replicas': 5, 'imageChanges': 2, 'replicasChanges': 11}

{'name': 'kube-znn.173f956031445118', 'type': 'Normal', 'message': '(combined from similar events): Scaled up replica set kube-znn-f8d56c578 to 5', 'dateevent': '2023-02-01 03:23:46+00:00', 'image': 'cmendes/znn:400k', 'replicas': 5, 'imageChanges': 2, 'replicasChanges': 11}

{'name': 'kube-znn.173f956031445118', 'type': 'Normal', 'message': '(combined from similar events): Scaled down replica set kube-znn-5fb97667db to 0', 'dateevent': '2023-02-01 03:23:46+00:00', 'image': 'cmendes/znn:400k', 'replicas': 5, 'imageChanges': 2, 'replicasChanges': 11}

{'name': 'kube-znn.173f956031445118', 'type': 'Normal', 'message': '(combined from similar events): Scaled down replica set kube-znn-6978979d84 to 0', 'dateevent': '2023-02-01 03:23:46+00:00', 'image': 'cmendes/znn:400k', 'replicas': 5, 'imageChanges': 2, 'replicasChanges': 11}

{'name': 'kube-znn.173f958c6f7b6186', 'type': 'Normal', 'message': 'Scaled down replica set kube-znn-f8d56c578 to 0', 'dateevent': '2023-02-01 03:28:11+00:00', 'image': 'cmendes/znn:600k', 'replicas': 10, 'imageChanges': 3, 'replicasChanges': 12}

Reading file: VersionA-Monolithic
Reading file: VersionB-MicroControllers
Reading file: VersionC-WithFailureManagerMetaController
Reading file: VersionC-ZTemp
