Reading file: automatingDataGeneration.sh
Reading file: BLong10
Reading file: BLong10_parte1.7z
Reading file: BLong10_parte2.7z
Reading file: BLong10_parte3.7z
Reading file: BShort10
Reading file: BShort10.7z
Reading file: CLong10
Reading file: CLong10.7z
Reading file: CShort10
Reading file: CShort10.7z
Reading file: Evaluation-ZNN.7z
Reading file: fidelitya-5b8dd7f8c7-ptqq7_tracing_20230131_003552.log

fidelitya data

2023-01-31 03:36:47 : t0:lowerFidelity

2023-01-31 03:37:02 : t0:lowerFidelity

2023-01-31 03:37:17 : t0:lowerFidelity

2023-01-31 03:37:32 INFO  Rainbow:694 - Delegate: master[EXECUTOR]: [[Rainbow Strategy Executor]]: Executing Strategy ImproveSlo

2023-01-31 03:37:47 : t0:lowerFidelity

2023-01-31 03:37:57 : t0:lowerFidelity

2023-01-31 03:38:02 : t0:lowerFidelity

2023-01-31 03:38:07 : t0:lowerFidelity

2023-01-31 03:38:12 : t0:lowerFidelity

2023-01-31 03:38:17 : t0:lowerFidelity

2023-01-31 03:38:47 : t0:raiseFidelity

2023-01-31 03:39:22 : t0:raiseFidelity

2023-01-31 03:39:27 : t0:raiseFidelity

2023-01-31 03:39:32 : t0:raiseFidelity

2023-01-31 03:39:37 : t0:raiseFidelity

2023-01-31 03:39:42 : t0:raiseFidelity

2023-01-31 03:39:47 : t0:raiseFidelity

2023-01-31 03:39:52 : t0:raiseFidelity

2023-01-31 03:39:57 : t0:raiseFidelity

2023-01-31 03:40:02 : t0:raiseFidelity

2023-01-31 03:40:07 : t0:raiseFidelity

2023-01-31 03:40:12 : t0:raiseFidelity

2023-01-31 03:40:17 : t0:raiseFidelity

2023-01-31 03:40:22 : t0:raiseFidelity

2023-01-31 03:40:27 : t0:raiseFidelity

2023-01-31 03:40:32 : t0:raiseFidelity

2023-01-31 03:40:37 : t0:raiseFidelity

2023-01-31 03:40:42 : t0:raiseFidelity

2023-01-31 03:40:47 : t0:raiseFidelity

2023-01-31 03:40:52 : t0:raiseFidelity

2023-01-31 03:40:57 : t0:raiseFidelity

2023-01-31 03:41:02 : t0:raiseFidelity

2023-01-31 03:41:07 : t0:raiseFidelity

2023-01-31 03:41:12 : t0:raiseFidelity

2023-01-31 03:41:17 : t0:raiseFidelity

2023-01-31 03:41:22 : t0:raiseFidelity

2023-01-31 03:41:27 : t0:raiseFidelity

2023-01-31 03:41:32 : t0:raiseFidelity

2023-01-31 03:41:37 : t0:raiseFidelity

2023-01-31 03:41:42 : t0:raiseFidelity

2023-01-31 03:41:47 : t0:raiseFidelity

2023-01-31 03:41:52 : t0:raiseFidelity

2023-01-31 03:41:57 : t0:raiseFidelity

2023-01-31 03:42:02 : t0:raiseFidelity

2023-01-31 03:42:07 : t0:raiseFidelity

2023-01-31 03:42:12 : t0:raiseFidelity

2023-01-31 03:42:17 : t0:raiseFidelity

2023-01-31 03:42:22 : t0:raiseFidelity

2023-01-31 03:42:27 : t0:raiseFidelity

2023-01-31 03:42:32 : t0:raiseFidelity

2023-01-31 03:42:37 : t0:raiseFidelity

2023-01-31 03:42:42 : t0:raiseFidelity

2023-01-31 03:42:47 : t0:raiseFidelity

2023-01-31 03:42:52 : t0:raiseFidelity

2023-01-31 03:42:57 : t0:raiseFidelity

2023-01-31 03:43:02 : t0:raiseFidelity

2023-01-31 03:43:07 : t0:raiseFidelity

2023-01-31 03:43:12 : t0:raiseFidelity

2023-01-31 03:43:17 : t0:raiseFidelity

2023-01-31 03:43:22 : t0:raiseFidelity

2023-01-31 03:43:27 : t0:raiseFidelity

2023-01-31 03:43:32 : t0:raiseFidelity

2023-01-31 03:43:37 : t0:raiseFidelity

2023-01-31 03:43:42 : t0:raiseFidelity

2023-01-31 03:43:47 : t0:raiseFidelity

2023-01-31 03:43:52 : t0:raiseFidelity

2023-01-31 03:43:57 : t0:raiseFidelity

2023-01-31 03:44:02 : t0:raiseFidelity

2023-01-31 03:44:07 : t0:raiseFidelity

2023-01-31 03:44:12 : t0:raiseFidelity

2023-01-31 03:44:17 : t0:raiseFidelity

2023-01-31 03:44:22 : t0:raiseFidelity

2023-01-31 03:44:27 : t0:raiseFidelity

2023-01-31 03:44:32 : t0:raiseFidelity

2023-01-31 03:44:37 : t0:raiseFidelity

2023-01-31 03:44:42 : t0:raiseFidelity

2023-01-31 03:44:47 : t0:raiseFidelity

Reading file: generateLogs001506
Reading file: generateLogs2.sh
Reading file: generateLogs225909
Reading file: generateLogs232306
Reading file: generateLogs234622
Reading file: k6-r7tdv_tracing_20230131_003552.log
Reading file: README.md
Reading file: scalabilityb-66d698fc76-wrqnw_tracing_20230131_003552.log

scalabilityb data

2023-01-31 03:37:44 : t0:removeHighScalability

2023-01-31 03:37:49 : t0:addHighScalability

2023-01-31 03:37:54 : t0:addHighScalability

2023-01-31 03:37:59 : t0:removeHighScalability

2023-01-31 03:38:04 : t0:removeHighScalability

2023-01-31 03:38:09 : t0:removeHighScalability

2023-01-31 03:38:14 : t0:removeHighScalability

2023-01-31 03:38:19 : t0:removeHighScalability

2023-01-31 03:38:49 : t0:removeReplica

2023-01-31 03:39:24 : t0:removeReplica

2023-01-31 03:39:29 : t0:removeReplica

2023-01-31 03:39:34 : t0:removeReplica

2023-01-31 03:39:39 : t0:removeReplica

2023-01-31 03:39:44 : t0:removeReplica

2023-01-31 03:39:49 : t0:removeReplica

2023-01-31 03:39:54 : t0:removeReplica

2023-01-31 03:39:59 : t0:removeReplica

2023-01-31 03:40:04 : t0:removeReplica

2023-01-31 03:40:09 : t0:removeReplica

2023-01-31 03:40:14 : t0:removeReplica

2023-01-31 03:40:19 : t0:removeReplica

2023-01-31 03:40:24 : t0:removeReplica

2023-01-31 03:40:29 : t0:removeReplica

2023-01-31 03:40:34 : t0:removeReplica

2023-01-31 03:40:39 : t0:removeReplica

2023-01-31 03:40:44 : t0:removeReplica

2023-01-31 03:40:49 : t0:removeReplica

2023-01-31 03:40:54 : t0:removeReplica

2023-01-31 03:40:59 : t0:removeReplica

2023-01-31 03:41:04 : t0:removeReplica

2023-01-31 03:41:09 : t0:removeReplica

2023-01-31 03:41:14 : t0:removeReplica

2023-01-31 03:41:19 : t0:removeReplica

2023-01-31 03:41:24 : t0:removeReplica

2023-01-31 03:41:29 : t0:removeReplica

2023-01-31 03:41:34 : t0:removeReplica

2023-01-31 03:41:39 : t0:removeReplica

2023-01-31 03:41:44 : t0:removeReplica

2023-01-31 03:41:49 : t0:removeReplica

2023-01-31 03:41:54 : t0:removeReplica

2023-01-31 03:41:59 : t0:removeReplica

2023-01-31 03:42:04 : t0:removeReplica

2023-01-31 03:42:09 : t0:removeReplica

2023-01-31 03:42:14 : t0:removeReplica

2023-01-31 03:42:19 : t0:removeReplica

2023-01-31 03:42:24 : t0:removeReplica

2023-01-31 03:42:29 : t0:removeReplica

2023-01-31 03:42:34 : t0:removeReplica

2023-01-31 03:42:39 : t0:removeReplica

2023-01-31 03:42:44 : t0:removeReplica

2023-01-31 03:42:49 : t0:removeReplica

2023-01-31 03:42:54 : t0:removeReplica

2023-01-31 03:42:59 : t0:removeReplica

2023-01-31 03:43:04 : t0:removeReplica

2023-01-31 03:43:09 : t0:removeReplica

2023-01-31 03:43:14 : t0:removeReplica

2023-01-31 03:43:19 : t0:removeReplica

2023-01-31 03:43:24 : t0:removeReplica

2023-01-31 03:43:29 : t0:removeReplica

2023-01-31 03:43:34 : t0:removeReplica

2023-01-31 03:43:39 : t0:removeReplica

2023-01-31 03:43:44 : t0:removeReplica

2023-01-31 03:43:49 : t0:removeReplica

2023-01-31 03:43:54 : t0:removeReplica

2023-01-31 03:43:59 : t0:removeReplica

2023-01-31 03:44:04 : t0:removeReplica

2023-01-31 03:44:09 : t0:removeReplica

2023-01-31 03:44:14 : t0:removeReplica

2023-01-31 03:44:19 : t0:removeReplica

2023-01-31 03:44:24 : t0:removeReplica

2023-01-31 03:44:29 : t0:removeReplica

2023-01-31 03:44:34 : t0:removeReplica

2023-01-31 03:44:39 : t0:removeReplica

2023-01-31 03:44:44 : t0:removeReplica

2023-01-31 03:44:49 : t0:removeReplica

Reading file: summary-trace-znn.log
Reading file: temp
Reading file: temp2701
Reading file: test
Reading file: tools
Reading file: traceznn_20230131_003552.log

Trace znn data

{'name': 'kube-znn-db.173f4692afe5fec8', 'type': 'Normal', 'message': 'Scaled up replica set kube-znn-db-558bb5dd64 to 1', 'dateevent': '2023-01-31 03:19:42+00:00', 'image': 'cmendes/znn:800k', 'replicas': 1, 'imageChanges': 0, 'replicasChanges': 1}

{'name': 'kube-znn.173f4692ae0db914', 'type': 'Normal', 'message': 'Scaled up replica set kube-znn-744bbbc54b to 1', 'dateevent': '2023-01-31 03:19:42+00:00', 'image': 'cmendes/znn:800k', 'replicas': 1, 'imageChanges': 0, 'replicasChanges': 1}

{'name': 'kube-znn.173f47776bfaa5ee', 'type': 'Normal', 'message': 'Scaled up replica set kube-znn-744bbbc54b to 2', 'dateevent': '2023-01-31 03:36:04+00:00', 'image': 'cmendes/znn:800k', 'replicas': 2, 'imageChanges': 0, 'replicasChanges': 2}

{'name': 'kube-znn.173f4778346c9f4c', 'type': 'Normal', 'message': 'Scaled up replica set kube-znn-744bbbc54b to 3', 'dateevent': '2023-01-31 03:36:08+00:00', 'image': 'cmendes/znn:800k', 'replicas': 3, 'imageChanges': 0, 'replicasChanges': 3}

{'name': 'kube-znn.173f477960ffcceb', 'type': 'Normal', 'message': 'Scaled up replica set kube-znn-744bbbc54b to 4', 'dateevent': '2023-01-31 03:36:13+00:00', 'image': 'cmendes/znn:800k', 'replicas': 4, 'imageChanges': 0, 'replicasChanges': 4}

{'name': 'kube-znn.173f477a871b1b21', 'type': 'Normal', 'message': 'Scaled up replica set kube-znn-744bbbc54b to 5', 'dateevent': '2023-01-31 03:36:17+00:00', 'image': 'cmendes/znn:800k', 'replicas': 5, 'imageChanges': 0, 'replicasChanges': 5}

{'name': 'kube-znn.173f477bb3f3a14c', 'type': 'Normal', 'message': 'Scaled up replica set kube-znn-744bbbc54b to 6', 'dateevent': '2023-01-31 03:36:23+00:00', 'image': 'cmendes/znn:800k', 'replicas': 6, 'imageChanges': 0, 'replicasChanges': 6}

{'name': 'kube-znn.173f477cddbf54df', 'type': 'Normal', 'message': 'Scaled up replica set kube-znn-744bbbc54b to 7', 'dateevent': '2023-01-31 03:36:28+00:00', 'image': 'cmendes/znn:800k', 'replicas': 7, 'imageChanges': 0, 'replicasChanges': 7}

{'name': 'kube-znn.173f477e054c1174', 'type': 'Normal', 'message': 'Scaled up replica set kube-znn-744bbbc54b to 8', 'dateevent': '2023-01-31 03:36:32+00:00', 'image': 'cmendes/znn:800k', 'replicas': 8, 'imageChanges': 0, 'replicasChanges': 8}

{'name': 'kube-znn.173f477f3033c8fe', 'type': 'Normal', 'message': 'Scaled up replica set kube-znn-744bbbc54b to 9', 'dateevent': '2023-01-31 03:36:38+00:00', 'image': 'cmendes/znn:800k', 'replicas': 9, 'imageChanges': 0, 'replicasChanges': 9}

{'name': 'kube-znn.173f47805806a3c2', 'type': 'Normal', 'message': 'Scaled up replica set kube-znn-744bbbc54b to 10', 'dateevent': '2023-01-31 03:36:42+00:00', 'image': 'cmendes/znn:800k', 'replicas': 10, 'imageChanges': 0, 'replicasChanges': 10}

{'name': 'kube-znn.173f4781d23e0359', 'type': 'Normal', 'message': '(combined from similar events): Scaled up replica set kube-znn-5c95bd98fb to 3', 'dateevent': '2023-01-31 03:36:49+00:00', 'image': 'cmendes/znn:600k', 'replicas': 10, 'imageChanges': 1, 'replicasChanges': 10}

{'name': 'kube-znn.173f4781d23e0359', 'type': 'Normal', 'message': '(combined from similar events): Scaled down replica set kube-znn-744bbbc54b to 8', 'dateevent': '2023-01-31 03:36:49+00:00', 'image': 'cmendes/znn:600k', 'replicas': 10, 'imageChanges': 1, 'replicasChanges': 10}

{'name': 'kube-znn.173f4781d23e0359', 'type': 'Normal', 'message': '(combined from similar events): Scaled up replica set kube-znn-5c95bd98fb to 5', 'dateevent': '2023-01-31 03:36:49+00:00', 'image': 'cmendes/znn:600k', 'replicas': 10, 'imageChanges': 1, 'replicasChanges': 10}

{'name': 'kube-znn.173f4781d23e0359', 'type': 'Normal', 'message': '(combined from similar events): Scaled down replica set kube-znn-744bbbc54b to 5', 'dateevent': '2023-01-31 03:36:49+00:00', 'image': 'cmendes/znn:400k', 'replicas': 10, 'imageChanges': 2, 'replicasChanges': 10}

{'name': 'kube-znn.173f4781d23e0359', 'type': 'Normal', 'message': '(combined from similar events): Scaled down replica set kube-znn-5c95bd98fb to 3', 'dateevent': '2023-01-31 03:36:49+00:00', 'image': 'cmendes/znn:400k', 'replicas': 10, 'imageChanges': 2, 'replicasChanges': 10}

{'name': 'kube-znn.173f4781d23e0359', 'type': 'Normal', 'message': '(combined from similar events): Scaled up replica set kube-znn-549bfcf578 to 5', 'dateevent': '2023-01-31 03:36:49+00:00', 'image': 'cmendes/znn:400k', 'replicas': 10, 'imageChanges': 2, 'replicasChanges': 10}

{'name': 'kube-znn.173f4781d23e0359', 'type': 'Normal', 'message': '(combined from similar events): Scaled down replica set kube-znn-549bfcf578 to 3', 'dateevent': '2023-01-31 03:36:49+00:00', 'image': 'cmendes/znn:600k', 'replicas': 10, 'imageChanges': 3, 'replicasChanges': 10}

{'name': 'kube-znn.173f4792f620a3c2', 'type': 'Normal', 'message': 'Scaled up replica set kube-znn-5c95bd98fb to 5', 'dateevent': '2023-01-31 03:38:02+00:00', 'image': 'cmendes/znn:600k', 'replicas': 10, 'imageChanges': 3, 'replicasChanges': 10}

{'name': 'kube-znn.173f4792fcf99b81', 'type': 'Normal', 'message': 'Scaled down replica set kube-znn-5c95bd98fb to 3', 'dateevent': '2023-01-31 03:38:03+00:00', 'image': 'cmendes/znn:400k', 'replicas': 10, 'imageChanges': 4, 'replicasChanges': 10}

{'name': 'kube-znn.173f4781d23e0359', 'type': 'Normal', 'message': '(combined from similar events): Scaled up replica set kube-znn-549bfcf578 to 5', 'dateevent': '2023-01-31 03:36:49+00:00', 'image': 'cmendes/znn:400k', 'replicas': 10, 'imageChanges': 4, 'replicasChanges': 10}

{'name': 'kube-znn.173f4781d23e0359', 'type': 'Normal', 'message': '(combined from similar events): Scaled down replica set kube-znn-549bfcf578 to 3', 'dateevent': '2023-01-31 03:36:49+00:00', 'image': 'cmendes/znn:600k', 'replicas': 10, 'imageChanges': 5, 'replicasChanges': 10}

{'name': 'kube-znn.173f4792f620a3c2', 'type': 'Normal', 'message': 'Scaled up replica set kube-znn-5c95bd98fb to 5', 'dateevent': '2023-01-31 03:38:02+00:00', 'image': 'cmendes/znn:600k', 'replicas': 10, 'imageChanges': 5, 'replicasChanges': 10}

{'name': 'kube-znn.173f4792fcf99b81', 'type': 'Normal', 'message': 'Scaled down replica set kube-znn-5c95bd98fb to 3', 'dateevent': '2023-01-31 03:38:03+00:00', 'image': 'cmendes/znn:400k', 'replicas': 10, 'imageChanges': 6, 'replicasChanges': 10}

{'name': 'kube-znn.173f479421f5c997', 'type': 'Normal', 'message': 'Scaled up replica set kube-znn-549bfcf578 to 5', 'dateevent': '2023-01-31 03:38:07+00:00', 'image': 'cmendes/znn:400k', 'replicas': 10, 'imageChanges': 6, 'replicasChanges': 10}

{'name': 'kube-znn.173f4781d23e0359', 'type': 'Normal', 'message': '(combined from similar events): Scaled down replica set kube-znn-549bfcf578 to 3', 'dateevent': '2023-01-31 03:36:49+00:00', 'image': 'cmendes/znn:600k', 'replicas': 10, 'imageChanges': 7, 'replicasChanges': 10}

{'name': 'kube-znn.173f4792f620a3c2', 'type': 'Normal', 'message': 'Scaled up replica set kube-znn-5c95bd98fb to 5', 'dateevent': '2023-01-31 03:38:02+00:00', 'image': 'cmendes/znn:600k', 'replicas': 10, 'imageChanges': 7, 'replicasChanges': 10}

Reading file: VersionA-Monolithic
Reading file: VersionB-MicroControllers
Reading file: VersionC-WithFailureManagerMetaController
Reading file: VersionC-ZTemp
