Reading file: automatingDataGeneration.sh
Reading file: BLong10
Reading file: BLong10_parte1.7z
Reading file: BLong10_parte2.7z
Reading file: BLong10_parte3.7z
Reading file: BShort10
Reading file: BShort10.7z
Reading file: CLong10
Reading file: CLong10.7z
Reading file: CShort10
Reading file: CShort10.7z
Reading file: Evaluation-ZNN.7z
Reading file: fidelitya-5b8dd7f8c7-vj4qp_tracing_20230131_075115.log

fidelitya data

2023-01-31 10:52:08 : t0:lowerFidelity

Reading file: generateLogs001506
Reading file: generateLogs004452
Reading file: generateLogs010914
Reading file: generateLogs013758
Reading file: generateLogs015943
Reading file: generateLogs023320
Reading file: generateLogs030632
Reading file: generateLogs032357
Reading file: generateLogs034829
Reading file: generateLogs041225
Reading file: generateLogs044038
Reading file: generateLogs050203
Reading file: generateLogs054414
Reading file: generateLogs055827
Reading file: generateLogs063714
Reading file: generateLogs070751
Reading file: generateLogs073212
Reading file: generateLogs2.sh
Reading file: generateLogs225909
Reading file: generateLogs232306
Reading file: generateLogs234622
Reading file: k6-snqk5_tracing_20230131_075115.log
Reading file: README.md
Reading file: scalabilityb-66d698fc76-xtxh6_tracing_20230131_075115.log

scalabilityb data

2023-01-31 10:54:03 : t0:removeHighScalability

2023-01-31 10:54:08 : t0:removeHighScalability

2023-01-31 10:54:13 : t0:addHighScalability

2023-01-31 10:54:18 : t0:addHighScalability

2023-01-31 10:54:23 : t0:removeHighScalability

2023-01-31 10:54:28 : t0:removeReplica

Reading file: summary-trace-znn.log
Reading file: temp
Reading file: temp2701
Reading file: test
Reading file: tools
Reading file: traceznn_20230131_075115.log

Trace znn data

{'name': 'kube-znn-db.173f5e63e14f53f2', 'type': 'Normal', 'message': 'Scaled up replica set kube-znn-db-558bb5dd64 to 1', 'dateevent': '2023-01-31 10:36:09+00:00', 'image': 'cmendes/znn:800k', 'replicas': 1, 'imageChanges': 0, 'replicasChanges': 1}

{'name': 'kube-znn.173f5e63dff9726b', 'type': 'Normal', 'message': 'Scaled up replica set kube-znn-744bbbc54b to 1', 'dateevent': '2023-01-31 10:36:09+00:00', 'image': 'cmendes/znn:800k', 'replicas': 1, 'imageChanges': 0, 'replicasChanges': 1}

{'name': 'kube-znn.173f5f392264a657', 'type': 'Normal', 'message': 'Scaled up replica set kube-znn-744bbbc54b to 2', 'dateevent': '2023-01-31 10:51:25+00:00', 'image': 'cmendes/znn:800k', 'replicas': 2, 'imageChanges': 0, 'replicasChanges': 2}

{'name': 'kube-znn.173f5f3a0af252a8', 'type': 'Normal', 'message': 'Scaled up replica set kube-znn-744bbbc54b to 3', 'dateevent': '2023-01-31 10:51:29+00:00', 'image': 'cmendes/znn:800k', 'replicas': 3, 'imageChanges': 0, 'replicasChanges': 3}

{'name': 'kube-znn.173f5f3b34a496ce', 'type': 'Normal', 'message': 'Scaled up replica set kube-znn-744bbbc54b to 4', 'dateevent': '2023-01-31 10:51:34+00:00', 'image': 'cmendes/znn:800k', 'replicas': 4, 'imageChanges': 0, 'replicasChanges': 4}

{'name': 'kube-znn.173f5f3c6166aece', 'type': 'Normal', 'message': 'Scaled up replica set kube-znn-744bbbc54b to 5', 'dateevent': '2023-01-31 10:51:39+00:00', 'image': 'cmendes/znn:800k', 'replicas': 5, 'imageChanges': 0, 'replicasChanges': 5}

{'name': 'kube-znn.173f5f3d87fa4d1b', 'type': 'Normal', 'message': 'Scaled up replica set kube-znn-744bbbc54b to 6', 'dateevent': '2023-01-31 10:51:44+00:00', 'image': 'cmendes/znn:800k', 'replicas': 6, 'imageChanges': 0, 'replicasChanges': 6}

{'name': 'kube-znn.173f5f3eb2164d6f', 'type': 'Normal', 'message': 'Scaled up replica set kube-znn-744bbbc54b to 7', 'dateevent': '2023-01-31 10:51:49+00:00', 'image': 'cmendes/znn:800k', 'replicas': 7, 'imageChanges': 0, 'replicasChanges': 7}

{'name': 'kube-znn.173f5f3fdb154852', 'type': 'Normal', 'message': 'Scaled up replica set kube-znn-744bbbc54b to 8', 'dateevent': '2023-01-31 10:51:54+00:00', 'image': 'cmendes/znn:800k', 'replicas': 8, 'imageChanges': 0, 'replicasChanges': 8}

{'name': 'kube-znn.173f5f4106d7db31', 'type': 'Normal', 'message': 'Scaled up replica set kube-znn-744bbbc54b to 9', 'dateevent': '2023-01-31 10:51:59+00:00', 'image': 'cmendes/znn:800k', 'replicas': 9, 'imageChanges': 0, 'replicasChanges': 9}

{'name': 'kube-znn.173f5f422f7fffa5', 'type': 'Normal', 'message': 'Scaled up replica set kube-znn-744bbbc54b to 10', 'dateevent': '2023-01-31 10:52:04+00:00', 'image': 'cmendes/znn:800k', 'replicas': 10, 'imageChanges': 0, 'replicasChanges': 10}

{'name': 'kube-znn.173f5f43722d59d8', 'type': 'Normal', 'message': '(combined from similar events): Scaled up replica set kube-znn-5c95bd98fb to 3', 'dateevent': '2023-01-31 10:52:09+00:00', 'image': 'cmendes/znn:600k', 'replicas': 10, 'imageChanges': 1, 'replicasChanges': 10}

{'name': 'kube-znn.173f5f43722d59d8', 'type': 'Normal', 'message': '(combined from similar events): Scaled down replica set kube-znn-744bbbc54b to 8', 'dateevent': '2023-01-31 10:52:09+00:00', 'image': 'cmendes/znn:600k', 'replicas': 10, 'imageChanges': 1, 'replicasChanges': 10}

{'name': 'kube-znn.173f5f43722d59d8', 'type': 'Normal', 'message': '(combined from similar events): Scaled up replica set kube-znn-5c95bd98fb to 5', 'dateevent': '2023-01-31 10:52:09+00:00', 'image': 'cmendes/znn:600k', 'replicas': 10, 'imageChanges': 1, 'replicasChanges': 10}

{'name': 'kube-znn.173f5f4106d7db31', 'type': 'Normal', 'message': 'Scaled up replica set kube-znn-744bbbc54b to 9', 'dateevent': '2023-01-31 10:51:59+00:00', 'image': 'cmendes/znn:600k', 'replicas': 12, 'imageChanges': 1, 'replicasChanges': 11}

{'name': 'kube-znn.173f5f43722d59d8', 'type': 'Normal', 'message': '(combined from similar events): Scaled up replica set kube-znn-5c95bd98fb to 6', 'dateevent': '2023-01-31 10:52:09+00:00', 'image': 'cmendes/znn:600k', 'replicas': 12, 'imageChanges': 1, 'replicasChanges': 11}

{'name': 'kube-znn.173f5f6342689fd3', 'type': 'Normal', 'message': 'Scaled down replica set kube-znn-744bbbc54b to 8', 'dateevent': '2023-01-31 10:54:26+00:00', 'image': 'cmendes/znn:600k', 'replicas': 12, 'imageChanges': 1, 'replicasChanges': 11}

{'name': 'kube-znn.173f5f43722d59d8', 'type': 'Normal', 'message': '(combined from similar events): Scaled up replica set kube-znn-5c95bd98fb to 7', 'dateevent': '2023-01-31 10:52:09+00:00', 'image': 'cmendes/znn:600k', 'replicas': 12, 'imageChanges': 1, 'replicasChanges': 11}

{'name': 'kube-znn.173f5f43722d59d8', 'type': 'Normal', 'message': '(combined from similar events): Scaled down replica set kube-znn-744bbbc54b to 4', 'dateevent': '2023-01-31 10:52:09+00:00', 'image': 'cmendes/znn:600k', 'replicas': 6, 'imageChanges': 1, 'replicasChanges': 12}

{'name': 'kube-znn.173f5f43722d59d8', 'type': 'Normal', 'message': '(combined from similar events): Scaled down replica set kube-znn-5c95bd98fb to 4', 'dateevent': '2023-01-31 10:52:09+00:00', 'image': 'cmendes/znn:600k', 'replicas': 6, 'imageChanges': 1, 'replicasChanges': 12}

{'name': 'kube-znn.173f5f43722d59d8', 'type': 'Normal', 'message': '(combined from similar events): Scaled down replica set kube-znn-744bbbc54b to 3', 'dateevent': '2023-01-31 10:52:09+00:00', 'image': 'cmendes/znn:600k', 'replicas': 6, 'imageChanges': 1, 'replicasChanges': 12}

{'name': 'kube-znn.173f5f6678434908', 'type': 'Normal', 'message': 'Scaled up replica set kube-znn-5c95bd98fb to 5', 'dateevent': '2023-01-31 10:54:40+00:00', 'image': 'cmendes/znn:600k', 'replicas': 6, 'imageChanges': 1, 'replicasChanges': 12}

{'name': 'kube-znn.173f5f43722d59d8', 'type': 'Normal', 'message': '(combined from similar events): Scaled down replica set kube-znn-744bbbc54b to 2', 'dateevent': '2023-01-31 10:52:09+00:00', 'image': 'cmendes/znn:600k', 'replicas': 6, 'imageChanges': 1, 'replicasChanges': 12}

{'name': 'kube-znn.173f5f692bf0f6bd', 'type': 'Normal', 'message': 'Scaled up replica set kube-znn-5c95bd98fb to 6', 'dateevent': '2023-01-31 10:54:51+00:00', 'image': 'cmendes/znn:600k', 'replicas': 6, 'imageChanges': 1, 'replicasChanges': 12}

{'name': 'kube-znn.173f5f43722d59d8', 'type': 'Normal', 'message': '(combined from similar events): Scaled down replica set kube-znn-744bbbc54b to 1', 'dateevent': '2023-01-31 10:52:09+00:00', 'image': 'cmendes/znn:600k', 'replicas': 6, 'imageChanges': 1, 'replicasChanges': 12}

{'name': 'kube-znn.173f5f43722d59d8', 'type': 'Normal', 'message': '(combined from similar events): Scaled down replica set kube-znn-744bbbc54b to 0', 'dateevent': '2023-01-31 10:52:09+00:00', 'image': 'cmendes/znn:600k', 'replicas': 6, 'imageChanges': 1, 'replicasChanges': 12}

Reading file: VersionA-Monolithic
Reading file: VersionB-MicroControllers
Reading file: VersionC-WithFailureManagerMetaController
Reading file: VersionC-ZTemp
