Reading file: ALong10
Reading file: ALong10.7z
Reading file: automatingDataGeneration.sh
Reading file: BLong10
Reading file: BLong10_parte1.7z
Reading file: BLong10_parte2.7z
Reading file: BLong10_parte3.7z
Reading file: BShort10
Reading file: BShort10.7z
Reading file: CLong10
Reading file: CLong10.7z
Reading file: CShort10
Reading file: CShort10.7z
Reading file: Evaluation-ZNN.7z
Reading file: generateLogs2.sh
Reading file: generateLogs230758
Reading file: k6-2wwqn_tracing_20230131_231702.log
Reading file: kubow-548bb5f4b4-llcld_tracing_20230131_231702.log

Kubow data

2023-02-01 02:17:07 : t0:addReplica

2023-02-01 02:17:12 : t0:addReplica

2023-02-01 02:17:17 : t0:addReplica

2023-02-01 02:17:22 : t0:addReplica

2023-02-01 02:17:27 : t0:addReplica

2023-02-01 02:17:32 : t0:addReplica

2023-02-01 02:17:37 : t0:addReplica

2023-02-01 02:17:42 : t0:addReplica

2023-02-01 02:17:47 : t0:addReplica

2023-02-01 02:17:52 : t1:lowerFidelity

2023-02-01 02:18:02 : t1:lowerFidelity

2023-02-01 02:18:07 : t0:activateLowScalabilityHighQuality

2023-02-01 02:18:27 : t0:addReplica

2023-02-01 02:18:32 INFO  GuavaMasterReportingPort:35 - MODEL: Executing O[strategy-execution-KubeZnnSystem:Acme:ExecutionHistory/strategyExecutionState.null([KubeZnnSystem:Acme, AdapttionTree, ADAPTATION_EXECUTING, ])]

2023-02-01 02:18:37 : t0:addReplica

2023-02-01 02:18:42 : t0:addReplica

2023-02-01 02:18:47 : t0:addReplica

2023-02-01 02:18:52 : t0:activateLowScalabilityHighQuality

2023-02-01 02:18:57 : t0:addReplica

2023-02-01 02:19:02 : t0:addReplica

2023-02-01 02:19:07 : t0:addReplica

2023-02-01 02:19:12 : t0:addReplica

2023-02-01 02:19:17 : t0:addReplica

2023-02-01 02:19:22 : t0:addReplica

2023-02-01 02:19:27 : t0:addReplica

2023-02-01 02:19:32 : t0:addHighScalabilityHighQuality

2023-02-01 02:20:02 : t0:removeReplica

2023-02-01 02:20:07 : t0:removeReplica

2023-02-01 02:20:37 : t0:addHighScalabilityHighQuality

2023-02-01 02:20:42 : t0:removeReplica

2023-02-01 02:20:47 : t1:raiseFidelity

2023-02-01 02:20:57 : t0:addHighScalabilityHighQuality

2023-02-01 02:21:02 : t0:addHighScalabilityHighQuality

2023-02-01 02:21:07 : t0:addHighScalabilityHighQuality

2023-02-01 02:21:12 INFO  GuavaMasterReportingPort:35 - MODEL: Executing O[strategy-execution-KubeZnnSystem:Acme:ExecutionHistory/strategyExecutionState.null([KubeZnnSystem:Acme, AdapttionTree, ADAPTATION_EXECUTING, ])]

2023-02-01 02:21:17 : t0:addReplica

2023-02-01 02:21:22 : t0:addReplica

2023-02-01 02:21:27 : t0:addReplica

2023-02-01 02:21:32 : t1:lowerFidelity

2023-02-01 02:21:37 : t1:lowerFidelity

2023-02-01 02:21:42 : t1:lowerFidelity

2023-02-01 02:21:47 INFO  Rainbow:694 - Delegate: master[MODEL]: Executing O[strategy-execution-KubeZnnSystem:Acme:ExecutionHistory/strategyExecutionState.null([KubeZnnSystem:Acme, AdapttionTree, ADAPTATION_EXECUTING, ])]

2023-02-01 02:21:52 : t1:lowerFidelity

2023-02-01 02:21:57 : t1:lowerFidelity

2023-02-01 02:22:02 : t1:lowerFidelity

2023-02-01 02:22:07 : t1:lowerFidelity

2023-02-01 02:22:12 : t1:lowerFidelity

2023-02-01 02:22:17 : t1:lowerFidelity

2023-02-01 02:22:22 : t1:lowerFidelity

2023-02-01 02:22:27 : t1:lowerFidelity

2023-02-01 02:23:02 INFO  Rainbow:694 - Delegate: master[MODEL]: Executing O[strategy-execution-KubeZnnSystem:Acme:ExecutionHistory/strategyExecutionState.null([KubeZnnSystem:Acme, AdapttionTree, ADAPTATION_EXECUTING, ])]

Reading file: README.md
Reading file: summary-trace-znn.log
Reading file: temp
Reading file: temp2701
Reading file: temp3101
Reading file: test
Reading file: tools
Reading file: traceznn_20230131_231702.log

Trace znn data

{'name': 'kube-znn-db.173f917b57ebc0da', 'type': 'Normal', 'message': 'Scaled up replica set kube-znn-db-6dd8968475 to 1', 'dateevent': '2023-02-01 02:12:25+00:00', 'image': 'cmendes/znn:800k', 'replicas': 1, 'imageChanges': 0, 'replicasChanges': 1}

{'name': 'kube-znn.173f917b569fa0d6', 'type': 'Normal', 'message': 'Scaled up replica set kube-znn-5fb97667db to 1', 'dateevent': '2023-02-01 02:12:25+00:00', 'image': 'cmendes/znn:800k', 'replicas': 1, 'imageChanges': 0, 'replicasChanges': 1}

{'name': 'kube-znn.173f91bd71fa2f9b', 'type': 'Normal', 'message': 'Scaled up replica set kube-znn-5fb97667db to 2', 'dateevent': '2023-02-01 02:17:09+00:00', 'image': 'cmendes/znn:800k', 'replicas': 2, 'imageChanges': 0, 'replicasChanges': 2}

{'name': 'kube-znn.173f91be4e44f5ad', 'type': 'Normal', 'message': 'Scaled up replica set kube-znn-5fb97667db to 3', 'dateevent': '2023-02-01 02:17:12+00:00', 'image': 'cmendes/znn:800k', 'replicas': 3, 'imageChanges': 0, 'replicasChanges': 3}

{'name': 'kube-znn.173f91bf77d4deb7', 'type': 'Normal', 'message': 'Scaled up replica set kube-znn-5fb97667db to 4', 'dateevent': '2023-02-01 02:17:17+00:00', 'image': 'cmendes/znn:800k', 'replicas': 4, 'imageChanges': 0, 'replicasChanges': 4}

{'name': 'kube-znn.173f91c0a1c0d470', 'type': 'Normal', 'message': 'Scaled up replica set kube-znn-5fb97667db to 5', 'dateevent': '2023-02-01 02:17:22+00:00', 'image': 'cmendes/znn:800k', 'replicas': 5, 'imageChanges': 0, 'replicasChanges': 5}

{'name': 'kube-znn.173f91c1c5a9a8e1', 'type': 'Normal', 'message': 'Scaled up replica set kube-znn-5fb97667db to 6', 'dateevent': '2023-02-01 02:17:27+00:00', 'image': 'cmendes/znn:800k', 'replicas': 6, 'imageChanges': 0, 'replicasChanges': 6}

{'name': 'kube-znn.173f91c2f1bef5ff', 'type': 'Normal', 'message': 'Scaled up replica set kube-znn-5fb97667db to 7', 'dateevent': '2023-02-01 02:17:32+00:00', 'image': 'cmendes/znn:800k', 'replicas': 7, 'imageChanges': 0, 'replicasChanges': 7}

{'name': 'kube-znn.173f91c41aba366a', 'type': 'Normal', 'message': 'Scaled up replica set kube-znn-5fb97667db to 8', 'dateevent': '2023-02-01 02:17:37+00:00', 'image': 'cmendes/znn:800k', 'replicas': 8, 'imageChanges': 0, 'replicasChanges': 8}

{'name': 'kube-znn.173f91c546ddef71', 'type': 'Normal', 'message': 'Scaled up replica set kube-znn-5fb97667db to 9', 'dateevent': '2023-02-01 02:17:42+00:00', 'image': 'cmendes/znn:800k', 'replicas': 9, 'imageChanges': 0, 'replicasChanges': 9}

{'name': 'kube-znn.173f91c66d1615ad', 'type': 'Normal', 'message': '(combined from similar events): Scaled up replica set kube-znn-5fb97667db to 10', 'dateevent': '2023-02-01 02:17:47+00:00', 'image': 'cmendes/znn:800k', 'replicas': 10, 'imageChanges': 0, 'replicasChanges': 10}

{'name': 'kube-znn.173f91c66d1615ad', 'type': 'Normal', 'message': '(combined from similar events): Scaled up replica set kube-znn-6978979d84 to 3', 'dateevent': '2023-02-01 02:17:47+00:00', 'image': 'cmendes/znn:600k', 'replicas': 10, 'imageChanges': 1, 'replicasChanges': 10}

{'name': 'kube-znn.173f91c66d1615ad', 'type': 'Normal', 'message': '(combined from similar events): Scaled down replica set kube-znn-5fb97667db to 8', 'dateevent': '2023-02-01 02:17:47+00:00', 'image': 'cmendes/znn:600k', 'replicas': 10, 'imageChanges': 1, 'replicasChanges': 10}

{'name': 'kube-znn.173f91c66d1615ad', 'type': 'Normal', 'message': '(combined from similar events): Scaled up replica set kube-znn-6978979d84 to 5', 'dateevent': '2023-02-01 02:17:47+00:00', 'image': 'cmendes/znn:600k', 'replicas': 10, 'imageChanges': 1, 'replicasChanges': 10}

{'name': 'kube-znn.173f91c66d1615ad', 'type': 'Normal', 'message': '(combined from similar events): Scaled down replica set kube-znn-6978979d84 to 0', 'dateevent': '2023-02-01 02:17:47+00:00', 'image': 'cmendes/znn:400k', 'replicas': 10, 'imageChanges': 2, 'replicasChanges': 10}

{'name': 'kube-znn.173f91c66d1615ad', 'type': 'Normal', 'message': '(combined from similar events): Scaled up replica set kube-znn-f8d56c578 to 5', 'dateevent': '2023-02-01 02:17:47+00:00', 'image': 'cmendes/znn:400k', 'replicas': 10, 'imageChanges': 2, 'replicasChanges': 10}

{'name': 'kube-znn.173f91c66d1615ad', 'type': 'Normal', 'message': '(combined from similar events): Scaled down replica set kube-znn-5fb97667db to 4', 'dateevent': '2023-02-01 02:17:47+00:00', 'image': 'cmendes/znn:400k', 'replicas': 5, 'imageChanges': 2, 'replicasChanges': 11}

{'name': 'kube-znn.173f91c66d1615ad', 'type': 'Normal', 'message': '(combined from similar events): Scaled down replica set kube-znn-f8d56c578 to 3', 'dateevent': '2023-02-01 02:17:47+00:00', 'image': 'cmendes/znn:400k', 'replicas': 5, 'imageChanges': 2, 'replicasChanges': 11}

{'name': 'kube-znn.173f91c66d1615ad', 'type': 'Normal', 'message': '(combined from similar events): Scaled down replica set kube-znn-5fb97667db to 3', 'dateevent': '2023-02-01 02:17:47+00:00', 'image': 'cmendes/znn:400k', 'replicas': 5, 'imageChanges': 2, 'replicasChanges': 11}

{'name': 'kube-znn.173f91c66d1615ad', 'type': 'Normal', 'message': '(combined from similar events): Scaled up replica set kube-znn-f8d56c578 to 4', 'dateevent': '2023-02-01 02:17:47+00:00', 'image': 'cmendes/znn:400k', 'replicas': 5, 'imageChanges': 2, 'replicasChanges': 11}

{'name': 'kube-znn.173f91c66d1615ad', 'type': 'Normal', 'message': '(combined from similar events): Scaled down replica set kube-znn-5fb97667db to 2', 'dateevent': '2023-02-01 02:17:47+00:00', 'image': 'cmendes/znn:400k', 'replicas': 5, 'imageChanges': 2, 'replicasChanges': 11}

{'name': 'kube-znn.173f91c66d1615ad', 'type': 'Normal', 'message': '(combined from similar events): Scaled up replica set kube-znn-f8d56c578 to 5', 'dateevent': '2023-02-01 02:17:47+00:00', 'image': 'cmendes/znn:400k', 'replicas': 5, 'imageChanges': 2, 'replicasChanges': 11}

{'name': 'kube-znn.173f91c66d1615ad', 'type': 'Normal', 'message': '(combined from similar events): Scaled down replica set kube-znn-5fb97667db to 1', 'dateevent': '2023-02-01 02:17:47+00:00', 'image': 'cmendes/znn:400k', 'replicas': 5, 'imageChanges': 2, 'replicasChanges': 11}

{'name': 'kube-znn.173f91c66d1615ad', 'type': 'Normal', 'message': '(combined from similar events): Scaled down replica set kube-znn-5fb97667db to 0', 'dateevent': '2023-02-01 02:17:47+00:00', 'image': 'cmendes/znn:400k', 'replicas': 5, 'imageChanges': 2, 'replicasChanges': 11}

{'name': 'kube-znn.173f91c66d1615ad', 'type': 'Normal', 'message': '(combined from similar events): Scaled up replica set kube-znn-6978979d84 to 2', 'dateevent': '2023-02-01 02:17:47+00:00', 'image': 'cmendes/znn:600k', 'replicas': 5, 'imageChanges': 3, 'replicasChanges': 11}

{'name': 'kube-znn.173f91c66d1615ad', 'type': 'Normal', 'message': '(combined from similar events): Scaled down replica set kube-znn-f8d56c578 to 4', 'dateevent': '2023-02-01 02:17:47+00:00', 'image': 'cmendes/znn:600k', 'replicas': 5, 'imageChanges': 3, 'replicasChanges': 11}

{'name': 'kube-znn.173f91cf41097432', 'type': 'Normal', 'message': 'Scaled up replica set kube-znn-6978979d84 to 3', 'dateevent': '2023-02-01 02:18:25+00:00', 'image': 'cmendes/znn:600k', 'replicas': 5, 'imageChanges': 3, 'replicasChanges': 11}

{'name': 'kube-znn.173f91c66d1615ad', 'type': 'Normal', 'message': '(combined from similar events): Scaled down replica set kube-znn-f8d56c578 to 0', 'dateevent': '2023-02-01 02:17:47+00:00', 'image': 'cmendes/znn:600k', 'replicas': 10, 'imageChanges': 3, 'replicasChanges': 12}

Reading file: VersionA-Monolithic
Reading file: VersionB-MicroControllers
Reading file: VersionC-WithFailureManagerMetaController
Reading file: VersionC-ZTemp
