Reading file: automatingDataGeneration.sh
Reading file: CLong10
Reading file: CLong10.7z
Reading file: Evaluation-ZNN.7z
Reading file: fidelitya-778c6c6b8b-gbjpt_tracing_20230129_011219.log

fidelitya data

2023-01-29 04:16:23 : t0:raiseFidelity

2023-01-29 04:16:28 : t0:raiseFidelity

2023-01-29 04:16:58 : t0:raiseFidelity

2023-01-29 04:17:03 : t0:raiseFidelity

2023-01-29 04:17:08 : t0:raiseFidelity

2023-01-29 04:17:13 : t0:raiseFidelity

2023-01-29 04:17:18 : t0:raiseFidelity

2023-01-29 04:17:23 : t0:raiseFidelity

2023-01-29 04:17:28 : t0:raiseFidelity

2023-01-29 04:17:33 : t0:raiseFidelity

2023-01-29 04:17:38 : t0:raiseFidelity

2023-01-29 04:17:43 : t0:raiseFidelity

2023-01-29 04:17:48 : t0:raiseFidelity

2023-01-29 04:17:53 : t0:raiseFidelity

2023-01-29 04:17:58 : t0:raiseFidelity

2023-01-29 04:18:03 : t0:raiseFidelity

2023-01-29 04:18:08 : t0:raiseFidelity

2023-01-29 04:18:13 : t0:raiseFidelity

2023-01-29 04:18:18 : t0:raiseFidelity

2023-01-29 04:18:23 : t0:raiseFidelity

2023-01-29 04:18:28 : t0:raiseFidelity

2023-01-29 04:18:33 : t0:raiseFidelity

2023-01-29 04:18:38 : t0:raiseFidelity

2023-01-29 04:18:43 : t0:raiseFidelity

2023-01-29 04:18:48 : t0:raiseFidelity

2023-01-29 04:18:53 : t0:raiseFidelity

2023-01-29 04:18:58 : t0:raiseFidelity

2023-01-29 04:19:03 : t0:raiseFidelity

2023-01-29 04:19:08 : t0:raiseFidelity

2023-01-29 04:19:13 : t0:raiseFidelity

2023-01-29 04:19:18 : t0:raiseFidelity

2023-01-29 04:19:23 : t0:raiseFidelity

2023-01-29 04:19:28 : t0:raiseFidelity

2023-01-29 04:19:33 : t0:raiseFidelity

2023-01-29 04:19:38 : t0:raiseFidelity

2023-01-29 04:19:43 : t0:raiseFidelity

Reading file: generateLogs002528
Reading file: generateLogs005657
Reading file: generateLogs121929
Reading file: generateLogs124558
Reading file: generateLogs131507
Reading file: generateLogs134342
Reading file: generateLogs140938
Reading file: generateLogs144032
Reading file: generateLogs150618
Reading file: generateLogs153301
Reading file: generateLogs155714
Reading file: generateLogs162553
Reading file: generateLogs164354
Reading file: generateLogs171441
Reading file: generateLogs174448
Reading file: generateLogs181031
Reading file: generateLogs184508
Reading file: generateLogs190356
Reading file: generateLogs192553
Reading file: generateLogs195446
Reading file: generateLogs2.sh
Reading file: generateLogs202030
Reading file: generateLogs205105
Reading file: generateLogs211405
Reading file: generateLogs214402
Reading file: generateLogs221119
Reading file: generateLogs225030
Reading file: generateLogs230943
Reading file: generateLogs232434
Reading file: k6-5z6zw_tracing_20230129_011219.log
Reading file: metacontroller-kubow-8479d7588d-9d5zk_tracing_20230129_011219.log

MetaController data

2023-01-29 04:13:10 : t0:activateLowScalabilityHighQuality

2023-01-29 04:13:20 : t0:addLowScalabilityLowQuality

2023-01-29 04:15:30 : t0:addHighScalabilityHighQuality

2023-01-29 04:15:35 : t0:addHighScalabilityHighQuality

Reading file: README.md
Reading file: scalabilitya-78d6cbbc7d-gvbx9_tracing_20230129_011219.log

scalabilitya data

2023-01-29 04:17:27 : t0:removeReplica

Reading file: scalabilitya-78d6cbbc7d-x2dvg_tracing_20230129_011219.log

scalabilitya data

Reading file: summary-trace-znn.log
Reading file: temp
Reading file: temp2701
Reading file: test
Reading file: tools
Reading file: traceznn_20230129_011219.log

Trace znn data

{'name': 'kube-znn-db.173eabad1c0006bf', 'type': 'Normal', 'message': 'Scaled up replica set kube-znn-db-6cc48797cf to 1', 'dateevent': '2023-01-29 04:01:11+00:00', 'image': 'cmendes/znn:800k', 'replicas': 1, 'imageChanges': 0, 'replicasChanges': 1}

{'name': 'kube-znn.173eabad1a89a189', 'type': 'Normal', 'message': 'Scaled up replica set kube-znn-68bd9d6b5b to 1', 'dateevent': '2023-01-29 04:01:11+00:00', 'image': 'cmendes/znn:800k', 'replicas': 1, 'imageChanges': 0, 'replicasChanges': 1}

{'name': 'kube-znn.173eac4addce1e27', 'type': 'Normal', 'message': 'Scaled up replica set kube-znn-68bd9d6b5b to 2', 'dateevent': '2023-01-29 04:12:28+00:00', 'image': 'cmendes/znn:800k', 'replicas': 2, 'imageChanges': 0, 'replicasChanges': 2}

{'name': 'kube-znn.173eac4bbbacc482', 'type': 'Normal', 'message': 'Scaled up replica set kube-znn-68bd9d6b5b to 3', 'dateevent': '2023-01-29 04:12:32+00:00', 'image': 'cmendes/znn:800k', 'replicas': 3, 'imageChanges': 0, 'replicasChanges': 3}

{'name': 'kube-znn.173eac4ce54bcb8f', 'type': 'Normal', 'message': 'Scaled up replica set kube-znn-68bd9d6b5b to 4', 'dateevent': '2023-01-29 04:12:37+00:00', 'image': 'cmendes/znn:800k', 'replicas': 4, 'imageChanges': 0, 'replicasChanges': 4}

{'name': 'kube-znn.173eac4e0eaf8af3', 'type': 'Normal', 'message': 'Scaled up replica set kube-znn-68bd9d6b5b to 5', 'dateevent': '2023-01-29 04:12:42+00:00', 'image': 'cmendes/znn:800k', 'replicas': 5, 'imageChanges': 0, 'replicasChanges': 5}

{'name': 'kube-znn.173eac4f361fb218', 'type': 'Normal', 'message': 'Scaled up replica set kube-znn-68bd9d6b5b to 6', 'dateevent': '2023-01-29 04:12:47+00:00', 'image': 'cmendes/znn:800k', 'replicas': 6, 'imageChanges': 0, 'replicasChanges': 6}

{'name': 'kube-znn.173eac506285a23a', 'type': 'Normal', 'message': 'Scaled up replica set kube-znn-68bd9d6b5b to 7', 'dateevent': '2023-01-29 04:12:52+00:00', 'image': 'cmendes/znn:800k', 'replicas': 7, 'imageChanges': 0, 'replicasChanges': 7}

{'name': 'kube-znn.173eac518ed47f60', 'type': 'Normal', 'message': 'Scaled up replica set kube-znn-68bd9d6b5b to 8', 'dateevent': '2023-01-29 04:12:57+00:00', 'image': 'cmendes/znn:800k', 'replicas': 8, 'imageChanges': 0, 'replicasChanges': 8}

{'name': 'kube-znn.173eac52b8133d04', 'type': 'Normal', 'message': 'Scaled up replica set kube-znn-68bd9d6b5b to 9', 'dateevent': '2023-01-29 04:13:02+00:00', 'image': 'cmendes/znn:800k', 'replicas': 9, 'imageChanges': 0, 'replicasChanges': 9}

{'name': 'kube-znn.173eac53e19304ea', 'type': 'Normal', 'message': 'Scaled up replica set kube-znn-68bd9d6b5b to 10', 'dateevent': '2023-01-29 04:13:07+00:00', 'image': 'cmendes/znn:800k', 'replicas': 10, 'imageChanges': 0, 'replicasChanges': 10}

{'name': 'kube-znn.173eac5539cb3ed5', 'type': 'Normal', 'message': '(combined from similar events): Scaled up replica set kube-znn-7cbbf89f8 to 3', 'dateevent': '2023-01-29 04:13:13+00:00', 'image': 'cmendes/znn:600k', 'replicas': 10, 'imageChanges': 1, 'replicasChanges': 10}

{'name': 'kube-znn.173eac5539cb3ed5', 'type': 'Normal', 'message': '(combined from similar events): Scaled down replica set kube-znn-68bd9d6b5b to 8', 'dateevent': '2023-01-29 04:13:13+00:00', 'image': 'cmendes/znn:600k', 'replicas': 10, 'imageChanges': 1, 'replicasChanges': 10}

{'name': 'kube-znn.173eac5539cb3ed5', 'type': 'Normal', 'message': '(combined from similar events): Scaled up replica set kube-znn-7cbbf89f8 to 5', 'dateevent': '2023-01-29 04:13:13+00:00', 'image': 'cmendes/znn:600k', 'replicas': 10, 'imageChanges': 1, 'replicasChanges': 10}

{'name': 'kube-znn.173eac5539cb3ed5', 'type': 'Normal', 'message': '(combined from similar events): Scaled down replica set kube-znn-68bd9d6b5b to 3', 'dateevent': '2023-01-29 04:13:13+00:00', 'image': 'cmendes/znn:100k', 'replicas': 10, 'imageChanges': 2, 'replicasChanges': 10}

{'name': 'kube-znn.173eac5539cb3ed5', 'type': 'Normal', 'message': '(combined from similar events): Scaled up replica set kube-znn-7995d9b499 to 5', 'dateevent': '2023-01-29 04:13:13+00:00', 'image': 'cmendes/znn:100k', 'replicas': 10, 'imageChanges': 2, 'replicasChanges': 10}

{'name': 'kube-znn.173eac5539cb3ed5', 'type': 'Normal', 'message': '(combined from similar events): Scaled down replica set kube-znn-68bd9d6b5b to 1', 'dateevent': '2023-01-29 04:13:13+00:00', 'image': 'cmendes/znn:20k', 'replicas': 10, 'imageChanges': 3, 'replicasChanges': 10}

{'name': 'kube-znn.173eac5539cb3ed5', 'type': 'Normal', 'message': '(combined from similar events): Scaled down replica set kube-znn-7cbbf89f8 to 2', 'dateevent': '2023-01-29 04:13:13+00:00', 'image': 'cmendes/znn:20k', 'replicas': 10, 'imageChanges': 3, 'replicasChanges': 10}

{'name': 'kube-znn.173eac5539cb3ed5', 'type': 'Normal', 'message': '(combined from similar events): Scaled up replica set kube-znn-6b7655774 to 5', 'dateevent': '2023-01-29 04:13:13+00:00', 'image': 'cmendes/znn:20k', 'replicas': 10, 'imageChanges': 3, 'replicasChanges': 10}

{'name': 'kube-znn.173eac5539cb3ed5', 'type': 'Normal', 'message': '(combined from similar events): Scaled down replica set kube-znn-6b7655774 to 2', 'dateevent': '2023-01-29 04:13:13+00:00', 'image': 'cmendes/znn:20k', 'replicas': 4, 'imageChanges': 3, 'replicasChanges': 11}

{'name': 'kube-znn.173eac5539cb3ed5', 'type': 'Normal', 'message': '(combined from similar events): Scaled down replica set kube-znn-7995d9b499 to 2', 'dateevent': '2023-01-29 04:13:13+00:00', 'image': 'cmendes/znn:20k', 'replicas': 4, 'imageChanges': 3, 'replicasChanges': 11}

{'name': 'kube-znn.173eac5539cb3ed5', 'type': 'Normal', 'message': '(combined from similar events): Scaled down replica set kube-znn-7cbbf89f8 to 1', 'dateevent': '2023-01-29 04:13:13+00:00', 'image': 'cmendes/znn:20k', 'replicas': 4, 'imageChanges': 3, 'replicasChanges': 11}

{'name': 'kube-znn.173eac5539cb3ed5', 'type': 'Normal', 'message': '(combined from similar events): Scaled down replica set kube-znn-68bd9d6b5b to 0', 'dateevent': '2023-01-29 04:13:13+00:00', 'image': 'cmendes/znn:20k', 'replicas': 4, 'imageChanges': 3, 'replicasChanges': 11}

{'name': 'kube-znn.173eac5539cb3ed5', 'type': 'Normal', 'message': '(combined from similar events): Scaled down replica set kube-znn-6b7655774 to 0', 'dateevent': '2023-01-29 04:13:13+00:00', 'image': 'cmendes/znn:200k', 'replicas': 4, 'imageChanges': 4, 'replicasChanges': 11}

{'name': 'kube-znn.173eac5539cb3ed5', 'type': 'Normal', 'message': '(combined from similar events): Scaled up replica set kube-znn-86cccc748b to 2', 'dateevent': '2023-01-29 04:13:13+00:00', 'image': 'cmendes/znn:200k', 'replicas': 4, 'imageChanges': 4, 'replicasChanges': 11}

{'name': 'kube-znn.173eac5539cb3ed5', 'type': 'Normal', 'message': '(combined from similar events): Scaled down replica set kube-znn-7cbbf89f8 to 0', 'dateevent': '2023-01-29 04:13:13+00:00', 'image': 'cmendes/znn:800k', 'replicas': 4, 'imageChanges': 5, 'replicasChanges': 11}

{'name': 'kube-znn.173eac5539cb3ed5', 'type': 'Normal', 'message': '(combined from similar events): Scaled down replica set kube-znn-7995d9b499 to 1', 'dateevent': '2023-01-29 04:13:13+00:00', 'image': 'cmendes/znn:800k', 'replicas': 4, 'imageChanges': 5, 'replicasChanges': 11}

Reading file: VersionA-Monolithic
Reading file: VersionB-MicroControllers
Reading file: VersionC-WithFailureManagerMetaController
Reading file: VersionC-ZTemp
