Reading file: automatingDataGeneration.sh
Reading file: BLong10_parte1
Reading file: BLong10_parte1.7z
Reading file: BLong10_parte2
Reading file: BLong10_parte2.7z
Reading file: BLong10_parte3
Reading file: BLong10_parte3.7z
Reading file: CLong10
Reading file: CLong10.7z
Reading file: CShort10
Reading file: CShort10.7z
Reading file: Evaluation-ZNN.7z
Reading file: fidelitya-5b8dd7f8c7-rzhbt_tracing_20230130_121707.log

fidelitya data

2023-01-30 15:18:01 : t0:lowerFidelity

Reading file: generateLogs120703
Reading file: generateLogs2.sh
Reading file: k6-hz4rn_tracing_20230130_121707.log
Reading file: README.md
Reading file: scalabilityb-66d698fc76-dmnhj_tracing_20230130_121707.log

scalabilityb data

2023-01-30 15:18:55 : t0:removeHighScalability

2023-01-30 15:19:00 : t0:addHighScalability

2023-01-30 15:19:05 : t0:addHighScalability

2023-01-30 15:19:10 : t0:removeHighScalability

2023-01-30 15:19:15 : t0:removeHighScalability

2023-01-30 15:19:20 : t0:removeHighScalability

2023-01-30 15:19:25 : t0:removeHighScalability

2023-01-30 15:19:30 : t0:removeHighScalability

2023-01-30 15:19:35 : t0:removeReplica

2023-01-30 15:20:10 : t0:removeReplica

2023-01-30 15:20:15 : t0:removeReplica

2023-01-30 15:20:20 : t0:removeReplica

2023-01-30 15:20:25 : t0:removeReplica

2023-01-30 15:20:30 : t0:removeReplica

2023-01-30 15:20:35 : t0:removeReplica

2023-01-30 15:20:40 : t0:removeReplica

2023-01-30 15:20:45 : t0:removeReplica

2023-01-30 15:20:50 : t0:removeReplica

2023-01-30 15:20:55 : t0:removeReplica

2023-01-30 15:21:00 : t0:removeReplica

2023-01-30 15:21:05 : t0:removeReplica

2023-01-30 15:21:10 : t0:removeReplica

2023-01-30 15:21:15 : t0:removeReplica

2023-01-30 15:21:20 : t0:removeReplica

2023-01-30 15:21:25 : t0:removeReplica

2023-01-30 15:21:30 : t0:removeReplica

2023-01-30 15:21:35 : t0:removeReplica

2023-01-30 15:21:40 : t0:removeReplica

2023-01-30 15:21:45 : t0:removeReplica

2023-01-30 15:21:50 : t0:removeReplica

2023-01-30 15:21:55 : t0:removeReplica

2023-01-30 15:22:00 : t0:removeReplica

2023-01-30 15:22:05 : t0:removeReplica

2023-01-30 15:22:10 : t0:removeReplica

2023-01-30 15:22:15 : t0:removeReplica

2023-01-30 15:22:20 : t0:removeReplica

2023-01-30 15:22:25 : t0:removeReplica

2023-01-30 15:22:30 : t0:removeReplica

2023-01-30 15:22:35 : t0:removeReplica

2023-01-30 15:22:40 : t0:removeReplica

2023-01-30 15:22:45 : t0:removeReplica

2023-01-30 15:22:50 : t0:removeReplica

2023-01-30 15:22:55 : t0:removeReplica

2023-01-30 15:23:00 : t0:removeReplica

2023-01-30 15:23:05 : t0:removeReplica

2023-01-30 15:23:10 : t0:removeReplica

2023-01-30 15:23:15 : t0:removeReplica

2023-01-30 15:23:20 : t0:removeReplica

2023-01-30 15:23:25 : t0:removeReplica

2023-01-30 15:23:30 : t0:removeReplica

2023-01-30 15:23:35 : t0:removeReplica

2023-01-30 15:23:40 : t0:removeReplica

2023-01-30 15:23:45 : t0:removeReplica

2023-01-30 15:23:50 : t0:removeReplica

2023-01-30 15:23:55 : t0:removeReplica

2023-01-30 15:24:00 : t0:removeReplica

2023-01-30 15:24:05 : t0:removeReplica

2023-01-30 15:24:10 : t0:removeReplica

2023-01-30 15:24:15 : t0:removeReplica

2023-01-30 15:24:20 : t0:removeReplica

2023-01-30 15:24:25 : t0:removeReplica

2023-01-30 15:24:30 : t0:removeReplica

2023-01-30 15:24:35 : t0:removeReplica

2023-01-30 15:24:40 : t0:removeReplica

2023-01-30 15:24:45 : t0:removeReplica

2023-01-30 15:24:50 : t0:removeReplica

2023-01-30 15:24:55 : t0:removeReplica

2023-01-30 15:25:00 : t0:removeReplica

2023-01-30 15:25:05 : t0:removeReplica

2023-01-30 15:25:10 : t0:removeReplica

2023-01-30 15:25:15 : t0:removeReplica

2023-01-30 15:25:20 INFO  Rainbow:694 - Delegate: master[EXECUTOR]: Dequeued an adaptation

2023-01-30 15:25:25 : t0:removeReplica

2023-01-30 15:25:30 : t0:removeReplica

2023-01-30 15:25:35 : t0:removeReplica

2023-01-30 15:25:40 : t0:removeReplica

2023-01-30 15:25:45 : t0:removeReplica

2023-01-30 15:25:50 : t0:removeReplica

2023-01-30 15:25:55 : t0:removeReplica

2023-01-30 15:26:00 : t0:removeReplica

2023-01-30 15:26:05 : t0:removeReplica

2023-01-30 15:26:10 : t0:removeReplica

2023-01-30 15:26:15 : t0:removeReplica

2023-01-30 15:26:20 : t0:removeReplica

2023-01-30 15:26:25 : t0:removeReplica

2023-01-30 15:26:30 : t0:removeReplica

2023-01-30 15:26:35 : t0:removeReplica

2023-01-30 15:26:40 : t0:removeReplica

2023-01-30 15:26:45 : t0:removeReplica

2023-01-30 15:26:50 : t0:removeReplica

2023-01-30 15:26:55 : t0:removeReplica

2023-01-30 15:27:00 : t0:removeReplica

2023-01-30 15:27:05 : t0:removeReplica

2023-01-30 15:27:10 : t0:removeReplica

2023-01-30 15:27:15 : t0:removeReplica

2023-01-30 15:27:20 : t0:removeReplica

2023-01-30 15:27:25 : t0:removeReplica

2023-01-30 15:27:30 : t0:removeReplica

2023-01-30 15:27:35 : t0:removeReplica

Reading file: summary-trace-znn.log
Reading file: temp
Reading file: temp2701
Reading file: test
Reading file: tools
Reading file: traceznn_20230130_121707.log

Trace znn data

{'name': 'kube-znn-db.173f1ed4662d0ea0', 'type': 'Normal', 'message': 'Scaled up replica set kube-znn-db-558bb5dd64 to 1', 'dateevent': '2023-01-30 15:11:24+00:00', 'image': 'cmendes/znn:800k', 'replicas': 1, 'imageChanges': 0, 'replicasChanges': 1}

{'name': 'kube-znn.173f1ed4655aa295', 'type': 'Normal', 'message': 'Scaled up replica set kube-znn-744bbbc54b to 1', 'dateevent': '2023-01-30 15:11:23+00:00', 'image': 'cmendes/znn:800k', 'replicas': 1, 'imageChanges': 0, 'replicasChanges': 1}

{'name': 'kube-znn.173f1f262be426ca', 'type': 'Normal', 'message': 'Scaled up replica set kube-znn-744bbbc54b to 2', 'dateevent': '2023-01-30 15:17:15+00:00', 'image': 'cmendes/znn:800k', 'replicas': 2, 'imageChanges': 0, 'replicasChanges': 2}

{'name': 'kube-znn.173f1f270d54987c', 'type': 'Normal', 'message': 'Scaled up replica set kube-znn-744bbbc54b to 3', 'dateevent': '2023-01-30 15:17:18+00:00', 'image': 'cmendes/znn:800k', 'replicas': 3, 'imageChanges': 0, 'replicasChanges': 3}

{'name': 'kube-znn.173f1f2832ade63b', 'type': 'Normal', 'message': 'Scaled up replica set kube-znn-744bbbc54b to 4', 'dateevent': '2023-01-30 15:17:23+00:00', 'image': 'cmendes/znn:800k', 'replicas': 4, 'imageChanges': 0, 'replicasChanges': 4}

{'name': 'kube-znn.173f1f295c6c06ed', 'type': 'Normal', 'message': 'Scaled up replica set kube-znn-744bbbc54b to 5', 'dateevent': '2023-01-30 15:17:28+00:00', 'image': 'cmendes/znn:800k', 'replicas': 5, 'imageChanges': 0, 'replicasChanges': 5}

{'name': 'kube-znn.173f1f2a84832d4c', 'type': 'Normal', 'message': 'Scaled up replica set kube-znn-744bbbc54b to 6', 'dateevent': '2023-01-30 15:17:33+00:00', 'image': 'cmendes/znn:800k', 'replicas': 6, 'imageChanges': 0, 'replicasChanges': 6}

{'name': 'kube-znn.173f1f2bafdae22b', 'type': 'Normal', 'message': 'Scaled up replica set kube-znn-744bbbc54b to 7', 'dateevent': '2023-01-30 15:17:38+00:00', 'image': 'cmendes/znn:800k', 'replicas': 7, 'imageChanges': 0, 'replicasChanges': 7}

{'name': 'kube-znn.173f1f2cd9518a7f', 'type': 'Normal', 'message': 'Scaled up replica set kube-znn-744bbbc54b to 8', 'dateevent': '2023-01-30 15:17:43+00:00', 'image': 'cmendes/znn:800k', 'replicas': 8, 'imageChanges': 0, 'replicasChanges': 8}

{'name': 'kube-znn.173f1f2e03f3eb17', 'type': 'Normal', 'message': 'Scaled up replica set kube-znn-744bbbc54b to 9', 'dateevent': '2023-01-30 15:17:48+00:00', 'image': 'cmendes/znn:800k', 'replicas': 9, 'imageChanges': 0, 'replicasChanges': 9}

{'name': 'kube-znn.173f1f2f2c2fd7ec', 'type': 'Normal', 'message': '(combined from similar events): Scaled up replica set kube-znn-744bbbc54b to 10', 'dateevent': '2023-01-30 15:17:53+00:00', 'image': 'cmendes/znn:800k', 'replicas': 10, 'imageChanges': 0, 'replicasChanges': 10}

{'name': 'kube-znn.173f1f2f2c2fd7ec', 'type': 'Normal', 'message': '(combined from similar events): Scaled up replica set kube-znn-5c95bd98fb to 3', 'dateevent': '2023-01-30 15:17:53+00:00', 'image': 'cmendes/znn:600k', 'replicas': 10, 'imageChanges': 1, 'replicasChanges': 10}

{'name': 'kube-znn.173f1f2f2c2fd7ec', 'type': 'Normal', 'message': '(combined from similar events): Scaled down replica set kube-znn-744bbbc54b to 8', 'dateevent': '2023-01-30 15:17:53+00:00', 'image': 'cmendes/znn:600k', 'replicas': 10, 'imageChanges': 1, 'replicasChanges': 10}

{'name': 'kube-znn.173f1f2f2c2fd7ec', 'type': 'Normal', 'message': '(combined from similar events): Scaled up replica set kube-znn-5c95bd98fb to 5', 'dateevent': '2023-01-30 15:17:53+00:00', 'image': 'cmendes/znn:600k', 'replicas': 10, 'imageChanges': 1, 'replicasChanges': 10}

{'name': 'kube-znn.173f1f2f2c2fd7ec', 'type': 'Normal', 'message': '(combined from similar events): Scaled down replica set kube-znn-744bbbc54b to 7', 'dateevent': '2023-01-30 15:17:53+00:00', 'image': 'cmendes/znn:600k', 'replicas': 10, 'imageChanges': 1, 'replicasChanges': 10}

{'name': 'kube-znn.173f1f2f2c2fd7ec', 'type': 'Normal', 'message': '(combined from similar events): Scaled up replica set kube-znn-5c95bd98fb to 6', 'dateevent': '2023-01-30 15:17:53+00:00', 'image': 'cmendes/znn:600k', 'replicas': 10, 'imageChanges': 1, 'replicasChanges': 10}

{'name': 'kube-znn.173f1f2f2c2fd7ec', 'type': 'Normal', 'message': '(combined from similar events): Scaled down replica set kube-znn-744bbbc54b to 3', 'dateevent': '2023-01-30 15:17:53+00:00', 'image': 'cmendes/znn:600k', 'replicas': 4, 'imageChanges': 1, 'replicasChanges': 11}

{'name': 'kube-znn.173f1f2f2c2fd7ec', 'type': 'Normal', 'message': '(combined from similar events): Scaled down replica set kube-znn-5c95bd98fb to 2', 'dateevent': '2023-01-30 15:17:53+00:00', 'image': 'cmendes/znn:600k', 'replicas': 4, 'imageChanges': 1, 'replicasChanges': 11}

{'name': 'kube-znn.173f1f2f2c2fd7ec', 'type': 'Normal', 'message': '(combined from similar events): Scaled down replica set kube-znn-744bbbc54b to 2', 'dateevent': '2023-01-30 15:17:53+00:00', 'image': 'cmendes/znn:600k', 'replicas': 4, 'imageChanges': 1, 'replicasChanges': 11}

{'name': 'kube-znn.173f1f2f2c2fd7ec', 'type': 'Normal', 'message': '(combined from similar events): Scaled up replica set kube-znn-5c95bd98fb to 3', 'dateevent': '2023-01-30 15:17:53+00:00', 'image': 'cmendes/znn:600k', 'replicas': 4, 'imageChanges': 1, 'replicasChanges': 11}

{'name': 'kube-znn.173f1f2f2c2fd7ec', 'type': 'Normal', 'message': '(combined from similar events): Scaled down replica set kube-znn-744bbbc54b to 1', 'dateevent': '2023-01-30 15:17:53+00:00', 'image': 'cmendes/znn:600k', 'replicas': 4, 'imageChanges': 1, 'replicasChanges': 11}

{'name': 'kube-znn.173f1f2f2c2fd7ec', 'type': 'Normal', 'message': '(combined from similar events): Scaled up replica set kube-znn-5c95bd98fb to 4', 'dateevent': '2023-01-30 15:17:53+00:00', 'image': 'cmendes/znn:600k', 'replicas': 4, 'imageChanges': 1, 'replicasChanges': 11}

{'name': 'kube-znn.173f1f2f2c2fd7ec', 'type': 'Normal', 'message': '(combined from similar events): Scaled down replica set kube-znn-744bbbc54b to 0', 'dateevent': '2023-01-30 15:17:53+00:00', 'image': 'cmendes/znn:600k', 'replicas': 4, 'imageChanges': 1, 'replicasChanges': 11}

Reading file: VersionA-Monolithic
Reading file: VersionB-MicroControllers
Reading file: VersionC-WithFailureManagerMetaController
Reading file: VersionC-ZTemp
