Reading file: automatingDataGeneration.sh
Reading file: BLong10
Reading file: CLong10
Reading file: CLong10.7z
Reading file: CShort10
Reading file: CShort10.7z
Reading file: Evaluation-ZNN.7z
Reading file: fidelitya-5b8dd7f8c7-sg8x7_tracing_20230130_001133.log

fidelitya data

2023-01-30 03:12:24 : t0:lowerFidelity

Reading file: generateLogs2.sh
Reading file: k6-dkk8p_tracing_20230130_001133.log
Reading file: README.md
Reading file: scalabilityb-66d698fc76-shw4r_tracing_20230130_001133.log

scalabilityb data

2023-01-30 03:13:04 : t0:removeHighScalability

2023-01-30 03:13:09 : t0:removeHighScalability

2023-01-30 03:13:14 : t0:removeHighScalability

2023-01-30 03:13:19 : t0:removeHighScalability

2023-01-30 03:13:24 : t0:removeHighScalability

2023-01-30 03:13:29 : t0:removeHighScalability

2023-01-30 03:13:34 : t0:removeHighScalability

2023-01-30 03:13:39 : t0:removeHighScalability

2023-01-30 03:13:44 : t0:removeHighScalability

2023-01-30 03:13:49 : t0:removeHighScalability

2023-01-30 03:13:54 : t0:removeHighScalability

2023-01-30 03:13:59 : t0:removeHighScalability

2023-01-30 03:14:04 : t0:removeHighScalability

2023-01-30 03:14:09 : t0:addHighScalability

2023-01-30 03:14:14 : t0:addHighScalability

2023-01-30 03:14:19 : t0:addHighScalability

2023-01-30 03:14:24 : t0:addHighScalability

2023-01-30 03:14:29 : t0:addHighScalability

2023-01-30 03:14:34 : t0:removeHighScalability

2023-01-30 03:14:39 : t0:removeHighScalability

2023-01-30 03:14:44 : t0:removeHighScalability

2023-01-30 03:14:49 : t0:removeHighScalability

2023-01-30 03:14:54 : t0:removeHighScalability

2023-01-30 03:14:59 : t0:addHighScalability

2023-01-30 03:15:04 : t0:removeHighScalability

2023-01-30 03:15:09 : t0:removeHighScalability

2023-01-30 03:15:14 : t0:removeHighScalability

2023-01-30 03:15:19 : t0:removeHighScalability

2023-01-30 03:15:24 : t0:removeHighScalability

2023-01-30 03:15:29 : t0:addHighScalability

2023-01-30 03:15:34 : t0:addHighScalability

2023-01-30 03:15:39 : t0:addHighScalability

2023-01-30 03:15:44 : t0:addHighScalability

2023-01-30 03:15:49 : t0:addHighScalability

2023-01-30 03:15:54 : t0:addHighScalability

2023-01-30 03:15:59 : t0:addHighScalability

2023-01-30 03:16:04 : t0:removeHighScalability

2023-01-30 03:16:09 : t0:removeHighScalability

2023-01-30 03:16:14 : t0:removeHighScalability

2023-01-30 03:16:19 : t0:removeHighScalability

2023-01-30 03:16:24 : t0:removeHighScalability

2023-01-30 03:16:29 : t0:addHighScalability

2023-01-30 03:16:34 : t0:removeHighScalability

2023-01-30 03:16:39 : t0:removeHighScalability

2023-01-30 03:16:44 : t0:removeHighScalability

2023-01-30 03:16:49 : t0:removeHighScalability

2023-01-30 03:16:54 : t0:removeHighScalability

2023-01-30 03:16:59 : t0:removeHighScalability

2023-01-30 03:17:04 : t0:removeReplica

2023-01-30 03:17:09 : t0:removeReplica

2023-01-30 03:17:39 : t0:removeReplica

2023-01-30 03:17:44 : t0:removeReplica

2023-01-30 03:17:49 : t0:removeReplica

2023-01-30 03:17:54 : t0:removeReplica

2023-01-30 03:17:59 : t0:removeReplica

2023-01-30 03:18:04 : t0:removeReplica

2023-01-30 03:18:09 : t0:removeReplica

2023-01-30 03:18:14 : t0:removeReplica

2023-01-30 03:18:19 : t0:removeReplica

2023-01-30 03:18:24 : t0:removeReplica

2023-01-30 03:18:29 : t0:removeReplica

2023-01-30 03:18:34 : t0:removeReplica

2023-01-30 03:18:39 : t0:removeReplica

2023-01-30 03:18:44 : t0:removeReplica

2023-01-30 03:18:49 : t0:removeReplica

2023-01-30 03:18:54 : t0:removeReplica

2023-01-30 03:18:59 : t0:removeReplica

2023-01-30 03:19:04 : t0:removeReplica

2023-01-30 03:19:09 : t0:removeReplica

2023-01-30 03:19:14 : t0:removeReplica

2023-01-30 03:19:19 : t0:removeReplica

2023-01-30 03:19:24 : t0:removeReplica

2023-01-30 03:19:29 : t0:removeReplica

2023-01-30 03:19:34 : t0:removeReplica

2023-01-30 03:19:39 : t0:removeReplica

2023-01-30 03:19:44 : t0:removeReplica

2023-01-30 03:19:49 : t0:removeReplica

2023-01-30 03:19:54 : t0:removeReplica

2023-01-30 03:19:59 : t0:removeReplica

2023-01-30 03:20:04 : t0:removeReplica

2023-01-30 03:20:09 : t0:removeReplica

2023-01-30 03:20:14 : t0:removeReplica

2023-01-30 03:20:19 : t0:removeReplica

2023-01-30 03:20:24 : t0:removeReplica

2023-01-30 03:20:29 : t0:removeReplica

2023-01-30 03:20:34 : t0:removeReplica

2023-01-30 03:20:39 : t0:removeReplica

2023-01-30 03:20:44 : t0:removeReplica

2023-01-30 03:20:49 : t0:removeReplica

2023-01-30 03:20:54 : t0:removeReplica

2023-01-30 03:20:59 : t0:removeReplica

2023-01-30 03:21:04 : t0:removeReplica

2023-01-30 03:21:09 : t0:removeReplica

2023-01-30 03:21:14 : t0:removeReplica

2023-01-30 03:21:19 : t0:removeReplica

2023-01-30 03:21:24 : t0:removeReplica

2023-01-30 03:21:29 : t0:removeReplica

2023-01-30 03:21:34 : t0:removeReplica

2023-01-30 03:21:39 : t0:removeReplica

2023-01-30 03:21:44 : t0:removeReplica

2023-01-30 03:21:49 : t0:removeReplica

2023-01-30 03:21:54 : t0:removeReplica

2023-01-30 03:21:59 : t0:removeReplica

2023-01-30 03:22:04 : t0:removeReplica

2023-01-30 03:22:09 : t0:removeReplica

2023-01-30 03:22:14 : t0:removeReplica

2023-01-30 03:22:19 : t0:removeReplica

2023-01-30 03:22:24 : t0:removeReplica

2023-01-30 03:22:29 : t0:removeReplica

2023-01-30 03:22:34 : t0:removeReplica

2023-01-30 03:22:39 : t0:removeReplica

2023-01-30 03:22:44 : t0:removeReplica

2023-01-30 03:22:49 : t0:removeReplica

2023-01-30 03:22:54 : t0:removeReplica

2023-01-30 03:22:59 : t0:removeReplica

2023-01-30 03:23:04 : t0:removeReplica

2023-01-30 03:23:09 : t0:removeReplica

Reading file: summary-trace-znn.log
Reading file: temp
Reading file: temp2701
Reading file: test
Reading file: tools
Reading file: traceznn_20230130_001133.log

Trace znn data

{'name': 'kube-znn-db.173ef6b0b3131188', 'type': 'Normal', 'message': 'Scaled up replica set kube-znn-db-558bb5dd64 to 1', 'dateevent': '2023-01-30 02:55:50+00:00', 'image': 'cmendes/znn:800k', 'replicas': 1, 'imageChanges': 0, 'replicasChanges': 1}

{'name': 'kube-znn.173ef6b0b1927958', 'type': 'Normal', 'message': 'Scaled up replica set kube-znn-744bbbc54b to 1', 'dateevent': '2023-01-30 02:55:50+00:00', 'image': 'cmendes/znn:800k', 'replicas': 1, 'imageChanges': 0, 'replicasChanges': 1}

{'name': 'kube-znn.173ef78dc2d0d975', 'type': 'Normal', 'message': 'Scaled up replica set kube-znn-744bbbc54b to 2', 'dateevent': '2023-01-30 03:11:39+00:00', 'image': 'cmendes/znn:800k', 'replicas': 2, 'imageChanges': 0, 'replicasChanges': 2}

{'name': 'kube-znn.173ef78e9f8d7fe9', 'type': 'Normal', 'message': 'Scaled up replica set kube-znn-744bbbc54b to 3', 'dateevent': '2023-01-30 03:11:43+00:00', 'image': 'cmendes/znn:800k', 'replicas': 3, 'imageChanges': 0, 'replicasChanges': 3}

{'name': 'kube-znn.173ef78fce8ca256', 'type': 'Normal', 'message': 'Scaled up replica set kube-znn-744bbbc54b to 4', 'dateevent': '2023-01-30 03:11:48+00:00', 'image': 'cmendes/znn:800k', 'replicas': 4, 'imageChanges': 0, 'replicasChanges': 4}

{'name': 'kube-znn.173ef790f414ba15', 'type': 'Normal', 'message': 'Scaled up replica set kube-znn-744bbbc54b to 5', 'dateevent': '2023-01-30 03:11:53+00:00', 'image': 'cmendes/znn:800k', 'replicas': 5, 'imageChanges': 0, 'replicasChanges': 5}

{'name': 'kube-znn.173ef7921ebc340b', 'type': 'Normal', 'message': 'Scaled up replica set kube-znn-744bbbc54b to 6', 'dateevent': '2023-01-30 03:11:58+00:00', 'image': 'cmendes/znn:800k', 'replicas': 6, 'imageChanges': 0, 'replicasChanges': 6}

{'name': 'kube-znn.173ef793458fcdd1', 'type': 'Normal', 'message': 'Scaled up replica set kube-znn-744bbbc54b to 7', 'dateevent': '2023-01-30 03:12:03+00:00', 'image': 'cmendes/znn:800k', 'replicas': 7, 'imageChanges': 0, 'replicasChanges': 7}

{'name': 'kube-znn.173ef7946fa34623', 'type': 'Normal', 'message': 'Scaled up replica set kube-znn-744bbbc54b to 8', 'dateevent': '2023-01-30 03:12:08+00:00', 'image': 'cmendes/znn:800k', 'replicas': 8, 'imageChanges': 0, 'replicasChanges': 8}

{'name': 'kube-znn.173ef7959af95b7b', 'type': 'Normal', 'message': 'Scaled up replica set kube-znn-744bbbc54b to 9', 'dateevent': '2023-01-30 03:12:13+00:00', 'image': 'cmendes/znn:800k', 'replicas': 9, 'imageChanges': 0, 'replicasChanges': 9}

{'name': 'kube-znn.173ef796c3d71d49', 'type': 'Normal', 'message': 'Scaled up replica set kube-znn-744bbbc54b to 10', 'dateevent': '2023-01-30 03:12:18+00:00', 'image': 'cmendes/znn:800k', 'replicas': 10, 'imageChanges': 0, 'replicasChanges': 10}

{'name': 'kube-znn.173ef798978e4023', 'type': 'Normal', 'message': '(combined from similar events): Scaled up replica set kube-znn-5c95bd98fb to 3', 'dateevent': '2023-01-30 03:12:26+00:00', 'image': 'cmendes/znn:600k', 'replicas': 10, 'imageChanges': 1, 'replicasChanges': 10}

{'name': 'kube-znn.173ef798978e4023', 'type': 'Normal', 'message': '(combined from similar events): Scaled down replica set kube-znn-744bbbc54b to 8', 'dateevent': '2023-01-30 03:12:26+00:00', 'image': 'cmendes/znn:600k', 'replicas': 10, 'imageChanges': 1, 'replicasChanges': 10}

{'name': 'kube-znn.173ef798978e4023', 'type': 'Normal', 'message': '(combined from similar events): Scaled up replica set kube-znn-5c95bd98fb to 5', 'dateevent': '2023-01-30 03:12:26+00:00', 'image': 'cmendes/znn:600k', 'replicas': 10, 'imageChanges': 1, 'replicasChanges': 10}

{'name': 'kube-znn.173ef798978e4023', 'type': 'Normal', 'message': '(combined from similar events): Scaled down replica set kube-znn-744bbbc54b to 7', 'dateevent': '2023-01-30 03:12:26+00:00', 'image': 'cmendes/znn:600k', 'replicas': 10, 'imageChanges': 1, 'replicasChanges': 10}

{'name': 'kube-znn.173ef798978e4023', 'type': 'Normal', 'message': '(combined from similar events): Scaled up replica set kube-znn-5c95bd98fb to 6', 'dateevent': '2023-01-30 03:12:26+00:00', 'image': 'cmendes/znn:600k', 'replicas': 10, 'imageChanges': 1, 'replicasChanges': 10}

{'name': 'kube-znn.173ef798978e4023', 'type': 'Normal', 'message': '(combined from similar events): Scaled down replica set kube-znn-744bbbc54b to 6', 'dateevent': '2023-01-30 03:12:26+00:00', 'image': 'cmendes/znn:600k', 'replicas': 10, 'imageChanges': 1, 'replicasChanges': 10}

{'name': 'kube-znn.173ef798978e4023', 'type': 'Normal', 'message': '(combined from similar events): Scaled up replica set kube-znn-5c95bd98fb to 7', 'dateevent': '2023-01-30 03:12:26+00:00', 'image': 'cmendes/znn:600k', 'replicas': 10, 'imageChanges': 1, 'replicasChanges': 10}

{'name': 'kube-znn.173ef798978e4023', 'type': 'Normal', 'message': '(combined from similar events): Scaled down replica set kube-znn-744bbbc54b to 5', 'dateevent': '2023-01-30 03:12:26+00:00', 'image': 'cmendes/znn:600k', 'replicas': 10, 'imageChanges': 1, 'replicasChanges': 10}

{'name': 'kube-znn.173ef798978e4023', 'type': 'Normal', 'message': '(combined from similar events): Scaled up replica set kube-znn-5c95bd98fb to 8', 'dateevent': '2023-01-30 03:12:26+00:00', 'image': 'cmendes/znn:600k', 'replicas': 10, 'imageChanges': 1, 'replicasChanges': 10}

{'name': 'kube-znn.173ef798978e4023', 'type': 'Normal', 'message': '(combined from similar events): Scaled down replica set kube-znn-5c95bd98fb to 3', 'dateevent': '2023-01-30 03:12:26+00:00', 'image': 'cmendes/znn:600k', 'replicas': 4, 'imageChanges': 1, 'replicasChanges': 11}

{'name': 'kube-znn.173ef798978e4023', 'type': 'Normal', 'message': '(combined from similar events): Scaled down replica set kube-znn-744bbbc54b to 2', 'dateevent': '2023-01-30 03:12:26+00:00', 'image': 'cmendes/znn:600k', 'replicas': 4, 'imageChanges': 1, 'replicasChanges': 11}

{'name': 'kube-znn.173ef798978e4023', 'type': 'Normal', 'message': '(combined from similar events): Scaled down replica set kube-znn-744bbbc54b to 0', 'dateevent': '2023-01-30 03:12:26+00:00', 'image': 'cmendes/znn:600k', 'replicas': 4, 'imageChanges': 1, 'replicasChanges': 11}

{'name': 'kube-znn.173ef798978e4023', 'type': 'Normal', 'message': '(combined from similar events): Scaled up replica set kube-znn-5c95bd98fb to 4', 'dateevent': '2023-01-30 03:12:26+00:00', 'image': 'cmendes/znn:600k', 'replicas': 4, 'imageChanges': 1, 'replicasChanges': 11}

Reading file: VersionA-Monolithic
Reading file: VersionB-MicroControllers
Reading file: VersionC-WithFailureManagerMetaController
Reading file: VersionC-ZTemp
