Reading file: automatingDataGeneration.sh
Reading file: BLong10_parte1
Reading file: BLong10_parte1.7z
Reading file: BLong10_parte2
Reading file: BLong10_parte2.7z
Reading file: BLong10_parte3
Reading file: BLong10_parte3.7z
Reading file: CLong10
Reading file: CLong10.7z
Reading file: CShort10
Reading file: CShort10.7z
Reading file: Evaluation-ZNN.7z
Reading file: fidelitya-5b8dd7f8c7-bkq9g_tracing_20230130_123744.log

fidelitya data

2023-01-30 15:38:32 : t0:lowerFidelity

Reading file: generateLogs120703
Reading file: generateLogs122741
Reading file: generateLogs2.sh
Reading file: k6-tpvdt_tracing_20230130_123744.log
Reading file: README.md
Reading file: scalabilityb-66d698fc76-cq8bh_tracing_20230130_123744.log

scalabilityb data

2023-01-30 15:39:01 : t0:removeHighScalability

2023-01-30 15:39:06 : t0:removeHighScalability

2023-01-30 15:39:11 : t0:removeHighScalability

2023-01-30 15:39:16 : t0:removeHighScalability

2023-01-30 15:39:21 : t0:removeHighScalability

2023-01-30 15:39:26 : t0:removeHighScalability

2023-01-30 15:39:31 : t0:removeHighScalability

2023-01-30 15:39:36 : t0:removeHighScalability

2023-01-30 15:39:41 : t0:addHighScalability

2023-01-30 15:39:46 : t0:addHighScalability

2023-01-30 15:39:51 : t0:removeHighScalability

2023-01-30 15:39:56 : t0:removeHighScalability

2023-01-30 15:40:01 : t0:removeHighScalability

2023-01-30 15:40:06 : t0:removeHighScalability

2023-01-30 15:40:11 : t0:removeReplica

2023-01-30 15:40:16 : t0:removeReplica

2023-01-30 15:40:46 : t0:removeReplica

2023-01-30 15:40:51 : t0:removeReplica

2023-01-30 15:40:56 : t0:removeReplica

2023-01-30 15:41:01 : t0:removeReplica

2023-01-30 15:41:06 : t0:removeReplica

2023-01-30 15:41:11 : t0:removeReplica

2023-01-30 15:41:16 : t0:removeReplica

2023-01-30 15:41:21 : t0:removeReplica

2023-01-30 15:41:26 : t0:removeReplica

2023-01-30 15:41:31 : t0:removeReplica

2023-01-30 15:41:36 : t0:removeReplica

2023-01-30 15:41:41 : t0:removeReplica

2023-01-30 15:41:46 : t0:removeReplica

2023-01-30 15:41:51 : t0:removeReplica

2023-01-30 15:41:56 : t0:removeReplica

2023-01-30 15:42:01 : t0:removeReplica

2023-01-30 15:42:06 : t0:removeReplica

2023-01-30 15:42:11 : t0:removeReplica

2023-01-30 15:42:16 : t0:removeReplica

2023-01-30 15:42:21 : t0:removeReplica

2023-01-30 15:42:26 : t0:removeReplica

2023-01-30 15:42:31 : t0:removeReplica

2023-01-30 15:42:36 : t0:removeReplica

2023-01-30 15:42:41 : t0:removeReplica

2023-01-30 15:42:46 : t0:removeReplica

2023-01-30 15:42:51 : t0:removeReplica

2023-01-30 15:42:56 : t0:removeReplica

2023-01-30 15:43:01 : t0:removeReplica

2023-01-30 15:43:06 : t0:removeReplica

2023-01-30 15:43:11 : t0:removeReplica

2023-01-30 15:43:16 : t0:removeReplica

2023-01-30 15:43:21 : t0:removeReplica

2023-01-30 15:43:26 : t0:removeReplica

2023-01-30 15:43:31 : t0:removeReplica

2023-01-30 15:43:36 : t0:removeReplica

2023-01-30 15:43:41 : t0:removeReplica

2023-01-30 15:43:46 : t0:removeReplica

2023-01-30 15:43:51 : t0:removeReplica

2023-01-30 15:43:56 : t0:removeReplica

2023-01-30 15:44:01 : t0:removeReplica

2023-01-30 15:44:06 : t0:removeReplica

2023-01-30 15:44:11 : t0:removeReplica

2023-01-30 15:44:16 : t0:removeReplica

2023-01-30 15:44:21 : t0:removeReplica

2023-01-30 15:44:26 : t0:removeReplica

2023-01-30 15:44:31 : t0:removeReplica

2023-01-30 15:44:36 : t0:removeReplica

2023-01-30 15:44:41 : t0:removeReplica

2023-01-30 15:44:46 : t0:removeReplica

2023-01-30 15:44:51 : t0:removeReplica

2023-01-30 15:44:56 : t0:removeReplica

2023-01-30 15:45:01 : t0:removeReplica

2023-01-30 15:45:06 : t0:removeReplica

2023-01-30 15:45:11 : t0:removeReplica

2023-01-30 15:45:16 : t0:removeReplica

2023-01-30 15:45:21 : t0:removeReplica

2023-01-30 15:45:26 : t0:removeReplica

2023-01-30 15:45:31 : t0:removeReplica

2023-01-30 15:45:36 : t0:removeReplica

2023-01-30 15:45:41 : t0:removeReplica

2023-01-30 15:45:46 : t0:removeReplica

2023-01-30 15:45:51 : t0:removeReplica

2023-01-30 15:45:56 : t0:removeReplica

2023-01-30 15:46:01 : t0:removeReplica

2023-01-30 15:46:06 : t0:removeReplica

2023-01-30 15:46:11 : t0:removeReplica

2023-01-30 15:46:16 : t0:removeReplica

Reading file: summary-trace-znn.log
Reading file: temp
Reading file: temp2701
Reading file: test
Reading file: tools
Reading file: traceznn_20230130_123744.log

Trace znn data

{'name': 'kube-znn-db.173f1ff431a79886', 'type': 'Normal', 'message': 'Scaled up replica set kube-znn-db-558bb5dd64 to 1', 'dateevent': '2023-01-30 15:32:00+00:00', 'image': 'cmendes/znn:800k', 'replicas': 1, 'imageChanges': 0, 'replicasChanges': 1}

{'name': 'kube-znn.173f1ff430531d4f', 'type': 'Normal', 'message': 'Scaled up replica set kube-znn-744bbbc54b to 1', 'dateevent': '2023-01-30 15:32:00+00:00', 'image': 'cmendes/znn:800k', 'replicas': 1, 'imageChanges': 0, 'replicasChanges': 1}

{'name': 'kube-znn.173f2045d06e882a', 'type': 'Normal', 'message': 'Scaled up replica set kube-znn-744bbbc54b to 2', 'dateevent': '2023-01-30 15:37:50+00:00', 'image': 'cmendes/znn:800k', 'replicas': 2, 'imageChanges': 0, 'replicasChanges': 2}

{'name': 'kube-znn.173f2046b7b85ba6', 'type': 'Normal', 'message': 'Scaled up replica set kube-znn-744bbbc54b to 3', 'dateevent': '2023-01-30 15:37:54+00:00', 'image': 'cmendes/znn:800k', 'replicas': 3, 'imageChanges': 0, 'replicasChanges': 3}

{'name': 'kube-znn.173f2047dcc44f22', 'type': 'Normal', 'message': 'Scaled up replica set kube-znn-744bbbc54b to 4', 'dateevent': '2023-01-30 15:37:59+00:00', 'image': 'cmendes/znn:800k', 'replicas': 4, 'imageChanges': 0, 'replicasChanges': 4}

{'name': 'kube-znn.173f204906afb33e', 'type': 'Normal', 'message': 'Scaled up replica set kube-znn-744bbbc54b to 5', 'dateevent': '2023-01-30 15:38:04+00:00', 'image': 'cmendes/znn:800k', 'replicas': 5, 'imageChanges': 0, 'replicasChanges': 5}

{'name': 'kube-znn.173f204a32dfc4cd', 'type': 'Normal', 'message': 'Scaled up replica set kube-znn-744bbbc54b to 6', 'dateevent': '2023-01-30 15:38:09+00:00', 'image': 'cmendes/znn:800k', 'replicas': 6, 'imageChanges': 0, 'replicasChanges': 6}

{'name': 'kube-znn.173f204b58c8aa14', 'type': 'Normal', 'message': 'Scaled up replica set kube-znn-744bbbc54b to 7', 'dateevent': '2023-01-30 15:38:14+00:00', 'image': 'cmendes/znn:800k', 'replicas': 7, 'imageChanges': 0, 'replicasChanges': 7}

{'name': 'kube-znn.173f204c8292aa25', 'type': 'Normal', 'message': 'Scaled up replica set kube-znn-744bbbc54b to 8', 'dateevent': '2023-01-30 15:38:19+00:00', 'image': 'cmendes/znn:800k', 'replicas': 8, 'imageChanges': 0, 'replicasChanges': 8}

{'name': 'kube-znn.173f204db3ce9cb1', 'type': 'Normal', 'message': 'Scaled up replica set kube-znn-744bbbc54b to 9', 'dateevent': '2023-01-30 15:38:24+00:00', 'image': 'cmendes/znn:800k', 'replicas': 9, 'imageChanges': 0, 'replicasChanges': 9}

{'name': 'kube-znn.173f204ed9486a87', 'type': 'Normal', 'message': '(combined from similar events): Scaled up replica set kube-znn-744bbbc54b to 10', 'dateevent': '2023-01-30 15:38:29+00:00', 'image': 'cmendes/znn:800k', 'replicas': 10, 'imageChanges': 0, 'replicasChanges': 10}

{'name': 'kube-znn.173f204ed9486a87', 'type': 'Normal', 'message': '(combined from similar events): Scaled up replica set kube-znn-5c95bd98fb to 3', 'dateevent': '2023-01-30 15:38:29+00:00', 'image': 'cmendes/znn:600k', 'replicas': 10, 'imageChanges': 1, 'replicasChanges': 10}

{'name': 'kube-znn.173f204ed9486a87', 'type': 'Normal', 'message': '(combined from similar events): Scaled down replica set kube-znn-744bbbc54b to 8', 'dateevent': '2023-01-30 15:38:29+00:00', 'image': 'cmendes/znn:600k', 'replicas': 10, 'imageChanges': 1, 'replicasChanges': 10}

{'name': 'kube-znn.173f204ed9486a87', 'type': 'Normal', 'message': '(combined from similar events): Scaled up replica set kube-znn-5c95bd98fb to 5', 'dateevent': '2023-01-30 15:38:29+00:00', 'image': 'cmendes/znn:600k', 'replicas': 10, 'imageChanges': 1, 'replicasChanges': 10}

{'name': 'kube-znn.173f204ed9486a87', 'type': 'Normal', 'message': '(combined from similar events): Scaled down replica set kube-znn-744bbbc54b to 7', 'dateevent': '2023-01-30 15:38:29+00:00', 'image': 'cmendes/znn:600k', 'replicas': 10, 'imageChanges': 1, 'replicasChanges': 10}

{'name': 'kube-znn.173f204ed9486a87', 'type': 'Normal', 'message': '(combined from similar events): Scaled up replica set kube-znn-5c95bd98fb to 6', 'dateevent': '2023-01-30 15:38:29+00:00', 'image': 'cmendes/znn:600k', 'replicas': 10, 'imageChanges': 1, 'replicasChanges': 10}

{'name': 'kube-znn.173f204ed9486a87', 'type': 'Normal', 'message': '(combined from similar events): Scaled down replica set kube-znn-744bbbc54b to 6', 'dateevent': '2023-01-30 15:38:29+00:00', 'image': 'cmendes/znn:600k', 'replicas': 10, 'imageChanges': 1, 'replicasChanges': 10}

{'name': 'kube-znn.173f204ed9486a87', 'type': 'Normal', 'message': '(combined from similar events): Scaled up replica set kube-znn-5c95bd98fb to 7', 'dateevent': '2023-01-30 15:38:29+00:00', 'image': 'cmendes/znn:600k', 'replicas': 10, 'imageChanges': 1, 'replicasChanges': 10}

{'name': 'kube-znn.173f204ed9486a87', 'type': 'Normal', 'message': '(combined from similar events): Scaled down replica set kube-znn-744bbbc54b to 5', 'dateevent': '2023-01-30 15:38:29+00:00', 'image': 'cmendes/znn:600k', 'replicas': 10, 'imageChanges': 1, 'replicasChanges': 10}

{'name': 'kube-znn.173f204ed9486a87', 'type': 'Normal', 'message': '(combined from similar events): Scaled up replica set kube-znn-5c95bd98fb to 8', 'dateevent': '2023-01-30 15:38:29+00:00', 'image': 'cmendes/znn:600k', 'replicas': 10, 'imageChanges': 1, 'replicasChanges': 10}

{'name': 'kube-znn.173f204ed9486a87', 'type': 'Normal', 'message': '(combined from similar events): Scaled down replica set kube-znn-744bbbc54b to 4', 'dateevent': '2023-01-30 15:38:29+00:00', 'image': 'cmendes/znn:600k', 'replicas': 10, 'imageChanges': 1, 'replicasChanges': 10}

{'name': 'kube-znn.173f204ed9486a87', 'type': 'Normal', 'message': '(combined from similar events): Scaled up replica set kube-znn-5c95bd98fb to 9', 'dateevent': '2023-01-30 15:38:29+00:00', 'image': 'cmendes/znn:600k', 'replicas': 10, 'imageChanges': 1, 'replicasChanges': 10}

{'name': 'kube-znn.173f204ed9486a87', 'type': 'Normal', 'message': '(combined from similar events): Scaled down replica set kube-znn-5c95bd98fb to 3', 'dateevent': '2023-01-30 15:38:29+00:00', 'image': 'cmendes/znn:600k', 'replicas': 4, 'imageChanges': 1, 'replicasChanges': 11}

{'name': 'kube-znn.173f204ed9486a87', 'type': 'Normal', 'message': '(combined from similar events): Scaled down replica set kube-znn-744bbbc54b to 2', 'dateevent': '2023-01-30 15:38:29+00:00', 'image': 'cmendes/znn:600k', 'replicas': 4, 'imageChanges': 1, 'replicasChanges': 11}

{'name': 'kube-znn.173f204ed9486a87', 'type': 'Normal', 'message': '(combined from similar events): Scaled down replica set kube-znn-744bbbc54b to 0', 'dateevent': '2023-01-30 15:38:29+00:00', 'image': 'cmendes/znn:600k', 'replicas': 4, 'imageChanges': 1, 'replicasChanges': 11}

{'name': 'kube-znn.173f204ed9486a87', 'type': 'Normal', 'message': '(combined from similar events): Scaled up replica set kube-znn-5c95bd98fb to 4', 'dateevent': '2023-01-30 15:38:29+00:00', 'image': 'cmendes/znn:600k', 'replicas': 4, 'imageChanges': 1, 'replicasChanges': 11}

Reading file: VersionA-Monolithic
Reading file: VersionB-MicroControllers
Reading file: VersionC-WithFailureManagerMetaController
Reading file: VersionC-ZTemp
