Reading file: automatingDataGeneration.sh
Reading file: BLong10
Reading file: BLong10_parte1.7z
Reading file: BLong10_parte2.7z
Reading file: BLong10_parte3.7z
Reading file: CLong10
Reading file: CLong10.7z
Reading file: CShort10
Reading file: CShort10.7z
Reading file: Evaluation-ZNN.7z
Reading file: fidelitya-5b8dd7f8c7-h8lf5_tracing_20230130_214856.log

fidelitya data

Reading file: fidelityb-67c8fc5999-6bl6d_tracing_20230130_214856.log

fidelityb data

2023-01-31 00:51:52 : t0:raiseFidelity

2023-01-31 00:51:57 : t0:raiseFidelity

2023-01-31 00:52:27 : t0:raiseFidelity

2023-01-31 00:52:32 : t0:raiseFidelity

2023-01-31 00:52:37 : t0:raiseFidelity

2023-01-31 00:52:42 : t0:raiseFidelity

2023-01-31 00:52:47 : t0:addHighQuality

2023-01-31 00:52:52 : t0:addHighQuality

2023-01-31 00:52:57 : t0:addHighQuality

2023-01-31 00:53:02 : t0:addHighQuality

2023-01-31 00:53:07 : t0:addHighQuality

2023-01-31 00:53:12 : t0:raiseFidelity

2023-01-31 00:53:17 : t0:raiseFidelity

2023-01-31 00:53:22 : t0:raiseFidelity

2023-01-31 00:53:27 : t0:raiseFidelity

2023-01-31 00:53:32 : t0:raiseFidelity

2023-01-31 00:53:37 : t0:raiseFidelity

2023-01-31 00:53:42 : t0:raiseFidelity

2023-01-31 00:53:47 : t0:raiseFidelity

2023-01-31 00:53:52 : t0:raiseFidelity

2023-01-31 00:53:57 : t0:raiseFidelity

2023-01-31 00:54:02 : t0:raiseFidelity

2023-01-31 00:54:07 : t0:raiseFidelity

2023-01-31 00:54:12 : t0:raiseFidelity

2023-01-31 00:54:17 : t0:raiseFidelity

2023-01-31 00:54:22 : t0:raiseFidelity

2023-01-31 00:54:27 : t0:raiseFidelity

2023-01-31 00:54:32 : t0:raiseFidelity

2023-01-31 00:54:37 : t0:raiseFidelity

2023-01-31 00:54:42 : t0:raiseFidelity

2023-01-31 00:54:47 : t0:raiseFidelity

2023-01-31 00:54:52 : t0:raiseFidelity

2023-01-31 00:54:57 : t0:raiseFidelity

2023-01-31 00:55:02 : t0:raiseFidelity

2023-01-31 00:55:07 : t0:raiseFidelity

2023-01-31 00:55:12 : t0:raiseFidelity

2023-01-31 00:55:17 : t0:raiseFidelity

2023-01-31 00:55:22 : t0:raiseFidelity

2023-01-31 00:55:27 : t0:raiseFidelity

2023-01-31 00:55:32 : t0:raiseFidelity

2023-01-31 00:55:37 : t0:raiseFidelity

2023-01-31 00:55:42 : t0:raiseFidelity

2023-01-31 00:55:47 : t0:raiseFidelity

2023-01-31 00:55:52 : t0:raiseFidelity

Reading file: generateLogs120703
Reading file: generateLogs122741
Reading file: generateLogs124617
Reading file: generateLogs130307
Reading file: generateLogs131938
Reading file: generateLogs133541
Reading file: generateLogs135143
Reading file: generateLogs154208
Reading file: generateLogs160135
Reading file: generateLogs161929
Reading file: generateLogs163848
Reading file: generateLogs165709
Reading file: generateLogs171309
Reading file: generateLogs173945
Reading file: generateLogs180757
Reading file: generateLogs182726
Reading file: generateLogs185422
Reading file: generateLogs192616
Reading file: generateLogs194343
Reading file: generateLogs2.sh
Reading file: generateLogs201445
Reading file: generateLogs204306
Reading file: generateLogs211035
Reading file: generateLogs213121
Reading file: k6-wps9t_tracing_20230130_214856.log
Reading file: README.md
Reading file: scalabilityb-66d698fc76-72szk_tracing_20230130_214856.log

scalabilityb data

2023-01-31 00:51:11 : t0:removeHighScalability

2023-01-31 00:51:16 : t0:adjustReplicas

2023-01-31 00:53:31 : t0:removeReplica

2023-01-31 00:53:36 : t0:removeReplica

2023-01-31 00:53:40 : t0:removeReplica

2023-01-31 00:53:46 : t0:removeReplica

2023-01-31 00:53:50 : t0:removeReplica

2023-01-31 00:53:55 : t0:removeReplica

2023-01-31 00:54:00 : t0:removeReplica

2023-01-31 00:54:05 : t0:removeReplica

2023-01-31 00:54:10 : t0:removeReplica

2023-01-31 00:54:15 : t0:removeReplica

2023-01-31 00:54:20 : t0:removeReplica

2023-01-31 00:54:25 : t0:removeReplica

2023-01-31 00:54:30 : t0:removeReplica

2023-01-31 00:54:36 : t0:removeReplica

2023-01-31 00:54:40 : t0:removeReplica

2023-01-31 00:54:46 : t0:removeReplica

2023-01-31 00:54:50 : t0:removeReplica

2023-01-31 00:54:55 : t0:removeReplica

2023-01-31 00:55:00 : t0:removeReplica

2023-01-31 00:55:05 : t0:removeReplica

2023-01-31 00:55:10 : t0:removeReplica

2023-01-31 00:55:15 : t0:removeReplica

2023-01-31 00:55:20 : t0:removeReplica

2023-01-31 00:55:25 : t0:removeReplica

2023-01-31 00:55:30 : t0:removeReplica

2023-01-31 00:55:35 : t0:removeReplica

2023-01-31 00:55:40 : t0:removeReplica

2023-01-31 00:55:45 : t0:removeReplica

2023-01-31 00:55:50 : t0:removeReplica

2023-01-31 00:55:55 : t0:removeReplica

Reading file: scalabilityb-66d698fc76-hfz52_tracing_20230130_214856.log

scalabilityb data

2023-01-31 00:51:54 : t0:removeReplica

2023-01-31 00:51:59 : t0:removeReplica

2023-01-31 00:52:29 : t0:removeReplica

2023-01-31 00:52:34 : t0:removeReplica

2023-01-31 00:52:39 : t0:removeReplica

2023-01-31 00:52:44 : t0:removeReplica

2023-01-31 00:52:49 : t0:removeHighScalability

2023-01-31 00:52:54 : t0:removeHighScalability

2023-01-31 00:52:59 : t0:removeHighScalability

2023-01-31 00:53:04 : t0:removeHighScalability

2023-01-31 00:53:09 : t0:removeHighScalability

2023-01-31 00:53:14 : t0:removeReplica

2023-01-31 00:53:19 : t0:removeReplica

2023-01-31 00:53:24 : t0:removeReplica

2023-01-31 00:53:29 : t0:removeReplica

2023-01-31 00:53:34 : t0:removeReplica

2023-01-31 00:53:39 : t0:removeReplica

2023-01-31 00:53:44 : t0:removeReplica

2023-01-31 00:53:49 : t0:removeReplica

2023-01-31 00:53:54 : t0:removeReplica

2023-01-31 00:53:59 : t0:removeReplica

2023-01-31 00:54:04 : t0:removeReplica

2023-01-31 00:54:09 : t0:removeReplica

2023-01-31 00:54:14 : t0:removeReplica

2023-01-31 00:54:19 : t0:removeReplica

2023-01-31 00:54:24 : t0:removeReplica

2023-01-31 00:54:29 : t0:removeReplica

2023-01-31 00:54:34 : t0:removeReplica

2023-01-31 00:54:39 : t0:removeReplica

2023-01-31 00:54:44 : t0:removeReplica

2023-01-31 00:54:49 : t0:removeReplica

2023-01-31 00:54:54 : t0:removeReplica

2023-01-31 00:54:59 : t0:removeReplica

2023-01-31 00:55:04 : t0:removeReplica

2023-01-31 00:55:09 : t0:removeReplica

2023-01-31 00:55:14 : t0:removeReplica

2023-01-31 00:55:19 : t0:removeReplica

2023-01-31 00:55:24 : t0:removeReplica

2023-01-31 00:55:29 : t0:removeReplica

2023-01-31 00:55:34 : t0:removeReplica

2023-01-31 00:55:39 : t0:removeReplica

2023-01-31 00:55:44 : t0:removeReplica

2023-01-31 00:55:49 : t0:removeReplica

2023-01-31 00:55:54 : t0:removeReplica

Reading file: summary-trace-znn.log
Reading file: temp
Reading file: temp2701
Reading file: test
Reading file: tools
Reading file: traceznn_20230130_214856.log

Trace znn data

{'name': 'kube-znn-db.173f3da1d1a5cec1', 'type': 'Normal', 'message': 'Scaled up replica set kube-znn-db-558bb5dd64 to 1', 'dateevent': '2023-01-31 00:35:51+00:00', 'image': 'cmendes/znn:800k', 'replicas': 1, 'imageChanges': 0, 'replicasChanges': 1}

{'name': 'kube-znn.173f3da1d04d78e7', 'type': 'Normal', 'message': 'Scaled up replica set kube-znn-744bbbc54b to 1', 'dateevent': '2023-01-31 00:35:51+00:00', 'image': 'cmendes/znn:800k', 'replicas': 1, 'imageChanges': 0, 'replicasChanges': 1}

{'name': 'kube-znn.173f3e5a345c1163', 'type': 'Normal', 'message': 'Scaled up replica set kube-znn-744bbbc54b to 2', 'dateevent': '2023-01-31 00:49:03+00:00', 'image': 'cmendes/znn:800k', 'replicas': 2, 'imageChanges': 0, 'replicasChanges': 2}

{'name': 'kube-znn.173f3e5b0cd9ccac', 'type': 'Normal', 'message': 'Scaled up replica set kube-znn-744bbbc54b to 3', 'dateevent': '2023-01-31 00:49:07+00:00', 'image': 'cmendes/znn:800k', 'replicas': 3, 'imageChanges': 0, 'replicasChanges': 3}

{'name': 'kube-znn.173f3e5c3a0b1b55', 'type': 'Normal', 'message': 'Scaled up replica set kube-znn-744bbbc54b to 4', 'dateevent': '2023-01-31 00:49:12+00:00', 'image': 'cmendes/znn:800k', 'replicas': 4, 'imageChanges': 0, 'replicasChanges': 4}

{'name': 'kube-znn.173f3e5d64038025', 'type': 'Normal', 'message': 'Scaled up replica set kube-znn-744bbbc54b to 5', 'dateevent': '2023-01-31 00:49:17+00:00', 'image': 'cmendes/znn:800k', 'replicas': 5, 'imageChanges': 0, 'replicasChanges': 5}

{'name': 'kube-znn.173f3e5fb398fe66', 'type': 'Normal', 'message': 'Scaled up replica set kube-znn-744bbbc54b to 6', 'dateevent': '2023-01-31 00:49:27+00:00', 'image': 'cmendes/znn:800k', 'replicas': 6, 'imageChanges': 0, 'replicasChanges': 6}

{'name': 'kube-znn.173f3e620556cacc', 'type': 'Normal', 'message': 'Scaled up replica set kube-znn-744bbbc54b to 7', 'dateevent': '2023-01-31 00:49:37+00:00', 'image': 'cmendes/znn:800k', 'replicas': 7, 'imageChanges': 0, 'replicasChanges': 7}

{'name': 'kube-znn.173f3e645ac7d639', 'type': 'Normal', 'message': 'Scaled up replica set kube-znn-744bbbc54b to 8', 'dateevent': '2023-01-31 00:49:47+00:00', 'image': 'cmendes/znn:800k', 'replicas': 8, 'imageChanges': 0, 'replicasChanges': 8}

{'name': 'kube-znn.173f3e6daafe1c3d', 'type': 'Normal', 'message': 'Scaled up replica set kube-znn-744bbbc54b to 9', 'dateevent': '2023-01-31 00:50:27+00:00', 'image': 'cmendes/znn:800k', 'replicas': 9, 'imageChanges': 0, 'replicasChanges': 9}

{'name': 'kube-znn.173f3e7000be5f65', 'type': 'Normal', 'message': 'Scaled up replica set kube-znn-744bbbc54b to 10', 'dateevent': '2023-01-31 00:50:37+00:00', 'image': 'cmendes/znn:800k', 'replicas': 10, 'imageChanges': 0, 'replicasChanges': 10}

{'name': 'kube-znn.173f3e70f2fdbd13', 'type': 'Normal', 'message': '(combined from similar events): Scaled up replica set kube-znn-5c95bd98fb to 3', 'dateevent': '2023-01-31 00:50:41+00:00', 'image': 'cmendes/znn:600k', 'replicas': 10, 'imageChanges': 1, 'replicasChanges': 10}

{'name': 'kube-znn.173f3e70f2fdbd13', 'type': 'Normal', 'message': '(combined from similar events): Scaled down replica set kube-znn-744bbbc54b to 8', 'dateevent': '2023-01-31 00:50:41+00:00', 'image': 'cmendes/znn:600k', 'replicas': 10, 'imageChanges': 1, 'replicasChanges': 10}

{'name': 'kube-znn.173f3e70f2fdbd13', 'type': 'Normal', 'message': '(combined from similar events): Scaled up replica set kube-znn-5c95bd98fb to 5', 'dateevent': '2023-01-31 00:50:41+00:00', 'image': 'cmendes/znn:600k', 'replicas': 10, 'imageChanges': 1, 'replicasChanges': 10}

{'name': 'kube-znn.173f3e70f2fdbd13', 'type': 'Normal', 'message': '(combined from similar events): Scaled down replica set kube-znn-744bbbc54b to 3', 'dateevent': '2023-01-31 00:50:41+00:00', 'image': 'cmendes/znn:600k', 'replicas': 4, 'imageChanges': 1, 'replicasChanges': 11}

{'name': 'kube-znn.173f3e70f2fdbd13', 'type': 'Normal', 'message': '(combined from similar events): Scaled down replica set kube-znn-5c95bd98fb to 2', 'dateevent': '2023-01-31 00:50:41+00:00', 'image': 'cmendes/znn:600k', 'replicas': 4, 'imageChanges': 1, 'replicasChanges': 11}

{'name': 'kube-znn.173f3e70f2fdbd13', 'type': 'Normal', 'message': '(combined from similar events): Scaled down replica set kube-znn-744bbbc54b to 2', 'dateevent': '2023-01-31 00:50:41+00:00', 'image': 'cmendes/znn:600k', 'replicas': 4, 'imageChanges': 1, 'replicasChanges': 11}

{'name': 'kube-znn.173f3e807076b81f', 'type': 'Normal', 'message': 'Scaled up replica set kube-znn-5c95bd98fb to 3', 'dateevent': '2023-01-31 00:51:47+00:00', 'image': 'cmendes/znn:600k', 'replicas': 4, 'imageChanges': 1, 'replicasChanges': 11}

{'name': 'kube-znn.173f3e70f2fdbd13', 'type': 'Normal', 'message': '(combined from similar events): Scaled down replica set kube-znn-744bbbc54b to 1', 'dateevent': '2023-01-31 00:50:41+00:00', 'image': 'cmendes/znn:600k', 'replicas': 4, 'imageChanges': 1, 'replicasChanges': 11}

{'name': 'kube-znn.173f3e70f2fdbd13', 'type': 'Normal', 'message': '(combined from similar events): Scaled up replica set kube-znn-5c95bd98fb to 4', 'dateevent': '2023-01-31 00:50:41+00:00', 'image': 'cmendes/znn:600k', 'replicas': 4, 'imageChanges': 1, 'replicasChanges': 11}

{'name': 'kube-znn.173f3e81db93d6c6', 'type': 'Normal', 'message': 'Scaled down replica set kube-znn-5c95bd98fb to 2', 'dateevent': '2023-01-31 00:51:53+00:00', 'image': 'cmendes/znn:200k', 'replicas': 4, 'imageChanges': 2, 'replicasChanges': 11}

{'name': 'kube-znn.173f3e70f2fdbd13', 'type': 'Normal', 'message': '(combined from similar events): Scaled up replica set kube-znn-66c9c7d544 to 2', 'dateevent': '2023-01-31 00:50:41+00:00', 'image': 'cmendes/znn:200k', 'replicas': 4, 'imageChanges': 2, 'replicasChanges': 11}

{'name': 'kube-znn.173f3e70f2fdbd13', 'type': 'Normal', 'message': '(combined from similar events): Scaled down replica set kube-znn-744bbbc54b to 0', 'dateevent': '2023-01-31 00:50:41+00:00', 'image': 'cmendes/znn:200k', 'replicas': 4, 'imageChanges': 2, 'replicasChanges': 11}

{'name': 'kube-znn.173f3e70f2fdbd13', 'type': 'Normal', 'message': '(combined from similar events): Scaled up replica set kube-znn-66c9c7d544 to 3', 'dateevent': '2023-01-31 00:50:41+00:00', 'image': 'cmendes/znn:200k', 'replicas': 4, 'imageChanges': 2, 'replicasChanges': 11}

{'name': 'kube-znn.173f3e70f2fdbd13', 'type': 'Normal', 'message': '(combined from similar events): Scaled down replica set kube-znn-5c95bd98fb to 1', 'dateevent': '2023-01-31 00:50:41+00:00', 'image': 'cmendes/znn:200k', 'replicas': 4, 'imageChanges': 2, 'replicasChanges': 11}

{'name': 'kube-znn.173f3e70f2fdbd13', 'type': 'Normal', 'message': '(combined from similar events): Scaled up replica set kube-znn-66c9c7d544 to 4', 'dateevent': '2023-01-31 00:50:41+00:00', 'image': 'cmendes/znn:200k', 'replicas': 4, 'imageChanges': 2, 'replicasChanges': 11}

{'name': 'kube-znn.173f3e70f2fdbd13', 'type': 'Normal', 'message': '(combined from similar events): Scaled down replica set kube-znn-5c95bd98fb to 0', 'dateevent': '2023-01-31 00:50:41+00:00', 'image': 'cmendes/znn:200k', 'replicas': 4, 'imageChanges': 2, 'replicasChanges': 11}

Reading file: VersionA-Monolithic
Reading file: VersionB-MicroControllers
Reading file: VersionC-WithFailureManagerMetaController
Reading file: VersionC-ZTemp
