Reading file: automatingDataGeneration.sh
Reading file: BLong10
Reading file: BLong10_parte1.7z
Reading file: BLong10_parte2.7z
Reading file: BLong10_parte3.7z
Reading file: BShort10
Reading file: BShort10.7z
Reading file: CLong10
Reading file: CLong10.7z
Reading file: CShort10
Reading file: CShort10.7z
Reading file: Evaluation-ZNN.7z
Reading file: generateLogs140341
Reading file: generateLogs2.sh
Reading file: k6-zjtk5_tracing_20230131_141202.log
Reading file: kubow-6fc88b95c4-88gbp_tracing_20230131_141202.log

Kubow data

2023-01-31 17:12:13 : t0:addReplica

2023-01-31 17:12:18 : t0:addReplica

2023-01-31 17:12:23 : t0:addReplica

2023-01-31 17:12:28 : t0:addReplica

2023-01-31 17:12:33 : t0:addReplica

2023-01-31 17:12:38 : t0:addReplica

2023-01-31 17:12:43 : t0:addReplica

2023-01-31 17:12:48 : t0:addReplica

2023-01-31 17:12:53 : t0:addReplica

2023-01-31 17:12:58 : t1:lowerFidelity

2023-01-31 17:13:08 : t1:lowerFidelity

2023-01-31 17:13:13 : t0:activateLowScalabilityHighQuality

2023-01-31 17:13:53 : t0:addReplica

2023-01-31 17:13:58 : t0:addReplica

2023-01-31 17:14:03 : t0:addReplica

2023-01-31 17:14:08 : t0:addReplica

2023-01-31 17:14:13 : t0:addReplica

2023-01-31 17:14:18 : t0:activateLowScalabilityHighQuality

2023-01-31 17:14:23 : t0:addReplica

2023-01-31 17:14:28 : t0:addHighScalabilityHighQuality

2023-01-31 17:14:33 : t0:addHighScalabilityHighQuality

2023-01-31 17:14:38 : t0:addHighScalabilityHighQuality

2023-01-31 17:14:43 : t0:addHighScalabilityHighQuality

2023-01-31 17:14:48 : t0:addHighScalabilityHighQuality

2023-01-31 17:14:53 : t0:addHighScalabilityHighQuality

2023-01-31 17:14:58 : t0:addHighScalabilityHighQuality

2023-01-31 17:15:03 : t0:addHighScalabilityHighQuality

2023-01-31 17:15:08 : t0:addReplica

2023-01-31 17:15:13 : t0:addReplica

2023-01-31 17:15:18 : t0:addHighScalabilityHighQuality

2023-01-31 17:15:23 : t0:addReplica

2023-01-31 17:15:28 : t0:addHighScalabilityHighQuality

2023-01-31 17:15:33 : t0:addHighScalabilityHighQuality

2023-01-31 17:15:38 : t0:addHighScalabilityHighQuality

2023-01-31 17:15:43 : t0:addHighScalabilityHighQuality

2023-01-31 17:15:48 : t0:addHighScalabilityHighQuality

2023-01-31 17:15:53 : t0:addHighScalabilityHighQuality

2023-01-31 17:15:58 : t1:raiseFidelity

2023-01-31 17:16:03 : t0:removeReplica

2023-01-31 17:16:33 : t0:addReplica

2023-01-31 17:16:38 : t0:addReplica

2023-01-31 17:16:43 : t0:addReplica

2023-01-31 17:16:48 : t1:lowerFidelity

2023-01-31 17:16:53 : t1:lowerFidelity

2023-01-31 17:16:58 : t1:lowerFidelity

2023-01-31 17:17:03 : t1:lowerFidelity

2023-01-31 17:17:08 : t1:lowerFidelity

2023-01-31 17:17:13 : t1:lowerFidelity

2023-01-31 17:17:18 : t1:lowerFidelity

2023-01-31 17:17:23 : t1:lowerFidelity

2023-01-31 17:17:28 : t1:lowerFidelity

2023-01-31 17:18:03 : t1:raiseFidelity

Reading file: README.md
Reading file: summary-trace-znn.log
Reading file: temp
Reading file: temp2701
Reading file: temp3101
Reading file: test
Reading file: tools
Reading file: traceznn_20230131_141202.log

Trace znn data

{'name': 'kube-znn-db.173f73c6d805eccf', 'type': 'Normal', 'message': 'Scaled up replica set kube-znn-db-6cc48797cf to 1', 'dateevent': '2023-01-31 17:08:04+00:00', 'image': 'cmendes/znn:800k', 'replicas': 1, 'imageChanges': 0, 'replicasChanges': 1}

{'name': 'kube-znn.173f73c6d73d2d4c', 'type': 'Normal', 'message': 'Scaled up replica set kube-znn-68bd9d6b5b to 1', 'dateevent': '2023-01-31 17:08:04+00:00', 'image': 'cmendes/znn:800k', 'replicas': 1, 'imageChanges': 0, 'replicasChanges': 1}

{'name': 'kube-znn.173f740151ad09a6', 'type': 'Normal', 'message': 'Scaled up replica set kube-znn-68bd9d6b5b to 2', 'dateevent': '2023-01-31 17:12:15+00:00', 'image': 'cmendes/znn:800k', 'replicas': 2, 'imageChanges': 0, 'replicasChanges': 2}

{'name': 'kube-znn.173f74022786a3a5', 'type': 'Normal', 'message': 'Scaled up replica set kube-znn-68bd9d6b5b to 3', 'dateevent': '2023-01-31 17:12:19+00:00', 'image': 'cmendes/znn:800k', 'replicas': 3, 'imageChanges': 0, 'replicasChanges': 3}

{'name': 'kube-znn.173f740350b81b7e', 'type': 'Normal', 'message': 'Scaled up replica set kube-znn-68bd9d6b5b to 4', 'dateevent': '2023-01-31 17:12:23+00:00', 'image': 'cmendes/znn:800k', 'replicas': 4, 'imageChanges': 0, 'replicasChanges': 4}

{'name': 'kube-znn.173f740476eae203', 'type': 'Normal', 'message': 'Scaled up replica set kube-znn-68bd9d6b5b to 5', 'dateevent': '2023-01-31 17:12:28+00:00', 'image': 'cmendes/znn:800k', 'replicas': 5, 'imageChanges': 0, 'replicasChanges': 5}

{'name': 'kube-znn.173f7405a00ac5f3', 'type': 'Normal', 'message': 'Scaled up replica set kube-znn-68bd9d6b5b to 6', 'dateevent': '2023-01-31 17:12:33+00:00', 'image': 'cmendes/znn:800k', 'replicas': 6, 'imageChanges': 0, 'replicasChanges': 6}

{'name': 'kube-znn.173f7406cbefa5f2', 'type': 'Normal', 'message': 'Scaled up replica set kube-znn-68bd9d6b5b to 7', 'dateevent': '2023-01-31 17:12:38+00:00', 'image': 'cmendes/znn:800k', 'replicas': 7, 'imageChanges': 0, 'replicasChanges': 7}

{'name': 'kube-znn.173f7407f5b42fce', 'type': 'Normal', 'message': 'Scaled up replica set kube-znn-68bd9d6b5b to 8', 'dateevent': '2023-01-31 17:12:43+00:00', 'image': 'cmendes/znn:800k', 'replicas': 8, 'imageChanges': 0, 'replicasChanges': 8}

{'name': 'kube-znn.173f74091f6c6f9f', 'type': 'Normal', 'message': 'Scaled up replica set kube-znn-68bd9d6b5b to 9', 'dateevent': '2023-01-31 17:12:48+00:00', 'image': 'cmendes/znn:800k', 'replicas': 9, 'imageChanges': 0, 'replicasChanges': 9}

{'name': 'kube-znn.173f740a499cfc1d', 'type': 'Normal', 'message': '(combined from similar events): Scaled up replica set kube-znn-68bd9d6b5b to 10', 'dateevent': '2023-01-31 17:12:53+00:00', 'image': 'cmendes/znn:800k', 'replicas': 10, 'imageChanges': 0, 'replicasChanges': 10}

{'name': 'kube-znn.173f740a499cfc1d', 'type': 'Normal', 'message': '(combined from similar events): Scaled up replica set kube-znn-7cbbf89f8 to 3', 'dateevent': '2023-01-31 17:12:53+00:00', 'image': 'cmendes/znn:600k', 'replicas': 10, 'imageChanges': 1, 'replicasChanges': 10}

{'name': 'kube-znn.173f740a499cfc1d', 'type': 'Normal', 'message': '(combined from similar events): Scaled down replica set kube-znn-68bd9d6b5b to 9', 'dateevent': '2023-01-31 17:12:53+00:00', 'image': 'cmendes/znn:600k', 'replicas': 10, 'imageChanges': 1, 'replicasChanges': 10}

{'name': 'kube-znn.173f740a499cfc1d', 'type': 'Normal', 'message': '(combined from similar events): Scaled down replica set kube-znn-68bd9d6b5b to 8', 'dateevent': '2023-01-31 17:12:53+00:00', 'image': 'cmendes/znn:600k', 'replicas': 10, 'imageChanges': 1, 'replicasChanges': 10}

{'name': 'kube-znn.173f740a499cfc1d', 'type': 'Normal', 'message': '(combined from similar events): Scaled up replica set kube-znn-7cbbf89f8 to 5', 'dateevent': '2023-01-31 17:12:53+00:00', 'image': 'cmendes/znn:600k', 'replicas': 10, 'imageChanges': 1, 'replicasChanges': 10}

{'name': 'kube-znn.173f740a499cfc1d', 'type': 'Normal', 'message': '(combined from similar events): Scaled down replica set kube-znn-7cbbf89f8 to 0', 'dateevent': '2023-01-31 17:12:53+00:00', 'image': 'cmendes/znn:400k', 'replicas': 10, 'imageChanges': 2, 'replicasChanges': 10}

{'name': 'kube-znn.173f740a499cfc1d', 'type': 'Normal', 'message': '(combined from similar events): Scaled up replica set kube-znn-68dbbf8bbd to 5', 'dateevent': '2023-01-31 17:12:53+00:00', 'image': 'cmendes/znn:400k', 'replicas': 10, 'imageChanges': 2, 'replicasChanges': 10}

{'name': 'kube-znn.173f740a499cfc1d', 'type': 'Normal', 'message': '(combined from similar events): Scaled down replica set kube-znn-68bd9d6b5b to 4', 'dateevent': '2023-01-31 17:12:53+00:00', 'image': 'cmendes/znn:400k', 'replicas': 5, 'imageChanges': 2, 'replicasChanges': 11}

{'name': 'kube-znn.173f740a499cfc1d', 'type': 'Normal', 'message': '(combined from similar events): Scaled down replica set kube-znn-68dbbf8bbd to 3', 'dateevent': '2023-01-31 17:12:53+00:00', 'image': 'cmendes/znn:400k', 'replicas': 5, 'imageChanges': 2, 'replicasChanges': 11}

{'name': 'kube-znn.173f740a499cfc1d', 'type': 'Normal', 'message': '(combined from similar events): Scaled down replica set kube-znn-68bd9d6b5b to 3', 'dateevent': '2023-01-31 17:12:53+00:00', 'image': 'cmendes/znn:400k', 'replicas': 5, 'imageChanges': 2, 'replicasChanges': 11}

{'name': 'kube-znn.173f740a499cfc1d', 'type': 'Normal', 'message': '(combined from similar events): Scaled up replica set kube-znn-68dbbf8bbd to 4', 'dateevent': '2023-01-31 17:12:53+00:00', 'image': 'cmendes/znn:400k', 'replicas': 5, 'imageChanges': 2, 'replicasChanges': 11}

{'name': 'kube-znn.173f740a499cfc1d', 'type': 'Normal', 'message': '(combined from similar events): Scaled down replica set kube-znn-68bd9d6b5b to 2', 'dateevent': '2023-01-31 17:12:53+00:00', 'image': 'cmendes/znn:400k', 'replicas': 5, 'imageChanges': 2, 'replicasChanges': 11}

{'name': 'kube-znn.173f740a499cfc1d', 'type': 'Normal', 'message': '(combined from similar events): Scaled up replica set kube-znn-68dbbf8bbd to 5', 'dateevent': '2023-01-31 17:12:53+00:00', 'image': 'cmendes/znn:400k', 'replicas': 5, 'imageChanges': 2, 'replicasChanges': 11}

{'name': 'kube-znn.173f740a499cfc1d', 'type': 'Normal', 'message': '(combined from similar events): Scaled down replica set kube-znn-68bd9d6b5b to 1', 'dateevent': '2023-01-31 17:12:53+00:00', 'image': 'cmendes/znn:400k', 'replicas': 5, 'imageChanges': 2, 'replicasChanges': 11}

{'name': 'kube-znn.173f740a499cfc1d', 'type': 'Normal', 'message': '(combined from similar events): Scaled down replica set kube-znn-68bd9d6b5b to 0', 'dateevent': '2023-01-31 17:12:53+00:00', 'image': 'cmendes/znn:400k', 'replicas': 5, 'imageChanges': 2, 'replicasChanges': 11}

{'name': 'kube-znn.173f740a499cfc1d', 'type': 'Normal', 'message': '(combined from similar events): Scaled up replica set kube-znn-7cbbf89f8 to 2', 'dateevent': '2023-01-31 17:12:53+00:00', 'image': 'cmendes/znn:600k', 'replicas': 5, 'imageChanges': 3, 'replicasChanges': 11}

{'name': 'kube-znn.173f740a499cfc1d', 'type': 'Normal', 'message': '(combined from similar events): Scaled down replica set kube-znn-68dbbf8bbd to 4', 'dateevent': '2023-01-31 17:12:53+00:00', 'image': 'cmendes/znn:400k', 'replicas': 5, 'imageChanges': 4, 'replicasChanges': 11}

Reading file: VersionA-Monolithic
Reading file: VersionB-MicroControllers
Reading file: VersionC-WithFailureManagerMetaController
Reading file: VersionC-ZTemp
