Reading file: automatingDataGeneration.sh
Reading file: BLong10
Reading file: BLong10_parte1.7z
Reading file: BLong10_parte2.7z
Reading file: BLong10_parte3.7z
Reading file: CLong10
Reading file: CLong10.7z
Reading file: CShort10
Reading file: CShort10.7z
Reading file: Evaluation-ZNN.7z
Reading file: fidelitya-5b8dd7f8c7-j6vxk_tracing_20230130_192005.log

fidelitya data

2023-01-30 22:20:57 : t0:lowerFidelity

Reading file: generateLogs120703
Reading file: generateLogs122741
Reading file: generateLogs124617
Reading file: generateLogs130307
Reading file: generateLogs131938
Reading file: generateLogs133541
Reading file: generateLogs135143
Reading file: generateLogs154208
Reading file: generateLogs160135
Reading file: generateLogs161929
Reading file: generateLogs163848
Reading file: generateLogs165709
Reading file: generateLogs171309
Reading file: generateLogs173945
Reading file: generateLogs180757
Reading file: generateLogs182726
Reading file: generateLogs185422
Reading file: generateLogs2.sh
Reading file: k6-b974z_tracing_20230130_192005.log
Reading file: README.md
Reading file: scalabilitya-858689ddbc-thwf9_tracing_20230130_192005.log

scalabilitya data

2023-01-30 22:20:14 : t0:addReplica

2023-01-30 22:20:19 : t0:addReplica

2023-01-30 22:20:24 : t0:addReplica

2023-01-30 22:20:29 : t0:addReplica

2023-01-30 22:20:34 : t0:addReplica

2023-01-30 22:20:39 : t0:addReplica

2023-01-30 22:20:44 : t0:addReplica

2023-01-30 22:20:49 : t0:addReplica

2023-01-30 22:20:54 : t0:addReplica

2023-01-30 22:20:59 : t0:removeLowScalability

2023-01-30 22:21:04 : t0:addLowScalability

2023-01-30 22:21:09 : t0:addLowScalability

2023-01-30 22:21:14 : t0:addLowScalability

2023-01-30 22:21:19 : t0:addLowScalability

2023-01-30 22:21:24 : t0:addLowScalability

2023-01-30 22:21:29 : t0:addLowScalability

2023-01-30 22:21:34 : t0:addLowScalability

2023-01-30 22:21:39 : t0:addLowScalability

2023-01-30 22:21:44 : t0:addLowScalability

2023-01-30 22:21:49 : t0:addLowScalability

2023-01-30 22:21:54 : t0:addLowScalability

2023-01-30 22:21:59 : t0:addLowScalability

2023-01-30 22:22:04 : t0:removeLowScalability

2023-01-30 22:22:09 : t0:removeLowScalability

2023-01-30 22:22:14 : t0:addLowScalability

2023-01-30 22:22:19 : t0:addLowScalability

2023-01-30 22:22:24 : t0:addLowScalability

2023-01-30 22:22:29 : t0:addLowScalability

2023-01-30 22:22:34 : t0:addLowScalability

2023-01-30 22:22:39 : t0:removeReplica

Reading file: scalabilityb-66d698fc76-fp252_tracing_20230130_192005.log

scalabilityb data

2023-01-30 22:24:01 : t0:removeReplica

Reading file: summary-trace-znn.log
Reading file: temp
Reading file: temp2701
Reading file: test
Reading file: tools
Reading file: traceznn_20230130_192005.log

Trace znn data

{'name': 'kube-znn-db.173f35151850be21', 'type': 'Normal', 'message': 'Scaled up replica set kube-znn-db-558bb5dd64 to 1', 'dateevent': '2023-01-30 21:59:11+00:00', 'image': 'cmendes/znn:800k', 'replicas': 1, 'imageChanges': 0, 'replicasChanges': 1}

{'name': 'kube-znn.173f35151655c852', 'type': 'Normal', 'message': 'Scaled up replica set kube-znn-744bbbc54b to 1', 'dateevent': '2023-01-30 21:59:11+00:00', 'image': 'cmendes/znn:800k', 'replicas': 1, 'imageChanges': 0, 'replicasChanges': 1}

{'name': 'kube-znn.173f363b80a88bd2', 'type': 'Normal', 'message': 'Scaled up replica set kube-znn-744bbbc54b to 2', 'dateevent': '2023-01-30 22:20:15+00:00', 'image': 'cmendes/znn:800k', 'replicas': 2, 'imageChanges': 0, 'replicasChanges': 2}

{'name': 'kube-znn.173f363c602a34e9', 'type': 'Normal', 'message': 'Scaled up replica set kube-znn-744bbbc54b to 3', 'dateevent': '2023-01-30 22:20:19+00:00', 'image': 'cmendes/znn:800k', 'replicas': 3, 'imageChanges': 0, 'replicasChanges': 3}

{'name': 'kube-znn.173f363d878db358', 'type': 'Normal', 'message': 'Scaled up replica set kube-znn-744bbbc54b to 4', 'dateevent': '2023-01-30 22:20:24+00:00', 'image': 'cmendes/znn:800k', 'replicas': 4, 'imageChanges': 0, 'replicasChanges': 4}

{'name': 'kube-znn.173f363eb6cb5a58', 'type': 'Normal', 'message': 'Scaled up replica set kube-znn-744bbbc54b to 5', 'dateevent': '2023-01-30 22:20:29+00:00', 'image': 'cmendes/znn:800k', 'replicas': 5, 'imageChanges': 0, 'replicasChanges': 5}

{'name': 'kube-znn.173f363fdbeb0440', 'type': 'Normal', 'message': 'Scaled up replica set kube-znn-744bbbc54b to 6', 'dateevent': '2023-01-30 22:20:34+00:00', 'image': 'cmendes/znn:800k', 'replicas': 6, 'imageChanges': 0, 'replicasChanges': 6}

{'name': 'kube-znn.173f364104ff25fc', 'type': 'Normal', 'message': 'Scaled up replica set kube-znn-744bbbc54b to 7', 'dateevent': '2023-01-30 22:20:39+00:00', 'image': 'cmendes/znn:800k', 'replicas': 7, 'imageChanges': 0, 'replicasChanges': 7}

{'name': 'kube-znn.173f364230c5ef9a', 'type': 'Normal', 'message': 'Scaled up replica set kube-znn-744bbbc54b to 8', 'dateevent': '2023-01-30 22:20:44+00:00', 'image': 'cmendes/znn:800k', 'replicas': 8, 'imageChanges': 0, 'replicasChanges': 8}

{'name': 'kube-znn.173f36435ee3e07f', 'type': 'Normal', 'message': 'Scaled up replica set kube-znn-744bbbc54b to 9', 'dateevent': '2023-01-30 22:20:49+00:00', 'image': 'cmendes/znn:800k', 'replicas': 9, 'imageChanges': 0, 'replicasChanges': 9}

{'name': 'kube-znn.173f36448145377d', 'type': 'Normal', 'message': 'Scaled up replica set kube-znn-744bbbc54b to 10', 'dateevent': '2023-01-30 22:20:54+00:00', 'image': 'cmendes/znn:800k', 'replicas': 10, 'imageChanges': 0, 'replicasChanges': 10}

{'name': 'kube-znn.173f3645a7edf913', 'type': 'Normal', 'message': '(combined from similar events): Scaled up replica set kube-znn-5c95bd98fb to 3', 'dateevent': '2023-01-30 22:20:59+00:00', 'image': 'cmendes/znn:600k', 'replicas': 10, 'imageChanges': 1, 'replicasChanges': 10}

{'name': 'kube-znn.173f3645a7edf913', 'type': 'Normal', 'message': '(combined from similar events): Scaled down replica set kube-znn-744bbbc54b to 8', 'dateevent': '2023-01-30 22:20:59+00:00', 'image': 'cmendes/znn:600k', 'replicas': 10, 'imageChanges': 1, 'replicasChanges': 10}

{'name': 'kube-znn.173f3645a7edf913', 'type': 'Normal', 'message': '(combined from similar events): Scaled up replica set kube-znn-5c95bd98fb to 5', 'dateevent': '2023-01-30 22:20:59+00:00', 'image': 'cmendes/znn:600k', 'replicas': 10, 'imageChanges': 1, 'replicasChanges': 10}

{'name': 'kube-znn.173f3645a7edf913', 'type': 'Normal', 'message': '(combined from similar events): Scaled up replica set kube-znn-744bbbc54b to 9', 'dateevent': '2023-01-30 22:20:59+00:00', 'image': 'cmendes/znn:600k', 'replicas': 12, 'imageChanges': 1, 'replicasChanges': 11}

{'name': 'kube-znn.173f3645a7edf913', 'type': 'Normal', 'message': '(combined from similar events): Scaled up replica set kube-znn-5c95bd98fb to 6', 'dateevent': '2023-01-30 22:20:59+00:00', 'image': 'cmendes/znn:600k', 'replicas': 12, 'imageChanges': 1, 'replicasChanges': 11}

{'name': 'kube-znn.173f3645a7edf913', 'type': 'Normal', 'message': '(combined from similar events): Scaled down replica set kube-znn-744bbbc54b to 5', 'dateevent': '2023-01-30 22:20:59+00:00', 'image': 'cmendes/znn:600k', 'replicas': 6, 'imageChanges': 1, 'replicasChanges': 12}

{'name': 'kube-znn.173f3645a7edf913', 'type': 'Normal', 'message': '(combined from similar events): Scaled down replica set kube-znn-5c95bd98fb to 3', 'dateevent': '2023-01-30 22:20:59+00:00', 'image': 'cmendes/znn:600k', 'replicas': 6, 'imageChanges': 1, 'replicasChanges': 12}

Reading file: VersionA-Monolithic
Reading file: VersionB-MicroControllers
Reading file: VersionC-WithFailureManagerMetaController
Reading file: VersionC-ZTemp
