Reading file: automatingDataGeneration.sh
Reading file: Evaluation-ZNN.7z
Reading file: fidelitya-778c6c6b8b-zb86q_tracing_20230128_091309.log

fidelitya data

2023-01-28 12:17:55 : t0:raiseFidelity

2023-01-28 12:18:00 : t0:raiseFidelity

2023-01-28 12:18:30 : t0:raiseFidelity

2023-01-28 12:18:35 : t0:raiseFidelity

2023-01-28 12:18:40 : t0:raiseFidelity

2023-01-28 12:18:45 : t0:raiseFidelity

2023-01-28 12:18:50 : t0:raiseFidelity

2023-01-28 12:18:55 : t0:raiseFidelity

2023-01-28 12:19:00 : t0:raiseFidelity

2023-01-28 12:19:05 : t0:raiseFidelity

2023-01-28 12:19:10 : t0:raiseFidelity

2023-01-28 12:19:15 : t0:raiseFidelity

2023-01-28 12:19:20 : t0:raiseFidelity

2023-01-28 12:19:25 : t0:raiseFidelity

Reading file: generateLogs010303
Reading file: generateLogs011848
Reading file: generateLogs013516
Reading file: generateLogs015211
Reading file: generateLogs021333
Reading file: generateLogs022946
Reading file: generateLogs034502
Reading file: generateLogs040003
Reading file: generateLogs041638
Reading file: generateLogs043804
Reading file: generateLogs045333
Reading file: generateLogs051434
Reading file: generateLogs054504
Reading file: generateLogs062405
Reading file: generateLogs064819
Reading file: generateLogs072114
Reading file: generateLogs075652
Reading file: generateLogs081937
Reading file: generateLogs085225
Reading file: generateLogs171220
Reading file: generateLogs172658
Reading file: generateLogs174232
Reading file: generateLogs175703
Reading file: generateLogs181216
Reading file: generateLogs182733
Reading file: generateLogs184131
Reading file: generateLogs185550
Reading file: generateLogs190935
Reading file: generateLogs193004
Reading file: generateLogs194516
Reading file: generateLogs2.sh
Reading file: generateLogs200355
Reading file: generateLogs202827
Reading file: generateLogs205357
Reading file: generateLogs211928
Reading file: generateLogs214056
Reading file: generateLogs221057
Reading file: generateLogs224228
Reading file: generateLogs230828
Reading file: generateLogs233838
Reading file: generateLogs235802
Reading file: k6-lf4mr_tracing_20230128_091309.log
Reading file: metacontroller-kubow-8479d7588d-7bkzh_tracing_20230128_091309.log

MetaController data

2023-01-28 12:14:55 : t0:activateLowScalabilityHighQuality

2023-01-28 12:15:10 : t0:addLowScalabilityLowQuality

2023-01-28 12:16:35 : t0:addHighScalabilityHighQuality

Reading file: README.md
Reading file: scalabilitya-78d6cbbc7d-xnpk5_tracing_20230128_091309.log

scalabilitya data

2023-01-28 12:17:08 : t0:addReplica

2023-01-28 12:17:18 : t0:addReplica

2023-01-28 12:17:23 : t0:addReplica

2023-01-28 12:17:58 : t0:removeReplica

Reading file: summary-trace-znn.log
Reading file: temp
Reading file: temp2701
Reading file: test
Reading file: tools
Reading file: traceznn_20230128_091309.log

Trace znn data

{'name': 'kube-znn-db.173e7707005ba936', 'type': 'Normal', 'message': 'Scaled up replica set kube-znn-db-6cc48797cf to 1', 'dateevent': '2023-01-28 11:56:23+00:00', 'image': 'cmendes/znn:800k', 'replicas': 1, 'imageChanges': 0, 'replicasChanges': 1}

{'name': 'kube-znn.173e7706ff208547', 'type': 'Normal', 'message': 'Scaled up replica set kube-znn-68bd9d6b5b to 1', 'dateevent': '2023-01-28 11:56:23+00:00', 'image': 'cmendes/znn:800k', 'replicas': 1, 'imageChanges': 0, 'replicasChanges': 1}

{'name': 'kube-znn.173e77f257199b8c', 'type': 'Normal', 'message': 'Scaled up replica set kube-znn-68bd9d6b5b to 2', 'dateevent': '2023-01-28 12:13:14+00:00', 'image': 'cmendes/znn:800k', 'replicas': 2, 'imageChanges': 0, 'replicasChanges': 2}

{'name': 'kube-znn.173e77f34032647b', 'type': 'Normal', 'message': 'Scaled up replica set kube-znn-68bd9d6b5b to 3', 'dateevent': '2023-01-28 12:13:18+00:00', 'image': 'cmendes/znn:800k', 'replicas': 3, 'imageChanges': 0, 'replicasChanges': 3}

{'name': 'kube-znn.173e77f46abf8eb8', 'type': 'Normal', 'message': 'Scaled up replica set kube-znn-68bd9d6b5b to 4', 'dateevent': '2023-01-28 12:13:23+00:00', 'image': 'cmendes/znn:800k', 'replicas': 4, 'imageChanges': 0, 'replicasChanges': 4}

{'name': 'kube-znn.173e77f593da9277', 'type': 'Normal', 'message': 'Scaled up replica set kube-znn-68bd9d6b5b to 5', 'dateevent': '2023-01-28 12:13:28+00:00', 'image': 'cmendes/znn:800k', 'replicas': 5, 'imageChanges': 0, 'replicasChanges': 5}

{'name': 'kube-znn.173e77f6bd8c5ab1', 'type': 'Normal', 'message': 'Scaled up replica set kube-znn-68bd9d6b5b to 6', 'dateevent': '2023-01-28 12:13:33+00:00', 'image': 'cmendes/znn:800k', 'replicas': 6, 'imageChanges': 0, 'replicasChanges': 6}

{'name': 'kube-znn.173e77f7e7317ab9', 'type': 'Normal', 'message': 'Scaled up replica set kube-znn-68bd9d6b5b to 7', 'dateevent': '2023-01-28 12:13:38+00:00', 'image': 'cmendes/znn:800k', 'replicas': 7, 'imageChanges': 0, 'replicasChanges': 7}

{'name': 'kube-znn.173e77fdb9784b41', 'type': 'Normal', 'message': 'Scaled up replica set kube-znn-68bd9d6b5b to 8', 'dateevent': '2023-01-28 12:14:03+00:00', 'image': 'cmendes/znn:800k', 'replicas': 8, 'imageChanges': 0, 'replicasChanges': 8}

{'name': 'kube-znn.173e78070d03b7b6', 'type': 'Normal', 'message': 'Scaled up replica set kube-znn-68bd9d6b5b to 9', 'dateevent': '2023-01-28 12:14:43+00:00', 'image': 'cmendes/znn:800k', 'replicas': 9, 'imageChanges': 0, 'replicasChanges': 9}

{'name': 'kube-znn.173e78095d1c543b', 'type': 'Normal', 'message': 'Scaled up replica set kube-znn-68bd9d6b5b to 10', 'dateevent': '2023-01-28 12:14:53+00:00', 'image': 'cmendes/znn:800k', 'replicas': 10, 'imageChanges': 0, 'replicasChanges': 10}

{'name': 'kube-znn.173e780aca3810cf', 'type': 'Normal', 'message': '(combined from similar events): Scaled up replica set kube-znn-7cbbf89f8 to 3', 'dateevent': '2023-01-28 12:14:59+00:00', 'image': 'cmendes/znn:600k', 'replicas': 10, 'imageChanges': 1, 'replicasChanges': 10}

{'name': 'kube-znn.173e780aca3810cf', 'type': 'Normal', 'message': '(combined from similar events): Scaled down replica set kube-znn-68bd9d6b5b to 8', 'dateevent': '2023-01-28 12:14:59+00:00', 'image': 'cmendes/znn:600k', 'replicas': 10, 'imageChanges': 1, 'replicasChanges': 10}

{'name': 'kube-znn.173e780aca3810cf', 'type': 'Normal', 'message': '(combined from similar events): Scaled up replica set kube-znn-7cbbf89f8 to 5', 'dateevent': '2023-01-28 12:14:59+00:00', 'image': 'cmendes/znn:600k', 'replicas': 10, 'imageChanges': 1, 'replicasChanges': 10}

{'name': 'kube-znn.173e780aca3810cf', 'type': 'Normal', 'message': '(combined from similar events): Scaled down replica set kube-znn-68bd9d6b5b to 3', 'dateevent': '2023-01-28 12:14:59+00:00', 'image': 'cmendes/znn:600k', 'replicas': 4, 'imageChanges': 1, 'replicasChanges': 11}

{'name': 'kube-znn.173e780aca3810cf', 'type': 'Normal', 'message': '(combined from similar events): Scaled down replica set kube-znn-7cbbf89f8 to 2', 'dateevent': '2023-01-28 12:14:59+00:00', 'image': 'cmendes/znn:600k', 'replicas': 4, 'imageChanges': 1, 'replicasChanges': 11}

{'name': 'kube-znn.173e780aca3810cf', 'type': 'Normal', 'message': '(combined from similar events): Scaled down replica set kube-znn-68bd9d6b5b to 2', 'dateevent': '2023-01-28 12:14:59+00:00', 'image': 'cmendes/znn:600k', 'replicas': 4, 'imageChanges': 1, 'replicasChanges': 11}

{'name': 'kube-znn.173e7812e764863b', 'type': 'Normal', 'message': 'Scaled up replica set kube-znn-7cbbf89f8 to 3', 'dateevent': '2023-01-28 12:15:34+00:00', 'image': 'cmendes/znn:600k', 'replicas': 4, 'imageChanges': 1, 'replicasChanges': 11}

{'name': 'kube-znn.173e780aca3810cf', 'type': 'Normal', 'message': '(combined from similar events): Scaled down replica set kube-znn-68bd9d6b5b to 1', 'dateevent': '2023-01-28 12:14:59+00:00', 'image': 'cmendes/znn:600k', 'replicas': 4, 'imageChanges': 1, 'replicasChanges': 11}

{'name': 'kube-znn.173e780aca3810cf', 'type': 'Normal', 'message': '(combined from similar events): Scaled up replica set kube-znn-7cbbf89f8 to 4', 'dateevent': '2023-01-28 12:14:59+00:00', 'image': 'cmendes/znn:600k', 'replicas': 4, 'imageChanges': 1, 'replicasChanges': 11}

{'name': 'kube-znn.173e780aca3810cf', 'type': 'Normal', 'message': '(combined from similar events): Scaled down replica set kube-znn-68bd9d6b5b to 0', 'dateevent': '2023-01-28 12:14:59+00:00', 'image': 'cmendes/znn:600k', 'replicas': 4, 'imageChanges': 1, 'replicasChanges': 11}

{'name': 'kube-znn.173e78294f1f6c7d', 'type': 'Normal', 'message': 'Scaled up replica set kube-znn-7cbbf89f8 to 5', 'dateevent': '2023-01-28 12:17:10+00:00', 'image': 'cmendes/znn:600k', 'replicas': 5, 'imageChanges': 1, 'replicasChanges': 12}

{'name': 'kube-znn.173e780aca3810cf', 'type': 'Normal', 'message': '(combined from similar events): Scaled up replica set kube-znn-7cbbf89f8 to 6', 'dateevent': '2023-01-28 12:14:59+00:00', 'image': 'cmendes/znn:600k', 'replicas': 6, 'imageChanges': 1, 'replicasChanges': 13}

{'name': 'kube-znn.173e780aca3810cf', 'type': 'Normal', 'message': '(combined from similar events): Scaled up replica set kube-znn-7cbbf89f8 to 7', 'dateevent': '2023-01-28 12:14:59+00:00', 'image': 'cmendes/znn:600k', 'replicas': 7, 'imageChanges': 1, 'replicasChanges': 14}

{'name': 'kube-znn.173e780aca3810cf', 'type': 'Normal', 'message': '(combined from similar events): Scaled up replica set kube-znn-68bd9d6b5b to 2', 'dateevent': '2023-01-28 12:14:59+00:00', 'image': 'cmendes/znn:800k', 'replicas': 7, 'imageChanges': 2, 'replicasChanges': 14}

{'name': 'kube-znn.173e780aca3810cf', 'type': 'Normal', 'message': '(combined from similar events): Scaled down replica set kube-znn-7cbbf89f8 to 6', 'dateevent': '2023-01-28 12:14:59+00:00', 'image': 'cmendes/znn:800k', 'replicas': 7, 'imageChanges': 2, 'replicasChanges': 14}

{'name': 'kube-znn.173e780aca3810cf', 'type': 'Normal', 'message': '(combined from similar events): Scaled up replica set kube-znn-68bd9d6b5b to 3', 'dateevent': '2023-01-28 12:14:59+00:00', 'image': 'cmendes/znn:800k', 'replicas': 7, 'imageChanges': 2, 'replicasChanges': 14}

Reading file: VersionA-Monolithic
Reading file: VersionB-MicroControllers
Reading file: VersionC-WithFailureManagerMetaController
Reading file: VersionC-ZTemp
