Reading file: automatingDataGeneration.sh
Reading file: CLong10
Reading file: CLong10.7z
Reading file: coredns-5644d7b6d9-l2fk6_tracing_20230128_185308.log
Reading file: Evaluation-ZNN.7z
Reading file: fidelitya-778c6c6b8b-mfd46_tracing_20230128_185308.log

fidelitya data

2023-01-28 21:56:39 : t0:raiseFidelity

2023-01-28 21:56:44 : t0:raiseFidelity

2023-01-28 21:57:14 : t0:raiseFidelity

2023-01-28 21:57:19 : t0:raiseFidelity

2023-01-28 21:57:54 : t0:raiseFidelity

2023-01-28 21:57:59 : t0:raiseFidelity

2023-01-28 21:58:29 : t0:raiseFidelity

2023-01-28 21:58:34 : t0:raiseFidelity

2023-01-28 21:58:39 : t0:raiseFidelity

2023-01-28 21:58:44 : t0:raiseFidelity

2023-01-28 21:58:49 : t0:raiseFidelity

2023-01-28 21:58:54 : t0:raiseFidelity

2023-01-28 21:58:59 : t0:raiseFidelity

2023-01-28 21:59:04 : t0:raiseFidelity

2023-01-28 21:59:09 : t0:raiseFidelity

2023-01-28 21:59:14 : t0:raiseFidelity

2023-01-28 21:59:19 : t0:raiseFidelity

2023-01-28 21:59:24 : t0:raiseFidelity

2023-01-28 21:59:29 : t0:raiseFidelity

2023-01-28 21:59:34 : t0:raiseFidelity

2023-01-28 21:59:39 : t0:raiseFidelity

2023-01-28 21:59:44 : t0:raiseFidelity

2023-01-28 21:59:49 : t0:raiseFidelity

2023-01-28 21:59:54 : t0:raiseFidelity

2023-01-28 21:59:59 : t0:raiseFidelity

2023-01-28 22:00:04 : t0:raiseFidelity

2023-01-28 22:00:09 : t0:raiseFidelity

2023-01-28 22:00:14 : t0:raiseFidelity

2023-01-28 22:00:19 : t0:raiseFidelity

2023-01-28 22:00:24 : t0:raiseFidelity

2023-01-28 22:00:29 : t0:raiseFidelity

2023-01-28 22:00:34 : t0:raiseFidelity

2023-01-28 22:00:39 : t0:raiseFidelity

2023-01-28 22:00:44 : t0:raiseFidelity

2023-01-28 22:00:49 : t0:raiseFidelity

2023-01-28 22:00:54 : t0:raiseFidelity

2023-01-28 22:00:59 : t0:raiseFidelity

2023-01-28 22:01:04 : t0:raiseFidelity

2023-01-28 22:01:09 : t0:raiseFidelity

2023-01-28 22:01:14 : t0:raiseFidelity

2023-01-28 22:01:19 : t0:raiseFidelity

2023-01-28 22:01:24 : t0:raiseFidelity

2023-01-28 22:01:29 : t0:raiseFidelity

2023-01-28 22:01:34 : t0:raiseFidelity

2023-01-28 22:01:39 : t0:raiseFidelity

2023-01-28 22:01:44 : t0:raiseFidelity

2023-01-28 22:01:49 : t0:raiseFidelity

2023-01-28 22:01:54 : t0:raiseFidelity

2023-01-28 22:01:59 : t0:raiseFidelity

2023-01-28 22:02:04 : t0:raiseFidelity

2023-01-28 22:02:09 : t0:raiseFidelity

2023-01-28 22:02:14 : t0:raiseFidelity

2023-01-28 22:02:19 : t0:raiseFidelity

2023-01-28 22:02:24 : t0:raiseFidelity

2023-01-28 22:02:29 : t0:raiseFidelity

2023-01-28 22:02:34 : t0:raiseFidelity

2023-01-28 22:02:39 : t0:raiseFidelity

2023-01-28 22:02:44 : t0:raiseFidelity

2023-01-28 22:02:49 : t0:raiseFidelity

2023-01-28 22:02:54 : t0:raiseFidelity

2023-01-28 22:02:59 : t0:raiseFidelity

2023-01-28 22:03:04 : t0:raiseFidelity

2023-01-28 22:03:09 : t0:raiseFidelity

2023-01-28 22:03:14 : t0:raiseFidelity

2023-01-28 22:03:19 : t0:raiseFidelity

2023-01-28 22:03:24 : t0:raiseFidelity

2023-01-28 22:03:29 : t0:raiseFidelity

2023-01-28 22:03:34 : t0:raiseFidelity

2023-01-28 22:03:39 : t0:raiseFidelity

2023-01-28 22:03:44 : t0:raiseFidelity

2023-01-28 22:03:49 : t0:raiseFidelity

2023-01-28 22:03:54 : t0:raiseFidelity

Reading file: generateLogs121929
Reading file: generateLogs124558
Reading file: generateLogs131507
Reading file: generateLogs134342
Reading file: generateLogs140938
Reading file: generateLogs144032
Reading file: generateLogs150618
Reading file: generateLogs153301
Reading file: generateLogs155714
Reading file: generateLogs162553
Reading file: generateLogs164354
Reading file: generateLogs171441
Reading file: generateLogs174448
Reading file: generateLogs181031
Reading file: generateLogs184508
Reading file: generateLogs2.sh
Reading file: k6-797j6_tracing_20230128_185308.log
Reading file: metacontroller-kubow-8479d7588d-z9tph_tracing_20230128_185308.log

MetaController data

2023-01-28 21:54:06 : t0:activateLowScalabilityHighQuality

2023-01-28 21:54:16 : t0:addLowScalabilityLowQuality

2023-01-28 21:56:11 : t0:addHighScalabilityHighQuality

Reading file: README.md
Reading file: scalabilitya-78d6cbbc7d-n9j2h_tracing_20230128_185308.log

scalabilitya data

2023-01-28 21:56:34 : t0:removeReplica

2023-01-28 21:57:14 : t0:removeReplica

2023-01-28 21:57:19 : t0:removeReplica

2023-01-28 21:57:54 : t0:removeReplica

Reading file: summary-trace-znn.log
Reading file: temp
Reading file: temp2701
Reading file: test
Reading file: tools
Reading file: traceznn_20230128_185308.log

Trace znn data

{'name': 'kube-znn-db.173e9762cffc3f92', 'type': 'Normal', 'message': 'Scaled up replica set kube-znn-db-6cc48797cf to 1', 'dateevent': '2023-01-28 21:49:22+00:00', 'image': 'cmendes/znn:800k', 'replicas': 1, 'imageChanges': 0, 'replicasChanges': 1}

{'name': 'kube-znn.173e9762cf1fd8c4', 'type': 'Normal', 'message': 'Scaled up replica set kube-znn-68bd9d6b5b to 1', 'dateevent': '2023-01-28 21:49:22+00:00', 'image': 'cmendes/znn:800k', 'replicas': 1, 'imageChanges': 0, 'replicasChanges': 1}

{'name': 'kube-znn.173e9799f087e269', 'type': 'Normal', 'message': 'Scaled up replica set kube-znn-68bd9d6b5b to 2', 'dateevent': '2023-01-28 21:53:18+00:00', 'image': 'cmendes/znn:800k', 'replicas': 2, 'imageChanges': 0, 'replicasChanges': 2}

{'name': 'kube-znn.173e979c071aadfa', 'type': 'Normal', 'message': 'Scaled up replica set kube-znn-68bd9d6b5b to 3', 'dateevent': '2023-01-28 21:53:27+00:00', 'image': 'cmendes/znn:800k', 'replicas': 3, 'imageChanges': 0, 'replicasChanges': 3}

{'name': 'kube-znn.173e979d2ed809b6', 'type': 'Normal', 'message': 'Scaled up replica set kube-znn-68bd9d6b5b to 4', 'dateevent': '2023-01-28 21:53:32+00:00', 'image': 'cmendes/znn:800k', 'replicas': 4, 'imageChanges': 0, 'replicasChanges': 4}

{'name': 'kube-znn.173e979e5b2c76f7', 'type': 'Normal', 'message': 'Scaled up replica set kube-znn-68bd9d6b5b to 5', 'dateevent': '2023-01-28 21:53:37+00:00', 'image': 'cmendes/znn:800k', 'replicas': 5, 'imageChanges': 0, 'replicasChanges': 5}

{'name': 'kube-znn.173e979f829e91cf', 'type': 'Normal', 'message': 'Scaled up replica set kube-znn-68bd9d6b5b to 6', 'dateevent': '2023-01-28 21:53:42+00:00', 'image': 'cmendes/znn:800k', 'replicas': 6, 'imageChanges': 0, 'replicasChanges': 6}

{'name': 'kube-znn.173e97a0ac44dcef', 'type': 'Normal', 'message': 'Scaled up replica set kube-znn-68bd9d6b5b to 7', 'dateevent': '2023-01-28 21:53:47+00:00', 'image': 'cmendes/znn:800k', 'replicas': 7, 'imageChanges': 0, 'replicasChanges': 7}

{'name': 'kube-znn.173e97a1d9dbbe8b', 'type': 'Normal', 'message': 'Scaled up replica set kube-znn-68bd9d6b5b to 8', 'dateevent': '2023-01-28 21:53:52+00:00', 'image': 'cmendes/znn:800k', 'replicas': 8, 'imageChanges': 0, 'replicasChanges': 8}

{'name': 'kube-znn.173e97a3014e962b', 'type': 'Normal', 'message': 'Scaled up replica set kube-znn-68bd9d6b5b to 9', 'dateevent': '2023-01-28 21:53:57+00:00', 'image': 'cmendes/znn:800k', 'replicas': 9, 'imageChanges': 0, 'replicasChanges': 9}

{'name': 'kube-znn.173e97a429f085da', 'type': 'Normal', 'message': '(combined from similar events): Scaled up replica set kube-znn-68bd9d6b5b to 10', 'dateevent': '2023-01-28 21:54:02+00:00', 'image': 'cmendes/znn:800k', 'replicas': 10, 'imageChanges': 0, 'replicasChanges': 10}

{'name': 'kube-znn.173e97a429f085da', 'type': 'Normal', 'message': '(combined from similar events): Scaled up replica set kube-znn-7cbbf89f8 to 3', 'dateevent': '2023-01-28 21:54:02+00:00', 'image': 'cmendes/znn:600k', 'replicas': 10, 'imageChanges': 1, 'replicasChanges': 10}

{'name': 'kube-znn.173e97a429f085da', 'type': 'Normal', 'message': '(combined from similar events): Scaled down replica set kube-znn-68bd9d6b5b to 8', 'dateevent': '2023-01-28 21:54:02+00:00', 'image': 'cmendes/znn:600k', 'replicas': 10, 'imageChanges': 1, 'replicasChanges': 10}

{'name': 'kube-znn.173e97a429f085da', 'type': 'Normal', 'message': '(combined from similar events): Scaled up replica set kube-znn-7cbbf89f8 to 5', 'dateevent': '2023-01-28 21:54:02+00:00', 'image': 'cmendes/znn:600k', 'replicas': 10, 'imageChanges': 1, 'replicasChanges': 10}

{'name': 'kube-znn.173e97a429f085da', 'type': 'Normal', 'message': '(combined from similar events): Scaled down replica set kube-znn-68bd9d6b5b to 3', 'dateevent': '2023-01-28 21:54:02+00:00', 'image': 'cmendes/znn:600k', 'replicas': 4, 'imageChanges': 1, 'replicasChanges': 11}

{'name': 'kube-znn.173e97a429f085da', 'type': 'Normal', 'message': '(combined from similar events): Scaled down replica set kube-znn-7cbbf89f8 to 2', 'dateevent': '2023-01-28 21:54:02+00:00', 'image': 'cmendes/znn:600k', 'replicas': 4, 'imageChanges': 1, 'replicasChanges': 11}

{'name': 'kube-znn.173e97a429f085da', 'type': 'Normal', 'message': '(combined from similar events): Scaled down replica set kube-znn-68bd9d6b5b to 2', 'dateevent': '2023-01-28 21:54:02+00:00', 'image': 'cmendes/znn:600k', 'replicas': 4, 'imageChanges': 1, 'replicasChanges': 11}

{'name': 'kube-znn.173e97b1aa162aae', 'type': 'Normal', 'message': 'Scaled up replica set kube-znn-7cbbf89f8 to 3', 'dateevent': '2023-01-28 21:55:00+00:00', 'image': 'cmendes/znn:600k', 'replicas': 4, 'imageChanges': 1, 'replicasChanges': 11}

{'name': 'kube-znn.173e97a429f085da', 'type': 'Normal', 'message': '(combined from similar events): Scaled down replica set kube-znn-68bd9d6b5b to 1', 'dateevent': '2023-01-28 21:54:02+00:00', 'image': 'cmendes/znn:600k', 'replicas': 4, 'imageChanges': 1, 'replicasChanges': 11}

{'name': 'kube-znn.173e97a429f085da', 'type': 'Normal', 'message': '(combined from similar events): Scaled up replica set kube-znn-7cbbf89f8 to 4', 'dateevent': '2023-01-28 21:54:02+00:00', 'image': 'cmendes/znn:600k', 'replicas': 4, 'imageChanges': 1, 'replicasChanges': 11}

{'name': 'kube-znn.173e97a429f085da', 'type': 'Normal', 'message': '(combined from similar events): Scaled down replica set kube-znn-7cbbf89f8 to 2', 'dateevent': '2023-01-28 21:54:02+00:00', 'image': 'cmendes/znn:200k', 'replicas': 4, 'imageChanges': 2, 'replicasChanges': 11}

{'name': 'kube-znn.173e97a429f085da', 'type': 'Normal', 'message': '(combined from similar events): Scaled up replica set kube-znn-86cccc748b to 2', 'dateevent': '2023-01-28 21:54:02+00:00', 'image': 'cmendes/znn:200k', 'replicas': 4, 'imageChanges': 2, 'replicasChanges': 11}

{'name': 'kube-znn.173e97a429f085da', 'type': 'Normal', 'message': '(combined from similar events): Scaled down replica set kube-znn-68bd9d6b5b to 0', 'dateevent': '2023-01-28 21:54:02+00:00', 'image': 'cmendes/znn:200k', 'replicas': 4, 'imageChanges': 2, 'replicasChanges': 11}

{'name': 'kube-znn.173e97a429f085da', 'type': 'Normal', 'message': '(combined from similar events): Scaled up replica set kube-znn-86cccc748b to 3', 'dateevent': '2023-01-28 21:54:02+00:00', 'image': 'cmendes/znn:200k', 'replicas': 4, 'imageChanges': 2, 'replicasChanges': 11}

{'name': 'kube-znn.173e97a429f085da', 'type': 'Normal', 'message': '(combined from similar events): Scaled down replica set kube-znn-86cccc748b to 1', 'dateevent': '2023-01-28 21:54:02+00:00', 'image': 'cmendes/znn:800k', 'replicas': 4, 'imageChanges': 3, 'replicasChanges': 11}

{'name': 'kube-znn.173e9799f087e269', 'type': 'Normal', 'message': 'Scaled up replica set kube-znn-68bd9d6b5b to 2', 'dateevent': '2023-01-28 21:53:18+00:00', 'image': 'cmendes/znn:800k', 'replicas': 4, 'imageChanges': 3, 'replicasChanges': 11}

{'name': 'kube-znn.173e97a429f085da', 'type': 'Normal', 'message': '(combined from similar events): Scaled down replica set kube-znn-7cbbf89f8 to 1', 'dateevent': '2023-01-28 21:54:02+00:00', 'image': 'cmendes/znn:800k', 'replicas': 4, 'imageChanges': 3, 'replicasChanges': 11}

Reading file: VersionA-Monolithic
Reading file: VersionB-MicroControllers
Reading file: VersionC-WithFailureManagerMetaController
Reading file: VersionC-ZTemp
