Reading file: automatingDataGeneration.sh
Reading file: BLong10
Reading file: BLong10_parte1.7z
Reading file: BLong10_parte2.7z
Reading file: BLong10_parte3.7z
Reading file: BShort10
Reading file: BShort10.7z
Reading file: CLong10
Reading file: CLong10.7z
Reading file: CShort10
Reading file: CShort10.7z
Reading file: Evaluation-ZNN.7z
Reading file: generateLogs140341
Reading file: generateLogs141805
Reading file: generateLogs144106
Reading file: generateLogs165212
Reading file: generateLogs170658
Reading file: generateLogs172134
Reading file: generateLogs173719
Reading file: generateLogs175129
Reading file: generateLogs180606
Reading file: generateLogs182644
Reading file: generateLogs184100
Reading file: generateLogs190122
Reading file: generateLogs192036
Reading file: generateLogs193534
Reading file: generateLogs195105
Reading file: generateLogs2.sh
Reading file: generateLogs200634
Reading file: generateLogs202058
Reading file: generateLogs203550
Reading file: generateLogs205100
Reading file: generateLogs210607
Reading file: generateLogs212038
Reading file: generateLogs213510
Reading file: generateLogs214942
Reading file: k6-8n2j4_tracing_20230131_215740.log
Reading file: kubow-548bb5f4b4-5p5z8_tracing_20230131_215740.log

Kubow data

2023-02-01 00:57:47 : t0:addReplica

2023-02-01 00:57:52 : t0:addReplica

2023-02-01 00:57:57 : t0:addReplica

2023-02-01 00:58:02 : t0:addReplica

2023-02-01 00:58:07 : t0:addReplica

2023-02-01 00:58:12 : t0:addReplica

2023-02-01 00:58:17 : t0:addReplica

2023-02-01 00:58:22 : t0:addReplica

2023-02-01 00:58:27 : t0:addReplica

2023-02-01 00:58:32 : t1:lowerFidelity

2023-02-01 00:58:37 : t1:lowerFidelity

2023-02-01 00:58:42 : t1:lowerFidelity

2023-02-01 00:58:47 : t1:lowerFidelity

2023-02-01 00:58:52 : t1:lowerFidelity

2023-02-01 00:58:57 : t1:lowerFidelity

2023-02-01 00:59:02 : t1:lowerFidelity

2023-02-01 00:59:07 : t1:lowerFidelity

2023-02-01 00:59:12 : t1:lowerFidelity

2023-02-01 00:59:17 : t1:lowerFidelity

2023-02-01 00:59:22 : t1:lowerFidelity

2023-02-01 00:59:27 : t1:lowerFidelity

2023-02-01 00:59:32 : t1:lowerFidelity

2023-02-01 00:59:37 : t1:lowerFidelity

2023-02-01 00:59:42 : t1:lowerFidelity

2023-02-01 00:59:47 : t1:lowerFidelity

2023-02-01 00:59:52 : t1:lowerFidelity

2023-02-01 00:59:57 : t1:lowerFidelity

2023-02-01 01:00:02 : t1:lowerFidelity

2023-02-01 01:00:07 : t1:lowerFidelity

2023-02-01 01:00:12 : t1:lowerFidelity

2023-02-01 01:00:17 : t1:lowerFidelity

2023-02-01 01:00:22 : t1:lowerFidelity

2023-02-01 01:00:27 : t1:lowerFidelity

2023-02-01 01:00:32 : t1:lowerFidelity

2023-02-01 01:00:37 : t1:lowerFidelity

2023-02-01 01:00:42 : t1:lowerFidelity

2023-02-01 01:00:47 : t1:lowerFidelity

2023-02-01 01:00:52 : t1:lowerFidelity

2023-02-01 01:00:57 : t1:lowerFidelity

2023-02-01 01:01:02 : t1:lowerFidelity

2023-02-01 01:01:07 : t1:lowerFidelity

2023-02-01 01:01:12 : t1:lowerFidelity

2023-02-01 01:01:17 : t1:lowerFidelity

2023-02-01 01:01:22 : t1:lowerFidelity

2023-02-01 01:01:27 : t1:lowerFidelity

2023-02-01 01:01:32 : t1:lowerFidelity

2023-02-01 01:01:37 : t1:lowerFidelity

2023-02-01 01:01:42 : t1:lowerFidelity

2023-02-01 01:01:47 : t1:lowerFidelity

2023-02-01 01:01:52 : t1:lowerFidelity

2023-02-01 01:01:57 : t1:lowerFidelity

2023-02-01 01:02:02 : t1:lowerFidelity

2023-02-01 01:02:07 : t1:lowerFidelity

2023-02-01 01:02:12 : t1:lowerFidelity

2023-02-01 01:02:17 : t0:addLowScalabilityLowQuality

2023-02-01 01:02:37 : t0:addReplica

2023-02-01 01:03:27 : t0:removeReplica

2023-02-01 01:03:57 : t1:raiseFidelity

Reading file: README.md
Reading file: summary-trace-znn.log
Reading file: temp
Reading file: temp2701
Reading file: temp3101
Reading file: test
Reading file: tools
Reading file: traceznn_20230131_215740.log

Trace znn data

{'name': 'kube-znn-db.173f8d3440e76cc8', 'type': 'Normal', 'message': 'Scaled up replica set kube-znn-db-6dd8968475 to 1', 'dateevent': '2023-02-01 00:54:01+00:00', 'image': 'cmendes/znn:800k', 'replicas': 1, 'imageChanges': 0, 'replicasChanges': 1}

{'name': 'kube-znn.173f8d343ed7047a', 'type': 'Normal', 'message': 'Scaled up replica set kube-znn-5fb97667db to 1', 'dateevent': '2023-02-01 00:54:01+00:00', 'image': 'cmendes/znn:800k', 'replicas': 1, 'imageChanges': 0, 'replicasChanges': 1}

{'name': 'kube-znn.173f8d6900299f67', 'type': 'Normal', 'message': 'Scaled up replica set kube-znn-5fb97667db to 2', 'dateevent': '2023-02-01 00:57:48+00:00', 'image': 'cmendes/znn:800k', 'replicas': 2, 'imageChanges': 0, 'replicasChanges': 2}

{'name': 'kube-znn.173f8d69e121565d', 'type': 'Normal', 'message': 'Scaled up replica set kube-znn-5fb97667db to 3', 'dateevent': '2023-02-01 00:57:52+00:00', 'image': 'cmendes/znn:800k', 'replicas': 3, 'imageChanges': 0, 'replicasChanges': 3}

{'name': 'kube-znn.173f8d6b0ba2d988', 'type': 'Normal', 'message': 'Scaled up replica set kube-znn-5fb97667db to 4', 'dateevent': '2023-02-01 00:57:57+00:00', 'image': 'cmendes/znn:800k', 'replicas': 4, 'imageChanges': 0, 'replicasChanges': 4}

{'name': 'kube-znn.173f8d6c35d36113', 'type': 'Normal', 'message': 'Scaled up replica set kube-znn-5fb97667db to 5', 'dateevent': '2023-02-01 00:58:02+00:00', 'image': 'cmendes/znn:800k', 'replicas': 5, 'imageChanges': 0, 'replicasChanges': 5}

{'name': 'kube-znn.173f8d6d5b19e6b0', 'type': 'Normal', 'message': 'Scaled up replica set kube-znn-5fb97667db to 6', 'dateevent': '2023-02-01 00:58:07+00:00', 'image': 'cmendes/znn:800k', 'replicas': 6, 'imageChanges': 0, 'replicasChanges': 6}

{'name': 'kube-znn.173f8d6e83285881', 'type': 'Normal', 'message': 'Scaled up replica set kube-znn-5fb97667db to 7', 'dateevent': '2023-02-01 00:58:12+00:00', 'image': 'cmendes/znn:800k', 'replicas': 7, 'imageChanges': 0, 'replicasChanges': 7}

{'name': 'kube-znn.173f8d6fabfb68fb', 'type': 'Normal', 'message': 'Scaled up replica set kube-znn-5fb97667db to 8', 'dateevent': '2023-02-01 00:58:17+00:00', 'image': 'cmendes/znn:800k', 'replicas': 8, 'imageChanges': 0, 'replicasChanges': 8}

{'name': 'kube-znn.173f8d70d9b3bcf7', 'type': 'Normal', 'message': 'Scaled up replica set kube-znn-5fb97667db to 9', 'dateevent': '2023-02-01 00:58:22+00:00', 'image': 'cmendes/znn:800k', 'replicas': 9, 'imageChanges': 0, 'replicasChanges': 9}

{'name': 'kube-znn.173f8d72027d4ca5', 'type': 'Normal', 'message': '(combined from similar events): Scaled up replica set kube-znn-5fb97667db to 10', 'dateevent': '2023-02-01 00:58:27+00:00', 'image': 'cmendes/znn:800k', 'replicas': 10, 'imageChanges': 0, 'replicasChanges': 10}

{'name': 'kube-znn.173f8d72027d4ca5', 'type': 'Normal', 'message': '(combined from similar events): Scaled up replica set kube-znn-6978979d84 to 3', 'dateevent': '2023-02-01 00:58:27+00:00', 'image': 'cmendes/znn:600k', 'replicas': 10, 'imageChanges': 1, 'replicasChanges': 10}

{'name': 'kube-znn.173f8d72027d4ca5', 'type': 'Normal', 'message': '(combined from similar events): Scaled down replica set kube-znn-5fb97667db to 8', 'dateevent': '2023-02-01 00:58:27+00:00', 'image': 'cmendes/znn:600k', 'replicas': 10, 'imageChanges': 1, 'replicasChanges': 10}

{'name': 'kube-znn.173f8d72027d4ca5', 'type': 'Normal', 'message': '(combined from similar events): Scaled up replica set kube-znn-6978979d84 to 5', 'dateevent': '2023-02-01 00:58:27+00:00', 'image': 'cmendes/znn:600k', 'replicas': 10, 'imageChanges': 1, 'replicasChanges': 10}

{'name': 'kube-znn.173f8d72027d4ca5', 'type': 'Normal', 'message': '(combined from similar events): Scaled down replica set kube-znn-6978979d84 to 0', 'dateevent': '2023-02-01 00:58:27+00:00', 'image': 'cmendes/znn:400k', 'replicas': 10, 'imageChanges': 2, 'replicasChanges': 10}

{'name': 'kube-znn.173f8d72027d4ca5', 'type': 'Normal', 'message': '(combined from similar events): Scaled up replica set kube-znn-f8d56c578 to 5', 'dateevent': '2023-02-01 00:58:27+00:00', 'image': 'cmendes/znn:400k', 'replicas': 10, 'imageChanges': 2, 'replicasChanges': 10}

{'name': 'kube-znn.173f8d72027d4ca5', 'type': 'Normal', 'message': '(combined from similar events): Scaled down replica set kube-znn-f8d56c578 to 0', 'dateevent': '2023-02-01 00:58:27+00:00', 'image': 'cmendes/znn:600k', 'replicas': 10, 'imageChanges': 3, 'replicasChanges': 10}

{'name': 'kube-znn.173f8d75810e0431', 'type': 'Normal', 'message': 'Scaled up replica set kube-znn-6978979d84 to 5', 'dateevent': '2023-02-01 00:58:42+00:00', 'image': 'cmendes/znn:600k', 'replicas': 10, 'imageChanges': 3, 'replicasChanges': 10}

{'name': 'kube-znn.173f8d72027d4ca5', 'type': 'Normal', 'message': '(combined from similar events): Scaled down replica set kube-znn-6978979d84 to 0', 'dateevent': '2023-02-01 00:58:27+00:00', 'image': 'cmendes/znn:400k', 'replicas': 10, 'imageChanges': 4, 'replicasChanges': 10}

{'name': 'kube-znn.173f8d758f61b1a8', 'type': 'Normal', 'message': 'Scaled up replica set kube-znn-f8d56c578 to 5', 'dateevent': '2023-02-01 00:58:42+00:00', 'image': 'cmendes/znn:400k', 'replicas': 10, 'imageChanges': 4, 'replicasChanges': 10}

{'name': 'kube-znn.173f8d76aa3e83f9', 'type': 'Normal', 'message': 'Scaled down replica set kube-znn-f8d56c578 to 0', 'dateevent': '2023-02-01 00:58:47+00:00', 'image': 'cmendes/znn:600k', 'replicas': 10, 'imageChanges': 5, 'replicasChanges': 10}

{'name': 'kube-znn.173f8d72027d4ca5', 'type': 'Normal', 'message': '(combined from similar events): Scaled up replica set kube-znn-6978979d84 to 5', 'dateevent': '2023-02-01 00:58:27+00:00', 'image': 'cmendes/znn:600k', 'replicas': 10, 'imageChanges': 5, 'replicasChanges': 10}

{'name': 'kube-znn.173f8d72027d4ca5', 'type': 'Normal', 'message': '(combined from similar events): Scaled down replica set kube-znn-6978979d84 to 0', 'dateevent': '2023-02-01 00:58:27+00:00', 'image': 'cmendes/znn:400k', 'replicas': 10, 'imageChanges': 6, 'replicasChanges': 10}

{'name': 'kube-znn.173f8d758f61b1a8', 'type': 'Normal', 'message': 'Scaled up replica set kube-znn-f8d56c578 to 5', 'dateevent': '2023-02-01 00:58:42+00:00', 'image': 'cmendes/znn:400k', 'replicas': 10, 'imageChanges': 6, 'replicasChanges': 10}

{'name': 'kube-znn.173f8d76aa3e83f9', 'type': 'Normal', 'message': 'Scaled down replica set kube-znn-f8d56c578 to 0', 'dateevent': '2023-02-01 00:58:47+00:00', 'image': 'cmendes/znn:600k', 'replicas': 10, 'imageChanges': 7, 'replicasChanges': 10}

{'name': 'kube-znn.173f8d75810e0431', 'type': 'Normal', 'message': 'Scaled up replica set kube-znn-6978979d84 to 5', 'dateevent': '2023-02-01 00:58:42+00:00', 'image': 'cmendes/znn:600k', 'replicas': 10, 'imageChanges': 7, 'replicasChanges': 10}

{'name': 'kube-znn.173f8d76aa3e83f9', 'type': 'Normal', 'message': 'Scaled down replica set kube-znn-f8d56c578 to 0', 'dateevent': '2023-02-01 00:58:47+00:00', 'image': 'cmendes/znn:600k', 'replicas': 10, 'imageChanges': 7, 'replicasChanges': 10}

Reading file: VersionA-Monolithic
Reading file: VersionB-MicroControllers
Reading file: VersionC-WithFailureManagerMetaController
Reading file: VersionC-ZTemp
