Reading file: automatingDataGeneration.sh
Reading file: CLong10
Reading file: CLong10.7z
Reading file: Evaluation-ZNN.7z
Reading file: fidelitya-778c6c6b8b-hvw66_tracing_20230129_091823.log

fidelitya data

Reading file: generateLogs002528
Reading file: generateLogs005657
Reading file: generateLogs011949
Reading file: generateLogs015458
Reading file: generateLogs022424
Reading file: generateLogs025408
Reading file: generateLogs032409
Reading file: generateLogs034605
Reading file: generateLogs041624
Reading file: generateLogs044544
Reading file: generateLogs051646
Reading file: generateLogs054708
Reading file: generateLogs061637
Reading file: generateLogs064759
Reading file: generateLogs071655
Reading file: generateLogs074608
Reading file: generateLogs080745
Reading file: generateLogs083827
Reading file: generateLogs090832
Reading file: generateLogs121929
Reading file: generateLogs124558
Reading file: generateLogs131507
Reading file: generateLogs134342
Reading file: generateLogs140938
Reading file: generateLogs144032
Reading file: generateLogs150618
Reading file: generateLogs153301
Reading file: generateLogs155714
Reading file: generateLogs162553
Reading file: generateLogs164354
Reading file: generateLogs171441
Reading file: generateLogs174448
Reading file: generateLogs181031
Reading file: generateLogs184508
Reading file: generateLogs190356
Reading file: generateLogs192553
Reading file: generateLogs195446
Reading file: generateLogs2.sh
Reading file: generateLogs202030
Reading file: generateLogs205105
Reading file: generateLogs211405
Reading file: generateLogs214402
Reading file: generateLogs221119
Reading file: generateLogs225030
Reading file: generateLogs230943
Reading file: generateLogs232434
Reading file: k6-h6ctk_tracing_20230129_091823.log
Reading file: metacontroller-kubow-8479d7588d-b4c2t_tracing_20230129_091823.log

MetaController data

Reading file: README.md
Reading file: scalabilitya-78d6cbbc7d-x9b9s_tracing_20230129_091823.log

scalabilitya data

Reading file: summary-trace-znn.log
Reading file: temp
Reading file: temp2701
Reading file: test
Reading file: tools
Reading file: traceznn_20230129_091823.log

Trace znn data

{'name': 'kube-znn-db.173ec6807e92ce39', 'type': 'Normal', 'message': 'Scaled up replica set kube-znn-db-6cc48797cf to 1', 'dateevent': '2023-01-29 12:12:46+00:00', 'image': 'cmendes/znn:800k', 'replicas': 1, 'imageChanges': 0, 'replicasChanges': 1}

{'name': 'kube-znn.173ec6807dc10d4e', 'type': 'Normal', 'message': 'Scaled up replica set kube-znn-68bd9d6b5b to 1', 'dateevent': '2023-01-29 12:12:46+00:00', 'image': 'cmendes/znn:800k', 'replicas': 1, 'imageChanges': 0, 'replicasChanges': 1}

Reading file: VersionA-Monolithic
Reading file: VersionB-MicroControllers
Reading file: VersionC-WithFailureManagerMetaController
Reading file: VersionC-ZTemp
