root - WARNING - Starting our experiment execution
root - WARNING - 

-----------------------------------------
root - WARNING - General Log - 
root - WARNING - {'name': 'default-server-secret.173ec68ffb222e99', 'type': 'Normal', 'message': 'the special Secret default/default-server-secret was updated', 'dateevent': '2023-01-29 12:13:53+00:00'}
root - WARNING - 

-----------------------------------------
root - WARNING - 

-----------------------------------------
root - WARNING - General Log - 
root - WARNING - {'name': 'failuremanager-5447786f55-xdddw.173ec6822c01c27b', 'type': 'Normal', 'message': 'Successfully assigned default/failuremanager-5447786f55-xdddw to minikube', 'dateevent': '2023-01-29 12:12:53+00:00'}
root - WARNING - 

-----------------------------------------
root - WARNING - 

-----------------------------------------
root - WARNING - General Log - 
root - WARNING - {'name': 'failuremanager-5447786f55-xdddw.173ec68252ea37a9', 'type': 'Normal', 'message': 'Pulling image "californibrs/failuremanager"', 'dateevent': '2023-01-29 12:12:54+00:00'}
root - WARNING - 

-----------------------------------------
root - WARNING - 

-----------------------------------------
root - WARNING - General Log - 
root - WARNING - {'name': 'failuremanager-5447786f55-xdddw.173ec69fbd740be3', 'type': 'Normal', 'message': 'Successfully pulled image "californibrs/failuremanager"', 'dateevent': '2023-01-29 12:15:00+00:00'}
root - WARNING - 

-----------------------------------------
root - WARNING - 

-----------------------------------------
root - WARNING - General Log - 
root - WARNING - {'name': 'failuremanager-5447786f55-xdddw.173ec6a002bde420', 'type': 'Normal', 'message': 'Created container failuremanager', 'dateevent': '2023-01-29 12:15:01+00:00'}
root - WARNING - 

-----------------------------------------
root - WARNING - 

-----------------------------------------
root - WARNING - General Log - 
root - WARNING - {'name': 'failuremanager-5447786f55-xdddw.173ec6a013497a69', 'type': 'Normal', 'message': 'Started container failuremanager', 'dateevent': '2023-01-29 12:15:02+00:00'}
root - WARNING - 

-----------------------------------------
root - WARNING - 

-----------------------------------------
root - WARNING - General Log - 
root - WARNING - {'name': 'failuremanager-5447786f55.173ec6822b70e4ab', 'type': 'Normal', 'message': 'Created pod: failuremanager-5447786f55-xdddw', 'dateevent': '2023-01-29 12:12:53+00:00'}
root - WARNING - 

-----------------------------------------
root - WARNING - 

-----------------------------------------
root - WARNING - General Log - 
root - WARNING - {'name': 'failuremanager-ingress.173ec68ff299b30a', 'type': 'Normal', 'message': 'Configuration for default/failuremanager-ingress was added or updated', 'dateevent': '2023-01-29 12:13:52+00:00'}
root - WARNING - 

-----------------------------------------
root - WARNING - 

-----------------------------------------
root - WARNING - General Log - 
root - WARNING - {'name': 'failuremanager-ingress.173ec69003f5a8fb', 'type': 'Normal', 'message': 'Configuration for default/failuremanager-ingress was updated ', 'dateevent': '2023-01-29 12:13:53+00:00'}
root - WARNING - 

-----------------------------------------
root - WARNING - 

-----------------------------------------
root - WARNING - General Log - 
root - WARNING - {'name': 'failuremanager.173ec6822b4250ba', 'type': 'Normal', 'message': 'Scaled up replica set failuremanager-5447786f55 to 1', 'dateevent': '2023-01-29 12:12:53+00:00'}
root - WARNING - 

-----------------------------------------
root - WARNING - 

-----------------------------------------
root - WARNING - General Log - 
root - WARNING - {'name': 'failuremonitor-747764f996-pp5kt.173ec682701fb0f4', 'type': 'Normal', 'message': 'Successfully assigned default/failuremonitor-747764f996-pp5kt to minikube', 'dateevent': '2023-01-29 12:12:54+00:00'}
root - WARNING - 

-----------------------------------------
root - WARNING - 

-----------------------------------------
root - WARNING - General Log - 
root - WARNING - {'name': 'failuremonitor-747764f996-pp5kt.173ec6829c9c7cb8', 'type': 'Normal', 'message': 'Pulling image "californibrs/failuremonitor"', 'dateevent': '2023-01-29 12:12:55+00:00'}
root - WARNING - 

-----------------------------------------
root - WARNING - 

-----------------------------------------
root - WARNING - General Log - 
root - WARNING - {'name': 'failuremonitor-747764f996-pp5kt.173ec6a2129e4171', 'type': 'Warning', 'message': 'Failed to pull image "californibrs/failuremonitor": rpc error: code = Unknown desc = Error response from daemon: Get "https://registry-1.docker.io/v2/": dial tcp: lookup registry-1.docker.io on 172.27.176.1:53: read udp 172.27.188.31:54558->172.27.176.1:53: i/o timeout', 'dateevent': '2023-01-29 12:15:10+00:00'}
root - WARNING - 

-----------------------------------------
root - WARNING - 

-----------------------------------------
root - WARNING - General Log - 
root - WARNING - {'name': 'failuremonitor-747764f996-pp5kt.173ec6a2129e875d', 'type': 'Warning', 'message': 'Error: ErrImagePull', 'dateevent': '2023-01-29 12:15:10+00:00'}
root - WARNING - 

-----------------------------------------
root - WARNING - 

-----------------------------------------
root - WARNING - General Log - 
root - WARNING - {'name': 'failuremonitor-747764f996-pp5kt.173ec6a24fae067c', 'type': 'Normal', 'message': 'Back-off pulling image "californibrs/failuremonitor"', 'dateevent': '2023-01-29 12:15:11+00:00'}
root - WARNING - 

-----------------------------------------
root - WARNING - 

-----------------------------------------
root - WARNING - General Log - 
root - WARNING - {'name': 'failuremonitor-747764f996-pp5kt.173ec6a24fae6373', 'type': 'Warning', 'message': 'Error: ImagePullBackOff', 'dateevent': '2023-01-29 12:15:11+00:00'}
root - WARNING - 

-----------------------------------------
root - WARNING - 

-----------------------------------------
root - WARNING - General Log - 
root - WARNING - {'name': 'failuremonitor-747764f996-pp5kt.173ec6aa001a008c', 'type': 'Warning', 'message': 'Failed to pull image "californibrs/failuremonitor": rpc error: code = Unknown desc = Error response from daemon: toomanyrequests: You have reached your pull rate limit. You may increase the limit by authenticating and upgrading: https://www.docker.com/increase-rate-limit', 'dateevent': '2023-01-29 12:15:44+00:00'}
root - WARNING - 

-----------------------------------------
root - WARNING - 

-----------------------------------------
root - WARNING - General Log - 
root - WARNING - {'name': 'failuremonitor-747764f996-pp5kt.173ec6baa78609d9', 'type': 'Normal', 'message': 'Successfully pulled image "californibrs/failuremonitor"', 'dateevent': '2023-01-29 12:16:56+00:00'}
root - WARNING - 

-----------------------------------------
root - WARNING - 

-----------------------------------------
root - WARNING - General Log - 
root - WARNING - {'name': 'failuremonitor-747764f996-pp5kt.173ec6bbed6c7fea', 'type': 'Normal', 'message': 'Created container failuremonitor', 'dateevent': '2023-01-29 12:17:01+00:00'}
root - WARNING - 

-----------------------------------------
root - WARNING - 

-----------------------------------------
root - WARNING - General Log - 
root - WARNING - {'name': 'failuremonitor-747764f996-pp5kt.173ec6bbfc86b8aa', 'type': 'Normal', 'message': 'Started container failuremonitor', 'dateevent': '2023-01-29 12:17:02+00:00'}
root - WARNING - 

-----------------------------------------
root - WARNING - 

-----------------------------------------
root - WARNING - General Log - 
root - WARNING - {'name': 'failuremonitor-747764f996.173ec6822f682dd7', 'type': 'Warning', 'message': 'Error creating: pods "failuremonitor-747764f996-" is forbidden: error looking up service account default/kubow-user: serviceaccount "kubow-user" not found', 'dateevent': '2023-01-29 12:12:53+00:00'}
root - WARNING - 

-----------------------------------------
root - WARNING - 

-----------------------------------------
root - WARNING - General Log - 
root - WARNING - {'name': 'failuremonitor-747764f996.173ec6826fd98320', 'type': 'Normal', 'message': 'Created pod: failuremonitor-747764f996-pp5kt', 'dateevent': '2023-01-29 12:12:54+00:00'}
root - WARNING - 

-----------------------------------------
root - WARNING - 

-----------------------------------------
root - WARNING - General Log - 
root - WARNING - {'name': 'failuremonitor.173ec6822f009128', 'type': 'Normal', 'message': 'Scaled up replica set failuremonitor-747764f996 to 1', 'dateevent': '2023-01-29 12:12:53+00:00'}
root - WARNING - 

-----------------------------------------
root - WARNING - 

-----------------------------------------
root - WARNING - General Log - 
root - WARNING - {'name': 'fidelitya-778c6c6b8b-hvw66.173ec6810251bfa5', 'type': 'Normal', 'message': 'Successfully assigned default/fidelitya-778c6c6b8b-hvw66 to minikube', 'dateevent': '2023-01-29 12:12:48+00:00'}
root - WARNING - 

-----------------------------------------
root - WARNING - 

-----------------------------------------
root - WARNING - General Log - 
root - WARNING - {'name': 'fidelitya-778c6c6b8b-hvw66.173ec68160815597', 'type': 'Normal', 'message': 'Pulling image "cmendes/kubow:yellow-2"', 'dateevent': '2023-01-29 12:12:50+00:00'}
root - WARNING - 

-----------------------------------------
root - WARNING - 

-----------------------------------------
root - WARNING - General Log - 
root - WARNING - {'name': 'fidelitya-778c6c6b8b-hvw66.173ec6965bbb290e', 'type': 'Normal', 'message': 'Successfully pulled image "cmendes/kubow:yellow-2"', 'dateevent': '2023-01-29 12:14:20+00:00'}
root - WARNING - 

-----------------------------------------
root - WARNING - 

-----------------------------------------
root - WARNING - General Log - 
root - WARNING - {'name': 'fidelitya-778c6c6b8b-hvw66.173ec69787e8c82c', 'type': 'Normal', 'message': 'Created container kubow', 'dateevent': '2023-01-29 12:14:25+00:00'}
root - WARNING - 

-----------------------------------------
root - WARNING - 

-----------------------------------------
root - WARNING - General Log - 
root - WARNING - {'name': 'fidelitya-778c6c6b8b-hvw66.173ec6979777f5ea', 'type': 'Normal', 'message': 'Started container kubow', 'dateevent': '2023-01-29 12:14:25+00:00'}
root - WARNING - 

-----------------------------------------
root - WARNING - 

-----------------------------------------
root - WARNING - General Log - 
root - WARNING - {'name': 'fidelitya-778c6c6b8b.173ec681019487ec', 'type': 'Normal', 'message': 'Created pod: fidelitya-778c6c6b8b-hvw66', 'dateevent': '2023-01-29 12:12:48+00:00'}
root - WARNING - 

-----------------------------------------
root - WARNING - 

-----------------------------------------
root - WARNING - General Log - 
root - WARNING - {'name': 'fidelitya.173ec6810124c61f', 'type': 'Normal', 'message': 'Scaled up replica set fidelitya-778c6c6b8b to 1', 'dateevent': '2023-01-29 12:12:48+00:00'}
root - WARNING - 

-----------------------------------------
root - WARNING - 

-----------------------------------------
root - WARNING - 

Captured event for Metacontroller and microcontrollers: 
root - WARNING - 

 MetaController has adapted the microcontrollers.
root - WARNING - {'name': 'fidelitya.173ec6810124c61f', 'type': 'Normal', 'message': 'Scaled up replica set fidelitya-778c6c6b8b to 1', 'dateevent': '2023-01-29 12:12:48+00:00'}
root - WARNING - 

-----------------------------------------
root - WARNING - 

-----------------------------------------
root - WARNING - General Log - 
root - WARNING - {'name': 'grafana-84cfffc84f-klvgd.173ec6801a232e4b', 'type': 'Normal', 'message': 'Successfully assigned default/grafana-84cfffc84f-klvgd to minikube', 'dateevent': '2023-01-29 12:12:44+00:00'}
root - WARNING - 

-----------------------------------------
root - WARNING - 

-----------------------------------------
root - WARNING - General Log - 
root - WARNING - {'name': 'grafana-84cfffc84f-klvgd.173ec68054dde1e1', 'type': 'Normal', 'message': 'Pulling image "grafana/grafana:6.4.2"', 'dateevent': '2023-01-29 12:12:45+00:00'}
root - WARNING - 

-----------------------------------------
root - WARNING - 

-----------------------------------------
root - WARNING - General Log - 
root - WARNING - {'name': 'grafana-84cfffc84f-klvgd.173ec6844af63229', 'type': 'Normal', 'message': 'Successfully pulled image "grafana/grafana:6.4.2"', 'dateevent': '2023-01-29 12:13:02+00:00'}
root - WARNING - 

-----------------------------------------
root - WARNING - 

-----------------------------------------
root - WARNING - General Log - 
root - WARNING - {'name': 'grafana-84cfffc84f-klvgd.173ec684c56df226', 'type': 'Normal', 'message': 'Created container grafana', 'dateevent': '2023-01-29 12:13:04+00:00'}
root - WARNING - 

-----------------------------------------
root - WARNING - 

-----------------------------------------
root - WARNING - General Log - 
root - WARNING - {'name': 'grafana-84cfffc84f-klvgd.173ec684d1db002c', 'type': 'Normal', 'message': 'Started container grafana', 'dateevent': '2023-01-29 12:13:05+00:00'}
root - WARNING - 

-----------------------------------------
root - WARNING - 

-----------------------------------------
root - WARNING - General Log - 
root - WARNING - {'name': 'grafana-84cfffc84f.173ec680196557b2', 'type': 'Normal', 'message': 'Created pod: grafana-84cfffc84f-klvgd', 'dateevent': '2023-01-29 12:12:44+00:00'}
root - WARNING - 

-----------------------------------------
root - WARNING - 

-----------------------------------------
root - WARNING - General Log - 
root - WARNING - {'name': 'grafana.173ec680186fdc80', 'type': 'Normal', 'message': 'Scaled up replica set grafana-84cfffc84f to 1', 'dateevent': '2023-01-29 12:12:44+00:00'}
root - WARNING - 

-----------------------------------------
root - WARNING - 

-----------------------------------------
root - WARNING - General Log - 
root - WARNING - {'name': 'ingress-kube-znn.173ec68fea1e631b', 'type': 'Normal', 'message': 'Configuration for default/ingress-kube-znn was added or updated', 'dateevent': '2023-01-29 12:13:52+00:00'}
root - WARNING - 

-----------------------------------------
root - WARNING - 

-----------------------------------------
root - WARNING - General Log - 
root - WARNING - {'name': 'ingress-kube-znn.173ec69003f5969f', 'type': 'Normal', 'message': 'Configuration for default/ingress-kube-znn was updated ', 'dateevent': '2023-01-29 12:13:53+00:00'}
root - WARNING - 

-----------------------------------------
root - WARNING - 

-----------------------------------------
root - WARNING - General Log - 
root - WARNING - {'name': 'k6-h6ctk.173ec6bc96b1e68b', 'type': 'Normal', 'message': 'Successfully assigned default/k6-h6ctk to minikube', 'dateevent': '2023-01-29 12:17:04+00:00'}
root - WARNING - 

-----------------------------------------
root - WARNING - 

-----------------------------------------
root - WARNING - General Log - 
root - WARNING - {'name': 'k6-h6ctk.173ec6bccdc8111f', 'type': 'Normal', 'message': 'Pulling image "loadimpact/k6"', 'dateevent': '2023-01-29 12:17:05+00:00'}
root - WARNING - 

-----------------------------------------
root - WARNING - 

-----------------------------------------
root - WARNING - General Log - 
root - WARNING - {'name': 'k6-h6ctk.173ec6bf2334bb3d', 'type': 'Warning', 'message': 'Failed to pull image "loadimpact/k6": rpc error: code = Unknown desc = Error response from daemon: Get "https://registry-1.docker.io/v2/": dial tcp: lookup registry-1.docker.io on 172.27.176.1:53: read udp 172.27.188.31:50248->172.27.176.1:53: i/o timeout', 'dateevent': '2023-01-29 12:17:15+00:00'}
root - WARNING - 

-----------------------------------------
root - WARNING - 

-----------------------------------------
root - WARNING - General Log - 
root - WARNING - {'name': 'k6-h6ctk.173ec6bf23355b01', 'type': 'Warning', 'message': 'Error: ErrImagePull', 'dateevent': '2023-01-29 12:17:15+00:00'}
root - WARNING - 

-----------------------------------------
root - WARNING - 

-----------------------------------------
root - WARNING - General Log - 
root - WARNING - {'name': 'k6-h6ctk.173ec6bf2f44c677', 'type': 'Normal', 'message': 'Back-off pulling image "loadimpact/k6"', 'dateevent': '2023-01-29 12:17:15+00:00'}
root - WARNING - 

-----------------------------------------
root - WARNING - 

-----------------------------------------
root - WARNING - General Log - 
root - WARNING - {'name': 'k6-h6ctk.173ec6bf2f44f9a3', 'type': 'Warning', 'message': 'Error: ImagePullBackOff', 'dateevent': '2023-01-29 12:17:15+00:00'}
root - WARNING - 

-----------------------------------------
root - WARNING - 

-----------------------------------------
root - WARNING - General Log - 
root - WARNING - {'name': 'k6-h6ctk.173ec6c2566d764a', 'type': 'Warning', 'message': 'Failed to pull image "loadimpact/k6": rpc error: code = Unknown desc = Error response from daemon: toomanyrequests: You have reached your pull rate limit. You may increase the limit by authenticating and upgrading: https://www.docker.com/increase-rate-limit', 'dateevent': '2023-01-29 12:17:29+00:00'}
root - WARNING - 

-----------------------------------------
root - WARNING - 

-----------------------------------------
root - WARNING - General Log - 
root - WARNING - {'name': 'k6-h6ctk.173ec6ce4b1dafd2', 'type': 'Normal', 'message': 'Successfully pulled image "loadimpact/k6"', 'dateevent': '2023-01-29 12:18:20+00:00'}
root - WARNING - 

-----------------------------------------
root - WARNING - 

-----------------------------------------
root - WARNING - General Log - 
root - WARNING - {'name': 'k6-h6ctk.173ec6ce63bd5b08', 'type': 'Normal', 'message': 'Created container k6', 'dateevent': '2023-01-29 12:18:21+00:00'}
root - WARNING - 

-----------------------------------------
root - WARNING - 

-----------------------------------------
root - WARNING - General Log - 
root - WARNING - {'name': 'k6-h6ctk.173ec6ce74c32ffa', 'type': 'Normal', 'message': 'Started container k6', 'dateevent': '2023-01-29 12:18:21+00:00'}
root - WARNING - 

-----------------------------------------
root - WARNING - 

-----------------------------------------
root - WARNING - General Log - 
root - WARNING - {'name': 'k6.173ec6bc95f98397', 'type': 'Normal', 'message': 'Created pod: k6-h6ctk', 'dateevent': '2023-01-29 12:17:04+00:00'}
root - WARNING - 

-----------------------------------------
root - WARNING - 

-----------------------------------------
root - WARNING - General Log - 
root - WARNING - {'name': 'kube-state-metrics-6579fc54cc-zwmff.173ec6801ad2bdb3', 'type': 'Normal', 'message': 'Successfully assigned default/kube-state-metrics-6579fc54cc-zwmff to minikube', 'dateevent': '2023-01-29 12:12:44+00:00'}
root - WARNING - 

-----------------------------------------
root - WARNING - 

-----------------------------------------
root - WARNING - General Log - 
root - WARNING - {'name': 'kube-state-metrics-6579fc54cc-zwmff.173ec68067befba6', 'type': 'Normal', 'message': 'Pulling image "quay.io/coreos/kube-state-metrics:v1.9.5"', 'dateevent': '2023-01-29 12:12:46+00:00'}
root - WARNING - 

-----------------------------------------
root - WARNING - 

-----------------------------------------
root - WARNING - General Log - 
root - WARNING - {'name': 'kube-state-metrics-6579fc54cc-zwmff.173ec68581e8f256', 'type': 'Normal', 'message': 'Successfully pulled image "quay.io/coreos/kube-state-metrics:v1.9.5"', 'dateevent': '2023-01-29 12:13:08+00:00'}
root - WARNING - 

-----------------------------------------
root - WARNING - 

-----------------------------------------
root - WARNING - General Log - 
root - WARNING - {'name': 'kube-state-metrics-6579fc54cc-zwmff.173ec6859e7ebf81', 'type': 'Normal', 'message': 'Created container kube-state-metrics', 'dateevent': '2023-01-29 12:13:08+00:00'}
root - WARNING - 

-----------------------------------------
root - WARNING - 

-----------------------------------------
root - WARNING - General Log - 
root - WARNING - {'name': 'kube-state-metrics-6579fc54cc-zwmff.173ec685ac8c6a9d', 'type': 'Normal', 'message': 'Started container kube-state-metrics', 'dateevent': '2023-01-29 12:13:08+00:00'}
root - WARNING - 

-----------------------------------------
root - WARNING - 

-----------------------------------------
root - WARNING - General Log - 
root - WARNING - {'name': 'kube-state-metrics-6579fc54cc.173ec6801a3c7547', 'type': 'Normal', 'message': 'Created pod: kube-state-metrics-6579fc54cc-zwmff', 'dateevent': '2023-01-29 12:12:44+00:00'}
root - WARNING - 

-----------------------------------------
root - WARNING - 

-----------------------------------------
root - WARNING - General Log - 
root - WARNING - {'name': 'kube-state-metrics.173ec6801973b9d6', 'type': 'Normal', 'message': 'Scaled up replica set kube-state-metrics-6579fc54cc to 1', 'dateevent': '2023-01-29 12:12:44+00:00'}
root - WARNING - 

-----------------------------------------
root - WARNING - 

-----------------------------------------
root - WARNING - General Log - 
root - WARNING - {'name': 'kube-znn-68bd9d6b5b-47cs4.173ec6807e72b21c', 'type': 'Normal', 'message': 'Successfully assigned default/kube-znn-68bd9d6b5b-47cs4 to minikube', 'dateevent': '2023-01-29 12:12:46+00:00'}
root - WARNING - 

-----------------------------------------
root - WARNING - 

-----------------------------------------
root - WARNING - General Log - 
root - WARNING - {'name': 'kube-znn-68bd9d6b5b-47cs4.173ec680baaafb89', 'type': 'Normal', 'message': 'Pulling image "cmendes/znn:800k"', 'dateevent': '2023-01-29 12:12:47+00:00'}
root - WARNING - 

-----------------------------------------
root - WARNING - 

-----------------------------------------
root - WARNING - General Log - 
root - WARNING - {'name': 'kube-znn-68bd9d6b5b-47cs4.173ec6890067f928', 'type': 'Normal', 'message': 'Successfully pulled image "cmendes/znn:800k"', 'dateevent': '2023-01-29 12:13:23+00:00'}
root - WARNING - 

-----------------------------------------
root - WARNING - 

-----------------------------------------
root - WARNING - General Log - 
root - WARNING - {'name': 'kube-znn-68bd9d6b5b-47cs4.173ec6891ea3779f', 'type': 'Normal', 'message': 'Created container znn', 'dateevent': '2023-01-29 12:13:23+00:00'}
root - WARNING - 

-----------------------------------------
root - WARNING - 

-----------------------------------------
root - WARNING - General Log - 
root - WARNING - {'name': 'kube-znn-68bd9d6b5b-47cs4.173ec6892a7a2242', 'type': 'Normal', 'message': 'Started container znn', 'dateevent': '2023-01-29 12:13:23+00:00'}
root - WARNING - 

-----------------------------------------
root - WARNING - 

-----------------------------------------
root - WARNING - General Log - 
root - WARNING - {'name': 'kube-znn-68bd9d6b5b-47cs4.173ec68934e81aab', 'type': 'Normal', 'message': 'Pulling image "openresty/openresty:alpine-fat"', 'dateevent': '2023-01-29 12:13:24+00:00'}
root - WARNING - 

-----------------------------------------
root - WARNING - 

-----------------------------------------
root - WARNING - General Log - 
root - WARNING - {'name': 'kube-znn-68bd9d6b5b-47cs4.173ec6a861c3a97e', 'type': 'Normal', 'message': 'Successfully pulled image "openresty/openresty:alpine-fat"', 'dateevent': '2023-01-29 12:15:37+00:00'}
root - WARNING - 

-----------------------------------------
root - WARNING - 

-----------------------------------------
root - WARNING - General Log - 
root - WARNING - {'name': 'kube-znn-68bd9d6b5b-47cs4.173ec6a9e7f4a98a', 'type': 'Normal', 'message': 'Created container nginx', 'dateevent': '2023-01-29 12:15:44+00:00'}
root - WARNING - 

-----------------------------------------
root - WARNING - 

-----------------------------------------
root - WARNING - General Log - 
root - WARNING - {'name': 'kube-znn-68bd9d6b5b-47cs4.173ec6a9f7e6e2ea', 'type': 'Normal', 'message': 'Started container nginx', 'dateevent': '2023-01-29 12:15:44+00:00'}
root - WARNING - 

-----------------------------------------
root - WARNING - 

-----------------------------------------
root - WARNING - General Log - 
root - WARNING - {'name': 'kube-znn-68bd9d6b5b.173ec6807e212fa4', 'type': 'Normal', 'message': 'Created pod: kube-znn-68bd9d6b5b-47cs4', 'dateevent': '2023-01-29 12:12:46+00:00'}
root - WARNING - 

-----------------------------------------
root - WARNING - 

-----------------------------------------
root - WARNING - General Log - 
root - WARNING - {'name': 'kube-znn-db-6cc48797cf-fjx28.173ec680804f2696', 'type': 'Normal', 'message': 'Successfully assigned default/kube-znn-db-6cc48797cf-fjx28 to minikube', 'dateevent': '2023-01-29 12:12:46+00:00'}
root - WARNING - 

-----------------------------------------
root - WARNING - 

-----------------------------------------
root - WARNING - General Log - 
root - WARNING - {'name': 'kube-znn-db-6cc48797cf-fjx28.173ec680d0423e3f', 'type': 'Normal', 'message': 'Pulling image "mysql:5.6"', 'dateevent': '2023-01-29 12:12:47+00:00'}
root - WARNING - 

-----------------------------------------
root - WARNING - 

-----------------------------------------
root - WARNING - General Log - 
root - WARNING - {'name': 'kube-znn-db-6cc48797cf-fjx28.173ec68bdcefe0f9', 'type': 'Normal', 'message': 'Successfully pulled image "mysql:5.6"', 'dateevent': '2023-01-29 12:13:35+00:00'}
root - WARNING - 

-----------------------------------------
root - WARNING - 

-----------------------------------------
root - WARNING - General Log - 
root - WARNING - {'name': 'kube-znn-db-6cc48797cf-fjx28.173ec68dd1a4ceba', 'type': 'Normal', 'message': 'Created container mysql', 'dateevent': '2023-01-29 12:13:43+00:00'}
root - WARNING - 

-----------------------------------------
root - WARNING - 

-----------------------------------------
root - WARNING - General Log - 
root - WARNING - {'name': 'kube-znn-db-6cc48797cf-fjx28.173ec68ddfd136f4', 'type': 'Normal', 'message': 'Started container mysql', 'dateevent': '2023-01-29 12:13:44+00:00'}
root - WARNING - 

-----------------------------------------
root - WARNING - 

-----------------------------------------
root - WARNING - General Log - 
root - WARNING - {'name': 'kube-znn-db-6cc48797cf-fjx28.173ec68e0ad04a02', 'type': 'Warning', 'message': 'Liveness probe failed: dial tcp 172.17.0.8:3306: connect: connection refused', 'dateevent': '2023-01-29 12:13:44+00:00'}
root - WARNING - 

-----------------------------------------
root - WARNING - 

-----------------------------------------
root - WARNING - General Log - 
root - WARNING - {'name': 'kube-znn-db-6cc48797cf.173ec6807f899d2e', 'type': 'Normal', 'message': 'Created pod: kube-znn-db-6cc48797cf-fjx28', 'dateevent': '2023-01-29 12:12:46+00:00'}
root - WARNING - 

-----------------------------------------
root - WARNING - 

-----------------------------------------
root - WARNING - General Log - 
root - WARNING - {'name': 'kube-znn-db.173ec6807e92ce39', 'type': 'Normal', 'message': 'Scaled up replica set kube-znn-db-6cc48797cf to 1', 'dateevent': '2023-01-29 12:12:46+00:00'}
root - WARNING - 

-----------------------------------------
root - WARNING - 

-----------------------------------------
root - WARNING - 

Captured event for znn: 
root - WARNING - {'name': 'kube-znn-db.173ec6807e92ce39', 'type': 'Normal', 'message': 'Scaled up replica set kube-znn-db-6cc48797cf to 1', 'dateevent': '2023-01-29 12:12:46+00:00', 'image': 'cmendes/znn:800k', 'replicas': 1, 'imageChanges': 0, 'replicasChanges': 1}
root - WARNING - 

-----------------------------------------
root - WARNING - 

-----------------------------------------
root - WARNING - General Log - 
root - WARNING - {'name': 'kube-znn.173ec6807dc10d4e', 'type': 'Normal', 'message': 'Scaled up replica set kube-znn-68bd9d6b5b to 1', 'dateevent': '2023-01-29 12:12:46+00:00'}
root - WARNING - 

-----------------------------------------
root - WARNING - 

-----------------------------------------
root - WARNING - 

Captured event for znn: 
root - WARNING - {'name': 'kube-znn.173ec6807dc10d4e', 'type': 'Normal', 'message': 'Scaled up replica set kube-znn-68bd9d6b5b to 1', 'dateevent': '2023-01-29 12:12:46+00:00', 'image': 'cmendes/znn:800k', 'replicas': 1, 'imageChanges': 0, 'replicasChanges': 1}
root - WARNING - 

-----------------------------------------
root - WARNING - 

-----------------------------------------
root - WARNING - General Log - 
root - WARNING - {'name': 'metacontroller-kubow-8479d7588d-b4c2t.173ec68292970b0c', 'type': 'Normal', 'message': 'Successfully assigned default/metacontroller-kubow-8479d7588d-b4c2t to minikube', 'dateevent': '2023-01-29 12:12:55+00:00'}
root - WARNING - 

-----------------------------------------
root - WARNING - 

-----------------------------------------
root - WARNING - General Log - 
root - WARNING - {'name': 'metacontroller-kubow-8479d7588d-b4c2t.173ec682bf55c4ea', 'type': 'Normal', 'message': 'Pulling image "cmendes/kubow:yellow-2"', 'dateevent': '2023-01-29 12:12:56+00:00'}
root - WARNING - 

-----------------------------------------
root - WARNING - 

-----------------------------------------
root - WARNING - General Log - 
root - WARNING - {'name': 'metacontroller-kubow-8479d7588d-b4c2t.173ec6a50a4e9bca', 'type': 'Normal', 'message': 'Successfully pulled image "cmendes/kubow:yellow-2"', 'dateevent': '2023-01-29 12:15:23+00:00'}
root - WARNING - 

-----------------------------------------
root - WARNING - 

-----------------------------------------
root - WARNING - General Log - 
root - WARNING - {'name': 'metacontroller-kubow-8479d7588d-b4c2t.173ec6a54e2bc3aa', 'type': 'Normal', 'message': 'Created container kubow', 'dateevent': '2023-01-29 12:15:24+00:00'}
root - WARNING - 

-----------------------------------------
root - WARNING - 

-----------------------------------------
root - WARNING - General Log - 
root - WARNING - {'name': 'metacontroller-kubow-8479d7588d-b4c2t.173ec6a55f52fca9', 'type': 'Normal', 'message': 'Started container kubow', 'dateevent': '2023-01-29 12:15:25+00:00'}
root - WARNING - 

-----------------------------------------
root - WARNING - 

-----------------------------------------
root - WARNING - General Log - 
root - WARNING - {'name': 'metacontroller-kubow-8479d7588d.173ec682921dfe6d', 'type': 'Normal', 'message': 'Created pod: metacontroller-kubow-8479d7588d-b4c2t', 'dateevent': '2023-01-29 12:12:55+00:00'}
root - WARNING - 

-----------------------------------------
root - WARNING - 

-----------------------------------------
root - WARNING - General Log - 
root - WARNING - {'name': 'metacontroller-kubow.173ec68291ebb9f4', 'type': 'Normal', 'message': 'Scaled up replica set metacontroller-kubow-8479d7588d to 1', 'dateevent': '2023-01-29 12:12:55+00:00'}
root - WARNING - 

-----------------------------------------
root - WARNING - 

-----------------------------------------
root - WARNING - General Log - 
root - WARNING - {'name': 'minikube.173ec67a160e681f', 'type': 'Normal', 'message': 'Starting kubelet.', 'dateevent': '2023-01-29 12:12:26+00:00'}
root - WARNING - 

-----------------------------------------
root - WARNING - 

-----------------------------------------
root - WARNING - General Log - 
root - WARNING - {'name': 'minikube.173ec67a1c68d74d', 'type': 'Normal', 'message': 'Node minikube status is now: NodeHasSufficientMemory', 'dateevent': '2023-01-29 12:12:26+00:00'}
root - WARNING - 

-----------------------------------------
root - WARNING - 

-----------------------------------------
root - WARNING - General Log - 
root - WARNING - {'name': 'minikube.173ec67a1c697b56', 'type': 'Normal', 'message': 'Node minikube status is now: NodeHasNoDiskPressure', 'dateevent': '2023-01-29 12:12:26+00:00'}
root - WARNING - 

-----------------------------------------
root - WARNING - 

-----------------------------------------
root - WARNING - General Log - 
root - WARNING - {'name': 'minikube.173ec67a1c698c21', 'type': 'Normal', 'message': 'Node minikube status is now: NodeHasSufficientPID', 'dateevent': '2023-01-29 12:12:26+00:00'}
root - WARNING - 

-----------------------------------------
root - WARNING - 

-----------------------------------------
root - WARNING - General Log - 
root - WARNING - {'name': 'minikube.173ec67a1e5f049d', 'type': 'Normal', 'message': 'Updated Node Allocatable limit across pods', 'dateevent': '2023-01-29 12:12:26+00:00'}
root - WARNING - 

-----------------------------------------
root - WARNING - 

-----------------------------------------
root - WARNING - General Log - 
root - WARNING - {'name': 'minikube.173ec67f6e1d2ae7', 'type': 'Normal', 'message': 'Node minikube event: Registered Node minikube in Controller', 'dateevent': '2023-01-29 12:12:42+00:00'}
root - WARNING - 

-----------------------------------------
root - WARNING - 

-----------------------------------------
root - WARNING - General Log - 
root - WARNING - {'name': 'minikube.173ec67fa7fc14e9', 'type': 'Normal', 'message': 'Starting kube-proxy.', 'dateevent': '2023-01-29 12:12:43+00:00'}
root - WARNING - 

-----------------------------------------
root - WARNING - 

-----------------------------------------
root - WARNING - General Log - 
root - WARNING - {'name': 'nginx-config.173ec69003f546ef', 'type': 'Normal', 'message': 'Configuration from default/nginx-config was updated ', 'dateevent': '2023-01-29 12:13:53+00:00'}
root - WARNING - 

-----------------------------------------
root - WARNING - 

-----------------------------------------
root - WARNING - General Log - 
root - WARNING - {'name': 'nginx-ingress-7f5885d87c-vks8c.173ec680d95ae646', 'type': 'Normal', 'message': 'Successfully assigned default/nginx-ingress-7f5885d87c-vks8c to minikube', 'dateevent': '2023-01-29 12:12:48+00:00'}
root - WARNING - 

-----------------------------------------
root - WARNING - 

-----------------------------------------
root - WARNING - General Log - 
root - WARNING - {'name': 'nginx-ingress-7f5885d87c-vks8c.173ec68103767b8b', 'type': 'Normal', 'message': 'Pulling image "nginx/nginx-ingress:1.7.0"', 'dateevent': '2023-01-29 12:12:48+00:00'}
root - WARNING - 

-----------------------------------------
root - WARNING - 

-----------------------------------------
root - WARNING - General Log - 
root - WARNING - {'name': 'nginx-ingress-7f5885d87c-vks8c.173ec68f6ccc148b', 'type': 'Normal', 'message': 'Successfully pulled image "nginx/nginx-ingress:1.7.0"', 'dateevent': '2023-01-29 12:13:50+00:00'}
root - WARNING - 

-----------------------------------------
root - WARNING - 

-----------------------------------------
root - WARNING - General Log - 
root - WARNING - {'name': 'nginx-ingress-7f5885d87c-vks8c.173ec68fd25049ff', 'type': 'Normal', 'message': 'Created container nginx-ingress', 'dateevent': '2023-01-29 12:13:52+00:00'}
root - WARNING - 

-----------------------------------------
root - WARNING - 

-----------------------------------------
root - WARNING - General Log - 
root - WARNING - {'name': 'nginx-ingress-7f5885d87c-vks8c.173ec68fdf0c19a1', 'type': 'Normal', 'message': 'Started container nginx-ingress', 'dateevent': '2023-01-29 12:13:52+00:00'}
root - WARNING - 

-----------------------------------------
root - WARNING - 

-----------------------------------------
root - WARNING - General Log - 
root - WARNING - {'name': 'nginx-ingress-7f5885d87c.173ec68099b15f3c', 'type': 'Warning', 'message': 'Error creating: pods "nginx-ingress-7f5885d87c-" is forbidden: error looking up service account default/nginx-ingress: serviceaccount "nginx-ingress" not found', 'dateevent': '2023-01-29 12:12:47+00:00'}
root - WARNING - 

-----------------------------------------
root - WARNING - 

-----------------------------------------
root - WARNING - General Log - 
root - WARNING - {'name': 'nginx-ingress-7f5885d87c.173ec680d9274c9c', 'type': 'Normal', 'message': 'Created pod: nginx-ingress-7f5885d87c-vks8c', 'dateevent': '2023-01-29 12:12:48+00:00'}
root - WARNING - 

-----------------------------------------
root - WARNING - 

-----------------------------------------
root - WARNING - General Log - 
root - WARNING - {'name': 'nginx-ingress.173ec68098fb2d8d', 'type': 'Normal', 'message': 'Scaled up replica set nginx-ingress-7f5885d87c to 1', 'dateevent': '2023-01-29 12:12:47+00:00'}
root - WARNING - 

-----------------------------------------
root - WARNING - 

-----------------------------------------
root - WARNING - General Log - 
root - WARNING - {'name': 'prometheus-7d59995979-6fzzd.173ec6801ca36769', 'type': 'Normal', 'message': 'Successfully assigned default/prometheus-7d59995979-6fzzd to minikube', 'dateevent': '2023-01-29 12:12:44+00:00'}
root - WARNING - 

-----------------------------------------
root - WARNING - 

-----------------------------------------
root - WARNING - General Log - 
root - WARNING - {'name': 'prometheus-7d59995979-6fzzd.173ec680643cdca3', 'type': 'Warning', 'message': 'MountVolume.SetUp failed for volume "prometheus-config" : failed to sync configmap cache: timed out waiting for the condition', 'dateevent': '2023-01-29 12:12:46+00:00'}
root - WARNING - 

-----------------------------------------
root - WARNING - 

-----------------------------------------
root - WARNING - General Log - 
root - WARNING - {'name': 'prometheus-7d59995979-6fzzd.173ec680a3d7f7c4', 'type': 'Normal', 'message': 'Pulling image "prom/prometheus:v2.16.0"', 'dateevent': '2023-01-29 12:12:47+00:00'}
root - WARNING - 

-----------------------------------------
root - WARNING - 

-----------------------------------------
root - WARNING - General Log - 
root - WARNING - {'name': 'prometheus-7d59995979-6fzzd.173ec6877a3e0fc1', 'type': 'Normal', 'message': 'Successfully pulled image "prom/prometheus:v2.16.0"', 'dateevent': '2023-01-29 12:13:16+00:00'}
root - WARNING - 

-----------------------------------------
root - WARNING - 

-----------------------------------------
root - WARNING - General Log - 
root - WARNING - {'name': 'prometheus-7d59995979-6fzzd.173ec687827b7c5f', 'type': 'Normal', 'message': 'Created container prometheus', 'dateevent': '2023-01-29 12:13:16+00:00'}
root - WARNING - 

-----------------------------------------
root - WARNING - 

-----------------------------------------
root - WARNING - General Log - 
root - WARNING - {'name': 'prometheus-7d59995979-6fzzd.173ec6878d80fbba', 'type': 'Normal', 'message': 'Started container prometheus', 'dateevent': '2023-01-29 12:13:16+00:00'}
root - WARNING - 

-----------------------------------------
root - WARNING - 

-----------------------------------------
root - WARNING - General Log - 
root - WARNING - {'name': 'prometheus-7d59995979.173ec6801bb2db66', 'type': 'Normal', 'message': 'Created pod: prometheus-7d59995979-6fzzd', 'dateevent': '2023-01-29 12:12:44+00:00'}
root - WARNING - 

-----------------------------------------
root - WARNING - 

-----------------------------------------
root - WARNING - General Log - 
root - WARNING - {'name': 'prometheus.173ec6801b4fe632', 'type': 'Normal', 'message': 'Scaled up replica set prometheus-7d59995979 to 1', 'dateevent': '2023-01-29 12:12:44+00:00'}
root - WARNING - 

-----------------------------------------
root - WARNING - 

-----------------------------------------
root - WARNING - General Log - 
root - WARNING - {'name': 'scalabilitya-78d6cbbc7d-x9b9s.173ec6815d03e0cd', 'type': 'Normal', 'message': 'Successfully assigned default/scalabilitya-78d6cbbc7d-x9b9s to minikube', 'dateevent': '2023-01-29 12:12:50+00:00'}
root - WARNING - 

-----------------------------------------
root - WARNING - 

-----------------------------------------
root - WARNING - 

Captured event for Metacontroller and microcontrollers: 
root - WARNING - 

 MetaController has adapted the microcontrollers.
root - WARNING - {'name': 'scalabilitya-78d6cbbc7d-x9b9s.173ec6815d03e0cd', 'type': 'Normal', 'message': 'Successfully assigned default/scalabilitya-78d6cbbc7d-x9b9s to minikube', 'dateevent': '2023-01-29 12:12:50+00:00'}
root - WARNING - 

-----------------------------------------
root - WARNING - 

-----------------------------------------
root - WARNING - General Log - 
root - WARNING - {'name': 'scalabilitya-78d6cbbc7d-x9b9s.173ec681a9035b10', 'type': 'Normal', 'message': 'Pulling image "cmendes/kubow:yellow-2"', 'dateevent': '2023-01-29 12:12:51+00:00'}
root - WARNING - 

-----------------------------------------
root - WARNING - 

-----------------------------------------
root - WARNING - 

Captured event for Metacontroller and microcontrollers: 
root - WARNING - 

 MetaController has adapted the microcontrollers.
root - WARNING - {'name': 'scalabilitya-78d6cbbc7d-x9b9s.173ec681a9035b10', 'type': 'Normal', 'message': 'Pulling image "cmendes/kubow:yellow-2"', 'dateevent': '2023-01-29 12:12:51+00:00'}
root - WARNING - 

-----------------------------------------
root - WARNING - 

-----------------------------------------
root - WARNING - General Log - 
root - WARNING - {'name': 'scalabilitya-78d6cbbc7d-x9b9s.173ec6978262c4cb', 'type': 'Normal', 'message': 'Successfully pulled image "cmendes/kubow:yellow-2"', 'dateevent': '2023-01-29 12:14:25+00:00'}
root - WARNING - 

-----------------------------------------
root - WARNING - 

-----------------------------------------
root - WARNING - 

Captured event for Metacontroller and microcontrollers: 
root - WARNING - 

 MetaController has adapted the microcontrollers.
root - WARNING - {'name': 'scalabilitya-78d6cbbc7d-x9b9s.173ec6978262c4cb', 'type': 'Normal', 'message': 'Successfully pulled image "cmendes/kubow:yellow-2"', 'dateevent': '2023-01-29 12:14:25+00:00'}
root - WARNING - 

-----------------------------------------
root - WARNING - 

-----------------------------------------
root - WARNING - General Log - 
root - WARNING - {'name': 'scalabilitya-78d6cbbc7d-x9b9s.173ec697c4db027e', 'type': 'Normal', 'message': 'Created container kubow', 'dateevent': '2023-01-29 12:14:26+00:00'}
root - WARNING - 

-----------------------------------------
root - WARNING - 

-----------------------------------------
root - WARNING - 

Captured event for Metacontroller and microcontrollers: 
root - WARNING - 

 MetaController has adapted the microcontrollers.
root - WARNING - {'name': 'scalabilitya-78d6cbbc7d-x9b9s.173ec697c4db027e', 'type': 'Normal', 'message': 'Created container kubow', 'dateevent': '2023-01-29 12:14:26+00:00'}
root - WARNING - 

-----------------------------------------
root - WARNING - 

-----------------------------------------
root - WARNING - General Log - 
root - WARNING - {'name': 'scalabilitya-78d6cbbc7d-x9b9s.173ec697d1755948', 'type': 'Normal', 'message': 'Started container kubow', 'dateevent': '2023-01-29 12:14:26+00:00'}
root - WARNING - 

-----------------------------------------
root - WARNING - 

-----------------------------------------
root - WARNING - 

Captured event for Metacontroller and microcontrollers: 
root - WARNING - 

 MetaController has adapted the microcontrollers.
root - WARNING - {'name': 'scalabilitya-78d6cbbc7d-x9b9s.173ec697d1755948', 'type': 'Normal', 'message': 'Started container kubow', 'dateevent': '2023-01-29 12:14:26+00:00'}
root - WARNING - 

-----------------------------------------
root - WARNING - 

-----------------------------------------
root - WARNING - General Log - 
root - WARNING - {'name': 'scalabilitya-78d6cbbc7d.173ec6815c875283', 'type': 'Normal', 'message': 'Created pod: scalabilitya-78d6cbbc7d-x9b9s', 'dateevent': '2023-01-29 12:12:50+00:00'}
root - WARNING - 

-----------------------------------------
root - WARNING - 

-----------------------------------------
root - WARNING - 

Captured event for Metacontroller and microcontrollers: 
root - WARNING - 

 MetaController has adapted the microcontrollers.
root - WARNING - {'name': 'scalabilitya-78d6cbbc7d.173ec6815c875283', 'type': 'Normal', 'message': 'Created pod: scalabilitya-78d6cbbc7d-x9b9s', 'dateevent': '2023-01-29 12:12:50+00:00'}
root - WARNING - 

-----------------------------------------
root - WARNING - 

-----------------------------------------
root - WARNING - General Log - 
root - WARNING - {'name': 'scalabilitya.173ec6815c1d15c5', 'type': 'Normal', 'message': 'Scaled up replica set scalabilitya-78d6cbbc7d to 1', 'dateevent': '2023-01-29 12:12:50+00:00'}
root - WARNING - 

-----------------------------------------
root - WARNING - 

-----------------------------------------
root - WARNING - 

Captured event for Metacontroller and microcontrollers: 
root - WARNING - 

 MetaController has adapted the microcontrollers.
root - WARNING - {'name': 'scalabilitya.173ec6815c1d15c5', 'type': 'Normal', 'message': 'Scaled up replica set scalabilitya-78d6cbbc7d to 1', 'dateevent': '2023-01-29 12:12:50+00:00'}
root - WARNING - 

-----------------------------------------
root - WARNING - 

-----------------------------------------
root - WARNING - General Log - 
root - WARNING - {'name': 'coredns-5644d7b6d9-6g7zr.173ec67f8b749c1d', 'type': 'Normal', 'message': 'Successfully assigned kube-system/coredns-5644d7b6d9-6g7zr to minikube', 'dateevent': '2023-01-29 12:12:42+00:00'}
root - WARNING - 

-----------------------------------------
root - WARNING - 

-----------------------------------------
root - WARNING - General Log - 
root - WARNING - {'name': 'coredns-5644d7b6d9-6g7zr.173ec67fb92b52a3', 'type': 'Normal', 'message': 'Container image "k8s.gcr.io/coredns:1.6.2" already present on machine', 'dateevent': '2023-01-29 12:12:43+00:00'}
root - WARNING - 

-----------------------------------------
root - WARNING - 

-----------------------------------------
root - WARNING - General Log - 
root - WARNING - {'name': 'coredns-5644d7b6d9-6g7zr.173ec67fbd024dd0', 'type': 'Normal', 'message': 'Created container coredns', 'dateevent': '2023-01-29 12:12:43+00:00'}
root - WARNING - 

-----------------------------------------
root - WARNING - 

-----------------------------------------
root - WARNING - General Log - 
root - WARNING - {'name': 'coredns-5644d7b6d9-6g7zr.173ec67fc7a82c2f', 'type': 'Normal', 'message': 'Started container coredns', 'dateevent': '2023-01-29 12:12:43+00:00'}
root - WARNING - 

-----------------------------------------
root - WARNING - 

-----------------------------------------
root - WARNING - General Log - 
root - WARNING - {'name': 'coredns-5644d7b6d9.173ec67f8b41bb05', 'type': 'Normal', 'message': 'Created pod: coredns-5644d7b6d9-6g7zr', 'dateevent': '2023-01-29 12:12:42+00:00'}
root - WARNING - 

-----------------------------------------
root - WARNING - 

-----------------------------------------
root - WARNING - General Log - 
root - WARNING - {'name': 'coredns.173ec67f8a8814df', 'type': 'Normal', 'message': 'Scaled up replica set coredns-5644d7b6d9 to 1', 'dateevent': '2023-01-29 12:12:42+00:00'}
root - WARNING - 

-----------------------------------------
root - WARNING - 

-----------------------------------------
root - WARNING - General Log - 
root - WARNING - {'name': 'etcd-minikube.173ec67a8f6b038a', 'type': 'Normal', 'message': 'Container image "k8s.gcr.io/etcd:3.3.15-0" already present on machine', 'dateevent': '2023-01-29 12:12:30+00:00'}
root - WARNING - 

-----------------------------------------
root - WARNING - 

-----------------------------------------
root - WARNING - General Log - 
root - WARNING - {'name': 'etcd-minikube.173ec67a955992cd', 'type': 'Normal', 'message': 'Created container etcd', 'dateevent': '2023-01-29 12:12:31+00:00'}
root - WARNING - 

-----------------------------------------
root - WARNING - 

-----------------------------------------
root - WARNING - General Log - 
root - WARNING - {'name': 'etcd-minikube.173ec67aa1ab112d', 'type': 'Normal', 'message': 'Started container etcd', 'dateevent': '2023-01-29 12:12:32+00:00'}
root - WARNING - 

-----------------------------------------
root - WARNING - 

-----------------------------------------
root - WARNING - General Log - 
root - WARNING - {'name': 'k8s.io-minikube-hostpath.173ec6873fab7252', 'type': 'Normal', 'message': 'minikube_c54bca5e-2e23-460c-9beb-666d3294f901 became leader', 'dateevent': '2023-01-29 12:13:15+00:00'}
root - WARNING - 

-----------------------------------------
root - WARNING - 

-----------------------------------------
root - WARNING - General Log - 
root - WARNING - {'name': 'kube-apiserver-minikube.173ec67a8f6b038a', 'type': 'Normal', 'message': 'Container image "k8s.gcr.io/kube-apiserver:v1.16.10" already present on machine', 'dateevent': '2023-01-29 12:12:30+00:00'}
root - WARNING - 

-----------------------------------------
root - WARNING - 

-----------------------------------------
root - WARNING - General Log - 
root - WARNING - {'name': 'kube-apiserver-minikube.173ec67a955840f7', 'type': 'Normal', 'message': 'Created container kube-apiserver', 'dateevent': '2023-01-29 12:12:31+00:00'}
root - WARNING - 

-----------------------------------------
root - WARNING - 

-----------------------------------------
root - WARNING - General Log - 
root - WARNING - {'name': 'kube-apiserver-minikube.173ec67aa21a4e68', 'type': 'Normal', 'message': 'Started container kube-apiserver', 'dateevent': '2023-01-29 12:12:32+00:00'}
root - WARNING - 

-----------------------------------------
root - WARNING - 

-----------------------------------------
root - WARNING - General Log - 
root - WARNING - {'name': 'kube-controller-manager-minikube.173ec67a8d672bad', 'type': 'Normal', 'message': 'Container image "k8s.gcr.io/kube-controller-manager:v1.16.10" already present on machine', 'dateevent': '2023-01-29 12:12:30+00:00'}
root - WARNING - 

-----------------------------------------
root - WARNING - 

-----------------------------------------
root - WARNING - General Log - 
root - WARNING - {'name': 'kube-controller-manager-minikube.173ec67a94bba869', 'type': 'Normal', 'message': 'Created container kube-controller-manager', 'dateevent': '2023-01-29 12:12:31+00:00'}
root - WARNING - 

-----------------------------------------
root - WARNING - 

-----------------------------------------
root - WARNING - General Log - 
root - WARNING - {'name': 'kube-controller-manager-minikube.173ec67a9f803b67', 'type': 'Normal', 'message': 'Started container kube-controller-manager', 'dateevent': '2023-01-29 12:12:31+00:00'}
root - WARNING - 

-----------------------------------------
root - WARNING - 

-----------------------------------------
root - WARNING - General Log - 
root - WARNING - {'name': 'kube-proxy-t94pv.173ec67f6c4e35c1', 'type': 'Normal', 'message': 'Successfully assigned kube-system/kube-proxy-t94pv to minikube', 'dateevent': '2023-01-29 12:12:42+00:00'}
root - WARNING - 

-----------------------------------------
root - WARNING - 

-----------------------------------------
root - WARNING - General Log - 
root - WARNING - {'name': 'kube-proxy-t94pv.173ec67f93b145f5', 'type': 'Normal', 'message': 'Container image "k8s.gcr.io/kube-proxy:v1.16.10" already present on machine', 'dateevent': '2023-01-29 12:12:42+00:00'}
root - WARNING - 

-----------------------------------------
root - WARNING - 

-----------------------------------------
root - WARNING - General Log - 
root - WARNING - {'name': 'kube-proxy-t94pv.173ec67f97d41545', 'type': 'Normal', 'message': 'Created container kube-proxy', 'dateevent': '2023-01-29 12:12:42+00:00'}
root - WARNING - 

-----------------------------------------
root - WARNING - 

-----------------------------------------
root - WARNING - General Log - 
root - WARNING - {'name': 'kube-proxy-t94pv.173ec67fa1ddcf89', 'type': 'Normal', 'message': 'Started container kube-proxy', 'dateevent': '2023-01-29 12:12:42+00:00'}
root - WARNING - 

-----------------------------------------
root - WARNING - 

-----------------------------------------
root - WARNING - General Log - 
root - WARNING - {'name': 'kube-proxy.173ec67f6c08ea35', 'type': 'Normal', 'message': 'Created pod: kube-proxy-t94pv', 'dateevent': '2023-01-29 12:12:42+00:00'}
root - WARNING - 

-----------------------------------------
root - WARNING - 

-----------------------------------------
root - WARNING - General Log - 
root - WARNING - {'name': 'kube-scheduler-minikube.173ec67a8ee2868e', 'type': 'Normal', 'message': 'Container image "k8s.gcr.io/kube-scheduler:v1.16.10" already present on machine', 'dateevent': '2023-01-29 12:12:30+00:00'}
root - WARNING - 

-----------------------------------------
root - WARNING - 

-----------------------------------------
root - WARNING - General Log - 
root - WARNING - {'name': 'kube-scheduler-minikube.173ec67a9497591b', 'type': 'Normal', 'message': 'Created container kube-scheduler', 'dateevent': '2023-01-29 12:12:30+00:00'}
root - WARNING - 

-----------------------------------------
root - WARNING - 

-----------------------------------------
root - WARNING - General Log - 
root - WARNING - {'name': 'kube-scheduler-minikube.173ec67aa0723b12', 'type': 'Normal', 'message': 'Started container kube-scheduler', 'dateevent': '2023-01-29 12:12:31+00:00'}
root - WARNING - 

-----------------------------------------
root - WARNING - 

-----------------------------------------
root - WARNING - General Log - 
root - WARNING - {'name': 'metrics-server-9c97ff6d4-tf6bf.173ec68018666797', 'type': 'Normal', 'message': 'Successfully assigned kube-system/metrics-server-9c97ff6d4-tf6bf to minikube', 'dateevent': '2023-01-29 12:12:44+00:00'}
root - WARNING - 

-----------------------------------------
root - WARNING - 

-----------------------------------------
root - WARNING - General Log - 
root - WARNING - {'name': 'metrics-server-9c97ff6d4-tf6bf.173ec680442f0574', 'type': 'Normal', 'message': 'Pulling image "k8s.gcr.io/metrics-server-amd64:v0.3.6"', 'dateevent': '2023-01-29 12:12:45+00:00'}
root - WARNING - 

-----------------------------------------
root - WARNING - 

-----------------------------------------
root - WARNING - General Log - 
root - WARNING - {'name': 'metrics-server-9c97ff6d4-tf6bf.173ec682062bf83c', 'type': 'Normal', 'message': 'Successfully pulled image "k8s.gcr.io/metrics-server-amd64:v0.3.6"', 'dateevent': '2023-01-29 12:12:53+00:00'}
root - WARNING - 

-----------------------------------------
root - WARNING - 

-----------------------------------------
root - WARNING - General Log - 
root - WARNING - {'name': 'metrics-server-9c97ff6d4-tf6bf.173ec682158a0927', 'type': 'Normal', 'message': 'Created container metrics-server', 'dateevent': '2023-01-29 12:12:53+00:00'}
root - WARNING - 

-----------------------------------------
root - WARNING - 

-----------------------------------------
root - WARNING - General Log - 
root - WARNING - {'name': 'metrics-server-9c97ff6d4-tf6bf.173ec6821f01bb8f', 'type': 'Normal', 'message': 'Started container metrics-server', 'dateevent': '2023-01-29 12:12:53+00:00'}
root - WARNING - 

-----------------------------------------
root - WARNING - 

-----------------------------------------
root - WARNING - General Log - 
root - WARNING - {'name': 'metrics-server-9c97ff6d4.173ec68017ba8521', 'type': 'Normal', 'message': 'Created pod: metrics-server-9c97ff6d4-tf6bf', 'dateevent': '2023-01-29 12:12:44+00:00'}
root - WARNING - 

-----------------------------------------
root - WARNING - 

-----------------------------------------
root - WARNING - General Log - 
root - WARNING - {'name': 'metrics-server.173ec68016ca23b0', 'type': 'Normal', 'message': 'Scaled up replica set metrics-server-9c97ff6d4 to 1', 'dateevent': '2023-01-29 12:12:44+00:00'}
root - WARNING - 

-----------------------------------------
root - WARNING - 

-----------------------------------------
root - WARNING - General Log - 
root - WARNING - {'name': 'storage-provisioner.173ec67cf4e1988d', 'type': 'Warning', 'message': "0/1 nodes are available: 1 node(s) had taints that the pod didn't tolerate.", 'dateevent': '2023-01-29 12:12:31+00:00'}
root - WARNING - 

-----------------------------------------
root - WARNING - 

-----------------------------------------
root - WARNING - General Log - 
root - WARNING - {'name': 'storage-provisioner.173ec67f717a5c42', 'type': 'Normal', 'message': 'Successfully assigned kube-system/storage-provisioner to minikube', 'dateevent': '2023-01-29 12:12:42+00:00'}
root - WARNING - 

-----------------------------------------
root - WARNING - 

-----------------------------------------
root - WARNING - General Log - 
root - WARNING - {'name': 'storage-provisioner.173ec67f971c976b', 'type': 'Normal', 'message': 'Container image "gcr.io/k8s-minikube/storage-provisioner:v5" already present on machine', 'dateevent': '2023-01-29 12:12:42+00:00'}
root - WARNING - 

-----------------------------------------
root - WARNING - 

-----------------------------------------
root - WARNING - General Log - 
root - WARNING - {'name': 'storage-provisioner.173ec67f9b995700', 'type': 'Normal', 'message': 'Created container storage-provisioner', 'dateevent': '2023-01-29 12:12:42+00:00'}
root - WARNING - 

-----------------------------------------
root - WARNING - 

-----------------------------------------
root - WARNING - General Log - 
root - WARNING - {'name': 'storage-provisioner.173ec67fa8d85a27', 'type': 'Normal', 'message': 'Started container storage-provisioner', 'dateevent': '2023-01-29 12:12:43+00:00'}
root - WARNING - 

-----------------------------------------
root - WARNING - 

-----------------------------------------
root - WARNING - An exception occurred
root - WARNING - Error: <class 'urllib3.exceptions.ReadTimeoutError'>
root - WARNING - 

-----------------------------------------
root - WARNING - 

Data collection
root - WARNING - Datetime:
root - WARNING - 20230129_092423
root - WARNING - {'name': 'Kube-znn', 'period': 0, 'initialreplicas': 1, 'initialimage': 'cmendes/znn:800k', 'initialreplicasChanges': '0', 'initialimageChanges': '0', 'initialevent': '20230129_091823', 'current_replicas': 1, 'current_image': 'cmendes/znn:800k', 'finalreplicasChanges': 1, 'finalimageChanges': 0, 'finalevent': '20230129_092423'}
root - WARNING - 

-----------------------------------------
root - WARNING - 

-----------------------------------------
root - WARNING - Generating logs for Kubow and K6.
root - WARNING - File fidelitya-778c6c6b8b-hvw66_tracing_20230129_091823.loghas been generated.
root - WARNING - File k6-h6ctk_tracing_20230129_091823.loghas been generated.
root - WARNING - File metacontroller-kubow-8479d7588d-b4c2t_tracing_20230129_091823.loghas been generated.
root - WARNING - File scalabilitya-78d6cbbc7d-x9b9s_tracing_20230129_091823.loghas been generated.
root - WARNING - Finished pod stream.
root - WARNING - 

-----------------------------------------
