Reading file: automatingDataGeneration.sh
Reading file: CLong10
Reading file: CLong10.7z
Reading file: CShort10
Reading file: CShort10.7z
Reading file: Evaluation-ZNN.7z
Reading file: fidelitya-5b8dd7f8c7-nst74_tracing_20230129_203323.log

fidelitya data

Reading file: fidelityb-67c8fc5999-cj9pn_tracing_20230129_203323.log

fidelityb data

2023-01-29 23:36:03 : t0:removeHighQuality

2023-01-29 23:36:08 : t0:removeHighQuality

2023-01-29 23:36:13 : t0:removeHighQuality

2023-01-29 23:36:18 : t0:removeHighQuality

2023-01-29 23:36:23 : t0:removeHighQuality

2023-01-29 23:36:28 : t0:removeHighQuality

2023-01-29 23:36:33 : t0:lowerFidelity

2023-01-29 23:36:48 : t0:addHighQuality

2023-01-29 23:36:53 : t0:addHighQuality

2023-01-29 23:36:58 : t0:lowerFidelity

2023-01-29 23:37:13 : t0:lowerFidelity

2023-01-29 23:37:28 : t0:addHighQuality

2023-01-29 23:37:33 : t0:addHighQuality

2023-01-29 23:37:38 : t0:addHighQuality

2023-01-29 23:37:43 : t0:addHighQuality

2023-01-29 23:37:48 : t0:addHighQuality

2023-01-29 23:37:53 : t0:addHighQuality

2023-01-29 23:37:58 : t0:addHighQuality

2023-01-29 23:38:03 : t0:raiseFidelity

2023-01-29 23:38:08 : t0:addHighQuality

2023-01-29 23:38:13 : t0:addHighQuality

2023-01-29 23:38:18 : t0:addHighQuality

2023-01-29 23:38:23 : t0:addHighQuality

2023-01-29 23:38:28 : t0:addHighQuality

2023-01-29 23:38:33 : t0:addHighQuality

2023-01-29 23:38:38 : t0:addHighQuality

2023-01-29 23:38:43 : t0:addHighQuality

2023-01-29 23:38:48 : t0:raiseFidelity

2023-01-29 23:38:53 : t0:raiseFidelity

Reading file: generateLogs104811
Reading file: generateLogs111449
Reading file: generateLogs115104
Reading file: generateLogs122114
Reading file: generateLogs125158
Reading file: generateLogs131404
Reading file: generateLogs134457
Reading file: generateLogs140932
Reading file: generateLogs144048
Reading file: generateLogs145725
Reading file: generateLogs152330
Reading file: generateLogs155416
Reading file: generateLogs162628
Reading file: generateLogs165146
Reading file: generateLogs172723
Reading file: generateLogs174859
Reading file: generateLogs181909
Reading file: generateLogs184936
Reading file: generateLogs192145
Reading file: generateLogs195734
Reading file: generateLogs2.sh
Reading file: generateLogs202056
Reading file: k6-lqnct_tracing_20230129_203323.log
Reading file: README.md
Reading file: scalabilityb-66d698fc76-zb5nm_tracing_20230129_203323.log

scalabilityb data

2023-01-29 23:34:57 : t0:removeHighScalability

2023-01-29 23:35:02 : t0:removeHighScalability

2023-01-29 23:35:07 : t0:removeHighScalability

2023-01-29 23:35:12 : t0:removeHighScalability

2023-01-29 23:35:17 : t0:removeHighScalability

2023-01-29 23:35:22 : t0:removeHighScalability

2023-01-29 23:35:27 : t0:removeHighScalability

2023-01-29 23:35:32 : t0:removeHighScalability

2023-01-29 23:35:37 : t0:removeHighScalability

2023-01-29 23:35:42 : t0:removeHighScalability

2023-01-29 23:35:47 : t0:removeHighScalability

2023-01-29 23:35:52 : t0:removeHighScalability

2023-01-29 23:35:57 : t0:removeHighScalability

2023-01-29 23:36:02 : t0:removeHighScalability

2023-01-29 23:36:07 : t0:removeHighScalability

2023-01-29 23:36:12 : t0:removeHighScalability

2023-01-29 23:36:17 : t0:removeHighScalability

2023-01-29 23:36:22 : t0:removeHighScalability

2023-01-29 23:36:27 : t0:removeHighScalability

2023-01-29 23:36:32 : t0:removeHighScalability

2023-01-29 23:36:37 : t0:removeHighScalability

2023-01-29 23:36:42 : t0:removeHighScalability

2023-01-29 23:36:47 : t0:removeHighScalability

2023-01-29 23:36:52 : t0:removeHighScalability

2023-01-29 23:36:57 : t0:removeHighScalability

2023-01-29 23:37:02 : t0:removeHighScalability

2023-01-29 23:37:07 : t0:addHighScalability

2023-01-29 23:37:12 : t0:addHighScalability

2023-01-29 23:37:17 : t0:addHighScalability

2023-01-29 23:37:22 : t0:addHighScalability

2023-01-29 23:37:27 : t0:addHighScalability

2023-01-29 23:37:32 : t0:addHighScalability

2023-01-29 23:37:37 : t0:addHighScalability

2023-01-29 23:37:42 : t0:addHighScalability

2023-01-29 23:37:47 : t0:addHighScalability

2023-01-29 23:37:52 : t0:removeHighScalability

2023-01-29 23:37:57 : t0:removeHighScalability

2023-01-29 23:38:02 : t0:removeReplica

Reading file: summary-trace-znn.log
Reading file: temp
Reading file: temp2701
Reading file: test
Reading file: tools
Reading file: traceznn_20230129_203323.log

Trace znn data

{'name': 'kube-znn-db.173eeb30277e8548', 'type': 'Normal', 'message': 'Scaled up replica set kube-znn-db-558bb5dd64 to 1', 'dateevent': '2023-01-29 23:25:03+00:00', 'image': 'cmendes/znn:800k', 'replicas': 1, 'imageChanges': 0, 'replicasChanges': 1}

{'name': 'kube-znn.173eeb30258d284b', 'type': 'Normal', 'message': 'Scaled up replica set kube-znn-744bbbc54b to 1', 'dateevent': '2023-01-29 23:25:03+00:00', 'image': 'cmendes/znn:800k', 'replicas': 1, 'imageChanges': 0, 'replicasChanges': 1}

{'name': 'kube-znn.173eeba6d08e2c33', 'type': 'Normal', 'message': 'Scaled up replica set kube-znn-744bbbc54b to 2', 'dateevent': '2023-01-29 23:33:33+00:00', 'image': 'cmendes/znn:800k', 'replicas': 2, 'imageChanges': 0, 'replicasChanges': 2}

{'name': 'kube-znn.173eeba8d78884b4', 'type': 'Normal', 'message': 'Scaled up replica set kube-znn-744bbbc54b to 3', 'dateevent': '2023-01-29 23:33:41+00:00', 'image': 'cmendes/znn:800k', 'replicas': 3, 'imageChanges': 0, 'replicasChanges': 3}

{'name': 'kube-znn.173eeba9fbc134c9', 'type': 'Normal', 'message': 'Scaled up replica set kube-znn-744bbbc54b to 4', 'dateevent': '2023-01-29 23:33:46+00:00', 'image': 'cmendes/znn:800k', 'replicas': 4, 'imageChanges': 0, 'replicasChanges': 4}

{'name': 'kube-znn.173eebab24d8813b', 'type': 'Normal', 'message': 'Scaled up replica set kube-znn-744bbbc54b to 5', 'dateevent': '2023-01-29 23:33:51+00:00', 'image': 'cmendes/znn:800k', 'replicas': 5, 'imageChanges': 0, 'replicasChanges': 5}

{'name': 'kube-znn.173eebac4d57d6d6', 'type': 'Normal', 'message': 'Scaled up replica set kube-znn-744bbbc54b to 6', 'dateevent': '2023-01-29 23:33:56+00:00', 'image': 'cmendes/znn:800k', 'replicas': 6, 'imageChanges': 0, 'replicasChanges': 6}

{'name': 'kube-znn.173eebad776ef241', 'type': 'Normal', 'message': 'Scaled up replica set kube-znn-744bbbc54b to 7', 'dateevent': '2023-01-29 23:34:01+00:00', 'image': 'cmendes/znn:800k', 'replicas': 7, 'imageChanges': 0, 'replicasChanges': 7}

{'name': 'kube-znn.173eebaea28dc522', 'type': 'Normal', 'message': 'Scaled up replica set kube-znn-744bbbc54b to 8', 'dateevent': '2023-01-29 23:34:06+00:00', 'image': 'cmendes/znn:800k', 'replicas': 8, 'imageChanges': 0, 'replicasChanges': 8}

{'name': 'kube-znn.173eebafccbe7a20', 'type': 'Normal', 'message': 'Scaled up replica set kube-znn-744bbbc54b to 9', 'dateevent': '2023-01-29 23:34:11+00:00', 'image': 'cmendes/znn:800k', 'replicas': 9, 'imageChanges': 0, 'replicasChanges': 9}

{'name': 'kube-znn.173eebb0f591de17', 'type': 'Normal', 'message': '(combined from similar events): Scaled up replica set kube-znn-744bbbc54b to 10', 'dateevent': '2023-01-29 23:34:16+00:00', 'image': 'cmendes/znn:800k', 'replicas': 10, 'imageChanges': 0, 'replicasChanges': 10}

{'name': 'kube-znn.173eebb0f591de17', 'type': 'Normal', 'message': '(combined from similar events): Scaled up replica set kube-znn-5c95bd98fb to 3', 'dateevent': '2023-01-29 23:34:16+00:00', 'image': 'cmendes/znn:600k', 'replicas': 10, 'imageChanges': 1, 'replicasChanges': 10}

{'name': 'kube-znn.173eebb0f591de17', 'type': 'Normal', 'message': '(combined from similar events): Scaled down replica set kube-znn-744bbbc54b to 8', 'dateevent': '2023-01-29 23:34:16+00:00', 'image': 'cmendes/znn:600k', 'replicas': 10, 'imageChanges': 1, 'replicasChanges': 10}

{'name': 'kube-znn.173eebb0f591de17', 'type': 'Normal', 'message': '(combined from similar events): Scaled up replica set kube-znn-5c95bd98fb to 5', 'dateevent': '2023-01-29 23:34:16+00:00', 'image': 'cmendes/znn:600k', 'replicas': 10, 'imageChanges': 1, 'replicasChanges': 10}

{'name': 'kube-znn.173eebb0f591de17', 'type': 'Normal', 'message': '(combined from similar events): Scaled down replica set kube-znn-744bbbc54b to 7', 'dateevent': '2023-01-29 23:34:16+00:00', 'image': 'cmendes/znn:600k', 'replicas': 10, 'imageChanges': 1, 'replicasChanges': 10}

{'name': 'kube-znn.173eebb0f591de17', 'type': 'Normal', 'message': '(combined from similar events): Scaled up replica set kube-znn-5c95bd98fb to 6', 'dateevent': '2023-01-29 23:34:16+00:00', 'image': 'cmendes/znn:600k', 'replicas': 10, 'imageChanges': 1, 'replicasChanges': 10}

{'name': 'kube-znn.173eebb0f591de17', 'type': 'Normal', 'message': '(combined from similar events): Scaled down replica set kube-znn-744bbbc54b to 6', 'dateevent': '2023-01-29 23:34:16+00:00', 'image': 'cmendes/znn:400k', 'replicas': 10, 'imageChanges': 2, 'replicasChanges': 10}

{'name': 'kube-znn.173eebb0f591de17', 'type': 'Normal', 'message': '(combined from similar events): Scaled down replica set kube-znn-5c95bd98fb to 2', 'dateevent': '2023-01-29 23:34:16+00:00', 'image': 'cmendes/znn:400k', 'replicas': 10, 'imageChanges': 2, 'replicasChanges': 10}

{'name': 'kube-znn.173eebb0f591de17', 'type': 'Normal', 'message': '(combined from similar events): Scaled up replica set kube-znn-549bfcf578 to 5', 'dateevent': '2023-01-29 23:34:16+00:00', 'image': 'cmendes/znn:400k', 'replicas': 10, 'imageChanges': 2, 'replicasChanges': 10}

{'name': 'kube-znn.173eebb0f591de17', 'type': 'Normal', 'message': '(combined from similar events): Scaled down replica set kube-znn-549bfcf578 to 1', 'dateevent': '2023-01-29 23:34:16+00:00', 'image': 'cmendes/znn:600k', 'replicas': 10, 'imageChanges': 3, 'replicasChanges': 10}

{'name': 'kube-znn.173eebbeb53d9af4', 'type': 'Normal', 'message': 'Scaled up replica set kube-znn-5c95bd98fb to 6', 'dateevent': '2023-01-29 23:35:15+00:00', 'image': 'cmendes/znn:600k', 'replicas': 10, 'imageChanges': 3, 'replicasChanges': 10}

{'name': 'kube-znn.173eebbebde5bf34', 'type': 'Normal', 'message': 'Scaled down replica set kube-znn-5c95bd98fb to 2', 'dateevent': '2023-01-29 23:35:15+00:00', 'image': 'cmendes/znn:400k', 'replicas': 10, 'imageChanges': 4, 'replicasChanges': 10}

{'name': 'kube-znn.173eebbebf95a3db', 'type': 'Normal', 'message': 'Scaled up replica set kube-znn-549bfcf578 to 5', 'dateevent': '2023-01-29 23:35:15+00:00', 'image': 'cmendes/znn:400k', 'replicas': 10, 'imageChanges': 4, 'replicasChanges': 10}

{'name': 'kube-znn.173eebb0f591de17', 'type': 'Normal', 'message': '(combined from similar events): Scaled down replica set kube-znn-549bfcf578 to 0', 'dateevent': '2023-01-29 23:34:16+00:00', 'image': 'cmendes/znn:600k', 'replicas': 10, 'imageChanges': 5, 'replicasChanges': 10}

{'name': 'kube-znn.173eebb0f591de17', 'type': 'Normal', 'message': '(combined from similar events): Scaled up replica set kube-znn-5c95bd98fb to 7', 'dateevent': '2023-01-29 23:34:16+00:00', 'image': 'cmendes/znn:600k', 'replicas': 10, 'imageChanges': 5, 'replicasChanges': 10}

{'name': 'kube-znn.173eebbebde5bf34', 'type': 'Normal', 'message': 'Scaled down replica set kube-znn-5c95bd98fb to 2', 'dateevent': '2023-01-29 23:35:15+00:00', 'image': 'cmendes/znn:400k', 'replicas': 10, 'imageChanges': 6, 'replicasChanges': 10}

{'name': 'kube-znn.173eebb0f591de17', 'type': 'Normal', 'message': '(combined from similar events): Scaled up replica set kube-znn-549bfcf578 to 5', 'dateevent': '2023-01-29 23:34:16+00:00', 'image': 'cmendes/znn:400k', 'replicas': 10, 'imageChanges': 6, 'replicasChanges': 10}

{'name': 'kube-znn.173eebb0f591de17', 'type': 'Normal', 'message': '(combined from similar events): Scaled down replica set kube-znn-744bbbc54b to 0', 'dateevent': '2023-01-29 23:34:16+00:00', 'image': 'cmendes/znn:100k', 'replicas': 4, 'imageChanges': 7, 'replicasChanges': 11}

Reading file: VersionA-Monolithic
Reading file: VersionB-MicroControllers
Reading file: VersionC-WithFailureManagerMetaController
Reading file: VersionC-ZTemp
