Reading file: automatingDataGeneration.sh
Reading file: BLong10_parte1
Reading file: BLong10_parte1.7z
Reading file: CLong10
Reading file: CLong10.7z
Reading file: CShort10
Reading file: CShort10.7z
Reading file: Evaluation-ZNN.7z
Reading file: fidelitya-5b8dd7f8c7-z8xrd_tracing_20230130_032539.log

fidelitya data

2023-01-30 06:26:37 : t0:lowerFidelity

Reading file: generateLogs004521
Reading file: generateLogs011246
Reading file: generateLogs014915
Reading file: generateLogs021127
Reading file: generateLogs023630
Reading file: generateLogs025505
Reading file: generateLogs2.sh
Reading file: k6-5bp6t_tracing_20230130_032539.log
Reading file: README.md
Reading file: scalabilityb-66d698fc76-5f7qh_tracing_20230130_032539.log

scalabilityb data

2023-01-30 06:27:38 : t0:removeHighScalability

2023-01-30 06:27:43 : t0:addHighScalability

2023-01-30 06:27:48 : t0:addHighScalability

2023-01-30 06:27:53 : t0:removeHighScalability

2023-01-30 06:27:58 : t0:removeHighScalability

2023-01-30 06:28:03 : t0:removeHighScalability

2023-01-30 06:28:08 : t0:removeHighScalability

2023-01-30 06:28:13 : t0:removeHighScalability

2023-01-30 06:28:18 : t0:addHighScalability

2023-01-30 06:28:23 : t0:addHighScalability

2023-01-30 06:28:28 : t0:removeHighScalability

2023-01-30 06:28:33 : t0:removeHighScalability

2023-01-30 06:28:38 : t0:removeHighScalability

2023-01-30 06:28:43 : t0:removeHighScalability

2023-01-30 06:28:48 : t0:removeHighScalability

2023-01-30 06:28:53 : t0:removeHighScalability

2023-01-30 06:28:58 : t0:addHighScalability

2023-01-30 06:29:03 : t0:addHighScalability

2023-01-30 06:29:08 : t0:addHighScalability

2023-01-30 06:29:13 : t0:addHighScalability

2023-01-30 06:29:18 : t0:addHighScalability

2023-01-30 06:29:23 : t0:removeHighScalability

2023-01-30 06:29:28 : t0:removeHighScalability

2023-01-30 06:29:33 : t0:removeHighScalability

2023-01-30 06:29:38 : t0:removeHighScalability

2023-01-30 06:29:43 : t0:removeHighScalability

2023-01-30 06:29:48 : t0:addHighScalability

2023-01-30 06:29:53 : t0:removeHighScalability

2023-01-30 06:29:58 : t0:removeHighScalability

2023-01-30 06:30:03 : t0:removeHighScalability

2023-01-30 06:30:08 : t0:removeHighScalability

2023-01-30 06:30:13 : t0:removeHighScalability

2023-01-30 06:30:18 : t0:addHighScalability

2023-01-30 06:30:23 : t0:addHighScalability

2023-01-30 06:30:28 : t0:addHighScalability

2023-01-30 06:30:33 : t0:addHighScalability

2023-01-30 06:30:38 : t0:removeReplica

2023-01-30 06:30:58 : t0:removeHighScalability

2023-01-30 06:31:03 : t0:removeHighScalability

2023-01-30 06:31:13 : t0:removeReplica

2023-01-30 06:31:18 : t0:removeReplica

2023-01-30 06:31:23 : t0:removeReplica

2023-01-30 06:31:28 : t0:removeReplica

2023-01-30 06:31:33 : t0:removeReplica

2023-01-30 06:31:38 : t0:removeReplica

2023-01-30 06:31:43 : t0:removeReplica

2023-01-30 06:31:48 : t0:removeReplica

2023-01-30 06:31:53 : t0:removeReplica

2023-01-30 06:31:58 : t0:removeReplica

2023-01-30 06:32:03 : t0:removeReplica

2023-01-30 06:32:08 : t0:removeReplica

2023-01-30 06:32:13 : t0:removeReplica

2023-01-30 06:32:18 : t0:removeReplica

2023-01-30 06:32:23 : t0:removeReplica

2023-01-30 06:32:28 : t0:removeReplica

2023-01-30 06:32:33 : t0:removeReplica

2023-01-30 06:32:38 : t0:removeReplica

2023-01-30 06:32:43 : t0:removeReplica

2023-01-30 06:32:48 : t0:removeReplica

2023-01-30 06:32:53 : t0:removeReplica

2023-01-30 06:32:58 : t0:removeReplica

2023-01-30 06:33:03 : t0:removeReplica

2023-01-30 06:33:08 : t0:removeReplica

2023-01-30 06:33:13 : t0:removeReplica

2023-01-30 06:33:18 : t0:removeReplica

2023-01-30 06:33:23 : t0:removeReplica

2023-01-30 06:33:28 : t0:removeReplica

2023-01-30 06:33:33 : t0:removeReplica

2023-01-30 06:33:38 : t0:removeReplica

2023-01-30 06:33:43 : t0:removeReplica

2023-01-30 06:33:48 : t0:removeReplica

2023-01-30 06:33:53 : t0:removeReplica

2023-01-30 06:33:58 : t0:removeReplica

2023-01-30 06:34:03 : t0:removeReplica

2023-01-30 06:34:08 : t0:removeReplica

2023-01-30 06:34:13 : t0:removeReplica

2023-01-30 06:34:18 : t0:removeReplica

2023-01-30 06:34:23 : t0:removeReplica

2023-01-30 06:34:28 : t0:removeReplica

2023-01-30 06:34:33 : t0:removeReplica

2023-01-30 06:34:38 : t0:removeReplica

2023-01-30 06:34:43 : t0:removeReplica

2023-01-30 06:34:48 : t0:removeReplica

2023-01-30 06:34:53 : t0:removeReplica

2023-01-30 06:34:58 : t0:removeReplica

2023-01-30 06:35:03 : t0:removeReplica

2023-01-30 06:35:08 : t0:removeReplica

2023-01-30 06:35:13 : t0:removeReplica

2023-01-30 06:35:18 : t0:removeReplica

2023-01-30 06:35:23 : t0:removeReplica

2023-01-30 06:35:28 : t0:removeReplica

2023-01-30 06:35:33 : t0:removeReplica

2023-01-30 06:35:38 : t0:removeReplica

2023-01-30 06:35:43 : t0:removeReplica

2023-01-30 06:35:48 : t0:removeReplica

2023-01-30 06:35:53 : t0:removeReplica

2023-01-30 06:35:58 : t0:removeReplica

2023-01-30 06:36:03 : t0:removeReplica

2023-01-30 06:36:08 : t0:removeReplica

2023-01-30 06:36:13 : t0:removeReplica

2023-01-30 06:36:18 : t0:removeReplica

2023-01-30 06:36:23 : t0:removeReplica

2023-01-30 06:36:28 : t0:removeReplica

2023-01-30 06:36:33 : t0:removeReplica

2023-01-30 06:36:38 : t0:removeReplica

2023-01-30 06:36:43 : t0:removeReplica

2023-01-30 06:36:48 : t0:removeReplica

2023-01-30 06:36:53 : t0:removeReplica

2023-01-30 06:36:58 : t0:removeReplica

Reading file: summary-trace-znn.log
Reading file: temp
Reading file: temp2701
Reading file: test
Reading file: tools
Reading file: traceznn_20230130_032539.log

Trace znn data

{'name': 'kube-znn-db.173f00b74186708c', 'type': 'Normal', 'message': 'Scaled up replica set kube-znn-db-558bb5dd64 to 1', 'dateevent': '2023-01-30 05:59:33+00:00', 'image': 'cmendes/znn:800k', 'replicas': 1, 'imageChanges': 0, 'replicasChanges': 1}

{'name': 'kube-znn.173f00b73f4abdba', 'type': 'Normal', 'message': 'Scaled up replica set kube-znn-744bbbc54b to 1', 'dateevent': '2023-01-30 05:59:33+00:00', 'image': 'cmendes/znn:800k', 'replicas': 1, 'imageChanges': 0, 'replicasChanges': 1}

{'name': 'kube-znn.173f0226d7ec036d', 'type': 'Normal', 'message': 'Scaled up replica set kube-znn-744bbbc54b to 2', 'dateevent': '2023-01-30 06:25:52+00:00', 'image': 'cmendes/znn:800k', 'replicas': 2, 'imageChanges': 0, 'replicasChanges': 2}

{'name': 'kube-znn.173f0227afa7d707', 'type': 'Normal', 'message': 'Scaled up replica set kube-znn-744bbbc54b to 3', 'dateevent': '2023-01-30 06:25:55+00:00', 'image': 'cmendes/znn:800k', 'replicas': 3, 'imageChanges': 0, 'replicasChanges': 3}

{'name': 'kube-znn.173f0228deeaa028', 'type': 'Normal', 'message': 'Scaled up replica set kube-znn-744bbbc54b to 4', 'dateevent': '2023-01-30 06:26:00+00:00', 'image': 'cmendes/znn:800k', 'replicas': 4, 'imageChanges': 0, 'replicasChanges': 4}

{'name': 'kube-znn.173f022a02fdc809', 'type': 'Normal', 'message': 'Scaled up replica set kube-znn-744bbbc54b to 5', 'dateevent': '2023-01-30 06:26:05+00:00', 'image': 'cmendes/znn:800k', 'replicas': 5, 'imageChanges': 0, 'replicasChanges': 5}

{'name': 'kube-znn.173f022b2ee7e8d2', 'type': 'Normal', 'message': 'Scaled up replica set kube-znn-744bbbc54b to 6', 'dateevent': '2023-01-30 06:26:10+00:00', 'image': 'cmendes/znn:800k', 'replicas': 6, 'imageChanges': 0, 'replicasChanges': 6}

{'name': 'kube-znn.173f022c56f621b8', 'type': 'Normal', 'message': 'Scaled up replica set kube-znn-744bbbc54b to 7', 'dateevent': '2023-01-30 06:26:15+00:00', 'image': 'cmendes/znn:800k', 'replicas': 7, 'imageChanges': 0, 'replicasChanges': 7}

{'name': 'kube-znn.173f022d805276d7', 'type': 'Normal', 'message': 'Scaled up replica set kube-znn-744bbbc54b to 8', 'dateevent': '2023-01-30 06:26:20+00:00', 'image': 'cmendes/znn:800k', 'replicas': 8, 'imageChanges': 0, 'replicasChanges': 8}

{'name': 'kube-znn.173f022eaab33b17', 'type': 'Normal', 'message': 'Scaled up replica set kube-znn-744bbbc54b to 9', 'dateevent': '2023-01-30 06:26:25+00:00', 'image': 'cmendes/znn:800k', 'replicas': 9, 'imageChanges': 0, 'replicasChanges': 9}

{'name': 'kube-znn.173f022fd45e186b', 'type': 'Normal', 'message': 'Scaled up replica set kube-znn-744bbbc54b to 10', 'dateevent': '2023-01-30 06:26:30+00:00', 'image': 'cmendes/znn:800k', 'replicas': 10, 'imageChanges': 0, 'replicasChanges': 10}

{'name': 'kube-znn.173f0231a57132db', 'type': 'Normal', 'message': '(combined from similar events): Scaled up replica set kube-znn-5c95bd98fb to 3', 'dateevent': '2023-01-30 06:26:38+00:00', 'image': 'cmendes/znn:600k', 'replicas': 10, 'imageChanges': 1, 'replicasChanges': 10}

{'name': 'kube-znn.173f0231a57132db', 'type': 'Normal', 'message': '(combined from similar events): Scaled down replica set kube-znn-744bbbc54b to 8', 'dateevent': '2023-01-30 06:26:38+00:00', 'image': 'cmendes/znn:600k', 'replicas': 10, 'imageChanges': 1, 'replicasChanges': 10}

{'name': 'kube-znn.173f0231a57132db', 'type': 'Normal', 'message': '(combined from similar events): Scaled up replica set kube-znn-5c95bd98fb to 5', 'dateevent': '2023-01-30 06:26:38+00:00', 'image': 'cmendes/znn:600k', 'replicas': 10, 'imageChanges': 1, 'replicasChanges': 10}

{'name': 'kube-znn.173f0231a57132db', 'type': 'Normal', 'message': '(combined from similar events): Scaled down replica set kube-znn-744bbbc54b to 7', 'dateevent': '2023-01-30 06:26:38+00:00', 'image': 'cmendes/znn:600k', 'replicas': 10, 'imageChanges': 1, 'replicasChanges': 10}

{'name': 'kube-znn.173f0231a57132db', 'type': 'Normal', 'message': '(combined from similar events): Scaled up replica set kube-znn-5c95bd98fb to 6', 'dateevent': '2023-01-30 06:26:38+00:00', 'image': 'cmendes/znn:600k', 'replicas': 10, 'imageChanges': 1, 'replicasChanges': 10}

{'name': 'kube-znn.173f0231a57132db', 'type': 'Normal', 'message': '(combined from similar events): Scaled down replica set kube-znn-744bbbc54b to 6', 'dateevent': '2023-01-30 06:26:38+00:00', 'image': 'cmendes/znn:600k', 'replicas': 10, 'imageChanges': 1, 'replicasChanges': 10}

{'name': 'kube-znn.173f0231a57132db', 'type': 'Normal', 'message': '(combined from similar events): Scaled up replica set kube-znn-5c95bd98fb to 7', 'dateevent': '2023-01-30 06:26:38+00:00', 'image': 'cmendes/znn:600k', 'replicas': 10, 'imageChanges': 1, 'replicasChanges': 10}

{'name': 'kube-znn.173f0231a57132db', 'type': 'Normal', 'message': '(combined from similar events): Scaled down replica set kube-znn-5c95bd98fb to 3', 'dateevent': '2023-01-30 06:26:38+00:00', 'image': 'cmendes/znn:600k', 'replicas': 4, 'imageChanges': 1, 'replicasChanges': 11}

{'name': 'kube-znn.173f0231a57132db', 'type': 'Normal', 'message': '(combined from similar events): Scaled down replica set kube-znn-744bbbc54b to 2', 'dateevent': '2023-01-30 06:26:38+00:00', 'image': 'cmendes/znn:600k', 'replicas': 4, 'imageChanges': 1, 'replicasChanges': 11}

{'name': 'kube-znn.173f0231a57132db', 'type': 'Normal', 'message': '(combined from similar events): Scaled down replica set kube-znn-744bbbc54b to 1', 'dateevent': '2023-01-30 06:26:38+00:00', 'image': 'cmendes/znn:600k', 'replicas': 4, 'imageChanges': 1, 'replicasChanges': 11}

{'name': 'kube-znn.173f0231a57132db', 'type': 'Normal', 'message': '(combined from similar events): Scaled up replica set kube-znn-5c95bd98fb to 4', 'dateevent': '2023-01-30 06:26:38+00:00', 'image': 'cmendes/znn:600k', 'replicas': 4, 'imageChanges': 1, 'replicasChanges': 11}

{'name': 'kube-znn.173f0231a57132db', 'type': 'Normal', 'message': '(combined from similar events): Scaled down replica set kube-znn-744bbbc54b to 0', 'dateevent': '2023-01-30 06:26:38+00:00', 'image': 'cmendes/znn:600k', 'replicas': 4, 'imageChanges': 1, 'replicasChanges': 11}

Reading file: VersionA-Monolithic
Reading file: VersionB-MicroControllers
Reading file: VersionC-WithFailureManagerMetaController
Reading file: VersionC-ZTemp
