Reading file: automatingDataGeneration.sh
Reading file: Evaluation-ZNN.7z
Reading file: fidelitya-778c6c6b8b-d9zpk_tracing_20230127_180603.log

fidelitya data

2023-01-27 21:09:10 : t0:raiseFidelity

2023-01-27 21:09:15 : t0:raiseFidelity

2023-01-27 21:09:50 : t0:raiseFidelity

2023-01-27 21:09:55 : t0:raiseFidelity

2023-01-27 21:11:35 : t0:raiseFidelity

2023-01-27 21:11:40 : t0:raiseFidelity

2023-01-27 21:12:15 : t0:raiseFidelity

Reading file: generateLogs171220
Reading file: generateLogs172658
Reading file: generateLogs174232
Reading file: generateLogs175703
Reading file: generateLogs2.sh
Reading file: k6-khcm5_tracing_20230127_180603.log
Reading file: metacontroller-kubow-8479d7588d-g45xw_tracing_20230127_180603.log

MetaController data

2023-01-27 21:06:44 : t0:activateLowScalabilityHighQuality

2023-01-27 21:06:54 : t0:addLowScalabilityLowQuality

2023-01-27 21:08:34 : t0:addHighScalabilityHighQuality

Reading file: README.md
Reading file: scalabilitya-78d6cbbc7d-g4l5c_tracing_20230127_180603.log

scalabilitya data

2023-01-27 21:09:12 : t0:removeReplica

Reading file: summary-trace-znn.log
Reading file: temp
Reading file: temp2701
Reading file: test
Reading file: tools
Reading file: traceznn_20230127_180603.log

Trace znn data

{'name': 'kube-znn-db.173e4630154812ed', 'type': 'Normal', 'message': 'Scaled up replica set kube-znn-db-6cc48797cf to 1', 'dateevent': '2023-01-27 21:01:23+00:00', 'image': 'cmendes/znn:800k', 'replicas': 3, 'imageChanges': 0, 'replicasChanges': 1}

{'name': 'kube-znn.173e463013930879', 'type': 'Normal', 'message': 'Scaled up replica set kube-znn-68bd9d6b5b to 1', 'dateevent': '2023-01-27 21:01:23+00:00', 'image': 'cmendes/znn:800k', 'replicas': 3, 'imageChanges': 0, 'replicasChanges': 1}

{'name': 'kube-znn.173e466cbbbf65cf', 'type': 'Normal', 'message': 'Scaled up replica set kube-znn-68bd9d6b5b to 2', 'dateevent': '2023-01-27 21:05:44+00:00', 'image': 'cmendes/znn:800k', 'replicas': 3, 'imageChanges': 0, 'replicasChanges': 1}

{'name': 'kube-znn.173e466e8dbf3b7c', 'type': 'Normal', 'message': 'Scaled up replica set kube-znn-68bd9d6b5b to 3', 'dateevent': '2023-01-27 21:05:52+00:00', 'image': 'cmendes/znn:800k', 'replicas': 3, 'imageChanges': 0, 'replicasChanges': 1}

{'name': 'kube-znn.173e4673277d8ace', 'type': 'Normal', 'message': 'Scaled up replica set kube-znn-68bd9d6b5b to 4', 'dateevent': '2023-01-27 21:06:11+00:00', 'image': 'cmendes/znn:800k', 'replicas': 4, 'imageChanges': 0, 'replicasChanges': 2}

{'name': 'kube-znn.173e46745031f960', 'type': 'Normal', 'message': 'Scaled up replica set kube-znn-68bd9d6b5b to 5', 'dateevent': '2023-01-27 21:06:16+00:00', 'image': 'cmendes/znn:800k', 'replicas': 5, 'imageChanges': 0, 'replicasChanges': 3}

{'name': 'kube-znn.173e467579627f1e', 'type': 'Normal', 'message': 'Scaled up replica set kube-znn-68bd9d6b5b to 6', 'dateevent': '2023-01-27 21:06:21+00:00', 'image': 'cmendes/znn:800k', 'replicas': 6, 'imageChanges': 0, 'replicasChanges': 4}

{'name': 'kube-znn.173e4676a320c96b', 'type': 'Normal', 'message': 'Scaled up replica set kube-znn-68bd9d6b5b to 7', 'dateevent': '2023-01-27 21:06:26+00:00', 'image': 'cmendes/znn:800k', 'replicas': 7, 'imageChanges': 0, 'replicasChanges': 5}

{'name': 'kube-znn.173e4677cd0d2705', 'type': 'Normal', 'message': 'Scaled up replica set kube-znn-68bd9d6b5b to 8', 'dateevent': '2023-01-27 21:06:31+00:00', 'image': 'cmendes/znn:800k', 'replicas': 8, 'imageChanges': 0, 'replicasChanges': 6}

{'name': 'kube-znn.173e4678f62ffda4', 'type': 'Normal', 'message': 'Scaled up replica set kube-znn-68bd9d6b5b to 9', 'dateevent': '2023-01-27 21:06:36+00:00', 'image': 'cmendes/znn:800k', 'replicas': 9, 'imageChanges': 0, 'replicasChanges': 7}

{'name': 'kube-znn.173e467a1f25a834', 'type': 'Normal', 'message': '(combined from similar events): Scaled up replica set kube-znn-68bd9d6b5b to 10', 'dateevent': '2023-01-27 21:06:41+00:00', 'image': 'cmendes/znn:800k', 'replicas': 10, 'imageChanges': 0, 'replicasChanges': 8}

{'name': 'kube-znn.173e467a1f25a834', 'type': 'Normal', 'message': '(combined from similar events): Scaled up replica set kube-znn-7cbbf89f8 to 3', 'dateevent': '2023-01-27 21:06:41+00:00', 'image': 'cmendes/znn:600k', 'replicas': 10, 'imageChanges': 1, 'replicasChanges': 8}

{'name': 'kube-znn.173e467a1f25a834', 'type': 'Normal', 'message': '(combined from similar events): Scaled down replica set kube-znn-68bd9d6b5b to 8', 'dateevent': '2023-01-27 21:06:41+00:00', 'image': 'cmendes/znn:600k', 'replicas': 10, 'imageChanges': 1, 'replicasChanges': 8}

{'name': 'kube-znn.173e467a1f25a834', 'type': 'Normal', 'message': '(combined from similar events): Scaled up replica set kube-znn-7cbbf89f8 to 5', 'dateevent': '2023-01-27 21:06:41+00:00', 'image': 'cmendes/znn:600k', 'replicas': 10, 'imageChanges': 1, 'replicasChanges': 8}

{'name': 'kube-znn.173e467a1f25a834', 'type': 'Normal', 'message': '(combined from similar events): Scaled down replica set kube-znn-68bd9d6b5b to 7', 'dateevent': '2023-01-27 21:06:41+00:00', 'image': 'cmendes/znn:600k', 'replicas': 10, 'imageChanges': 1, 'replicasChanges': 8}

{'name': 'kube-znn.173e467a1f25a834', 'type': 'Normal', 'message': '(combined from similar events): Scaled up replica set kube-znn-7cbbf89f8 to 6', 'dateevent': '2023-01-27 21:06:41+00:00', 'image': 'cmendes/znn:600k', 'replicas': 10, 'imageChanges': 1, 'replicasChanges': 8}

{'name': 'kube-znn.173e467a1f25a834', 'type': 'Normal', 'message': '(combined from similar events): Scaled down replica set kube-znn-68bd9d6b5b to 3', 'dateevent': '2023-01-27 21:06:41+00:00', 'image': 'cmendes/znn:100k', 'replicas': 10, 'imageChanges': 2, 'replicasChanges': 8}

{'name': 'kube-znn.173e467a1f25a834', 'type': 'Normal', 'message': '(combined from similar events): Scaled down replica set kube-znn-7cbbf89f8 to 5', 'dateevent': '2023-01-27 21:06:41+00:00', 'image': 'cmendes/znn:100k', 'replicas': 10, 'imageChanges': 2, 'replicasChanges': 8}

{'name': 'kube-znn.173e467a1f25a834', 'type': 'Normal', 'message': '(combined from similar events): Scaled up replica set kube-znn-7995d9b499 to 5', 'dateevent': '2023-01-27 21:06:41+00:00', 'image': 'cmendes/znn:100k', 'replicas': 10, 'imageChanges': 2, 'replicasChanges': 8}

{'name': 'kube-znn.173e467a1f25a834', 'type': 'Normal', 'message': '(combined from similar events): Scaled down replica set kube-znn-7cbbf89f8 to 1', 'dateevent': '2023-01-27 21:06:41+00:00', 'image': 'cmendes/znn:20k', 'replicas': 10, 'imageChanges': 3, 'replicasChanges': 8}

{'name': 'kube-znn.173e467a1f25a834', 'type': 'Normal', 'message': '(combined from similar events): Scaled down replica set kube-znn-7995d9b499 to 4', 'dateevent': '2023-01-27 21:06:41+00:00', 'image': 'cmendes/znn:20k', 'replicas': 10, 'imageChanges': 3, 'replicasChanges': 8}

{'name': 'kube-znn.173e467a1f25a834', 'type': 'Normal', 'message': '(combined from similar events): Scaled up replica set kube-znn-6b7655774 to 5', 'dateevent': '2023-01-27 21:06:41+00:00', 'image': 'cmendes/znn:20k', 'replicas': 10, 'imageChanges': 3, 'replicasChanges': 8}

{'name': 'kube-znn.173e467a1f25a834', 'type': 'Normal', 'message': '(combined from similar events): Scaled down replica set kube-znn-6b7655774 to 4', 'dateevent': '2023-01-27 21:06:41+00:00', 'image': 'cmendes/znn:100k', 'replicas': 10, 'imageChanges': 4, 'replicasChanges': 8}

{'name': 'kube-znn.173e4683ad502540', 'type': 'Normal', 'message': 'Scaled up replica set kube-znn-7995d9b499 to 5', 'dateevent': '2023-01-27 21:07:22+00:00', 'image': 'cmendes/znn:100k', 'replicas': 10, 'imageChanges': 4, 'replicasChanges': 8}

{'name': 'kube-znn.173e4683b83915cb', 'type': 'Normal', 'message': 'Scaled down replica set kube-znn-7995d9b499 to 4', 'dateevent': '2023-01-27 21:07:22+00:00', 'image': 'cmendes/znn:20k', 'replicas': 10, 'imageChanges': 5, 'replicasChanges': 8}

{'name': 'kube-znn.173e4683b984a7c6', 'type': 'Normal', 'message': 'Scaled up replica set kube-znn-6b7655774 to 5', 'dateevent': '2023-01-27 21:07:22+00:00', 'image': 'cmendes/znn:20k', 'replicas': 10, 'imageChanges': 5, 'replicasChanges': 8}

{'name': 'kube-znn.173e4684d244eaed', 'type': 'Normal', 'message': 'Scaled down replica set kube-znn-6b7655774 to 4', 'dateevent': '2023-01-27 21:07:27+00:00', 'image': 'cmendes/znn:100k', 'replicas': 10, 'imageChanges': 6, 'replicasChanges': 8}

{'name': 'kube-znn.173e46be81f928ff', 'type': 'Normal', 'message': 'Scaled up replica set kube-znn-7cbbf89f8 to 1', 'dateevent': '2023-01-27 21:11:35+00:00', 'image': 'cmendes/znn:600k', 'replicas': 4, 'imageChanges': 7, 'replicasChanges': 9}

Reading file: VersionA-Monolithic
Reading file: VersionB-MicroControllers
Reading file: VersionC-WithFailureManagerMetaController
Reading file: VersionC-ZTemp
