Reading file: automatingDataGeneration.sh
Reading file: BLong10
Reading file: BLong10_parte1.7z
Reading file: BLong10_parte2.7z
Reading file: BLong10_parte3.7z
Reading file: BShort10
Reading file: BShort10.7z
Reading file: CLong10
Reading file: CLong10.7z
Reading file: CShort10
Reading file: CShort10.7z
Reading file: Evaluation-ZNN.7z
Reading file: generateLogs140341
Reading file: generateLogs141805
Reading file: generateLogs144106
Reading file: generateLogs165212
Reading file: generateLogs170658
Reading file: generateLogs172134
Reading file: generateLogs173719
Reading file: generateLogs175129
Reading file: generateLogs180606
Reading file: generateLogs182644
Reading file: generateLogs184100
Reading file: generateLogs190122
Reading file: generateLogs192036
Reading file: generateLogs193534
Reading file: generateLogs195105
Reading file: generateLogs2.sh
Reading file: generateLogs200634
Reading file: generateLogs202058
Reading file: generateLogs203550
Reading file: generateLogs205100
Reading file: generateLogs210607
Reading file: generateLogs212038
Reading file: k6-x7c7n_tracing_20230131_212904.log
Reading file: kubow-548bb5f4b4-5gpbw_tracing_20230131_212904.log

Kubow data

2023-02-01 00:29:10 : t0:addReplica

2023-02-01 00:29:15 : t0:addReplica

2023-02-01 00:29:20 : t0:addReplica

2023-02-01 00:29:25 : t0:addReplica

2023-02-01 00:29:30 : t0:addReplica

2023-02-01 00:29:35 : t0:addReplica

2023-02-01 00:29:40 : t0:addReplica

2023-02-01 00:29:45 : t0:addReplica

2023-02-01 00:29:50 : t0:addReplica

2023-02-01 00:29:55 : t1:lowerFidelity

2023-02-01 00:30:05 : t1:lowerFidelity

2023-02-01 00:30:10 : t0:activateLowScalabilityHighQuality

2023-02-01 00:30:30 : t0:addReplica

2023-02-01 00:30:35 : t0:addReplica

2023-02-01 00:30:40 : t0:addReplica

2023-02-01 00:30:45 : t0:addReplica

2023-02-01 00:30:50 : t0:addReplica

2023-02-01 00:30:55 : t0:activateLowScalabilityHighQuality

2023-02-01 00:31:05 : t0:addHighScalabilityHighQuality

2023-02-01 00:31:10 : t0:addHighScalabilityHighQuality

2023-02-01 00:31:30 : t0:removeReplica

2023-02-01 00:31:35 : t0:addHighScalabilityHighQuality

2023-02-01 00:31:40 : t0:addHighScalabilityHighQuality

2023-02-01 00:31:45 : t0:addHighScalabilityHighQuality

2023-02-01 00:31:50 : t0:addHighScalabilityHighQuality

2023-02-01 00:31:55 : t0:addHighScalabilityHighQuality

2023-02-01 00:32:05 : t0:addHighScalabilityHighQuality

2023-02-01 00:32:10 : t0:addHighScalabilityHighQuality

2023-02-01 00:32:15 : t0:addHighScalabilityHighQuality

2023-02-01 00:32:20 : t0:addHighScalabilityHighQuality

2023-02-01 00:32:25 : t0:addHighScalabilityHighQuality

2023-02-01 00:32:30 : t0:addHighScalabilityHighQuality

2023-02-01 00:32:35 : t0:addHighScalabilityHighQuality

2023-02-01 00:32:40 : t1:raiseFidelity

2023-02-01 00:32:45 : t1:raiseFidelity

2023-02-01 00:33:05 : t0:addReplica

2023-02-01 00:33:10 : t0:addReplica

2023-02-01 00:33:15 : t0:addReplica

2023-02-01 00:33:20 : t0:addReplica

2023-02-01 00:33:25 : t0:addReplica

2023-02-01 00:33:30 : t0:addReplica

2023-02-01 00:33:35 : t0:addReplica

2023-02-01 00:33:40 : t0:addReplica

2023-02-01 00:33:45 : t0:addReplica

2023-02-01 00:33:50 : t1:lowerFidelity

2023-02-01 00:33:55 : t1:lowerFidelity

2023-02-01 00:34:00 : t1:lowerFidelity

2023-02-01 00:34:05 : t1:lowerFidelity

2023-02-01 00:34:10 : t1:lowerFidelity

2023-02-01 00:34:15 : t1:lowerFidelity

2023-02-01 00:34:20 : t1:lowerFidelity

2023-02-01 00:34:25 : t1:lowerFidelity

2023-02-01 00:34:30 : t1:lowerFidelity

2023-02-01 00:35:05 : t0:removeReplica

Reading file: README.md
Reading file: summary-trace-znn.log
Reading file: temp
Reading file: temp2701
Reading file: temp3101
Reading file: test
Reading file: tools
Reading file: traceznn_20230131_212904.log

Trace znn data

{'name': 'kube-znn-db.173f8ba2aba241b4', 'type': 'Normal', 'message': 'Scaled up replica set kube-znn-db-6dd8968475 to 1', 'dateevent': '2023-02-01 00:25:17+00:00', 'image': 'cmendes/znn:800k', 'replicas': 1, 'imageChanges': 0, 'replicasChanges': 1}

{'name': 'kube-znn.173f8ba2a834c528', 'type': 'Normal', 'message': 'Scaled up replica set kube-znn-5fb97667db to 1', 'dateevent': '2023-02-01 00:25:17+00:00', 'image': 'cmendes/znn:800k', 'replicas': 1, 'imageChanges': 0, 'replicasChanges': 1}

{'name': 'kube-znn.173f8bd96467668d', 'type': 'Normal', 'message': 'Scaled up replica set kube-znn-5fb97667db to 2', 'dateevent': '2023-02-01 00:29:12+00:00', 'image': 'cmendes/znn:800k', 'replicas': 2, 'imageChanges': 0, 'replicasChanges': 2}

{'name': 'kube-znn.173f8bda3ae4a16a', 'type': 'Normal', 'message': 'Scaled up replica set kube-znn-5fb97667db to 3', 'dateevent': '2023-02-01 00:29:15+00:00', 'image': 'cmendes/znn:800k', 'replicas': 3, 'imageChanges': 0, 'replicasChanges': 3}

{'name': 'kube-znn.173f8bdb6374a3cb', 'type': 'Normal', 'message': 'Scaled up replica set kube-znn-5fb97667db to 4', 'dateevent': '2023-02-01 00:29:20+00:00', 'image': 'cmendes/znn:800k', 'replicas': 4, 'imageChanges': 0, 'replicasChanges': 4}

{'name': 'kube-znn.173f8bdc8a5f0645', 'type': 'Normal', 'message': 'Scaled up replica set kube-znn-5fb97667db to 5', 'dateevent': '2023-02-01 00:29:25+00:00', 'image': 'cmendes/znn:800k', 'replicas': 5, 'imageChanges': 0, 'replicasChanges': 5}

{'name': 'kube-znn.173f8bddb46f9f7d', 'type': 'Normal', 'message': 'Scaled up replica set kube-znn-5fb97667db to 6', 'dateevent': '2023-02-01 00:29:30+00:00', 'image': 'cmendes/znn:800k', 'replicas': 6, 'imageChanges': 0, 'replicasChanges': 6}

{'name': 'kube-znn.173f8bdedcf9369a', 'type': 'Normal', 'message': 'Scaled up replica set kube-znn-5fb97667db to 7', 'dateevent': '2023-02-01 00:29:35+00:00', 'image': 'cmendes/znn:800k', 'replicas': 7, 'imageChanges': 0, 'replicasChanges': 7}

{'name': 'kube-znn.173f8be0074b0cfb', 'type': 'Normal', 'message': 'Scaled up replica set kube-znn-5fb97667db to 8', 'dateevent': '2023-02-01 00:29:40+00:00', 'image': 'cmendes/znn:800k', 'replicas': 8, 'imageChanges': 0, 'replicasChanges': 8}

{'name': 'kube-znn.173f8be1320faa46', 'type': 'Normal', 'message': 'Scaled up replica set kube-znn-5fb97667db to 9', 'dateevent': '2023-02-01 00:29:45+00:00', 'image': 'cmendes/znn:800k', 'replicas': 9, 'imageChanges': 0, 'replicasChanges': 9}

{'name': 'kube-znn.173f8be25cac8128', 'type': 'Normal', 'message': '(combined from similar events): Scaled up replica set kube-znn-5fb97667db to 10', 'dateevent': '2023-02-01 00:29:50+00:00', 'image': 'cmendes/znn:800k', 'replicas': 10, 'imageChanges': 0, 'replicasChanges': 10}

{'name': 'kube-znn.173f8be25cac8128', 'type': 'Normal', 'message': '(combined from similar events): Scaled up replica set kube-znn-6978979d84 to 3', 'dateevent': '2023-02-01 00:29:50+00:00', 'image': 'cmendes/znn:600k', 'replicas': 10, 'imageChanges': 1, 'replicasChanges': 10}

{'name': 'kube-znn.173f8be25cac8128', 'type': 'Normal', 'message': '(combined from similar events): Scaled down replica set kube-znn-5fb97667db to 8', 'dateevent': '2023-02-01 00:29:50+00:00', 'image': 'cmendes/znn:600k', 'replicas': 10, 'imageChanges': 1, 'replicasChanges': 10}

{'name': 'kube-znn.173f8be25cac8128', 'type': 'Normal', 'message': '(combined from similar events): Scaled up replica set kube-znn-6978979d84 to 5', 'dateevent': '2023-02-01 00:29:50+00:00', 'image': 'cmendes/znn:600k', 'replicas': 10, 'imageChanges': 1, 'replicasChanges': 10}

{'name': 'kube-znn.173f8be25cac8128', 'type': 'Normal', 'message': '(combined from similar events): Scaled down replica set kube-znn-5fb97667db to 7', 'dateevent': '2023-02-01 00:29:50+00:00', 'image': 'cmendes/znn:600k', 'replicas': 10, 'imageChanges': 1, 'replicasChanges': 10}

{'name': 'kube-znn.173f8be25cac8128', 'type': 'Normal', 'message': '(combined from similar events): Scaled up replica set kube-znn-6978979d84 to 6', 'dateevent': '2023-02-01 00:29:50+00:00', 'image': 'cmendes/znn:600k', 'replicas': 10, 'imageChanges': 1, 'replicasChanges': 10}

{'name': 'kube-znn.173f8be25cac8128', 'type': 'Normal', 'message': '(combined from similar events): Scaled down replica set kube-znn-5fb97667db to 6', 'dateevent': '2023-02-01 00:29:50+00:00', 'image': 'cmendes/znn:600k', 'replicas': 10, 'imageChanges': 1, 'replicasChanges': 10}

{'name': 'kube-znn.173f8be25cac8128', 'type': 'Normal', 'message': '(combined from similar events): Scaled up replica set kube-znn-6978979d84 to 7', 'dateevent': '2023-02-01 00:29:50+00:00', 'image': 'cmendes/znn:600k', 'replicas': 10, 'imageChanges': 1, 'replicasChanges': 10}

{'name': 'kube-znn.173f8be25cac8128', 'type': 'Normal', 'message': '(combined from similar events): Scaled down replica set kube-znn-6978979d84 to 2', 'dateevent': '2023-02-01 00:29:50+00:00', 'image': 'cmendes/znn:400k', 'replicas': 10, 'imageChanges': 2, 'replicasChanges': 10}

{'name': 'kube-znn.173f8be25cac8128', 'type': 'Normal', 'message': '(combined from similar events): Scaled up replica set kube-znn-f8d56c578 to 5', 'dateevent': '2023-02-01 00:29:50+00:00', 'image': 'cmendes/znn:400k', 'replicas': 10, 'imageChanges': 2, 'replicasChanges': 10}

{'name': 'kube-znn.173f8be25cac8128', 'type': 'Normal', 'message': '(combined from similar events): Scaled down replica set kube-znn-5fb97667db to 3', 'dateevent': '2023-02-01 00:29:50+00:00', 'image': 'cmendes/znn:400k', 'replicas': 5, 'imageChanges': 2, 'replicasChanges': 11}

{'name': 'kube-znn.173f8be25cac8128', 'type': 'Normal', 'message': '(combined from similar events): Scaled down replica set kube-znn-f8d56c578 to 3', 'dateevent': '2023-02-01 00:29:50+00:00', 'image': 'cmendes/znn:400k', 'replicas': 5, 'imageChanges': 2, 'replicasChanges': 11}

{'name': 'kube-znn.173f8be25cac8128', 'type': 'Normal', 'message': '(combined from similar events): Scaled down replica set kube-znn-6978979d84 to 1', 'dateevent': '2023-02-01 00:29:50+00:00', 'image': 'cmendes/znn:400k', 'replicas': 5, 'imageChanges': 2, 'replicasChanges': 11}

{'name': 'kube-znn.173f8be25cac8128', 'type': 'Normal', 'message': '(combined from similar events): Scaled down replica set kube-znn-5fb97667db to 2', 'dateevent': '2023-02-01 00:29:50+00:00', 'image': 'cmendes/znn:400k', 'replicas': 5, 'imageChanges': 2, 'replicasChanges': 11}

{'name': 'kube-znn.173f8be25cac8128', 'type': 'Normal', 'message': '(combined from similar events): Scaled up replica set kube-znn-f8d56c578 to 4', 'dateevent': '2023-02-01 00:29:50+00:00', 'image': 'cmendes/znn:400k', 'replicas': 5, 'imageChanges': 2, 'replicasChanges': 11}

{'name': 'kube-znn.173f8be25cac8128', 'type': 'Normal', 'message': '(combined from similar events): Scaled down replica set kube-znn-5fb97667db to 1', 'dateevent': '2023-02-01 00:29:50+00:00', 'image': 'cmendes/znn:400k', 'replicas': 5, 'imageChanges': 2, 'replicasChanges': 11}

{'name': 'kube-znn.173f8beaad517ab5', 'type': 'Normal', 'message': 'Scaled up replica set kube-znn-f8d56c578 to 5', 'dateevent': '2023-02-01 00:30:26+00:00', 'image': 'cmendes/znn:400k', 'replicas': 5, 'imageChanges': 2, 'replicasChanges': 11}

Reading file: VersionA-Monolithic
Reading file: VersionB-MicroControllers
Reading file: VersionC-WithFailureManagerMetaController
Reading file: VersionC-ZTemp
