Reading file: automatingDataGeneration.sh
Reading file: CLong10
Reading file: CLong10.7z
Reading file: CShort10
Reading file: CShort10.7z
Reading file: Evaluation-ZNN.7z
Reading file: fidelitya-5b8dd7f8c7-qbq9b_tracing_20230129_184332.log

fidelitya data

2023-01-29 21:45:41 : t0:lowerFidelity

2023-01-29 21:45:56 : t0:lowerFidelity

2023-01-29 21:46:11 : t0:lowerFidelity

2023-01-29 21:46:26 : t0:lowerFidelity

2023-01-29 21:47:31 : t0:removeLowQuality

2023-01-29 21:47:36 : t0:removeLowQuality

2023-01-29 21:47:41 : t0:removeLowQuality

2023-01-29 21:47:46 : t0:removeLowQuality

2023-01-29 21:47:51 : t0:raiseFidelity

2023-01-29 21:47:56 : t0:raiseFidelity

2023-01-29 21:48:01 : t0:removeLowQuality

2023-01-29 21:48:06 : t0:removeLowQuality

2023-01-29 21:49:01 : t0:removeLowQuality

2023-01-29 21:49:11 : t0:removeLowQuality

Reading file: generateLogs104811
Reading file: generateLogs111449
Reading file: generateLogs115104
Reading file: generateLogs122114
Reading file: generateLogs125158
Reading file: generateLogs131404
Reading file: generateLogs134457
Reading file: generateLogs140932
Reading file: generateLogs144048
Reading file: generateLogs145725
Reading file: generateLogs152330
Reading file: generateLogs155416
Reading file: generateLogs162628
Reading file: generateLogs165146
Reading file: generateLogs172723
Reading file: generateLogs174859
Reading file: generateLogs181909
Reading file: generateLogs2.sh
Reading file: k6-67tv9_tracing_20230129_184332.log
Reading file: prometheus-7d59995979-2sdk6_tracing_20230129_184332.log
Reading file: README.md
Reading file: scalabilitya-858689ddbc-tk9vt_tracing_20230129_184332.log

scalabilitya data

2023-01-29 21:49:04 : t0:removeLowScalability

2023-01-29 21:49:09 : t0:addReplica

2023-01-29 21:49:14 : t0:addReplica

2023-01-29 21:49:19 : t0:addReplica

2023-01-29 21:49:24 : t0:addReplica

2023-01-29 21:49:29 : t0:addReplica

2023-01-29 21:49:34 : t0:addReplica

Reading file: summary-trace-znn.log
Reading file: temp
Reading file: temp2701
Reading file: test
Reading file: tools
Reading file: traceznn_20230129_184332.log

Trace znn data

{'name': 'kube-znn-db.173ee48b18302e19', 'type': 'Normal', 'message': 'Scaled up replica set kube-znn-db-558bb5dd64 to 1', 'dateevent': '2023-01-29 21:23:17+00:00', 'image': 'cmendes/znn:800k', 'replicas': 1, 'imageChanges': 0, 'replicasChanges': 1}

{'name': 'kube-znn.173ee48b16ff3c9e', 'type': 'Normal', 'message': 'Scaled up replica set kube-znn-744bbbc54b to 1', 'dateevent': '2023-01-29 21:23:17+00:00', 'image': 'cmendes/znn:800k', 'replicas': 1, 'imageChanges': 0, 'replicasChanges': 1}

{'name': 'kube-znn.173ee5b52f2573f7', 'type': 'Normal', 'message': 'Scaled up replica set kube-znn-744bbbc54b to 2', 'dateevent': '2023-01-29 21:44:37+00:00', 'image': 'cmendes/znn:800k', 'replicas': 2, 'imageChanges': 0, 'replicasChanges': 2}

{'name': 'kube-znn.173ee5b730c75d60', 'type': 'Normal', 'message': 'Scaled up replica set kube-znn-744bbbc54b to 3', 'dateevent': '2023-01-29 21:44:46+00:00', 'image': 'cmendes/znn:800k', 'replicas': 3, 'imageChanges': 0, 'replicasChanges': 3}

{'name': 'kube-znn.173ee5b85aaba12f', 'type': 'Normal', 'message': 'Scaled up replica set kube-znn-744bbbc54b to 4', 'dateevent': '2023-01-29 21:44:51+00:00', 'image': 'cmendes/znn:800k', 'replicas': 4, 'imageChanges': 0, 'replicasChanges': 4}

{'name': 'kube-znn.173ee5b9840b4adc', 'type': 'Normal', 'message': 'Scaled up replica set kube-znn-744bbbc54b to 5', 'dateevent': '2023-01-29 21:44:56+00:00', 'image': 'cmendes/znn:800k', 'replicas': 5, 'imageChanges': 0, 'replicasChanges': 5}

{'name': 'kube-znn.173ee5bab0a3db97', 'type': 'Normal', 'message': 'Scaled up replica set kube-znn-744bbbc54b to 6', 'dateevent': '2023-01-29 21:45:01+00:00', 'image': 'cmendes/znn:800k', 'replicas': 6, 'imageChanges': 0, 'replicasChanges': 6}

{'name': 'kube-znn.173ee5bd0421ed50', 'type': 'Normal', 'message': 'Scaled up replica set kube-znn-744bbbc54b to 7', 'dateevent': '2023-01-29 21:45:11+00:00', 'image': 'cmendes/znn:800k', 'replicas': 7, 'imageChanges': 0, 'replicasChanges': 7}

{'name': 'kube-znn.173ee5be2bb3d9a4', 'type': 'Normal', 'message': 'Scaled up replica set kube-znn-744bbbc54b to 8', 'dateevent': '2023-01-29 21:45:16+00:00', 'image': 'cmendes/znn:800k', 'replicas': 8, 'imageChanges': 0, 'replicasChanges': 8}

{'name': 'kube-znn.173ee5c0808d2b47', 'type': 'Normal', 'message': 'Scaled up replica set kube-znn-744bbbc54b to 9', 'dateevent': '2023-01-29 21:45:26+00:00', 'image': 'cmendes/znn:800k', 'replicas': 9, 'imageChanges': 0, 'replicasChanges': 9}

{'name': 'kube-znn.173ee5c2d2e156b5', 'type': 'Normal', 'message': 'Scaled up replica set kube-znn-744bbbc54b to 10', 'dateevent': '2023-01-29 21:45:36+00:00', 'image': 'cmendes/znn:800k', 'replicas': 10, 'imageChanges': 0, 'replicasChanges': 10}

{'name': 'kube-znn.173ee5c46ed5efe4', 'type': 'Normal', 'message': '(combined from similar events): Scaled up replica set kube-znn-5c95bd98fb to 3', 'dateevent': '2023-01-29 21:45:43+00:00', 'image': 'cmendes/znn:600k', 'replicas': 10, 'imageChanges': 1, 'replicasChanges': 10}

{'name': 'kube-znn.173ee5c46ed5efe4', 'type': 'Normal', 'message': '(combined from similar events): Scaled down replica set kube-znn-744bbbc54b to 8', 'dateevent': '2023-01-29 21:45:43+00:00', 'image': 'cmendes/znn:600k', 'replicas': 10, 'imageChanges': 1, 'replicasChanges': 10}

{'name': 'kube-znn.173ee5c46ed5efe4', 'type': 'Normal', 'message': '(combined from similar events): Scaled up replica set kube-znn-5c95bd98fb to 5', 'dateevent': '2023-01-29 21:45:43+00:00', 'image': 'cmendes/znn:600k', 'replicas': 10, 'imageChanges': 1, 'replicasChanges': 10}

{'name': 'kube-znn.173ee5c46ed5efe4', 'type': 'Normal', 'message': '(combined from similar events): Scaled down replica set kube-znn-744bbbc54b to 3', 'dateevent': '2023-01-29 21:45:43+00:00', 'image': 'cmendes/znn:600k', 'replicas': 4, 'imageChanges': 1, 'replicasChanges': 11}

{'name': 'kube-znn.173ee5c46ed5efe4', 'type': 'Normal', 'message': '(combined from similar events): Scaled down replica set kube-znn-5c95bd98fb to 2', 'dateevent': '2023-01-29 21:45:43+00:00', 'image': 'cmendes/znn:600k', 'replicas': 4, 'imageChanges': 1, 'replicasChanges': 11}

{'name': 'kube-znn.173ee5c46ed5efe4', 'type': 'Normal', 'message': '(combined from similar events): Scaled down replica set kube-znn-744bbbc54b to 2', 'dateevent': '2023-01-29 21:45:43+00:00', 'image': 'cmendes/znn:600k', 'replicas': 4, 'imageChanges': 1, 'replicasChanges': 11}

{'name': 'kube-znn.173ee5d572f7d73d', 'type': 'Normal', 'message': 'Scaled up replica set kube-znn-5c95bd98fb to 3', 'dateevent': '2023-01-29 21:46:56+00:00', 'image': 'cmendes/znn:600k', 'replicas': 4, 'imageChanges': 1, 'replicasChanges': 11}

{'name': 'kube-znn.173ee5c46ed5efe4', 'type': 'Normal', 'message': '(combined from similar events): Scaled down replica set kube-znn-744bbbc54b to 1', 'dateevent': '2023-01-29 21:45:43+00:00', 'image': 'cmendes/znn:600k', 'replicas': 4, 'imageChanges': 1, 'replicasChanges': 11}

{'name': 'kube-znn.173ee5c46ed5efe4', 'type': 'Normal', 'message': '(combined from similar events): Scaled up replica set kube-znn-5c95bd98fb to 4', 'dateevent': '2023-01-29 21:45:43+00:00', 'image': 'cmendes/znn:600k', 'replicas': 4, 'imageChanges': 1, 'replicasChanges': 11}

{'name': 'kube-znn.173ee5c46ed5efe4', 'type': 'Normal', 'message': '(combined from similar events): Scaled down replica set kube-znn-744bbbc54b to 0', 'dateevent': '2023-01-29 21:45:43+00:00', 'image': 'cmendes/znn:600k', 'replicas': 4, 'imageChanges': 1, 'replicasChanges': 11}

{'name': 'kube-znn.173ee5c46ed5efe4', 'type': 'Normal', 'message': '(combined from similar events): Scaled up replica set kube-znn-744bbbc54b to 1', 'dateevent': '2023-01-29 21:45:43+00:00', 'image': 'cmendes/znn:800k', 'replicas': 4, 'imageChanges': 2, 'replicasChanges': 11}

{'name': 'kube-znn.173ee5c46ed5efe4', 'type': 'Normal', 'message': '(combined from similar events): Scaled down replica set kube-znn-5c95bd98fb to 3', 'dateevent': '2023-01-29 21:45:43+00:00', 'image': 'cmendes/znn:800k', 'replicas': 4, 'imageChanges': 2, 'replicasChanges': 11}

{'name': 'kube-znn.173ee5b52f2573f7', 'type': 'Normal', 'message': 'Scaled up replica set kube-znn-744bbbc54b to 2', 'dateevent': '2023-01-29 21:44:37+00:00', 'image': 'cmendes/znn:800k', 'replicas': 4, 'imageChanges': 2, 'replicasChanges': 11}

{'name': 'kube-znn.173ee5e60dbe21b9', 'type': 'Normal', 'message': 'Scaled down replica set kube-znn-5c95bd98fb to 2', 'dateevent': '2023-01-29 21:48:07+00:00', 'image': 'cmendes/znn:800k', 'replicas': 4, 'imageChanges': 2, 'replicasChanges': 11}

{'name': 'kube-znn.173ee5b730c75d60', 'type': 'Normal', 'message': 'Scaled up replica set kube-znn-744bbbc54b to 3', 'dateevent': '2023-01-29 21:44:46+00:00', 'image': 'cmendes/znn:800k', 'replicas': 4, 'imageChanges': 2, 'replicasChanges': 11}

{'name': 'kube-znn.173ee5c46ed5efe4', 'type': 'Normal', 'message': '(combined from similar events): Scaled down replica set kube-znn-5c95bd98fb to 1', 'dateevent': '2023-01-29 21:45:43+00:00', 'image': 'cmendes/znn:800k', 'replicas': 4, 'imageChanges': 2, 'replicasChanges': 11}

Reading file: VersionA-Monolithic
Reading file: VersionB-MicroControllers
Reading file: VersionC-WithFailureManagerMetaController
Reading file: VersionC-ZTemp
