Reading file: automatingDataGeneration.sh
Reading file: CLong10
Reading file: CLong10.7z
Reading file: Evaluation-ZNN.7z
Reading file: fidelitya-778c6c6b8b-qrt2z_tracing_20230129_040546.log

fidelitya data

2023-01-29 07:09:29 : t0:raiseFidelity

2023-01-29 07:09:34 : t0:raiseFidelity

2023-01-29 07:10:04 : t0:raiseFidelity

2023-01-29 07:10:09 : t0:raiseFidelity

2023-01-29 07:10:14 : t0:raiseFidelity

2023-01-29 07:10:19 : t0:raiseFidelity

2023-01-29 07:10:24 : t0:raiseFidelity

2023-01-29 07:10:29 : t0:raiseFidelity

2023-01-29 07:10:34 : t0:raiseFidelity

2023-01-29 07:10:39 : t0:raiseFidelity

2023-01-29 07:10:44 : t0:raiseFidelity

2023-01-29 07:10:49 : t0:raiseFidelity

2023-01-29 07:10:54 : t0:raiseFidelity

2023-01-29 07:10:59 : t0:raiseFidelity

2023-01-29 07:11:04 : t0:raiseFidelity

2023-01-29 07:11:09 : t0:raiseFidelity

2023-01-29 07:11:14 : t0:raiseFidelity

2023-01-29 07:11:19 : t0:raiseFidelity

2023-01-29 07:11:24 : t0:raiseFidelity

2023-01-29 07:11:29 : t0:raiseFidelity

2023-01-29 07:11:34 : t0:raiseFidelity

2023-01-29 07:11:39 : t0:raiseFidelity

2023-01-29 07:11:44 : t0:raiseFidelity

2023-01-29 07:11:49 : t0:raiseFidelity

2023-01-29 07:11:54 : t0:raiseFidelity

2023-01-29 07:11:59 : t0:raiseFidelity

2023-01-29 07:12:04 : t0:raiseFidelity

2023-01-29 07:12:09 : t0:raiseFidelity

2023-01-29 07:12:14 : t0:raiseFidelity

2023-01-29 07:12:19 : t0:raiseFidelity

2023-01-29 07:12:24 : t0:raiseFidelity

2023-01-29 07:12:29 : t0:raiseFidelity

2023-01-29 07:12:34 : t0:raiseFidelity

2023-01-29 07:12:39 : t0:raiseFidelity

2023-01-29 07:12:44 : t0:raiseFidelity

2023-01-29 07:12:49 : t0:raiseFidelity

2023-01-29 07:12:54 : t0:raiseFidelity

2023-01-29 07:12:59 : t0:raiseFidelity

2023-01-29 07:13:04 : t0:raiseFidelity

2023-01-29 07:13:09 : t0:raiseFidelity

2023-01-29 07:13:14 : t0:raiseFidelity

2023-01-29 07:13:19 : t0:raiseFidelity

2023-01-29 07:13:24 : t0:raiseFidelity

2023-01-29 07:13:29 : t0:raiseFidelity

2023-01-29 07:13:34 : t0:raiseFidelity

2023-01-29 07:13:39 : t0:raiseFidelity

2023-01-29 07:13:44 : t0:raiseFidelity

2023-01-29 07:13:49 : t0:raiseFidelity

2023-01-29 07:13:54 : t0:raiseFidelity

2023-01-29 07:13:59 : t0:raiseFidelity

2023-01-29 07:14:04 : t0:raiseFidelity

2023-01-29 07:14:09 : t0:raiseFidelity

2023-01-29 07:14:14 : t0:raiseFidelity

2023-01-29 07:14:19 : t0:raiseFidelity

2023-01-29 07:14:24 : t0:raiseFidelity

2023-01-29 07:14:29 : t0:raiseFidelity

2023-01-29 07:14:34 : t0:raiseFidelity

2023-01-29 07:14:39 : t0:raiseFidelity

2023-01-29 07:14:44 : t0:raiseFidelity

2023-01-29 07:14:49 : t0:raiseFidelity

2023-01-29 07:14:54 : t0:raiseFidelity

2023-01-29 07:14:59 : t0:raiseFidelity

2023-01-29 07:15:04 : t0:raiseFidelity

2023-01-29 07:15:09 : t0:raiseFidelity

2023-01-29 07:15:14 : t0:raiseFidelity

2023-01-29 07:15:19 : t0:raiseFidelity

2023-01-29 07:15:24 : t0:raiseFidelity

2023-01-29 07:15:29 : t0:raiseFidelity

2023-01-29 07:15:34 : t0:raiseFidelity

2023-01-29 07:15:39 : t0:raiseFidelity

2023-01-29 07:15:44 : t0:raiseFidelity

2023-01-29 07:15:49 : t0:raiseFidelity

2023-01-29 07:15:54 : t0:raiseFidelity

2023-01-29 07:15:59 : t0:raiseFidelity

2023-01-29 07:16:04 : t0:raiseFidelity

2023-01-29 07:16:09 : t0:raiseFidelity

2023-01-29 07:16:14 : t0:raiseFidelity

2023-01-29 07:16:19 : t0:raiseFidelity

Reading file: generateLogs002528
Reading file: generateLogs005657
Reading file: generateLogs011949
Reading file: generateLogs015458
Reading file: generateLogs022424
Reading file: generateLogs025408
Reading file: generateLogs032409
Reading file: generateLogs034605
Reading file: generateLogs121929
Reading file: generateLogs124558
Reading file: generateLogs131507
Reading file: generateLogs134342
Reading file: generateLogs140938
Reading file: generateLogs144032
Reading file: generateLogs150618
Reading file: generateLogs153301
Reading file: generateLogs155714
Reading file: generateLogs162553
Reading file: generateLogs164354
Reading file: generateLogs171441
Reading file: generateLogs174448
Reading file: generateLogs181031
Reading file: generateLogs184508
Reading file: generateLogs190356
Reading file: generateLogs192553
Reading file: generateLogs195446
Reading file: generateLogs2.sh
Reading file: generateLogs202030
Reading file: generateLogs205105
Reading file: generateLogs211405
Reading file: generateLogs214402
Reading file: generateLogs221119
Reading file: generateLogs225030
Reading file: generateLogs230943
Reading file: generateLogs232434
Reading file: k6-kcgn9_tracing_20230129_040546.log
Reading file: metacontroller-kubow-8479d7588d-pk482_tracing_20230129_040546.log

MetaController data

2023-01-29 07:06:40 : t0:activateLowScalabilityHighQuality

2023-01-29 07:06:50 : t0:addLowScalabilityLowQuality

2023-01-29 07:07:30 : t0:activateLowScalabilityHighQuality

2023-01-29 07:07:35 : t0:addLowScalabilityLowQuality

2023-01-29 07:08:50 : t0:addHighScalabilityHighQuality

Reading file: README.md
Reading file: scalabilitya-78d6cbbc7d-zddj6_tracing_20230129_040546.log

scalabilitya data

2023-01-29 07:09:37 : t0:removeReplica

Reading file: summary-trace-znn.log
Reading file: temp
Reading file: temp2701
Reading file: test
Reading file: tools
Reading file: traceznn_20230129_040546.log

Trace znn data

{'name': 'kube-znn-db.173eb4e88feb3972', 'type': 'Normal', 'message': 'Scaled up replica set kube-znn-db-6cc48797cf to 1', 'dateevent': '2023-01-29 06:50:22+00:00', 'image': 'cmendes/znn:800k', 'replicas': 1, 'imageChanges': 0, 'replicasChanges': 1}

{'name': 'kube-znn.173eb4e88e380865', 'type': 'Normal', 'message': 'Scaled up replica set kube-znn-68bd9d6b5b to 1', 'dateevent': '2023-01-29 06:50:22+00:00', 'image': 'cmendes/znn:800k', 'replicas': 1, 'imageChanges': 0, 'replicasChanges': 1}

{'name': 'kube-znn.173eb5c2361b3a67', 'type': 'Normal', 'message': 'Scaled up replica set kube-znn-68bd9d6b5b to 2', 'dateevent': '2023-01-29 07:05:57+00:00', 'image': 'cmendes/znn:800k', 'replicas': 2, 'imageChanges': 0, 'replicasChanges': 2}

{'name': 'kube-znn.173eb5c318e451e5', 'type': 'Normal', 'message': 'Scaled up replica set kube-znn-68bd9d6b5b to 3', 'dateevent': '2023-01-29 07:06:00+00:00', 'image': 'cmendes/znn:800k', 'replicas': 3, 'imageChanges': 0, 'replicasChanges': 3}

{'name': 'kube-znn.173eb5c4479efc2a', 'type': 'Normal', 'message': 'Scaled up replica set kube-znn-68bd9d6b5b to 4', 'dateevent': '2023-01-29 07:06:06+00:00', 'image': 'cmendes/znn:800k', 'replicas': 4, 'imageChanges': 0, 'replicasChanges': 4}

{'name': 'kube-znn.173eb5c571e475be', 'type': 'Normal', 'message': 'Scaled up replica set kube-znn-68bd9d6b5b to 5', 'dateevent': '2023-01-29 07:06:11+00:00', 'image': 'cmendes/znn:800k', 'replicas': 5, 'imageChanges': 0, 'replicasChanges': 5}

{'name': 'kube-znn.173eb5c6969b796e', 'type': 'Normal', 'message': 'Scaled up replica set kube-znn-68bd9d6b5b to 6', 'dateevent': '2023-01-29 07:06:15+00:00', 'image': 'cmendes/znn:800k', 'replicas': 6, 'imageChanges': 0, 'replicasChanges': 6}

{'name': 'kube-znn.173eb5c7c2950cfa', 'type': 'Normal', 'message': 'Scaled up replica set kube-znn-68bd9d6b5b to 7', 'dateevent': '2023-01-29 07:06:20+00:00', 'image': 'cmendes/znn:800k', 'replicas': 7, 'imageChanges': 0, 'replicasChanges': 7}

{'name': 'kube-znn.173eb5c8ea062acb', 'type': 'Normal', 'message': 'Scaled up replica set kube-znn-68bd9d6b5b to 8', 'dateevent': '2023-01-29 07:06:25+00:00', 'image': 'cmendes/znn:800k', 'replicas': 8, 'imageChanges': 0, 'replicasChanges': 8}

{'name': 'kube-znn.173eb5ca1843686c', 'type': 'Normal', 'message': 'Scaled up replica set kube-znn-68bd9d6b5b to 9', 'dateevent': '2023-01-29 07:06:31+00:00', 'image': 'cmendes/znn:800k', 'replicas': 9, 'imageChanges': 0, 'replicasChanges': 9}

{'name': 'kube-znn.173eb5cb3dc8f97c', 'type': 'Normal', 'message': 'Scaled up replica set kube-znn-68bd9d6b5b to 10', 'dateevent': '2023-01-29 07:06:35+00:00', 'image': 'cmendes/znn:800k', 'replicas': 10, 'imageChanges': 0, 'replicasChanges': 10}

{'name': 'kube-znn.173eb5cd0fc35d6e', 'type': 'Normal', 'message': '(combined from similar events): Scaled up replica set kube-znn-7cbbf89f8 to 3', 'dateevent': '2023-01-29 07:06:43+00:00', 'image': 'cmendes/znn:600k', 'replicas': 10, 'imageChanges': 1, 'replicasChanges': 10}

{'name': 'kube-znn.173eb5cd0fc35d6e', 'type': 'Normal', 'message': '(combined from similar events): Scaled down replica set kube-znn-68bd9d6b5b to 8', 'dateevent': '2023-01-29 07:06:43+00:00', 'image': 'cmendes/znn:600k', 'replicas': 10, 'imageChanges': 1, 'replicasChanges': 10}

{'name': 'kube-znn.173eb5cd0fc35d6e', 'type': 'Normal', 'message': '(combined from similar events): Scaled up replica set kube-znn-7cbbf89f8 to 5', 'dateevent': '2023-01-29 07:06:43+00:00', 'image': 'cmendes/znn:600k', 'replicas': 10, 'imageChanges': 1, 'replicasChanges': 10}

{'name': 'kube-znn.173eb5cd0fc35d6e', 'type': 'Normal', 'message': '(combined from similar events): Scaled down replica set kube-znn-68bd9d6b5b to 7', 'dateevent': '2023-01-29 07:06:43+00:00', 'image': 'cmendes/znn:600k', 'replicas': 10, 'imageChanges': 1, 'replicasChanges': 10}

{'name': 'kube-znn.173eb5cd0fc35d6e', 'type': 'Normal', 'message': '(combined from similar events): Scaled up replica set kube-znn-7cbbf89f8 to 6', 'dateevent': '2023-01-29 07:06:43+00:00', 'image': 'cmendes/znn:600k', 'replicas': 10, 'imageChanges': 1, 'replicasChanges': 10}

{'name': 'kube-znn.173eb5cd0fc35d6e', 'type': 'Normal', 'message': '(combined from similar events): Scaled down replica set kube-znn-68bd9d6b5b to 3', 'dateevent': '2023-01-29 07:06:43+00:00', 'image': 'cmendes/znn:100k', 'replicas': 10, 'imageChanges': 2, 'replicasChanges': 10}

{'name': 'kube-znn.173eb5cd0fc35d6e', 'type': 'Normal', 'message': '(combined from similar events): Scaled down replica set kube-znn-7cbbf89f8 to 5', 'dateevent': '2023-01-29 07:06:43+00:00', 'image': 'cmendes/znn:100k', 'replicas': 10, 'imageChanges': 2, 'replicasChanges': 10}

{'name': 'kube-znn.173eb5cd0fc35d6e', 'type': 'Normal', 'message': '(combined from similar events): Scaled up replica set kube-znn-7995d9b499 to 5', 'dateevent': '2023-01-29 07:06:43+00:00', 'image': 'cmendes/znn:100k', 'replicas': 10, 'imageChanges': 2, 'replicasChanges': 10}

{'name': 'kube-znn.173eb5cd0fc35d6e', 'type': 'Normal', 'message': '(combined from similar events): Scaled down replica set kube-znn-7cbbf89f8 to 1', 'dateevent': '2023-01-29 07:06:43+00:00', 'image': 'cmendes/znn:20k', 'replicas': 10, 'imageChanges': 3, 'replicasChanges': 10}

{'name': 'kube-znn.173eb5cd0fc35d6e', 'type': 'Normal', 'message': '(combined from similar events): Scaled down replica set kube-znn-7995d9b499 to 4', 'dateevent': '2023-01-29 07:06:43+00:00', 'image': 'cmendes/znn:20k', 'replicas': 10, 'imageChanges': 3, 'replicasChanges': 10}

{'name': 'kube-znn.173eb5cd0fc35d6e', 'type': 'Normal', 'message': '(combined from similar events): Scaled up replica set kube-znn-6b7655774 to 5', 'dateevent': '2023-01-29 07:06:43+00:00', 'image': 'cmendes/znn:20k', 'replicas': 10, 'imageChanges': 3, 'replicasChanges': 10}

{'name': 'kube-znn.173eb5cd0fc35d6e', 'type': 'Normal', 'message': '(combined from similar events): Scaled down replica set kube-znn-6b7655774 to 2', 'dateevent': '2023-01-29 07:06:43+00:00', 'image': 'cmendes/znn:20k', 'replicas': 4, 'imageChanges': 3, 'replicasChanges': 11}

{'name': 'kube-znn.173eb5cd0fc35d6e', 'type': 'Normal', 'message': '(combined from similar events): Scaled down replica set kube-znn-7995d9b499 to 2', 'dateevent': '2023-01-29 07:06:43+00:00', 'image': 'cmendes/znn:20k', 'replicas': 4, 'imageChanges': 3, 'replicasChanges': 11}

{'name': 'kube-znn.173eb5cd0fc35d6e', 'type': 'Normal', 'message': '(combined from similar events): Scaled down replica set kube-znn-68bd9d6b5b to 1', 'dateevent': '2023-01-29 07:06:43+00:00', 'image': 'cmendes/znn:20k', 'replicas': 4, 'imageChanges': 3, 'replicasChanges': 11}

{'name': 'kube-znn.173eb5cd0fc35d6e', 'type': 'Normal', 'message': '(combined from similar events): Scaled down replica set kube-znn-7cbbf89f8 to 0', 'dateevent': '2023-01-29 07:06:43+00:00', 'image': 'cmendes/znn:20k', 'replicas': 4, 'imageChanges': 3, 'replicasChanges': 11}

{'name': 'kube-znn.173eb5cd0fc35d6e', 'type': 'Normal', 'message': '(combined from similar events): Scaled down replica set kube-znn-6b7655774 to 0', 'dateevent': '2023-01-29 07:06:43+00:00', 'image': 'cmendes/znn:100k', 'replicas': 4, 'imageChanges': 4, 'replicasChanges': 11}

Reading file: VersionA-Monolithic
Reading file: VersionB-MicroControllers
Reading file: VersionC-WithFailureManagerMetaController
Reading file: VersionC-ZTemp
