Reading file: automatingDataGeneration.sh
Reading file: Evaluation-ZNN.7z
Reading file: fidelitya-778c6c6b8b-h9cm4_tracing_20230128_033534.log

fidelitya data

Reading file: generateLogs010303
Reading file: generateLogs011848
Reading file: generateLogs013516
Reading file: generateLogs015211
Reading file: generateLogs021333
Reading file: generateLogs022946
Reading file: generateLogs171220
Reading file: generateLogs172658
Reading file: generateLogs174232
Reading file: generateLogs175703
Reading file: generateLogs181216
Reading file: generateLogs182733
Reading file: generateLogs184131
Reading file: generateLogs185550
Reading file: generateLogs190935
Reading file: generateLogs193004
Reading file: generateLogs194516
Reading file: generateLogs2.sh
Reading file: generateLogs200355
Reading file: generateLogs202827
Reading file: generateLogs205357
Reading file: generateLogs211928
Reading file: generateLogs214056
Reading file: generateLogs221057
Reading file: generateLogs224228
Reading file: generateLogs230828
Reading file: generateLogs233838
Reading file: generateLogs235802
Reading file: k6-qczq2_tracing_20230128_033534.log
Reading file: metacontroller-kubow-8479d7588d-2sv8b_tracing_20230128_033534.log

MetaController data

2023-01-28 05:50:03 : t0:activateLowScalabilityHighQuality

2023-01-28 05:50:18 : t0:addLowScalabilityLowQuality

2023-01-28 05:51:48 : t0:addHighScalabilityHighQuality

2023-01-28 06:33:23 : t0:activateLowScalabilityHighQuality

2023-01-28 06:33:28 : t0:addLowScalabilityLowQuality

2023-01-28 06:34:23 : t0:addHighScalabilityHighQuality

Reading file: README.md
Reading file: scalabilitya-78d6cbbc7d-xvmzs_tracing_20230128_033534.log

scalabilitya data

2023-01-28 06:34:57 : t0:removeReplica

2023-01-28 06:35:12 : t0:removeReplica

2023-01-28 06:35:17 : t0:removeReplica

2023-01-28 06:35:52 : t0:removeReplica

2023-01-28 06:35:57 : t0:removeReplica

Reading file: summary-trace-znn.log
Reading file: temp
Reading file: temp2701
Reading file: test
Reading file: tools
Reading file: traceznn_20230128_033534.log

Trace znn data

{'name': 'kube-znn.173e62ffe695d797', 'type': 'Normal', 'message': 'Scaled up replica set kube-znn-68bd9d6b5b to 2', 'dateevent': '2023-01-28 05:49:22+00:00', 'image': 'cmendes/znn:200k', 'replicas': 3, 'imageChanges': 0, 'replicasChanges': 1}

{'name': 'kube-znn.173e6300a50fdf83', 'type': 'Normal', 'message': 'Scaled up replica set kube-znn-68bd9d6b5b to 3', 'dateevent': '2023-01-28 05:49:25+00:00', 'image': 'cmendes/znn:200k', 'replicas': 3, 'imageChanges': 0, 'replicasChanges': 1}

{'name': 'kube-znn.173e6301d042d2e5', 'type': 'Normal', 'message': 'Scaled up replica set kube-znn-68bd9d6b5b to 4', 'dateevent': '2023-01-28 05:49:30+00:00', 'image': 'cmendes/znn:200k', 'replicas': 3, 'imageChanges': 0, 'replicasChanges': 1}

{'name': 'kube-znn.173e6302f4c62e3e', 'type': 'Normal', 'message': 'Scaled up replica set kube-znn-68bd9d6b5b to 5', 'dateevent': '2023-01-28 05:49:35+00:00', 'image': 'cmendes/znn:200k', 'replicas': 3, 'imageChanges': 0, 'replicasChanges': 1}

{'name': 'kube-znn.173e63041edb542a', 'type': 'Normal', 'message': 'Scaled up replica set kube-znn-68bd9d6b5b to 6', 'dateevent': '2023-01-28 05:49:40+00:00', 'image': 'cmendes/znn:200k', 'replicas': 3, 'imageChanges': 0, 'replicasChanges': 1}

{'name': 'kube-znn.173e630547a63828', 'type': 'Normal', 'message': 'Scaled up replica set kube-znn-68bd9d6b5b to 7', 'dateevent': '2023-01-28 05:49:45+00:00', 'image': 'cmendes/znn:200k', 'replicas': 3, 'imageChanges': 0, 'replicasChanges': 1}

{'name': 'kube-znn.173e630672109706', 'type': 'Normal', 'message': 'Scaled up replica set kube-znn-68bd9d6b5b to 8', 'dateevent': '2023-01-28 05:49:50+00:00', 'image': 'cmendes/znn:200k', 'replicas': 3, 'imageChanges': 0, 'replicasChanges': 1}

{'name': 'kube-znn.173e6307a1707fbf', 'type': 'Normal', 'message': 'Scaled up replica set kube-znn-68bd9d6b5b to 9', 'dateevent': '2023-01-28 05:49:55+00:00', 'image': 'cmendes/znn:200k', 'replicas': 3, 'imageChanges': 0, 'replicasChanges': 1}

{'name': 'kube-znn.173e6308c55f2164', 'type': 'Normal', 'message': 'Scaled up replica set kube-znn-68bd9d6b5b to 10', 'dateevent': '2023-01-28 05:50:00+00:00', 'image': 'cmendes/znn:200k', 'replicas': 3, 'imageChanges': 0, 'replicasChanges': 1}

{'name': 'kube-znn.173e630ab6718ef1', 'type': 'Normal', 'message': '(combined from similar events): Scaled up replica set kube-znn-68bd9d6b5b to 5', 'dateevent': '2023-01-28 05:50:09+00:00', 'image': 'cmendes/znn:200k', 'replicas': 3, 'imageChanges': 0, 'replicasChanges': 1}

{'name': 'kube-znn.173e632865467bd8', 'type': 'Normal', 'message': 'Scaled up replica set kube-znn-7cbbf89f8 to 3', 'dateevent': '2023-01-28 05:52:16+00:00', 'image': 'cmendes/znn:200k', 'replicas': 3, 'imageChanges': 0, 'replicasChanges': 1}

{'name': 'kube-znn.173e637f6d711cbc', 'type': 'Normal', 'message': 'Scaled down replica set kube-znn-7cbbf89f8 to 2', 'dateevent': '2023-01-28 05:58:30+00:00', 'image': 'cmendes/znn:200k', 'replicas': 3, 'imageChanges': 0, 'replicasChanges': 1}

{'name': 'kube-znn.173e656ce221ebe8', 'type': 'Normal', 'message': 'Scaled down replica set kube-znn-68bd9d6b5b to 5', 'dateevent': '2023-01-28 06:33:49+00:00', 'image': 'cmendes/znn:200k', 'replicas': 3, 'imageChanges': 0, 'replicasChanges': 1}

{'name': 'kube-znn.173e656ce304183e', 'type': 'Normal', 'message': 'Scaled down replica set kube-znn-7cbbf89f8 to 1', 'dateevent': '2023-01-28 06:33:49+00:00', 'image': 'cmendes/znn:200k', 'replicas': 3, 'imageChanges': 0, 'replicasChanges': 1}

{'name': 'kube-znn.173e656ce49fa12a', 'type': 'Normal', 'message': 'Scaled down replica set kube-znn-7995d9b499 to 1', 'dateevent': '2023-01-28 06:33:49+00:00', 'image': 'cmendes/znn:200k', 'replicas': 3, 'imageChanges': 0, 'replicasChanges': 1}

{'name': 'kube-znn.173e656de488522d', 'type': 'Normal', 'message': 'Scaled down replica set kube-znn-68bd9d6b5b to 2', 'dateevent': '2023-01-28 06:33:54+00:00', 'image': 'cmendes/znn:200k', 'replicas': 3, 'imageChanges': 0, 'replicasChanges': 1}

{'name': 'kube-znn.173e6579a39e1c6f', 'type': 'Normal', 'message': 'Scaled down replica set kube-znn-68bd9d6b5b to 1', 'dateevent': '2023-01-28 06:34:44+00:00', 'image': 'cmendes/znn:200k', 'replicas': 3, 'imageChanges': 0, 'replicasChanges': 1}

Reading file: VersionA-Monolithic
Reading file: VersionB-MicroControllers
Reading file: VersionC-WithFailureManagerMetaController
Reading file: VersionC-ZTemp
