Reading file: automatingDataGeneration.sh
Reading file: CLong10
Reading file: CLong10.7z
Reading file: CShort10
Reading file: CShort10.7z
Reading file: Evaluation-ZNN.7z
Reading file: fidelityb-67c8fc5999-vrrzf_tracing_20230129_210330.log

fidelityb data

2023-01-30 00:08:40 : t0:removeHighQuality

2023-01-30 00:08:45 : t0:removeHighQuality

2023-01-30 00:08:50 : t0:removeHighQuality

2023-01-30 00:08:55 : t0:removeHighQuality

2023-01-30 00:09:00 : t0:removeHighQuality

2023-01-30 00:09:05 : t0:removeHighQuality

2023-01-30 00:09:10 : t0:removeHighQuality

2023-01-30 00:09:15 : t0:raiseFidelity

Reading file: generateLogs104811
Reading file: generateLogs111449
Reading file: generateLogs115104
Reading file: generateLogs122114
Reading file: generateLogs125158
Reading file: generateLogs131404
Reading file: generateLogs134457
Reading file: generateLogs140932
Reading file: generateLogs144048
Reading file: generateLogs145725
Reading file: generateLogs152330
Reading file: generateLogs155416
Reading file: generateLogs162628
Reading file: generateLogs165146
Reading file: generateLogs172723
Reading file: generateLogs174859
Reading file: generateLogs181909
Reading file: generateLogs184936
Reading file: generateLogs192145
Reading file: generateLogs195734
Reading file: generateLogs2.sh
Reading file: generateLogs202056
Reading file: generateLogs203926
Reading file: k6-frqz5_tracing_20230129_210330.log
Reading file: README.md
Reading file: scalabilityb-66d698fc76-59zhl_tracing_20230129_210330.log

scalabilityb data

2023-01-30 00:04:54 : t0:removeHighScalability

2023-01-30 00:04:59 : t0:removeHighScalability

2023-01-30 00:05:04 : t0:removeHighScalability

2023-01-30 00:05:09 : t0:removeHighScalability

2023-01-30 00:05:14 : t0:removeHighScalability

2023-01-30 00:05:19 : t0:removeHighScalability

2023-01-30 00:05:24 : t0:removeHighScalability

2023-01-30 00:05:29 : t0:removeHighScalability

2023-01-30 00:05:34 : t0:removeHighScalability

2023-01-30 00:05:39 : t0:removeHighScalability

2023-01-30 00:05:44 : t0:removeHighScalability

2023-01-30 00:05:49 : t0:removeHighScalability

2023-01-30 00:05:54 : t0:removeHighScalability

2023-01-30 00:05:59 : t0:removeHighScalability

2023-01-30 00:06:04 : t0:removeHighScalability

2023-01-30 00:06:09 : t0:removeHighScalability

2023-01-30 00:06:14 : t0:removeHighScalability

2023-01-30 00:06:19 : t0:removeHighScalability

2023-01-30 00:06:24 : t0:removeHighScalability

2023-01-30 00:06:29 : t0:removeHighScalability

2023-01-30 00:06:34 : t0:removeHighScalability

2023-01-30 00:06:39 : t0:removeHighScalability

2023-01-30 00:06:44 : t0:removeHighScalability

2023-01-30 00:06:49 : t0:removeHighScalability

2023-01-30 00:06:54 : t0:removeHighScalability

2023-01-30 00:06:59 : t0:removeHighScalability

2023-01-30 00:07:04 : t0:removeHighScalability

2023-01-30 00:07:09 : t0:removeHighScalability

2023-01-30 00:07:14 : t0:removeHighScalability

2023-01-30 00:07:19 : t0:removeHighScalability

2023-01-30 00:07:24 : t0:removeHighScalability

2023-01-30 00:07:29 : t0:removeHighScalability

2023-01-30 00:07:34 : t0:removeHighScalability

2023-01-30 00:07:39 : t0:removeHighScalability

2023-01-30 00:07:44 : t0:removeHighScalability

2023-01-30 00:07:49 : t0:removeHighScalability

2023-01-30 00:07:54 : t0:removeHighScalability

2023-01-30 00:07:59 : t0:removeHighScalability

2023-01-30 00:08:04 : t0:removeHighScalability

2023-01-30 00:08:09 : t0:removeHighScalability

2023-01-30 00:08:14 : t0:removeHighScalability

2023-01-30 00:08:19 : t0:removeHighScalability

2023-01-30 00:08:24 : t0:removeHighScalability

2023-01-30 00:08:29 : t0:removeHighScalability

2023-01-30 00:08:34 : t0:removeHighScalability

2023-01-30 00:08:39 : t0:removeHighScalability

2023-01-30 00:08:44 : t0:removeHighScalability

2023-01-30 00:08:49 : t0:removeHighScalability

2023-01-30 00:08:54 : t0:removeHighScalability

2023-01-30 00:09:14 : t0:removeReplica

Reading file: summary-trace-znn.log
Reading file: temp
Reading file: temp2701
Reading file: test
Reading file: tools
Reading file: traceznn_20230129_210330.log

Trace znn data

{'name': 'kube-znn-db.173eec371d2bb9a4', 'type': 'Normal', 'message': 'Scaled up replica set kube-znn-db-558bb5dd64 to 1', 'dateevent': '2023-01-29 23:43:52+00:00', 'image': 'cmendes/znn:800k', 'replicas': 1, 'imageChanges': 0, 'replicasChanges': 1}

{'name': 'kube-znn.173eec371be0e560', 'type': 'Normal', 'message': 'Scaled up replica set kube-znn-744bbbc54b to 1', 'dateevent': '2023-01-29 23:43:52+00:00', 'image': 'cmendes/znn:800k', 'replicas': 1, 'imageChanges': 0, 'replicasChanges': 1}

{'name': 'kube-znn.173eed4be096220f', 'type': 'Normal', 'message': 'Scaled up replica set kube-znn-744bbbc54b to 2', 'dateevent': '2023-01-30 00:03:41+00:00', 'image': 'cmendes/znn:800k', 'replicas': 2, 'imageChanges': 0, 'replicasChanges': 2}

{'name': 'kube-znn.173eed4cc5709b46', 'type': 'Normal', 'message': 'Scaled up replica set kube-znn-744bbbc54b to 3', 'dateevent': '2023-01-30 00:03:45+00:00', 'image': 'cmendes/znn:800k', 'replicas': 3, 'imageChanges': 0, 'replicasChanges': 3}

{'name': 'kube-znn.173eed4def4b1690', 'type': 'Normal', 'message': 'Scaled up replica set kube-znn-744bbbc54b to 4', 'dateevent': '2023-01-30 00:03:50+00:00', 'image': 'cmendes/znn:800k', 'replicas': 4, 'imageChanges': 0, 'replicasChanges': 4}

{'name': 'kube-znn.173eed4f17d11142', 'type': 'Normal', 'message': 'Scaled up replica set kube-znn-744bbbc54b to 5', 'dateevent': '2023-01-30 00:03:55+00:00', 'image': 'cmendes/znn:800k', 'replicas': 5, 'imageChanges': 0, 'replicasChanges': 5}

{'name': 'kube-znn.173eed504443b9a4', 'type': 'Normal', 'message': 'Scaled up replica set kube-znn-744bbbc54b to 6', 'dateevent': '2023-01-30 00:04:00+00:00', 'image': 'cmendes/znn:800k', 'replicas': 6, 'imageChanges': 0, 'replicasChanges': 6}

{'name': 'kube-znn.173eed516b8c272f', 'type': 'Normal', 'message': 'Scaled up replica set kube-znn-744bbbc54b to 7', 'dateevent': '2023-01-30 00:04:05+00:00', 'image': 'cmendes/znn:800k', 'replicas': 7, 'imageChanges': 0, 'replicasChanges': 7}

{'name': 'kube-znn.173eed5294bb1963', 'type': 'Normal', 'message': 'Scaled up replica set kube-znn-744bbbc54b to 8', 'dateevent': '2023-01-30 00:04:10+00:00', 'image': 'cmendes/znn:800k', 'replicas': 8, 'imageChanges': 0, 'replicasChanges': 8}

{'name': 'kube-znn.173eed53c0450880', 'type': 'Normal', 'message': 'Scaled up replica set kube-znn-744bbbc54b to 9', 'dateevent': '2023-01-30 00:04:15+00:00', 'image': 'cmendes/znn:800k', 'replicas': 9, 'imageChanges': 0, 'replicasChanges': 9}

{'name': 'kube-znn.173eed54e8d63f79', 'type': 'Normal', 'message': 'Scaled up replica set kube-znn-744bbbc54b to 10', 'dateevent': '2023-01-30 00:04:20+00:00', 'image': 'cmendes/znn:800k', 'replicas': 10, 'imageChanges': 0, 'replicasChanges': 10}

{'name': 'kube-znn.173eed569c897b70', 'type': 'Normal', 'message': '(combined from similar events): Scaled up replica set kube-znn-5c95bd98fb to 3', 'dateevent': '2023-01-30 00:04:27+00:00', 'image': 'cmendes/znn:600k', 'replicas': 10, 'imageChanges': 1, 'replicasChanges': 10}

{'name': 'kube-znn.173eed569c897b70', 'type': 'Normal', 'message': '(combined from similar events): Scaled down replica set kube-znn-744bbbc54b to 8', 'dateevent': '2023-01-30 00:04:27+00:00', 'image': 'cmendes/znn:600k', 'replicas': 10, 'imageChanges': 1, 'replicasChanges': 10}

{'name': 'kube-znn.173eed569c897b70', 'type': 'Normal', 'message': '(combined from similar events): Scaled up replica set kube-znn-5c95bd98fb to 5', 'dateevent': '2023-01-30 00:04:27+00:00', 'image': 'cmendes/znn:600k', 'replicas': 10, 'imageChanges': 1, 'replicasChanges': 10}

{'name': 'kube-znn.173eed569c897b70', 'type': 'Normal', 'message': '(combined from similar events): Scaled down replica set kube-znn-744bbbc54b to 5', 'dateevent': '2023-01-30 00:04:27+00:00', 'image': 'cmendes/znn:400k', 'replicas': 10, 'imageChanges': 2, 'replicasChanges': 10}

{'name': 'kube-znn.173eed569c897b70', 'type': 'Normal', 'message': '(combined from similar events): Scaled down replica set kube-znn-5c95bd98fb to 3', 'dateevent': '2023-01-30 00:04:27+00:00', 'image': 'cmendes/znn:400k', 'replicas': 10, 'imageChanges': 2, 'replicasChanges': 10}

{'name': 'kube-znn.173eed569c897b70', 'type': 'Normal', 'message': '(combined from similar events): Scaled up replica set kube-znn-549bfcf578 to 5', 'dateevent': '2023-01-30 00:04:27+00:00', 'image': 'cmendes/znn:400k', 'replicas': 10, 'imageChanges': 2, 'replicasChanges': 10}

{'name': 'kube-znn.173eed569c897b70', 'type': 'Normal', 'message': '(combined from similar events): Scaled down replica set kube-znn-549bfcf578 to 3', 'dateevent': '2023-01-30 00:04:27+00:00', 'image': 'cmendes/znn:600k', 'replicas': 10, 'imageChanges': 3, 'replicasChanges': 10}

{'name': 'kube-znn.173eed569c897b70', 'type': 'Normal', 'message': '(combined from similar events): Scaled up replica set kube-znn-5c95bd98fb to 5', 'dateevent': '2023-01-30 00:04:27+00:00', 'image': 'cmendes/znn:600k', 'replicas': 10, 'imageChanges': 3, 'replicasChanges': 10}

{'name': 'kube-znn.173eed60d598804b', 'type': 'Normal', 'message': 'Scaled down replica set kube-znn-5c95bd98fb to 3', 'dateevent': '2023-01-30 00:05:11+00:00', 'image': 'cmendes/znn:400k', 'replicas': 10, 'imageChanges': 4, 'replicasChanges': 10}

{'name': 'kube-znn.173eed60d660baef', 'type': 'Normal', 'message': 'Scaled up replica set kube-znn-549bfcf578 to 5', 'dateevent': '2023-01-30 00:05:11+00:00', 'image': 'cmendes/znn:400k', 'replicas': 10, 'imageChanges': 4, 'replicasChanges': 10}

{'name': 'kube-znn.173eed61f5587f47', 'type': 'Normal', 'message': 'Scaled down replica set kube-znn-549bfcf578 to 3', 'dateevent': '2023-01-30 00:05:16+00:00', 'image': 'cmendes/znn:600k', 'replicas': 10, 'imageChanges': 5, 'replicasChanges': 10}

{'name': 'kube-znn.173eed61f5ecce85', 'type': 'Normal', 'message': 'Scaled up replica set kube-znn-5c95bd98fb to 5', 'dateevent': '2023-01-30 00:05:16+00:00', 'image': 'cmendes/znn:600k', 'replicas': 10, 'imageChanges': 5, 'replicasChanges': 10}

{'name': 'kube-znn.173eed60d598804b', 'type': 'Normal', 'message': 'Scaled down replica set kube-znn-5c95bd98fb to 3', 'dateevent': '2023-01-30 00:05:11+00:00', 'image': 'cmendes/znn:400k', 'replicas': 10, 'imageChanges': 6, 'replicasChanges': 10}

{'name': 'kube-znn.173eed60d660baef', 'type': 'Normal', 'message': 'Scaled up replica set kube-znn-549bfcf578 to 5', 'dateevent': '2023-01-30 00:05:11+00:00', 'image': 'cmendes/znn:400k', 'replicas': 10, 'imageChanges': 6, 'replicasChanges': 10}

{'name': 'kube-znn.173eed569c897b70', 'type': 'Normal', 'message': '(combined from similar events): Scaled down replica set kube-znn-549bfcf578 to 2', 'dateevent': '2023-01-30 00:04:27+00:00', 'image': 'cmendes/znn:600k', 'replicas': 10, 'imageChanges': 7, 'replicasChanges': 10}

{'name': 'kube-znn.173eed569c897b70', 'type': 'Normal', 'message': '(combined from similar events): Scaled up replica set kube-znn-5c95bd98fb to 6', 'dateevent': '2023-01-30 00:04:27+00:00', 'image': 'cmendes/znn:600k', 'replicas': 10, 'imageChanges': 7, 'replicasChanges': 10}

{'name': 'kube-znn.173eed8d0e627a57', 'type': 'Normal', 'message': 'Scaled down replica set kube-znn-5c95bd98fb to 4', 'dateevent': '2023-01-30 00:08:41+00:00', 'image': 'cmendes/znn:400k', 'replicas': 10, 'imageChanges': 8, 'replicasChanges': 10}

Reading file: VersionA-Monolithic
Reading file: VersionB-MicroControllers
Reading file: VersionC-WithFailureManagerMetaController
Reading file: VersionC-ZTemp
