Reading file: ALong10
Reading file: ALong10.7z
Reading file: AShort10
Reading file: automatingDataGeneration.sh
Reading file: BLong10
Reading file: BLong10_parte1.7z
Reading file: BLong10_parte2.7z
Reading file: BLong10_parte3.7z
Reading file: BShort10
Reading file: BShort10.7z
Reading file: CLong10
Reading file: CLong10.7z
Reading file: CShort10
Reading file: CShort10.7z
Reading file: Evaluation-ZNN.7z
Reading file: generateLogs101108
Reading file: generateLogs110006
Reading file: generateLogs111415
Reading file: generateLogs112825
Reading file: generateLogs114646
Reading file: generateLogs120110
Reading file: generateLogs121547
Reading file: generateLogs123120
Reading file: generateLogs124559
Reading file: generateLogs130233
Reading file: generateLogs2.sh
Reading file: k6-zwz5z_tracing_20230201_131152.log
Reading file: kubow-548bb5f4b4-flt4q_tracing_20230201_131152.log

Kubow data

2023-02-01 16:11:56 : t0:addReplica

2023-02-01 16:12:01 : t0:addReplica

2023-02-01 16:12:06 : t0:addReplica

2023-02-01 16:12:11 : t0:addReplica

2023-02-01 16:12:16 : t0:addReplica

2023-02-01 16:12:21 : t0:addReplica

2023-02-01 16:12:26 : t0:addReplica

2023-02-01 16:12:31 : t0:addReplica

2023-02-01 16:12:36 : t0:addReplica

2023-02-01 16:12:41 : t1:lowerFidelity

2023-02-01 16:12:51 : t0:addHighScalabilityHighQuality

2023-02-01 16:12:56 : t0:addHighScalabilityHighQuality

2023-02-01 16:13:01 : t0:activateLowScalabilityHighQuality

2023-02-01 16:13:31 : t0:addHighScalabilityHighQuality

2023-02-01 16:13:36 : t0:addHighScalabilityHighQuality

2023-02-01 16:13:41 : t0:addHighScalabilityHighQuality

2023-02-01 16:13:46 : t1:raiseFidelity

2023-02-01 16:13:51 : t0:addHighScalabilityHighQuality

2023-02-01 16:13:56 INFO  Rainbow:694 - Delegate: master[EXECUTOR]: [[Rainbow Strategy Executor]]: Executing an adaptation

2023-02-01 16:14:01 : t0:addHighScalabilityHighQuality

2023-02-01 16:14:06 : t0:addHighScalabilityHighQuality

2023-02-01 16:14:11 : t0:addHighScalabilityHighQuality

2023-02-01 16:14:21 : t0:removeReplica

2023-02-01 16:14:26 : t0:removeReplica

2023-02-01 16:15:01 : t0:removeReplica

2023-02-01 16:15:06 : t1:raiseFidelity

2023-02-01 16:15:36 : t0:removeReplica

2023-02-01 16:15:41 : t1:raiseFidelity

2023-02-01 16:16:11 : t1:raiseFidelity

2023-02-01 16:16:16 : t1:raiseFidelity

2023-02-01 16:16:21 : t1:raiseFidelity

2023-02-01 16:16:26 : t1:raiseFidelity

2023-02-01 16:16:31 : t1:raiseFidelity

2023-02-01 16:16:36 : t1:raiseFidelity

2023-02-01 16:16:41 : t1:raiseFidelity

2023-02-01 16:16:46 : t1:raiseFidelity

2023-02-01 16:16:51 : t1:raiseFidelity

2023-02-01 16:16:56 : t1:raiseFidelity

2023-02-01 16:17:01 : t1:raiseFidelity

2023-02-01 16:17:06 : t1:raiseFidelity

2023-02-01 16:17:11 : t1:raiseFidelity

2023-02-01 16:17:16 : t1:raiseFidelity

2023-02-01 16:17:21 : t1:raiseFidelity

2023-02-01 16:17:26 : t1:raiseFidelity

2023-02-01 16:17:31 : t1:raiseFidelity

2023-02-01 16:17:36 : t1:raiseFidelity

2023-02-01 16:17:41 : t1:raiseFidelity

2023-02-01 16:17:46 : t1:raiseFidelity

2023-02-01 16:17:51 : t1:raiseFidelity

2023-02-01 16:17:56 : t1:raiseFidelity

2023-02-01 16:18:01 : t1:raiseFidelity

2023-02-01 16:18:06 : t1:raiseFidelity

2023-02-01 16:18:11 : t1:raiseFidelity

2023-02-01 16:18:16 : t1:raiseFidelity

2023-02-01 16:18:21 : t1:raiseFidelity

2023-02-01 16:18:26 : t1:raiseFidelity

2023-02-01 16:18:31 : t1:raiseFidelity

2023-02-01 16:18:36 : t1:raiseFidelity

2023-02-01 16:18:41 : t1:raiseFidelity

2023-02-01 16:18:46 : t1:raiseFidelity

2023-02-01 16:18:51 : t1:raiseFidelity

2023-02-01 16:18:56 : t1:raiseFidelity

2023-02-01 16:19:01 : t1:raiseFidelity

2023-02-01 16:19:06 : t1:raiseFidelity

2023-02-01 16:19:11 : t1:raiseFidelity

2023-02-01 16:19:16 : t1:raiseFidelity

2023-02-01 16:19:21 : t1:raiseFidelity

2023-02-01 16:19:26 : t1:raiseFidelity

2023-02-01 16:19:31 : t1:raiseFidelity

2023-02-01 16:19:36 : t1:raiseFidelity

2023-02-01 16:19:41 : t1:raiseFidelity

2023-02-01 16:19:46 : t1:raiseFidelity

2023-02-01 16:19:51 : t1:raiseFidelity

2023-02-01 16:19:56 : t1:raiseFidelity

2023-02-01 16:20:01 : t1:raiseFidelity

2023-02-01 16:20:06 : t1:raiseFidelity

2023-02-01 16:20:11 : t1:raiseFidelity

2023-02-01 16:20:16 : t1:raiseFidelity

2023-02-01 16:20:21 : t1:raiseFidelity

2023-02-01 16:20:26 : t1:raiseFidelity

2023-02-01 16:20:31 : t1:raiseFidelity

2023-02-01 16:20:36 : t1:raiseFidelity

2023-02-01 16:20:41 : t1:raiseFidelity

2023-02-01 16:20:46 : t1:raiseFidelity

2023-02-01 16:20:51 : t1:raiseFidelity

2023-02-01 16:20:56 : t1:raiseFidelity

2023-02-01 16:21:01 : t1:raiseFidelity

2023-02-01 16:21:06 : t1:raiseFidelity

2023-02-01 16:21:11 : t1:raiseFidelity

2023-02-01 16:21:16 : t1:raiseFidelity

2023-02-01 16:21:21 : t1:raiseFidelity

2023-02-01 16:21:26 : t1:raiseFidelity

2023-02-01 16:21:31 : t1:raiseFidelity

2023-02-01 16:21:36 : t1:raiseFidelity

Reading file: README.md
Reading file: summary-trace-znn.log
Reading file: temp
Reading file: temp2701
Reading file: temp3101
Reading file: test
Reading file: tools
Reading file: traceznn_20230201_131152.log

Trace znn data

{'name': 'kube-znn-db.173fbf06133360a2', 'type': 'Normal', 'message': 'Scaled up replica set kube-znn-db-6dd8968475 to 1', 'dateevent': '2023-02-01 16:06:59+00:00', 'image': 'cmendes/znn:800k', 'replicas': 1, 'imageChanges': 0, 'replicasChanges': 1}

{'name': 'kube-znn.173fbf06110287c1', 'type': 'Normal', 'message': 'Scaled up replica set kube-znn-5fb97667db to 1', 'dateevent': '2023-02-01 16:06:59+00:00', 'image': 'cmendes/znn:800k', 'replicas': 1, 'imageChanges': 0, 'replicasChanges': 1}

{'name': 'kube-znn.173fbf4bb776d360', 'type': 'Normal', 'message': 'Scaled up replica set kube-znn-5fb97667db to 2', 'dateevent': '2023-02-01 16:11:58+00:00', 'image': 'cmendes/znn:800k', 'replicas': 2, 'imageChanges': 0, 'replicasChanges': 2}

{'name': 'kube-znn.173fbf4c96e3c47c', 'type': 'Normal', 'message': 'Scaled up replica set kube-znn-5fb97667db to 3', 'dateevent': '2023-02-01 16:12:02+00:00', 'image': 'cmendes/znn:800k', 'replicas': 3, 'imageChanges': 0, 'replicasChanges': 3}

{'name': 'kube-znn.173fbf4dbe75f6e4', 'type': 'Normal', 'message': 'Scaled up replica set kube-znn-5fb97667db to 4', 'dateevent': '2023-02-01 16:12:07+00:00', 'image': 'cmendes/znn:800k', 'replicas': 4, 'imageChanges': 0, 'replicasChanges': 4}

{'name': 'kube-znn.173fbf4ee7dda6e3', 'type': 'Normal', 'message': 'Scaled up replica set kube-znn-5fb97667db to 5', 'dateevent': '2023-02-01 16:12:12+00:00', 'image': 'cmendes/znn:800k', 'replicas': 5, 'imageChanges': 0, 'replicasChanges': 5}

{'name': 'kube-znn.173fbf5011e139f4', 'type': 'Normal', 'message': 'Scaled up replica set kube-znn-5fb97667db to 6', 'dateevent': '2023-02-01 16:12:17+00:00', 'image': 'cmendes/znn:800k', 'replicas': 6, 'imageChanges': 0, 'replicasChanges': 6}

{'name': 'kube-znn.173fbf513b088e0d', 'type': 'Normal', 'message': 'Scaled up replica set kube-znn-5fb97667db to 7', 'dateevent': '2023-02-01 16:12:22+00:00', 'image': 'cmendes/znn:800k', 'replicas': 7, 'imageChanges': 0, 'replicasChanges': 7}

{'name': 'kube-znn.173fbf52658cf24a', 'type': 'Normal', 'message': 'Scaled up replica set kube-znn-5fb97667db to 8', 'dateevent': '2023-02-01 16:12:27+00:00', 'image': 'cmendes/znn:800k', 'replicas': 8, 'imageChanges': 0, 'replicasChanges': 8}

{'name': 'kube-znn.173fbf538f91a3e1', 'type': 'Normal', 'message': 'Scaled up replica set kube-znn-5fb97667db to 9', 'dateevent': '2023-02-01 16:12:32+00:00', 'image': 'cmendes/znn:800k', 'replicas': 9, 'imageChanges': 0, 'replicasChanges': 9}

{'name': 'kube-znn.173fbf54ba17b291', 'type': 'Normal', 'message': '(combined from similar events): Scaled up replica set kube-znn-5fb97667db to 10', 'dateevent': '2023-02-01 16:12:37+00:00', 'image': 'cmendes/znn:800k', 'replicas': 10, 'imageChanges': 0, 'replicasChanges': 10}

{'name': 'kube-znn.173fbf54ba17b291', 'type': 'Normal', 'message': '(combined from similar events): Scaled up replica set kube-znn-6978979d84 to 3', 'dateevent': '2023-02-01 16:12:37+00:00', 'image': 'cmendes/znn:600k', 'replicas': 10, 'imageChanges': 1, 'replicasChanges': 10}

{'name': 'kube-znn.173fbf54ba17b291', 'type': 'Normal', 'message': '(combined from similar events): Scaled down replica set kube-znn-5fb97667db to 9', 'dateevent': '2023-02-01 16:12:37+00:00', 'image': 'cmendes/znn:600k', 'replicas': 10, 'imageChanges': 1, 'replicasChanges': 10}

{'name': 'kube-znn.173fbf54ba17b291', 'type': 'Normal', 'message': '(combined from similar events): Scaled down replica set kube-znn-5fb97667db to 8', 'dateevent': '2023-02-01 16:12:37+00:00', 'image': 'cmendes/znn:600k', 'replicas': 10, 'imageChanges': 1, 'replicasChanges': 10}

{'name': 'kube-znn.173fbf54ba17b291', 'type': 'Normal', 'message': '(combined from similar events): Scaled up replica set kube-znn-6978979d84 to 5', 'dateevent': '2023-02-01 16:12:37+00:00', 'image': 'cmendes/znn:600k', 'replicas': 10, 'imageChanges': 1, 'replicasChanges': 10}

{'name': 'kube-znn.173fbf54ba17b291', 'type': 'Normal', 'message': '(combined from similar events): Scaled down replica set kube-znn-5fb97667db to 7', 'dateevent': '2023-02-01 16:12:37+00:00', 'image': 'cmendes/znn:600k', 'replicas': 10, 'imageChanges': 1, 'replicasChanges': 10}

{'name': 'kube-znn.173fbf54ba17b291', 'type': 'Normal', 'message': '(combined from similar events): Scaled up replica set kube-znn-6978979d84 to 6', 'dateevent': '2023-02-01 16:12:37+00:00', 'image': 'cmendes/znn:600k', 'replicas': 10, 'imageChanges': 1, 'replicasChanges': 10}

{'name': 'kube-znn.173fbf54ba17b291', 'type': 'Normal', 'message': '(combined from similar events): Scaled down replica set kube-znn-5fb97667db to 6', 'dateevent': '2023-02-01 16:12:37+00:00', 'image': 'cmendes/znn:600k', 'replicas': 10, 'imageChanges': 1, 'replicasChanges': 10}

{'name': 'kube-znn.173fbf54ba17b291', 'type': 'Normal', 'message': '(combined from similar events): Scaled up replica set kube-znn-6978979d84 to 7', 'dateevent': '2023-02-01 16:12:37+00:00', 'image': 'cmendes/znn:600k', 'replicas': 10, 'imageChanges': 1, 'replicasChanges': 10}

{'name': 'kube-znn.173fbf54ba17b291', 'type': 'Normal', 'message': '(combined from similar events): Scaled down replica set kube-znn-5fb97667db to 5', 'dateevent': '2023-02-01 16:12:37+00:00', 'image': 'cmendes/znn:600k', 'replicas': 10, 'imageChanges': 1, 'replicasChanges': 10}

{'name': 'kube-znn.173fbf54ba17b291', 'type': 'Normal', 'message': '(combined from similar events): Scaled up replica set kube-znn-6978979d84 to 8', 'dateevent': '2023-02-01 16:12:37+00:00', 'image': 'cmendes/znn:600k', 'replicas': 10, 'imageChanges': 1, 'replicasChanges': 10}

{'name': 'kube-znn.173fbf54ba17b291', 'type': 'Normal', 'message': '(combined from similar events): Scaled down replica set kube-znn-5fb97667db to 4', 'dateevent': '2023-02-01 16:12:37+00:00', 'image': 'cmendes/znn:600k', 'replicas': 10, 'imageChanges': 1, 'replicasChanges': 10}

{'name': 'kube-znn.173fbf54ba17b291', 'type': 'Normal', 'message': '(combined from similar events): Scaled up replica set kube-znn-6978979d84 to 9', 'dateevent': '2023-02-01 16:12:37+00:00', 'image': 'cmendes/znn:600k', 'replicas': 10, 'imageChanges': 1, 'replicasChanges': 10}

{'name': 'kube-znn.173fbf54ba17b291', 'type': 'Normal', 'message': '(combined from similar events): Scaled down replica set kube-znn-6978979d84 to 5', 'dateevent': '2023-02-01 16:12:37+00:00', 'image': 'cmendes/znn:600k', 'replicas': 5, 'imageChanges': 1, 'replicasChanges': 11}

{'name': 'kube-znn.173fbf54ba17b291', 'type': 'Normal', 'message': '(combined from similar events): Scaled down replica set kube-znn-5fb97667db to 2', 'dateevent': '2023-02-01 16:12:37+00:00', 'image': 'cmendes/znn:600k', 'replicas': 5, 'imageChanges': 1, 'replicasChanges': 11}

{'name': 'kube-znn.173fbf54ba17b291', 'type': 'Normal', 'message': '(combined from similar events): Scaled down replica set kube-znn-5fb97667db to 0', 'dateevent': '2023-02-01 16:12:37+00:00', 'image': 'cmendes/znn:600k', 'replicas': 5, 'imageChanges': 1, 'replicasChanges': 11}

{'name': 'kube-znn.173fbf4bb776d360', 'type': 'Normal', 'message': 'Scaled up replica set kube-znn-5fb97667db to 2', 'dateevent': '2023-02-01 16:11:58+00:00', 'image': 'cmendes/znn:800k', 'replicas': 5, 'imageChanges': 2, 'replicasChanges': 11}

Reading file: VersionA-Monolithic
Reading file: VersionB-MicroControllers
Reading file: VersionC-WithFailureManagerMetaController
Reading file: VersionC-ZTemp
