Reading file: automatingDataGeneration.sh
Reading file: BLong10
Reading file: BLong10_parte1.7z
Reading file: BLong10_parte2.7z
Reading file: BLong10_parte3.7z
Reading file: BShort10
Reading file: BShort10.7z
Reading file: CLong10
Reading file: CLong10.7z
Reading file: CShort10
Reading file: CShort10.7z
Reading file: Evaluation-ZNN.7z
Reading file: generateLogs140341
Reading file: generateLogs141805
Reading file: generateLogs144106
Reading file: generateLogs165212
Reading file: generateLogs170658
Reading file: generateLogs172134
Reading file: generateLogs173719
Reading file: generateLogs175129
Reading file: generateLogs180606
Reading file: generateLogs182644
Reading file: generateLogs184100
Reading file: generateLogs190122
Reading file: generateLogs192036
Reading file: generateLogs193534
Reading file: generateLogs195105
Reading file: generateLogs2.sh
Reading file: k6-fkhnc_tracing_20230131_195940.log
Reading file: kubow-548bb5f4b4-vw9v6_tracing_20230131_195940.log

Kubow data

2023-01-31 22:59:49 : t0:addReplica

2023-01-31 22:59:54 : t0:addReplica

2023-01-31 22:59:59 : t0:addReplica

2023-01-31 23:00:04 : t0:addReplica

2023-01-31 23:00:09 : t0:addReplica

2023-01-31 23:00:14 : t0:addReplica

2023-01-31 23:00:19 : t0:addReplica

2023-01-31 23:00:24 : t0:addReplica

2023-01-31 23:00:29 : t0:addReplica

2023-01-31 23:00:34 : t1:lowerFidelity

2023-01-31 23:00:44 : t1:lowerFidelity

2023-01-31 23:00:49 : t0:activateLowScalabilityHighQuality

2023-01-31 23:01:29 : t0:addReplica

2023-01-31 23:01:34 : t0:addReplica

2023-01-31 23:01:39 : t0:addReplica

2023-01-31 23:01:44 : t0:addReplica

2023-01-31 23:01:49 : t0:addHighScalabilityHighQuality

2023-01-31 23:01:54 : t0:addHighScalabilityHighQuality

2023-01-31 23:01:59 : t0:addHighScalabilityHighQuality

2023-01-31 23:02:04 : t0:addHighScalabilityHighQuality

2023-01-31 23:02:09 : t0:addHighScalabilityHighQuality

2023-01-31 23:02:19 : t0:removeReplica

2023-01-31 23:02:24 : t0:removeReplica

2023-01-31 23:02:59 : t0:removeReplica

2023-01-31 23:03:04 : t0:removeReplica

2023-01-31 23:03:39 : t0:removeReplica

2023-01-31 23:03:44 : t0:addHighScalabilityHighQuality

2023-01-31 23:03:49 : t0:addHighScalabilityHighQuality

2023-01-31 23:03:54 : t0:addHighScalabilityHighQuality

2023-01-31 23:03:59 : t0:addHighScalabilityHighQuality

2023-01-31 23:04:04 : t0:addHighScalabilityHighQuality

2023-01-31 23:04:09 : t0:addHighScalabilityHighQuality

2023-01-31 23:04:14 : t0:addHighScalabilityHighQuality

2023-01-31 23:04:19 : t0:addHighScalabilityHighQuality

2023-01-31 23:04:24 : t0:addHighScalabilityHighQuality

2023-01-31 23:04:29 : t1:raiseFidelity

2023-01-31 23:04:34 : t0:removeReplica

Reading file: README.md
Reading file: summary-trace-znn.log
Reading file: temp
Reading file: temp2701
Reading file: temp3101
Reading file: test
Reading file: tools
Reading file: traceznn_20230131_195940.log

Trace znn data

{'name': 'kube-znn-db.173f86bcdeaf6718', 'type': 'Normal', 'message': 'Scaled up replica set kube-znn-db-6dd8968475 to 1', 'dateevent': '2023-01-31 22:55:32+00:00', 'image': 'cmendes/znn:800k', 'replicas': 1, 'imageChanges': 0, 'replicasChanges': 1}

{'name': 'kube-znn.173f86bcddc12746', 'type': 'Normal', 'message': 'Scaled up replica set kube-znn-5fb97667db to 1', 'dateevent': '2023-01-31 22:55:32+00:00', 'image': 'cmendes/znn:800k', 'replicas': 1, 'imageChanges': 0, 'replicasChanges': 1}

{'name': 'kube-znn.173f86f921e57a41', 'type': 'Normal', 'message': 'Scaled up replica set kube-znn-5fb97667db to 2', 'dateevent': '2023-01-31 22:59:50+00:00', 'image': 'cmendes/znn:800k', 'replicas': 2, 'imageChanges': 0, 'replicasChanges': 2}

{'name': 'kube-znn.173f86f9facb2e5c', 'type': 'Normal', 'message': 'Scaled up replica set kube-znn-5fb97667db to 3', 'dateevent': '2023-01-31 22:59:54+00:00', 'image': 'cmendes/znn:800k', 'replicas': 3, 'imageChanges': 0, 'replicasChanges': 3}

{'name': 'kube-znn.173f86fb25cc00e1', 'type': 'Normal', 'message': 'Scaled up replica set kube-znn-5fb97667db to 4', 'dateevent': '2023-01-31 22:59:59+00:00', 'image': 'cmendes/znn:800k', 'replicas': 4, 'imageChanges': 0, 'replicasChanges': 4}

{'name': 'kube-znn.173f86fc5057092f', 'type': 'Normal', 'message': 'Scaled up replica set kube-znn-5fb97667db to 5', 'dateevent': '2023-01-31 23:00:04+00:00', 'image': 'cmendes/znn:800k', 'replicas': 5, 'imageChanges': 0, 'replicasChanges': 5}

{'name': 'kube-znn.173f86fd775d4f93', 'type': 'Normal', 'message': 'Scaled up replica set kube-znn-5fb97667db to 6', 'dateevent': '2023-01-31 23:00:09+00:00', 'image': 'cmendes/znn:800k', 'replicas': 6, 'imageChanges': 0, 'replicasChanges': 6}

{'name': 'kube-znn.173f86fea2e18145', 'type': 'Normal', 'message': 'Scaled up replica set kube-znn-5fb97667db to 7', 'dateevent': '2023-01-31 23:00:14+00:00', 'image': 'cmendes/znn:800k', 'replicas': 7, 'imageChanges': 0, 'replicasChanges': 7}

{'name': 'kube-znn.173f86ffcbbb8c92', 'type': 'Normal', 'message': 'Scaled up replica set kube-znn-5fb97667db to 8', 'dateevent': '2023-01-31 23:00:19+00:00', 'image': 'cmendes/znn:800k', 'replicas': 8, 'imageChanges': 0, 'replicasChanges': 8}

{'name': 'kube-znn.173f8700f67f2f7c', 'type': 'Normal', 'message': 'Scaled up replica set kube-znn-5fb97667db to 9', 'dateevent': '2023-01-31 23:00:24+00:00', 'image': 'cmendes/znn:800k', 'replicas': 9, 'imageChanges': 0, 'replicasChanges': 9}

{'name': 'kube-znn.173f87021dea4d0d', 'type': 'Normal', 'message': '(combined from similar events): Scaled up replica set kube-znn-5fb97667db to 10', 'dateevent': '2023-01-31 23:00:29+00:00', 'image': 'cmendes/znn:800k', 'replicas': 10, 'imageChanges': 0, 'replicasChanges': 10}

{'name': 'kube-znn.173f87021dea4d0d', 'type': 'Normal', 'message': '(combined from similar events): Scaled up replica set kube-znn-6978979d84 to 3', 'dateevent': '2023-01-31 23:00:29+00:00', 'image': 'cmendes/znn:600k', 'replicas': 10, 'imageChanges': 1, 'replicasChanges': 10}

{'name': 'kube-znn.173f87021dea4d0d', 'type': 'Normal', 'message': '(combined from similar events): Scaled down replica set kube-znn-5fb97667db to 8', 'dateevent': '2023-01-31 23:00:29+00:00', 'image': 'cmendes/znn:600k', 'replicas': 10, 'imageChanges': 1, 'replicasChanges': 10}

{'name': 'kube-znn.173f87021dea4d0d', 'type': 'Normal', 'message': '(combined from similar events): Scaled up replica set kube-znn-6978979d84 to 5', 'dateevent': '2023-01-31 23:00:29+00:00', 'image': 'cmendes/znn:600k', 'replicas': 10, 'imageChanges': 1, 'replicasChanges': 10}

{'name': 'kube-znn.173f87021dea4d0d', 'type': 'Normal', 'message': '(combined from similar events): Scaled down replica set kube-znn-6978979d84 to 0', 'dateevent': '2023-01-31 23:00:29+00:00', 'image': 'cmendes/znn:400k', 'replicas': 10, 'imageChanges': 2, 'replicasChanges': 10}

{'name': 'kube-znn.173f87021dea4d0d', 'type': 'Normal', 'message': '(combined from similar events): Scaled up replica set kube-znn-f8d56c578 to 5', 'dateevent': '2023-01-31 23:00:29+00:00', 'image': 'cmendes/znn:400k', 'replicas': 10, 'imageChanges': 2, 'replicasChanges': 10}

{'name': 'kube-znn.173f87021dea4d0d', 'type': 'Normal', 'message': '(combined from similar events): Scaled down replica set kube-znn-5fb97667db to 4', 'dateevent': '2023-01-31 23:00:29+00:00', 'image': 'cmendes/znn:400k', 'replicas': 5, 'imageChanges': 2, 'replicasChanges': 11}

{'name': 'kube-znn.173f87021dea4d0d', 'type': 'Normal', 'message': '(combined from similar events): Scaled down replica set kube-znn-f8d56c578 to 3', 'dateevent': '2023-01-31 23:00:29+00:00', 'image': 'cmendes/znn:400k', 'replicas': 5, 'imageChanges': 2, 'replicasChanges': 11}

{'name': 'kube-znn.173f87021dea4d0d', 'type': 'Normal', 'message': '(combined from similar events): Scaled down replica set kube-znn-5fb97667db to 3', 'dateevent': '2023-01-31 23:00:29+00:00', 'image': 'cmendes/znn:400k', 'replicas': 5, 'imageChanges': 2, 'replicasChanges': 11}

{'name': 'kube-znn.173f87021dea4d0d', 'type': 'Normal', 'message': '(combined from similar events): Scaled up replica set kube-znn-f8d56c578 to 4', 'dateevent': '2023-01-31 23:00:29+00:00', 'image': 'cmendes/znn:400k', 'replicas': 5, 'imageChanges': 2, 'replicasChanges': 11}

{'name': 'kube-znn.173f87021dea4d0d', 'type': 'Normal', 'message': '(combined from similar events): Scaled down replica set kube-znn-5fb97667db to 2', 'dateevent': '2023-01-31 23:00:29+00:00', 'image': 'cmendes/znn:400k', 'replicas': 5, 'imageChanges': 2, 'replicasChanges': 11}

{'name': 'kube-znn.173f870c36d71cf1', 'type': 'Normal', 'message': 'Scaled up replica set kube-znn-f8d56c578 to 5', 'dateevent': '2023-01-31 23:01:12+00:00', 'image': 'cmendes/znn:400k', 'replicas': 5, 'imageChanges': 2, 'replicasChanges': 11}

{'name': 'kube-znn.173f87021dea4d0d', 'type': 'Normal', 'message': '(combined from similar events): Scaled down replica set kube-znn-5fb97667db to 1', 'dateevent': '2023-01-31 23:00:29+00:00', 'image': 'cmendes/znn:400k', 'replicas': 5, 'imageChanges': 2, 'replicasChanges': 11}

{'name': 'kube-znn.173f87021dea4d0d', 'type': 'Normal', 'message': '(combined from similar events): Scaled down replica set kube-znn-5fb97667db to 0', 'dateevent': '2023-01-31 23:00:29+00:00', 'image': 'cmendes/znn:400k', 'replicas': 5, 'imageChanges': 2, 'replicasChanges': 11}

{'name': 'kube-znn.173f87021dea4d0d', 'type': 'Normal', 'message': '(combined from similar events): Scaled up replica set kube-znn-6978979d84 to 2', 'dateevent': '2023-01-31 23:00:29+00:00', 'image': 'cmendes/znn:600k', 'replicas': 5, 'imageChanges': 3, 'replicasChanges': 11}

{'name': 'kube-znn.173f87021dea4d0d', 'type': 'Normal', 'message': '(combined from similar events): Scaled down replica set kube-znn-f8d56c578 to 4', 'dateevent': '2023-01-31 23:00:29+00:00', 'image': 'cmendes/znn:600k', 'replicas': 5, 'imageChanges': 3, 'replicasChanges': 11}

{'name': 'kube-znn.173f87021dea4d0d', 'type': 'Normal', 'message': '(combined from similar events): Scaled up replica set kube-znn-6978979d84 to 3', 'dateevent': '2023-01-31 23:00:29+00:00', 'image': 'cmendes/znn:600k', 'replicas': 5, 'imageChanges': 3, 'replicasChanges': 11}

Reading file: VersionA-Monolithic
Reading file: VersionB-MicroControllers
Reading file: VersionC-WithFailureManagerMetaController
Reading file: VersionC-ZTemp
