Reading file: automatingDataGeneration.sh
Reading file: CLong10
Reading file: CLong10.7z
Reading file: Evaluation-ZNN.7z
Reading file: fidelitya-778c6c6b8b-wjhlc_tracing_20230129_031338.log

fidelitya data

2023-01-29 06:15:55 : t0:raiseFidelity

2023-01-29 06:16:00 : t0:raiseFidelity

2023-01-29 06:16:30 : t0:raiseFidelity

2023-01-29 06:16:35 : t0:raiseFidelity

2023-01-29 06:16:40 : t0:raiseFidelity

2023-01-29 06:16:45 : t0:raiseFidelity

2023-01-29 06:16:50 : t0:raiseFidelity

2023-01-29 06:16:55 : t0:raiseFidelity

2023-01-29 06:17:00 : t0:raiseFidelity

2023-01-29 06:17:05 : t0:raiseFidelity

2023-01-29 06:17:10 : t0:raiseFidelity

2023-01-29 06:17:15 : t0:raiseFidelity

2023-01-29 06:17:20 : t0:raiseFidelity

2023-01-29 06:17:25 : t0:raiseFidelity

2023-01-29 06:17:30 : t0:raiseFidelity

2023-01-29 06:18:05 : t0:raiseFidelity

2023-01-29 06:18:10 : t0:raiseFidelity

2023-01-29 06:18:40 : t0:raiseFidelity

2023-01-29 06:18:45 : t0:raiseFidelity

2023-01-29 06:18:50 : t0:raiseFidelity

2023-01-29 06:18:55 : t0:raiseFidelity

2023-01-29 06:19:00 : t0:raiseFidelity

2023-01-29 06:19:05 : t0:raiseFidelity

2023-01-29 06:19:10 : t0:raiseFidelity

2023-01-29 06:19:15 : t0:raiseFidelity

2023-01-29 06:19:20 : t0:raiseFidelity

2023-01-29 06:19:25 : t0:raiseFidelity

2023-01-29 06:19:30 : t0:raiseFidelity

2023-01-29 06:19:35 : t0:raiseFidelity

2023-01-29 06:19:40 : t0:raiseFidelity

2023-01-29 06:19:45 : t0:raiseFidelity

2023-01-29 06:19:50 : t0:raiseFidelity

2023-01-29 06:19:55 : t0:raiseFidelity

2023-01-29 06:20:00 : t0:raiseFidelity

2023-01-29 06:20:05 : t0:raiseFidelity

2023-01-29 06:20:10 : t0:raiseFidelity

2023-01-29 06:20:15 : t0:raiseFidelity

2023-01-29 06:20:20 : t0:raiseFidelity

2023-01-29 06:20:25 : t0:raiseFidelity

2023-01-29 06:20:30 : t0:raiseFidelity

2023-01-29 06:20:35 : t0:raiseFidelity

2023-01-29 06:20:40 : t0:raiseFidelity

2023-01-29 06:20:45 : t0:raiseFidelity

2023-01-29 06:20:50 : t0:raiseFidelity

2023-01-29 06:20:55 : t0:raiseFidelity

2023-01-29 06:21:00 : t0:raiseFidelity

2023-01-29 06:21:05 : t0:raiseFidelity

2023-01-29 06:21:10 : t0:raiseFidelity

2023-01-29 06:21:15 : t0:raiseFidelity

2023-01-29 06:21:20 : t0:raiseFidelity

2023-01-29 06:21:25 : t0:raiseFidelity

2023-01-29 06:21:30 : t0:raiseFidelity

2023-01-29 06:21:35 : t0:raiseFidelity

2023-01-29 06:21:40 : t0:raiseFidelity

2023-01-29 06:21:45 : t0:raiseFidelity

2023-01-29 06:21:50 : t0:raiseFidelity

2023-01-29 06:21:55 : t0:raiseFidelity

2023-01-29 06:22:00 : t0:raiseFidelity

2023-01-29 06:22:05 : t0:raiseFidelity

2023-01-29 06:22:10 : t0:raiseFidelity

2023-01-29 06:22:15 : t0:raiseFidelity

2023-01-29 06:22:20 : t0:raiseFidelity

2023-01-29 06:22:25 : t0:raiseFidelity

2023-01-29 06:22:30 : t0:raiseFidelity

2023-01-29 06:22:35 : t0:raiseFidelity

2023-01-29 06:22:40 : t0:raiseFidelity

2023-01-29 06:22:45 : t0:raiseFidelity

2023-01-29 06:22:50 : t0:raiseFidelity

2023-01-29 06:22:55 : t0:raiseFidelity

2023-01-29 06:23:00 : t0:raiseFidelity

2023-01-29 06:23:05 : t0:raiseFidelity

2023-01-29 06:23:10 : t0:raiseFidelity

2023-01-29 06:23:15 : t0:raiseFidelity

2023-01-29 06:23:20 : t0:raiseFidelity

2023-01-29 06:23:25 : t0:raiseFidelity

2023-01-29 06:23:30 : t0:raiseFidelity

2023-01-29 06:23:35 : t0:raiseFidelity

2023-01-29 06:23:40 : t0:raiseFidelity

2023-01-29 06:23:45 : t0:raiseFidelity

2023-01-29 06:23:50 : t0:raiseFidelity

2023-01-29 06:23:55 : t0:raiseFidelity

2023-01-29 06:24:00 : t0:raiseFidelity

2023-01-29 06:24:05 : t0:raiseFidelity

Reading file: generateLogs002528
Reading file: generateLogs005657
Reading file: generateLogs011949
Reading file: generateLogs015458
Reading file: generateLogs022424
Reading file: generateLogs025408
Reading file: generateLogs121929
Reading file: generateLogs124558
Reading file: generateLogs131507
Reading file: generateLogs134342
Reading file: generateLogs140938
Reading file: generateLogs144032
Reading file: generateLogs150618
Reading file: generateLogs153301
Reading file: generateLogs155714
Reading file: generateLogs162553
Reading file: generateLogs164354
Reading file: generateLogs171441
Reading file: generateLogs174448
Reading file: generateLogs181031
Reading file: generateLogs184508
Reading file: generateLogs190356
Reading file: generateLogs192553
Reading file: generateLogs195446
Reading file: generateLogs2.sh
Reading file: generateLogs202030
Reading file: generateLogs205105
Reading file: generateLogs211405
Reading file: generateLogs214402
Reading file: generateLogs221119
Reading file: generateLogs225030
Reading file: generateLogs230943
Reading file: generateLogs232434
Reading file: k6-qxtms_tracing_20230129_031338.log
Reading file: metacontroller-kubow-8479d7588d-qk967_tracing_20230129_031338.log

MetaController data

2023-01-29 06:14:32 : t0:activateLowScalabilityHighQuality

2023-01-29 06:14:42 : t0:addLowScalabilityLowQuality

2023-01-29 06:15:17 : t0:activateLowScalabilityHighQuality

2023-01-29 06:16:57 : t0:addHighScalabilityHighQuality

Reading file: README.md
Reading file: scalabilitya-78d6cbbc7d-z7pb7_tracing_20230129_031338.log

scalabilitya data

2023-01-29 06:17:21 : t0:removeReplica

2023-01-29 06:17:31 : t0:removeReplica

2023-01-29 06:18:06 : t0:removeReplica

Reading file: summary-trace-znn.log
Reading file: temp
Reading file: temp2701
Reading file: test
Reading file: tools
Reading file: traceznn_20230129_031338.log

Trace znn data

{'name': 'kube-znn-db.173eb213fbb9e519', 'type': 'Normal', 'message': 'Scaled up replica set kube-znn-db-6cc48797cf to 1', 'dateevent': '2023-01-29 05:58:30+00:00', 'image': 'cmendes/znn:800k', 'replicas': 1, 'imageChanges': 0, 'replicasChanges': 1}

{'name': 'kube-znn.173eb213fa9499c8', 'type': 'Normal', 'message': 'Scaled up replica set kube-znn-68bd9d6b5b to 1', 'dateevent': '2023-01-29 05:58:30+00:00', 'image': 'cmendes/znn:800k', 'replicas': 1, 'imageChanges': 0, 'replicasChanges': 1}

{'name': 'kube-znn.173eb2e9fbfc7455', 'type': 'Normal', 'message': 'Scaled up replica set kube-znn-68bd9d6b5b to 2', 'dateevent': '2023-01-29 06:13:49+00:00', 'image': 'cmendes/znn:800k', 'replicas': 2, 'imageChanges': 0, 'replicasChanges': 2}

{'name': 'kube-znn.173eb2eadf8a6e76', 'type': 'Normal', 'message': 'Scaled up replica set kube-znn-68bd9d6b5b to 3', 'dateevent': '2023-01-29 06:13:53+00:00', 'image': 'cmendes/znn:800k', 'replicas': 3, 'imageChanges': 0, 'replicasChanges': 3}

{'name': 'kube-znn.173eb2ec0f1d81a8', 'type': 'Normal', 'message': 'Scaled up replica set kube-znn-68bd9d6b5b to 4', 'dateevent': '2023-01-29 06:13:58+00:00', 'image': 'cmendes/znn:800k', 'replicas': 4, 'imageChanges': 0, 'replicasChanges': 4}

{'name': 'kube-znn.173eb2ed31dc2b9f', 'type': 'Normal', 'message': 'Scaled up replica set kube-znn-68bd9d6b5b to 5', 'dateevent': '2023-01-29 06:14:03+00:00', 'image': 'cmendes/znn:800k', 'replicas': 5, 'imageChanges': 0, 'replicasChanges': 5}

{'name': 'kube-znn.173eb2ee5c0209cb', 'type': 'Normal', 'message': 'Scaled up replica set kube-znn-68bd9d6b5b to 6', 'dateevent': '2023-01-29 06:14:08+00:00', 'image': 'cmendes/znn:800k', 'replicas': 6, 'imageChanges': 0, 'replicasChanges': 6}

{'name': 'kube-znn.173eb2ef85f864e3', 'type': 'Normal', 'message': 'Scaled up replica set kube-znn-68bd9d6b5b to 7', 'dateevent': '2023-01-29 06:14:13+00:00', 'image': 'cmendes/znn:800k', 'replicas': 7, 'imageChanges': 0, 'replicasChanges': 7}

{'name': 'kube-znn.173eb2f0ae74826f', 'type': 'Normal', 'message': 'Scaled up replica set kube-znn-68bd9d6b5b to 8', 'dateevent': '2023-01-29 06:14:18+00:00', 'image': 'cmendes/znn:800k', 'replicas': 8, 'imageChanges': 0, 'replicasChanges': 8}

{'name': 'kube-znn.173eb2f1da3aee39', 'type': 'Normal', 'message': 'Scaled up replica set kube-znn-68bd9d6b5b to 9', 'dateevent': '2023-01-29 06:14:23+00:00', 'image': 'cmendes/znn:800k', 'replicas': 9, 'imageChanges': 0, 'replicasChanges': 9}

{'name': 'kube-znn.173eb2f303e8ed32', 'type': 'Normal', 'message': 'Scaled up replica set kube-znn-68bd9d6b5b to 10', 'dateevent': '2023-01-29 06:14:28+00:00', 'image': 'cmendes/znn:800k', 'replicas': 10, 'imageChanges': 0, 'replicasChanges': 10}

{'name': 'kube-znn.173eb2f49ad35272', 'type': 'Normal', 'message': '(combined from similar events): Scaled up replica set kube-znn-7cbbf89f8 to 3', 'dateevent': '2023-01-29 06:14:35+00:00', 'image': 'cmendes/znn:600k', 'replicas': 10, 'imageChanges': 1, 'replicasChanges': 10}

{'name': 'kube-znn.173eb2f49ad35272', 'type': 'Normal', 'message': '(combined from similar events): Scaled down replica set kube-znn-68bd9d6b5b to 8', 'dateevent': '2023-01-29 06:14:35+00:00', 'image': 'cmendes/znn:600k', 'replicas': 10, 'imageChanges': 1, 'replicasChanges': 10}

{'name': 'kube-znn.173eb2f49ad35272', 'type': 'Normal', 'message': '(combined from similar events): Scaled up replica set kube-znn-7cbbf89f8 to 5', 'dateevent': '2023-01-29 06:14:35+00:00', 'image': 'cmendes/znn:600k', 'replicas': 10, 'imageChanges': 1, 'replicasChanges': 10}

{'name': 'kube-znn.173eb2f49ad35272', 'type': 'Normal', 'message': '(combined from similar events): Scaled down replica set kube-znn-68bd9d6b5b to 3', 'dateevent': '2023-01-29 06:14:35+00:00', 'image': 'cmendes/znn:100k', 'replicas': 10, 'imageChanges': 2, 'replicasChanges': 10}

{'name': 'kube-znn.173eb2f49ad35272', 'type': 'Normal', 'message': '(combined from similar events): Scaled up replica set kube-znn-7995d9b499 to 5', 'dateevent': '2023-01-29 06:14:35+00:00', 'image': 'cmendes/znn:100k', 'replicas': 10, 'imageChanges': 2, 'replicasChanges': 10}

{'name': 'kube-znn.173eb2f49ad35272', 'type': 'Normal', 'message': '(combined from similar events): Scaled down replica set kube-znn-7cbbf89f8 to 2', 'dateevent': '2023-01-29 06:14:35+00:00', 'image': 'cmendes/znn:100k', 'replicas': 4, 'imageChanges': 2, 'replicasChanges': 11}

{'name': 'kube-znn.173eb2f49ad35272', 'type': 'Normal', 'message': '(combined from similar events): Scaled down replica set kube-znn-7995d9b499 to 2', 'dateevent': '2023-01-29 06:14:35+00:00', 'image': 'cmendes/znn:100k', 'replicas': 4, 'imageChanges': 2, 'replicasChanges': 11}

{'name': 'kube-znn.173eb2f49ad35272', 'type': 'Normal', 'message': '(combined from similar events): Scaled down replica set kube-znn-68bd9d6b5b to 1', 'dateevent': '2023-01-29 06:14:35+00:00', 'image': 'cmendes/znn:100k', 'replicas': 4, 'imageChanges': 2, 'replicasChanges': 11}

{'name': 'kube-znn.173eb2f49ad35272', 'type': 'Normal', 'message': '(combined from similar events): Scaled down replica set kube-znn-68bd9d6b5b to 0', 'dateevent': '2023-01-29 06:14:35+00:00', 'image': 'cmendes/znn:100k', 'replicas': 4, 'imageChanges': 2, 'replicasChanges': 11}

{'name': 'kube-znn.173eb2f49ad35272', 'type': 'Normal', 'message': '(combined from similar events): Scaled up replica set kube-znn-7995d9b499 to 3', 'dateevent': '2023-01-29 06:14:35+00:00', 'image': 'cmendes/znn:100k', 'replicas': 4, 'imageChanges': 2, 'replicasChanges': 11}

{'name': 'kube-znn.173eb2f49ad35272', 'type': 'Normal', 'message': '(combined from similar events): Scaled down replica set kube-znn-7cbbf89f8 to 0', 'dateevent': '2023-01-29 06:14:35+00:00', 'image': 'cmendes/znn:800k', 'replicas': 4, 'imageChanges': 3, 'replicasChanges': 11}

{'name': 'kube-znn.173eb2e9fbfc7455', 'type': 'Normal', 'message': 'Scaled up replica set kube-znn-68bd9d6b5b to 2', 'dateevent': '2023-01-29 06:13:49+00:00', 'image': 'cmendes/znn:800k', 'replicas': 4, 'imageChanges': 3, 'replicasChanges': 11}

{'name': 'kube-znn.173eb309f634214c', 'type': 'Normal', 'message': 'Scaled down replica set kube-znn-7995d9b499 to 2', 'dateevent': '2023-01-29 06:16:06+00:00', 'image': 'cmendes/znn:800k', 'replicas': 4, 'imageChanges': 3, 'replicasChanges': 11}

{'name': 'kube-znn.173eb2f49ad35272', 'type': 'Normal', 'message': '(combined from similar events): Scaled up replica set kube-znn-68bd9d6b5b to 3', 'dateevent': '2023-01-29 06:14:35+00:00', 'image': 'cmendes/znn:800k', 'replicas': 4, 'imageChanges': 3, 'replicasChanges': 11}

{'name': 'kube-znn.173eb2f49ad35272', 'type': 'Normal', 'message': '(combined from similar events): Scaled down replica set kube-znn-7995d9b499 to 1', 'dateevent': '2023-01-29 06:14:35+00:00', 'image': 'cmendes/znn:800k', 'replicas': 4, 'imageChanges': 3, 'replicasChanges': 11}

{'name': 'kube-znn.173eb2f49ad35272', 'type': 'Normal', 'message': '(combined from similar events): Scaled up replica set kube-znn-68bd9d6b5b to 4', 'dateevent': '2023-01-29 06:14:35+00:00', 'image': 'cmendes/znn:800k', 'replicas': 4, 'imageChanges': 3, 'replicasChanges': 11}

Reading file: VersionA-Monolithic
Reading file: VersionB-MicroControllers
Reading file: VersionC-WithFailureManagerMetaController
Reading file: VersionC-ZTemp
