Reading file: automatingDataGeneration.sh
Reading file: BLong10
Reading file: BLong10_parte1.7z
Reading file: BLong10_parte2.7z
Reading file: BLong10_parte3.7z
Reading file: BShort10
Reading file: BShort10.7z
Reading file: CLong10
Reading file: CLong10.7z
Reading file: CShort10
Reading file: CShort10.7z
Reading file: Evaluation-ZNN.7z
Reading file: fidelitya-5b8dd7f8c7-766gb_tracing_20230131_043153.log

fidelitya data

2023-01-31 07:32:42 : t0:lowerFidelity

Reading file: generateLogs001506
Reading file: generateLogs004452
Reading file: generateLogs010914
Reading file: generateLogs013758
Reading file: generateLogs015943
Reading file: generateLogs023320
Reading file: generateLogs030632
Reading file: generateLogs032357
Reading file: generateLogs034829
Reading file: generateLogs041225
Reading file: generateLogs2.sh
Reading file: generateLogs225909
Reading file: generateLogs232306
Reading file: generateLogs234622
Reading file: k6-bl8k9_tracing_20230131_043153.log
Reading file: README.md
Reading file: scalabilityb-66d698fc76-x2dth_tracing_20230131_043153.log

scalabilityb data

2023-01-31 07:33:15 : t0:removeHighScalability

2023-01-31 07:33:20 : t0:removeHighScalability

2023-01-31 07:33:25 : t0:removeHighScalability

2023-01-31 07:33:30 : t0:removeHighScalability

2023-01-31 07:33:35 : t0:removeHighScalability

2023-01-31 07:33:40 : t0:removeHighScalability

2023-01-31 07:33:45 : t0:removeHighScalability

2023-01-31 07:33:50 : t0:removeHighScalability

2023-01-31 07:33:55 : t0:removeHighScalability

2023-01-31 07:34:00 : t0:removeHighScalability

2023-01-31 07:34:05 : t0:removeHighScalability

2023-01-31 07:34:10 : t0:removeHighScalability

2023-01-31 07:34:15 : t0:removeHighScalability

2023-01-31 07:34:20 : t0:removeHighScalability

2023-01-31 07:34:25 : t0:removeReplica

2023-01-31 07:34:55 : t0:removeReplica

2023-01-31 07:35:00 : t0:removeReplica

2023-01-31 07:35:05 : t0:removeReplica

2023-01-31 07:35:10 : t0:removeReplica

2023-01-31 07:35:15 : t0:removeReplica

2023-01-31 07:35:20 : t0:removeReplica

2023-01-31 07:35:25 : t0:removeReplica

2023-01-31 07:35:30 : t0:removeReplica

2023-01-31 07:35:35 : t0:removeReplica

2023-01-31 07:35:40 : t0:removeReplica

2023-01-31 07:35:45 : t0:removeReplica

2023-01-31 07:35:50 : t0:removeReplica

2023-01-31 07:35:55 : t0:removeReplica

2023-01-31 07:36:00 : t0:removeReplica

2023-01-31 07:36:05 : t0:removeReplica

2023-01-31 07:36:10 : t0:removeReplica

2023-01-31 07:36:15 : t0:removeReplica

2023-01-31 07:36:20 : t0:removeReplica

2023-01-31 07:36:25 : t0:removeReplica

2023-01-31 07:36:30 : t0:removeReplica

2023-01-31 07:36:35 : t0:removeReplica

2023-01-31 07:36:40 : t0:removeReplica

2023-01-31 07:36:45 : t0:removeReplica

2023-01-31 07:36:50 : t0:removeReplica

2023-01-31 07:36:55 : t0:removeReplica

2023-01-31 07:37:00 : t0:removeReplica

2023-01-31 07:37:05 : t0:removeReplica

2023-01-31 07:37:10 : t0:removeReplica

2023-01-31 07:37:15 : t0:removeReplica

2023-01-31 07:37:20 : t0:removeReplica

2023-01-31 07:37:25 : t0:removeReplica

2023-01-31 07:37:30 : t0:removeReplica

2023-01-31 07:37:35 : t0:removeReplica

2023-01-31 07:37:40 : t0:removeReplica

2023-01-31 07:37:45 : t0:removeReplica

2023-01-31 07:37:50 : t0:removeReplica

2023-01-31 07:37:55 : t0:removeReplica

2023-01-31 07:38:00 : t0:removeReplica

2023-01-31 07:38:05 : t0:removeReplica

2023-01-31 07:38:10 : t0:removeReplica

2023-01-31 07:38:15 : t0:removeReplica

2023-01-31 07:38:20 : t0:removeReplica

2023-01-31 07:38:25 : t0:removeReplica

2023-01-31 07:38:30 : t0:removeReplica

2023-01-31 07:38:35 : t0:removeReplica

2023-01-31 07:38:40 : t0:removeReplica

2023-01-31 07:38:45 : t0:removeReplica

2023-01-31 07:38:50 : t0:removeReplica

2023-01-31 07:38:55 : t0:removeReplica

2023-01-31 07:39:00 : t0:removeReplica

2023-01-31 07:39:05 : t0:removeReplica

2023-01-31 07:39:10 : t0:removeReplica

2023-01-31 07:39:15 : t0:removeReplica

2023-01-31 07:39:20 : t0:removeReplica

2023-01-31 07:39:25 : t0:removeReplica

2023-01-31 07:39:30 : t0:removeReplica

2023-01-31 07:39:35 : t0:removeReplica

2023-01-31 07:39:40 : t0:removeReplica

2023-01-31 07:39:45 : t0:removeReplica

2023-01-31 07:39:50 : t0:removeReplica

2023-01-31 07:39:55 : t0:removeReplica

2023-01-31 07:40:00 : t0:removeReplica

2023-01-31 07:40:05 : t0:removeReplica

2023-01-31 07:40:10 : t0:removeReplica

2023-01-31 07:40:15 : t0:removeReplica

2023-01-31 07:40:20 : t0:removeReplica

2023-01-31 07:40:25 : t0:removeReplica

2023-01-31 07:40:30 : t0:removeReplica

2023-01-31 07:40:35 : t0:removeReplica

Reading file: summary-trace-znn.log
Reading file: temp
Reading file: temp2701
Reading file: test
Reading file: tools
Reading file: traceznn_20230131_043153.log

Trace znn data

{'name': 'kube-znn-db.173f5382af734bab', 'type': 'Normal', 'message': 'Scaled up replica set kube-znn-db-558bb5dd64 to 1', 'dateevent': '2023-01-31 07:16:47+00:00', 'image': 'cmendes/znn:800k', 'replicas': 1, 'imageChanges': 0, 'replicasChanges': 1}

{'name': 'kube-znn.173f5382ae15a15a', 'type': 'Normal', 'message': 'Scaled up replica set kube-znn-744bbbc54b to 1', 'dateevent': '2023-01-31 07:16:47+00:00', 'image': 'cmendes/znn:800k', 'replicas': 1, 'imageChanges': 0, 'replicasChanges': 1}

{'name': 'kube-znn.173f54572180ab95', 'type': 'Normal', 'message': 'Scaled up replica set kube-znn-744bbbc54b to 2', 'dateevent': '2023-01-31 07:31:59+00:00', 'image': 'cmendes/znn:800k', 'replicas': 2, 'imageChanges': 0, 'replicasChanges': 2}

{'name': 'kube-znn.173f5457f1ff235b', 'type': 'Normal', 'message': 'Scaled up replica set kube-znn-744bbbc54b to 3', 'dateevent': '2023-01-31 07:32:03+00:00', 'image': 'cmendes/znn:800k', 'replicas': 3, 'imageChanges': 0, 'replicasChanges': 3}

{'name': 'kube-znn.173f545920b2d9f5', 'type': 'Normal', 'message': 'Scaled up replica set kube-znn-744bbbc54b to 4', 'dateevent': '2023-01-31 07:32:08+00:00', 'image': 'cmendes/znn:800k', 'replicas': 4, 'imageChanges': 0, 'replicasChanges': 4}

{'name': 'kube-znn.173f545a461f230a', 'type': 'Normal', 'message': 'Scaled up replica set kube-znn-744bbbc54b to 5', 'dateevent': '2023-01-31 07:32:13+00:00', 'image': 'cmendes/znn:800k', 'replicas': 5, 'imageChanges': 0, 'replicasChanges': 5}

{'name': 'kube-znn.173f545b6cc0bf64', 'type': 'Normal', 'message': 'Scaled up replica set kube-znn-744bbbc54b to 6', 'dateevent': '2023-01-31 07:32:18+00:00', 'image': 'cmendes/znn:800k', 'replicas': 6, 'imageChanges': 0, 'replicasChanges': 6}

{'name': 'kube-znn.173f545c98755536', 'type': 'Normal', 'message': 'Scaled up replica set kube-znn-744bbbc54b to 7', 'dateevent': '2023-01-31 07:32:23+00:00', 'image': 'cmendes/znn:800k', 'replicas': 7, 'imageChanges': 0, 'replicasChanges': 7}

{'name': 'kube-znn.173f545dc5ab182d', 'type': 'Normal', 'message': 'Scaled up replica set kube-znn-744bbbc54b to 8', 'dateevent': '2023-01-31 07:32:28+00:00', 'image': 'cmendes/znn:800k', 'replicas': 8, 'imageChanges': 0, 'replicasChanges': 8}

{'name': 'kube-znn.173f545eec7a9254', 'type': 'Normal', 'message': 'Scaled up replica set kube-znn-744bbbc54b to 9', 'dateevent': '2023-01-31 07:32:33+00:00', 'image': 'cmendes/znn:800k', 'replicas': 9, 'imageChanges': 0, 'replicasChanges': 9}

{'name': 'kube-znn.173f54601623ddd6', 'type': 'Normal', 'message': 'Scaled up replica set kube-znn-744bbbc54b to 10', 'dateevent': '2023-01-31 07:32:38+00:00', 'image': 'cmendes/znn:800k', 'replicas': 10, 'imageChanges': 0, 'replicasChanges': 10}

{'name': 'kube-znn.173f54618a8036a4', 'type': 'Normal', 'message': '(combined from similar events): Scaled up replica set kube-znn-5c95bd98fb to 3', 'dateevent': '2023-01-31 07:32:44+00:00', 'image': 'cmendes/znn:600k', 'replicas': 10, 'imageChanges': 1, 'replicasChanges': 10}

{'name': 'kube-znn.173f54618a8036a4', 'type': 'Normal', 'message': '(combined from similar events): Scaled down replica set kube-znn-744bbbc54b to 8', 'dateevent': '2023-01-31 07:32:44+00:00', 'image': 'cmendes/znn:600k', 'replicas': 10, 'imageChanges': 1, 'replicasChanges': 10}

{'name': 'kube-znn.173f54618a8036a4', 'type': 'Normal', 'message': '(combined from similar events): Scaled up replica set kube-znn-5c95bd98fb to 5', 'dateevent': '2023-01-31 07:32:44+00:00', 'image': 'cmendes/znn:600k', 'replicas': 10, 'imageChanges': 1, 'replicasChanges': 10}

{'name': 'kube-znn.173f54618a8036a4', 'type': 'Normal', 'message': '(combined from similar events): Scaled down replica set kube-znn-744bbbc54b to 7', 'dateevent': '2023-01-31 07:32:44+00:00', 'image': 'cmendes/znn:600k', 'replicas': 10, 'imageChanges': 1, 'replicasChanges': 10}

{'name': 'kube-znn.173f54618a8036a4', 'type': 'Normal', 'message': '(combined from similar events): Scaled up replica set kube-znn-5c95bd98fb to 6', 'dateevent': '2023-01-31 07:32:44+00:00', 'image': 'cmendes/znn:600k', 'replicas': 10, 'imageChanges': 1, 'replicasChanges': 10}

{'name': 'kube-znn.173f54618a8036a4', 'type': 'Normal', 'message': '(combined from similar events): Scaled down replica set kube-znn-744bbbc54b to 3', 'dateevent': '2023-01-31 07:32:44+00:00', 'image': 'cmendes/znn:600k', 'replicas': 4, 'imageChanges': 1, 'replicasChanges': 11}

{'name': 'kube-znn.173f54618a8036a4', 'type': 'Normal', 'message': '(combined from similar events): Scaled down replica set kube-znn-5c95bd98fb to 2', 'dateevent': '2023-01-31 07:32:44+00:00', 'image': 'cmendes/znn:600k', 'replicas': 4, 'imageChanges': 1, 'replicasChanges': 11}

{'name': 'kube-znn.173f54618a8036a4', 'type': 'Normal', 'message': '(combined from similar events): Scaled down replica set kube-znn-744bbbc54b to 2', 'dateevent': '2023-01-31 07:32:44+00:00', 'image': 'cmendes/znn:600k', 'replicas': 4, 'imageChanges': 1, 'replicasChanges': 11}

{'name': 'kube-znn.173f54618a8036a4', 'type': 'Normal', 'message': '(combined from similar events): Scaled up replica set kube-znn-5c95bd98fb to 3', 'dateevent': '2023-01-31 07:32:44+00:00', 'image': 'cmendes/znn:600k', 'replicas': 4, 'imageChanges': 1, 'replicasChanges': 11}

{'name': 'kube-znn.173f54618a8036a4', 'type': 'Normal', 'message': '(combined from similar events): Scaled down replica set kube-znn-744bbbc54b to 1', 'dateevent': '2023-01-31 07:32:44+00:00', 'image': 'cmendes/znn:600k', 'replicas': 4, 'imageChanges': 1, 'replicasChanges': 11}

{'name': 'kube-znn.173f54618a8036a4', 'type': 'Normal', 'message': '(combined from similar events): Scaled up replica set kube-znn-5c95bd98fb to 4', 'dateevent': '2023-01-31 07:32:44+00:00', 'image': 'cmendes/znn:600k', 'replicas': 4, 'imageChanges': 1, 'replicasChanges': 11}

{'name': 'kube-znn.173f54618a8036a4', 'type': 'Normal', 'message': '(combined from similar events): Scaled down replica set kube-znn-744bbbc54b to 0', 'dateevent': '2023-01-31 07:32:44+00:00', 'image': 'cmendes/znn:600k', 'replicas': 4, 'imageChanges': 1, 'replicasChanges': 11}

Reading file: VersionA-Monolithic
Reading file: VersionB-MicroControllers
Reading file: VersionC-WithFailureManagerMetaController
Reading file: VersionC-ZTemp
