Reading file: automatingDataGeneration.sh
Reading file: BLong10
Reading file: BLong10_parte1.7z
Reading file: BLong10_parte2.7z
Reading file: BLong10_parte3.7z
Reading file: BShort10
Reading file: BShort10.7z
Reading file: CLong10
Reading file: CLong10.7z
Reading file: CShort10
Reading file: CShort10.7z
Reading file: Evaluation-ZNN.7z
Reading file: fidelitya-5b8dd7f8c7-mplcq_tracing_20230131_072335.log

fidelitya data

2023-01-31 10:24:32 : t0:lowerFidelity

Reading file: generateLogs001506
Reading file: generateLogs004452
Reading file: generateLogs010914
Reading file: generateLogs013758
Reading file: generateLogs015943
Reading file: generateLogs023320
Reading file: generateLogs030632
Reading file: generateLogs032357
Reading file: generateLogs034829
Reading file: generateLogs041225
Reading file: generateLogs044038
Reading file: generateLogs050203
Reading file: generateLogs054414
Reading file: generateLogs055827
Reading file: generateLogs063714
Reading file: generateLogs070751
Reading file: generateLogs2.sh
Reading file: generateLogs225909
Reading file: generateLogs232306
Reading file: generateLogs234622
Reading file: k6-k2wj2_tracing_20230131_072335.log
Reading file: README.md
Reading file: scalabilityb-66d698fc76-lz7z9_tracing_20230131_072335.log

scalabilityb data

2023-01-31 10:25:09 : t0:removeHighScalability

2023-01-31 10:25:14 : t0:removeHighScalability

2023-01-31 10:25:19 : t0:removeHighScalability

2023-01-31 10:25:24 : t0:removeHighScalability

2023-01-31 10:25:29 : t0:removeHighScalability

2023-01-31 10:25:34 : t0:removeHighScalability

2023-01-31 10:25:39 : t0:removeHighScalability

2023-01-31 10:25:44 : t0:removeHighScalability

2023-01-31 10:25:49 : t0:removeHighScalability

2023-01-31 10:25:54 : t0:removeHighScalability

2023-01-31 10:25:59 : t0:removeHighScalability

2023-01-31 10:26:04 : t0:removeReplica

2023-01-31 10:26:09 : t0:removeReplica

2023-01-31 10:26:39 : t0:removeReplica

2023-01-31 10:26:44 : t0:removeReplica

2023-01-31 10:26:49 : t0:removeReplica

2023-01-31 10:26:54 : t0:removeReplica

2023-01-31 10:26:59 : t0:removeReplica

2023-01-31 10:27:04 : t0:removeReplica

2023-01-31 10:27:09 : t0:removeReplica

2023-01-31 10:27:14 : t0:removeReplica

2023-01-31 10:27:19 : t0:removeReplica

2023-01-31 10:27:24 : t0:removeReplica

2023-01-31 10:27:29 : t0:removeReplica

2023-01-31 10:27:34 : t0:removeReplica

2023-01-31 10:27:39 : t0:removeReplica

2023-01-31 10:27:44 : t0:removeReplica

2023-01-31 10:27:49 : t0:removeReplica

2023-01-31 10:27:54 : t0:removeReplica

2023-01-31 10:27:59 : t0:removeReplica

2023-01-31 10:28:04 : t0:removeReplica

2023-01-31 10:28:09 : t0:removeReplica

2023-01-31 10:28:14 : t0:removeReplica

2023-01-31 10:28:19 : t0:removeReplica

2023-01-31 10:28:24 : t0:removeReplica

2023-01-31 10:28:29 : t0:removeReplica

2023-01-31 10:28:34 : t0:removeReplica

2023-01-31 10:28:39 : t0:removeReplica

2023-01-31 10:28:44 : t0:removeReplica

2023-01-31 10:28:49 : t0:removeReplica

2023-01-31 10:28:54 : t0:removeReplica

2023-01-31 10:28:59 : t0:removeReplica

2023-01-31 10:29:04 : t0:removeReplica

2023-01-31 10:29:09 : t0:removeReplica

2023-01-31 10:29:14 : t0:removeReplica

2023-01-31 10:29:19 : t0:removeReplica

2023-01-31 10:29:24 : t0:removeReplica

2023-01-31 10:29:29 : t0:removeReplica

2023-01-31 10:29:34 : t0:removeReplica

2023-01-31 10:29:39 : t0:removeReplica

2023-01-31 10:29:44 : t0:removeReplica

2023-01-31 10:29:49 : t0:removeReplica

2023-01-31 10:29:54 : t0:removeReplica

2023-01-31 10:29:59 : t0:removeReplica

2023-01-31 10:30:04 : t0:removeReplica

2023-01-31 10:30:09 : t0:removeReplica

2023-01-31 10:30:14 : t0:removeReplica

2023-01-31 10:30:19 : t0:removeReplica

2023-01-31 10:30:24 : t0:removeReplica

2023-01-31 10:30:29 : t0:removeReplica

2023-01-31 10:30:34 : t0:removeReplica

2023-01-31 10:30:39 : t0:removeReplica

2023-01-31 10:30:44 : t0:removeReplica

2023-01-31 10:30:49 : t0:removeReplica

2023-01-31 10:30:54 : t0:removeReplica

2023-01-31 10:30:59 : t0:removeReplica

2023-01-31 10:31:04 : t0:removeReplica

2023-01-31 10:31:09 : t0:removeReplica

2023-01-31 10:31:14 : t0:removeReplica

2023-01-31 10:31:19 : t0:removeReplica

2023-01-31 10:31:24 : t0:removeReplica

2023-01-31 10:31:29 : t0:removeReplica

2023-01-31 10:31:34 : t0:removeReplica

2023-01-31 10:31:39 : t0:removeReplica

2023-01-31 10:31:44 : t0:removeReplica

2023-01-31 10:31:49 : t0:removeReplica

2023-01-31 10:31:54 : t0:removeReplica

2023-01-31 10:31:59 : t0:removeReplica

2023-01-31 10:32:04 : t0:removeReplica

2023-01-31 10:32:09 : t0:removeReplica

Reading file: summary-trace-znn.log
Reading file: temp
Reading file: temp2701
Reading file: test
Reading file: tools
Reading file: traceznn_20230131_072335.log

Trace znn data

{'name': 'kube-znn-db.173f5d0fe6c670b0', 'type': 'Normal', 'message': 'Scaled up replica set kube-znn-db-558bb5dd64 to 1', 'dateevent': '2023-01-31 10:11:49+00:00', 'image': 'cmendes/znn:800k', 'replicas': 1, 'imageChanges': 0, 'replicasChanges': 1}

{'name': 'kube-znn.173f5d0fe5bdfe60', 'type': 'Normal', 'message': 'Scaled up replica set kube-znn-744bbbc54b to 1', 'dateevent': '2023-01-31 10:11:49+00:00', 'image': 'cmendes/znn:800k', 'replicas': 1, 'imageChanges': 0, 'replicasChanges': 1}

{'name': 'kube-znn.173f5db6ad4557d0', 'type': 'Normal', 'message': 'Scaled up replica set kube-znn-744bbbc54b to 2', 'dateevent': '2023-01-31 10:23:45+00:00', 'image': 'cmendes/znn:800k', 'replicas': 2, 'imageChanges': 0, 'replicasChanges': 2}

{'name': 'kube-znn.173f5db8a8a2e6d3', 'type': 'Normal', 'message': 'Scaled up replica set kube-znn-744bbbc54b to 3', 'dateevent': '2023-01-31 10:23:54+00:00', 'image': 'cmendes/znn:800k', 'replicas': 3, 'imageChanges': 0, 'replicasChanges': 3}

{'name': 'kube-znn.173f5db9d2ac1507', 'type': 'Normal', 'message': 'Scaled up replica set kube-znn-744bbbc54b to 4', 'dateevent': '2023-01-31 10:23:59+00:00', 'image': 'cmendes/znn:800k', 'replicas': 4, 'imageChanges': 0, 'replicasChanges': 4}

{'name': 'kube-znn.173f5dbafc90d97b', 'type': 'Normal', 'message': 'Scaled up replica set kube-znn-744bbbc54b to 5', 'dateevent': '2023-01-31 10:24:04+00:00', 'image': 'cmendes/znn:800k', 'replicas': 5, 'imageChanges': 0, 'replicasChanges': 5}

{'name': 'kube-znn.173f5dbc264d0f89', 'type': 'Normal', 'message': 'Scaled up replica set kube-znn-744bbbc54b to 6', 'dateevent': '2023-01-31 10:24:09+00:00', 'image': 'cmendes/znn:800k', 'replicas': 6, 'imageChanges': 0, 'replicasChanges': 6}

{'name': 'kube-znn.173f5dbd4fd016e9', 'type': 'Normal', 'message': 'Scaled up replica set kube-znn-744bbbc54b to 7', 'dateevent': '2023-01-31 10:24:14+00:00', 'image': 'cmendes/znn:800k', 'replicas': 7, 'imageChanges': 0, 'replicasChanges': 7}

{'name': 'kube-znn.173f5dbe79fb0310', 'type': 'Normal', 'message': 'Scaled up replica set kube-znn-744bbbc54b to 8', 'dateevent': '2023-01-31 10:24:19+00:00', 'image': 'cmendes/znn:800k', 'replicas': 8, 'imageChanges': 0, 'replicasChanges': 8}

{'name': 'kube-znn.173f5dbfa4cbcad3', 'type': 'Normal', 'message': 'Scaled up replica set kube-znn-744bbbc54b to 9', 'dateevent': '2023-01-31 10:24:24+00:00', 'image': 'cmendes/znn:800k', 'replicas': 9, 'imageChanges': 0, 'replicasChanges': 9}

{'name': 'kube-znn.173f5dc0cda0a4db', 'type': 'Normal', 'message': 'Scaled up replica set kube-znn-744bbbc54b to 10', 'dateevent': '2023-01-31 10:24:29+00:00', 'image': 'cmendes/znn:800k', 'replicas': 10, 'imageChanges': 0, 'replicasChanges': 10}

{'name': 'kube-znn.173f5dc1f2f03d94', 'type': 'Normal', 'message': '(combined from similar events): Scaled up replica set kube-znn-5c95bd98fb to 3', 'dateevent': '2023-01-31 10:24:33+00:00', 'image': 'cmendes/znn:600k', 'replicas': 10, 'imageChanges': 1, 'replicasChanges': 10}

{'name': 'kube-znn.173f5dc1f2f03d94', 'type': 'Normal', 'message': '(combined from similar events): Scaled down replica set kube-znn-744bbbc54b to 8', 'dateevent': '2023-01-31 10:24:33+00:00', 'image': 'cmendes/znn:600k', 'replicas': 10, 'imageChanges': 1, 'replicasChanges': 10}

{'name': 'kube-znn.173f5dc1f2f03d94', 'type': 'Normal', 'message': '(combined from similar events): Scaled up replica set kube-znn-5c95bd98fb to 5', 'dateevent': '2023-01-31 10:24:33+00:00', 'image': 'cmendes/znn:600k', 'replicas': 10, 'imageChanges': 1, 'replicasChanges': 10}

{'name': 'kube-znn.173f5dc1f2f03d94', 'type': 'Normal', 'message': '(combined from similar events): Scaled down replica set kube-znn-744bbbc54b to 7', 'dateevent': '2023-01-31 10:24:33+00:00', 'image': 'cmendes/znn:600k', 'replicas': 10, 'imageChanges': 1, 'replicasChanges': 10}

{'name': 'kube-znn.173f5dc1f2f03d94', 'type': 'Normal', 'message': '(combined from similar events): Scaled up replica set kube-znn-5c95bd98fb to 6', 'dateevent': '2023-01-31 10:24:33+00:00', 'image': 'cmendes/znn:600k', 'replicas': 10, 'imageChanges': 1, 'replicasChanges': 10}

{'name': 'kube-znn.173f5dc1f2f03d94', 'type': 'Normal', 'message': '(combined from similar events): Scaled down replica set kube-znn-744bbbc54b to 6', 'dateevent': '2023-01-31 10:24:33+00:00', 'image': 'cmendes/znn:600k', 'replicas': 10, 'imageChanges': 1, 'replicasChanges': 10}

{'name': 'kube-znn.173f5dc1f2f03d94', 'type': 'Normal', 'message': '(combined from similar events): Scaled up replica set kube-znn-5c95bd98fb to 7', 'dateevent': '2023-01-31 10:24:33+00:00', 'image': 'cmendes/znn:600k', 'replicas': 10, 'imageChanges': 1, 'replicasChanges': 10}

{'name': 'kube-znn.173f5dc1f2f03d94', 'type': 'Normal', 'message': '(combined from similar events): Scaled down replica set kube-znn-744bbbc54b to 5', 'dateevent': '2023-01-31 10:24:33+00:00', 'image': 'cmendes/znn:600k', 'replicas': 10, 'imageChanges': 1, 'replicasChanges': 10}

{'name': 'kube-znn.173f5dc1f2f03d94', 'type': 'Normal', 'message': '(combined from similar events): Scaled up replica set kube-znn-5c95bd98fb to 8', 'dateevent': '2023-01-31 10:24:33+00:00', 'image': 'cmendes/znn:600k', 'replicas': 10, 'imageChanges': 1, 'replicasChanges': 10}

{'name': 'kube-znn.173f5dc1f2f03d94', 'type': 'Normal', 'message': '(combined from similar events): Scaled down replica set kube-znn-5c95bd98fb to 3', 'dateevent': '2023-01-31 10:24:33+00:00', 'image': 'cmendes/znn:600k', 'replicas': 4, 'imageChanges': 1, 'replicasChanges': 11}

{'name': 'kube-znn.173f5dc1f2f03d94', 'type': 'Normal', 'message': '(combined from similar events): Scaled down replica set kube-znn-744bbbc54b to 2', 'dateevent': '2023-01-31 10:24:33+00:00', 'image': 'cmendes/znn:600k', 'replicas': 4, 'imageChanges': 1, 'replicasChanges': 11}

{'name': 'kube-znn.173f5dc1f2f03d94', 'type': 'Normal', 'message': '(combined from similar events): Scaled down replica set kube-znn-744bbbc54b to 0', 'dateevent': '2023-01-31 10:24:33+00:00', 'image': 'cmendes/znn:600k', 'replicas': 4, 'imageChanges': 1, 'replicasChanges': 11}

{'name': 'kube-znn.173f5dc1f2f03d94', 'type': 'Normal', 'message': '(combined from similar events): Scaled up replica set kube-znn-5c95bd98fb to 4', 'dateevent': '2023-01-31 10:24:33+00:00', 'image': 'cmendes/znn:600k', 'replicas': 4, 'imageChanges': 1, 'replicasChanges': 11}

Reading file: VersionA-Monolithic
Reading file: VersionB-MicroControllers
Reading file: VersionC-WithFailureManagerMetaController
Reading file: VersionC-ZTemp
