Reading file: automatingDataGeneration.sh
Reading file: CLong10
Reading file: CLong10.7z
Reading file: Evaluation-ZNN.7z
Reading file: fidelitya-778c6c6b8b-jnhbh_tracing_20230129_073602.log

fidelitya data

2023-01-29 10:39:00 : t0:raiseFidelity

2023-01-29 10:39:05 : t0:raiseFidelity

2023-01-29 10:39:35 : t0:raiseFidelity

2023-01-29 10:39:40 : t0:raiseFidelity

2023-01-29 10:39:45 : t0:raiseFidelity

2023-01-29 10:39:50 : t0:raiseFidelity

2023-01-29 10:39:55 : t0:raiseFidelity

2023-01-29 10:40:00 : t0:raiseFidelity

2023-01-29 10:40:05 : t0:raiseFidelity

2023-01-29 10:40:40 : t0:raiseFidelity

2023-01-29 10:40:45 : t0:raiseFidelity

2023-01-29 10:40:50 : t0:raiseFidelity

2023-01-29 10:40:55 : t0:raiseFidelity

2023-01-29 10:41:00 : t0:raiseFidelity

2023-01-29 10:41:05 : t0:raiseFidelity

2023-01-29 10:41:10 : t0:raiseFidelity

2023-01-29 10:41:15 : t0:raiseFidelity

2023-01-29 10:41:20 : t0:raiseFidelity

2023-01-29 10:41:25 : t0:raiseFidelity

2023-01-29 10:41:30 : t0:raiseFidelity

2023-01-29 10:41:35 : t0:raiseFidelity

2023-01-29 10:41:40 : t0:raiseFidelity

2023-01-29 10:41:45 : t0:raiseFidelity

2023-01-29 10:41:50 : t0:raiseFidelity

2023-01-29 10:41:55 : t0:raiseFidelity

2023-01-29 10:42:00 : t0:raiseFidelity

2023-01-29 10:42:05 : t0:raiseFidelity

2023-01-29 10:42:10 : t0:raiseFidelity

2023-01-29 10:42:15 : t0:raiseFidelity

2023-01-29 10:42:20 : t0:raiseFidelity

2023-01-29 10:42:25 : t0:raiseFidelity

2023-01-29 10:42:30 : t0:raiseFidelity

2023-01-29 10:42:35 : t0:raiseFidelity

2023-01-29 10:42:40 : t0:raiseFidelity

2023-01-29 10:42:45 : t0:raiseFidelity

2023-01-29 10:42:50 : t0:raiseFidelity

2023-01-29 10:42:55 : t0:raiseFidelity

2023-01-29 10:43:00 : t0:raiseFidelity

2023-01-29 10:43:05 : t0:raiseFidelity

2023-01-29 10:43:10 : t0:raiseFidelity

2023-01-29 10:43:15 : t0:raiseFidelity

2023-01-29 10:43:20 : t0:raiseFidelity

2023-01-29 10:43:25 : t0:raiseFidelity

2023-01-29 10:43:30 : t0:raiseFidelity

2023-01-29 10:43:35 : t0:raiseFidelity

2023-01-29 10:43:40 : t0:raiseFidelity

2023-01-29 10:43:45 : t0:raiseFidelity

2023-01-29 10:43:50 : t0:raiseFidelity

2023-01-29 10:43:55 : t0:raiseFidelity

2023-01-29 10:44:00 : t0:raiseFidelity

2023-01-29 10:44:05 : t0:raiseFidelity

2023-01-29 10:44:10 : t0:raiseFidelity

2023-01-29 10:44:15 : t0:raiseFidelity

2023-01-29 10:44:20 : t0:raiseFidelity

2023-01-29 10:44:25 : t0:raiseFidelity

2023-01-29 10:44:30 : t0:raiseFidelity

2023-01-29 10:44:35 : t0:raiseFidelity

2023-01-29 10:44:40 : t0:raiseFidelity

2023-01-29 10:44:45 : t0:raiseFidelity

2023-01-29 10:44:50 : t0:raiseFidelity

2023-01-29 10:44:55 : t0:raiseFidelity

2023-01-29 10:45:00 : t0:raiseFidelity

2023-01-29 10:45:05 : t0:raiseFidelity

2023-01-29 10:45:10 : t0:raiseFidelity

2023-01-29 10:45:15 : t0:raiseFidelity

2023-01-29 10:45:20 : t0:raiseFidelity

2023-01-29 10:45:25 : t0:raiseFidelity

2023-01-29 10:45:30 : t0:raiseFidelity

2023-01-29 10:45:35 : t0:raiseFidelity

2023-01-29 10:45:40 : t0:raiseFidelity

2023-01-29 10:45:45 : t0:raiseFidelity

2023-01-29 10:45:50 : t0:raiseFidelity

2023-01-29 10:45:55 : t0:raiseFidelity

2023-01-29 10:46:00 : t0:raiseFidelity

2023-01-29 10:46:05 : t0:raiseFidelity

Reading file: generateLogs002528
Reading file: generateLogs005657
Reading file: generateLogs011949
Reading file: generateLogs015458
Reading file: generateLogs022424
Reading file: generateLogs025408
Reading file: generateLogs032409
Reading file: generateLogs034605
Reading file: generateLogs041624
Reading file: generateLogs044544
Reading file: generateLogs051646
Reading file: generateLogs054708
Reading file: generateLogs061637
Reading file: generateLogs064759
Reading file: generateLogs071655
Reading file: generateLogs121929
Reading file: generateLogs124558
Reading file: generateLogs131507
Reading file: generateLogs134342
Reading file: generateLogs140938
Reading file: generateLogs144032
Reading file: generateLogs150618
Reading file: generateLogs153301
Reading file: generateLogs155714
Reading file: generateLogs162553
Reading file: generateLogs164354
Reading file: generateLogs171441
Reading file: generateLogs174448
Reading file: generateLogs181031
Reading file: generateLogs184508
Reading file: generateLogs190356
Reading file: generateLogs192553
Reading file: generateLogs195446
Reading file: generateLogs2.sh
Reading file: generateLogs202030
Reading file: generateLogs205105
Reading file: generateLogs211405
Reading file: generateLogs214402
Reading file: generateLogs221119
Reading file: generateLogs225030
Reading file: generateLogs230943
Reading file: generateLogs232434
Reading file: k6-c9lkb_tracing_20230129_073602.log
Reading file: metacontroller-kubow-8479d7588d-ncmk7_tracing_20230129_073602.log

MetaController data

2023-01-29 10:36:57 : t0:activateLowScalabilityHighQuality

2023-01-29 10:37:07 : t0:addLowScalabilityLowQuality

2023-01-29 10:37:52 : t0:addHighScalabilityHighQuality

Reading file: README.md
Reading file: scalabilitya-78d6cbbc7d-dv7cv_tracing_20230129_073602.log

scalabilitya data

2023-01-29 10:38:26 : t0:removeReplica

2023-01-29 10:39:01 : t0:removeReplica

2023-01-29 10:39:36 : t0:removeReplica

2023-01-29 10:40:01 : t0:removeReplica

2023-01-29 10:40:06 : t0:removeReplica

Reading file: summary-trace-znn.log
Reading file: temp
Reading file: temp2701
Reading file: test
Reading file: tools
Reading file: traceznn_20230129_073602.log

Trace znn data

{'name': 'kube-znn-db.173ec067c106d2aa', 'type': 'Normal', 'message': 'Scaled up replica set kube-znn-db-6cc48797cf to 1', 'dateevent': '2023-01-29 10:21:03+00:00', 'image': 'cmendes/znn:800k', 'replicas': 1, 'imageChanges': 0, 'replicasChanges': 1}

{'name': 'kube-znn.173ec067bfef2be9', 'type': 'Normal', 'message': 'Scaled up replica set kube-znn-68bd9d6b5b to 1', 'dateevent': '2023-01-29 10:21:03+00:00', 'image': 'cmendes/znn:800k', 'replicas': 1, 'imageChanges': 0, 'replicasChanges': 1}

{'name': 'kube-znn.173ec13be7670a8b', 'type': 'Normal', 'message': 'Scaled up replica set kube-znn-68bd9d6b5b to 2', 'dateevent': '2023-01-29 10:36:14+00:00', 'image': 'cmendes/znn:800k', 'replicas': 2, 'imageChanges': 0, 'replicasChanges': 2}

{'name': 'kube-znn.173ec13cd60a4e51', 'type': 'Normal', 'message': 'Scaled up replica set kube-znn-68bd9d6b5b to 3', 'dateevent': '2023-01-29 10:36:18+00:00', 'image': 'cmendes/znn:800k', 'replicas': 3, 'imageChanges': 0, 'replicasChanges': 3}

{'name': 'kube-znn.173ec13e0048f968', 'type': 'Normal', 'message': 'Scaled up replica set kube-znn-68bd9d6b5b to 4', 'dateevent': '2023-01-29 10:36:23+00:00', 'image': 'cmendes/znn:800k', 'replicas': 4, 'imageChanges': 0, 'replicasChanges': 4}

{'name': 'kube-znn.173ec13f29f34a80', 'type': 'Normal', 'message': 'Scaled up replica set kube-znn-68bd9d6b5b to 5', 'dateevent': '2023-01-29 10:36:28+00:00', 'image': 'cmendes/znn:800k', 'replicas': 5, 'imageChanges': 0, 'replicasChanges': 5}

{'name': 'kube-znn.173ec14053babb11', 'type': 'Normal', 'message': 'Scaled up replica set kube-znn-68bd9d6b5b to 6', 'dateevent': '2023-01-29 10:36:33+00:00', 'image': 'cmendes/znn:800k', 'replicas': 6, 'imageChanges': 0, 'replicasChanges': 6}

{'name': 'kube-znn.173ec1417dbd5b93', 'type': 'Normal', 'message': 'Scaled up replica set kube-znn-68bd9d6b5b to 7', 'dateevent': '2023-01-29 10:36:38+00:00', 'image': 'cmendes/znn:800k', 'replicas': 7, 'imageChanges': 0, 'replicasChanges': 7}

{'name': 'kube-znn.173ec142a73ba20b', 'type': 'Normal', 'message': 'Scaled up replica set kube-znn-68bd9d6b5b to 8', 'dateevent': '2023-01-29 10:36:43+00:00', 'image': 'cmendes/znn:800k', 'replicas': 8, 'imageChanges': 0, 'replicasChanges': 8}

{'name': 'kube-znn.173ec143d1ce286e', 'type': 'Normal', 'message': 'Scaled up replica set kube-znn-68bd9d6b5b to 9', 'dateevent': '2023-01-29 10:36:48+00:00', 'image': 'cmendes/znn:800k', 'replicas': 9, 'imageChanges': 0, 'replicasChanges': 9}

{'name': 'kube-znn.173ec144fb565162', 'type': 'Normal', 'message': 'Scaled up replica set kube-znn-68bd9d6b5b to 10', 'dateevent': '2023-01-29 10:36:53+00:00', 'image': 'cmendes/znn:800k', 'replicas': 10, 'imageChanges': 0, 'replicasChanges': 10}

{'name': 'kube-znn.173ec145f1d25184', 'type': 'Normal', 'message': '(combined from similar events): Scaled up replica set kube-znn-7cbbf89f8 to 3', 'dateevent': '2023-01-29 10:36:57+00:00', 'image': 'cmendes/znn:600k', 'replicas': 10, 'imageChanges': 1, 'replicasChanges': 10}

{'name': 'kube-znn.173ec145f1d25184', 'type': 'Normal', 'message': '(combined from similar events): Scaled down replica set kube-znn-68bd9d6b5b to 8', 'dateevent': '2023-01-29 10:36:57+00:00', 'image': 'cmendes/znn:600k', 'replicas': 10, 'imageChanges': 1, 'replicasChanges': 10}

{'name': 'kube-znn.173ec145f1d25184', 'type': 'Normal', 'message': '(combined from similar events): Scaled up replica set kube-znn-7cbbf89f8 to 5', 'dateevent': '2023-01-29 10:36:57+00:00', 'image': 'cmendes/znn:600k', 'replicas': 10, 'imageChanges': 1, 'replicasChanges': 10}

{'name': 'kube-znn.173ec145f1d25184', 'type': 'Normal', 'message': '(combined from similar events): Scaled down replica set kube-znn-68bd9d6b5b to 3', 'dateevent': '2023-01-29 10:36:57+00:00', 'image': 'cmendes/znn:600k', 'replicas': 4, 'imageChanges': 1, 'replicasChanges': 11}

{'name': 'kube-znn.173ec145f1d25184', 'type': 'Normal', 'message': '(combined from similar events): Scaled down replica set kube-znn-7cbbf89f8 to 2', 'dateevent': '2023-01-29 10:36:57+00:00', 'image': 'cmendes/znn:600k', 'replicas': 4, 'imageChanges': 1, 'replicasChanges': 11}

{'name': 'kube-znn.173ec145f1d25184', 'type': 'Normal', 'message': '(combined from similar events): Scaled down replica set kube-znn-68bd9d6b5b to 2', 'dateevent': '2023-01-29 10:36:57+00:00', 'image': 'cmendes/znn:600k', 'replicas': 4, 'imageChanges': 1, 'replicasChanges': 11}

{'name': 'kube-znn.173ec15694ab78bc', 'type': 'Normal', 'message': 'Scaled up replica set kube-znn-7cbbf89f8 to 3', 'dateevent': '2023-01-29 10:38:09+00:00', 'image': 'cmendes/znn:600k', 'replicas': 4, 'imageChanges': 1, 'replicasChanges': 11}

{'name': 'kube-znn.173ec145f1d25184', 'type': 'Normal', 'message': '(combined from similar events): Scaled down replica set kube-znn-68bd9d6b5b to 1', 'dateevent': '2023-01-29 10:36:57+00:00', 'image': 'cmendes/znn:600k', 'replicas': 4, 'imageChanges': 1, 'replicasChanges': 11}

{'name': 'kube-znn.173ec145f1d25184', 'type': 'Normal', 'message': '(combined from similar events): Scaled up replica set kube-znn-7cbbf89f8 to 4', 'dateevent': '2023-01-29 10:36:57+00:00', 'image': 'cmendes/znn:600k', 'replicas': 4, 'imageChanges': 1, 'replicasChanges': 11}

{'name': 'kube-znn.173ec145f1d25184', 'type': 'Normal', 'message': '(combined from similar events): Scaled down replica set kube-znn-68bd9d6b5b to 0', 'dateevent': '2023-01-29 10:36:57+00:00', 'image': 'cmendes/znn:600k', 'replicas': 4, 'imageChanges': 1, 'replicasChanges': 11}

{'name': 'kube-znn.173ec145f1d25184', 'type': 'Normal', 'message': '(combined from similar events): Scaled down replica set kube-znn-7cbbf89f8 to 3', 'dateevent': '2023-01-29 10:36:57+00:00', 'image': 'cmendes/znn:600k', 'replicas': 3, 'imageChanges': 1, 'replicasChanges': 12}

{'name': 'kube-znn.173ec162ca246ee0', 'type': 'Normal', 'message': 'Scaled down replica set kube-znn-7cbbf89f8 to 2', 'dateevent': '2023-01-29 10:39:01+00:00', 'image': 'cmendes/znn:600k', 'replicas': 2, 'imageChanges': 1, 'replicasChanges': 13}

{'name': 'kube-znn.173ec15694ab78bc', 'type': 'Normal', 'message': 'Scaled up replica set kube-znn-7cbbf89f8 to 3', 'dateevent': '2023-01-29 10:38:09+00:00', 'image': 'cmendes/znn:800k', 'replicas': 3, 'imageChanges': 2, 'replicasChanges': 14}

{'name': 'kube-znn.173ec145f1d25184', 'type': 'Normal', 'message': '(combined from similar events): Scaled up replica set kube-znn-68bd9d6b5b to 1', 'dateevent': '2023-01-29 10:36:57+00:00', 'image': 'cmendes/znn:800k', 'replicas': 3, 'imageChanges': 2, 'replicasChanges': 14}

{'name': 'kube-znn.173ec162ca246ee0', 'type': 'Normal', 'message': 'Scaled down replica set kube-znn-7cbbf89f8 to 2', 'dateevent': '2023-01-29 10:39:01+00:00', 'image': 'cmendes/znn:800k', 'replicas': 3, 'imageChanges': 2, 'replicasChanges': 14}

{'name': 'kube-znn.173ec145f1d25184', 'type': 'Normal', 'message': '(combined from similar events): Scaled up replica set kube-znn-68bd9d6b5b to 2', 'dateevent': '2023-01-29 10:36:57+00:00', 'image': 'cmendes/znn:800k', 'replicas': 3, 'imageChanges': 2, 'replicasChanges': 14}

Reading file: VersionA-Monolithic
Reading file: VersionB-MicroControllers
Reading file: VersionC-WithFailureManagerMetaController
Reading file: VersionC-ZTemp
