Reading file: automatingDataGeneration.sh
Reading file: CLong10
Reading file: CLong10.7z
Reading file: CShort10
Reading file: CShort10.7z
Reading file: Evaluation-ZNN.7z
Reading file: fidelitya-5b8dd7f8c7-n2bxg_tracing_20230129_110840.log

fidelitya data

Reading file: fidelityb-67c8fc5999-bdqcz_tracing_20230129_110840.log

fidelityb data

2023-01-29 14:11:37 : t0:removeHighQuality

2023-01-29 14:11:41 : t0:lowerFidelity

2023-01-29 14:11:56 : t0:removeHighQuality

2023-01-29 14:12:01 : t0:removeHighQuality

2023-01-29 14:12:06 : t0:removeHighQuality

2023-01-29 14:12:11 : t0:removeHighQuality

2023-01-29 14:12:16 : t0:lowerFidelity

2023-01-29 14:12:31 : t0:lowerFidelity

2023-01-29 14:12:46 : t0:lowerFidelity

2023-01-29 14:13:01 : t0:lowerFidelity

2023-01-29 14:13:16 : t0:addHighQuality

2023-01-29 14:13:21 : t0:addHighQuality

2023-01-29 14:13:26 : t0:addHighQuality

2023-01-29 14:13:31 : t0:addHighQuality

2023-01-29 14:13:36 : t0:addHighQuality

2023-01-29 14:13:41 : t0:addHighQuality

2023-01-29 14:13:46 : t0:addHighQuality

2023-01-29 14:13:51 : t0:addHighQuality

2023-01-29 14:13:56 : t0:addHighQuality

2023-01-29 14:14:01 : t0:addHighQuality

2023-01-29 14:14:06 : t0:addHighQuality

2023-01-29 14:14:11 : t0:raiseFidelity

2023-01-29 14:14:16 : t0:raiseFidelity

2023-01-29 14:14:46 : t0:raiseFidelity

Reading file: generateLogs104811
Reading file: generateLogs2.sh
Reading file: k6-vrdc6_tracing_20230129_110840.log
Reading file: README.md
Reading file: scalabilityb-66d698fc76-mgkj2_tracing_20230129_110840.log

scalabilityb data

2023-01-29 14:10:04 : t0:removeHighScalability

2023-01-29 14:10:09 : t0:removeHighScalability

2023-01-29 14:10:14 : t0:removeHighScalability

2023-01-29 14:10:19 : t0:removeHighScalability

2023-01-29 14:10:24 : t0:removeHighScalability

2023-01-29 14:10:29 : t0:removeHighScalability

2023-01-29 14:10:34 : t0:removeHighScalability

2023-01-29 14:10:39 : t0:removeHighScalability

2023-01-29 14:10:44 : t0:removeHighScalability

2023-01-29 14:10:49 : t0:removeHighScalability

2023-01-29 14:10:54 : t0:removeHighScalability

2023-01-29 14:10:59 : t0:removeHighScalability

2023-01-29 14:11:04 : t0:removeHighScalability

2023-01-29 14:11:09 : t0:removeHighScalability

2023-01-29 14:11:14 : t0:removeHighScalability

2023-01-29 14:11:19 : t0:removeHighScalability

2023-01-29 14:11:24 : t0:removeHighScalability

2023-01-29 14:11:29 : t0:removeHighScalability

2023-01-29 14:11:34 : t0:removeHighScalability

2023-01-29 14:11:39 : t0:removeHighScalability

2023-01-29 14:11:44 : t0:removeHighScalability

2023-01-29 14:11:49 : t0:removeHighScalability

2023-01-29 14:11:54 : t0:removeHighScalability

2023-01-29 14:11:59 : t0:removeHighScalability

2023-01-29 14:12:04 : t0:removeHighScalability

2023-01-29 14:12:09 : t0:removeHighScalability

2023-01-29 14:12:14 : t0:removeHighScalability

2023-01-29 14:12:19 : t0:removeHighScalability

2023-01-29 14:12:24 : t0:removeHighScalability

2023-01-29 14:12:29 : t0:addHighScalability

2023-01-29 14:12:34 : t0:addHighScalability

2023-01-29 14:12:39 : t0:addHighScalability

2023-01-29 14:12:44 : t0:addHighScalability

2023-01-29 14:12:49 : t0:addHighScalability

2023-01-29 14:12:54 : t0:addHighScalability

2023-01-29 14:12:59 : t0:addHighScalability

2023-01-29 14:13:04 : t0:addHighScalability

2023-01-29 14:13:09 : t0:addHighScalability

2023-01-29 14:13:14 : t0:addHighScalability

2023-01-29 14:13:19 : t0:addHighScalability

2023-01-29 14:13:24 : t0:addHighScalability

2023-01-29 14:13:29 : t0:removeHighScalability

2023-01-29 14:13:34 : t0:removeHighScalability

2023-01-29 14:13:39 : t0:removeHighScalability

2023-01-29 14:13:44 : t0:removeHighScalability

2023-01-29 14:13:49 : t0:removeHighScalability

2023-01-29 14:13:54 : t0:removeHighScalability

2023-01-29 14:13:59 : t0:removeHighScalability

2023-01-29 14:14:04 : t0:removeHighScalability

2023-01-29 14:14:09 : t0:removeReplica

2023-01-29 14:14:14 : t0:removeReplica

2023-01-29 14:14:44 : t0:removeReplica

Reading file: summary-trace-znn.log
Reading file: temp
Reading file: temp2701
Reading file: test
Reading file: tools
Reading file: traceznn_20230129_110840.log

Trace znn data

{'name': 'kube-znn-db.173ecbf4b4215c2c', 'type': 'Normal', 'message': 'Scaled up replica set kube-znn-db-558bb5dd64 to 1', 'dateevent': '2023-01-29 13:52:43+00:00', 'image': 'cmendes/znn:800k', 'replicas': 1, 'imageChanges': 0, 'replicasChanges': 1}

{'name': 'kube-znn.173ecbf4b2dae9bb', 'type': 'Normal', 'message': 'Scaled up replica set kube-znn-744bbbc54b to 1', 'dateevent': '2023-01-29 13:52:43+00:00', 'image': 'cmendes/znn:800k', 'replicas': 1, 'imageChanges': 0, 'replicasChanges': 1}

{'name': 'kube-znn.173eccd5cba8459e', 'type': 'Normal', 'message': 'Scaled up replica set kube-znn-744bbbc54b to 2', 'dateevent': '2023-01-29 14:08:50+00:00', 'image': 'cmendes/znn:800k', 'replicas': 2, 'imageChanges': 0, 'replicasChanges': 2}

{'name': 'kube-znn.173eccd696f144f3', 'type': 'Normal', 'message': 'Scaled up replica set kube-znn-744bbbc54b to 3', 'dateevent': '2023-01-29 14:08:53+00:00', 'image': 'cmendes/znn:800k', 'replicas': 3, 'imageChanges': 0, 'replicasChanges': 3}

{'name': 'kube-znn.173eccd7c59b6490', 'type': 'Normal', 'message': 'Scaled up replica set kube-znn-744bbbc54b to 4', 'dateevent': '2023-01-29 14:08:58+00:00', 'image': 'cmendes/znn:800k', 'replicas': 4, 'imageChanges': 0, 'replicasChanges': 4}

{'name': 'kube-znn.173eccd8eaca85d4', 'type': 'Normal', 'message': 'Scaled up replica set kube-znn-744bbbc54b to 5', 'dateevent': '2023-01-29 14:09:03+00:00', 'image': 'cmendes/znn:800k', 'replicas': 5, 'imageChanges': 0, 'replicasChanges': 5}

{'name': 'kube-znn.173eccda137188a5', 'type': 'Normal', 'message': 'Scaled up replica set kube-znn-744bbbc54b to 6', 'dateevent': '2023-01-29 14:09:08+00:00', 'image': 'cmendes/znn:800k', 'replicas': 6, 'imageChanges': 0, 'replicasChanges': 6}

{'name': 'kube-znn.173eccdb408cb934', 'type': 'Normal', 'message': 'Scaled up replica set kube-znn-744bbbc54b to 7', 'dateevent': '2023-01-29 14:09:13+00:00', 'image': 'cmendes/znn:800k', 'replicas': 7, 'imageChanges': 0, 'replicasChanges': 7}

{'name': 'kube-znn.173eccdc678f3536', 'type': 'Normal', 'message': 'Scaled up replica set kube-znn-744bbbc54b to 8', 'dateevent': '2023-01-29 14:09:18+00:00', 'image': 'cmendes/znn:800k', 'replicas': 8, 'imageChanges': 0, 'replicasChanges': 8}

{'name': 'kube-znn.173eccdd919ac333', 'type': 'Normal', 'message': 'Scaled up replica set kube-znn-744bbbc54b to 9', 'dateevent': '2023-01-29 14:09:23+00:00', 'image': 'cmendes/znn:800k', 'replicas': 9, 'imageChanges': 0, 'replicasChanges': 9}

{'name': 'kube-znn.173eccdebb7835a7', 'type': 'Normal', 'message': 'Scaled up replica set kube-znn-744bbbc54b to 10', 'dateevent': '2023-01-29 14:09:28+00:00', 'image': 'cmendes/znn:800k', 'replicas': 10, 'imageChanges': 0, 'replicasChanges': 10}

{'name': 'kube-znn.173ecce081e20597', 'type': 'Normal', 'message': '(combined from similar events): Scaled up replica set kube-znn-5c95bd98fb to 3', 'dateevent': '2023-01-29 14:09:36+00:00', 'image': 'cmendes/znn:600k', 'replicas': 10, 'imageChanges': 1, 'replicasChanges': 10}

{'name': 'kube-znn.173ecce081e20597', 'type': 'Normal', 'message': '(combined from similar events): Scaled down replica set kube-znn-744bbbc54b to 8', 'dateevent': '2023-01-29 14:09:36+00:00', 'image': 'cmendes/znn:600k', 'replicas': 10, 'imageChanges': 1, 'replicasChanges': 10}

{'name': 'kube-znn.173ecce081e20597', 'type': 'Normal', 'message': '(combined from similar events): Scaled up replica set kube-znn-5c95bd98fb to 5', 'dateevent': '2023-01-29 14:09:36+00:00', 'image': 'cmendes/znn:600k', 'replicas': 10, 'imageChanges': 1, 'replicasChanges': 10}

{'name': 'kube-znn.173ecce081e20597', 'type': 'Normal', 'message': '(combined from similar events): Scaled down replica set kube-znn-744bbbc54b to 4', 'dateevent': '2023-01-29 14:09:36+00:00', 'image': 'cmendes/znn:400k', 'replicas': 10, 'imageChanges': 2, 'replicasChanges': 10}

{'name': 'kube-znn.173ecce081e20597', 'type': 'Normal', 'message': '(combined from similar events): Scaled down replica set kube-znn-5c95bd98fb to 4', 'dateevent': '2023-01-29 14:09:36+00:00', 'image': 'cmendes/znn:400k', 'replicas': 10, 'imageChanges': 2, 'replicasChanges': 10}

{'name': 'kube-znn.173ecce081e20597', 'type': 'Normal', 'message': '(combined from similar events): Scaled up replica set kube-znn-549bfcf578 to 5', 'dateevent': '2023-01-29 14:09:36+00:00', 'image': 'cmendes/znn:400k', 'replicas': 10, 'imageChanges': 2, 'replicasChanges': 10}

{'name': 'kube-znn.173ecce081e20597', 'type': 'Normal', 'message': '(combined from similar events): Scaled down replica set kube-znn-549bfcf578 to 2', 'dateevent': '2023-01-29 14:09:36+00:00', 'image': 'cmendes/znn:600k', 'replicas': 10, 'imageChanges': 3, 'replicasChanges': 10}

{'name': 'kube-znn.173ecce081e20597', 'type': 'Normal', 'message': '(combined from similar events): Scaled up replica set kube-znn-5c95bd98fb to 7', 'dateevent': '2023-01-29 14:09:36+00:00', 'image': 'cmendes/znn:600k', 'replicas': 10, 'imageChanges': 3, 'replicasChanges': 10}

{'name': 'kube-znn.173eccebdcea3643', 'type': 'Normal', 'message': 'Scaled down replica set kube-znn-5c95bd98fb to 4', 'dateevent': '2023-01-29 14:10:24+00:00', 'image': 'cmendes/znn:400k', 'replicas': 10, 'imageChanges': 4, 'replicasChanges': 10}

{'name': 'kube-znn.173ecce081e20597', 'type': 'Normal', 'message': '(combined from similar events): Scaled up replica set kube-znn-549bfcf578 to 5', 'dateevent': '2023-01-29 14:09:36+00:00', 'image': 'cmendes/znn:400k', 'replicas': 10, 'imageChanges': 4, 'replicasChanges': 10}

{'name': 'kube-znn.173ecce081e20597', 'type': 'Normal', 'message': '(combined from similar events): Scaled down replica set kube-znn-549bfcf578 to 1', 'dateevent': '2023-01-29 14:09:36+00:00', 'image': 'cmendes/znn:600k', 'replicas': 10, 'imageChanges': 5, 'replicasChanges': 10}

{'name': 'kube-znn.173ecce081e20597', 'type': 'Normal', 'message': '(combined from similar events): Scaled up replica set kube-znn-5c95bd98fb to 8', 'dateevent': '2023-01-29 14:09:36+00:00', 'image': 'cmendes/znn:600k', 'replicas': 10, 'imageChanges': 5, 'replicasChanges': 10}

{'name': 'kube-znn.173eccebdcea3643', 'type': 'Normal', 'message': 'Scaled down replica set kube-znn-5c95bd98fb to 4', 'dateevent': '2023-01-29 14:10:24+00:00', 'image': 'cmendes/znn:400k', 'replicas': 10, 'imageChanges': 6, 'replicasChanges': 10}

{'name': 'kube-znn.173ecced055a1a03', 'type': 'Normal', 'message': 'Scaled up replica set kube-znn-549bfcf578 to 5', 'dateevent': '2023-01-29 14:10:29+00:00', 'image': 'cmendes/znn:400k', 'replicas': 10, 'imageChanges': 6, 'replicasChanges': 10}

{'name': 'kube-znn.173ecce081e20597', 'type': 'Normal', 'message': '(combined from similar events): Scaled down replica set kube-znn-549bfcf578 to 0', 'dateevent': '2023-01-29 14:09:36+00:00', 'image': 'cmendes/znn:600k', 'replicas': 10, 'imageChanges': 7, 'replicasChanges': 10}

{'name': 'kube-znn.173ecce081e20597', 'type': 'Normal', 'message': '(combined from similar events): Scaled up replica set kube-znn-5c95bd98fb to 9', 'dateevent': '2023-01-29 14:09:36+00:00', 'image': 'cmendes/znn:600k', 'replicas': 10, 'imageChanges': 7, 'replicasChanges': 10}

{'name': 'kube-znn.173ecce081e20597', 'type': 'Normal', 'message': '(combined from similar events): Scaled down replica set kube-znn-57c954fdb9 to 1', 'dateevent': '2023-01-29 14:09:36+00:00', 'image': 'cmendes/znn:100k', 'replicas': 4, 'imageChanges': 8, 'replicasChanges': 11}

Reading file: VersionA-Monolithic
Reading file: VersionB-MicroControllers
Reading file: VersionC-WithFailureManagerMetaController
Reading file: VersionC-ZTemp
