root - WARNING - Starting our experiment execution
root - WARNING - 

-----------------------------------------
root - WARNING - General Log - 
root - WARNING - {'name': 'default-server-secret.173ed49779026590', 'type': 'Normal', 'message': 'the special Secret default/default-server-secret was updated', 'dateevent': '2023-01-29 16:30:58+00:00'}
root - WARNING - 

-----------------------------------------
root - WARNING - 

-----------------------------------------
root - WARNING - General Log - 
root - WARNING - {'name': 'failuremanager-5447786f55-bd6hr.173ed3e7607b2df4', 'type': 'Normal', 'message': 'Successfully assigned default/failuremanager-5447786f55-bd6hr to minikube', 'dateevent': '2023-01-29 16:18:22+00:00'}
root - WARNING - 

-----------------------------------------
root - WARNING - 

-----------------------------------------
root - WARNING - General Log - 
root - WARNING - {'name': 'failuremanager-5447786f55-bd6hr.173ed3e7970dcc10', 'type': 'Normal', 'message': 'Pulling image "californibrs/failuremanager"', 'dateevent': '2023-01-29 16:18:23+00:00'}
root - WARNING - 

-----------------------------------------
root - WARNING - 

-----------------------------------------
root - WARNING - General Log - 
root - WARNING - {'name': 'failuremanager-5447786f55-bd6hr.173ed3f1e6749281', 'type': 'Warning', 'message': 'Failed to pull image "californibrs/failuremanager": rpc error: code = Unknown desc = Error response from daemon: toomanyrequests: You have reached your pull rate limit. You may increase the limit by authenticating and upgrading: https://www.docker.com/increase-rate-limit', 'dateevent': '2023-01-29 16:19:07+00:00'}
root - WARNING - 

-----------------------------------------
root - WARNING - 

-----------------------------------------
root - WARNING - General Log - 
root - WARNING - {'name': 'failuremanager-5447786f55-bd6hr.173ed3f1e675637d', 'type': 'Warning', 'message': 'Error: ErrImagePull', 'dateevent': '2023-01-29 16:19:07+00:00'}
root - WARNING - 

-----------------------------------------
root - WARNING - 

-----------------------------------------
root - WARNING - General Log - 
root - WARNING - {'name': 'failuremanager-5447786f55-bd6hr.173ed3f21f27951e', 'type': 'Normal', 'message': 'Back-off pulling image "californibrs/failuremanager"', 'dateevent': '2023-01-29 16:19:08+00:00'}
root - WARNING - 

-----------------------------------------
root - WARNING - 

-----------------------------------------
root - WARNING - General Log - 
root - WARNING - {'name': 'failuremanager-5447786f55-bd6hr.173ed3f21f28441d', 'type': 'Warning', 'message': 'Error: ImagePullBackOff', 'dateevent': '2023-01-29 16:19:08+00:00'}
root - WARNING - 

-----------------------------------------
root - WARNING - 

-----------------------------------------
root - WARNING - General Log - 
root - WARNING - {'name': 'failuremanager-5447786f55.173ed3e7601f7f19', 'type': 'Normal', 'message': 'Created pod: failuremanager-5447786f55-bd6hr', 'dateevent': '2023-01-29 16:18:22+00:00'}
root - WARNING - 

-----------------------------------------
root - WARNING - 

-----------------------------------------
root - WARNING - General Log - 
root - WARNING - {'name': 'failuremanager-ingress.173ed497709d03c6', 'type': 'Normal', 'message': 'Configuration for default/failuremanager-ingress was added or updated', 'dateevent': '2023-01-29 16:30:58+00:00'}
root - WARNING - 

-----------------------------------------
root - WARNING - 

-----------------------------------------
root - WARNING - General Log - 
root - WARNING - {'name': 'failuremanager-ingress.173ed4979244f621', 'type': 'Normal', 'message': 'Configuration for default/failuremanager-ingress was updated ', 'dateevent': '2023-01-29 16:30:58+00:00'}
root - WARNING - 

-----------------------------------------
root - WARNING - 

-----------------------------------------
root - WARNING - General Log - 
root - WARNING - {'name': 'failuremanager.173ed3e75fb93c10', 'type': 'Normal', 'message': 'Scaled up replica set failuremanager-5447786f55 to 1', 'dateevent': '2023-01-29 16:18:22+00:00'}
root - WARNING - 

-----------------------------------------
root - WARNING - 

-----------------------------------------
root - WARNING - General Log - 
root - WARNING - {'name': 'failuremonitor-747764f996-jplth.173ed3e76a15ce12', 'type': 'Normal', 'message': 'Successfully assigned default/failuremonitor-747764f996-jplth to minikube', 'dateevent': '2023-01-29 16:18:22+00:00'}
root - WARNING - 

-----------------------------------------
root - WARNING - 

-----------------------------------------
root - WARNING - General Log - 
root - WARNING - {'name': 'failuremonitor-747764f996-jplth.173ed3e79ee85490', 'type': 'Normal', 'message': 'Pulling image "californibrs/failuremonitor"', 'dateevent': '2023-01-29 16:18:23+00:00'}
root - WARNING - 

-----------------------------------------
root - WARNING - 

-----------------------------------------
root - WARNING - General Log - 
root - WARNING - {'name': 'failuremonitor-747764f996-jplth.173ed3f26336832d', 'type': 'Warning', 'message': 'Failed to pull image "californibrs/failuremonitor": rpc error: code = Unknown desc = Error response from daemon: toomanyrequests: You have reached your pull rate limit. You may increase the limit by authenticating and upgrading: https://www.docker.com/increase-rate-limit', 'dateevent': '2023-01-29 16:19:09+00:00'}
root - WARNING - 

-----------------------------------------
root - WARNING - 

-----------------------------------------
root - WARNING - General Log - 
root - WARNING - {'name': 'failuremonitor-747764f996-jplth.173ed3f26336b7e9', 'type': 'Warning', 'message': 'Error: ErrImagePull', 'dateevent': '2023-01-29 16:19:09+00:00'}
root - WARNING - 

-----------------------------------------
root - WARNING - 

-----------------------------------------
root - WARNING - General Log - 
root - WARNING - {'name': 'failuremonitor-747764f996-jplth.173ed3f297c94ec8', 'type': 'Normal', 'message': 'Back-off pulling image "californibrs/failuremonitor"', 'dateevent': '2023-01-29 16:19:10+00:00'}
root - WARNING - 

-----------------------------------------
root - WARNING - 

-----------------------------------------
root - WARNING - General Log - 
root - WARNING - {'name': 'failuremonitor-747764f996-jplth.173ed3f297c99068', 'type': 'Warning', 'message': 'Error: ImagePullBackOff', 'dateevent': '2023-01-29 16:19:10+00:00'}
root - WARNING - 

-----------------------------------------
root - WARNING - 

-----------------------------------------
root - WARNING - General Log - 
root - WARNING - {'name': 'failuremonitor-747764f996-jplth.173ed3f95871ea16', 'type': 'Warning', 'message': 'Failed to pull image "californibrs/failuremonitor": rpc error: code = Unknown desc = Error response from daemon: Head "https://registry-1.docker.io/v2/californibrs/failuremonitor/manifests/latest": Get "https://auth.docker.io/token?scope=repository%3Acalifornibrs%2Ffailuremonitor%3Apull&service=registry.docker.io": dial tcp: lookup auth.docker.io on 172.27.176.1:53: read udp 172.27.184.238:59914->172.27.176.1:53: i/o timeout', 'dateevent': '2023-01-29 16:19:39+00:00'}
root - WARNING - 

-----------------------------------------
root - WARNING - 

-----------------------------------------
root - WARNING - General Log - 
root - WARNING - {'name': 'failuremonitor-747764f996.173ed3e7649c90fb', 'type': 'Warning', 'message': 'Error creating: pods "failuremonitor-747764f996-" is forbidden: error looking up service account default/kubow-user: serviceaccount "kubow-user" not found', 'dateevent': '2023-01-29 16:18:22+00:00'}
root - WARNING - 

-----------------------------------------
root - WARNING - 

-----------------------------------------
root - WARNING - General Log - 
root - WARNING - {'name': 'failuremonitor-747764f996.173ed3e7692b1921', 'type': 'Normal', 'message': 'Created pod: failuremonitor-747764f996-jplth', 'dateevent': '2023-01-29 16:18:22+00:00'}
root - WARNING - 

-----------------------------------------
root - WARNING - 

-----------------------------------------
root - WARNING - General Log - 
root - WARNING - {'name': 'failuremonitor.173ed3e762e05b60', 'type': 'Normal', 'message': 'Scaled up replica set failuremonitor-747764f996 to 1', 'dateevent': '2023-01-29 16:18:22+00:00'}
root - WARNING - 

-----------------------------------------
root - WARNING - 

-----------------------------------------
root - WARNING - General Log - 
root - WARNING - {'name': 'fidelitya-5b8dd7f8c7-zr9sx.173ed3e636e94d52', 'type': 'Normal', 'message': 'Successfully assigned default/fidelitya-5b8dd7f8c7-zr9sx to minikube', 'dateevent': '2023-01-29 16:18:17+00:00'}
root - WARNING - 

-----------------------------------------
root - WARNING - 

-----------------------------------------
root - WARNING - General Log - 
root - WARNING - {'name': 'fidelitya-5b8dd7f8c7-zr9sx.173ed3e6845f5071', 'type': 'Normal', 'message': 'Pulling image "cmendes/kubow:yellow-2"', 'dateevent': '2023-01-29 16:18:18+00:00'}
root - WARNING - 

-----------------------------------------
root - WARNING - 

-----------------------------------------
root - WARNING - General Log - 
root - WARNING - {'name': 'fidelitya-5b8dd7f8c7-zr9sx.173ed3f0f11df299', 'type': 'Warning', 'message': 'Failed to pull image "cmendes/kubow:yellow-2": rpc error: code = Unknown desc = Error response from daemon: toomanyrequests: You have reached your pull rate limit. You may increase the limit by authenticating and upgrading: https://www.docker.com/increase-rate-limit', 'dateevent': '2023-01-29 16:19:03+00:00'}
root - WARNING - 

-----------------------------------------
root - WARNING - 

-----------------------------------------
root - WARNING - General Log - 
root - WARNING - {'name': 'fidelitya-5b8dd7f8c7-zr9sx.173ed3f0f11ecbc9', 'type': 'Warning', 'message': 'Error: ErrImagePull', 'dateevent': '2023-01-29 16:19:03+00:00'}
root - WARNING - 

-----------------------------------------
root - WARNING - 

-----------------------------------------
root - WARNING - General Log - 
root - WARNING - {'name': 'fidelitya-5b8dd7f8c7-zr9sx.173ed3f0f22d9812', 'type': 'Normal', 'message': 'Back-off pulling image "cmendes/kubow:yellow-2"', 'dateevent': '2023-01-29 16:19:03+00:00'}
root - WARNING - 

-----------------------------------------
root - WARNING - 

-----------------------------------------
root - WARNING - General Log - 
root - WARNING - {'name': 'fidelitya-5b8dd7f8c7-zr9sx.173ed3f0f22e3196', 'type': 'Warning', 'message': 'Error: ImagePullBackOff', 'dateevent': '2023-01-29 16:19:03+00:00'}
root - WARNING - 

-----------------------------------------
root - WARNING - 

-----------------------------------------
root - WARNING - General Log - 
root - WARNING - {'name': 'fidelitya-5b8dd7f8c7.173ed3e6364d27f2', 'type': 'Normal', 'message': 'Created pod: fidelitya-5b8dd7f8c7-zr9sx', 'dateevent': '2023-01-29 16:18:17+00:00'}
root - WARNING - 

-----------------------------------------
root - WARNING - 

-----------------------------------------
root - WARNING - General Log - 
root - WARNING - {'name': 'fidelitya.173ed3e635fdb329', 'type': 'Normal', 'message': 'Scaled up replica set fidelitya-5b8dd7f8c7 to 1', 'dateevent': '2023-01-29 16:18:17+00:00'}
root - WARNING - 

-----------------------------------------
root - WARNING - 

-----------------------------------------
root - WARNING - 

Captured event for Metacontroller and microcontrollers: 
root - WARNING - 

 MetaController has adapted the microcontrollers.
root - WARNING - {'name': 'fidelitya.173ed3e635fdb329', 'type': 'Normal', 'message': 'Scaled up replica set fidelitya-5b8dd7f8c7 to 1', 'dateevent': '2023-01-29 16:18:17+00:00'}
root - WARNING - 

-----------------------------------------
root - WARNING - 

-----------------------------------------
root - WARNING - General Log - 
root - WARNING - {'name': 'grafana-84cfffc84f-zzntv.173ed3e554b3b4d3', 'type': 'Normal', 'message': 'Successfully assigned default/grafana-84cfffc84f-zzntv to minikube', 'dateevent': '2023-01-29 16:18:13+00:00'}
root - WARNING - 

-----------------------------------------
root - WARNING - 

-----------------------------------------
root - WARNING - General Log - 
root - WARNING - {'name': 'grafana-84cfffc84f-zzntv.173ed3e587430f6b', 'type': 'Normal', 'message': 'Pulling image "grafana/grafana:6.4.2"', 'dateevent': '2023-01-29 16:18:14+00:00'}
root - WARNING - 

-----------------------------------------
root - WARNING - 

-----------------------------------------
root - WARNING - General Log - 
root - WARNING - {'name': 'grafana-84cfffc84f-zzntv.173ed3e9fbb08441', 'type': 'Normal', 'message': 'Successfully pulled image "grafana/grafana:6.4.2"', 'dateevent': '2023-01-29 16:18:33+00:00'}
root - WARNING - 

-----------------------------------------
root - WARNING - 

-----------------------------------------
root - WARNING - General Log - 
root - WARNING - {'name': 'grafana-84cfffc84f-zzntv.173ed3ea75ecb525', 'type': 'Normal', 'message': 'Created container grafana', 'dateevent': '2023-01-29 16:18:35+00:00'}
root - WARNING - 

-----------------------------------------
root - WARNING - 

-----------------------------------------
root - WARNING - General Log - 
root - WARNING - {'name': 'grafana-84cfffc84f-zzntv.173ed3ea8266b5ac', 'type': 'Normal', 'message': 'Started container grafana', 'dateevent': '2023-01-29 16:18:35+00:00'}
root - WARNING - 

-----------------------------------------
root - WARNING - 

-----------------------------------------
root - WARNING - General Log - 
root - WARNING - {'name': 'grafana-84cfffc84f-zzntv.173ed3ecc8d71857', 'type': 'Warning', 'message': 'Readiness probe failed: Get http://172.17.0.4:3000/api/health: dial tcp 172.17.0.4:3000: connect: connection refused', 'dateevent': '2023-01-29 16:18:45+00:00'}
root - WARNING - 

-----------------------------------------
root - WARNING - 

-----------------------------------------
root - WARNING - General Log - 
root - WARNING - {'name': 'grafana-84cfffc84f-zzntv.173ed3ed2aa5d71c', 'type': 'Normal', 'message': 'Container image "grafana/grafana:6.4.2" already present on machine', 'dateevent': '2023-01-29 16:18:47+00:00'}
root - WARNING - 

-----------------------------------------
root - WARNING - 

-----------------------------------------
root - WARNING - General Log - 
root - WARNING - {'name': 'grafana-84cfffc84f.173ed3e5545cc85e', 'type': 'Normal', 'message': 'Created pod: grafana-84cfffc84f-zzntv', 'dateevent': '2023-01-29 16:18:13+00:00'}
root - WARNING - 

-----------------------------------------
root - WARNING - 

-----------------------------------------
root - WARNING - General Log - 
root - WARNING - {'name': 'grafana.173ed3e552a369fd', 'type': 'Normal', 'message': 'Scaled up replica set grafana-84cfffc84f to 1', 'dateevent': '2023-01-29 16:18:13+00:00'}
root - WARNING - 

-----------------------------------------
root - WARNING - 

-----------------------------------------
root - WARNING - General Log - 
root - WARNING - {'name': 'ingress-kube-znn.173ed497683e5ef9', 'type': 'Normal', 'message': 'Configuration for default/ingress-kube-znn was added or updated', 'dateevent': '2023-01-29 16:30:58+00:00'}
root - WARNING - 

-----------------------------------------
root - WARNING - 

-----------------------------------------
root - WARNING - General Log - 
root - WARNING - {'name': 'ingress-kube-znn.173ed49792450df5', 'type': 'Normal', 'message': 'Configuration for default/ingress-kube-znn was updated ', 'dateevent': '2023-01-29 16:30:58+00:00'}
root - WARNING - 

-----------------------------------------
root - WARNING - 

-----------------------------------------
root - WARNING - General Log - 
root - WARNING - {'name': 'k6-nw2hj.173ed4fd596fc642', 'type': 'Normal', 'message': 'Successfully assigned default/k6-nw2hj to minikube', 'dateevent': '2023-01-29 16:38:16+00:00'}
root - WARNING - 

-----------------------------------------
root - WARNING - 

-----------------------------------------
root - WARNING - General Log - 
root - WARNING - {'name': 'k6-nw2hj.173ed4fd91e12f3a', 'type': 'Normal', 'message': 'Pulling image "loadimpact/k6"', 'dateevent': '2023-01-29 16:38:16+00:00'}
root - WARNING - 

-----------------------------------------
root - WARNING - 

-----------------------------------------
root - WARNING - General Log - 
root - WARNING - {'name': 'k6-nw2hj.173ed4fe37b42813', 'type': 'Warning', 'message': 'Failed to pull image "loadimpact/k6": rpc error: code = Unknown desc = Error response from daemon: toomanyrequests: You have reached your pull rate limit. You may increase the limit by authenticating and upgrading: https://www.docker.com/increase-rate-limit', 'dateevent': '2023-01-29 16:38:19+00:00'}
root - WARNING - 

-----------------------------------------
root - WARNING - 

-----------------------------------------
root - WARNING - General Log - 
root - WARNING - {'name': 'k6-nw2hj.173ed4fe37b4856f', 'type': 'Warning', 'message': 'Error: ErrImagePull', 'dateevent': '2023-01-29 16:38:19+00:00'}
root - WARNING - 

-----------------------------------------
root - WARNING - 

-----------------------------------------
root - WARNING - General Log - 
root - WARNING - {'name': 'k6-nw2hj.173ed4fe6085cba8', 'type': 'Normal', 'message': 'Back-off pulling image "loadimpact/k6"', 'dateevent': '2023-01-29 16:38:20+00:00'}
root - WARNING - 

-----------------------------------------
root - WARNING - 

-----------------------------------------
root - WARNING - General Log - 
root - WARNING - {'name': 'k6-nw2hj.173ed4fe6086289f', 'type': 'Warning', 'message': 'Error: ImagePullBackOff', 'dateevent': '2023-01-29 16:38:20+00:00'}
root - WARNING - 

-----------------------------------------
root - WARNING - 

-----------------------------------------
root - WARNING - General Log - 
root - WARNING - {'name': 'k6-nw2hj.173ed505948377c9', 'type': 'Normal', 'message': 'Successfully pulled image "loadimpact/k6"', 'dateevent': '2023-01-29 16:38:51+00:00'}
root - WARNING - 

-----------------------------------------
root - WARNING - 

-----------------------------------------
root - WARNING - General Log - 
root - WARNING - {'name': 'k6-nw2hj.173ed505f3c24b4c', 'type': 'Normal', 'message': 'Created container k6', 'dateevent': '2023-01-29 16:38:52+00:00'}
root - WARNING - 

-----------------------------------------
root - WARNING - 

-----------------------------------------
root - WARNING - General Log - 
root - WARNING - {'name': 'k6-nw2hj.173ed506066d9e34', 'type': 'Normal', 'message': 'Started container k6', 'dateevent': '2023-01-29 16:38:53+00:00'}
root - WARNING - 

-----------------------------------------
root - WARNING - 

-----------------------------------------
root - WARNING - General Log - 
root - WARNING - {'name': 'k6.173ed4fd5943674e', 'type': 'Normal', 'message': 'Created pod: k6-nw2hj', 'dateevent': '2023-01-29 16:38:16+00:00'}
root - WARNING - 

-----------------------------------------
root - WARNING - 

-----------------------------------------
root - WARNING - General Log - 
root - WARNING - {'name': 'kube-state-metrics-6579fc54cc-w2kkw.173ed3e5563bb0c9', 'type': 'Normal', 'message': 'Successfully assigned default/kube-state-metrics-6579fc54cc-w2kkw to minikube', 'dateevent': '2023-01-29 16:18:13+00:00'}
root - WARNING - 

-----------------------------------------
root - WARNING - 

-----------------------------------------
root - WARNING - General Log - 
root - WARNING - {'name': 'kube-state-metrics-6579fc54cc-w2kkw.173ed3e59230e74f', 'type': 'Normal', 'message': 'Pulling image "quay.io/coreos/kube-state-metrics:v1.9.5"', 'dateevent': '2023-01-29 16:18:14+00:00'}
root - WARNING - 

-----------------------------------------
root - WARNING - 

-----------------------------------------
root - WARNING - General Log - 
root - WARNING - {'name': 'kube-state-metrics-6579fc54cc-w2kkw.173ed3eb4ad82ba4', 'type': 'Normal', 'message': 'Successfully pulled image "quay.io/coreos/kube-state-metrics:v1.9.5"', 'dateevent': '2023-01-29 16:18:38+00:00'}
root - WARNING - 

-----------------------------------------
root - WARNING - 

-----------------------------------------
root - WARNING - General Log - 
root - WARNING - {'name': 'kube-state-metrics-6579fc54cc-w2kkw.173ed3eb658706c1', 'type': 'Normal', 'message': 'Created container kube-state-metrics', 'dateevent': '2023-01-29 16:18:39+00:00'}
root - WARNING - 

-----------------------------------------
root - WARNING - 

-----------------------------------------
root - WARNING - General Log - 
root - WARNING - {'name': 'kube-state-metrics-6579fc54cc-w2kkw.173ed3eb72b7a50a', 'type': 'Normal', 'message': 'Started container kube-state-metrics', 'dateevent': '2023-01-29 16:18:39+00:00'}
root - WARNING - 

-----------------------------------------
root - WARNING - 

-----------------------------------------
root - WARNING - General Log - 
root - WARNING - {'name': 'kube-state-metrics-6579fc54cc.173ed3e555487ef9', 'type': 'Normal', 'message': 'Created pod: kube-state-metrics-6579fc54cc-w2kkw', 'dateevent': '2023-01-29 16:18:13+00:00'}
root - WARNING - 

-----------------------------------------
root - WARNING - 

-----------------------------------------
root - WARNING - General Log - 
root - WARNING - {'name': 'kube-state-metrics.173ed3e554bea1aa', 'type': 'Normal', 'message': 'Scaled up replica set kube-state-metrics-6579fc54cc to 1', 'dateevent': '2023-01-29 16:18:13+00:00'}
root - WARNING - 

-----------------------------------------
root - WARNING - 

-----------------------------------------
root - WARNING - General Log - 
root - WARNING - {'name': 'kube-znn-744bbbc54b-xq5k4.173ed3e5baf5fbc1', 'type': 'Normal', 'message': 'Successfully assigned default/kube-znn-744bbbc54b-xq5k4 to minikube', 'dateevent': '2023-01-29 16:18:15+00:00'}
root - WARNING - 

-----------------------------------------
root - WARNING - 

-----------------------------------------
root - WARNING - General Log - 
root - WARNING - {'name': 'kube-znn-744bbbc54b-xq5k4.173ed3e600c3d7cd', 'type': 'Warning', 'message': 'MountVolume.SetUp failed for volume "nginx-config-volume" : failed to sync configmap cache: timed out waiting for the condition', 'dateevent': '2023-01-29 16:18:16+00:00'}
root - WARNING - 

-----------------------------------------
root - WARNING - 

-----------------------------------------
root - WARNING - General Log - 
root - WARNING - {'name': 'kube-znn-744bbbc54b-xq5k4.173ed3e64e423f33', 'type': 'Normal', 'message': 'Pulling image "cmendes/znn:800k"', 'dateevent': '2023-01-29 16:18:17+00:00'}
root - WARNING - 

-----------------------------------------
root - WARNING - 

-----------------------------------------
root - WARNING - General Log - 
root - WARNING - {'name': 'kube-znn-744bbbc54b-xq5k4.173ed3ef66643395', 'type': 'Normal', 'message': 'Successfully pulled image "cmendes/znn:800k"', 'dateevent': '2023-01-29 16:18:56+00:00'}
root - WARNING - 

-----------------------------------------
root - WARNING - 

-----------------------------------------
root - WARNING - General Log - 
root - WARNING - {'name': 'kube-znn-744bbbc54b-xq5k4.173ed3ef9a7410e0', 'type': 'Normal', 'message': 'Created container znn', 'dateevent': '2023-01-29 16:18:57+00:00'}
root - WARNING - 

-----------------------------------------
root - WARNING - 

-----------------------------------------
root - WARNING - General Log - 
root - WARNING - {'name': 'kube-znn-744bbbc54b-xq5k4.173ed3efa65c17bc', 'type': 'Normal', 'message': 'Started container znn', 'dateevent': '2023-01-29 16:18:57+00:00'}
root - WARNING - 

-----------------------------------------
root - WARNING - 

-----------------------------------------
root - WARNING - General Log - 
root - WARNING - {'name': 'kube-znn-744bbbc54b-xq5k4.173ed3efb068f11e', 'type': 'Normal', 'message': 'Pulling image "openresty/openresty:alpine-fat"', 'dateevent': '2023-01-29 16:18:57+00:00'}
root - WARNING - 

-----------------------------------------
root - WARNING - 

-----------------------------------------
root - WARNING - General Log - 
root - WARNING - {'name': 'kube-znn-744bbbc54b-xq5k4.173ed3f2de192a0e', 'type': 'Warning', 'message': 'Failed to pull image "openresty/openresty:alpine-fat": rpc error: code = Unknown desc = Error response from daemon: toomanyrequests: You have reached your pull rate limit. You may increase the limit by authenticating and upgrading: https://www.docker.com/increase-rate-limit', 'dateevent': '2023-01-29 16:19:11+00:00'}
root - WARNING - 

-----------------------------------------
root - WARNING - 

-----------------------------------------
root - WARNING - General Log - 
root - WARNING - {'name': 'kube-znn-744bbbc54b-xq5k4.173ed3f2de19f271', 'type': 'Warning', 'message': 'Error: ErrImagePull', 'dateevent': '2023-01-29 16:19:11+00:00'}
root - WARNING - 

-----------------------------------------
root - WARNING - 

-----------------------------------------
root - WARNING - General Log - 
root - WARNING - {'name': 'kube-znn-744bbbc54b-xq5k4.173ed3f310bdf6e0', 'type': 'Normal', 'message': 'Back-off pulling image "openresty/openresty:alpine-fat"', 'dateevent': '2023-01-29 16:19:12+00:00'}
root - WARNING - 

-----------------------------------------
root - WARNING - 

-----------------------------------------
root - WARNING - General Log - 
root - WARNING - {'name': 'kube-znn-744bbbc54b-xq5k4.173ed3f310be31dc', 'type': 'Warning', 'message': 'Error: ImagePullBackOff', 'dateevent': '2023-01-29 16:19:12+00:00'}
root - WARNING - 

-----------------------------------------
root - WARNING - 

-----------------------------------------
root - WARNING - General Log - 
root - WARNING - {'name': 'kube-znn-744bbbc54b-xq5k4.173ed3fbadb8054a', 'type': 'Warning', 'message': 'Failed to pull image "openresty/openresty:alpine-fat": rpc error: code = Unknown desc = Error response from daemon: Get "https://registry-1.docker.io/v2/": dial tcp: lookup registry-1.docker.io on 172.27.176.1:53: read udp 172.27.184.238:38887->172.27.176.1:53: i/o timeout', 'dateevent': '2023-01-29 16:19:49+00:00'}
root - WARNING - 

-----------------------------------------
root - WARNING - 

-----------------------------------------
root - WARNING - General Log - 
root - WARNING - {'name': 'kube-znn-744bbbc54b.173ed3e5ba9268a7', 'type': 'Normal', 'message': 'Created pod: kube-znn-744bbbc54b-xq5k4', 'dateevent': '2023-01-29 16:18:15+00:00'}
root - WARNING - 

-----------------------------------------
root - WARNING - 

-----------------------------------------
root - WARNING - General Log - 
root - WARNING - {'name': 'kube-znn-db-558bb5dd64-k5cj5.173ed3e5bde62bf6', 'type': 'Normal', 'message': 'Successfully assigned default/kube-znn-db-558bb5dd64-k5cj5 to minikube', 'dateevent': '2023-01-29 16:18:15+00:00'}
root - WARNING - 

-----------------------------------------
root - WARNING - 

-----------------------------------------
root - WARNING - General Log - 
root - WARNING - {'name': 'kube-znn-db-558bb5dd64-k5cj5.173ed3e606bf592b', 'type': 'Warning', 'message': 'MountVolume.SetUp failed for volume "init-db-config" : failed to sync configmap cache: timed out waiting for the condition', 'dateevent': '2023-01-29 16:18:16+00:00'}
root - WARNING - 

-----------------------------------------
root - WARNING - 

-----------------------------------------
root - WARNING - General Log - 
root - WARNING - {'name': 'kube-znn-db-558bb5dd64-k5cj5.173ed3e64f8f4617', 'type': 'Normal', 'message': 'Pulling image "mysql:5.6"', 'dateevent': '2023-01-29 16:18:17+00:00'}
root - WARNING - 

-----------------------------------------
root - WARNING - 

-----------------------------------------
root - WARNING - General Log - 
root - WARNING - {'name': 'kube-znn-db-558bb5dd64-k5cj5.173ed3efe1dfea53', 'type': 'Warning', 'message': 'Failed to pull image "mysql:5.6": rpc error: code = Unknown desc = Error response from daemon: toomanyrequests: You have reached your pull rate limit. You may increase the limit by authenticating and upgrading: https://www.docker.com/increase-rate-limit', 'dateevent': '2023-01-29 16:18:58+00:00'}
root - WARNING - 

-----------------------------------------
root - WARNING - 

-----------------------------------------
root - WARNING - General Log - 
root - WARNING - {'name': 'kube-znn-db-558bb5dd64-k5cj5.173ed3efe1e02ac7', 'type': 'Warning', 'message': 'Error: ErrImagePull', 'dateevent': '2023-01-29 16:18:58+00:00'}
root - WARNING - 

-----------------------------------------
root - WARNING - 

-----------------------------------------
root - WARNING - General Log - 
root - WARNING - {'name': 'kube-znn-db-558bb5dd64-k5cj5.173ed3f000c86936', 'type': 'Normal', 'message': 'Back-off pulling image "mysql:5.6"', 'dateevent': '2023-01-29 16:18:59+00:00'}
root - WARNING - 

-----------------------------------------
root - WARNING - 

-----------------------------------------
root - WARNING - General Log - 
root - WARNING - {'name': 'kube-znn-db-558bb5dd64-k5cj5.173ed3f000c8b242', 'type': 'Warning', 'message': 'Error: ImagePullBackOff', 'dateevent': '2023-01-29 16:18:59+00:00'}
root - WARNING - 

-----------------------------------------
root - WARNING - 

-----------------------------------------
root - WARNING - General Log - 
root - WARNING - {'name': 'kube-znn-db-558bb5dd64-k5cj5.173ed40ae38d4556', 'type': 'Warning', 'message': 'Failed to pull image "mysql:5.6": rpc error: code = Unknown desc = toomanyrequests: You have reached your pull rate limit. You may increase the limit by authenticating and upgrading: https://www.docker.com/increase-rate-limit', 'dateevent': '2023-01-29 16:20:54+00:00'}
root - WARNING - 

-----------------------------------------
root - WARNING - 

-----------------------------------------
root - WARNING - General Log - 
root - WARNING - {'name': 'kube-znn-db-558bb5dd64.173ed3e5bd31132f', 'type': 'Normal', 'message': 'Created pod: kube-znn-db-558bb5dd64-k5cj5', 'dateevent': '2023-01-29 16:18:15+00:00'}
root - WARNING - 

-----------------------------------------
root - WARNING - 

-----------------------------------------
root - WARNING - General Log - 
root - WARNING - {'name': 'kube-znn-db.173ed3e5bcc50054', 'type': 'Normal', 'message': 'Scaled up replica set kube-znn-db-558bb5dd64 to 1', 'dateevent': '2023-01-29 16:18:15+00:00'}
root - WARNING - 

-----------------------------------------
root - WARNING - 

-----------------------------------------
root - WARNING - 

Captured event for znn: 
root - WARNING - {'name': 'kube-znn-db.173ed3e5bcc50054', 'type': 'Normal', 'message': 'Scaled up replica set kube-znn-db-558bb5dd64 to 1', 'dateevent': '2023-01-29 16:18:15+00:00', 'image': 'cmendes/znn:800k', 'replicas': 1, 'imageChanges': 0, 'replicasChanges': 1}
root - WARNING - 

-----------------------------------------
root - WARNING - 

-----------------------------------------
root - WARNING - General Log - 
root - WARNING - {'name': 'kube-znn.173ed3e5ba4bffde', 'type': 'Normal', 'message': 'Scaled up replica set kube-znn-744bbbc54b to 1', 'dateevent': '2023-01-29 16:18:15+00:00'}
root - WARNING - 

-----------------------------------------
root - WARNING - 

-----------------------------------------
root - WARNING - 

Captured event for znn: 
root - WARNING - {'name': 'kube-znn.173ed3e5ba4bffde', 'type': 'Normal', 'message': 'Scaled up replica set kube-znn-744bbbc54b to 1', 'dateevent': '2023-01-29 16:18:15+00:00', 'image': 'cmendes/znn:800k', 'replicas': 1, 'imageChanges': 0, 'replicasChanges': 1}
root - WARNING - 

-----------------------------------------
root - WARNING - 

-----------------------------------------
root - WARNING - General Log - 
root - WARNING - {'name': 'minikube.173ed3de97e1d52c', 'type': 'Normal', 'message': 'Node minikube status is now: NodeHasSufficientMemory', 'dateevent': '2023-01-29 16:17:52+00:00'}
root - WARNING - 

-----------------------------------------
root - WARNING - 

-----------------------------------------
root - WARNING - General Log - 
root - WARNING - {'name': 'minikube.173ed3de97e1ec38', 'type': 'Normal', 'message': 'Node minikube status is now: NodeHasNoDiskPressure', 'dateevent': '2023-01-29 16:17:52+00:00'}
root - WARNING - 

-----------------------------------------
root - WARNING - 

-----------------------------------------
root - WARNING - General Log - 
root - WARNING - {'name': 'minikube.173ed3de97e1faac', 'type': 'Normal', 'message': 'Node minikube status is now: NodeHasSufficientPID', 'dateevent': '2023-01-29 16:17:52+00:00'}
root - WARNING - 

-----------------------------------------
root - WARNING - 

-----------------------------------------
root - WARNING - General Log - 
root - WARNING - {'name': 'minikube.173ed3e4809a76a7', 'type': 'Normal', 'message': 'Node minikube event: Registered Node minikube in Controller', 'dateevent': '2023-01-29 16:18:09+00:00'}
root - WARNING - 

-----------------------------------------
root - WARNING - 

-----------------------------------------
root - WARNING - General Log - 
root - WARNING - {'name': 'minikube.173ed3e4e7583406', 'type': 'Normal', 'message': 'Starting kube-proxy.', 'dateevent': '2023-01-29 16:18:11+00:00'}
root - WARNING - 

-----------------------------------------
root - WARNING - 

-----------------------------------------
root - WARNING - General Log - 
root - WARNING - {'name': 'nginx-config.173ed497924401fd', 'type': 'Normal', 'message': 'Configuration from default/nginx-config was updated ', 'dateevent': '2023-01-29 16:30:58+00:00'}
root - WARNING - 

-----------------------------------------
root - WARNING - 

-----------------------------------------
root - WARNING - General Log - 
root - WARNING - {'name': 'nginx-ingress-7f5885d87c-dmdcb.173ed3e611d8d026', 'type': 'Normal', 'message': 'Successfully assigned default/nginx-ingress-7f5885d87c-dmdcb to minikube', 'dateevent': '2023-01-29 16:18:16+00:00'}
root - WARNING - 

-----------------------------------------
root - WARNING - 

-----------------------------------------
root - WARNING - General Log - 
root - WARNING - {'name': 'nginx-ingress-7f5885d87c-dmdcb.173ed3e6537365bf', 'type': 'Normal', 'message': 'Pulling image "nginx/nginx-ingress:1.7.0"', 'dateevent': '2023-01-29 16:18:17+00:00'}
root - WARNING - 

-----------------------------------------
root - WARNING - 

-----------------------------------------
root - WARNING - General Log - 
root - WARNING - {'name': 'nginx-ingress-7f5885d87c-dmdcb.173ed3f076d1987f', 'type': 'Warning', 'message': 'Failed to pull image "nginx/nginx-ingress:1.7.0": rpc error: code = Unknown desc = Error response from daemon: toomanyrequests: You have reached your pull rate limit. You may increase the limit by authenticating and upgrading: https://www.docker.com/increase-rate-limit', 'dateevent': '2023-01-29 16:19:01+00:00'}
root - WARNING - 

-----------------------------------------
root - WARNING - 

-----------------------------------------
root - WARNING - General Log - 
root - WARNING - {'name': 'nginx-ingress-7f5885d87c-dmdcb.173ed3f076d1eed3', 'type': 'Warning', 'message': 'Error: ErrImagePull', 'dateevent': '2023-01-29 16:19:01+00:00'}
root - WARNING - 

-----------------------------------------
root - WARNING - 

-----------------------------------------
root - WARNING - General Log - 
root - WARNING - {'name': 'nginx-ingress-7f5885d87c-dmdcb.173ed3f07974a48e', 'type': 'Normal', 'message': 'Back-off pulling image "nginx/nginx-ingress:1.7.0"', 'dateevent': '2023-01-29 16:19:01+00:00'}
root - WARNING - 

-----------------------------------------
root - WARNING - 

-----------------------------------------
root - WARNING - General Log - 
root - WARNING - {'name': 'nginx-ingress-7f5885d87c-dmdcb.173ed3f079757076', 'type': 'Warning', 'message': 'Error: ImagePullBackOff', 'dateevent': '2023-01-29 16:19:01+00:00'}
root - WARNING - 

-----------------------------------------
root - WARNING - 

-----------------------------------------
root - WARNING - General Log - 
root - WARNING - {'name': 'nginx-ingress-7f5885d87c.173ed3e5d3a68ffa', 'type': 'Warning', 'message': 'Error creating: pods "nginx-ingress-7f5885d87c-" is forbidden: error looking up service account default/nginx-ingress: serviceaccount "nginx-ingress" not found', 'dateevent': '2023-01-29 16:18:15+00:00'}
root - WARNING - 

-----------------------------------------
root - WARNING - 

-----------------------------------------
root - WARNING - General Log - 
root - WARNING - {'name': 'nginx-ingress-7f5885d87c.173ed3e61192b7d3', 'type': 'Normal', 'message': 'Created pod: nginx-ingress-7f5885d87c-dmdcb', 'dateevent': '2023-01-29 16:18:16+00:00'}
root - WARNING - 

-----------------------------------------
root - WARNING - 

-----------------------------------------
root - WARNING - General Log - 
root - WARNING - {'name': 'nginx-ingress.173ed3e5d37107d8', 'type': 'Normal', 'message': 'Scaled up replica set nginx-ingress-7f5885d87c to 1', 'dateevent': '2023-01-29 16:18:15+00:00'}
root - WARNING - 

-----------------------------------------
root - WARNING - 

-----------------------------------------
root - WARNING - General Log - 
root - WARNING - {'name': 'prometheus-7d59995979-6d7bw.173ed3e557708264', 'type': 'Normal', 'message': 'Successfully assigned default/prometheus-7d59995979-6d7bw to minikube', 'dateevent': '2023-01-29 16:18:13+00:00'}
root - WARNING - 

-----------------------------------------
root - WARNING - 

-----------------------------------------
root - WARNING - General Log - 
root - WARNING - {'name': 'prometheus-7d59995979-6d7bw.173ed3e5b80982b6', 'type': 'Normal', 'message': 'Pulling image "prom/prometheus:v2.16.0"', 'dateevent': '2023-01-29 16:18:15+00:00'}
root - WARNING - 

-----------------------------------------
root - WARNING - 

-----------------------------------------
root - WARNING - General Log - 
root - WARNING - {'name': 'prometheus-7d59995979-6d7bw.173ed3ed693bbb09', 'type': 'Normal', 'message': 'Successfully pulled image "prom/prometheus:v2.16.0"', 'dateevent': '2023-01-29 16:18:48+00:00'}
root - WARNING - 

-----------------------------------------
root - WARNING - 

-----------------------------------------
root - WARNING - General Log - 
root - WARNING - {'name': 'prometheus-7d59995979-6d7bw.173ed3ed721fb8a1', 'type': 'Normal', 'message': 'Created container prometheus', 'dateevent': '2023-01-29 16:18:48+00:00'}
root - WARNING - 

-----------------------------------------
root - WARNING - 

-----------------------------------------
root - WARNING - General Log - 
root - WARNING - {'name': 'prometheus-7d59995979-6d7bw.173ed3ed7cfca0d7', 'type': 'Normal', 'message': 'Started container prometheus', 'dateevent': '2023-01-29 16:18:48+00:00'}
root - WARNING - 

-----------------------------------------
root - WARNING - 

-----------------------------------------
root - WARNING - General Log - 
root - WARNING - {'name': 'prometheus-7d59995979.173ed3e55700714c', 'type': 'Normal', 'message': 'Created pod: prometheus-7d59995979-6d7bw', 'dateevent': '2023-01-29 16:18:13+00:00'}
root - WARNING - 

-----------------------------------------
root - WARNING - 

-----------------------------------------
root - WARNING - General Log - 
root - WARNING - {'name': 'prometheus.173ed3e55681e984', 'type': 'Normal', 'message': 'Scaled up replica set prometheus-7d59995979 to 1', 'dateevent': '2023-01-29 16:18:13+00:00'}
root - WARNING - 

-----------------------------------------
root - WARNING - 

-----------------------------------------
root - WARNING - General Log - 
root - WARNING - {'name': 'scalabilitya-858689ddbc-42kzb.173ed3e69765454b', 'type': 'Normal', 'message': 'Successfully assigned default/scalabilitya-858689ddbc-42kzb to minikube', 'dateevent': '2023-01-29 16:18:18+00:00'}
root - WARNING - 

-----------------------------------------
root - WARNING - 

-----------------------------------------
root - WARNING - 

Captured event for Metacontroller and microcontrollers: 
root - WARNING - 

 MetaController has adapted the microcontrollers.
root - WARNING - {'name': 'scalabilitya-858689ddbc-42kzb.173ed3e69765454b', 'type': 'Normal', 'message': 'Successfully assigned default/scalabilitya-858689ddbc-42kzb to minikube', 'dateevent': '2023-01-29 16:18:18+00:00'}
root - WARNING - 

-----------------------------------------
root - WARNING - 

-----------------------------------------
root - WARNING - General Log - 
root - WARNING - {'name': 'scalabilitya-858689ddbc-42kzb.173ed3e6e1fce2b2', 'type': 'Normal', 'message': 'Pulling image "cmendes/kubow:yellow-2"', 'dateevent': '2023-01-29 16:18:20+00:00'}
root - WARNING - 

-----------------------------------------
root - WARNING - 

-----------------------------------------
root - WARNING - 

Captured event for Metacontroller and microcontrollers: 
root - WARNING - 

 MetaController has adapted the microcontrollers.
root - WARNING - {'name': 'scalabilitya-858689ddbc-42kzb.173ed3e6e1fce2b2', 'type': 'Normal', 'message': 'Pulling image "cmendes/kubow:yellow-2"', 'dateevent': '2023-01-29 16:18:20+00:00'}
root - WARNING - 

-----------------------------------------
root - WARNING - 

-----------------------------------------
root - WARNING - General Log - 
root - WARNING - {'name': 'scalabilitya-858689ddbc-42kzb.173ed3f16c9e803c', 'type': 'Warning', 'message': 'Failed to pull image "cmendes/kubow:yellow-2": rpc error: code = Unknown desc = Error response from daemon: toomanyrequests: You have reached your pull rate limit. You may increase the limit by authenticating and upgrading: https://www.docker.com/increase-rate-limit', 'dateevent': '2023-01-29 16:19:05+00:00'}
root - WARNING - 

-----------------------------------------
root - WARNING - 

-----------------------------------------
root - WARNING - 

Captured event for Metacontroller and microcontrollers: 
root - WARNING - 

 MetaController has adapted the microcontrollers.
root - WARNING - {'name': 'scalabilitya-858689ddbc-42kzb.173ed3f16c9e803c', 'type': 'Warning', 'message': 'Failed to pull image "cmendes/kubow:yellow-2": rpc error: code = Unknown desc = Error response from daemon: toomanyrequests: You have reached your pull rate limit. You may increase the limit by authenticating and upgrading: https://www.docker.com/increase-rate-limit', 'dateevent': '2023-01-29 16:19:05+00:00'}
root - WARNING - 

-----------------------------------------
root - WARNING - 

-----------------------------------------
root - WARNING - General Log - 
root - WARNING - {'name': 'scalabilitya-858689ddbc-42kzb.173ed3f16c9f4db3', 'type': 'Warning', 'message': 'Error: ErrImagePull', 'dateevent': '2023-01-29 16:19:05+00:00'}
root - WARNING - 

-----------------------------------------
root - WARNING - 

-----------------------------------------
root - WARNING - 

Captured event for Metacontroller and microcontrollers: 
root - WARNING - 

 MetaController has adapted the microcontrollers.
root - WARNING - {'name': 'scalabilitya-858689ddbc-42kzb.173ed3f16c9f4db3', 'type': 'Warning', 'message': 'Error: ErrImagePull', 'dateevent': '2023-01-29 16:19:05+00:00'}
root - WARNING - 

-----------------------------------------
root - WARNING - 

-----------------------------------------
root - WARNING - General Log - 
root - WARNING - {'name': 'scalabilitya-858689ddbc-42kzb.173ed3f1a6c0016c', 'type': 'Normal', 'message': 'Back-off pulling image "cmendes/kubow:yellow-2"', 'dateevent': '2023-01-29 16:19:06+00:00'}
root - WARNING - 

-----------------------------------------
root - WARNING - 

-----------------------------------------
root - WARNING - 

Captured event for Metacontroller and microcontrollers: 
root - WARNING - 

 MetaController has adapted the microcontrollers.
root - WARNING - {'name': 'scalabilitya-858689ddbc-42kzb.173ed3f1a6c0016c', 'type': 'Normal', 'message': 'Back-off pulling image "cmendes/kubow:yellow-2"', 'dateevent': '2023-01-29 16:19:06+00:00'}
root - WARNING - 

-----------------------------------------
root - WARNING - 

-----------------------------------------
root - WARNING - General Log - 
root - WARNING - {'name': 'scalabilitya-858689ddbc-42kzb.173ed3f1a6c039ac', 'type': 'Warning', 'message': 'Error: ImagePullBackOff', 'dateevent': '2023-01-29 16:19:06+00:00'}
root - WARNING - 

-----------------------------------------
root - WARNING - 

-----------------------------------------
root - WARNING - 

Captured event for Metacontroller and microcontrollers: 
root - WARNING - 

 MetaController has adapted the microcontrollers.
root - WARNING - {'name': 'scalabilitya-858689ddbc-42kzb.173ed3f1a6c039ac', 'type': 'Warning', 'message': 'Error: ImagePullBackOff', 'dateevent': '2023-01-29 16:19:06+00:00'}
root - WARNING - 

-----------------------------------------
root - WARNING - 

-----------------------------------------
root - WARNING - General Log - 
root - WARNING - {'name': 'scalabilitya-858689ddbc.173ed3e6971f67f2', 'type': 'Normal', 'message': 'Created pod: scalabilitya-858689ddbc-42kzb', 'dateevent': '2023-01-29 16:18:18+00:00'}
root - WARNING - 

-----------------------------------------
root - WARNING - 

-----------------------------------------
root - WARNING - 

Captured event for Metacontroller and microcontrollers: 
root - WARNING - 

 MetaController has adapted the microcontrollers.
root - WARNING - {'name': 'scalabilitya-858689ddbc.173ed3e6971f67f2', 'type': 'Normal', 'message': 'Created pod: scalabilitya-858689ddbc-42kzb', 'dateevent': '2023-01-29 16:18:18+00:00'}
root - WARNING - 

-----------------------------------------
root - WARNING - 

-----------------------------------------
root - WARNING - General Log - 
root - WARNING - {'name': 'scalabilitya.173ed3e69625c473', 'type': 'Normal', 'message': 'Scaled up replica set scalabilitya-858689ddbc to 1', 'dateevent': '2023-01-29 16:18:18+00:00'}
root - WARNING - 

-----------------------------------------
root - WARNING - 

-----------------------------------------
root - WARNING - 

Captured event for Metacontroller and microcontrollers: 
root - WARNING - 

 MetaController has adapted the microcontrollers.
root - WARNING - {'name': 'scalabilitya.173ed3e69625c473', 'type': 'Normal', 'message': 'Scaled up replica set scalabilitya-858689ddbc to 1', 'dateevent': '2023-01-29 16:18:18+00:00'}
root - WARNING - 

-----------------------------------------
root - WARNING - 

-----------------------------------------
root - WARNING - General Log - 
root - WARNING - {'name': 'coredns-5644d7b6d9-6vqvz.173ed3e487444dc5', 'type': 'Normal', 'message': 'Successfully assigned kube-system/coredns-5644d7b6d9-6vqvz to minikube', 'dateevent': '2023-01-29 16:18:09+00:00'}
root - WARNING - 

-----------------------------------------
root - WARNING - 

-----------------------------------------
root - WARNING - General Log - 
root - WARNING - {'name': 'coredns-5644d7b6d9-6vqvz.173ed3e4afe16001', 'type': 'Normal', 'message': 'Container image "k8s.gcr.io/coredns:1.6.2" already present on machine', 'dateevent': '2023-01-29 16:18:10+00:00'}
root - WARNING - 

-----------------------------------------
root - WARNING - 

-----------------------------------------
root - WARNING - General Log - 
root - WARNING - {'name': 'coredns-5644d7b6d9-6vqvz.173ed3e4b3db00e4', 'type': 'Normal', 'message': 'Created container coredns', 'dateevent': '2023-01-29 16:18:10+00:00'}
root - WARNING - 

-----------------------------------------
root - WARNING - 

-----------------------------------------
root - WARNING - General Log - 
root - WARNING - {'name': 'coredns-5644d7b6d9-6vqvz.173ed3e4bdb2ecc6', 'type': 'Normal', 'message': 'Started container coredns', 'dateevent': '2023-01-29 16:18:10+00:00'}
root - WARNING - 

-----------------------------------------
root - WARNING - 

-----------------------------------------
root - WARNING - General Log - 
root - WARNING - {'name': 'coredns-5644d7b6d9-6vqvz.173ed3e609a689f0', 'type': 'Warning', 'message': 'Readiness probe failed: HTTP probe failed with statuscode: 503', 'dateevent': '2023-01-29 16:18:16+00:00'}
root - WARNING - 

-----------------------------------------
root - WARNING - 

-----------------------------------------
root - WARNING - General Log - 
root - WARNING - {'name': 'coredns-5644d7b6d9.173ed3e48710f058', 'type': 'Normal', 'message': 'Created pod: coredns-5644d7b6d9-6vqvz', 'dateevent': '2023-01-29 16:18:09+00:00'}
root - WARNING - 

-----------------------------------------
root - WARNING - 

-----------------------------------------
root - WARNING - General Log - 
root - WARNING - {'name': 'coredns.173ed3e486c82ffe', 'type': 'Normal', 'message': 'Scaled up replica set coredns-5644d7b6d9 to 1', 'dateevent': '2023-01-29 16:18:09+00:00'}
root - WARNING - 

-----------------------------------------
root - WARNING - 

-----------------------------------------
root - WARNING - General Log - 
root - WARNING - {'name': 'etcd-minikube.173ed3df17a6c6ba', 'type': 'Normal', 'message': 'Container image "k8s.gcr.io/etcd:3.3.15-0" already present on machine', 'dateevent': '2023-01-29 16:17:55+00:00'}
root - WARNING - 

-----------------------------------------
root - WARNING - 

-----------------------------------------
root - WARNING - General Log - 
root - WARNING - {'name': 'etcd-minikube.173ed3df1e3f58bd', 'type': 'Normal', 'message': 'Created container etcd', 'dateevent': '2023-01-29 16:17:56+00:00'}
root - WARNING - 

-----------------------------------------
root - WARNING - 

-----------------------------------------
root - WARNING - General Log - 
root - WARNING - {'name': 'etcd-minikube.173ed3df2bce5d8a', 'type': 'Normal', 'message': 'Started container etcd', 'dateevent': '2023-01-29 16:17:57+00:00'}
root - WARNING - 

-----------------------------------------
root - WARNING - 

-----------------------------------------
root - WARNING - General Log - 
root - WARNING - {'name': 'k8s.io-minikube-hostpath.173ed3ebd37afefe', 'type': 'Normal', 'message': 'minikube_5d1a99df-330e-4e2e-91a9-5bc3fb560764 became leader', 'dateevent': '2023-01-29 16:18:41+00:00'}
root - WARNING - 

-----------------------------------------
root - WARNING - 

-----------------------------------------
root - WARNING - General Log - 
root - WARNING - {'name': 'kube-apiserver-minikube.173ed3df16d5621d', 'type': 'Normal', 'message': 'Container image "k8s.gcr.io/kube-apiserver:v1.16.10" already present on machine', 'dateevent': '2023-01-29 16:17:55+00:00'}
root - WARNING - 

-----------------------------------------
root - WARNING - 

-----------------------------------------
root - WARNING - General Log - 
root - WARNING - {'name': 'kube-apiserver-minikube.173ed3df1c2c382d', 'type': 'Normal', 'message': 'Created container kube-apiserver', 'dateevent': '2023-01-29 16:17:56+00:00'}
root - WARNING - 

-----------------------------------------
root - WARNING - 

-----------------------------------------
root - WARNING - General Log - 
root - WARNING - {'name': 'kube-apiserver-minikube.173ed3df28a13320', 'type': 'Normal', 'message': 'Started container kube-apiserver', 'dateevent': '2023-01-29 16:17:57+00:00'}
root - WARNING - 

-----------------------------------------
root - WARNING - 

-----------------------------------------
root - WARNING - General Log - 
root - WARNING - {'name': 'kube-controller-manager-minikube.173ed3df1807fe32', 'type': 'Normal', 'message': 'Container image "k8s.gcr.io/kube-controller-manager:v1.16.10" already present on machine', 'dateevent': '2023-01-29 16:17:55+00:00'}
root - WARNING - 

-----------------------------------------
root - WARNING - 

-----------------------------------------
root - WARNING - General Log - 
root - WARNING - {'name': 'kube-controller-manager-minikube.173ed3df1c2b7a55', 'type': 'Normal', 'message': 'Created container kube-controller-manager', 'dateevent': '2023-01-29 16:17:56+00:00'}
root - WARNING - 

-----------------------------------------
root - WARNING - 

-----------------------------------------
root - WARNING - General Log - 
root - WARNING - {'name': 'kube-controller-manager-minikube.173ed3df26c4e423', 'type': 'Normal', 'message': 'Started container kube-controller-manager', 'dateevent': '2023-01-29 16:17:56+00:00'}
root - WARNING - 

-----------------------------------------
root - WARNING - 

-----------------------------------------
root - WARNING - General Log - 
root - WARNING - {'name': 'kube-proxy-888w8.173ed3e47ea16601', 'type': 'Normal', 'message': 'Successfully assigned kube-system/kube-proxy-888w8 to minikube', 'dateevent': '2023-01-29 16:18:09+00:00'}
root - WARNING - 

-----------------------------------------
root - WARNING - 

-----------------------------------------
root - WARNING - General Log - 
root - WARNING - {'name': 'kube-proxy-888w8.173ed3e4d57c1de8', 'type': 'Normal', 'message': 'Container image "k8s.gcr.io/kube-proxy:v1.16.10" already present on machine', 'dateevent': '2023-01-29 16:18:11+00:00'}
root - WARNING - 

-----------------------------------------
root - WARNING - 

-----------------------------------------
root - WARNING - General Log - 
root - WARNING - {'name': 'kube-proxy-888w8.173ed3e4d9083c7c', 'type': 'Normal', 'message': 'Created container kube-proxy', 'dateevent': '2023-01-29 16:18:11+00:00'}
root - WARNING - 

-----------------------------------------
root - WARNING - 

-----------------------------------------
root - WARNING - General Log - 
root - WARNING - {'name': 'kube-proxy-888w8.173ed3e4e207c024', 'type': 'Normal', 'message': 'Started container kube-proxy', 'dateevent': '2023-01-29 16:18:11+00:00'}
root - WARNING - 

-----------------------------------------
root - WARNING - 

-----------------------------------------
root - WARNING - General Log - 
root - WARNING - {'name': 'kube-proxy.173ed3e47e2d6847', 'type': 'Normal', 'message': 'Created pod: kube-proxy-888w8', 'dateevent': '2023-01-29 16:18:09+00:00'}
root - WARNING - 

-----------------------------------------
root - WARNING - 

-----------------------------------------
root - WARNING - General Log - 
root - WARNING - {'name': 'kube-scheduler-minikube.173ed3df1778a6ef', 'type': 'Normal', 'message': 'Container image "k8s.gcr.io/kube-scheduler:v1.16.10" already present on machine', 'dateevent': '2023-01-29 16:17:55+00:00'}
root - WARNING - 

-----------------------------------------
root - WARNING - 

-----------------------------------------
root - WARNING - General Log - 
root - WARNING - {'name': 'kube-scheduler-minikube.173ed3df1e3e9a81', 'type': 'Normal', 'message': 'Created container kube-scheduler', 'dateevent': '2023-01-29 16:17:56+00:00'}
root - WARNING - 

-----------------------------------------
root - WARNING - 

-----------------------------------------
root - WARNING - General Log - 
root - WARNING - {'name': 'kube-scheduler-minikube.173ed3df2c6a2cfc', 'type': 'Normal', 'message': 'Started container kube-scheduler', 'dateevent': '2023-01-29 16:17:57+00:00'}
root - WARNING - 

-----------------------------------------
root - WARNING - 

-----------------------------------------
root - WARNING - General Log - 
root - WARNING - {'name': 'metrics-server-9c97ff6d4-6dzrr.173ed3e551ccfaf8', 'type': 'Normal', 'message': 'Successfully assigned kube-system/metrics-server-9c97ff6d4-6dzrr to minikube', 'dateevent': '2023-01-29 16:18:13+00:00'}
root - WARNING - 

-----------------------------------------
root - WARNING - 

-----------------------------------------
root - WARNING - General Log - 
root - WARNING - {'name': 'metrics-server-9c97ff6d4-6dzrr.173ed3e5862875d1', 'type': 'Normal', 'message': 'Pulling image "k8s.gcr.io/metrics-server-amd64:v0.3.6"', 'dateevent': '2023-01-29 16:18:14+00:00'}
root - WARNING - 

-----------------------------------------
root - WARNING - 

-----------------------------------------
root - WARNING - General Log - 
root - WARNING - {'name': 'metrics-server-9c97ff6d4-6dzrr.173ed3e76fd61617', 'type': 'Normal', 'message': 'Successfully pulled image "k8s.gcr.io/metrics-server-amd64:v0.3.6"', 'dateevent': '2023-01-29 16:18:22+00:00'}
root - WARNING - 

-----------------------------------------
root - WARNING - 

-----------------------------------------
root - WARNING - General Log - 
root - WARNING - {'name': 'metrics-server-9c97ff6d4-6dzrr.173ed3e7836ffc15', 'type': 'Normal', 'message': 'Created container metrics-server', 'dateevent': '2023-01-29 16:18:22+00:00'}
root - WARNING - 

-----------------------------------------
root - WARNING - 

-----------------------------------------
root - WARNING - General Log - 
root - WARNING - {'name': 'metrics-server-9c97ff6d4-6dzrr.173ed3e791cec51e', 'type': 'Normal', 'message': 'Started container metrics-server', 'dateevent': '2023-01-29 16:18:22+00:00'}
root - WARNING - 

-----------------------------------------
root - WARNING - 

-----------------------------------------
root - WARNING - General Log - 
root - WARNING - {'name': 'metrics-server-9c97ff6d4.173ed3e551a62290', 'type': 'Normal', 'message': 'Created pod: metrics-server-9c97ff6d4-6dzrr', 'dateevent': '2023-01-29 16:18:13+00:00'}
root - WARNING - 

-----------------------------------------
root - WARNING - 

-----------------------------------------
root - WARNING - General Log - 
root - WARNING - {'name': 'metrics-server.173ed3e5514a7fe0', 'type': 'Normal', 'message': 'Scaled up replica set metrics-server-9c97ff6d4 to 1', 'dateevent': '2023-01-29 16:18:13+00:00'}
root - WARNING - 

-----------------------------------------
root - WARNING - 

-----------------------------------------
root - WARNING - General Log - 
root - WARNING - {'name': 'storage-provisioner.173ed3e17b167d48', 'type': 'Warning', 'message': "0/1 nodes are available: 1 node(s) had taints that the pod didn't tolerate.", 'dateevent': '2023-01-29 16:17:56+00:00'}
root - WARNING - 

-----------------------------------------
root - WARNING - 

-----------------------------------------
root - WARNING - General Log - 
root - WARNING - {'name': 'storage-provisioner.173ed3e4819bb7f1', 'type': 'Normal', 'message': 'Successfully assigned kube-system/storage-provisioner to minikube', 'dateevent': '2023-01-29 16:18:09+00:00'}
root - WARNING - 

-----------------------------------------
root - WARNING - 

-----------------------------------------
root - WARNING - General Log - 
root - WARNING - {'name': 'storage-provisioner.173ed3e4a1882d89', 'type': 'Normal', 'message': 'Container image "gcr.io/k8s-minikube/storage-provisioner:v5" already present on machine', 'dateevent': '2023-01-29 16:18:10+00:00'}
root - WARNING - 

-----------------------------------------
root - WARNING - 

-----------------------------------------
root - WARNING - General Log - 
root - WARNING - {'name': 'storage-provisioner.173ed3e4a4c5576b', 'type': 'Normal', 'message': 'Created container storage-provisioner', 'dateevent': '2023-01-29 16:18:10+00:00'}
root - WARNING - 

-----------------------------------------
root - WARNING - 

-----------------------------------------
root - WARNING - General Log - 
root - WARNING - {'name': 'storage-provisioner.173ed3e4afcb08f1', 'type': 'Normal', 'message': 'Started container storage-provisioner', 'dateevent': '2023-01-29 16:18:10+00:00'}
root - WARNING - 

-----------------------------------------
root - WARNING - 

-----------------------------------------
root - WARNING - An exception occurred
root - WARNING - Error: <class 'urllib3.exceptions.ReadTimeoutError'>
root - WARNING - 

-----------------------------------------
root - WARNING - 

Data collection
root - WARNING - Datetime:
root - WARNING - 20230129_134456
root - WARNING - {'name': 'Kube-znn', 'period': 0, 'initialreplicas': 1, 'initialimage': 'cmendes/znn:800k', 'initialreplicasChanges': '0', 'initialimageChanges': '0', 'initialevent': '20230129_133856', 'current_replicas': 1, 'current_image': 'cmendes/znn:800k', 'finalreplicasChanges': 1, 'finalimageChanges': 0, 'finalevent': '20230129_134456'}
root - WARNING - 

-----------------------------------------
root - WARNING - 

-----------------------------------------
root - WARNING - Generating logs for Kubow and K6.
root - WARNING - File fidelitya-5b8dd7f8c7-zr9sx_tracing_20230129_133856.loghas been generated.
root - WARNING - File k6-nw2hj_tracing_20230129_133856.loghas been generated.
root - WARNING - File scalabilitya-858689ddbc-42kzb_tracing_20230129_133856.loghas been generated.
root - WARNING - Finished pod stream.
root - WARNING - 

-----------------------------------------
