Reading file: ALong10
Reading file: ALong10.7z
Reading file: AShort10
Reading file: automatingDataGeneration.sh
Reading file: BLong10
Reading file: BLong10_parte1.7z
Reading file: BLong10_parte2.7z
Reading file: BLong10_parte3.7z
Reading file: BShort10
Reading file: BShort10.7z
Reading file: CLong10
Reading file: CLong10.7z
Reading file: CShort10
Reading file: CShort10.7z
Reading file: Evaluation-ZNN.7z
Reading file: generateLogs180803
Reading file: generateLogs2.sh
Reading file: k6-q85lv_tracing_20230201_181734.log
Reading file: kubow-548bb5f4b4-5cnvk_tracing_20230201_181734.log

Kubow data

2023-02-01 21:16:17 : t0:addReplica

2023-02-01 21:16:22 : t0:addReplica

2023-02-01 21:16:27 : t0:addReplica

2023-02-01 21:16:32 : t0:addReplica

2023-02-01 21:16:37 : t0:addReplica

2023-02-01 21:17:12 : t0:removeReplica

2023-02-01 21:17:17 : t0:removeReplica

2023-02-01 21:17:42 : t0:addReplica

2023-02-01 21:17:47 : t0:addReplica

2023-02-01 21:17:52 : t0:addReplica

2023-02-01 21:17:57 : t0:addReplica

2023-02-01 21:18:02 : t0:addReplica

2023-02-01 21:18:07 : t0:addReplica

2023-02-01 21:18:12 : t1:lowerFidelity

2023-02-01 21:18:22 : t1:lowerFidelity

2023-02-01 21:18:27 : t0:activateLowScalabilityHighQuality

2023-02-01 21:18:47 : t0:addReplica

2023-02-01 21:18:52 : t0:addReplica

2023-02-01 21:18:57 : t0:addReplica

2023-02-01 21:19:02 : t0:addReplica

2023-02-01 21:19:07 : t0:addHighScalabilityHighQuality

2023-02-01 21:19:12 : t0:addHighScalabilityHighQuality

2023-02-01 21:19:37 : t0:removeReplica

2023-02-01 21:19:42 : t0:removeReplica

2023-02-01 21:19:57 : t0:addHighScalabilityHighQuality

2023-02-01 21:20:02 : t0:addHighScalabilityHighQuality

2023-02-01 21:20:07 : t0:addHighScalabilityHighQuality

2023-02-01 21:20:17 : t1:raiseFidelity

2023-02-01 21:20:22 : t0:removeReplica

Reading file: README.md
Reading file: summary-trace-znn.log
Reading file: temp
Reading file: temp2701
Reading file: temp3101
Reading file: test
Reading file: tools
Reading file: traceznn_20230201_181734.log

Trace znn data

{'name': 'kube-znn-db.173fcfb3f71bdef5', 'type': 'Normal', 'message': 'Scaled up replica set kube-znn-db-6dd8968475 to 1', 'dateevent': '2023-02-01 21:12:38+00:00', 'image': 'cmendes/znn:800k', 'replicas': 4, 'imageChanges': 0, 'replicasChanges': 1}

{'name': 'kube-znn.173fcfb3f5e02a41', 'type': 'Normal', 'message': 'Scaled up replica set kube-znn-5fb97667db to 1', 'dateevent': '2023-02-01 21:12:38+00:00', 'image': 'cmendes/znn:800k', 'replicas': 4, 'imageChanges': 0, 'replicasChanges': 1}

{'name': 'kube-znn.173fcfe75769a60e', 'type': 'Normal', 'message': 'Scaled up replica set kube-znn-5fb97667db to 2', 'dateevent': '2023-02-01 21:16:18+00:00', 'image': 'cmendes/znn:800k', 'replicas': 4, 'imageChanges': 0, 'replicasChanges': 1}

{'name': 'kube-znn.173fcfe83a199b2e', 'type': 'Normal', 'message': 'Scaled up replica set kube-znn-5fb97667db to 3', 'dateevent': '2023-02-01 21:16:22+00:00', 'image': 'cmendes/znn:800k', 'replicas': 4, 'imageChanges': 0, 'replicasChanges': 1}

{'name': 'kube-znn.173fcfe99ff4caf4', 'type': 'Normal', 'message': 'Scaled up replica set kube-znn-5fb97667db to 4', 'dateevent': '2023-02-01 21:16:28+00:00', 'image': 'cmendes/znn:800k', 'replicas': 4, 'imageChanges': 0, 'replicasChanges': 1}

{'name': 'kube-znn.173fcfea70b5b851', 'type': 'Normal', 'message': 'Scaled up replica set kube-znn-5fb97667db to 5', 'dateevent': '2023-02-01 21:16:32+00:00', 'image': 'cmendes/znn:800k', 'replicas': 4, 'imageChanges': 0, 'replicasChanges': 1}

{'name': 'kube-znn.173fcfeb954ed874', 'type': 'Normal', 'message': 'Scaled up replica set kube-znn-5fb97667db to 6', 'dateevent': '2023-02-01 21:16:37+00:00', 'image': 'cmendes/znn:800k', 'replicas': 4, 'imageChanges': 0, 'replicasChanges': 1}

{'name': 'kube-znn.173fcff3beb6ef86', 'type': 'Normal', 'message': 'Scaled down replica set kube-znn-5fb97667db to 5', 'dateevent': '2023-02-01 21:17:12+00:00', 'image': 'cmendes/znn:800k', 'replicas': 4, 'imageChanges': 0, 'replicasChanges': 1}

{'name': 'kube-znn.173fcff4e5ca9c11', 'type': 'Normal', 'message': 'Scaled down replica set kube-znn-5fb97667db to 4', 'dateevent': '2023-02-01 21:17:17+00:00', 'image': 'cmendes/znn:800k', 'replicas': 4, 'imageChanges': 0, 'replicasChanges': 1}

{'name': 'kube-znn.173fcfea70b5b851', 'type': 'Normal', 'message': 'Scaled up replica set kube-znn-5fb97667db to 5', 'dateevent': '2023-02-01 21:16:32+00:00', 'image': 'cmendes/znn:800k', 'replicas': 5, 'imageChanges': 0, 'replicasChanges': 2}

{'name': 'kube-znn.173fcfeb954ed874', 'type': 'Normal', 'message': 'Scaled up replica set kube-znn-5fb97667db to 6', 'dateevent': '2023-02-01 21:16:37+00:00', 'image': 'cmendes/znn:800k', 'replicas': 6, 'imageChanges': 0, 'replicasChanges': 3}

{'name': 'kube-znn.173fcffd08ec88b6', 'type': 'Normal', 'message': 'Scaled up replica set kube-znn-5fb97667db to 7', 'dateevent': '2023-02-01 21:17:52+00:00', 'image': 'cmendes/znn:800k', 'replicas': 7, 'imageChanges': 0, 'replicasChanges': 4}

{'name': 'kube-znn.173fcffe32e61048', 'type': 'Normal', 'message': '(combined from similar events): Scaled up replica set kube-znn-5fb97667db to 8', 'dateevent': '2023-02-01 21:17:57+00:00', 'image': 'cmendes/znn:800k', 'replicas': 8, 'imageChanges': 0, 'replicasChanges': 5}

{'name': 'kube-znn.173fcffe32e61048', 'type': 'Normal', 'message': '(combined from similar events): Scaled up replica set kube-znn-5fb97667db to 9', 'dateevent': '2023-02-01 21:17:57+00:00', 'image': 'cmendes/znn:800k', 'replicas': 9, 'imageChanges': 0, 'replicasChanges': 6}

{'name': 'kube-znn.173fcffe32e61048', 'type': 'Normal', 'message': '(combined from similar events): Scaled up replica set kube-znn-5fb97667db to 10', 'dateevent': '2023-02-01 21:17:57+00:00', 'image': 'cmendes/znn:800k', 'replicas': 10, 'imageChanges': 0, 'replicasChanges': 7}

{'name': 'kube-znn.173fcffe32e61048', 'type': 'Normal', 'message': '(combined from similar events): Scaled up replica set kube-znn-6978979d84 to 3', 'dateevent': '2023-02-01 21:17:57+00:00', 'image': 'cmendes/znn:600k', 'replicas': 10, 'imageChanges': 1, 'replicasChanges': 7}

{'name': 'kube-znn.173fcffe32e61048', 'type': 'Normal', 'message': '(combined from similar events): Scaled down replica set kube-znn-5fb97667db to 9', 'dateevent': '2023-02-01 21:17:57+00:00', 'image': 'cmendes/znn:600k', 'replicas': 10, 'imageChanges': 1, 'replicasChanges': 7}

{'name': 'kube-znn.173fcffe32e61048', 'type': 'Normal', 'message': '(combined from similar events): Scaled down replica set kube-znn-5fb97667db to 8', 'dateevent': '2023-02-01 21:17:57+00:00', 'image': 'cmendes/znn:600k', 'replicas': 10, 'imageChanges': 1, 'replicasChanges': 7}

{'name': 'kube-znn.173fcffe32e61048', 'type': 'Normal', 'message': '(combined from similar events): Scaled up replica set kube-znn-6978979d84 to 5', 'dateevent': '2023-02-01 21:17:57+00:00', 'image': 'cmendes/znn:600k', 'replicas': 10, 'imageChanges': 1, 'replicasChanges': 7}

{'name': 'kube-znn.173fcffe32e61048', 'type': 'Normal', 'message': '(combined from similar events): Scaled down replica set kube-znn-6978979d84 to 0', 'dateevent': '2023-02-01 21:17:57+00:00', 'image': 'cmendes/znn:400k', 'replicas': 10, 'imageChanges': 2, 'replicasChanges': 7}

{'name': 'kube-znn.173fcffe32e61048', 'type': 'Normal', 'message': '(combined from similar events): Scaled up replica set kube-znn-f8d56c578 to 5', 'dateevent': '2023-02-01 21:17:57+00:00', 'image': 'cmendes/znn:400k', 'replicas': 10, 'imageChanges': 2, 'replicasChanges': 7}

{'name': 'kube-znn.173fcffe32e61048', 'type': 'Normal', 'message': '(combined from similar events): Scaled down replica set kube-znn-5fb97667db to 4', 'dateevent': '2023-02-01 21:17:57+00:00', 'image': 'cmendes/znn:400k', 'replicas': 5, 'imageChanges': 2, 'replicasChanges': 8}

{'name': 'kube-znn.173fcffe32e61048', 'type': 'Normal', 'message': '(combined from similar events): Scaled down replica set kube-znn-f8d56c578 to 3', 'dateevent': '2023-02-01 21:17:57+00:00', 'image': 'cmendes/znn:400k', 'replicas': 5, 'imageChanges': 2, 'replicasChanges': 8}

{'name': 'kube-znn.173fcffe32e61048', 'type': 'Normal', 'message': '(combined from similar events): Scaled down replica set kube-znn-5fb97667db to 3', 'dateevent': '2023-02-01 21:17:57+00:00', 'image': 'cmendes/znn:400k', 'replicas': 5, 'imageChanges': 2, 'replicasChanges': 8}

{'name': 'kube-znn.173fcffe32e61048', 'type': 'Normal', 'message': '(combined from similar events): Scaled up replica set kube-znn-f8d56c578 to 4', 'dateevent': '2023-02-01 21:17:57+00:00', 'image': 'cmendes/znn:400k', 'replicas': 5, 'imageChanges': 2, 'replicasChanges': 8}

{'name': 'kube-znn.173fcffe32e61048', 'type': 'Normal', 'message': '(combined from similar events): Scaled down replica set kube-znn-5fb97667db to 2', 'dateevent': '2023-02-01 21:17:57+00:00', 'image': 'cmendes/znn:400k', 'replicas': 5, 'imageChanges': 2, 'replicasChanges': 8}

{'name': 'kube-znn.173fcffe32e61048', 'type': 'Normal', 'message': '(combined from similar events): Scaled up replica set kube-znn-f8d56c578 to 5', 'dateevent': '2023-02-01 21:17:57+00:00', 'image': 'cmendes/znn:400k', 'replicas': 5, 'imageChanges': 2, 'replicasChanges': 8}

Reading file: VersionA-Monolithic
Reading file: VersionB-MicroControllers
Reading file: VersionC-WithFailureManagerMetaController
Reading file: VersionC-ZTemp
