Reading file: automatingDataGeneration.sh
Reading file: BLong10
Reading file: BLong10_parte1.7z
Reading file: BLong10_parte2.7z
Reading file: BLong10_parte3.7z
Reading file: BShort10
Reading file: BShort10.7z
Reading file: CLong10
Reading file: CLong10.7z
Reading file: CShort10
Reading file: CShort10.7z
Reading file: Evaluation-ZNN.7z
Reading file: generateLogs140341
Reading file: generateLogs141805
Reading file: generateLogs144106
Reading file: generateLogs165212
Reading file: generateLogs170658
Reading file: generateLogs172134
Reading file: generateLogs173719
Reading file: generateLogs175129
Reading file: generateLogs180606
Reading file: generateLogs182644
Reading file: generateLogs184100
Reading file: generateLogs190122
Reading file: generateLogs192036
Reading file: generateLogs193534
Reading file: generateLogs195105
Reading file: generateLogs2.sh
Reading file: generateLogs200634
Reading file: generateLogs202058
Reading file: generateLogs203550
Reading file: generateLogs205100
Reading file: generateLogs210607
Reading file: generateLogs212038
Reading file: generateLogs213510
Reading file: k6-f7g8m_tracing_20230131_214341.log
Reading file: kubow-548bb5f4b4-8d2h5_tracing_20230131_214341.log

Kubow data

2023-02-01 00:43:50 : t0:addReplica

2023-02-01 00:43:55 : t0:addReplica

2023-02-01 00:44:00 : t0:addReplica

2023-02-01 00:44:05 : t0:addReplica

2023-02-01 00:44:10 : t0:addReplica

2023-02-01 00:44:15 : t0:addReplica

2023-02-01 00:44:20 : t0:addReplica

2023-02-01 00:44:25 : t0:addReplica

2023-02-01 00:44:30 : t0:addReplica

2023-02-01 00:44:35 : t1:lowerFidelity

2023-02-01 00:44:45 : t1:lowerFidelity

2023-02-01 00:44:50 : t0:activateLowScalabilityHighQuality

2023-02-01 00:45:35 : t0:addReplica

2023-02-01 00:45:40 : t0:addReplica

2023-02-01 00:45:45 : t0:addReplica

2023-02-01 00:45:50 : t0:addReplica

2023-02-01 00:45:55 INFO  Rainbow:694 - Delegate: master[MODEL]: Executing O[strategy-execution-KubeZnnSystem:Acme:ExecutionHistory/strategyExecutionState.null([KubeZnnSystem:Acme, AdapttionTree, ADAPTATION_EXECUTING, ])]

2023-02-01 00:46:00 : t0:activateLowScalabilityHighQuality

2023-02-01 00:46:35 : t1:raiseFidelity

2023-02-01 00:46:55 : t0:addHighScalabilityHighQuality

2023-02-01 00:47:00 : t0:addHighScalabilityHighQuality

2023-02-01 00:47:05 : t0:addHighScalabilityHighQuality

2023-02-01 00:47:10 INFO  Rainbow:694 - Delegate: master[MODEL]: Executing O[strategy-execution-KubeZnnSystem:Acme:ExecutionHistory/strategyExecutionState.null([KubeZnnSystem:Acme, AdapttionTree, ADAPTATION_EXECUTING, ])]

2023-02-01 00:47:15 INFO  Rainbow:694 - Delegate: master[MODEL]: Executing O[strategy-execution-KubeZnnSystem:Acme:ExecutionHistory/strategyExecutionState.null([KubeZnnSystem:Acme, AdapttionTree, ADAPTATION_EXECUTING, ])]

2023-02-01 00:47:20 INFO  GuavaMasterReportingPort:35 - MODEL: Executing O[strategy-execution-KubeZnnSystem:Acme:ExecutionHistory/strategyExecutionState.null([KubeZnnSystem:Acme, AdapttionTree, ADAPTATION_EXECUTING, ])]

2023-02-01 00:47:25 : t0:removeReplica

2023-02-01 00:47:30 : t0:addHighScalabilityHighQuality

2023-02-01 00:47:35 INFO  GuavaMasterReportingPort:35 - MODEL: Executing O[strategy-execution-KubeZnnSystem:Acme:ExecutionHistory/strategyExecutionState.null([KubeZnnSystem:Acme, AdapttionTree, ADAPTATION_EXECUTING, ])]

2023-02-01 00:47:40 : t0:addReplica

2023-02-01 00:47:45 : t0:addReplica

2023-02-01 00:47:50 : t0:addReplica

2023-02-01 00:47:55 : t0:addReplica

2023-02-01 00:48:00 : t0:addReplica

2023-02-01 00:48:05 : t0:addReplica

2023-02-01 00:48:10 : t0:addReplica

2023-02-01 00:48:15 : t0:addReplica

2023-02-01 00:48:20 : t0:addReplica

2023-02-01 00:48:25 : t1:lowerFidelity

2023-02-01 00:48:30 : t1:lowerFidelity

2023-02-01 00:48:35 : t1:lowerFidelity

2023-02-01 00:48:40 : t1:lowerFidelity

2023-02-01 00:48:45 : t1:lowerFidelity

2023-02-01 00:48:50 : t1:lowerFidelity

2023-02-01 00:48:55 : t1:lowerFidelity

2023-02-01 00:49:00 : t1:lowerFidelity

2023-02-01 00:49:05 : t1:lowerFidelity

2023-02-01 00:49:10 : t0:addLowScalabilityLowQuality

Reading file: README.md
Reading file: summary-trace-znn.log
Reading file: temp
Reading file: temp2701
Reading file: temp3101
Reading file: test
Reading file: tools
Reading file: traceznn_20230131_214341.log

Trace znn data

{'name': 'kube-znn-db.173f8c6c9aa11f3c', 'type': 'Normal', 'message': 'Scaled up replica set kube-znn-db-6dd8968475 to 1', 'dateevent': '2023-02-01 00:39:44+00:00', 'image': 'cmendes/znn:800k', 'replicas': 1, 'imageChanges': 0, 'replicasChanges': 1}

{'name': 'kube-znn.173f8c6c99c74d6d', 'type': 'Normal', 'message': 'Scaled up replica set kube-znn-5fb97667db to 1', 'dateevent': '2023-02-01 00:39:44+00:00', 'image': 'cmendes/znn:800k', 'replicas': 1, 'imageChanges': 0, 'replicasChanges': 1}

{'name': 'kube-znn.173f8ca631729734', 'type': 'Normal', 'message': 'Scaled up replica set kube-znn-5fb97667db to 2', 'dateevent': '2023-02-01 00:43:51+00:00', 'image': 'cmendes/znn:800k', 'replicas': 2, 'imageChanges': 0, 'replicasChanges': 2}

{'name': 'kube-znn.173f8ca71382a5cf', 'type': 'Normal', 'message': 'Scaled up replica set kube-znn-5fb97667db to 3', 'dateevent': '2023-02-01 00:43:55+00:00', 'image': 'cmendes/znn:800k', 'replicas': 3, 'imageChanges': 0, 'replicasChanges': 3}

{'name': 'kube-znn.173f8ca83d69b26e', 'type': 'Normal', 'message': 'Scaled up replica set kube-znn-5fb97667db to 4', 'dateevent': '2023-02-01 00:44:00+00:00', 'image': 'cmendes/znn:800k', 'replicas': 4, 'imageChanges': 0, 'replicasChanges': 4}

{'name': 'kube-znn.173f8ca962d5b155', 'type': 'Normal', 'message': 'Scaled up replica set kube-znn-5fb97667db to 5', 'dateevent': '2023-02-01 00:44:05+00:00', 'image': 'cmendes/znn:800k', 'replicas': 5, 'imageChanges': 0, 'replicasChanges': 5}

{'name': 'kube-znn.173f8caa8b81b28e', 'type': 'Normal', 'message': 'Scaled up replica set kube-znn-5fb97667db to 6', 'dateevent': '2023-02-01 00:44:10+00:00', 'image': 'cmendes/znn:800k', 'replicas': 6, 'imageChanges': 0, 'replicasChanges': 6}

{'name': 'kube-znn.173f8cabb781edf0', 'type': 'Normal', 'message': 'Scaled up replica set kube-znn-5fb97667db to 7', 'dateevent': '2023-02-01 00:44:15+00:00', 'image': 'cmendes/znn:800k', 'replicas': 7, 'imageChanges': 0, 'replicasChanges': 7}

{'name': 'kube-znn.173f8cace12420a0', 'type': 'Normal', 'message': 'Scaled up replica set kube-znn-5fb97667db to 8', 'dateevent': '2023-02-01 00:44:20+00:00', 'image': 'cmendes/znn:800k', 'replicas': 8, 'imageChanges': 0, 'replicasChanges': 8}

{'name': 'kube-znn.173f8cae09cd7716', 'type': 'Normal', 'message': 'Scaled up replica set kube-znn-5fb97667db to 9', 'dateevent': '2023-02-01 00:44:25+00:00', 'image': 'cmendes/znn:800k', 'replicas': 9, 'imageChanges': 0, 'replicasChanges': 9}

{'name': 'kube-znn.173f8caf35438923', 'type': 'Normal', 'message': '(combined from similar events): Scaled up replica set kube-znn-5fb97667db to 10', 'dateevent': '2023-02-01 00:44:30+00:00', 'image': 'cmendes/znn:800k', 'replicas': 10, 'imageChanges': 0, 'replicasChanges': 10}

{'name': 'kube-znn.173f8caf35438923', 'type': 'Normal', 'message': '(combined from similar events): Scaled up replica set kube-znn-6978979d84 to 3', 'dateevent': '2023-02-01 00:44:30+00:00', 'image': 'cmendes/znn:600k', 'replicas': 10, 'imageChanges': 1, 'replicasChanges': 10}

{'name': 'kube-znn.173f8caf35438923', 'type': 'Normal', 'message': '(combined from similar events): Scaled down replica set kube-znn-5fb97667db to 9', 'dateevent': '2023-02-01 00:44:30+00:00', 'image': 'cmendes/znn:600k', 'replicas': 10, 'imageChanges': 1, 'replicasChanges': 10}

{'name': 'kube-znn.173f8caf35438923', 'type': 'Normal', 'message': '(combined from similar events): Scaled down replica set kube-znn-5fb97667db to 8', 'dateevent': '2023-02-01 00:44:30+00:00', 'image': 'cmendes/znn:600k', 'replicas': 10, 'imageChanges': 1, 'replicasChanges': 10}

{'name': 'kube-znn.173f8caf35438923', 'type': 'Normal', 'message': '(combined from similar events): Scaled up replica set kube-znn-6978979d84 to 5', 'dateevent': '2023-02-01 00:44:30+00:00', 'image': 'cmendes/znn:600k', 'replicas': 10, 'imageChanges': 1, 'replicasChanges': 10}

{'name': 'kube-znn.173f8caf35438923', 'type': 'Normal', 'message': '(combined from similar events): Scaled down replica set kube-znn-5fb97667db to 7', 'dateevent': '2023-02-01 00:44:30+00:00', 'image': 'cmendes/znn:600k', 'replicas': 10, 'imageChanges': 1, 'replicasChanges': 10}

{'name': 'kube-znn.173f8caf35438923', 'type': 'Normal', 'message': '(combined from similar events): Scaled up replica set kube-znn-6978979d84 to 6', 'dateevent': '2023-02-01 00:44:30+00:00', 'image': 'cmendes/znn:600k', 'replicas': 10, 'imageChanges': 1, 'replicasChanges': 10}

{'name': 'kube-znn.173f8caf35438923', 'type': 'Normal', 'message': '(combined from similar events): Scaled down replica set kube-znn-6978979d84 to 1', 'dateevent': '2023-02-01 00:44:30+00:00', 'image': 'cmendes/znn:400k', 'replicas': 10, 'imageChanges': 2, 'replicasChanges': 10}

{'name': 'kube-znn.173f8caf35438923', 'type': 'Normal', 'message': '(combined from similar events): Scaled up replica set kube-znn-f8d56c578 to 5', 'dateevent': '2023-02-01 00:44:30+00:00', 'image': 'cmendes/znn:400k', 'replicas': 10, 'imageChanges': 2, 'replicasChanges': 10}

{'name': 'kube-znn.173f8caf35438923', 'type': 'Normal', 'message': '(combined from similar events): Scaled down replica set kube-znn-5fb97667db to 3', 'dateevent': '2023-02-01 00:44:30+00:00', 'image': 'cmendes/znn:400k', 'replicas': 5, 'imageChanges': 2, 'replicasChanges': 11}

{'name': 'kube-znn.173f8caf35438923', 'type': 'Normal', 'message': '(combined from similar events): Scaled down replica set kube-znn-f8d56c578 to 3', 'dateevent': '2023-02-01 00:44:30+00:00', 'image': 'cmendes/znn:400k', 'replicas': 5, 'imageChanges': 2, 'replicasChanges': 11}

{'name': 'kube-znn.173f8caf35438923', 'type': 'Normal', 'message': '(combined from similar events): Scaled down replica set kube-znn-5fb97667db to 2', 'dateevent': '2023-02-01 00:44:30+00:00', 'image': 'cmendes/znn:400k', 'replicas': 5, 'imageChanges': 2, 'replicasChanges': 11}

{'name': 'kube-znn.173f8caf35438923', 'type': 'Normal', 'message': '(combined from similar events): Scaled up replica set kube-znn-f8d56c578 to 4', 'dateevent': '2023-02-01 00:44:30+00:00', 'image': 'cmendes/znn:400k', 'replicas': 5, 'imageChanges': 2, 'replicasChanges': 11}

{'name': 'kube-znn.173f8caf35438923', 'type': 'Normal', 'message': '(combined from similar events): Scaled down replica set kube-znn-5fb97667db to 1', 'dateevent': '2023-02-01 00:44:30+00:00', 'image': 'cmendes/znn:400k', 'replicas': 5, 'imageChanges': 2, 'replicasChanges': 11}

{'name': 'kube-znn.173f8cbc85b6c23b', 'type': 'Normal', 'message': 'Scaled up replica set kube-znn-f8d56c578 to 5', 'dateevent': '2023-02-01 00:45:27+00:00', 'image': 'cmendes/znn:400k', 'replicas': 5, 'imageChanges': 2, 'replicasChanges': 11}

{'name': 'kube-znn.173f8caf35438923', 'type': 'Normal', 'message': '(combined from similar events): Scaled down replica set kube-znn-5fb97667db to 0', 'dateevent': '2023-02-01 00:44:30+00:00', 'image': 'cmendes/znn:400k', 'replicas': 5, 'imageChanges': 2, 'replicasChanges': 11}

{'name': 'kube-znn.173f8caf35438923', 'type': 'Normal', 'message': '(combined from similar events): Scaled down replica set kube-znn-6978979d84 to 0', 'dateevent': '2023-02-01 00:44:30+00:00', 'image': 'cmendes/znn:400k', 'replicas': 5, 'imageChanges': 2, 'replicasChanges': 11}

Reading file: VersionA-Monolithic
Reading file: VersionB-MicroControllers
Reading file: VersionC-WithFailureManagerMetaController
Reading file: VersionC-ZTemp
