Reading file: automatingDataGeneration.sh
Reading file: CLong10
Reading file: Evaluation-ZNN.7z
Reading file: fidelitya-778c6c6b8b-9d8f8_tracing_20230128_120823.log

fidelitya data

2023-01-28 15:10:48 : t0:raiseFidelity

2023-01-28 15:10:53 : t0:raiseFidelity

2023-01-28 15:11:23 : t0:raiseFidelity

2023-01-28 15:11:28 : t0:raiseFidelity

2023-01-28 15:11:33 : t0:raiseFidelity

2023-01-28 15:11:38 : t0:raiseFidelity

2023-01-28 15:11:43 : t0:raiseFidelity

2023-01-28 15:11:48 : t0:raiseFidelity

2023-01-28 15:11:53 : t0:raiseFidelity

2023-01-28 15:11:58 : t0:raiseFidelity

2023-01-28 15:12:03 : t0:raiseFidelity

2023-01-28 15:12:08 : t0:raiseFidelity

2023-01-28 15:12:13 : t0:raiseFidelity

2023-01-28 15:12:18 : t0:raiseFidelity

2023-01-28 15:12:23 : t0:raiseFidelity

2023-01-28 15:12:28 : t0:raiseFidelity

2023-01-28 15:12:33 : t0:raiseFidelity

2023-01-28 15:12:38 : t0:raiseFidelity

2023-01-28 15:12:43 : t0:raiseFidelity

2023-01-28 15:12:48 : t0:raiseFidelity

2023-01-28 15:13:23 : t0:raiseFidelity

2023-01-28 15:13:28 : t0:raiseFidelity

2023-01-28 15:13:58 : t0:raiseFidelity

2023-01-28 15:14:03 : t0:raiseFidelity

2023-01-28 15:14:08 : t0:raiseFidelity

2023-01-28 15:14:13 : t0:raiseFidelity

2023-01-28 15:14:18 : t0:raiseFidelity

2023-01-28 15:14:23 : t0:raiseFidelity

2023-01-28 15:14:28 : t0:raiseFidelity

2023-01-28 15:14:33 : t0:raiseFidelity

2023-01-28 15:14:38 : t0:raiseFidelity

2023-01-28 15:14:43 : t0:raiseFidelity

2023-01-28 15:14:48 : t0:raiseFidelity

2023-01-28 15:14:53 : t0:raiseFidelity

2023-01-28 15:14:58 : t0:raiseFidelity

2023-01-28 15:15:03 : t0:raiseFidelity

2023-01-28 15:15:08 : t0:raiseFidelity

2023-01-28 15:15:13 : t0:raiseFidelity

2023-01-28 15:15:18 : t0:raiseFidelity

2023-01-28 15:15:23 : t0:raiseFidelity

2023-01-28 15:15:28 : t0:raiseFidelity

2023-01-28 15:15:33 : t0:raiseFidelity

2023-01-28 15:15:38 : t0:raiseFidelity

2023-01-28 15:15:43 : t0:raiseFidelity

2023-01-28 15:15:48 : t0:raiseFidelity

2023-01-28 15:15:53 : t0:raiseFidelity

2023-01-28 15:15:58 : t0:raiseFidelity

2023-01-28 15:16:03 : t0:raiseFidelity

2023-01-28 15:16:08 : t0:raiseFidelity

2023-01-28 15:16:13 : t0:raiseFidelity

2023-01-28 15:16:18 : t0:raiseFidelity

2023-01-28 15:16:23 : t0:raiseFidelity

2023-01-28 15:16:28 : t0:raiseFidelity

2023-01-28 15:16:33 : t0:raiseFidelity

2023-01-28 15:16:38 : t0:raiseFidelity

2023-01-28 15:16:43 : t0:raiseFidelity

2023-01-28 15:16:48 : t0:raiseFidelity

2023-01-28 15:16:53 : t0:raiseFidelity

2023-01-28 15:16:58 : t0:raiseFidelity

2023-01-28 15:17:03 : t0:raiseFidelity

2023-01-28 15:17:08 : t0:raiseFidelity

2023-01-28 15:17:13 : t0:raiseFidelity

2023-01-28 15:17:18 : t0:raiseFidelity

2023-01-28 15:17:23 : t0:raiseFidelity

2023-01-28 15:17:28 : t0:raiseFidelity

2023-01-28 15:17:33 : t0:raiseFidelity

2023-01-28 15:17:38 : t0:raiseFidelity

2023-01-28 15:17:43 : t0:raiseFidelity

2023-01-28 15:17:48 : t0:raiseFidelity

2023-01-28 15:17:53 : t0:raiseFidelity

2023-01-28 15:17:58 : t0:raiseFidelity

2023-01-28 15:18:03 : t0:raiseFidelity

2023-01-28 15:18:08 : t0:raiseFidelity

2023-01-28 15:18:13 : t0:raiseFidelity

2023-01-28 15:18:18 : t0:raiseFidelity

2023-01-28 15:18:23 : t0:raiseFidelity

2023-01-28 15:18:28 : t0:raiseFidelity

2023-01-28 15:18:33 : t0:raiseFidelity

2023-01-28 15:18:38 : t0:raiseFidelity

2023-01-28 15:18:43 : t0:raiseFidelity

2023-01-28 15:18:48 : t0:raiseFidelity

2023-01-28 15:18:53 : t0:raiseFidelity

2023-01-28 15:18:58 : t0:raiseFidelity

2023-01-28 15:19:03 : t0:raiseFidelity

2023-01-28 15:19:08 : t0:raiseFidelity

2023-01-28 15:19:13 : t0:raiseFidelity

2023-01-28 15:19:18 : t0:raiseFidelity

2023-01-28 15:19:23 : t0:raiseFidelity

2023-01-28 15:19:28 : t0:raiseFidelity

Reading file: generateLogs2.sh
Reading file: k6-q7h5f_tracing_20230128_120823.log
Reading file: metacontroller-kubow-8479d7588d-qwxmt_tracing_20230128_120823.log

MetaController data

2023-01-28 15:09:15 : t0:activateLowScalabilityHighQuality

2023-01-28 15:09:25 : t0:addLowScalabilityLowQuality

2023-01-28 15:10:10 : t0:activateLowScalabilityHighQuality

2023-01-28 15:12:05 : t0:addHighScalabilityHighQuality

Reading file: README.md
Reading file: scalabilitya-78d6cbbc7d-4k2wg_tracing_20230128_120823.log

scalabilitya data

2023-01-28 15:12:42 : t0:removeReplica

2023-01-28 15:12:52 INFO  Rainbow:694 - Delegate: master[EXECUTOR]: Visiting execution leaf

2023-01-28 15:13:27 : t0:removeReplica

Reading file: summary-trace-znn.log
Reading file: temp
Reading file: temp2701
Reading file: test
Reading file: tools
Reading file: traceznn_20230128_120823.log

Trace znn data

{'name': 'kube-znn-db.173e80da539f3c2a', 'type': 'Normal', 'message': 'Scaled up replica set kube-znn-db-6cc48797cf to 1', 'dateevent': '2023-01-28 14:56:26+00:00', 'image': 'cmendes/znn:800k', 'replicas': 1, 'imageChanges': 0, 'replicasChanges': 1}

{'name': 'kube-znn.173e80da5297fb45', 'type': 'Normal', 'message': 'Scaled up replica set kube-znn-68bd9d6b5b to 1', 'dateevent': '2023-01-28 14:56:26+00:00', 'image': 'cmendes/znn:800k', 'replicas': 1, 'imageChanges': 0, 'replicasChanges': 1}

{'name': 'kube-znn.173e8183e2032f4a', 'type': 'Normal', 'message': 'Scaled up replica set kube-znn-68bd9d6b5b to 2', 'dateevent': '2023-01-28 15:08:34+00:00', 'image': 'cmendes/znn:800k', 'replicas': 2, 'imageChanges': 0, 'replicasChanges': 2}

{'name': 'kube-znn.173e8184c3761cee', 'type': 'Normal', 'message': 'Scaled up replica set kube-znn-68bd9d6b5b to 3', 'dateevent': '2023-01-28 15:08:38+00:00', 'image': 'cmendes/znn:800k', 'replicas': 3, 'imageChanges': 0, 'replicasChanges': 3}

{'name': 'kube-znn.173e8185ed5799e0', 'type': 'Normal', 'message': 'Scaled up replica set kube-znn-68bd9d6b5b to 4', 'dateevent': '2023-01-28 15:08:43+00:00', 'image': 'cmendes/znn:800k', 'replicas': 4, 'imageChanges': 0, 'replicasChanges': 4}

{'name': 'kube-znn.173e818713198639', 'type': 'Normal', 'message': 'Scaled up replica set kube-znn-68bd9d6b5b to 5', 'dateevent': '2023-01-28 15:08:48+00:00', 'image': 'cmendes/znn:800k', 'replicas': 5, 'imageChanges': 0, 'replicasChanges': 5}

{'name': 'kube-znn.173e81883c09ff15', 'type': 'Normal', 'message': 'Scaled up replica set kube-znn-68bd9d6b5b to 6', 'dateevent': '2023-01-28 15:08:53+00:00', 'image': 'cmendes/znn:800k', 'replicas': 6, 'imageChanges': 0, 'replicasChanges': 6}

{'name': 'kube-znn.173e818966a872ce', 'type': 'Normal', 'message': 'Scaled up replica set kube-znn-68bd9d6b5b to 7', 'dateevent': '2023-01-28 15:08:58+00:00', 'image': 'cmendes/znn:800k', 'replicas': 7, 'imageChanges': 0, 'replicasChanges': 7}

{'name': 'kube-znn.173e818a9039c568', 'type': 'Normal', 'message': 'Scaled up replica set kube-znn-68bd9d6b5b to 8', 'dateevent': '2023-01-28 15:09:03+00:00', 'image': 'cmendes/znn:800k', 'replicas': 8, 'imageChanges': 0, 'replicasChanges': 8}

{'name': 'kube-znn.173e818bbdb0b821', 'type': 'Normal', 'message': 'Scaled up replica set kube-znn-68bd9d6b5b to 9', 'dateevent': '2023-01-28 15:09:08+00:00', 'image': 'cmendes/znn:800k', 'replicas': 9, 'imageChanges': 0, 'replicasChanges': 9}

{'name': 'kube-znn.173e818ce443c475', 'type': 'Normal', 'message': 'Scaled up replica set kube-znn-68bd9d6b5b to 10', 'dateevent': '2023-01-28 15:09:13+00:00', 'image': 'cmendes/znn:800k', 'replicas': 10, 'imageChanges': 0, 'replicasChanges': 10}

{'name': 'kube-znn.173e818e25a6b900', 'type': 'Normal', 'message': '(combined from similar events): Scaled up replica set kube-znn-7cbbf89f8 to 3', 'dateevent': '2023-01-28 15:09:18+00:00', 'image': 'cmendes/znn:600k', 'replicas': 10, 'imageChanges': 1, 'replicasChanges': 10}

{'name': 'kube-znn.173e818e25a6b900', 'type': 'Normal', 'message': '(combined from similar events): Scaled down replica set kube-znn-68bd9d6b5b to 8', 'dateevent': '2023-01-28 15:09:18+00:00', 'image': 'cmendes/znn:600k', 'replicas': 10, 'imageChanges': 1, 'replicasChanges': 10}

{'name': 'kube-znn.173e818e25a6b900', 'type': 'Normal', 'message': '(combined from similar events): Scaled up replica set kube-znn-7cbbf89f8 to 5', 'dateevent': '2023-01-28 15:09:18+00:00', 'image': 'cmendes/znn:600k', 'replicas': 10, 'imageChanges': 1, 'replicasChanges': 10}

{'name': 'kube-znn.173e818e25a6b900', 'type': 'Normal', 'message': '(combined from similar events): Scaled down replica set kube-znn-68bd9d6b5b to 3', 'dateevent': '2023-01-28 15:09:18+00:00', 'image': 'cmendes/znn:600k', 'replicas': 4, 'imageChanges': 1, 'replicasChanges': 11}

{'name': 'kube-znn.173e818e25a6b900', 'type': 'Normal', 'message': '(combined from similar events): Scaled down replica set kube-znn-7cbbf89f8 to 2', 'dateevent': '2023-01-28 15:09:18+00:00', 'image': 'cmendes/znn:600k', 'replicas': 4, 'imageChanges': 1, 'replicasChanges': 11}

{'name': 'kube-znn.173e818e25a6b900', 'type': 'Normal', 'message': '(combined from similar events): Scaled down replica set kube-znn-68bd9d6b5b to 2', 'dateevent': '2023-01-28 15:09:18+00:00', 'image': 'cmendes/znn:600k', 'replicas': 4, 'imageChanges': 1, 'replicasChanges': 11}

{'name': 'kube-znn.173e818e25a6b900', 'type': 'Normal', 'message': '(combined from similar events): Scaled up replica set kube-znn-7cbbf89f8 to 3', 'dateevent': '2023-01-28 15:09:18+00:00', 'image': 'cmendes/znn:600k', 'replicas': 4, 'imageChanges': 1, 'replicasChanges': 11}

{'name': 'kube-znn.173e818e25a6b900', 'type': 'Normal', 'message': '(combined from similar events): Scaled down replica set kube-znn-68bd9d6b5b to 1', 'dateevent': '2023-01-28 15:09:18+00:00', 'image': 'cmendes/znn:600k', 'replicas': 4, 'imageChanges': 1, 'replicasChanges': 11}

{'name': 'kube-znn.173e818e25a6b900', 'type': 'Normal', 'message': '(combined from similar events): Scaled up replica set kube-znn-7cbbf89f8 to 4', 'dateevent': '2023-01-28 15:09:18+00:00', 'image': 'cmendes/znn:600k', 'replicas': 4, 'imageChanges': 1, 'replicasChanges': 11}

{'name': 'kube-znn.173e81a34508cf43', 'type': 'Normal', 'message': 'Scaled down replica set kube-znn-7cbbf89f8 to 2', 'dateevent': '2023-01-28 15:10:49+00:00', 'image': 'cmendes/znn:800k', 'replicas': 4, 'imageChanges': 2, 'replicasChanges': 11}

{'name': 'kube-znn.173e818e25a6b900', 'type': 'Normal', 'message': '(combined from similar events): Scaled up replica set kube-znn-68bd9d6b5b to 3', 'dateevent': '2023-01-28 15:09:18+00:00', 'image': 'cmendes/znn:800k', 'replicas': 4, 'imageChanges': 2, 'replicasChanges': 11}

{'name': 'kube-znn.173e818e25a6b900', 'type': 'Normal', 'message': '(combined from similar events): Scaled down replica set kube-znn-7cbbf89f8 to 1', 'dateevent': '2023-01-28 15:09:18+00:00', 'image': 'cmendes/znn:800k', 'replicas': 4, 'imageChanges': 2, 'replicasChanges': 11}

{'name': 'kube-znn.173e818e25a6b900', 'type': 'Normal', 'message': '(combined from similar events): Scaled up replica set kube-znn-68bd9d6b5b to 4', 'dateevent': '2023-01-28 15:09:18+00:00', 'image': 'cmendes/znn:800k', 'replicas': 4, 'imageChanges': 2, 'replicasChanges': 11}

{'name': 'kube-znn.173e818e25a6b900', 'type': 'Normal', 'message': '(combined from similar events): Scaled down replica set kube-znn-7cbbf89f8 to 0', 'dateevent': '2023-01-28 15:09:18+00:00', 'image': 'cmendes/znn:800k', 'replicas': 4, 'imageChanges': 2, 'replicasChanges': 11}

{'name': 'kube-znn.173e818e25a6b900', 'type': 'Normal', 'message': '(combined from similar events): Scaled down replica set kube-znn-68bd9d6b5b to 3', 'dateevent': '2023-01-28 15:09:18+00:00', 'image': 'cmendes/znn:800k', 'replicas': 3, 'imageChanges': 2, 'replicasChanges': 12}

{'name': 'kube-znn.173e81bfe720bf49', 'type': 'Normal', 'message': 'Scaled down replica set kube-znn-68bd9d6b5b to 2', 'dateevent': '2023-01-28 15:12:52+00:00', 'image': 'cmendes/znn:800k', 'replicas': 2, 'imageChanges': 2, 'replicasChanges': 13}

Reading file: VersionA-Monolithic
Reading file: VersionB-MicroControllers
Reading file: VersionC-WithFailureManagerMetaController
Reading file: VersionC-ZTemp
