Reading file: automatingDataGeneration.sh
Reading file: CLong10
Reading file: CLong10.7z
Reading file: CShort10
Reading file: CShort10.7z
Reading file: Evaluation-ZNN.7z
Reading file: fidelitya-5b8dd7f8c7-6vsqw_tracing_20230129_114502.log

fidelitya data

2023-01-29 14:43:52 : t0:removeLowQuality

2023-01-29 14:45:56 : t0:lowerFidelity

2023-01-29 14:46:11 : t0:lowerFidelity

2023-01-29 14:46:26 : t0:lowerFidelity

2023-01-29 14:46:41 : t0:lowerFidelity

2023-01-29 14:46:56 : t0:lowerFidelity

2023-01-29 14:47:01 : t0:lowerFidelity

2023-01-29 14:47:06 : t0:lowerFidelity

2023-01-29 14:47:11 : t0:lowerFidelity

2023-01-29 14:47:16 : t0:lowerFidelity

2023-01-29 14:47:21 : t0:lowerFidelity

2023-01-29 14:47:26 : t0:lowerFidelity

2023-01-29 14:47:31 : t0:lowerFidelity

2023-01-29 14:47:36 : t0:lowerFidelity

2023-01-29 14:47:41 : t0:lowerFidelity

2023-01-29 14:47:46 : t0:lowerFidelity

2023-01-29 14:47:51 : t0:addLowQuality

2023-01-29 14:47:56 : t0:addLowQuality

2023-01-29 14:48:01 : t0:addLowQuality

2023-01-29 14:48:06 : t0:removeLowQuality

2023-01-29 14:48:16 : t0:addLowQuality

2023-01-29 14:48:21 : t0:removeLowQuality

2023-01-29 14:48:26 : t0:lowerFidelity

2023-01-29 14:48:31 : t0:lowerFidelity

2023-01-29 14:48:36 : t0:lowerFidelity

2023-01-29 14:48:41 : t0:lowerFidelity

2023-01-29 14:48:46 : t0:lowerFidelity

2023-01-29 14:48:51 : t0:lowerFidelity

2023-01-29 14:48:57 : t0:lowerFidelity

2023-01-29 14:49:01 : t0:lowerFidelity

2023-01-29 14:49:06 : t0:lowerFidelity

2023-01-29 14:49:31 : t0:addLowQuality

2023-01-29 14:49:36 : t0:removeLowQuality

2023-01-29 14:49:41 : t0:raiseFidelity

2023-01-29 14:49:46 : t0:raiseFidelity

2023-01-29 14:49:56 : t0:removeLowQuality

2023-01-29 14:50:01 : t0:removeLowQuality

2023-01-29 14:50:06 : t0:removeLowQuality

2023-01-29 14:50:11 : t0:removeLowQuality

2023-01-29 14:50:16 : t0:removeLowQuality

2023-01-29 14:50:21 : t0:removeLowQuality

2023-01-29 14:50:26 : t0:raiseFidelity

2023-01-29 14:50:31 : t0:raiseFidelity

Reading file: generateLogs104811
Reading file: generateLogs111449
Reading file: generateLogs2.sh
Reading file: k6-rxxmr_tracing_20230129_114502.log
Reading file: README.md
Reading file: scalabilitya-858689ddbc-hkdzn_tracing_20230129_114502.log

scalabilitya data

Reading file: scalabilityb-66d698fc76-7gfxw_tracing_20230129_114502.log

scalabilityb data

2023-01-29 14:49:01 : t0:removeHighScalability

2023-01-29 14:49:06 : t0:adjustReplicas

2023-01-29 14:50:01 : t0:removeHighScalability

2023-01-29 14:50:06 : t0:removeHighScalability

2023-01-29 14:50:11 : t0:removeHighScalability

2023-01-29 14:50:16 : t0:removeHighScalability

2023-01-29 14:50:21 : t0:addHighScalability

2023-01-29 14:50:26 : t0:removeReplica

2023-01-29 14:50:31 : t0:removeReplica

Reading file: summary-trace-znn.log
Reading file: temp
Reading file: temp2701
Reading file: test
Reading file: tools
Reading file: traceznn_20230129_114502.log

Trace znn data

{'name': 'kube-znn-db.173ecd651f0392fe', 'type': 'Normal', 'message': 'Scaled up replica set kube-znn-db-558bb5dd64 to 1', 'dateevent': '2023-01-29 14:19:05+00:00', 'image': 'cmendes/znn:800k', 'replicas': 1, 'imageChanges': 0, 'replicasChanges': 1}

{'name': 'kube-znn.173ecd651e552f05', 'type': 'Normal', 'message': 'Scaled up replica set kube-znn-744bbbc54b to 1', 'dateevent': '2023-01-29 14:19:05+00:00', 'image': 'cmendes/znn:800k', 'replicas': 1, 'imageChanges': 0, 'replicasChanges': 1}

{'name': 'kube-znn.173eced198fe8b98', 'type': 'Normal', 'message': 'Scaled up replica set kube-znn-744bbbc54b to 2', 'dateevent': '2023-01-29 14:45:11+00:00', 'image': 'cmendes/znn:800k', 'replicas': 2, 'imageChanges': 0, 'replicasChanges': 2}

{'name': 'kube-znn.173eced27080dddc', 'type': 'Normal', 'message': 'Scaled up replica set kube-znn-744bbbc54b to 3', 'dateevent': '2023-01-29 14:45:14+00:00', 'image': 'cmendes/znn:800k', 'replicas': 3, 'imageChanges': 0, 'replicasChanges': 3}

{'name': 'kube-znn.173eced39eb7af63', 'type': 'Normal', 'message': 'Scaled up replica set kube-znn-744bbbc54b to 4', 'dateevent': '2023-01-29 14:45:19+00:00', 'image': 'cmendes/znn:800k', 'replicas': 4, 'imageChanges': 0, 'replicasChanges': 4}

{'name': 'kube-znn.173eced4c2ac11eb', 'type': 'Normal', 'message': 'Scaled up replica set kube-znn-744bbbc54b to 5', 'dateevent': '2023-01-29 14:45:24+00:00', 'image': 'cmendes/znn:800k', 'replicas': 5, 'imageChanges': 0, 'replicasChanges': 5}

{'name': 'kube-znn.173eced5eb4e3388', 'type': 'Normal', 'message': 'Scaled up replica set kube-znn-744bbbc54b to 6', 'dateevent': '2023-01-29 14:45:29+00:00', 'image': 'cmendes/znn:800k', 'replicas': 6, 'imageChanges': 0, 'replicasChanges': 6}

{'name': 'kube-znn.173eced71550678c', 'type': 'Normal', 'message': 'Scaled up replica set kube-znn-744bbbc54b to 7', 'dateevent': '2023-01-29 14:45:34+00:00', 'image': 'cmendes/znn:800k', 'replicas': 7, 'imageChanges': 0, 'replicasChanges': 7}

{'name': 'kube-znn.173eced84106d915', 'type': 'Normal', 'message': 'Scaled up replica set kube-znn-744bbbc54b to 8', 'dateevent': '2023-01-29 14:45:39+00:00', 'image': 'cmendes/znn:800k', 'replicas': 8, 'imageChanges': 0, 'replicasChanges': 8}

{'name': 'kube-znn.173eced96a8860cd', 'type': 'Normal', 'message': 'Scaled up replica set kube-znn-744bbbc54b to 9', 'dateevent': '2023-01-29 14:45:44+00:00', 'image': 'cmendes/znn:800k', 'replicas': 9, 'imageChanges': 0, 'replicasChanges': 9}

{'name': 'kube-znn.173eceda930588ca', 'type': 'Normal', 'message': 'Scaled up replica set kube-znn-744bbbc54b to 10', 'dateevent': '2023-01-29 14:45:49+00:00', 'image': 'cmendes/znn:800k', 'replicas': 10, 'imageChanges': 0, 'replicasChanges': 10}

{'name': 'kube-znn.173ecedca2715ff2', 'type': 'Normal', 'message': '(combined from similar events): Scaled up replica set kube-znn-5c95bd98fb to 3', 'dateevent': '2023-01-29 14:45:58+00:00', 'image': 'cmendes/znn:600k', 'replicas': 10, 'imageChanges': 1, 'replicasChanges': 10}

{'name': 'kube-znn.173ecedca2715ff2', 'type': 'Normal', 'message': '(combined from similar events): Scaled down replica set kube-znn-744bbbc54b to 8', 'dateevent': '2023-01-29 14:45:58+00:00', 'image': 'cmendes/znn:600k', 'replicas': 10, 'imageChanges': 1, 'replicasChanges': 10}

{'name': 'kube-znn.173ecedca2715ff2', 'type': 'Normal', 'message': '(combined from similar events): Scaled up replica set kube-znn-5c95bd98fb to 5', 'dateevent': '2023-01-29 14:45:58+00:00', 'image': 'cmendes/znn:600k', 'replicas': 10, 'imageChanges': 1, 'replicasChanges': 10}

{'name': 'kube-znn.173ecedca2715ff2', 'type': 'Normal', 'message': '(combined from similar events): Scaled down replica set kube-znn-744bbbc54b to 4', 'dateevent': '2023-01-29 14:45:58+00:00', 'image': 'cmendes/znn:400k', 'replicas': 10, 'imageChanges': 2, 'replicasChanges': 10}

{'name': 'kube-znn.173ecedca2715ff2', 'type': 'Normal', 'message': '(combined from similar events): Scaled down replica set kube-znn-5c95bd98fb to 4', 'dateevent': '2023-01-29 14:45:58+00:00', 'image': 'cmendes/znn:400k', 'replicas': 10, 'imageChanges': 2, 'replicasChanges': 10}

{'name': 'kube-znn.173ecedca2715ff2', 'type': 'Normal', 'message': '(combined from similar events): Scaled up replica set kube-znn-549bfcf578 to 5', 'dateevent': '2023-01-29 14:45:58+00:00', 'image': 'cmendes/znn:400k', 'replicas': 10, 'imageChanges': 2, 'replicasChanges': 10}

{'name': 'kube-znn.173ecedca2715ff2', 'type': 'Normal', 'message': '(combined from similar events): Scaled down replica set kube-znn-549bfcf578 to 4', 'dateevent': '2023-01-29 14:45:58+00:00', 'image': 'cmendes/znn:600k', 'replicas': 10, 'imageChanges': 3, 'replicasChanges': 10}

{'name': 'kube-znn.173ecedca2715ff2', 'type': 'Normal', 'message': '(combined from similar events): Scaled up replica set kube-znn-5c95bd98fb to 5', 'dateevent': '2023-01-29 14:45:58+00:00', 'image': 'cmendes/znn:600k', 'replicas': 10, 'imageChanges': 3, 'replicasChanges': 10}

{'name': 'kube-znn.173eceeca74ba835', 'type': 'Normal', 'message': 'Scaled down replica set kube-znn-5c95bd98fb to 4', 'dateevent': '2023-01-29 14:47:07+00:00', 'image': 'cmendes/znn:400k', 'replicas': 10, 'imageChanges': 4, 'replicasChanges': 10}

{'name': 'kube-znn.173eceeca8884da3', 'type': 'Normal', 'message': 'Scaled up replica set kube-znn-549bfcf578 to 5', 'dateevent': '2023-01-29 14:47:07+00:00', 'image': 'cmendes/znn:400k', 'replicas': 10, 'imageChanges': 4, 'replicasChanges': 10}

{'name': 'kube-znn.173eceedc4eca52f', 'type': 'Normal', 'message': 'Scaled down replica set kube-znn-549bfcf578 to 4', 'dateevent': '2023-01-29 14:47:12+00:00', 'image': 'cmendes/znn:600k', 'replicas': 10, 'imageChanges': 5, 'replicasChanges': 10}

{'name': 'kube-znn.173ecedca2715ff2', 'type': 'Normal', 'message': '(combined from similar events): Scaled up replica set kube-znn-5c95bd98fb to 5', 'dateevent': '2023-01-29 14:45:58+00:00', 'image': 'cmendes/znn:600k', 'replicas': 10, 'imageChanges': 5, 'replicasChanges': 10}

{'name': 'kube-znn.173eceeca74ba835', 'type': 'Normal', 'message': 'Scaled down replica set kube-znn-5c95bd98fb to 4', 'dateevent': '2023-01-29 14:47:07+00:00', 'image': 'cmendes/znn:400k', 'replicas': 10, 'imageChanges': 6, 'replicasChanges': 10}

{'name': 'kube-znn.173eceeca8884da3', 'type': 'Normal', 'message': 'Scaled up replica set kube-znn-549bfcf578 to 5', 'dateevent': '2023-01-29 14:47:07+00:00', 'image': 'cmendes/znn:400k', 'replicas': 10, 'imageChanges': 6, 'replicasChanges': 10}

{'name': 'kube-znn.173eceedc4eca52f', 'type': 'Normal', 'message': 'Scaled down replica set kube-znn-549bfcf578 to 4', 'dateevent': '2023-01-29 14:47:12+00:00', 'image': 'cmendes/znn:600k', 'replicas': 10, 'imageChanges': 7, 'replicasChanges': 10}

{'name': 'kube-znn.173eceeef013b460', 'type': 'Normal', 'message': 'Scaled up replica set kube-znn-5c95bd98fb to 5', 'dateevent': '2023-01-29 14:47:17+00:00', 'image': 'cmendes/znn:600k', 'replicas': 10, 'imageChanges': 7, 'replicasChanges': 10}

{'name': 'kube-znn.173ecedca2715ff2', 'type': 'Normal', 'message': '(combined from similar events): Scaled up replica set kube-znn-5c95bd98fb to 1', 'dateevent': '2023-01-29 14:45:58+00:00', 'image': 'cmendes/znn:600k', 'replicas': 4, 'imageChanges': 7, 'replicasChanges': 11}

Reading file: VersionA-Monolithic
Reading file: VersionB-MicroControllers
Reading file: VersionC-WithFailureManagerMetaController
Reading file: VersionC-ZTemp
