Reading file: automatingDataGeneration.sh
Reading file: BLong10_parte1
Reading file: BLong10_parte1.7z
Reading file: BLong10_parte2
Reading file: BLong10_parte2.7z
Reading file: BLong10_parte3
Reading file: BLong10_parte3.7z
Reading file: CLong10
Reading file: CLong10.7z
Reading file: CShort10
Reading file: CShort10.7z
Reading file: Evaluation-ZNN.7z
Reading file: fidelitya-5b8dd7f8c7-qtdkm_tracing_20230130_155143.log

fidelitya data

Reading file: fidelityb-67c8fc5999-8zmb5_tracing_20230130_155143.log

fidelityb data

2023-01-30 18:53:16 : t0:removeHighQuality

2023-01-30 18:53:21 : t0:removeHighQuality

2023-01-30 18:53:26 : t0:removeHighQuality

2023-01-30 18:53:31 : t0:lowerFidelity

2023-01-30 18:53:41 : t0:removeHighQuality

2023-01-30 18:53:46 : t0:removeHighQuality

2023-01-30 18:53:51 : t0:removeHighQuality

2023-01-30 18:53:56 : t0:removeHighQuality

2023-01-30 18:54:01 : t0:removeHighQuality

2023-01-30 18:54:06 : t0:addHighQuality

2023-01-30 18:54:11 : t0:addHighQuality

2023-01-30 18:54:16 : t0:raiseFidelity

2023-01-30 18:54:51 : t0:raiseFidelity

2023-01-30 18:54:56 : t0:raiseFidelity

2023-01-30 18:55:01 : t0:raiseFidelity

2023-01-30 18:55:06 : t0:raiseFidelity

2023-01-30 18:55:11 : t0:raiseFidelity

2023-01-30 18:55:16 : t0:raiseFidelity

2023-01-30 18:55:21 : t0:raiseFidelity

2023-01-30 18:55:26 : t0:raiseFidelity

2023-01-30 18:55:31 : t0:raiseFidelity

2023-01-30 18:55:36 : t0:raiseFidelity

2023-01-30 18:55:41 : t0:raiseFidelity

2023-01-30 18:55:46 : t0:raiseFidelity

2023-01-30 18:55:51 : t0:raiseFidelity

2023-01-30 18:55:56 : t0:raiseFidelity

2023-01-30 18:56:01 : t0:raiseFidelity

2023-01-30 18:56:06 : t0:raiseFidelity

2023-01-30 18:56:11 : t0:raiseFidelity

2023-01-30 18:56:16 : t0:raiseFidelity

2023-01-30 18:56:21 : t0:raiseFidelity

2023-01-30 18:56:26 : t0:raiseFidelity

2023-01-30 18:56:31 : t0:raiseFidelity

2023-01-30 18:56:36 : t0:raiseFidelity

2023-01-30 18:56:41 : t0:raiseFidelity

2023-01-30 18:56:46 : t0:raiseFidelity

2023-01-30 18:56:51 : t0:raiseFidelity

2023-01-30 18:56:56 : t0:raiseFidelity

2023-01-30 18:57:01 : t0:raiseFidelity

2023-01-30 18:57:06 : t0:raiseFidelity

2023-01-30 18:57:11 : t0:raiseFidelity

2023-01-30 18:57:16 : t0:raiseFidelity

2023-01-30 18:57:21 : t0:raiseFidelity

2023-01-30 18:57:26 : t0:raiseFidelity

2023-01-30 18:57:31 : t0:raiseFidelity

2023-01-30 18:57:36 : t0:raiseFidelity

2023-01-30 18:57:41 : t0:raiseFidelity

2023-01-30 18:57:46 : t0:raiseFidelity

2023-01-30 18:57:51 : t0:raiseFidelity

2023-01-30 18:57:56 : t0:raiseFidelity

2023-01-30 18:58:01 : t0:raiseFidelity

2023-01-30 18:58:06 : t0:raiseFidelity

2023-01-30 18:58:11 : t0:raiseFidelity

2023-01-30 18:58:16 : t0:raiseFidelity

2023-01-30 18:58:21 : t0:raiseFidelity

2023-01-30 18:58:26 : t0:raiseFidelity

2023-01-30 18:58:31 : t0:raiseFidelity

2023-01-30 18:58:36 : t0:raiseFidelity

2023-01-30 18:58:41 : t0:raiseFidelity

2023-01-30 18:58:46 : t0:raiseFidelity

2023-01-30 18:58:51 : t0:raiseFidelity

2023-01-30 18:58:56 : t0:raiseFidelity

2023-01-30 18:59:01 : t0:raiseFidelity

2023-01-30 18:59:06 : t0:raiseFidelity

2023-01-30 18:59:11 : t0:raiseFidelity

2023-01-30 18:59:16 : t0:raiseFidelity

2023-01-30 18:59:21 : t0:raiseFidelity

2023-01-30 18:59:26 : t0:raiseFidelity

2023-01-30 18:59:31 : t0:raiseFidelity

2023-01-30 18:59:36 : t0:raiseFidelity

2023-01-30 18:59:41 : t0:raiseFidelity

2023-01-30 18:59:46 : t0:raiseFidelity

2023-01-30 18:59:51 : t0:raiseFidelity

2023-01-30 18:59:56 : t0:raiseFidelity

2023-01-30 19:00:01 : t0:raiseFidelity

2023-01-30 19:00:06 : t0:raiseFidelity

2023-01-30 19:00:11 : t0:raiseFidelity

2023-01-30 19:00:16 : t0:raiseFidelity

2023-01-30 19:00:21 : t0:raiseFidelity

2023-01-30 19:00:26 : t0:raiseFidelity

2023-01-30 19:00:31 : t0:raiseFidelity

2023-01-30 19:00:36 : t0:raiseFidelity

2023-01-30 19:00:41 : t0:raiseFidelity

2023-01-30 19:00:46 : t0:raiseFidelity

2023-01-30 19:00:51 : t0:raiseFidelity

2023-01-30 19:00:56 : t0:raiseFidelity

2023-01-30 19:01:01 : t0:raiseFidelity

2023-01-30 19:01:06 : t0:raiseFidelity

2023-01-30 19:01:11 : t0:raiseFidelity

2023-01-30 19:01:16 : t0:raiseFidelity

2023-01-30 19:01:21 : t0:raiseFidelity

2023-01-30 19:01:26 : t0:raiseFidelity

2023-01-30 19:01:31 : t0:raiseFidelity

Reading file: generateLogs120703
Reading file: generateLogs122741
Reading file: generateLogs124617
Reading file: generateLogs130307
Reading file: generateLogs131938
Reading file: generateLogs133541
Reading file: generateLogs135143
Reading file: generateLogs154208
Reading file: generateLogs2.sh
Reading file: k6-jfjjp_tracing_20230130_155143.log
Reading file: README.md
Reading file: scalabilityb-66d698fc76-77hsz_tracing_20230130_155143.log

scalabilityb data

2023-01-30 18:53:13 : t0:removeHighScalability

2023-01-30 18:53:18 : t0:removeHighScalability

2023-01-30 18:53:23 : t0:removeHighScalability

2023-01-30 18:53:28 : t0:removeHighScalability

2023-01-30 18:53:33 : t0:addHighScalability

2023-01-30 18:53:38 : t0:removeHighScalability

2023-01-30 18:53:43 : t0:removeHighScalability

2023-01-30 18:53:48 : t0:removeHighScalability

2023-01-30 18:53:53 : t0:removeHighScalability

2023-01-30 18:53:58 : t0:removeHighScalability

2023-01-30 18:54:03 : t0:removeHighScalability

2023-01-30 18:54:08 : t0:removeHighScalability

2023-01-30 18:54:13 : t0:removeReplica

2023-01-30 18:54:18 : t0:removeReplica

2023-01-30 18:54:53 : t0:removeReplica

2023-01-30 18:54:58 : t0:removeReplica

2023-01-30 18:55:03 : t0:removeReplica

2023-01-30 18:55:08 : t0:removeReplica

2023-01-30 18:55:13 : t0:removeReplica

2023-01-30 18:55:18 : t0:removeReplica

2023-01-30 18:55:23 : t0:removeReplica

2023-01-30 18:55:28 : t0:removeReplica

2023-01-30 18:55:33 : t0:removeReplica

2023-01-30 18:55:38 : t0:removeReplica

2023-01-30 18:55:43 : t0:removeReplica

2023-01-30 18:55:48 : t0:removeReplica

2023-01-30 18:55:53 : t0:removeReplica

2023-01-30 18:55:58 : t0:removeReplica

2023-01-30 18:56:03 : t0:removeReplica

2023-01-30 18:56:08 : t0:removeReplica

2023-01-30 18:56:13 : t0:removeReplica

2023-01-30 18:56:18 : t0:removeReplica

2023-01-30 18:56:23 : t0:removeReplica

2023-01-30 18:56:28 : t0:removeReplica

2023-01-30 18:56:33 : t0:removeReplica

2023-01-30 18:56:38 : t0:removeReplica

2023-01-30 18:56:43 : t0:removeReplica

2023-01-30 18:56:48 : t0:removeReplica

2023-01-30 18:56:53 : t0:removeReplica

2023-01-30 18:56:58 : t0:removeReplica

2023-01-30 18:57:03 : t0:removeReplica

2023-01-30 18:57:08 : t0:removeReplica

2023-01-30 18:57:13 : t0:removeReplica

2023-01-30 18:57:18 : t0:removeReplica

2023-01-30 18:57:23 : t0:removeReplica

2023-01-30 18:57:28 : t0:removeReplica

2023-01-30 18:57:33 : t0:removeReplica

2023-01-30 18:57:38 : t0:removeReplica

2023-01-30 18:57:43 : t0:removeReplica

2023-01-30 18:57:48 : t0:removeReplica

2023-01-30 18:57:53 : t0:removeReplica

2023-01-30 18:57:58 : t0:removeReplica

2023-01-30 18:58:03 : t0:removeReplica

2023-01-30 18:58:08 : t0:removeReplica

2023-01-30 18:58:13 : t0:removeReplica

2023-01-30 18:58:18 : t0:removeReplica

2023-01-30 18:58:23 : t0:removeReplica

2023-01-30 18:58:28 : t0:removeReplica

2023-01-30 18:58:33 : t0:removeReplica

2023-01-30 18:58:38 : t0:removeReplica

2023-01-30 18:58:43 : t0:removeReplica

2023-01-30 18:58:48 : t0:removeReplica

2023-01-30 18:58:53 : t0:removeReplica

2023-01-30 18:58:58 : t0:removeReplica

2023-01-30 18:59:03 : t0:removeReplica

2023-01-30 18:59:08 : t0:removeReplica

2023-01-30 18:59:13 : t0:removeReplica

2023-01-30 18:59:18 : t0:removeReplica

2023-01-30 18:59:23 : t0:removeReplica

2023-01-30 18:59:28 : t0:removeReplica

2023-01-30 18:59:33 : t0:removeReplica

2023-01-30 18:59:38 : t0:removeReplica

2023-01-30 18:59:43 : t0:removeReplica

2023-01-30 18:59:48 : t0:removeReplica

2023-01-30 18:59:53 : t0:removeReplica

2023-01-30 18:59:58 : t0:removeReplica

2023-01-30 19:00:03 : t0:removeReplica

2023-01-30 19:00:08 : t0:removeReplica

2023-01-30 19:00:13 : t0:removeReplica

2023-01-30 19:00:18 : t0:removeReplica

2023-01-30 19:00:23 : t0:removeReplica

2023-01-30 19:00:28 : t0:removeReplica

2023-01-30 19:00:33 : t0:removeReplica

2023-01-30 19:00:38 : t0:removeReplica

2023-01-30 19:00:43 : t0:removeReplica

2023-01-30 19:00:48 : t0:removeReplica

2023-01-30 19:00:53 : t0:removeReplica

2023-01-30 19:00:58 : t0:removeReplica

2023-01-30 19:01:03 : t0:removeReplica

2023-01-30 19:01:08 : t0:removeReplica

2023-01-30 19:01:13 : t0:removeReplica

2023-01-30 19:01:18 : t0:removeReplica

2023-01-30 19:01:23 : t0:removeReplica

2023-01-30 19:01:28 : t0:removeReplica

2023-01-30 19:01:33 : t0:removeReplica

Reading file: summary-trace-znn.log
Reading file: temp
Reading file: temp2701
Reading file: test
Reading file: tools
Reading file: traceznn_20230130_155143.log

Trace znn data

{'name': 'kube-znn-db.173f2a962b0f5a53', 'type': 'Normal', 'message': 'Scaled up replica set kube-znn-db-558bb5dd64 to 1', 'dateevent': '2023-01-30 18:46:50+00:00', 'image': 'cmendes/znn:800k', 'replicas': 1, 'imageChanges': 0, 'replicasChanges': 1}

{'name': 'kube-znn.173f2a96296ac63c', 'type': 'Normal', 'message': 'Scaled up replica set kube-znn-744bbbc54b to 1', 'dateevent': '2023-01-30 18:46:50+00:00', 'image': 'cmendes/znn:800k', 'replicas': 1, 'imageChanges': 0, 'replicasChanges': 1}

{'name': 'kube-znn.173f2adc46b35802', 'type': 'Normal', 'message': 'Scaled up replica set kube-znn-744bbbc54b to 2', 'dateevent': '2023-01-30 18:51:51+00:00', 'image': 'cmendes/znn:800k', 'replicas': 2, 'imageChanges': 0, 'replicasChanges': 2}

{'name': 'kube-znn.173f2add24181168', 'type': 'Normal', 'message': 'Scaled up replica set kube-znn-744bbbc54b to 3', 'dateevent': '2023-01-30 18:51:55+00:00', 'image': 'cmendes/znn:800k', 'replicas': 3, 'imageChanges': 0, 'replicasChanges': 3}

{'name': 'kube-znn.173f2ade528a9d17', 'type': 'Normal', 'message': 'Scaled up replica set kube-znn-744bbbc54b to 4', 'dateevent': '2023-01-30 18:52:00+00:00', 'image': 'cmendes/znn:800k', 'replicas': 4, 'imageChanges': 0, 'replicasChanges': 4}

{'name': 'kube-znn.173f2adf7c667f85', 'type': 'Normal', 'message': 'Scaled up replica set kube-znn-744bbbc54b to 5', 'dateevent': '2023-01-30 18:52:05+00:00', 'image': 'cmendes/znn:800k', 'replicas': 5, 'imageChanges': 0, 'replicasChanges': 5}

{'name': 'kube-znn.173f2ae0a0ea774c', 'type': 'Normal', 'message': 'Scaled up replica set kube-znn-744bbbc54b to 6', 'dateevent': '2023-01-30 18:52:10+00:00', 'image': 'cmendes/znn:800k', 'replicas': 6, 'imageChanges': 0, 'replicasChanges': 6}

{'name': 'kube-znn.173f2ae1c8f5a58a', 'type': 'Normal', 'message': 'Scaled up replica set kube-znn-744bbbc54b to 7', 'dateevent': '2023-01-30 18:52:15+00:00', 'image': 'cmendes/znn:800k', 'replicas': 7, 'imageChanges': 0, 'replicasChanges': 7}

{'name': 'kube-znn.173f2ae2f4ec9329', 'type': 'Normal', 'message': 'Scaled up replica set kube-znn-744bbbc54b to 8', 'dateevent': '2023-01-30 18:52:20+00:00', 'image': 'cmendes/znn:800k', 'replicas': 8, 'imageChanges': 0, 'replicasChanges': 8}

{'name': 'kube-znn.173f2ae42094db3f', 'type': 'Normal', 'message': 'Scaled up replica set kube-znn-744bbbc54b to 9', 'dateevent': '2023-01-30 18:52:25+00:00', 'image': 'cmendes/znn:800k', 'replicas': 9, 'imageChanges': 0, 'replicasChanges': 9}

{'name': 'kube-znn.173f2ae54968d891', 'type': 'Normal', 'message': '(combined from similar events): Scaled up replica set kube-znn-744bbbc54b to 10', 'dateevent': '2023-01-30 18:52:30+00:00', 'image': 'cmendes/znn:800k', 'replicas': 10, 'imageChanges': 0, 'replicasChanges': 10}

{'name': 'kube-znn.173f2ae54968d891', 'type': 'Normal', 'message': '(combined from similar events): Scaled up replica set kube-znn-5c95bd98fb to 3', 'dateevent': '2023-01-30 18:52:30+00:00', 'image': 'cmendes/znn:600k', 'replicas': 10, 'imageChanges': 1, 'replicasChanges': 10}

{'name': 'kube-znn.173f2ae54968d891', 'type': 'Normal', 'message': '(combined from similar events): Scaled down replica set kube-znn-744bbbc54b to 8', 'dateevent': '2023-01-30 18:52:30+00:00', 'image': 'cmendes/znn:600k', 'replicas': 10, 'imageChanges': 1, 'replicasChanges': 10}

{'name': 'kube-znn.173f2ae54968d891', 'type': 'Normal', 'message': '(combined from similar events): Scaled up replica set kube-znn-5c95bd98fb to 5', 'dateevent': '2023-01-30 18:52:30+00:00', 'image': 'cmendes/znn:600k', 'replicas': 10, 'imageChanges': 1, 'replicasChanges': 10}

{'name': 'kube-znn.173f2ae54968d891', 'type': 'Normal', 'message': '(combined from similar events): Scaled down replica set kube-znn-744bbbc54b to 4', 'dateevent': '2023-01-30 18:52:30+00:00', 'image': 'cmendes/znn:100k', 'replicas': 10, 'imageChanges': 2, 'replicasChanges': 10}

{'name': 'kube-znn.173f2ae54968d891', 'type': 'Normal', 'message': '(combined from similar events): Scaled down replica set kube-znn-5c95bd98fb to 4', 'dateevent': '2023-01-30 18:52:30+00:00', 'image': 'cmendes/znn:100k', 'replicas': 10, 'imageChanges': 2, 'replicasChanges': 10}

{'name': 'kube-znn.173f2ae54968d891', 'type': 'Normal', 'message': '(combined from similar events): Scaled up replica set kube-znn-57c954fdb9 to 5', 'dateevent': '2023-01-30 18:52:30+00:00', 'image': 'cmendes/znn:100k', 'replicas': 10, 'imageChanges': 2, 'replicasChanges': 10}

{'name': 'kube-znn.173f2ae54968d891', 'type': 'Normal', 'message': '(combined from similar events): Scaled down replica set kube-znn-57c954fdb9 to 1', 'dateevent': '2023-01-30 18:52:30+00:00', 'image': 'cmendes/znn:100k', 'replicas': 4, 'imageChanges': 2, 'replicasChanges': 11}

{'name': 'kube-znn.173f2ae54968d891', 'type': 'Normal', 'message': '(combined from similar events): Scaled down replica set kube-znn-744bbbc54b to 2', 'dateevent': '2023-01-30 18:52:30+00:00', 'image': 'cmendes/znn:100k', 'replicas': 4, 'imageChanges': 2, 'replicasChanges': 11}

{'name': 'kube-znn.173f2ae54968d891', 'type': 'Normal', 'message': '(combined from similar events): Scaled down replica set kube-znn-5c95bd98fb to 2', 'dateevent': '2023-01-30 18:52:30+00:00', 'image': 'cmendes/znn:100k', 'replicas': 4, 'imageChanges': 2, 'replicasChanges': 11}

{'name': 'kube-znn.173f2ae54968d891', 'type': 'Normal', 'message': '(combined from similar events): Scaled down replica set kube-znn-744bbbc54b to 1', 'dateevent': '2023-01-30 18:52:30+00:00', 'image': 'cmendes/znn:100k', 'replicas': 4, 'imageChanges': 2, 'replicasChanges': 11}

{'name': 'kube-znn.173f2ae54968d891', 'type': 'Normal', 'message': '(combined from similar events): Scaled up replica set kube-znn-57c954fdb9 to 2', 'dateevent': '2023-01-30 18:52:30+00:00', 'image': 'cmendes/znn:100k', 'replicas': 4, 'imageChanges': 2, 'replicasChanges': 11}

{'name': 'kube-znn.173f2ae54968d891', 'type': 'Normal', 'message': '(combined from similar events): Scaled down replica set kube-znn-57c954fdb9 to 0', 'dateevent': '2023-01-30 18:52:30+00:00', 'image': 'cmendes/znn:200k', 'replicas': 4, 'imageChanges': 3, 'replicasChanges': 11}

{'name': 'kube-znn.173f2ae54968d891', 'type': 'Normal', 'message': '(combined from similar events): Scaled up replica set kube-znn-66c9c7d544 to 2', 'dateevent': '2023-01-30 18:52:30+00:00', 'image': 'cmendes/znn:200k', 'replicas': 4, 'imageChanges': 3, 'replicasChanges': 11}

{'name': 'kube-znn.173f2ae54968d891', 'type': 'Normal', 'message': '(combined from similar events): Scaled down replica set kube-znn-744bbbc54b to 0', 'dateevent': '2023-01-30 18:52:30+00:00', 'image': 'cmendes/znn:200k', 'replicas': 4, 'imageChanges': 3, 'replicasChanges': 11}

{'name': 'kube-znn.173f2ae54968d891', 'type': 'Normal', 'message': '(combined from similar events): Scaled up replica set kube-znn-66c9c7d544 to 3', 'dateevent': '2023-01-30 18:52:30+00:00', 'image': 'cmendes/znn:200k', 'replicas': 4, 'imageChanges': 3, 'replicasChanges': 11}

{'name': 'kube-znn.173f2ae54968d891', 'type': 'Normal', 'message': '(combined from similar events): Scaled down replica set kube-znn-5c95bd98fb to 1', 'dateevent': '2023-01-30 18:52:30+00:00', 'image': 'cmendes/znn:200k', 'replicas': 4, 'imageChanges': 3, 'replicasChanges': 11}

Reading file: VersionA-Monolithic
Reading file: VersionB-MicroControllers
Reading file: VersionC-WithFailureManagerMetaController
Reading file: VersionC-ZTemp
