Reading file: ALong10
Reading file: ALong10.7z
Reading file: AShort10
Reading file: automatingDataGeneration.sh
Reading file: BLong10
Reading file: BLong10_parte1.7z
Reading file: BLong10_parte2.7z
Reading file: BLong10_parte3.7z
Reading file: BShort10
Reading file: BShort10.7z
Reading file: CLong10
Reading file: CLong10.7z
Reading file: CShort10
Reading file: CShort10.7z
Reading file: Evaluation-ZNN.7z
Reading file: generateLogs2.sh
Reading file: k6-6w8lt_tracing_20230201_170147.log
Reading file: kubow-548bb5f4b4-glgg8_tracing_20230201_170147.log

Kubow data

2023-02-01 20:02:01 : t0:addReplica

2023-02-01 20:02:06 : t0:addReplica

2023-02-01 20:02:11 : t0:addReplica

2023-02-01 20:02:16 : t0:addReplica

2023-02-01 20:02:21 : t0:addReplica

2023-02-01 20:02:26 : t0:addReplica

2023-02-01 20:02:31 : t0:addReplica

2023-02-01 20:02:36 : t0:addReplica

2023-02-01 20:02:41 : t0:addReplica

2023-02-01 20:02:46 : t1:lowerFidelity

2023-02-01 20:02:56 : t1:lowerFidelity

2023-02-01 20:03:01 : t0:activateLowScalabilityHighQuality

2023-02-01 20:03:36 : t0:addReplica

2023-02-01 20:03:41 : t0:addReplica

2023-02-01 20:03:46 : t0:addReplica

2023-02-01 20:03:51 : t0:addReplica

2023-02-01 20:03:56 : t0:addReplica

2023-02-01 20:04:01 : t0:activateLowScalabilityHighQuality

2023-02-01 20:04:06 : t0:addReplica

2023-02-01 20:04:41 : t0:removeReplica

2023-02-01 20:04:46 : t1:raiseFidelity

2023-02-01 20:05:21 : t1:raiseFidelity

2023-02-01 20:05:26 : t1:raiseFidelity

2023-02-01 20:06:01 : t1:raiseFidelity

2023-02-01 20:06:06 : t0:removeReplica

2023-02-01 20:06:41 : t1:raiseFidelity

2023-02-01 20:06:46 : t1:raiseFidelity

2023-02-01 20:07:21 : t1:raiseFidelity

2023-02-01 20:07:26 : t1:raiseFidelity

2023-02-01 20:08:01 : t1:raiseFidelity

Reading file: README.md
Reading file: summary-trace-znn.log
Reading file: temp
Reading file: temp2701
Reading file: temp3101
Reading file: test
Reading file: tools
Reading file: traceznn_20230201_170147.log

Trace znn data

{'name': 'kube-znn-db.173fcb9cd04e5361', 'type': 'Normal', 'message': 'Scaled up replica set kube-znn-db-6dd8968475 to 1', 'dateevent': '2023-02-01 19:57:40+00:00', 'image': 'cmendes/znn:800k', 'replicas': 1, 'imageChanges': 0, 'replicasChanges': 1}

{'name': 'kube-znn.173fcb9cce8e592b', 'type': 'Normal', 'message': 'Scaled up replica set kube-znn-5fb97667db to 1', 'dateevent': '2023-02-01 19:57:40+00:00', 'image': 'cmendes/znn:800k', 'replicas': 1, 'imageChanges': 0, 'replicasChanges': 1}

{'name': 'kube-znn.173fcbd9f03e148d', 'type': 'Normal', 'message': 'Scaled up replica set kube-znn-5fb97667db to 2', 'dateevent': '2023-02-01 20:02:03+00:00', 'image': 'cmendes/znn:800k', 'replicas': 2, 'imageChanges': 0, 'replicasChanges': 2}

{'name': 'kube-znn.173fcbdac9c44581', 'type': 'Normal', 'message': 'Scaled up replica set kube-znn-5fb97667db to 3', 'dateevent': '2023-02-01 20:02:06+00:00', 'image': 'cmendes/znn:800k', 'replicas': 3, 'imageChanges': 0, 'replicasChanges': 3}

{'name': 'kube-znn.173fcbdbf33e841e', 'type': 'Normal', 'message': 'Scaled up replica set kube-znn-5fb97667db to 4', 'dateevent': '2023-02-01 20:02:11+00:00', 'image': 'cmendes/znn:800k', 'replicas': 4, 'imageChanges': 0, 'replicasChanges': 4}

{'name': 'kube-znn.173fcbdd219cb1d7', 'type': 'Normal', 'message': 'Scaled up replica set kube-znn-5fb97667db to 5', 'dateevent': '2023-02-01 20:02:17+00:00', 'image': 'cmendes/znn:800k', 'replicas': 5, 'imageChanges': 0, 'replicasChanges': 5}

{'name': 'kube-znn.173fcbde45143d76', 'type': 'Normal', 'message': 'Scaled up replica set kube-znn-5fb97667db to 6', 'dateevent': '2023-02-01 20:02:21+00:00', 'image': 'cmendes/znn:800k', 'replicas': 6, 'imageChanges': 0, 'replicasChanges': 6}

{'name': 'kube-znn.173fcbdf6e8e9e65', 'type': 'Normal', 'message': 'Scaled up replica set kube-znn-5fb97667db to 7', 'dateevent': '2023-02-01 20:02:26+00:00', 'image': 'cmendes/znn:800k', 'replicas': 7, 'imageChanges': 0, 'replicasChanges': 7}

{'name': 'kube-znn.173fcbe09a26dd27', 'type': 'Normal', 'message': 'Scaled up replica set kube-znn-5fb97667db to 8', 'dateevent': '2023-02-01 20:02:31+00:00', 'image': 'cmendes/znn:800k', 'replicas': 8, 'imageChanges': 0, 'replicasChanges': 8}

{'name': 'kube-znn.173fcbe1c417a9fd', 'type': 'Normal', 'message': 'Scaled up replica set kube-znn-5fb97667db to 9', 'dateevent': '2023-02-01 20:02:36+00:00', 'image': 'cmendes/znn:800k', 'replicas': 9, 'imageChanges': 0, 'replicasChanges': 9}

{'name': 'kube-znn.173fcbe2ec57954e', 'type': 'Normal', 'message': '(combined from similar events): Scaled up replica set kube-znn-5fb97667db to 10', 'dateevent': '2023-02-01 20:02:41+00:00', 'image': 'cmendes/znn:800k', 'replicas': 10, 'imageChanges': 0, 'replicasChanges': 10}

{'name': 'kube-znn.173fcbe2ec57954e', 'type': 'Normal', 'message': '(combined from similar events): Scaled up replica set kube-znn-6978979d84 to 3', 'dateevent': '2023-02-01 20:02:41+00:00', 'image': 'cmendes/znn:600k', 'replicas': 10, 'imageChanges': 1, 'replicasChanges': 10}

{'name': 'kube-znn.173fcbe2ec57954e', 'type': 'Normal', 'message': '(combined from similar events): Scaled down replica set kube-znn-5fb97667db to 9', 'dateevent': '2023-02-01 20:02:41+00:00', 'image': 'cmendes/znn:600k', 'replicas': 10, 'imageChanges': 1, 'replicasChanges': 10}

{'name': 'kube-znn.173fcbe2ec57954e', 'type': 'Normal', 'message': '(combined from similar events): Scaled down replica set kube-znn-5fb97667db to 8', 'dateevent': '2023-02-01 20:02:41+00:00', 'image': 'cmendes/znn:600k', 'replicas': 10, 'imageChanges': 1, 'replicasChanges': 10}

{'name': 'kube-znn.173fcbe2ec57954e', 'type': 'Normal', 'message': '(combined from similar events): Scaled up replica set kube-znn-6978979d84 to 5', 'dateevent': '2023-02-01 20:02:41+00:00', 'image': 'cmendes/znn:600k', 'replicas': 10, 'imageChanges': 1, 'replicasChanges': 10}

{'name': 'kube-znn.173fcbe2ec57954e', 'type': 'Normal', 'message': '(combined from similar events): Scaled down replica set kube-znn-6978979d84 to 0', 'dateevent': '2023-02-01 20:02:41+00:00', 'image': 'cmendes/znn:400k', 'replicas': 10, 'imageChanges': 2, 'replicasChanges': 10}

{'name': 'kube-znn.173fcbe2ec57954e', 'type': 'Normal', 'message': '(combined from similar events): Scaled up replica set kube-znn-f8d56c578 to 5', 'dateevent': '2023-02-01 20:02:41+00:00', 'image': 'cmendes/znn:400k', 'replicas': 10, 'imageChanges': 2, 'replicasChanges': 10}

{'name': 'kube-znn.173fcbe2ec57954e', 'type': 'Normal', 'message': '(combined from similar events): Scaled down replica set kube-znn-5fb97667db to 4', 'dateevent': '2023-02-01 20:02:41+00:00', 'image': 'cmendes/znn:400k', 'replicas': 5, 'imageChanges': 2, 'replicasChanges': 11}

{'name': 'kube-znn.173fcbe2ec57954e', 'type': 'Normal', 'message': '(combined from similar events): Scaled down replica set kube-znn-f8d56c578 to 3', 'dateevent': '2023-02-01 20:02:41+00:00', 'image': 'cmendes/znn:400k', 'replicas': 5, 'imageChanges': 2, 'replicasChanges': 11}

{'name': 'kube-znn.173fcbe2ec57954e', 'type': 'Normal', 'message': '(combined from similar events): Scaled down replica set kube-znn-5fb97667db to 3', 'dateevent': '2023-02-01 20:02:41+00:00', 'image': 'cmendes/znn:400k', 'replicas': 5, 'imageChanges': 2, 'replicasChanges': 11}

{'name': 'kube-znn.173fcbe2ec57954e', 'type': 'Normal', 'message': '(combined from similar events): Scaled up replica set kube-znn-f8d56c578 to 4', 'dateevent': '2023-02-01 20:02:41+00:00', 'image': 'cmendes/znn:400k', 'replicas': 5, 'imageChanges': 2, 'replicasChanges': 11}

{'name': 'kube-znn.173fcbe2ec57954e', 'type': 'Normal', 'message': '(combined from similar events): Scaled down replica set kube-znn-5fb97667db to 2', 'dateevent': '2023-02-01 20:02:41+00:00', 'image': 'cmendes/znn:400k', 'replicas': 5, 'imageChanges': 2, 'replicasChanges': 11}

{'name': 'kube-znn.173fcbee635d3286', 'type': 'Normal', 'message': 'Scaled up replica set kube-znn-f8d56c578 to 5', 'dateevent': '2023-02-01 20:03:31+00:00', 'image': 'cmendes/znn:400k', 'replicas': 5, 'imageChanges': 2, 'replicasChanges': 11}

{'name': 'kube-znn.173fcbe2ec57954e', 'type': 'Normal', 'message': '(combined from similar events): Scaled down replica set kube-znn-5fb97667db to 1', 'dateevent': '2023-02-01 20:02:41+00:00', 'image': 'cmendes/znn:400k', 'replicas': 5, 'imageChanges': 2, 'replicasChanges': 11}

{'name': 'kube-znn.173fcbe2ec57954e', 'type': 'Normal', 'message': '(combined from similar events): Scaled down replica set kube-znn-5fb97667db to 0', 'dateevent': '2023-02-01 20:02:41+00:00', 'image': 'cmendes/znn:400k', 'replicas': 5, 'imageChanges': 2, 'replicasChanges': 11}

{'name': 'kube-znn.173fcbe2ec57954e', 'type': 'Normal', 'message': '(combined from similar events): Scaled up replica set kube-znn-6978979d84 to 2', 'dateevent': '2023-02-01 20:02:41+00:00', 'image': 'cmendes/znn:600k', 'replicas': 5, 'imageChanges': 3, 'replicasChanges': 11}

{'name': 'kube-znn.173fcbe2ec57954e', 'type': 'Normal', 'message': '(combined from similar events): Scaled down replica set kube-znn-f8d56c578 to 4', 'dateevent': '2023-02-01 20:02:41+00:00', 'image': 'cmendes/znn:600k', 'replicas': 5, 'imageChanges': 3, 'replicasChanges': 11}

{'name': 'kube-znn.173fcc000633b4e5', 'type': 'Normal', 'message': 'Scaled up replica set kube-znn-6978979d84 to 1', 'dateevent': '2023-02-01 20:08:01+00:00', 'image': 'cmendes/znn:600k', 'replicas': 1, 'imageChanges': 3, 'replicasChanges': 12}

Reading file: VersionA-Monolithic
Reading file: VersionB-MicroControllers
Reading file: VersionC-WithFailureManagerMetaController
Reading file: VersionC-ZTemp
