Reading file: automatingDataGeneration.sh
Reading file: CLong10
Reading file: CLong10.7z
Reading file: Evaluation-ZNN.7z
Reading file: fidelitya-778c6c6b8b-lzzsb_tracing_20230129_021350.log

fidelitya data

2023-01-29 05:16:57 : t0:raiseFidelity

2023-01-29 05:17:02 : t0:raiseFidelity

2023-01-29 05:17:32 : t0:raiseFidelity

2023-01-29 05:17:37 : t0:raiseFidelity

2023-01-29 05:17:42 : t0:raiseFidelity

2023-01-29 05:17:47 : t0:raiseFidelity

2023-01-29 05:18:22 : t0:raiseFidelity

2023-01-29 05:18:27 : t0:raiseFidelity

2023-01-29 05:18:57 : t0:raiseFidelity

2023-01-29 05:19:02 : t0:raiseFidelity

2023-01-29 05:19:07 : t0:raiseFidelity

2023-01-29 05:19:12 : t0:raiseFidelity

2023-01-29 05:19:17 : t0:raiseFidelity

2023-01-29 05:19:22 : t0:raiseFidelity

2023-01-29 05:19:27 : t0:raiseFidelity

2023-01-29 05:19:32 : t0:raiseFidelity

2023-01-29 05:19:37 : t0:raiseFidelity

2023-01-29 05:19:42 : t0:raiseFidelity

2023-01-29 05:19:47 : t0:raiseFidelity

2023-01-29 05:19:52 : t0:raiseFidelity

2023-01-29 05:19:57 : t0:raiseFidelity

2023-01-29 05:20:02 : t0:raiseFidelity

2023-01-29 05:20:07 : t0:raiseFidelity

2023-01-29 05:20:12 : t0:raiseFidelity

2023-01-29 05:20:17 : t0:raiseFidelity

2023-01-29 05:20:22 : t0:raiseFidelity

2023-01-29 05:20:27 : t0:raiseFidelity

2023-01-29 05:20:32 : t0:raiseFidelity

2023-01-29 05:20:37 : t0:raiseFidelity

2023-01-29 05:20:42 : t0:raiseFidelity

2023-01-29 05:20:47 : t0:raiseFidelity

2023-01-29 05:20:52 : t0:raiseFidelity

2023-01-29 05:20:57 : t0:raiseFidelity

2023-01-29 05:21:02 : t0:raiseFidelity

2023-01-29 05:21:07 : t0:raiseFidelity

2023-01-29 05:21:12 : t0:raiseFidelity

2023-01-29 05:21:17 : t0:raiseFidelity

2023-01-29 05:21:22 : t0:raiseFidelity

2023-01-29 05:21:27 : t0:raiseFidelity

2023-01-29 05:21:32 : t0:raiseFidelity

2023-01-29 05:21:37 : t0:raiseFidelity

2023-01-29 05:21:42 : t0:raiseFidelity

2023-01-29 05:21:47 : t0:raiseFidelity

2023-01-29 05:21:52 : t0:raiseFidelity

2023-01-29 05:21:57 : t0:raiseFidelity

2023-01-29 05:22:02 : t0:raiseFidelity

2023-01-29 05:22:07 : t0:raiseFidelity

2023-01-29 05:22:12 : t0:raiseFidelity

2023-01-29 05:22:17 : t0:raiseFidelity

2023-01-29 05:22:22 : t0:raiseFidelity

2023-01-29 05:22:27 : t0:raiseFidelity

2023-01-29 05:22:32 : t0:raiseFidelity

2023-01-29 05:22:37 : t0:raiseFidelity

2023-01-29 05:22:42 : t0:raiseFidelity

2023-01-29 05:22:47 : t0:raiseFidelity

2023-01-29 05:22:52 : t0:raiseFidelity

2023-01-29 05:22:57 : t0:raiseFidelity

2023-01-29 05:23:02 : t0:raiseFidelity

2023-01-29 05:23:07 : t0:raiseFidelity

2023-01-29 05:23:12 : t0:raiseFidelity

2023-01-29 05:23:17 : t0:raiseFidelity

2023-01-29 05:23:22 : t0:raiseFidelity

2023-01-29 05:23:27 : t0:raiseFidelity

2023-01-29 05:23:32 : t0:raiseFidelity

2023-01-29 05:23:37 : t0:raiseFidelity

2023-01-29 05:23:42 : t0:raiseFidelity

2023-01-29 05:23:47 : t0:raiseFidelity

2023-01-29 05:23:52 : t0:raiseFidelity

2023-01-29 05:23:57 : t0:raiseFidelity

2023-01-29 05:24:02 : t0:raiseFidelity

2023-01-29 05:24:07 : t0:raiseFidelity

2023-01-29 05:24:12 : t0:raiseFidelity

2023-01-29 05:24:17 : t0:raiseFidelity

2023-01-29 05:24:22 : t0:raiseFidelity

Reading file: generateLogs002528
Reading file: generateLogs005657
Reading file: generateLogs011949
Reading file: generateLogs015458
Reading file: generateLogs121929
Reading file: generateLogs124558
Reading file: generateLogs131507
Reading file: generateLogs134342
Reading file: generateLogs140938
Reading file: generateLogs144032
Reading file: generateLogs150618
Reading file: generateLogs153301
Reading file: generateLogs155714
Reading file: generateLogs162553
Reading file: generateLogs164354
Reading file: generateLogs171441
Reading file: generateLogs174448
Reading file: generateLogs181031
Reading file: generateLogs184508
Reading file: generateLogs190356
Reading file: generateLogs192553
Reading file: generateLogs195446
Reading file: generateLogs2.sh
Reading file: generateLogs202030
Reading file: generateLogs205105
Reading file: generateLogs211405
Reading file: generateLogs214402
Reading file: generateLogs221119
Reading file: generateLogs225030
Reading file: generateLogs230943
Reading file: generateLogs232434
Reading file: k6-lmlv7_tracing_20230129_021350.log
Reading file: metacontroller-kubow-8479d7588d-vkx2r_tracing_20230129_021350.log

MetaController data

2023-01-29 05:14:49 : t0:activateLowScalabilityHighQuality

2023-01-29 05:14:59 : t0:addLowScalabilityLowQuality

2023-01-29 05:15:39 : t0:activateLowScalabilityHighQuality

2023-01-29 05:15:44 : t0:addLowScalabilityLowQuality

2023-01-29 05:16:29 : t0:addHighScalabilityHighQuality

Reading file: README.md
Reading file: scalabilitya-78d6cbbc7d-blzll_tracing_20230129_021350.log

scalabilitya data

2023-01-29 05:16:51 : t0:removeReplica

2023-01-29 05:17:41 : t0:removeReplica

2023-01-29 05:17:46 : t0:removeReplica

2023-01-29 05:18:21 : t0:removeReplica

Reading file: summary-trace-znn.log
Reading file: temp
Reading file: temp2701
Reading file: test
Reading file: tools
Reading file: traceznn_20230129_021350.log

Trace znn data

{'name': 'kube-znn-db.173eaed1694209d7', 'type': 'Normal', 'message': 'Scaled up replica set kube-znn-db-6cc48797cf to 1', 'dateevent': '2023-01-29 04:58:45+00:00', 'image': 'cmendes/znn:800k', 'replicas': 1, 'imageChanges': 0, 'replicasChanges': 1}

{'name': 'kube-znn.173eaed1677ac39b', 'type': 'Normal', 'message': 'Scaled up replica set kube-znn-68bd9d6b5b to 1', 'dateevent': '2023-01-29 04:58:45+00:00', 'image': 'cmendes/znn:800k', 'replicas': 1, 'imageChanges': 0, 'replicasChanges': 1}

{'name': 'kube-znn.173eafa78dc63892', 'type': 'Normal', 'message': 'Scaled up replica set kube-znn-68bd9d6b5b to 2', 'dateevent': '2023-01-29 05:14:05+00:00', 'image': 'cmendes/znn:800k', 'replicas': 2, 'imageChanges': 0, 'replicasChanges': 2}

{'name': 'kube-znn.173eafa86aca8d09', 'type': 'Normal', 'message': 'Scaled up replica set kube-znn-68bd9d6b5b to 3', 'dateevent': '2023-01-29 05:14:09+00:00', 'image': 'cmendes/znn:800k', 'replicas': 3, 'imageChanges': 0, 'replicasChanges': 3}

{'name': 'kube-znn.173eafa9996c3d1e', 'type': 'Normal', 'message': 'Scaled up replica set kube-znn-68bd9d6b5b to 4', 'dateevent': '2023-01-29 05:14:14+00:00', 'image': 'cmendes/znn:800k', 'replicas': 4, 'imageChanges': 0, 'replicasChanges': 4}

{'name': 'kube-znn.173eafaabe18d373', 'type': 'Normal', 'message': 'Scaled up replica set kube-znn-68bd9d6b5b to 5', 'dateevent': '2023-01-29 05:14:19+00:00', 'image': 'cmendes/znn:800k', 'replicas': 5, 'imageChanges': 0, 'replicasChanges': 5}

{'name': 'kube-znn.173eafabe5e479b6', 'type': 'Normal', 'message': 'Scaled up replica set kube-znn-68bd9d6b5b to 6', 'dateevent': '2023-01-29 05:14:24+00:00', 'image': 'cmendes/znn:800k', 'replicas': 6, 'imageChanges': 0, 'replicasChanges': 6}

{'name': 'kube-znn.173eafad121341be', 'type': 'Normal', 'message': 'Scaled up replica set kube-znn-68bd9d6b5b to 7', 'dateevent': '2023-01-29 05:14:29+00:00', 'image': 'cmendes/znn:800k', 'replicas': 7, 'imageChanges': 0, 'replicasChanges': 7}

{'name': 'kube-znn.173eafae39d5ac2d', 'type': 'Normal', 'message': 'Scaled up replica set kube-znn-68bd9d6b5b to 8', 'dateevent': '2023-01-29 05:14:34+00:00', 'image': 'cmendes/znn:800k', 'replicas': 8, 'imageChanges': 0, 'replicasChanges': 8}

{'name': 'kube-znn.173eafaf667aff4c', 'type': 'Normal', 'message': 'Scaled up replica set kube-znn-68bd9d6b5b to 9', 'dateevent': '2023-01-29 05:14:39+00:00', 'image': 'cmendes/znn:800k', 'replicas': 9, 'imageChanges': 0, 'replicasChanges': 9}

{'name': 'kube-znn.173eafb08fff1136', 'type': 'Normal', 'message': 'Scaled up replica set kube-znn-68bd9d6b5b to 10', 'dateevent': '2023-01-29 05:14:44+00:00', 'image': 'cmendes/znn:800k', 'replicas': 10, 'imageChanges': 0, 'replicasChanges': 10}

{'name': 'kube-znn.173eafb2baed2406', 'type': 'Normal', 'message': '(combined from similar events): Scaled up replica set kube-znn-7cbbf89f8 to 3', 'dateevent': '2023-01-29 05:14:53+00:00', 'image': 'cmendes/znn:600k', 'replicas': 10, 'imageChanges': 1, 'replicasChanges': 10}

{'name': 'kube-znn.173eafb2baed2406', 'type': 'Normal', 'message': '(combined from similar events): Scaled down replica set kube-znn-68bd9d6b5b to 8', 'dateevent': '2023-01-29 05:14:53+00:00', 'image': 'cmendes/znn:600k', 'replicas': 10, 'imageChanges': 1, 'replicasChanges': 10}

{'name': 'kube-znn.173eafb2baed2406', 'type': 'Normal', 'message': '(combined from similar events): Scaled up replica set kube-znn-7cbbf89f8 to 5', 'dateevent': '2023-01-29 05:14:53+00:00', 'image': 'cmendes/znn:600k', 'replicas': 10, 'imageChanges': 1, 'replicasChanges': 10}

{'name': 'kube-znn.173eafb2baed2406', 'type': 'Normal', 'message': '(combined from similar events): Scaled down replica set kube-znn-68bd9d6b5b to 3', 'dateevent': '2023-01-29 05:14:53+00:00', 'image': 'cmendes/znn:100k', 'replicas': 10, 'imageChanges': 2, 'replicasChanges': 10}

{'name': 'kube-znn.173eafb2baed2406', 'type': 'Normal', 'message': '(combined from similar events): Scaled up replica set kube-znn-7995d9b499 to 5', 'dateevent': '2023-01-29 05:14:53+00:00', 'image': 'cmendes/znn:100k', 'replicas': 10, 'imageChanges': 2, 'replicasChanges': 10}

{'name': 'kube-znn.173eafb2baed2406', 'type': 'Normal', 'message': '(combined from similar events): Scaled down replica set kube-znn-7cbbf89f8 to 2', 'dateevent': '2023-01-29 05:14:53+00:00', 'image': 'cmendes/znn:100k', 'replicas': 4, 'imageChanges': 2, 'replicasChanges': 11}

{'name': 'kube-znn.173eafb2baed2406', 'type': 'Normal', 'message': '(combined from similar events): Scaled down replica set kube-znn-7995d9b499 to 2', 'dateevent': '2023-01-29 05:14:53+00:00', 'image': 'cmendes/znn:100k', 'replicas': 4, 'imageChanges': 2, 'replicasChanges': 11}

{'name': 'kube-znn.173eafb2baed2406', 'type': 'Normal', 'message': '(combined from similar events): Scaled down replica set kube-znn-68bd9d6b5b to 1', 'dateevent': '2023-01-29 05:14:53+00:00', 'image': 'cmendes/znn:100k', 'replicas': 4, 'imageChanges': 2, 'replicasChanges': 11}

{'name': 'kube-znn.173eafb2baed2406', 'type': 'Normal', 'message': '(combined from similar events): Scaled down replica set kube-znn-7cbbf89f8 to 1', 'dateevent': '2023-01-29 05:14:53+00:00', 'image': 'cmendes/znn:100k', 'replicas': 4, 'imageChanges': 2, 'replicasChanges': 11}

{'name': 'kube-znn.173eafb2baed2406', 'type': 'Normal', 'message': '(combined from similar events): Scaled up replica set kube-znn-7995d9b499 to 3', 'dateevent': '2023-01-29 05:14:53+00:00', 'image': 'cmendes/znn:100k', 'replicas': 4, 'imageChanges': 2, 'replicasChanges': 11}

{'name': 'kube-znn.173eafb2baed2406', 'type': 'Normal', 'message': '(combined from similar events): Scaled down replica set kube-znn-68bd9d6b5b to 0', 'dateevent': '2023-01-29 05:14:53+00:00', 'image': 'cmendes/znn:100k', 'replicas': 4, 'imageChanges': 2, 'replicasChanges': 11}

{'name': 'kube-znn.173eafb2baed2406', 'type': 'Normal', 'message': '(combined from similar events): Scaled up replica set kube-znn-7995d9b499 to 4', 'dateevent': '2023-01-29 05:14:53+00:00', 'image': 'cmendes/znn:100k', 'replicas': 4, 'imageChanges': 2, 'replicasChanges': 11}

{'name': 'kube-znn.173eafb2baed2406', 'type': 'Normal', 'message': '(combined from similar events): Scaled down replica set kube-znn-7995d9b499 to 2', 'dateevent': '2023-01-29 05:14:53+00:00', 'image': 'cmendes/znn:800k', 'replicas': 4, 'imageChanges': 3, 'replicasChanges': 11}

{'name': 'kube-znn.173eafb2baed2406', 'type': 'Normal', 'message': '(combined from similar events): Scaled up replica set kube-znn-68bd9d6b5b to 2', 'dateevent': '2023-01-29 05:14:53+00:00', 'image': 'cmendes/znn:800k', 'replicas': 4, 'imageChanges': 3, 'replicasChanges': 11}

{'name': 'kube-znn.173eafb2baed2406', 'type': 'Normal', 'message': '(combined from similar events): Scaled down replica set kube-znn-7cbbf89f8 to 0', 'dateevent': '2023-01-29 05:14:53+00:00', 'image': 'cmendes/znn:800k', 'replicas': 4, 'imageChanges': 3, 'replicasChanges': 11}

{'name': 'kube-znn.173eafb2baed2406', 'type': 'Normal', 'message': '(combined from similar events): Scaled up replica set kube-znn-68bd9d6b5b to 3', 'dateevent': '2023-01-29 05:14:53+00:00', 'image': 'cmendes/znn:800k', 'replicas': 4, 'imageChanges': 3, 'replicasChanges': 11}

Reading file: VersionA-Monolithic
Reading file: VersionB-MicroControllers
Reading file: VersionC-WithFailureManagerMetaController
Reading file: VersionC-ZTemp
