Reading file: automatingDataGeneration.sh
Reading file: Evaluation-ZNN.7z
Reading file: fidelityb-657db6797b-ttm9q_tracing_20230127_175102.log

fidelityb data

2023-01-27 20:56:36 : t0:raiseFidelity

2023-01-27 20:56:41 : t0:raiseFidelity

Reading file: generateLogs171220
Reading file: generateLogs172658
Reading file: generateLogs174232
Reading file: generateLogs2.sh
Reading file: k6-gj694_tracing_20230127_175102.log
Reading file: metacontroller-kubow-8479d7588d-xdcck_tracing_20230127_175102.log

MetaController data

2023-01-27 20:51:53 : t0:activateLowScalabilityHighQuality

2023-01-27 20:52:03 : t0:addLowScalabilityLowQuality

2023-01-27 20:52:38 : t0:activateLowScalabilityHighQuality

2023-01-27 20:52:43 : t0:addLowScalabilityLowQuality

2023-01-27 20:53:33 : t0:activateLowScalabilityHighQuality

2023-01-27 20:53:48 : t0:addLowScalabilityLowQuality

2023-01-27 20:54:28 : t0:activateLowScalabilityHighQuality

2023-01-27 20:54:43 : t0:addLowScalabilityLowQuality

2023-01-27 20:55:58 : t0:activateLowScalabilityHighQuality

2023-01-27 20:56:03 : t0:addHighScalabilityHighQuality

2023-01-27 20:56:08 : t0:addLowScalabilityLowQuality

Reading file: README.md
Reading file: scalabilityb-b6769c8b6-fhljm_tracing_20230127_175102.log

scalabilityb data

2023-01-27 20:56:34 : t0:removeReplica

Reading file: summary-trace-znn.log
Reading file: temp
Reading file: temp2701
Reading file: test
Reading file: tools
Reading file: traceznn_20230127_175102.log

Trace znn data

{'name': 'kube-znn-db.173e455e0b60ff9d', 'type': 'Normal', 'message': 'Scaled up replica set kube-znn-db-6cc48797cf to 1', 'dateevent': '2023-01-27 20:46:21+00:00', 'image': 'cmendes/znn:800k', 'replicas': 1, 'imageChanges': 0, 'replicasChanges': 1}

{'name': 'kube-znn.173e455e0a3a05f0', 'type': 'Normal', 'message': 'Scaled up replica set kube-znn-68bd9d6b5b to 1', 'dateevent': '2023-01-27 20:46:21+00:00', 'image': 'cmendes/znn:800k', 'replicas': 1, 'imageChanges': 0, 'replicasChanges': 1}

{'name': 'kube-znn.173e45a150bcc896', 'type': 'Normal', 'message': 'Scaled up replica set kube-znn-68bd9d6b5b to 2', 'dateevent': '2023-01-27 20:51:10+00:00', 'image': 'cmendes/znn:800k', 'replicas': 2, 'imageChanges': 0, 'replicasChanges': 2}

{'name': 'kube-znn.173e45a2377be150', 'type': 'Normal', 'message': 'Scaled up replica set kube-znn-68bd9d6b5b to 3', 'dateevent': '2023-01-27 20:51:14+00:00', 'image': 'cmendes/znn:800k', 'replicas': 3, 'imageChanges': 0, 'replicasChanges': 3}

{'name': 'kube-znn.173e45a363896ef7', 'type': 'Normal', 'message': 'Scaled up replica set kube-znn-68bd9d6b5b to 4', 'dateevent': '2023-01-27 20:51:19+00:00', 'image': 'cmendes/znn:800k', 'replicas': 4, 'imageChanges': 0, 'replicasChanges': 4}

{'name': 'kube-znn.173e45a48937cee1', 'type': 'Normal', 'message': 'Scaled up replica set kube-znn-68bd9d6b5b to 5', 'dateevent': '2023-01-27 20:51:24+00:00', 'image': 'cmendes/znn:800k', 'replicas': 5, 'imageChanges': 0, 'replicasChanges': 5}

{'name': 'kube-znn.173e45a5b1fd76ab', 'type': 'Normal', 'message': 'Scaled up replica set kube-znn-68bd9d6b5b to 6', 'dateevent': '2023-01-27 20:51:29+00:00', 'image': 'cmendes/znn:800k', 'replicas': 6, 'imageChanges': 0, 'replicasChanges': 6}

{'name': 'kube-znn.173e45a6dc757582', 'type': 'Normal', 'message': 'Scaled up replica set kube-znn-68bd9d6b5b to 7', 'dateevent': '2023-01-27 20:51:34+00:00', 'image': 'cmendes/znn:800k', 'replicas': 7, 'imageChanges': 0, 'replicasChanges': 7}

{'name': 'kube-znn.173e45a807c9deac', 'type': 'Normal', 'message': 'Scaled up replica set kube-znn-68bd9d6b5b to 8', 'dateevent': '2023-01-27 20:51:39+00:00', 'image': 'cmendes/znn:800k', 'replicas': 8, 'imageChanges': 0, 'replicasChanges': 8}

{'name': 'kube-znn.173e45a931026bda', 'type': 'Normal', 'message': 'Scaled up replica set kube-znn-68bd9d6b5b to 9', 'dateevent': '2023-01-27 20:51:44+00:00', 'image': 'cmendes/znn:800k', 'replicas': 9, 'imageChanges': 0, 'replicasChanges': 9}

{'name': 'kube-znn.173e45aa5af1ea19', 'type': 'Normal', 'message': '(combined from similar events): Scaled up replica set kube-znn-68bd9d6b5b to 10', 'dateevent': '2023-01-27 20:51:49+00:00', 'image': 'cmendes/znn:800k', 'replicas': 10, 'imageChanges': 0, 'replicasChanges': 10}

{'name': 'kube-znn.173e45aa5af1ea19', 'type': 'Normal', 'message': '(combined from similar events): Scaled up replica set kube-znn-7cbbf89f8 to 3', 'dateevent': '2023-01-27 20:51:49+00:00', 'image': 'cmendes/znn:600k', 'replicas': 10, 'imageChanges': 1, 'replicasChanges': 10}

{'name': 'kube-znn.173e45aa5af1ea19', 'type': 'Normal', 'message': '(combined from similar events): Scaled down replica set kube-znn-68bd9d6b5b to 8', 'dateevent': '2023-01-27 20:51:49+00:00', 'image': 'cmendes/znn:600k', 'replicas': 10, 'imageChanges': 1, 'replicasChanges': 10}

{'name': 'kube-znn.173e45aa5af1ea19', 'type': 'Normal', 'message': '(combined from similar events): Scaled up replica set kube-znn-7cbbf89f8 to 5', 'dateevent': '2023-01-27 20:51:49+00:00', 'image': 'cmendes/znn:600k', 'replicas': 10, 'imageChanges': 1, 'replicasChanges': 10}

{'name': 'kube-znn.173e45aa5af1ea19', 'type': 'Normal', 'message': '(combined from similar events): Scaled down replica set kube-znn-68bd9d6b5b to 3', 'dateevent': '2023-01-27 20:51:49+00:00', 'image': 'cmendes/znn:600k', 'replicas': 4, 'imageChanges': 1, 'replicasChanges': 11}

{'name': 'kube-znn.173e45aa5af1ea19', 'type': 'Normal', 'message': '(combined from similar events): Scaled down replica set kube-znn-7cbbf89f8 to 2', 'dateevent': '2023-01-27 20:51:49+00:00', 'image': 'cmendes/znn:600k', 'replicas': 4, 'imageChanges': 1, 'replicasChanges': 11}

{'name': 'kube-znn.173e45aa5af1ea19', 'type': 'Normal', 'message': '(combined from similar events): Scaled up replica set kube-znn-68bd9d6b5b to 8', 'dateevent': '2023-01-27 20:51:49+00:00', 'image': 'cmendes/znn:100k', 'replicas': 10, 'imageChanges': 2, 'replicasChanges': 12}

{'name': 'kube-znn.173e45aa5af1ea19', 'type': 'Normal', 'message': '(combined from similar events): Scaled up replica set kube-znn-7cbbf89f8 to 5', 'dateevent': '2023-01-27 20:51:49+00:00', 'image': 'cmendes/znn:100k', 'replicas': 10, 'imageChanges': 2, 'replicasChanges': 12}

{'name': 'kube-znn.173e45b47cc31dd1', 'type': 'Normal', 'message': 'Scaled down replica set kube-znn-68bd9d6b5b to 3', 'dateevent': '2023-01-27 20:52:32+00:00', 'image': 'cmendes/znn:100k', 'replicas': 10, 'imageChanges': 2, 'replicasChanges': 12}

{'name': 'kube-znn.173e45aa5af1ea19', 'type': 'Normal', 'message': '(combined from similar events): Scaled up replica set kube-znn-7995d9b499 to 5', 'dateevent': '2023-01-27 20:51:49+00:00', 'image': 'cmendes/znn:100k', 'replicas': 10, 'imageChanges': 2, 'replicasChanges': 12}

{'name': 'kube-znn.173e45aa5af1ea19', 'type': 'Normal', 'message': '(combined from similar events): Scaled down replica set kube-znn-68bd9d6b5b to 2', 'dateevent': '2023-01-27 20:51:49+00:00', 'image': 'cmendes/znn:100k', 'replicas': 10, 'imageChanges': 2, 'replicasChanges': 12}

{'name': 'kube-znn.173e45aa5af1ea19', 'type': 'Normal', 'message': '(combined from similar events): Scaled up replica set kube-znn-7995d9b499 to 6', 'dateevent': '2023-01-27 20:51:49+00:00', 'image': 'cmendes/znn:100k', 'replicas': 10, 'imageChanges': 2, 'replicasChanges': 12}

{'name': 'kube-znn.173e45aa5af1ea19', 'type': 'Normal', 'message': '(combined from similar events): Scaled down replica set kube-znn-68bd9d6b5b to 0', 'dateevent': '2023-01-27 20:51:49+00:00', 'image': 'cmendes/znn:200k', 'replicas': 10, 'imageChanges': 3, 'replicasChanges': 12}

{'name': 'kube-znn.173e45aa5af1ea19', 'type': 'Normal', 'message': '(combined from similar events): Scaled down replica set kube-znn-7cbbf89f8 to 2', 'dateevent': '2023-01-27 20:51:49+00:00', 'image': 'cmendes/znn:200k', 'replicas': 10, 'imageChanges': 3, 'replicasChanges': 12}

{'name': 'kube-znn.173e45aa5af1ea19', 'type': 'Normal', 'message': '(combined from similar events): Scaled up replica set kube-znn-86cccc748b to 5', 'dateevent': '2023-01-27 20:51:49+00:00', 'image': 'cmendes/znn:200k', 'replicas': 10, 'imageChanges': 3, 'replicasChanges': 12}

{'name': 'kube-znn.173e45aa5af1ea19', 'type': 'Normal', 'message': '(combined from similar events): Scaled down replica set kube-znn-7cbbf89f8 to 1', 'dateevent': '2023-01-27 20:51:49+00:00', 'image': 'cmendes/znn:20k', 'replicas': 10, 'imageChanges': 4, 'replicasChanges': 12}

{'name': 'kube-znn.173e45aa5af1ea19', 'type': 'Normal', 'message': '(combined from similar events): Scaled down replica set kube-znn-7995d9b499 to 2', 'dateevent': '2023-01-27 20:51:49+00:00', 'image': 'cmendes/znn:20k', 'replicas': 10, 'imageChanges': 4, 'replicasChanges': 12}

{'name': 'kube-znn.173e45aa5af1ea19', 'type': 'Normal', 'message': '(combined from similar events): Scaled down replica set kube-znn-7995d9b499 to 0', 'dateevent': '2023-01-27 20:51:49+00:00', 'image': 'cmendes/znn:200k', 'replicas': 10, 'imageChanges': 5, 'replicasChanges': 12}

Reading file: VersionA-Monolithic
Reading file: VersionB-MicroControllers
Reading file: VersionC-WithFailureManagerMetaController
Reading file: VersionC-ZTemp
