Reading file: automatingDataGeneration.sh
Reading file: BLong10
Reading file: BLong10_parte1.7z
Reading file: BLong10_parte2.7z
Reading file: BLong10_parte3.7z
Reading file: BShort10
Reading file: BShort10.7z
Reading file: CLong10
Reading file: CLong10.7z
Reading file: CShort10
Reading file: CShort10.7z
Reading file: Evaluation-ZNN.7z
Reading file: fidelitya-5b8dd7f8c7-rfqfd_tracing_20230130_225006.log

fidelitya data

2023-01-31 01:51:15 : t0:lowerFidelity

2023-01-31 01:51:30 : t0:lowerFidelity

2023-01-31 01:51:45 : t0:lowerFidelity

2023-01-31 01:52:00 : t0:lowerFidelity

2023-01-31 01:52:15 : t0:lowerFidelity

2023-01-31 01:52:30 : t0:removeLowQuality

2023-01-31 01:53:05 : t0:raiseFidelity

2023-01-31 01:53:35 : t0:raiseFidelity

2023-01-31 01:53:40 : t0:raiseFidelity

2023-01-31 01:53:45 : t0:raiseFidelity

2023-01-31 01:53:50 : t0:raiseFidelity

2023-01-31 01:53:55 : t0:raiseFidelity

2023-01-31 01:54:00 : t0:raiseFidelity

2023-01-31 01:54:05 : t0:raiseFidelity

2023-01-31 01:54:10 : t0:raiseFidelity

2023-01-31 01:54:15 : t0:raiseFidelity

2023-01-31 01:54:20 : t0:raiseFidelity

2023-01-31 01:54:25 : t0:raiseFidelity

2023-01-31 01:54:30 : t0:raiseFidelity

2023-01-31 01:54:35 : t0:raiseFidelity

2023-01-31 01:54:40 : t0:raiseFidelity

2023-01-31 01:54:45 : t0:raiseFidelity

2023-01-31 01:54:50 : t0:raiseFidelity

2023-01-31 01:54:55 : t0:raiseFidelity

2023-01-31 01:55:00 : t0:raiseFidelity

2023-01-31 01:55:05 : t0:raiseFidelity

2023-01-31 01:55:10 : t0:raiseFidelity

2023-01-31 01:55:15 : t0:raiseFidelity

2023-01-31 01:55:20 : t0:raiseFidelity

2023-01-31 01:55:25 : t0:raiseFidelity

2023-01-31 01:55:30 : t0:raiseFidelity

2023-01-31 01:55:35 : t0:raiseFidelity

2023-01-31 01:55:40 : t0:raiseFidelity

2023-01-31 01:55:45 : t0:raiseFidelity

2023-01-31 01:55:50 : t0:raiseFidelity

2023-01-31 01:55:55 : t0:raiseFidelity

2023-01-31 01:56:00 : t0:raiseFidelity

2023-01-31 01:56:05 : t0:raiseFidelity

2023-01-31 01:56:10 : t0:raiseFidelity

2023-01-31 01:56:15 : t0:raiseFidelity

2023-01-31 01:56:20 : t0:raiseFidelity

2023-01-31 01:56:25 : t0:raiseFidelity

2023-01-31 01:56:30 : t0:raiseFidelity

2023-01-31 01:56:35 : t0:raiseFidelity

2023-01-31 01:56:40 : t0:raiseFidelity

2023-01-31 01:56:45 : t0:raiseFidelity

2023-01-31 01:56:50 : t0:raiseFidelity

2023-01-31 01:56:55 : t0:raiseFidelity

2023-01-31 01:57:00 : t0:raiseFidelity

2023-01-31 01:57:05 : t0:raiseFidelity

2023-01-31 01:57:10 : t0:raiseFidelity

2023-01-31 01:57:15 : t0:raiseFidelity

2023-01-31 01:57:20 : t0:raiseFidelity

2023-01-31 01:57:25 : t0:raiseFidelity

2023-01-31 01:57:30 : t0:raiseFidelity

2023-01-31 01:57:35 : t0:raiseFidelity

2023-01-31 01:57:40 : t0:raiseFidelity

2023-01-31 01:57:45 : t0:raiseFidelity

2023-01-31 01:57:50 : t0:raiseFidelity

2023-01-31 01:57:55 : t0:raiseFidelity

2023-01-31 01:58:00 : t0:raiseFidelity

2023-01-31 01:58:05 : t0:raiseFidelity

2023-01-31 01:58:10 : t0:raiseFidelity

2023-01-31 01:58:15 : t0:raiseFidelity

2023-01-31 01:58:20 : t0:raiseFidelity

2023-01-31 01:58:25 : t0:raiseFidelity

2023-01-31 01:58:30 : t0:raiseFidelity

2023-01-31 01:58:35 : t0:raiseFidelity

2023-01-31 01:58:40 : t0:raiseFidelity

2023-01-31 01:58:45 : t0:raiseFidelity

2023-01-31 01:58:50 : t0:raiseFidelity

2023-01-31 01:58:55 : t0:raiseFidelity

2023-01-31 01:59:00 : t0:raiseFidelity

2023-01-31 01:59:05 : t0:raiseFidelity

Reading file: generateLogs2.sh
Reading file: k6-hzbvh_tracing_20230130_225006.log
Reading file: README.md
Reading file: scalabilityb-66d698fc76-4ttx4_tracing_20230130_225006.log

scalabilityb data

2023-01-31 01:52:19 : t0:removeHighScalability

2023-01-31 01:52:24 : t0:removeHighScalability

2023-01-31 01:52:29 : t0:removeHighScalability

2023-01-31 01:52:34 : t0:removeReplica

2023-01-31 01:53:09 : t0:removeReplica

2023-01-31 01:53:39 : t0:removeReplica

2023-01-31 01:53:44 : t0:removeReplica

2023-01-31 01:53:49 : t0:removeReplica

2023-01-31 01:53:54 : t0:removeReplica

2023-01-31 01:53:59 : t0:removeReplica

2023-01-31 01:54:04 : t0:removeReplica

2023-01-31 01:54:09 : t0:removeReplica

2023-01-31 01:54:14 : t0:removeReplica

2023-01-31 01:54:19 : t0:removeReplica

2023-01-31 01:54:24 : t0:removeReplica

2023-01-31 01:54:29 : t0:removeReplica

2023-01-31 01:54:34 : t0:removeReplica

2023-01-31 01:54:39 : t0:removeReplica

2023-01-31 01:54:44 : t0:removeReplica

2023-01-31 01:54:49 : t0:removeReplica

2023-01-31 01:54:54 : t0:removeReplica

2023-01-31 01:54:59 : t0:removeReplica

2023-01-31 01:55:04 : t0:removeReplica

2023-01-31 01:55:09 : t0:removeReplica

2023-01-31 01:55:14 : t0:removeReplica

2023-01-31 01:55:19 : t0:removeReplica

2023-01-31 01:55:24 : t0:removeReplica

2023-01-31 01:55:29 : t0:removeReplica

2023-01-31 01:55:34 : t0:removeReplica

2023-01-31 01:55:39 : t0:removeReplica

2023-01-31 01:55:44 : t0:removeReplica

2023-01-31 01:55:49 : t0:removeReplica

2023-01-31 01:55:54 : t0:removeReplica

2023-01-31 01:55:59 : t0:removeReplica

2023-01-31 01:56:04 : t0:removeReplica

2023-01-31 01:56:09 : t0:removeReplica

2023-01-31 01:56:14 : t0:removeReplica

2023-01-31 01:56:19 : t0:removeReplica

2023-01-31 01:56:24 : t0:removeReplica

2023-01-31 01:56:29 : t0:removeReplica

2023-01-31 01:56:34 : t0:removeReplica

2023-01-31 01:56:39 : t0:removeReplica

2023-01-31 01:56:44 : t0:removeReplica

2023-01-31 01:56:49 : t0:removeReplica

2023-01-31 01:56:54 : t0:removeReplica

2023-01-31 01:56:59 : t0:removeReplica

2023-01-31 01:57:04 : t0:removeReplica

2023-01-31 01:57:09 : t0:removeReplica

2023-01-31 01:57:14 : t0:removeReplica

2023-01-31 01:57:19 : t0:removeReplica

2023-01-31 01:57:24 : t0:removeReplica

2023-01-31 01:57:29 : t0:removeReplica

2023-01-31 01:57:34 : t0:removeReplica

2023-01-31 01:57:39 : t0:removeReplica

2023-01-31 01:57:44 : t0:removeReplica

2023-01-31 01:57:49 : t0:removeReplica

2023-01-31 01:57:54 : t0:removeReplica

2023-01-31 01:57:59 : t0:removeReplica

2023-01-31 01:58:04 : t0:removeReplica

2023-01-31 01:58:09 : t0:removeReplica

2023-01-31 01:58:14 : t0:removeReplica

2023-01-31 01:58:19 : t0:removeReplica

2023-01-31 01:58:24 : t0:removeReplica

2023-01-31 01:58:29 : t0:removeReplica

2023-01-31 01:58:34 : t0:removeReplica

2023-01-31 01:58:39 : t0:removeReplica

2023-01-31 01:58:44 : t0:removeReplica

2023-01-31 01:58:49 : t0:removeReplica

2023-01-31 01:58:54 : t0:removeReplica

2023-01-31 01:58:59 : t0:removeReplica

2023-01-31 01:59:04 : t0:removeReplica

Reading file: summary-trace-znn.log
Reading file: temp
Reading file: temp2701
Reading file: test
Reading file: tools
Reading file: traceznn_20230130_225006.log

Trace znn data

{'name': 'kube-znn-db.173f415da66cba4d', 'type': 'Normal', 'message': 'Scaled up replica set kube-znn-db-558bb5dd64 to 1', 'dateevent': '2023-01-31 01:44:16+00:00', 'image': 'cmendes/znn:800k', 'replicas': 1, 'imageChanges': 0, 'replicasChanges': 1}

{'name': 'kube-znn.173f415da564252e', 'type': 'Normal', 'message': 'Scaled up replica set kube-znn-744bbbc54b to 1', 'dateevent': '2023-01-31 01:44:16+00:00', 'image': 'cmendes/znn:800k', 'replicas': 1, 'imageChanges': 0, 'replicasChanges': 1}

{'name': 'kube-znn.173f41b1c83b3c77', 'type': 'Normal', 'message': 'Scaled up replica set kube-znn-744bbbc54b to 2', 'dateevent': '2023-01-31 01:50:18+00:00', 'image': 'cmendes/znn:800k', 'replicas': 2, 'imageChanges': 0, 'replicasChanges': 2}

{'name': 'kube-znn.173f41b3c9ed0513', 'type': 'Normal', 'message': 'Scaled up replica set kube-znn-744bbbc54b to 3', 'dateevent': '2023-01-31 01:50:26+00:00', 'image': 'cmendes/znn:800k', 'replicas': 3, 'imageChanges': 0, 'replicasChanges': 3}

{'name': 'kube-znn.173f41b622da43e8', 'type': 'Normal', 'message': 'Scaled up replica set kube-znn-744bbbc54b to 4', 'dateevent': '2023-01-31 01:50:36+00:00', 'image': 'cmendes/znn:800k', 'replicas': 4, 'imageChanges': 0, 'replicasChanges': 4}

{'name': 'kube-znn.173f41b87111e779', 'type': 'Normal', 'message': 'Scaled up replica set kube-znn-744bbbc54b to 5', 'dateevent': '2023-01-31 01:50:46+00:00', 'image': 'cmendes/znn:800k', 'replicas': 5, 'imageChanges': 0, 'replicasChanges': 5}

{'name': 'kube-znn.173f41b99abe6558', 'type': 'Normal', 'message': 'Scaled up replica set kube-znn-744bbbc54b to 6', 'dateevent': '2023-01-31 01:50:51+00:00', 'image': 'cmendes/znn:800k', 'replicas': 6, 'imageChanges': 0, 'replicasChanges': 6}

{'name': 'kube-znn.173f41bac80d0ff5', 'type': 'Normal', 'message': 'Scaled up replica set kube-znn-744bbbc54b to 7', 'dateevent': '2023-01-31 01:50:56+00:00', 'image': 'cmendes/znn:800k', 'replicas': 7, 'imageChanges': 0, 'replicasChanges': 7}

{'name': 'kube-znn.173f41bbef603d4e', 'type': 'Normal', 'message': 'Scaled up replica set kube-znn-744bbbc54b to 8', 'dateevent': '2023-01-31 01:51:01+00:00', 'image': 'cmendes/znn:800k', 'replicas': 8, 'imageChanges': 0, 'replicasChanges': 8}

{'name': 'kube-znn.173f41bd18c1b750', 'type': 'Normal', 'message': 'Scaled up replica set kube-znn-744bbbc54b to 9', 'dateevent': '2023-01-31 01:51:06+00:00', 'image': 'cmendes/znn:800k', 'replicas': 9, 'imageChanges': 0, 'replicasChanges': 9}

{'name': 'kube-znn.173f41be46306917', 'type': 'Normal', 'message': '(combined from similar events): Scaled up replica set kube-znn-744bbbc54b to 10', 'dateevent': '2023-01-31 01:51:11+00:00', 'image': 'cmendes/znn:800k', 'replicas': 10, 'imageChanges': 0, 'replicasChanges': 10}

{'name': 'kube-znn.173f41be46306917', 'type': 'Normal', 'message': '(combined from similar events): Scaled up replica set kube-znn-5c95bd98fb to 3', 'dateevent': '2023-01-31 01:51:11+00:00', 'image': 'cmendes/znn:600k', 'replicas': 10, 'imageChanges': 1, 'replicasChanges': 10}

{'name': 'kube-znn.173f41be46306917', 'type': 'Normal', 'message': '(combined from similar events): Scaled down replica set kube-znn-744bbbc54b to 8', 'dateevent': '2023-01-31 01:51:11+00:00', 'image': 'cmendes/znn:600k', 'replicas': 10, 'imageChanges': 1, 'replicasChanges': 10}

{'name': 'kube-znn.173f41be46306917', 'type': 'Normal', 'message': '(combined from similar events): Scaled up replica set kube-znn-5c95bd98fb to 5', 'dateevent': '2023-01-31 01:51:11+00:00', 'image': 'cmendes/znn:600k', 'replicas': 10, 'imageChanges': 1, 'replicasChanges': 10}

{'name': 'kube-znn.173f41be46306917', 'type': 'Normal', 'message': '(combined from similar events): Scaled down replica set kube-znn-744bbbc54b to 3', 'dateevent': '2023-01-31 01:51:11+00:00', 'image': 'cmendes/znn:600k', 'replicas': 4, 'imageChanges': 1, 'replicasChanges': 11}

{'name': 'kube-znn.173f41be46306917', 'type': 'Normal', 'message': '(combined from similar events): Scaled down replica set kube-znn-5c95bd98fb to 2', 'dateevent': '2023-01-31 01:51:11+00:00', 'image': 'cmendes/znn:600k', 'replicas': 4, 'imageChanges': 1, 'replicasChanges': 11}

{'name': 'kube-znn.173f41be46306917', 'type': 'Normal', 'message': '(combined from similar events): Scaled down replica set kube-znn-5c95bd98fb to 0', 'dateevent': '2023-01-31 01:51:11+00:00', 'image': 'cmendes/znn:800k', 'replicas': 4, 'imageChanges': 2, 'replicasChanges': 11}

{'name': 'kube-znn.173f41be46306917', 'type': 'Normal', 'message': '(combined from similar events): Scaled up replica set kube-znn-744bbbc54b to 4', 'dateevent': '2023-01-31 01:51:11+00:00', 'image': 'cmendes/znn:800k', 'replicas': 4, 'imageChanges': 2, 'replicasChanges': 11}

Reading file: VersionA-Monolithic
Reading file: VersionB-MicroControllers
Reading file: VersionC-WithFailureManagerMetaController
Reading file: VersionC-ZTemp
