Reading file: automatingDataGeneration.sh
Reading file: BLong10_parte1
Reading file: BLong10_parte1.7z
Reading file: BLong10_parte2
Reading file: BLong10_parte2.7z
Reading file: CLong10
Reading file: CLong10.7z
Reading file: CShort10
Reading file: CShort10.7z
Reading file: Evaluation-ZNN.7z
Reading file: fidelitya-5b8dd7f8c7-pvvvh_tracing_20230130_092718.log

fidelitya data

2023-01-30 12:28:11 : t0:lowerFidelity

Reading file: generateLogs091749
Reading file: generateLogs2.sh
Reading file: k6-r2n7h_tracing_20230130_092718.log
Reading file: README.md
Reading file: scalabilityb-66d698fc76-www6b_tracing_20230130_092718.log

scalabilityb data

2023-01-30 12:29:58 : t0:removeHighScalability

2023-01-30 12:30:03 : t0:removeHighScalability

2023-01-30 12:30:08 : t0:addHighScalability

2023-01-30 12:30:13 : t0:addHighScalability

2023-01-30 12:30:18 : t0:addHighScalability

2023-01-30 12:30:23 : t0:removeHighScalability

2023-01-30 12:30:28 : t0:removeHighScalability

2023-01-30 12:30:33 : t0:removeHighScalability

2023-01-30 12:30:38 : t0:removeHighScalability

2023-01-30 12:30:43 : t0:removeHighScalability

2023-01-30 12:30:48 : t0:removeHighScalability

2023-01-30 12:30:53 : t0:removeHighScalability

2023-01-30 12:30:58 : t0:addHighScalability

2023-01-30 12:31:03 : t0:addHighScalability

2023-01-30 12:31:08 : t0:addHighScalability

2023-01-30 12:31:13 : t0:addHighScalability

2023-01-30 12:31:18 : t0:addHighScalability

2023-01-30 12:31:23 : t0:addHighScalability

2023-01-30 12:31:28 : t0:addHighScalability

2023-01-30 12:31:33 : t0:addHighScalability

2023-01-30 12:31:38 : t0:addHighScalability

2023-01-30 12:31:43 : t0:addHighScalability

2023-01-30 12:31:48 : t0:removeHighScalability

2023-01-30 12:31:53 : t0:removeHighScalability

2023-01-30 12:31:58 : t0:removeHighScalability

2023-01-30 12:32:03 : t0:removeHighScalability

2023-01-30 12:32:08 : t0:removeHighScalability

2023-01-30 12:32:13 : t0:addHighScalability

2023-01-30 12:32:18 : t0:addHighScalability

2023-01-30 12:32:23 : t0:addHighScalability

2023-01-30 12:32:28 : t0:removeHighScalability

2023-01-30 12:32:33 : t0:removeHighScalability

2023-01-30 12:32:38 : t0:removeHighScalability

2023-01-30 12:32:43 : t0:removeHighScalability

2023-01-30 12:32:48 : t0:removeReplica

2023-01-30 12:33:23 : t0:removeReplica

2023-01-30 12:33:28 : t0:removeReplica

2023-01-30 12:33:33 : t0:removeReplica

2023-01-30 12:33:38 : t0:removeReplica

2023-01-30 12:33:43 : t0:removeReplica

2023-01-30 12:33:48 : t0:removeReplica

2023-01-30 12:33:53 : t0:removeReplica

2023-01-30 12:33:58 : t0:removeReplica

2023-01-30 12:34:03 : t0:removeReplica

2023-01-30 12:34:08 : t0:removeReplica

2023-01-30 12:34:13 : t0:removeReplica

2023-01-30 12:34:18 : t0:removeReplica

2023-01-30 12:34:23 : t0:removeReplica

2023-01-30 12:34:28 : t0:removeReplica

2023-01-30 12:34:33 : t0:removeReplica

2023-01-30 12:34:38 : t0:removeReplica

2023-01-30 12:34:43 : t0:removeReplica

2023-01-30 12:34:48 : t0:removeReplica

2023-01-30 12:34:53 : t0:removeReplica

2023-01-30 12:34:58 : t0:removeReplica

2023-01-30 12:35:03 : t0:removeReplica

2023-01-30 12:35:08 : t0:removeReplica

2023-01-30 12:35:13 : t0:removeReplica

2023-01-30 12:35:18 : t0:removeReplica

2023-01-30 12:35:23 : t0:removeReplica

2023-01-30 12:35:28 : t0:removeReplica

2023-01-30 12:35:33 : t0:removeReplica

2023-01-30 12:35:38 : t0:removeReplica

2023-01-30 12:35:43 : t0:removeReplica

2023-01-30 12:35:48 : t0:removeReplica

2023-01-30 12:35:53 : t0:removeReplica

2023-01-30 12:35:58 : t0:removeReplica

2023-01-30 12:36:03 : t0:removeReplica

2023-01-30 12:36:08 : t0:removeReplica

2023-01-30 12:36:13 : t0:removeReplica

2023-01-30 12:36:18 : t0:removeReplica

2023-01-30 12:36:23 : t0:removeReplica

2023-01-30 12:36:28 : t0:removeReplica

2023-01-30 12:36:33 : t0:removeReplica

2023-01-30 12:36:38 : t0:removeReplica

2023-01-30 12:36:43 : t0:removeReplica

2023-01-30 12:36:48 : t0:removeReplica

2023-01-30 12:36:53 : t0:removeReplica

2023-01-30 12:36:58 : t0:removeReplica

2023-01-30 12:37:03 : t0:removeReplica

2023-01-30 12:37:08 : t0:removeReplica

2023-01-30 12:37:13 : t0:removeReplica

2023-01-30 12:37:18 : t0:removeReplica

2023-01-30 12:37:23 : t0:removeReplica

2023-01-30 12:37:28 : t0:removeReplica

2023-01-30 12:37:33 : t0:removeReplica

2023-01-30 12:37:38 : t0:removeReplica

2023-01-30 12:37:43 : t0:removeReplica

2023-01-30 12:37:48 : t0:removeReplica

2023-01-30 12:37:53 : t0:removeReplica

2023-01-30 12:37:58 : t0:removeReplica

2023-01-30 12:38:03 : t0:removeReplica

2023-01-30 12:38:08 : t0:removeReplica

2023-01-30 12:38:13 : t0:removeReplica

2023-01-30 12:38:18 : t0:removeReplica

2023-01-30 12:38:23 : t0:removeReplica

2023-01-30 12:38:28 : t0:removeReplica

2023-01-30 12:38:33 : t0:removeReplica

2023-01-30 12:38:38 : t0:removeReplica

2023-01-30 12:38:43 : t0:removeReplica

2023-01-30 12:38:48 : t0:removeReplica

2023-01-30 12:38:53 : t0:removeReplica

2023-01-30 12:38:58 : t0:removeReplica

Reading file: summary-trace-znn.log
Reading file: temp
Reading file: temp2701
Reading file: test
Reading file: tools
Reading file: traceznn_20230130_092718.log

Trace znn data

{'name': 'kube-znn-db.173f15973943b209', 'type': 'Normal', 'message': 'Scaled up replica set kube-znn-db-558bb5dd64 to 1', 'dateevent': '2023-01-30 12:22:05+00:00', 'image': 'cmendes/znn:800k', 'replicas': 1, 'imageChanges': 0, 'replicasChanges': 1}

{'name': 'kube-znn.173f1597380c84dd', 'type': 'Normal', 'message': 'Scaled up replica set kube-znn-744bbbc54b to 1', 'dateevent': '2023-01-30 12:22:05+00:00', 'image': 'cmendes/znn:800k', 'replicas': 1, 'imageChanges': 0, 'replicasChanges': 1}

{'name': 'kube-znn.173f15e268d190fe', 'type': 'Normal', 'message': 'Scaled up replica set kube-znn-744bbbc54b to 2', 'dateevent': '2023-01-30 12:27:28+00:00', 'image': 'cmendes/znn:800k', 'replicas': 2, 'imageChanges': 0, 'replicasChanges': 2}

{'name': 'kube-znn.173f15e34b701e56', 'type': 'Normal', 'message': 'Scaled up replica set kube-znn-744bbbc54b to 3', 'dateevent': '2023-01-30 12:27:32+00:00', 'image': 'cmendes/znn:800k', 'replicas': 3, 'imageChanges': 0, 'replicasChanges': 3}

{'name': 'kube-znn.173f15e477b16f0e', 'type': 'Normal', 'message': 'Scaled up replica set kube-znn-744bbbc54b to 4', 'dateevent': '2023-01-30 12:27:37+00:00', 'image': 'cmendes/znn:800k', 'replicas': 4, 'imageChanges': 0, 'replicasChanges': 4}

{'name': 'kube-znn.173f15e59f63f194', 'type': 'Normal', 'message': 'Scaled up replica set kube-znn-744bbbc54b to 5', 'dateevent': '2023-01-30 12:27:42+00:00', 'image': 'cmendes/znn:800k', 'replicas': 5, 'imageChanges': 0, 'replicasChanges': 5}

{'name': 'kube-znn.173f15e6cb203301', 'type': 'Normal', 'message': 'Scaled up replica set kube-znn-744bbbc54b to 6', 'dateevent': '2023-01-30 12:27:47+00:00', 'image': 'cmendes/znn:800k', 'replicas': 6, 'imageChanges': 0, 'replicasChanges': 6}

{'name': 'kube-znn.173f15e7f2c7e227', 'type': 'Normal', 'message': 'Scaled up replica set kube-znn-744bbbc54b to 7', 'dateevent': '2023-01-30 12:27:52+00:00', 'image': 'cmendes/znn:800k', 'replicas': 7, 'imageChanges': 0, 'replicasChanges': 7}

{'name': 'kube-znn.173f15e91e74f7e5', 'type': 'Normal', 'message': 'Scaled up replica set kube-znn-744bbbc54b to 8', 'dateevent': '2023-01-30 12:27:57+00:00', 'image': 'cmendes/znn:800k', 'replicas': 8, 'imageChanges': 0, 'replicasChanges': 8}

{'name': 'kube-znn.173f15ea47840596', 'type': 'Normal', 'message': 'Scaled up replica set kube-znn-744bbbc54b to 9', 'dateevent': '2023-01-30 12:28:02+00:00', 'image': 'cmendes/znn:800k', 'replicas': 9, 'imageChanges': 0, 'replicasChanges': 9}

{'name': 'kube-znn.173f15eb70b0525c', 'type': 'Normal', 'message': '(combined from similar events): Scaled up replica set kube-znn-744bbbc54b to 10', 'dateevent': '2023-01-30 12:28:07+00:00', 'image': 'cmendes/znn:800k', 'replicas': 10, 'imageChanges': 0, 'replicasChanges': 10}

{'name': 'kube-znn.173f15eb70b0525c', 'type': 'Normal', 'message': '(combined from similar events): Scaled up replica set kube-znn-5c95bd98fb to 3', 'dateevent': '2023-01-30 12:28:07+00:00', 'image': 'cmendes/znn:600k', 'replicas': 10, 'imageChanges': 1, 'replicasChanges': 10}

{'name': 'kube-znn.173f15eb70b0525c', 'type': 'Normal', 'message': '(combined from similar events): Scaled down replica set kube-znn-744bbbc54b to 8', 'dateevent': '2023-01-30 12:28:07+00:00', 'image': 'cmendes/znn:600k', 'replicas': 10, 'imageChanges': 1, 'replicasChanges': 10}

{'name': 'kube-znn.173f15eb70b0525c', 'type': 'Normal', 'message': '(combined from similar events): Scaled up replica set kube-znn-5c95bd98fb to 5', 'dateevent': '2023-01-30 12:28:07+00:00', 'image': 'cmendes/znn:600k', 'replicas': 10, 'imageChanges': 1, 'replicasChanges': 10}

{'name': 'kube-znn.173f15eb70b0525c', 'type': 'Normal', 'message': '(combined from similar events): Scaled down replica set kube-znn-744bbbc54b to 7', 'dateevent': '2023-01-30 12:28:07+00:00', 'image': 'cmendes/znn:600k', 'replicas': 10, 'imageChanges': 1, 'replicasChanges': 10}

{'name': 'kube-znn.173f15eb70b0525c', 'type': 'Normal', 'message': '(combined from similar events): Scaled up replica set kube-znn-5c95bd98fb to 6', 'dateevent': '2023-01-30 12:28:07+00:00', 'image': 'cmendes/znn:600k', 'replicas': 10, 'imageChanges': 1, 'replicasChanges': 10}

{'name': 'kube-znn.173f15eb70b0525c', 'type': 'Normal', 'message': '(combined from similar events): Scaled down replica set kube-znn-744bbbc54b to 6', 'dateevent': '2023-01-30 12:28:07+00:00', 'image': 'cmendes/znn:600k', 'replicas': 10, 'imageChanges': 1, 'replicasChanges': 10}

{'name': 'kube-znn.173f15eb70b0525c', 'type': 'Normal', 'message': '(combined from similar events): Scaled up replica set kube-znn-5c95bd98fb to 7', 'dateevent': '2023-01-30 12:28:07+00:00', 'image': 'cmendes/znn:600k', 'replicas': 10, 'imageChanges': 1, 'replicasChanges': 10}

{'name': 'kube-znn.173f15eb70b0525c', 'type': 'Normal', 'message': '(combined from similar events): Scaled down replica set kube-znn-5c95bd98fb to 3', 'dateevent': '2023-01-30 12:28:07+00:00', 'image': 'cmendes/znn:600k', 'replicas': 4, 'imageChanges': 1, 'replicasChanges': 11}

{'name': 'kube-znn.173f15eb70b0525c', 'type': 'Normal', 'message': '(combined from similar events): Scaled down replica set kube-znn-744bbbc54b to 2', 'dateevent': '2023-01-30 12:28:07+00:00', 'image': 'cmendes/znn:600k', 'replicas': 4, 'imageChanges': 1, 'replicasChanges': 11}

{'name': 'kube-znn.173f15eb70b0525c', 'type': 'Normal', 'message': '(combined from similar events): Scaled down replica set kube-znn-744bbbc54b to 1', 'dateevent': '2023-01-30 12:28:07+00:00', 'image': 'cmendes/znn:600k', 'replicas': 4, 'imageChanges': 1, 'replicasChanges': 11}

{'name': 'kube-znn.173f15eb70b0525c', 'type': 'Normal', 'message': '(combined from similar events): Scaled up replica set kube-znn-5c95bd98fb to 4', 'dateevent': '2023-01-30 12:28:07+00:00', 'image': 'cmendes/znn:600k', 'replicas': 4, 'imageChanges': 1, 'replicasChanges': 11}

{'name': 'kube-znn.173f15eb70b0525c', 'type': 'Normal', 'message': '(combined from similar events): Scaled down replica set kube-znn-744bbbc54b to 0', 'dateevent': '2023-01-30 12:28:07+00:00', 'image': 'cmendes/znn:600k', 'replicas': 4, 'imageChanges': 1, 'replicasChanges': 11}

Reading file: VersionA-Monolithic
Reading file: VersionB-MicroControllers
Reading file: VersionC-WithFailureManagerMetaController
Reading file: VersionC-ZTemp
