Reading file: automatingDataGeneration.sh
Reading file: Evaluation-ZNN.7z
Reading file: fidelitya-778c6c6b8b-ngc9x_tracing_20230128_061348.log

fidelitya data

2023-01-28 09:17:11 : t0:raiseFidelity

2023-01-28 09:17:16 : t0:raiseFidelity

2023-01-28 09:18:21 : t0:raiseFidelity

2023-01-28 09:18:26 : t0:raiseFidelity

2023-01-28 09:19:06 : t0:raiseFidelity

2023-01-28 09:19:11 : t0:raiseFidelity

2023-01-28 09:19:16 : t0:raiseFidelity

2023-01-28 09:19:21 : t0:raiseFidelity

2023-01-28 09:19:26 : t0:raiseFidelity

2023-01-28 09:19:31 : t0:raiseFidelity

2023-01-28 09:19:36 : t0:raiseFidelity

2023-01-28 09:19:41 : t0:raiseFidelity

2023-01-28 09:19:46 : t0:raiseFidelity

2023-01-28 09:19:51 : t0:raiseFidelity

2023-01-28 09:19:56 : t0:raiseFidelity

2023-01-28 09:20:01 : t0:raiseFidelity

2023-01-28 09:20:06 : t0:raiseFidelity

2023-01-28 09:20:11 : t0:raiseFidelity

2023-01-28 09:20:16 : t0:raiseFidelity

2023-01-28 09:20:21 : t0:raiseFidelity

2023-01-28 09:20:26 : t0:raiseFidelity

2023-01-28 09:20:31 : t0:raiseFidelity

2023-01-28 09:20:36 : t0:raiseFidelity

2023-01-28 09:20:41 : t0:raiseFidelity

2023-01-28 09:20:46 : t0:raiseFidelity

2023-01-28 09:20:51 : t0:raiseFidelity

2023-01-28 09:20:56 : t0:raiseFidelity

2023-01-28 09:21:01 : t0:raiseFidelity

2023-01-28 09:21:06 : t0:raiseFidelity

2023-01-28 09:21:11 : t0:raiseFidelity

2023-01-28 09:21:16 : t0:raiseFidelity

2023-01-28 09:21:21 : t0:raiseFidelity

2023-01-28 09:21:26 : t0:raiseFidelity

2023-01-28 09:21:31 : t0:raiseFidelity

2023-01-28 09:21:36 : t0:raiseFidelity

2023-01-28 09:21:41 : t0:raiseFidelity

2023-01-28 09:21:46 : t0:raiseFidelity

2023-01-28 09:21:51 : t0:raiseFidelity

2023-01-28 09:21:56 : t0:raiseFidelity

2023-01-28 09:22:01 : t0:raiseFidelity

2023-01-28 09:22:06 : t0:raiseFidelity

2023-01-28 09:22:11 : t0:raiseFidelity

2023-01-28 09:22:16 : t0:raiseFidelity

2023-01-28 09:22:21 : t0:raiseFidelity

2023-01-28 09:22:26 : t0:raiseFidelity

2023-01-28 09:22:31 : t0:raiseFidelity

2023-01-28 09:22:36 : t0:raiseFidelity

2023-01-28 09:22:41 : t0:raiseFidelity

2023-01-28 09:22:46 : t0:raiseFidelity

2023-01-28 09:22:51 : t0:raiseFidelity

2023-01-28 09:22:56 : t0:raiseFidelity

2023-01-28 09:23:01 : t0:raiseFidelity

2023-01-28 09:23:06 : t0:raiseFidelity

2023-01-28 09:23:11 : t0:raiseFidelity

2023-01-28 09:23:16 : t0:raiseFidelity

2023-01-28 09:23:21 : t0:raiseFidelity

2023-01-28 09:23:26 : t0:raiseFidelity

2023-01-28 09:23:31 : t0:raiseFidelity

2023-01-28 09:23:36 : t0:raiseFidelity

2023-01-28 09:23:41 : t0:raiseFidelity

2023-01-28 09:23:46 : t0:raiseFidelity

2023-01-28 09:23:51 : t0:raiseFidelity

2023-01-28 09:23:56 : t0:raiseFidelity

2023-01-28 09:24:01 : t0:raiseFidelity

Reading file: generateLogs010303
Reading file: generateLogs011848
Reading file: generateLogs013516
Reading file: generateLogs015211
Reading file: generateLogs021333
Reading file: generateLogs022946
Reading file: generateLogs034502
Reading file: generateLogs040003
Reading file: generateLogs041638
Reading file: generateLogs043804
Reading file: generateLogs045333
Reading file: generateLogs051434
Reading file: generateLogs054504
Reading file: generateLogs171220
Reading file: generateLogs172658
Reading file: generateLogs174232
Reading file: generateLogs175703
Reading file: generateLogs181216
Reading file: generateLogs182733
Reading file: generateLogs184131
Reading file: generateLogs185550
Reading file: generateLogs190935
Reading file: generateLogs193004
Reading file: generateLogs194516
Reading file: generateLogs2.sh
Reading file: generateLogs200355
Reading file: generateLogs202827
Reading file: generateLogs205357
Reading file: generateLogs211928
Reading file: generateLogs214056
Reading file: generateLogs221057
Reading file: generateLogs224228
Reading file: generateLogs230828
Reading file: generateLogs233838
Reading file: generateLogs235802
Reading file: k6-tmwxg_tracing_20230128_061348.log
Reading file: metacontroller-kubow-8479d7588d-2mk94_tracing_20230128_061348.log

MetaController data

2023-01-28 09:14:39 : t0:activateLowScalabilityHighQuality

2023-01-28 09:14:49 : t0:addLowScalabilityLowQuality

2023-01-28 09:15:39 : t0:addHighScalabilityHighQuality

Reading file: README.md
Reading file: scalabilitya-78d6cbbc7d-hfj8b_tracing_20230128_061348.log

scalabilitya data

2023-01-28 09:16:02 : t0:removeReplica

Reading file: summary-trace-znn.log
Reading file: temp
Reading file: temp2701
Reading file: test
Reading file: tools
Reading file: traceznn_20230128_061349.log

Trace znn data

{'name': 'kube-znn-db.173e6ccb8689a32e', 'type': 'Normal', 'message': 'Scaled up replica set kube-znn-db-6cc48797cf to 1', 'dateevent': '2023-01-28 08:48:52+00:00', 'image': 'cmendes/znn:800k', 'replicas': 1, 'imageChanges': 0, 'replicasChanges': 1}

{'name': 'kube-znn.173e6ccb85222f22', 'type': 'Normal', 'message': 'Scaled up replica set kube-znn-68bd9d6b5b to 1', 'dateevent': '2023-01-28 08:48:52+00:00', 'image': 'cmendes/znn:800k', 'replicas': 1, 'imageChanges': 0, 'replicasChanges': 1}

{'name': 'kube-znn.173e6e296e8f64a4', 'type': 'Normal', 'message': 'Scaled up replica set kube-znn-68bd9d6b5b to 2', 'dateevent': '2023-01-28 09:13:55+00:00', 'image': 'cmendes/znn:800k', 'replicas': 2, 'imageChanges': 0, 'replicasChanges': 2}

{'name': 'kube-znn.173e6e2a510528bc', 'type': 'Normal', 'message': 'Scaled up replica set kube-znn-68bd9d6b5b to 3', 'dateevent': '2023-01-28 09:13:59+00:00', 'image': 'cmendes/znn:800k', 'replicas': 3, 'imageChanges': 0, 'replicasChanges': 3}

{'name': 'kube-znn.173e6e2b7afa780f', 'type': 'Normal', 'message': 'Scaled up replica set kube-znn-68bd9d6b5b to 4', 'dateevent': '2023-01-28 09:14:04+00:00', 'image': 'cmendes/znn:800k', 'replicas': 4, 'imageChanges': 0, 'replicasChanges': 4}

{'name': 'kube-znn.173e6e2ca9f54b0e', 'type': 'Normal', 'message': 'Scaled up replica set kube-znn-68bd9d6b5b to 5', 'dateevent': '2023-01-28 09:14:09+00:00', 'image': 'cmendes/znn:800k', 'replicas': 5, 'imageChanges': 0, 'replicasChanges': 5}

{'name': 'kube-znn.173e6e2dce9fd6e6', 'type': 'Normal', 'message': 'Scaled up replica set kube-znn-68bd9d6b5b to 6', 'dateevent': '2023-01-28 09:14:14+00:00', 'image': 'cmendes/znn:800k', 'replicas': 6, 'imageChanges': 0, 'replicasChanges': 6}

{'name': 'kube-znn.173e6e2efab62d0e', 'type': 'Normal', 'message': 'Scaled up replica set kube-znn-68bd9d6b5b to 7', 'dateevent': '2023-01-28 09:14:19+00:00', 'image': 'cmendes/znn:800k', 'replicas': 7, 'imageChanges': 0, 'replicasChanges': 7}

{'name': 'kube-znn.173e6e30226ff08a', 'type': 'Normal', 'message': 'Scaled up replica set kube-znn-68bd9d6b5b to 8', 'dateevent': '2023-01-28 09:14:24+00:00', 'image': 'cmendes/znn:800k', 'replicas': 8, 'imageChanges': 0, 'replicasChanges': 8}

{'name': 'kube-znn.173e6e314cc7a35d', 'type': 'Normal', 'message': 'Scaled up replica set kube-znn-68bd9d6b5b to 9', 'dateevent': '2023-01-28 09:14:29+00:00', 'image': 'cmendes/znn:800k', 'replicas': 9, 'imageChanges': 0, 'replicasChanges': 9}

{'name': 'kube-znn.173e6e3277ccd362', 'type': 'Normal', 'message': 'Scaled up replica set kube-znn-68bd9d6b5b to 10', 'dateevent': '2023-01-28 09:14:34+00:00', 'image': 'cmendes/znn:800k', 'replicas': 10, 'imageChanges': 0, 'replicasChanges': 10}

{'name': 'kube-znn.173e6e34b3307660', 'type': 'Normal', 'message': '(combined from similar events): Scaled up replica set kube-znn-7cbbf89f8 to 3', 'dateevent': '2023-01-28 09:14:44+00:00', 'image': 'cmendes/znn:600k', 'replicas': 10, 'imageChanges': 1, 'replicasChanges': 10}

{'name': 'kube-znn.173e6e34b3307660', 'type': 'Normal', 'message': '(combined from similar events): Scaled down replica set kube-znn-68bd9d6b5b to 8', 'dateevent': '2023-01-28 09:14:44+00:00', 'image': 'cmendes/znn:600k', 'replicas': 10, 'imageChanges': 1, 'replicasChanges': 10}

{'name': 'kube-znn.173e6e34b3307660', 'type': 'Normal', 'message': '(combined from similar events): Scaled up replica set kube-znn-7cbbf89f8 to 5', 'dateevent': '2023-01-28 09:14:44+00:00', 'image': 'cmendes/znn:600k', 'replicas': 10, 'imageChanges': 1, 'replicasChanges': 10}

{'name': 'kube-znn.173e6e34b3307660', 'type': 'Normal', 'message': '(combined from similar events): Scaled down replica set kube-znn-68bd9d6b5b to 3', 'dateevent': '2023-01-28 09:14:44+00:00', 'image': 'cmendes/znn:600k', 'replicas': 4, 'imageChanges': 1, 'replicasChanges': 11}

{'name': 'kube-znn.173e6e34b3307660', 'type': 'Normal', 'message': '(combined from similar events): Scaled down replica set kube-znn-7cbbf89f8 to 2', 'dateevent': '2023-01-28 09:14:44+00:00', 'image': 'cmendes/znn:600k', 'replicas': 4, 'imageChanges': 1, 'replicasChanges': 11}

{'name': 'kube-znn.173e6e34b3307660', 'type': 'Normal', 'message': '(combined from similar events): Scaled down replica set kube-znn-68bd9d6b5b to 2', 'dateevent': '2023-01-28 09:14:44+00:00', 'image': 'cmendes/znn:600k', 'replicas': 4, 'imageChanges': 1, 'replicasChanges': 11}

{'name': 'kube-znn.173e6e3a000f43ab', 'type': 'Normal', 'message': 'Scaled up replica set kube-znn-7cbbf89f8 to 3', 'dateevent': '2023-01-28 09:15:06+00:00', 'image': 'cmendes/znn:600k', 'replicas': 4, 'imageChanges': 1, 'replicasChanges': 11}

{'name': 'kube-znn.173e6e34b3307660', 'type': 'Normal', 'message': '(combined from similar events): Scaled down replica set kube-znn-68bd9d6b5b to 1', 'dateevent': '2023-01-28 09:14:44+00:00', 'image': 'cmendes/znn:600k', 'replicas': 4, 'imageChanges': 1, 'replicasChanges': 11}

{'name': 'kube-znn.173e6e34b3307660', 'type': 'Normal', 'message': '(combined from similar events): Scaled up replica set kube-znn-7cbbf89f8 to 4', 'dateevent': '2023-01-28 09:14:44+00:00', 'image': 'cmendes/znn:600k', 'replicas': 4, 'imageChanges': 1, 'replicasChanges': 11}

{'name': 'kube-znn.173e6e34b3307660', 'type': 'Normal', 'message': '(combined from similar events): Scaled down replica set kube-znn-68bd9d6b5b to 0', 'dateevent': '2023-01-28 09:14:44+00:00', 'image': 'cmendes/znn:600k', 'replicas': 4, 'imageChanges': 1, 'replicasChanges': 11}

{'name': 'kube-znn.173e6e34b3307660', 'type': 'Normal', 'message': '(combined from similar events): Scaled up replica set kube-znn-68bd9d6b5b to 1', 'dateevent': '2023-01-28 09:14:44+00:00', 'image': 'cmendes/znn:800k', 'replicas': 4, 'imageChanges': 2, 'replicasChanges': 11}

{'name': 'kube-znn.173e6e34b3307660', 'type': 'Normal', 'message': '(combined from similar events): Scaled down replica set kube-znn-7cbbf89f8 to 3', 'dateevent': '2023-01-28 09:14:44+00:00', 'image': 'cmendes/znn:800k', 'replicas': 4, 'imageChanges': 2, 'replicasChanges': 11}

{'name': 'kube-znn.173e6e34b3307660', 'type': 'Normal', 'message': '(combined from similar events): Scaled up replica set kube-znn-68bd9d6b5b to 2', 'dateevent': '2023-01-28 09:14:44+00:00', 'image': 'cmendes/znn:800k', 'replicas': 4, 'imageChanges': 2, 'replicasChanges': 11}

{'name': 'kube-znn.173e6e34b3307660', 'type': 'Normal', 'message': '(combined from similar events): Scaled down replica set kube-znn-7cbbf89f8 to 2', 'dateevent': '2023-01-28 09:14:44+00:00', 'image': 'cmendes/znn:800k', 'replicas': 4, 'imageChanges': 2, 'replicasChanges': 11}

{'name': 'kube-znn.173e6e2a510528bc', 'type': 'Normal', 'message': 'Scaled up replica set kube-znn-68bd9d6b5b to 3', 'dateevent': '2023-01-28 09:13:59+00:00', 'image': 'cmendes/znn:800k', 'replicas': 4, 'imageChanges': 2, 'replicasChanges': 11}

{'name': 'kube-znn.173e6e34b3307660', 'type': 'Normal', 'message': '(combined from similar events): Scaled down replica set kube-znn-7cbbf89f8 to 1', 'dateevent': '2023-01-28 09:14:44+00:00', 'image': 'cmendes/znn:800k', 'replicas': 4, 'imageChanges': 2, 'replicasChanges': 11}

Reading file: VersionA-Monolithic
Reading file: VersionB-MicroControllers
Reading file: VersionC-WithFailureManagerMetaController
Reading file: VersionC-ZTemp
