Reading file: automatingDataGeneration.sh
Reading file: BLong10
Reading file: BLong10_parte1.7z
Reading file: BLong10_parte2.7z
Reading file: BLong10_parte3.7z
Reading file: BShort10
Reading file: BShort10.7z
Reading file: CLong10
Reading file: CLong10.7z
Reading file: CShort10
Reading file: CShort10.7z
Reading file: Evaluation-ZNN.7z
Reading file: generateLogs2.sh
Reading file: k6-g8m5q_tracing_20230131_135739.log
Reading file: kubow-774b685ffd-xcjj2_tracing_20230131_135739.log

Kubow data

2023-01-31 16:57:48 : t0:addReplica

2023-01-31 16:57:53 : t0:addReplica

2023-01-31 16:57:58 : t0:addReplica

2023-01-31 16:58:03 : t0:addReplica

2023-01-31 16:58:08 : t0:addReplica

2023-01-31 16:58:13 : t0:addReplica

2023-01-31 16:58:18 : t0:addReplica

2023-01-31 16:58:23 : t0:addReplica

2023-01-31 16:58:28 : t0:addReplica

2023-01-31 16:58:33 : t1:lowerFidelity

2023-01-31 16:58:43 : t1:lowerFidelity

2023-01-31 16:58:48 : t0:activateLowScalabilityHighQuality

2023-01-31 16:59:13 : t0:addReplica

2023-01-31 16:59:18 : t0:addReplica

2023-01-31 16:59:23 : t0:addReplica

2023-01-31 16:59:28 : t0:addReplica

2023-01-31 16:59:48 : t0:addHighScalabilityHighQuality

2023-01-31 16:59:53 : t0:addHighScalabilityHighQuality

2023-01-31 16:59:58 : t0:addHighScalabilityHighQuality

2023-01-31 17:00:03 : t0:removeReplica

2023-01-31 17:00:08 : t0:removeReplica

2023-01-31 17:00:43 : t0:removeReplica

2023-01-31 17:00:48 : t0:removeReplica

2023-01-31 17:01:23 : t0:removeReplica

2023-01-31 17:01:28 : t1:raiseFidelity

2023-01-31 17:01:48 : t0:addHighScalabilityHighQuality

2023-01-31 17:01:53 : t0:addHighScalabilityHighQuality

2023-01-31 17:01:58 : t0:addHighScalabilityHighQuality

2023-01-31 17:02:03 : t0:addHighScalabilityHighQuality

2023-01-31 17:02:08 : t0:addReplica

2023-01-31 17:02:13 : t0:addReplica

2023-01-31 17:02:18 : t0:addReplica

2023-01-31 17:02:23 : t0:addReplica

2023-01-31 17:02:28 : t0:addReplica

2023-01-31 17:02:33 : t0:addReplica

2023-01-31 17:02:38 : t1:lowerFidelity

2023-01-31 17:02:43 : t1:lowerFidelity

2023-01-31 17:02:48 : t1:lowerFidelity

2023-01-31 17:02:53 : t1:lowerFidelity

2023-01-31 17:02:58 : t0:addLowScalabilityLowQuality

Reading file: README.md
Reading file: summary-trace-znn.log
Reading file: temp
Reading file: temp2701
Reading file: temp3101
Reading file: test
Reading file: tools
Reading file: traceznn_20230131_135739.log

Trace znn data

{'name': 'kube-znn-db.173f730288a63430', 'type': 'Normal', 'message': 'Scaled up replica set kube-znn-db-6cc48797cf to 1', 'dateevent': '2023-01-31 16:54:01+00:00', 'image': 'cmendes/znn:800k', 'replicas': 1, 'imageChanges': 0, 'replicasChanges': 1}

{'name': 'kube-znn.173f730287c7da02', 'type': 'Normal', 'message': 'Scaled up replica set kube-znn-68bd9d6b5b to 1', 'dateevent': '2023-01-31 16:54:01+00:00', 'image': 'cmendes/znn:800k', 'replicas': 1, 'imageChanges': 0, 'replicasChanges': 1}

{'name': 'kube-znn.173f7337d24559ea', 'type': 'Normal', 'message': 'Scaled up replica set kube-znn-68bd9d6b5b to 2', 'dateevent': '2023-01-31 16:57:49+00:00', 'image': 'cmendes/znn:800k', 'replicas': 2, 'imageChanges': 0, 'replicasChanges': 2}

{'name': 'kube-znn.173f7338a2bf0ad8', 'type': 'Normal', 'message': 'Scaled up replica set kube-znn-68bd9d6b5b to 3', 'dateevent': '2023-01-31 16:57:53+00:00', 'image': 'cmendes/znn:800k', 'replicas': 3, 'imageChanges': 0, 'replicasChanges': 3}

{'name': 'kube-znn.173f7339cc80397e', 'type': 'Normal', 'message': 'Scaled up replica set kube-znn-68bd9d6b5b to 4', 'dateevent': '2023-01-31 16:57:58+00:00', 'image': 'cmendes/znn:800k', 'replicas': 4, 'imageChanges': 0, 'replicasChanges': 4}

{'name': 'kube-znn.173f733af6c1786b', 'type': 'Normal', 'message': 'Scaled up replica set kube-znn-68bd9d6b5b to 5', 'dateevent': '2023-01-31 16:58:03+00:00', 'image': 'cmendes/znn:800k', 'replicas': 5, 'imageChanges': 0, 'replicasChanges': 5}

{'name': 'kube-znn.173f733c1d93e190', 'type': 'Normal', 'message': 'Scaled up replica set kube-znn-68bd9d6b5b to 6', 'dateevent': '2023-01-31 16:58:08+00:00', 'image': 'cmendes/znn:800k', 'replicas': 6, 'imageChanges': 0, 'replicasChanges': 6}

{'name': 'kube-znn.173f733d45020a75', 'type': 'Normal', 'message': 'Scaled up replica set kube-znn-68bd9d6b5b to 7', 'dateevent': '2023-01-31 16:58:13+00:00', 'image': 'cmendes/znn:800k', 'replicas': 7, 'imageChanges': 0, 'replicasChanges': 7}

{'name': 'kube-znn.173f733e6ee599f1', 'type': 'Normal', 'message': 'Scaled up replica set kube-znn-68bd9d6b5b to 8', 'dateevent': '2023-01-31 16:58:18+00:00', 'image': 'cmendes/znn:800k', 'replicas': 8, 'imageChanges': 0, 'replicasChanges': 8}

{'name': 'kube-znn.173f733f9f1fcace', 'type': 'Normal', 'message': 'Scaled up replica set kube-znn-68bd9d6b5b to 9', 'dateevent': '2023-01-31 16:58:23+00:00', 'image': 'cmendes/znn:800k', 'replicas': 9, 'imageChanges': 0, 'replicasChanges': 9}

{'name': 'kube-znn.173f7340c3239a9a', 'type': 'Normal', 'message': '(combined from similar events): Scaled up replica set kube-znn-68bd9d6b5b to 10', 'dateevent': '2023-01-31 16:58:28+00:00', 'image': 'cmendes/znn:800k', 'replicas': 10, 'imageChanges': 0, 'replicasChanges': 10}

{'name': 'kube-znn.173f7340c3239a9a', 'type': 'Normal', 'message': '(combined from similar events): Scaled up replica set kube-znn-7cbbf89f8 to 3', 'dateevent': '2023-01-31 16:58:28+00:00', 'image': 'cmendes/znn:600k', 'replicas': 10, 'imageChanges': 1, 'replicasChanges': 10}

{'name': 'kube-znn.173f7340c3239a9a', 'type': 'Normal', 'message': '(combined from similar events): Scaled down replica set kube-znn-68bd9d6b5b to 9', 'dateevent': '2023-01-31 16:58:28+00:00', 'image': 'cmendes/znn:600k', 'replicas': 10, 'imageChanges': 1, 'replicasChanges': 10}

{'name': 'kube-znn.173f7340c3239a9a', 'type': 'Normal', 'message': '(combined from similar events): Scaled down replica set kube-znn-68bd9d6b5b to 8', 'dateevent': '2023-01-31 16:58:28+00:00', 'image': 'cmendes/znn:600k', 'replicas': 10, 'imageChanges': 1, 'replicasChanges': 10}

{'name': 'kube-znn.173f7340c3239a9a', 'type': 'Normal', 'message': '(combined from similar events): Scaled up replica set kube-znn-7cbbf89f8 to 5', 'dateevent': '2023-01-31 16:58:28+00:00', 'image': 'cmendes/znn:600k', 'replicas': 10, 'imageChanges': 1, 'replicasChanges': 10}

{'name': 'kube-znn.173f7340c3239a9a', 'type': 'Normal', 'message': '(combined from similar events): Scaled down replica set kube-znn-68bd9d6b5b to 7', 'dateevent': '2023-01-31 16:58:28+00:00', 'image': 'cmendes/znn:600k', 'replicas': 10, 'imageChanges': 1, 'replicasChanges': 10}

{'name': 'kube-znn.173f7340c3239a9a', 'type': 'Normal', 'message': '(combined from similar events): Scaled up replica set kube-znn-7cbbf89f8 to 6', 'dateevent': '2023-01-31 16:58:28+00:00', 'image': 'cmendes/znn:600k', 'replicas': 10, 'imageChanges': 1, 'replicasChanges': 10}

{'name': 'kube-znn.173f7340c3239a9a', 'type': 'Normal', 'message': '(combined from similar events): Scaled down replica set kube-znn-7cbbf89f8 to 1', 'dateevent': '2023-01-31 16:58:28+00:00', 'image': 'cmendes/znn:400k', 'replicas': 10, 'imageChanges': 2, 'replicasChanges': 10}

{'name': 'kube-znn.173f7340c3239a9a', 'type': 'Normal', 'message': '(combined from similar events): Scaled up replica set kube-znn-68dbbf8bbd to 5', 'dateevent': '2023-01-31 16:58:28+00:00', 'image': 'cmendes/znn:400k', 'replicas': 10, 'imageChanges': 2, 'replicasChanges': 10}

{'name': 'kube-znn.173f7340c3239a9a', 'type': 'Normal', 'message': '(combined from similar events): Scaled down replica set kube-znn-68bd9d6b5b to 3', 'dateevent': '2023-01-31 16:58:28+00:00', 'image': 'cmendes/znn:400k', 'replicas': 5, 'imageChanges': 2, 'replicasChanges': 11}

{'name': 'kube-znn.173f7340c3239a9a', 'type': 'Normal', 'message': '(combined from similar events): Scaled down replica set kube-znn-68dbbf8bbd to 3', 'dateevent': '2023-01-31 16:58:28+00:00', 'image': 'cmendes/znn:400k', 'replicas': 5, 'imageChanges': 2, 'replicasChanges': 11}

{'name': 'kube-znn.173f7340c3239a9a', 'type': 'Normal', 'message': '(combined from similar events): Scaled down replica set kube-znn-68bd9d6b5b to 2', 'dateevent': '2023-01-31 16:58:28+00:00', 'image': 'cmendes/znn:400k', 'replicas': 5, 'imageChanges': 2, 'replicasChanges': 11}

{'name': 'kube-znn.173f7340c3239a9a', 'type': 'Normal', 'message': '(combined from similar events): Scaled up replica set kube-znn-68dbbf8bbd to 4', 'dateevent': '2023-01-31 16:58:28+00:00', 'image': 'cmendes/znn:400k', 'replicas': 5, 'imageChanges': 2, 'replicasChanges': 11}

{'name': 'kube-znn.173f7340c3239a9a', 'type': 'Normal', 'message': '(combined from similar events): Scaled down replica set kube-znn-68bd9d6b5b to 1', 'dateevent': '2023-01-31 16:58:28+00:00', 'image': 'cmendes/znn:400k', 'replicas': 5, 'imageChanges': 2, 'replicasChanges': 11}

{'name': 'kube-znn.173f7340c3239a9a', 'type': 'Normal', 'message': '(combined from similar events): Scaled up replica set kube-znn-68dbbf8bbd to 5', 'dateevent': '2023-01-31 16:58:28+00:00', 'image': 'cmendes/znn:400k', 'replicas': 5, 'imageChanges': 2, 'replicasChanges': 11}

{'name': 'kube-znn.173f7340c3239a9a', 'type': 'Normal', 'message': '(combined from similar events): Scaled down replica set kube-znn-68bd9d6b5b to 0', 'dateevent': '2023-01-31 16:58:28+00:00', 'image': 'cmendes/znn:400k', 'replicas': 5, 'imageChanges': 2, 'replicasChanges': 11}

{'name': 'kube-znn.173f7340c3239a9a', 'type': 'Normal', 'message': '(combined from similar events): Scaled down replica set kube-znn-7cbbf89f8 to 0', 'dateevent': '2023-01-31 16:58:28+00:00', 'image': 'cmendes/znn:400k', 'replicas': 5, 'imageChanges': 2, 'replicasChanges': 11}

Reading file: VersionA-Monolithic
Reading file: VersionB-MicroControllers
Reading file: VersionC-WithFailureManagerMetaController
Reading file: VersionC-ZTemp
