Reading file: automatingDataGeneration.sh
Reading file: BLong10
Reading file: BLong10_parte1.7z
Reading file: BLong10_parte2.7z
Reading file: BLong10_parte3.7z
Reading file: CLong10
Reading file: CLong10.7z
Reading file: CShort10
Reading file: CShort10.7z
Reading file: Evaluation-ZNN.7z
Reading file: fidelityb-67c8fc5999-fptgg_tracing_20230130_212226.log

fidelityb data

2023-01-31 00:24:03 : t0:lowerFidelity

2023-01-31 00:24:23 : t0:removeHighQuality

2023-01-31 00:24:28 : t0:removeHighQuality

2023-01-31 00:24:33 : t0:removeHighQuality

2023-01-31 00:24:58 : t0:raiseFidelity

2023-01-31 00:25:03 : t0:raiseFidelity

2023-01-31 00:25:33 : t0:raiseFidelity

2023-01-31 00:25:38 INFO  Rainbow:694 - Delegate: master[MODEL]: Executing O[strategy-execution-KubeZnnSystem:Acme:ExecutionHistory/strategyExecutionState.null([KubeZnnSystem:Acme, AdapttionTree, ADAPTATION_EXECUTING, ])]

2023-01-31 00:25:43 INFO  GuavaMasterReportingPort:35 - MODEL: Executing O[strategy-execution-KubeZnnSystem:Acme:ExecutionHistory/strategyExecutionState.null([KubeZnnSystem:Acme, AdapttionTree, ADAPTATION_EXECUTING, ])]

2023-01-31 00:25:48 : t0:raiseFidelity

2023-01-31 00:25:53 INFO  Rainbow:694 - Delegate: master[MODEL]: Executing O[strategy-execution-KubeZnnSystem:Acme:ExecutionHistory/strategyExecutionState.null([KubeZnnSystem:Acme, AdapttionTree, ADAPTATION_EXECUTING, ])]

2023-01-31 00:25:58 INFO  Rainbow:694 - Delegate: master[MODEL]: Executing O[strategy-execution-KubeZnnSystem:Acme:ExecutionHistory/strategyExecutionState.null([KubeZnnSystem:Acme, AdapttionTree, ADAPTATION_EXECUTING, ])]

2023-01-31 00:26:03 : t0:raiseFidelity

2023-01-31 00:26:08 : t0:raiseFidelity

2023-01-31 00:26:13 : t0:raiseFidelity

2023-01-31 00:26:18 : t0:raiseFidelity

2023-01-31 00:26:23 : t0:raiseFidelity

2023-01-31 00:26:28 : t0:raiseFidelity

2023-01-31 00:26:33 : t0:raiseFidelity

2023-01-31 00:26:38 : t0:raiseFidelity

2023-01-31 00:26:43 : t0:raiseFidelity

2023-01-31 00:26:48 : t0:raiseFidelity

2023-01-31 00:26:53 : t0:raiseFidelity

2023-01-31 00:26:58 : t0:raiseFidelity

2023-01-31 00:27:03 : t0:raiseFidelity

2023-01-31 00:27:08 : t0:raiseFidelity

2023-01-31 00:27:13 : t0:raiseFidelity

2023-01-31 00:27:18 : t0:raiseFidelity

2023-01-31 00:27:23 : t0:raiseFidelity

2023-01-31 00:27:28 INFO  GuavaMasterReportingPort:35 - MODEL: Executing O[strategy-execution-KubeZnnSystem:Acme:ExecutionHistory/strategyExecutionState.null([KubeZnnSystem:Acme, AdapttionTree, ADAPTATION_EXECUTING, ])]

2023-01-31 00:27:33 INFO  GuavaMasterReportingPort:35 - MODEL: Executing O[strategy-execution-KubeZnnSystem:Acme:ExecutionHistory/strategyExecutionState.null([KubeZnnSystem:Acme, AdapttionTree, ADAPTATION_EXECUTING, ])]

2023-01-31 00:27:38 : t0:raiseFidelity

2023-01-31 00:27:43 : t0:raiseFidelity

2023-01-31 00:27:48 : t0:raiseFidelity

2023-01-31 00:27:53 : t0:raiseFidelity

2023-01-31 00:27:58 : t0:raiseFidelity

2023-01-31 00:28:03 : t0:raiseFidelity

2023-01-31 00:28:08 : t0:raiseFidelity

2023-01-31 00:28:13 : t0:raiseFidelity

2023-01-31 00:28:18 : t0:raiseFidelity

2023-01-31 00:28:23 : t0:raiseFidelity

2023-01-31 00:28:28 : t0:raiseFidelity

2023-01-31 00:28:33 : t0:raiseFidelity

2023-01-31 00:28:38 : t0:raiseFidelity

2023-01-31 00:28:43 : t0:raiseFidelity

2023-01-31 00:28:48 : t0:raiseFidelity

2023-01-31 00:28:53 : t0:raiseFidelity

2023-01-31 00:28:58 : t0:raiseFidelity

2023-01-31 00:29:03 : t0:raiseFidelity

2023-01-31 00:29:08 : t0:raiseFidelity

2023-01-31 00:29:13 : t0:raiseFidelity

2023-01-31 00:29:18 : t0:raiseFidelity

2023-01-31 00:29:23 : t0:raiseFidelity

2023-01-31 00:29:28 : t0:raiseFidelity

2023-01-31 00:29:33 : t0:raiseFidelity

2023-01-31 00:29:38 : t0:raiseFidelity

2023-01-31 00:29:43 : t0:raiseFidelity

2023-01-31 00:29:48 : t0:raiseFidelity

2023-01-31 00:29:53 : t0:raiseFidelity

2023-01-31 00:29:58 : t0:raiseFidelity

2023-01-31 00:30:03 INFO  Rainbow:694 - Delegate: master[MODEL]: Executing O[strategy-execution-KubeZnnSystem:Acme:ExecutionHistory/strategyExecutionState.null([KubeZnnSystem:Acme, AdapttionTree, ADAPTATION_EXECUTING, ])]

2023-01-31 00:30:08 : t0:raiseFidelity

2023-01-31 00:30:13 INFO  Rainbow:694 - Delegate: master[MODEL]: Executing O[strategy-execution-KubeZnnSystem:Acme:ExecutionHistory/strategyExecutionState.null([KubeZnnSystem:Acme, AdapttionTree, ADAPTATION_EXECUTING, ])]

2023-01-31 00:30:18 : t0:raiseFidelity

2023-01-31 00:30:23 : t0:raiseFidelity

2023-01-31 00:30:28 : t0:raiseFidelity

2023-01-31 00:30:33 INFO  GuavaMasterReportingPort:35 - MODEL: Executing O[strategy-execution-KubeZnnSystem:Acme:ExecutionHistory/strategyExecutionState.null([KubeZnnSystem:Acme, AdapttionTree, ADAPTATION_EXECUTING, ])]

2023-01-31 00:30:38 : t0:raiseFidelity

2023-01-31 00:30:43 : t0:raiseFidelity

2023-01-31 00:30:48 : t0:raiseFidelity

2023-01-31 00:30:53 : t0:raiseFidelity

2023-01-31 00:30:58 : t0:raiseFidelity

2023-01-31 00:31:03 : t0:raiseFidelity

2023-01-31 00:31:08 INFO  GuavaMasterReportingPort:35 - MODEL: Executing O[strategy-execution-KubeZnnSystem:Acme:ExecutionHistory/strategyExecutionState.null([KubeZnnSystem:Acme, AdapttionTree, ADAPTATION_EXECUTING, ])]

2023-01-31 00:31:13 : t0:raiseFidelity

2023-01-31 00:31:18 : t0:raiseFidelity

Reading file: generateLogs120703
Reading file: generateLogs122741
Reading file: generateLogs124617
Reading file: generateLogs130307
Reading file: generateLogs131938
Reading file: generateLogs133541
Reading file: generateLogs135143
Reading file: generateLogs154208
Reading file: generateLogs160135
Reading file: generateLogs161929
Reading file: generateLogs163848
Reading file: generateLogs165709
Reading file: generateLogs171309
Reading file: generateLogs173945
Reading file: generateLogs180757
Reading file: generateLogs182726
Reading file: generateLogs185422
Reading file: generateLogs192616
Reading file: generateLogs194343
Reading file: generateLogs2.sh
Reading file: generateLogs201445
Reading file: generateLogs204306
Reading file: generateLogs211035
Reading file: k6-9c8qk_tracing_20230130_212226.log
Reading file: README.md
Reading file: scalabilityb-66d698fc76-lnvx6_tracing_20230130_212226.log

scalabilityb data

2023-01-31 00:24:08 : t0:removeHighScalability

2023-01-31 00:24:13 : t0:adjustReplicas

2023-01-31 00:26:13 : t0:removeReplica

2023-01-31 00:26:18 : t0:removeReplica

2023-01-31 00:26:23 : t0:removeReplica

2023-01-31 00:26:28 : t0:removeReplica

2023-01-31 00:26:33 : t0:removeReplica

2023-01-31 00:26:38 : t0:removeReplica

2023-01-31 00:26:43 : t0:removeReplica

2023-01-31 00:26:48 : t0:removeReplica

2023-01-31 00:26:53 : t0:removeReplica

2023-01-31 00:26:58 : t0:removeReplica

2023-01-31 00:27:03 : t0:removeReplica

2023-01-31 00:27:08 : t0:removeReplica

2023-01-31 00:27:13 : t0:removeReplica

2023-01-31 00:27:18 : t0:removeReplica

2023-01-31 00:27:23 : t0:removeReplica

2023-01-31 00:27:28 : t0:removeReplica

2023-01-31 00:27:33 : t0:removeReplica

2023-01-31 00:27:38 : t0:removeReplica

2023-01-31 00:27:43 : t0:removeReplica

2023-01-31 00:27:48 : t0:removeReplica

2023-01-31 00:27:53 : t0:removeReplica

2023-01-31 00:27:58 : t0:removeReplica

2023-01-31 00:28:03 : t0:removeReplica

2023-01-31 00:28:08 : t0:removeReplica

2023-01-31 00:28:13 : t0:removeReplica

2023-01-31 00:28:18 : t0:removeReplica

2023-01-31 00:28:23 : t0:removeReplica

2023-01-31 00:28:28 : t0:removeReplica

2023-01-31 00:28:33 : t0:removeReplica

2023-01-31 00:28:38 : t0:removeReplica

2023-01-31 00:28:43 : t0:removeReplica

2023-01-31 00:28:48 : t0:removeReplica

2023-01-31 00:28:53 : t0:removeReplica

2023-01-31 00:28:58 : t0:removeReplica

2023-01-31 00:29:03 : t0:removeReplica

2023-01-31 00:29:08 : t0:removeReplica

2023-01-31 00:29:13 : t0:removeReplica

2023-01-31 00:29:18 : t0:removeReplica

2023-01-31 00:29:23 : t0:removeReplica

2023-01-31 00:29:28 : t0:removeReplica

2023-01-31 00:29:33 : t0:removeReplica

2023-01-31 00:29:38 : t0:removeReplica

2023-01-31 00:29:43 : t0:removeReplica

2023-01-31 00:29:48 : t0:removeReplica

2023-01-31 00:29:53 : t0:removeReplica

2023-01-31 00:29:58 : t0:removeReplica

2023-01-31 00:30:03 : t0:removeReplica

2023-01-31 00:30:08 : t0:removeReplica

2023-01-31 00:30:13 : t0:removeReplica

2023-01-31 00:30:18 : t0:removeReplica

2023-01-31 00:30:23 : t0:removeReplica

2023-01-31 00:30:28 : t0:removeReplica

2023-01-31 00:30:33 : t0:removeReplica

2023-01-31 00:30:38 : t0:removeReplica

2023-01-31 00:30:43 : t0:removeReplica

2023-01-31 00:30:48 : t0:removeReplica

2023-01-31 00:30:53 : t0:removeReplica

2023-01-31 00:30:58 : t0:removeReplica

2023-01-31 00:31:03 : t0:removeReplica

2023-01-31 00:31:08 : t0:removeReplica

2023-01-31 00:31:13 : t0:removeReplica

2023-01-31 00:31:18 : t0:removeReplica

Reading file: summary-trace-znn.log
Reading file: temp
Reading file: temp2701
Reading file: test
Reading file: tools
Reading file: traceznn_20230130_212226.log

Trace znn data

{'name': 'kube-znn-db.173f3c80cea19fc1', 'type': 'Normal', 'message': 'Scaled up replica set kube-znn-db-558bb5dd64 to 1', 'dateevent': '2023-01-31 00:15:10+00:00', 'image': 'cmendes/znn:800k', 'replicas': 1, 'imageChanges': 0, 'replicasChanges': 1}

{'name': 'kube-znn.173f3c80cd13a4bd', 'type': 'Normal', 'message': 'Scaled up replica set kube-znn-744bbbc54b to 1', 'dateevent': '2023-01-31 00:15:10+00:00', 'image': 'cmendes/znn:800k', 'replicas': 1, 'imageChanges': 0, 'replicasChanges': 1}

{'name': 'kube-znn.173f3ce798ac7da0', 'type': 'Normal', 'message': 'Scaled up replica set kube-znn-744bbbc54b to 2', 'dateevent': '2023-01-31 00:22:31+00:00', 'image': 'cmendes/znn:800k', 'replicas': 2, 'imageChanges': 0, 'replicasChanges': 2}

{'name': 'kube-znn.173f3ce86eb7216f', 'type': 'Normal', 'message': 'Scaled up replica set kube-znn-744bbbc54b to 3', 'dateevent': '2023-01-31 00:22:35+00:00', 'image': 'cmendes/znn:800k', 'replicas': 3, 'imageChanges': 0, 'replicasChanges': 3}

{'name': 'kube-znn.173f3ce99979a761', 'type': 'Normal', 'message': 'Scaled up replica set kube-znn-744bbbc54b to 4', 'dateevent': '2023-01-31 00:22:40+00:00', 'image': 'cmendes/znn:800k', 'replicas': 4, 'imageChanges': 0, 'replicasChanges': 4}

{'name': 'kube-znn.173f3ceac2c62544', 'type': 'Normal', 'message': 'Scaled up replica set kube-znn-744bbbc54b to 5', 'dateevent': '2023-01-31 00:22:45+00:00', 'image': 'cmendes/znn:800k', 'replicas': 5, 'imageChanges': 0, 'replicasChanges': 5}

{'name': 'kube-znn.173f3cebe89534b8', 'type': 'Normal', 'message': 'Scaled up replica set kube-znn-744bbbc54b to 6', 'dateevent': '2023-01-31 00:22:50+00:00', 'image': 'cmendes/znn:800k', 'replicas': 6, 'imageChanges': 0, 'replicasChanges': 6}

{'name': 'kube-znn.173f3ced1169d0cb', 'type': 'Normal', 'message': 'Scaled up replica set kube-znn-744bbbc54b to 7', 'dateevent': '2023-01-31 00:22:55+00:00', 'image': 'cmendes/znn:800k', 'replicas': 7, 'imageChanges': 0, 'replicasChanges': 7}

{'name': 'kube-znn.173f3cee3dfe85a4', 'type': 'Normal', 'message': 'Scaled up replica set kube-znn-744bbbc54b to 8', 'dateevent': '2023-01-31 00:23:00+00:00', 'image': 'cmendes/znn:800k', 'replicas': 8, 'imageChanges': 0, 'replicasChanges': 8}

{'name': 'kube-znn.173f3cef6af2a941', 'type': 'Normal', 'message': 'Scaled up replica set kube-znn-744bbbc54b to 9', 'dateevent': '2023-01-31 00:23:05+00:00', 'image': 'cmendes/znn:800k', 'replicas': 9, 'imageChanges': 0, 'replicasChanges': 9}

{'name': 'kube-znn.173f3cf08e271d22', 'type': 'Normal', 'message': '(combined from similar events): Scaled up replica set kube-znn-744bbbc54b to 10', 'dateevent': '2023-01-31 00:23:10+00:00', 'image': 'cmendes/znn:800k', 'replicas': 10, 'imageChanges': 0, 'replicasChanges': 10}

{'name': 'kube-znn.173f3cf08e271d22', 'type': 'Normal', 'message': '(combined from similar events): Scaled up replica set kube-znn-5c95bd98fb to 3', 'dateevent': '2023-01-31 00:23:10+00:00', 'image': 'cmendes/znn:600k', 'replicas': 10, 'imageChanges': 1, 'replicasChanges': 10}

{'name': 'kube-znn.173f3cf08e271d22', 'type': 'Normal', 'message': '(combined from similar events): Scaled down replica set kube-znn-744bbbc54b to 8', 'dateevent': '2023-01-31 00:23:10+00:00', 'image': 'cmendes/znn:600k', 'replicas': 10, 'imageChanges': 1, 'replicasChanges': 10}

{'name': 'kube-znn.173f3cf08e271d22', 'type': 'Normal', 'message': '(combined from similar events): Scaled up replica set kube-znn-5c95bd98fb to 5', 'dateevent': '2023-01-31 00:23:10+00:00', 'image': 'cmendes/znn:600k', 'replicas': 10, 'imageChanges': 1, 'replicasChanges': 10}

{'name': 'kube-znn.173f3cf08e271d22', 'type': 'Normal', 'message': '(combined from similar events): Scaled down replica set kube-znn-744bbbc54b to 4', 'dateevent': '2023-01-31 00:23:10+00:00', 'image': 'cmendes/znn:100k', 'replicas': 10, 'imageChanges': 2, 'replicasChanges': 10}

{'name': 'kube-znn.173f3cf08e271d22', 'type': 'Normal', 'message': '(combined from similar events): Scaled down replica set kube-znn-5c95bd98fb to 4', 'dateevent': '2023-01-31 00:23:10+00:00', 'image': 'cmendes/znn:100k', 'replicas': 10, 'imageChanges': 2, 'replicasChanges': 10}

{'name': 'kube-znn.173f3cf08e271d22', 'type': 'Normal', 'message': '(combined from similar events): Scaled up replica set kube-znn-57c954fdb9 to 5', 'dateevent': '2023-01-31 00:23:10+00:00', 'image': 'cmendes/znn:100k', 'replicas': 10, 'imageChanges': 2, 'replicasChanges': 10}

{'name': 'kube-znn.173f3cf08e271d22', 'type': 'Normal', 'message': '(combined from similar events): Scaled down replica set kube-znn-57c954fdb9 to 1', 'dateevent': '2023-01-31 00:23:10+00:00', 'image': 'cmendes/znn:100k', 'replicas': 4, 'imageChanges': 2, 'replicasChanges': 11}

{'name': 'kube-znn.173f3cf08e271d22', 'type': 'Normal', 'message': '(combined from similar events): Scaled down replica set kube-znn-744bbbc54b to 2', 'dateevent': '2023-01-31 00:23:10+00:00', 'image': 'cmendes/znn:100k', 'replicas': 4, 'imageChanges': 2, 'replicasChanges': 11}

{'name': 'kube-znn.173f3cf08e271d22', 'type': 'Normal', 'message': '(combined from similar events): Scaled down replica set kube-znn-5c95bd98fb to 2', 'dateevent': '2023-01-31 00:23:10+00:00', 'image': 'cmendes/znn:100k', 'replicas': 4, 'imageChanges': 2, 'replicasChanges': 11}

{'name': 'kube-znn.173f3cf08e271d22', 'type': 'Normal', 'message': '(combined from similar events): Scaled down replica set kube-znn-5c95bd98fb to 1', 'dateevent': '2023-01-31 00:23:10+00:00', 'image': 'cmendes/znn:100k', 'replicas': 4, 'imageChanges': 2, 'replicasChanges': 11}

{'name': 'kube-znn.173f3cf08e271d22', 'type': 'Normal', 'message': '(combined from similar events): Scaled up replica set kube-znn-57c954fdb9 to 2', 'dateevent': '2023-01-31 00:23:10+00:00', 'image': 'cmendes/znn:100k', 'replicas': 4, 'imageChanges': 2, 'replicasChanges': 11}

{'name': 'kube-znn.173f3cff77b07491', 'type': 'Normal', 'message': 'Scaled down replica set kube-znn-57c954fdb9 to 1', 'dateevent': '2023-01-31 00:24:14+00:00', 'image': 'cmendes/znn:600k', 'replicas': 4, 'imageChanges': 3, 'replicasChanges': 11}

{'name': 'kube-znn.173f3cf08e271d22', 'type': 'Normal', 'message': '(combined from similar events): Scaled up replica set kube-znn-5c95bd98fb to 2', 'dateevent': '2023-01-31 00:23:10+00:00', 'image': 'cmendes/znn:600k', 'replicas': 4, 'imageChanges': 3, 'replicasChanges': 11}

{'name': 'kube-znn.173f3cf08e271d22', 'type': 'Normal', 'message': '(combined from similar events): Scaled down replica set kube-znn-5c95bd98fb to 0', 'dateevent': '2023-01-31 00:23:10+00:00', 'image': 'cmendes/znn:200k', 'replicas': 4, 'imageChanges': 4, 'replicasChanges': 11}

{'name': 'kube-znn.173f3cf08e271d22', 'type': 'Normal', 'message': '(combined from similar events): Scaled up replica set kube-znn-66c9c7d544 to 2', 'dateevent': '2023-01-31 00:23:10+00:00', 'image': 'cmendes/znn:200k', 'replicas': 4, 'imageChanges': 4, 'replicasChanges': 11}

{'name': 'kube-znn.173f3cf08e271d22', 'type': 'Normal', 'message': '(combined from similar events): Scaled down replica set kube-znn-744bbbc54b to 1', 'dateevent': '2023-01-31 00:23:10+00:00', 'image': 'cmendes/znn:200k', 'replicas': 4, 'imageChanges': 4, 'replicasChanges': 11}

Reading file: VersionA-Monolithic
Reading file: VersionB-MicroControllers
Reading file: VersionC-WithFailureManagerMetaController
Reading file: VersionC-ZTemp
