Reading file: ALong10
Reading file: ALong10.7z
Reading file: automatingDataGeneration.sh
Reading file: BLong10
Reading file: BLong10_parte1.7z
Reading file: BLong10_parte2.7z
Reading file: BLong10_parte3.7z
Reading file: BShort10
Reading file: BShort10.7z
Reading file: CLong10
Reading file: CLong10.7z
Reading file: CShort10
Reading file: CShort10.7z
Reading file: Evaluation-ZNN.7z
Reading file: generateLogs001310
Reading file: generateLogs002901
Reading file: generateLogs004339
Reading file: generateLogs005901
Reading file: generateLogs011406
Reading file: generateLogs012752
Reading file: generateLogs014157
Reading file: generateLogs020228
Reading file: generateLogs022133
Reading file: generateLogs023519
Reading file: generateLogs024917
Reading file: generateLogs030312
Reading file: generateLogs031746
Reading file: generateLogs2.sh
Reading file: k6-bv6h2_tracing_20230201_032713.log
Reading file: kubow-548bb5f4b4-bf6ds_tracing_20230201_032713.log

Kubow data

2023-02-01 06:27:20 : t0:addReplica

2023-02-01 06:27:25 : t0:addReplica

2023-02-01 06:27:30 : t0:addReplica

2023-02-01 06:27:35 : t0:addReplica

2023-02-01 06:27:40 : t0:addReplica

2023-02-01 06:27:45 : t0:addReplica

2023-02-01 06:27:50 : t0:addReplica

2023-02-01 06:27:55 : t0:addReplica

2023-02-01 06:28:00 : t0:addReplica

2023-02-01 06:28:05 : t1:lowerFidelity

2023-02-01 06:28:15 : t0:activateLowScalabilityHighQuality

2023-02-01 06:28:30 : t0:addReplica

2023-02-01 06:29:00 : t0:addReplica

2023-02-01 06:29:10 : t0:addHighScalabilityHighQuality

2023-02-01 06:29:15 : t0:addHighScalabilityHighQuality

2023-02-01 06:29:20 : t0:addHighScalabilityHighQuality

2023-02-01 06:29:35 : t0:removeReplica

2023-02-01 06:29:40 : t0:removeReplica

2023-02-01 06:30:15 : t1:raiseFidelity

2023-02-01 06:30:20 : t1:raiseFidelity

2023-02-01 06:30:35 : t0:addReplica

2023-02-01 06:31:35 : t0:activateLowScalabilityHighQuality

2023-02-01 06:31:40 : t0:addReplica

2023-02-01 06:32:05 : t0:addReplica

2023-02-01 06:32:10 : t0:addReplica

2023-02-01 06:32:15 : t0:addHighScalabilityHighQuality

2023-02-01 06:32:20 : t0:addHighScalabilityHighQuality

2023-02-01 06:32:25 : t0:addHighScalabilityHighQuality

2023-02-01 06:32:45 : t0:removeReplica

2023-02-01 06:32:50 : t1:raiseFidelity

2023-02-01 06:33:25 : t1:raiseFidelity

Reading file: README.md
Reading file: summary-trace-znn.log
Reading file: temp
Reading file: temp2701
Reading file: temp3101
Reading file: test
Reading file: tools
Reading file: traceznn_20230201_032713.log

Trace znn data

{'name': 'kube-znn-db.173f9f1fde6a59d5', 'type': 'Normal', 'message': 'Scaled up replica set kube-znn-db-6dd8968475 to 1', 'dateevent': '2023-02-01 06:22:25+00:00', 'image': 'cmendes/znn:800k', 'replicas': 1, 'imageChanges': 0, 'replicasChanges': 1}

{'name': 'kube-znn.173f9f1fdd64e287', 'type': 'Normal', 'message': 'Scaled up replica set kube-znn-5fb97667db to 1', 'dateevent': '2023-02-01 06:22:25+00:00', 'image': 'cmendes/znn:800k', 'replicas': 1, 'imageChanges': 0, 'replicasChanges': 1}

{'name': 'kube-znn.173f9f64f369f7a1', 'type': 'Normal', 'message': 'Scaled up replica set kube-znn-5fb97667db to 2', 'dateevent': '2023-02-01 06:27:22+00:00', 'image': 'cmendes/znn:800k', 'replicas': 2, 'imageChanges': 0, 'replicasChanges': 2}

{'name': 'kube-znn.173f9f65d07d628d', 'type': 'Normal', 'message': 'Scaled up replica set kube-znn-5fb97667db to 3', 'dateevent': '2023-02-01 06:27:26+00:00', 'image': 'cmendes/znn:800k', 'replicas': 3, 'imageChanges': 0, 'replicasChanges': 3}

{'name': 'kube-znn.173f9f66f9920ca7', 'type': 'Normal', 'message': 'Scaled up replica set kube-znn-5fb97667db to 4', 'dateevent': '2023-02-01 06:27:31+00:00', 'image': 'cmendes/znn:800k', 'replicas': 4, 'imageChanges': 0, 'replicasChanges': 4}

{'name': 'kube-znn.173f9f6824efc3a9', 'type': 'Normal', 'message': 'Scaled up replica set kube-znn-5fb97667db to 5', 'dateevent': '2023-02-01 06:27:36+00:00', 'image': 'cmendes/znn:800k', 'replicas': 5, 'imageChanges': 0, 'replicasChanges': 5}

{'name': 'kube-znn.173f9f6949059d5a', 'type': 'Normal', 'message': 'Scaled up replica set kube-znn-5fb97667db to 6', 'dateevent': '2023-02-01 06:27:40+00:00', 'image': 'cmendes/znn:800k', 'replicas': 6, 'imageChanges': 0, 'replicasChanges': 6}

{'name': 'kube-znn.173f9f6a72afa2bb', 'type': 'Normal', 'message': 'Scaled up replica set kube-znn-5fb97667db to 7', 'dateevent': '2023-02-01 06:27:45+00:00', 'image': 'cmendes/znn:800k', 'replicas': 7, 'imageChanges': 0, 'replicasChanges': 7}

{'name': 'kube-znn.173f9f6b9ebd9976', 'type': 'Normal', 'message': 'Scaled up replica set kube-znn-5fb97667db to 8', 'dateevent': '2023-02-01 06:27:50+00:00', 'image': 'cmendes/znn:800k', 'replicas': 8, 'imageChanges': 0, 'replicasChanges': 8}

{'name': 'kube-znn.173f9f6cc9f2b023', 'type': 'Normal', 'message': 'Scaled up replica set kube-znn-5fb97667db to 9', 'dateevent': '2023-02-01 06:27:55+00:00', 'image': 'cmendes/znn:800k', 'replicas': 9, 'imageChanges': 0, 'replicasChanges': 9}

{'name': 'kube-znn.173f9f6df0d5107f', 'type': 'Normal', 'message': '(combined from similar events): Scaled up replica set kube-znn-5fb97667db to 10', 'dateevent': '2023-02-01 06:28:00+00:00', 'image': 'cmendes/znn:800k', 'replicas': 10, 'imageChanges': 0, 'replicasChanges': 10}

{'name': 'kube-znn.173f9f6df0d5107f', 'type': 'Normal', 'message': '(combined from similar events): Scaled up replica set kube-znn-6978979d84 to 3', 'dateevent': '2023-02-01 06:28:00+00:00', 'image': 'cmendes/znn:600k', 'replicas': 10, 'imageChanges': 1, 'replicasChanges': 10}

{'name': 'kube-znn.173f9f6df0d5107f', 'type': 'Normal', 'message': '(combined from similar events): Scaled down replica set kube-znn-5fb97667db to 8', 'dateevent': '2023-02-01 06:28:00+00:00', 'image': 'cmendes/znn:600k', 'replicas': 10, 'imageChanges': 1, 'replicasChanges': 10}

{'name': 'kube-znn.173f9f6df0d5107f', 'type': 'Normal', 'message': '(combined from similar events): Scaled up replica set kube-znn-6978979d84 to 5', 'dateevent': '2023-02-01 06:28:00+00:00', 'image': 'cmendes/znn:600k', 'replicas': 10, 'imageChanges': 1, 'replicasChanges': 10}

{'name': 'kube-znn.173f9f6df0d5107f', 'type': 'Normal', 'message': '(combined from similar events): Scaled down replica set kube-znn-5fb97667db to 7', 'dateevent': '2023-02-01 06:28:00+00:00', 'image': 'cmendes/znn:600k', 'replicas': 10, 'imageChanges': 1, 'replicasChanges': 10}

{'name': 'kube-znn.173f9f6df0d5107f', 'type': 'Normal', 'message': '(combined from similar events): Scaled up replica set kube-znn-6978979d84 to 6', 'dateevent': '2023-02-01 06:28:00+00:00', 'image': 'cmendes/znn:600k', 'replicas': 10, 'imageChanges': 1, 'replicasChanges': 10}

{'name': 'kube-znn.173f9f6df0d5107f', 'type': 'Normal', 'message': '(combined from similar events): Scaled down replica set kube-znn-5fb97667db to 4', 'dateevent': '2023-02-01 06:28:00+00:00', 'image': 'cmendes/znn:600k', 'replicas': 5, 'imageChanges': 1, 'replicasChanges': 11}

{'name': 'kube-znn.173f9f6df0d5107f', 'type': 'Normal', 'message': '(combined from similar events): Scaled down replica set kube-znn-6978979d84 to 3', 'dateevent': '2023-02-01 06:28:00+00:00', 'image': 'cmendes/znn:600k', 'replicas': 5, 'imageChanges': 1, 'replicasChanges': 11}

{'name': 'kube-znn.173f9f6df0d5107f', 'type': 'Normal', 'message': '(combined from similar events): Scaled down replica set kube-znn-5fb97667db to 3', 'dateevent': '2023-02-01 06:28:00+00:00', 'image': 'cmendes/znn:600k', 'replicas': 5, 'imageChanges': 1, 'replicasChanges': 11}

{'name': 'kube-znn.173f9f6df0d5107f', 'type': 'Normal', 'message': '(combined from similar events): Scaled up replica set kube-znn-6978979d84 to 4', 'dateevent': '2023-02-01 06:28:00+00:00', 'image': 'cmendes/znn:600k', 'replicas': 5, 'imageChanges': 1, 'replicasChanges': 11}

{'name': 'kube-znn.173f9f6df0d5107f', 'type': 'Normal', 'message': '(combined from similar events): Scaled down replica set kube-znn-5fb97667db to 2', 'dateevent': '2023-02-01 06:28:00+00:00', 'image': 'cmendes/znn:600k', 'replicas': 5, 'imageChanges': 1, 'replicasChanges': 11}

{'name': 'kube-znn.173f9f6df0d5107f', 'type': 'Normal', 'message': '(combined from similar events): Scaled up replica set kube-znn-6978979d84 to 5', 'dateevent': '2023-02-01 06:28:00+00:00', 'image': 'cmendes/znn:600k', 'replicas': 5, 'imageChanges': 1, 'replicasChanges': 11}

{'name': 'kube-znn.173f9f6df0d5107f', 'type': 'Normal', 'message': '(combined from similar events): Scaled down replica set kube-znn-5fb97667db to 1', 'dateevent': '2023-02-01 06:28:00+00:00', 'image': 'cmendes/znn:600k', 'replicas': 5, 'imageChanges': 1, 'replicasChanges': 11}

{'name': 'kube-znn.173f9f6df0d5107f', 'type': 'Normal', 'message': '(combined from similar events): Scaled down replica set kube-znn-5fb97667db to 0', 'dateevent': '2023-02-01 06:28:00+00:00', 'image': 'cmendes/znn:600k', 'replicas': 5, 'imageChanges': 1, 'replicasChanges': 11}

{'name': 'kube-znn.173f9f6df0d5107f', 'type': 'Normal', 'message': '(combined from similar events): Scaled up replica set kube-znn-f8d56c578 to 2', 'dateevent': '2023-02-01 06:28:00+00:00', 'image': 'cmendes/znn:400k', 'replicas': 5, 'imageChanges': 2, 'replicasChanges': 11}

{'name': 'kube-znn.173f9f6df0d5107f', 'type': 'Normal', 'message': '(combined from similar events): Scaled down replica set kube-znn-6978979d84 to 4', 'dateevent': '2023-02-01 06:28:00+00:00', 'image': 'cmendes/znn:400k', 'replicas': 5, 'imageChanges': 2, 'replicasChanges': 11}

{'name': 'kube-znn.173f9f6df0d5107f', 'type': 'Normal', 'message': '(combined from similar events): Scaled up replica set kube-znn-f8d56c578 to 3', 'dateevent': '2023-02-01 06:28:00+00:00', 'image': 'cmendes/znn:400k', 'replicas': 5, 'imageChanges': 2, 'replicasChanges': 11}

{'name': 'kube-znn.173f9f6df0d5107f', 'type': 'Normal', 'message': '(combined from similar events): Scaled down replica set kube-znn-f8d56c578 to 5', 'dateevent': '2023-02-01 06:28:00+00:00', 'image': 'cmendes/znn:400k', 'replicas': 5, 'imageChanges': 2, 'replicasChanges': 11}

Reading file: VersionA-Monolithic
Reading file: VersionB-MicroControllers
Reading file: VersionC-WithFailureManagerMetaController
Reading file: VersionC-ZTemp
