root - WARNING - Starting our experiment execution
root - WARNING - 

-----------------------------------------
root - WARNING - General Log - 
root - WARNING - {'name': 'default-server-secret.173f7c41208c4c0b', 'type': 'Normal', 'message': 'the special Secret default/default-server-secret was updated', 'dateevent': '2023-01-31 19:43:25+00:00'}
root - WARNING - 

-----------------------------------------
root - WARNING - 

-----------------------------------------
root - WARNING - General Log - 
root - WARNING - {'name': 'failuremanager-ccc6cc495-v9htz.173f7c3380a1d31c', 'type': 'Normal', 'message': 'Successfully assigned default/failuremanager-ccc6cc495-v9htz to minikube', 'dateevent': '2023-01-31 19:42:27+00:00'}
root - WARNING - 

-----------------------------------------
root - WARNING - 

-----------------------------------------
root - WARNING - General Log - 
root - WARNING - {'name': 'failuremanager-ccc6cc495-v9htz.173f7c33b7ff7975', 'type': 'Normal', 'message': 'Pulling image "californibrs/failuremanager"', 'dateevent': '2023-01-31 19:42:27+00:00'}
root - WARNING - 

-----------------------------------------
root - WARNING - 

-----------------------------------------
root - WARNING - General Log - 
root - WARNING - {'name': 'failuremanager-ccc6cc495-v9htz.173f7c4974a1d404', 'type': 'Normal', 'message': 'Successfully pulled image "californibrs/failuremanager"', 'dateevent': '2023-01-31 19:44:01+00:00'}
root - WARNING - 

-----------------------------------------
root - WARNING - 

-----------------------------------------
root - WARNING - General Log - 
root - WARNING - {'name': 'failuremanager-ccc6cc495-v9htz.173f7c49c18a927f', 'type': 'Normal', 'message': 'Created container failuremanager', 'dateevent': '2023-01-31 19:44:02+00:00'}
root - WARNING - 

-----------------------------------------
root - WARNING - 

-----------------------------------------
root - WARNING - General Log - 
root - WARNING - {'name': 'failuremanager-ccc6cc495-v9htz.173f7c49cf1827ad', 'type': 'Normal', 'message': 'Started container failuremanager', 'dateevent': '2023-01-31 19:44:02+00:00'}
root - WARNING - 

-----------------------------------------
root - WARNING - 

-----------------------------------------
root - WARNING - General Log - 
root - WARNING - {'name': 'failuremanager-ccc6cc495.173f7c33801b7643', 'type': 'Normal', 'message': 'Created pod: failuremanager-ccc6cc495-v9htz', 'dateevent': '2023-01-31 19:42:27+00:00'}
root - WARNING - 

-----------------------------------------
root - WARNING - 

-----------------------------------------
root - WARNING - General Log - 
root - WARNING - {'name': 'failuremanager-ingress.173f7c4131a6032a', 'type': 'Normal', 'message': 'Configuration for default/failuremanager-ingress was added or updated', 'dateevent': '2023-01-31 19:43:25+00:00'}
root - WARNING - 

-----------------------------------------
root - WARNING - 

-----------------------------------------
root - WARNING - General Log - 
root - WARNING - {'name': 'failuremanager-ingress.173f7c413a3f8847', 'type': 'Normal', 'message': 'Configuration for default/failuremanager-ingress was updated ', 'dateevent': '2023-01-31 19:43:26+00:00'}
root - WARNING - 

-----------------------------------------
root - WARNING - 

-----------------------------------------
root - WARNING - General Log - 
root - WARNING - {'name': 'failuremanager.173f7c337f55a2e7', 'type': 'Normal', 'message': 'Scaled up replica set failuremanager-ccc6cc495 to 1', 'dateevent': '2023-01-31 19:42:27+00:00'}
root - WARNING - 

-----------------------------------------
root - WARNING - 

-----------------------------------------
root - WARNING - General Log - 
root - WARNING - {'name': 'failuremonitor-68dd6cfd46-cthhh.173f7c338747afd2', 'type': 'Normal', 'message': 'Successfully assigned default/failuremonitor-68dd6cfd46-cthhh to minikube', 'dateevent': '2023-01-31 19:42:27+00:00'}
root - WARNING - 

-----------------------------------------
root - WARNING - 

-----------------------------------------
root - WARNING - General Log - 
root - WARNING - {'name': 'failuremonitor-68dd6cfd46-cthhh.173f7c33d3c3adaa', 'type': 'Normal', 'message': 'Pulling image "californibrs/failuremonitor"', 'dateevent': '2023-01-31 19:42:28+00:00'}
root - WARNING - 

-----------------------------------------
root - WARNING - 

-----------------------------------------
root - WARNING - General Log - 
root - WARNING - {'name': 'failuremonitor-68dd6cfd46-cthhh.173f7c5498a49c2c', 'type': 'Warning', 'message': 'Failed to pull image "californibrs/failuremonitor": rpc error: code = Unknown desc = Error response from daemon: Head "https://registry-1.docker.io/v2/californibrs/failuremonitor/manifests/latest": Get "https://auth.docker.io/token?account=californibrs&scope=repository%3Acalifornibrs%2Ffailuremonitor%3Apull&service=registry.docker.io": dial tcp: lookup auth.docker.io on 172.27.176.1:53: read udp 172.27.184.151:45037->172.27.176.1:53: i/o timeout', 'dateevent': '2023-01-31 19:44:49+00:00'}
root - WARNING - 

-----------------------------------------
root - WARNING - 

-----------------------------------------
root - WARNING - General Log - 
root - WARNING - {'name': 'failuremonitor-68dd6cfd46-cthhh.173f7c5498a50b1b', 'type': 'Warning', 'message': 'Error: ErrImagePull', 'dateevent': '2023-01-31 19:44:49+00:00'}
root - WARNING - 

-----------------------------------------
root - WARNING - 

-----------------------------------------
root - WARNING - General Log - 
root - WARNING - {'name': 'failuremonitor-68dd6cfd46-cthhh.173f7c54b9b4c225', 'type': 'Normal', 'message': 'Back-off pulling image "californibrs/failuremonitor"', 'dateevent': '2023-01-31 19:44:49+00:00'}
root - WARNING - 

-----------------------------------------
root - WARNING - 

-----------------------------------------
root - WARNING - General Log - 
root - WARNING - {'name': 'failuremonitor-68dd6cfd46-cthhh.173f7c54b9b50108', 'type': 'Warning', 'message': 'Error: ImagePullBackOff', 'dateevent': '2023-01-31 19:44:49+00:00'}
root - WARNING - 

-----------------------------------------
root - WARNING - 

-----------------------------------------
root - WARNING - General Log - 
root - WARNING - {'name': 'failuremonitor-68dd6cfd46-cthhh.173f7c643bfa0080', 'type': 'Normal', 'message': 'Successfully pulled image "californibrs/failuremonitor"', 'dateevent': '2023-01-31 19:45:56+00:00'}
root - WARNING - 

-----------------------------------------
root - WARNING - 

-----------------------------------------
root - WARNING - General Log - 
root - WARNING - {'name': 'failuremonitor-68dd6cfd46-cthhh.173f7c64f2f14931', 'type': 'Normal', 'message': 'Created container failuremonitor', 'dateevent': '2023-01-31 19:45:59+00:00'}
root - WARNING - 

-----------------------------------------
root - WARNING - 

-----------------------------------------
root - WARNING - General Log - 
root - WARNING - {'name': 'failuremonitor-68dd6cfd46-cthhh.173f7c6503e6b930', 'type': 'Normal', 'message': 'Started container failuremonitor', 'dateevent': '2023-01-31 19:45:59+00:00'}
root - WARNING - 

-----------------------------------------
root - WARNING - 

-----------------------------------------
root - WARNING - General Log - 
root - WARNING - {'name': 'failuremonitor-68dd6cfd46.173f7c3386b58d0e', 'type': 'Normal', 'message': 'Created pod: failuremonitor-68dd6cfd46-cthhh', 'dateevent': '2023-01-31 19:42:27+00:00'}
root - WARNING - 

-----------------------------------------
root - WARNING - 

-----------------------------------------
root - WARNING - General Log - 
root - WARNING - {'name': 'failuremonitor.173f7c33857b524b', 'type': 'Normal', 'message': 'Scaled up replica set failuremonitor-68dd6cfd46 to 1', 'dateevent': '2023-01-31 19:42:27+00:00'}
root - WARNING - 

-----------------------------------------
root - WARNING - 

-----------------------------------------
root - WARNING - General Log - 
root - WARNING - {'name': 'grafana-65787bb97f-xnfnh.173f7c326403a354', 'type': 'Normal', 'message': 'Successfully assigned default/grafana-65787bb97f-xnfnh to minikube', 'dateevent': '2023-01-31 19:42:22+00:00'}
root - WARNING - 

-----------------------------------------
root - WARNING - 

-----------------------------------------
root - WARNING - General Log - 
root - WARNING - {'name': 'grafana-65787bb97f-xnfnh.173f7c32a3091c6d', 'type': 'Normal', 'message': 'Pulling image "grafana/grafana:6.4.2"', 'dateevent': '2023-01-31 19:42:23+00:00'}
root - WARNING - 

-----------------------------------------
root - WARNING - 

-----------------------------------------
root - WARNING - General Log - 
root - WARNING - {'name': 'grafana-65787bb97f-xnfnh.173f7c3679ff799f', 'type': 'Normal', 'message': 'Successfully pulled image "grafana/grafana:6.4.2"', 'dateevent': '2023-01-31 19:42:39+00:00'}
root - WARNING - 

-----------------------------------------
root - WARNING - 

-----------------------------------------
root - WARNING - General Log - 
root - WARNING - {'name': 'grafana-65787bb97f-xnfnh.173f7c36e837a52b', 'type': 'Normal', 'message': 'Created container grafana', 'dateevent': '2023-01-31 19:42:41+00:00'}
root - WARNING - 

-----------------------------------------
root - WARNING - 

-----------------------------------------
root - WARNING - General Log - 
root - WARNING - {'name': 'grafana-65787bb97f-xnfnh.173f7c36f3c4ef32', 'type': 'Normal', 'message': 'Started container grafana', 'dateevent': '2023-01-31 19:42:41+00:00'}
root - WARNING - 

-----------------------------------------
root - WARNING - 

-----------------------------------------
root - WARNING - General Log - 
root - WARNING - {'name': 'grafana-65787bb97f-xnfnh.173f7c37d22759de', 'type': 'Warning', 'message': 'Readiness probe failed: Get http://172.17.0.4:3000/api/health: dial tcp 172.17.0.4:3000: connect: connection refused', 'dateevent': '2023-01-31 19:42:45+00:00'}
root - WARNING - 

-----------------------------------------
root - WARNING - 

-----------------------------------------
root - WARNING - General Log - 
root - WARNING - {'name': 'grafana-65787bb97f.173f7c326350ae1e', 'type': 'Normal', 'message': 'Created pod: grafana-65787bb97f-xnfnh', 'dateevent': '2023-01-31 19:42:22+00:00'}
root - WARNING - 

-----------------------------------------
root - WARNING - 

-----------------------------------------
root - WARNING - General Log - 
root - WARNING - {'name': 'grafana.173f7c3261da8425', 'type': 'Normal', 'message': 'Scaled up replica set grafana-65787bb97f to 1', 'dateevent': '2023-01-31 19:42:22+00:00'}
root - WARNING - 

-----------------------------------------
root - WARNING - 

-----------------------------------------
root - WARNING - General Log - 
root - WARNING - {'name': 'ingress-kube-znn.173f7c41292ecf13', 'type': 'Normal', 'message': 'Configuration for default/ingress-kube-znn was added or updated', 'dateevent': '2023-01-31 19:43:25+00:00'}
root - WARNING - 

-----------------------------------------
root - WARNING - 

-----------------------------------------
root - WARNING - General Log - 
root - WARNING - {'name': 'ingress-kube-znn.173f7c413a3fa6bf', 'type': 'Normal', 'message': 'Configuration for default/ingress-kube-znn was updated ', 'dateevent': '2023-01-31 19:43:25+00:00'}
root - WARNING - 

-----------------------------------------
root - WARNING - 

-----------------------------------------
root - WARNING - General Log - 
root - WARNING - {'name': 'k6-jvzzl.173f7c6583d835de', 'type': 'Normal', 'message': 'Successfully assigned default/k6-jvzzl to minikube', 'dateevent': '2023-01-31 19:46:01+00:00'}
root - WARNING - 

-----------------------------------------
root - WARNING - 

-----------------------------------------
root - WARNING - General Log - 
root - WARNING - {'name': 'k6-jvzzl.173f7c65b984f79e', 'type': 'Normal', 'message': 'Pulling image "loadimpact/k6"', 'dateevent': '2023-01-31 19:46:02+00:00'}
root - WARNING - 

-----------------------------------------
root - WARNING - 

-----------------------------------------
root - WARNING - General Log - 
root - WARNING - {'name': 'k6-jvzzl.173f7c66fa03c23a', 'type': 'Normal', 'message': 'Successfully pulled image "loadimpact/k6"', 'dateevent': '2023-01-31 19:46:08+00:00'}
root - WARNING - 

-----------------------------------------
root - WARNING - 

-----------------------------------------
root - WARNING - General Log - 
root - WARNING - {'name': 'k6-jvzzl.173f7c6714d11e3e', 'type': 'Normal', 'message': 'Created container k6', 'dateevent': '2023-01-31 19:46:08+00:00'}
root - WARNING - 

-----------------------------------------
root - WARNING - 

-----------------------------------------
root - WARNING - General Log - 
root - WARNING - {'name': 'k6-jvzzl.173f7c6724d1dde3', 'type': 'Normal', 'message': 'Started container k6', 'dateevent': '2023-01-31 19:46:08+00:00'}
root - WARNING - 

-----------------------------------------
root - WARNING - 

-----------------------------------------
root - WARNING - General Log - 
root - WARNING - {'name': 'k6.173f7c65834742cf', 'type': 'Normal', 'message': 'Created pod: k6-jvzzl', 'dateevent': '2023-01-31 19:46:01+00:00'}
root - WARNING - 

-----------------------------------------
root - WARNING - 

-----------------------------------------
root - WARNING - General Log - 
root - WARNING - {'name': 'kube-state-metrics-d4dff4b7c-wnvxs.173f7c32654bec9c', 'type': 'Normal', 'message': 'Successfully assigned default/kube-state-metrics-d4dff4b7c-wnvxs to minikube', 'dateevent': '2023-01-31 19:42:22+00:00'}
root - WARNING - 

-----------------------------------------
root - WARNING - 

-----------------------------------------
root - WARNING - General Log - 
root - WARNING - {'name': 'kube-state-metrics-d4dff4b7c-wnvxs.173f7c32a9d74dc5', 'type': 'Normal', 'message': 'Pulling image "quay.io/coreos/kube-state-metrics:v1.9.5"', 'dateevent': '2023-01-31 19:42:23+00:00'}
root - WARNING - 

-----------------------------------------
root - WARNING - 

-----------------------------------------
root - WARNING - General Log - 
root - WARNING - {'name': 'kube-state-metrics-d4dff4b7c-wnvxs.173f7c37a3a7126f', 'type': 'Normal', 'message': 'Successfully pulled image "quay.io/coreos/kube-state-metrics:v1.9.5"', 'dateevent': '2023-01-31 19:42:44+00:00'}
root - WARNING - 

-----------------------------------------
root - WARNING - 

-----------------------------------------
root - WARNING - General Log - 
root - WARNING - {'name': 'kube-state-metrics-d4dff4b7c-wnvxs.173f7c37b7087201', 'type': 'Normal', 'message': 'Created container kube-state-metrics', 'dateevent': '2023-01-31 19:42:45+00:00'}
root - WARNING - 

-----------------------------------------
root - WARNING - 

-----------------------------------------
root - WARNING - General Log - 
root - WARNING - {'name': 'kube-state-metrics-d4dff4b7c-wnvxs.173f7c37c4e21e89', 'type': 'Normal', 'message': 'Started container kube-state-metrics', 'dateevent': '2023-01-31 19:42:45+00:00'}
root - WARNING - 

-----------------------------------------
root - WARNING - 

-----------------------------------------
root - WARNING - General Log - 
root - WARNING - {'name': 'kube-state-metrics-d4dff4b7c.173f7c3263ea0ed9', 'type': 'Normal', 'message': 'Created pod: kube-state-metrics-d4dff4b7c-wnvxs', 'dateevent': '2023-01-31 19:42:22+00:00'}
root - WARNING - 

-----------------------------------------
root - WARNING - 

-----------------------------------------
root - WARNING - General Log - 
root - WARNING - {'name': 'kube-state-metrics.173f7c3263503cd7', 'type': 'Normal', 'message': 'Scaled up replica set kube-state-metrics-d4dff4b7c to 1', 'dateevent': '2023-01-31 19:42:22+00:00'}
root - WARNING - 

-----------------------------------------
root - WARNING - 

-----------------------------------------
root - WARNING - General Log - 
root - WARNING - {'name': 'kube-znn-5fb97667db-2n22w.173f7c32d453d8e0', 'type': 'Normal', 'message': 'Successfully assigned default/kube-znn-5fb97667db-2n22w to minikube', 'dateevent': '2023-01-31 19:42:24+00:00'}
root - WARNING - 

-----------------------------------------
root - WARNING - 

-----------------------------------------
root - WARNING - General Log - 
root - WARNING - {'name': 'kube-znn-5fb97667db-2n22w.173f7c330d765cef', 'type': 'Normal', 'message': 'Pulling image "cmendes/znn:800k"', 'dateevent': '2023-01-31 19:42:25+00:00'}
root - WARNING - 

-----------------------------------------
root - WARNING - 

-----------------------------------------
root - WARNING - General Log - 
root - WARNING - {'name': 'kube-znn-5fb97667db-2n22w.173f7c3b6fe83f85', 'type': 'Normal', 'message': 'Successfully pulled image "cmendes/znn:800k"', 'dateevent': '2023-01-31 19:43:01+00:00'}
root - WARNING - 

-----------------------------------------
root - WARNING - 

-----------------------------------------
root - WARNING - General Log - 
root - WARNING - {'name': 'kube-znn-5fb97667db-2n22w.173f7c3b91692261', 'type': 'Normal', 'message': 'Created container znn', 'dateevent': '2023-01-31 19:43:01+00:00'}
root - WARNING - 

-----------------------------------------
root - WARNING - 

-----------------------------------------
root - WARNING - General Log - 
root - WARNING - {'name': 'kube-znn-5fb97667db-2n22w.173f7c3b9d7a4a80', 'type': 'Normal', 'message': 'Started container znn', 'dateevent': '2023-01-31 19:43:01+00:00'}
root - WARNING - 

-----------------------------------------
root - WARNING - 

-----------------------------------------
root - WARNING - General Log - 
root - WARNING - {'name': 'kube-znn-5fb97667db-2n22w.173f7c3ba85a8528', 'type': 'Normal', 'message': 'Pulling image "openresty/openresty:alpine-fat"', 'dateevent': '2023-01-31 19:43:02+00:00'}
root - WARNING - 

-----------------------------------------
root - WARNING - 

-----------------------------------------
root - WARNING - General Log - 
root - WARNING - {'name': 'kube-znn-5fb97667db-2n22w.173f7c5aee151f4b', 'type': 'Normal', 'message': 'Successfully pulled image "openresty/openresty:alpine-fat"', 'dateevent': '2023-01-31 19:45:16+00:00'}
root - WARNING - 

-----------------------------------------
root - WARNING - 

-----------------------------------------
root - WARNING - General Log - 
root - WARNING - {'name': 'kube-znn-5fb97667db-2n22w.173f7c5bb05741aa', 'type': 'Normal', 'message': 'Created container nginx', 'dateevent': '2023-01-31 19:45:19+00:00'}
root - WARNING - 

-----------------------------------------
root - WARNING - 

-----------------------------------------
root - WARNING - General Log - 
root - WARNING - {'name': 'kube-znn-5fb97667db-2n22w.173f7c5bbee402e0', 'type': 'Normal', 'message': 'Started container nginx', 'dateevent': '2023-01-31 19:45:19+00:00'}
root - WARNING - 

-----------------------------------------
root - WARNING - 

-----------------------------------------
root - WARNING - General Log - 
root - WARNING - {'name': 'kube-znn-5fb97667db.173f7c32d3e56b96', 'type': 'Normal', 'message': 'Created pod: kube-znn-5fb97667db-2n22w', 'dateevent': '2023-01-31 19:42:24+00:00'}
root - WARNING - 

-----------------------------------------
root - WARNING - 

-----------------------------------------
root - WARNING - General Log - 
root - WARNING - {'name': 'kube-znn-db-6dd8968475-5pzhm.173f7c32d8360f04', 'type': 'Normal', 'message': 'Successfully assigned default/kube-znn-db-6dd8968475-5pzhm to minikube', 'dateevent': '2023-01-31 19:42:24+00:00'}
root - WARNING - 

-----------------------------------------
root - WARNING - 

-----------------------------------------
root - WARNING - General Log - 
root - WARNING - {'name': 'kube-znn-db-6dd8968475-5pzhm.173f7c332d5bfa59', 'type': 'Normal', 'message': 'Pulling image "mysql:5.6"', 'dateevent': '2023-01-31 19:42:25+00:00'}
root - WARNING - 

-----------------------------------------
root - WARNING - 

-----------------------------------------
root - WARNING - General Log - 
root - WARNING - {'name': 'kube-znn-db-6dd8968475-5pzhm.173f7c3e94f70d14', 'type': 'Normal', 'message': 'Successfully pulled image "mysql:5.6"', 'dateevent': '2023-01-31 19:43:14+00:00'}
root - WARNING - 

-----------------------------------------
root - WARNING - 

-----------------------------------------
root - WARNING - General Log - 
root - WARNING - {'name': 'kube-znn-db-6dd8968475-5pzhm.173f7c3f0059b6a9', 'type': 'Normal', 'message': 'Created container mysql', 'dateevent': '2023-01-31 19:43:16+00:00'}
root - WARNING - 

-----------------------------------------
root - WARNING - 

-----------------------------------------
root - WARNING - General Log - 
root - WARNING - {'name': 'kube-znn-db-6dd8968475-5pzhm.173f7c3f0c173d3d', 'type': 'Normal', 'message': 'Started container mysql', 'dateevent': '2023-01-31 19:43:16+00:00'}
root - WARNING - 

-----------------------------------------
root - WARNING - 

-----------------------------------------
root - WARNING - General Log - 
root - WARNING - {'name': 'kube-znn-db-6dd8968475-5pzhm.173f7c41146e1f55', 'type': 'Warning', 'message': 'Liveness probe failed: dial tcp 172.17.0.8:3306: connect: connection refused', 'dateevent': '2023-01-31 19:43:25+00:00'}
root - WARNING - 

-----------------------------------------
root - WARNING - 

-----------------------------------------
root - WARNING - General Log - 
root - WARNING - {'name': 'kube-znn-db-6dd8968475.173f7c32d65c77c3', 'type': 'Normal', 'message': 'Created pod: kube-znn-db-6dd8968475-5pzhm', 'dateevent': '2023-01-31 19:42:24+00:00'}
root - WARNING - 

-----------------------------------------
root - WARNING - 

-----------------------------------------
root - WARNING - General Log - 
root - WARNING - {'name': 'kube-znn-db.173f7c32d47019b7', 'type': 'Normal', 'message': 'Scaled up replica set kube-znn-db-6dd8968475 to 1', 'dateevent': '2023-01-31 19:42:24+00:00'}
root - WARNING - 

-----------------------------------------
root - WARNING - 

-----------------------------------------
root - WARNING - 

Captured event for znn: 
root - WARNING - {'name': 'kube-znn-db.173f7c32d47019b7', 'type': 'Normal', 'message': 'Scaled up replica set kube-znn-db-6dd8968475 to 1', 'dateevent': '2023-01-31 19:42:24+00:00', 'image': 'cmendes/znn:800k', 'replicas': 1, 'imageChanges': 0, 'replicasChanges': 1}
root - WARNING - 

-----------------------------------------
root - WARNING - 

-----------------------------------------
root - WARNING - General Log - 
root - WARNING - {'name': 'kube-znn.173f7c32d2b3cf43', 'type': 'Normal', 'message': 'Scaled up replica set kube-znn-5fb97667db to 1', 'dateevent': '2023-01-31 19:42:24+00:00'}
root - WARNING - 

-----------------------------------------
root - WARNING - 

-----------------------------------------
root - WARNING - 

Captured event for znn: 
root - WARNING - {'name': 'kube-znn.173f7c32d2b3cf43', 'type': 'Normal', 'message': 'Scaled up replica set kube-znn-5fb97667db to 1', 'dateevent': '2023-01-31 19:42:24+00:00', 'image': 'cmendes/znn:800k', 'replicas': 1, 'imageChanges': 0, 'replicasChanges': 1}
root - WARNING - 

-----------------------------------------
root - WARNING - 

-----------------------------------------
root - WARNING - General Log - 
root - WARNING - {'name': 'kubow-548bb5f4b4-bswdt.173f7c3366c93a64', 'type': 'Normal', 'message': 'Successfully assigned default/kubow-548bb5f4b4-bswdt to minikube', 'dateevent': '2023-01-31 19:42:26+00:00'}
root - WARNING - 

-----------------------------------------
root - WARNING - 

-----------------------------------------
root - WARNING - General Log - 
root - WARNING - {'name': 'kubow-548bb5f4b4-bswdt.173f7c33c73bf88f', 'type': 'Normal', 'message': 'Pulling image "cmendes/kubow:yellow-2"', 'dateevent': '2023-01-31 19:42:28+00:00'}
root - WARNING - 

-----------------------------------------
root - WARNING - 

-----------------------------------------
root - WARNING - General Log - 
root - WARNING - {'name': 'kubow-548bb5f4b4-bswdt.173f7c510a4d0878', 'type': 'Normal', 'message': 'Successfully pulled image "cmendes/kubow:yellow-2"', 'dateevent': '2023-01-31 19:44:33+00:00'}
root - WARNING - 

-----------------------------------------
root - WARNING - 

-----------------------------------------
root - WARNING - General Log - 
root - WARNING - {'name': 'kubow-548bb5f4b4-bswdt.173f7c53d74cf5dd', 'type': 'Normal', 'message': 'Created container kubow', 'dateevent': '2023-01-31 19:44:45+00:00'}
root - WARNING - 

-----------------------------------------
root - WARNING - 

-----------------------------------------
root - WARNING - General Log - 
root - WARNING - {'name': 'kubow-548bb5f4b4-bswdt.173f7c53e76433f3', 'type': 'Normal', 'message': 'Started container kubow', 'dateevent': '2023-01-31 19:44:46+00:00'}
root - WARNING - 

-----------------------------------------
root - WARNING - 

-----------------------------------------
root - WARNING - General Log - 
root - WARNING - {'name': 'kubow-548bb5f4b4.173f7c3365e7263b', 'type': 'Normal', 'message': 'Created pod: kubow-548bb5f4b4-bswdt', 'dateevent': '2023-01-31 19:42:26+00:00'}
root - WARNING - 

-----------------------------------------
root - WARNING - 

-----------------------------------------
root - WARNING - General Log - 
root - WARNING - {'name': 'kubow.173f7c3365636369', 'type': 'Normal', 'message': 'Scaled up replica set kubow-548bb5f4b4 to 1', 'dateevent': '2023-01-31 19:42:26+00:00'}
root - WARNING - 

-----------------------------------------
root - WARNING - 

-----------------------------------------
root - WARNING - General Log - 
root - WARNING - {'name': 'minikube.173f7c2c4e7a2fb8', 'type': 'Normal', 'message': 'Node minikube status is now: NodeHasSufficientMemory', 'dateevent': '2023-01-31 19:42:02+00:00'}
root - WARNING - 

-----------------------------------------
root - WARNING - 

-----------------------------------------
root - WARNING - General Log - 
root - WARNING - {'name': 'minikube.173f7c2c4e7a5ca4', 'type': 'Normal', 'message': 'Node minikube status is now: NodeHasNoDiskPressure', 'dateevent': '2023-01-31 19:42:03+00:00'}
root - WARNING - 

-----------------------------------------
root - WARNING - 

-----------------------------------------
root - WARNING - General Log - 
root - WARNING - {'name': 'minikube.173f7c2c4e7a6f64', 'type': 'Normal', 'message': 'Node minikube status is now: NodeHasSufficientPID', 'dateevent': '2023-01-31 19:42:03+00:00'}
root - WARNING - 

-----------------------------------------
root - WARNING - 

-----------------------------------------
root - WARNING - General Log - 
root - WARNING - {'name': 'minikube.173f7c317f765df8', 'type': 'Normal', 'message': 'Node minikube event: Registered Node minikube in Controller', 'dateevent': '2023-01-31 19:42:18+00:00'}
root - WARNING - 

-----------------------------------------
root - WARNING - 

-----------------------------------------
root - WARNING - General Log - 
root - WARNING - {'name': 'minikube.173f7c31c717ae96', 'type': 'Normal', 'message': 'Starting kube-proxy.', 'dateevent': '2023-01-31 19:42:19+00:00'}
root - WARNING - 

-----------------------------------------
root - WARNING - 

-----------------------------------------
root - WARNING - General Log - 
root - WARNING - {'name': 'nginx-config.173f7c413a3edc67', 'type': 'Normal', 'message': 'Configuration from default/nginx-config was updated ', 'dateevent': '2023-01-31 19:43:26+00:00'}
root - WARNING - 

-----------------------------------------
root - WARNING - 

-----------------------------------------
root - WARNING - General Log - 
root - WARNING - {'name': 'nginx-ingress-8558d96667-kmczs.173f7c332fcecdec', 'type': 'Normal', 'message': 'Successfully assigned default/nginx-ingress-8558d96667-kmczs to minikube', 'dateevent': '2023-01-31 19:42:25+00:00'}
root - WARNING - 

-----------------------------------------
root - WARNING - 

-----------------------------------------
root - WARNING - General Log - 
root - WARNING - {'name': 'nginx-ingress-8558d96667-kmczs.173f7c335ef0ec04', 'type': 'Normal', 'message': 'Pulling image "nginx/nginx-ingress:1.7.0"', 'dateevent': '2023-01-31 19:42:26+00:00'}
root - WARNING - 

-----------------------------------------
root - WARNING - 

-----------------------------------------
root - WARNING - General Log - 
root - WARNING - {'name': 'nginx-ingress-8558d96667-kmczs.173f7c40b6d2dd1a', 'type': 'Normal', 'message': 'Successfully pulled image "nginx/nginx-ingress:1.7.0"', 'dateevent': '2023-01-31 19:43:23+00:00'}
root - WARNING - 

-----------------------------------------
root - WARNING - 

-----------------------------------------
root - WARNING - General Log - 
root - WARNING - {'name': 'nginx-ingress-8558d96667-kmczs.173f7c40fd2e8e9f', 'type': 'Normal', 'message': 'Created container nginx-ingress', 'dateevent': '2023-01-31 19:43:24+00:00'}
root - WARNING - 

-----------------------------------------
root - WARNING - 

-----------------------------------------
root - WARNING - General Log - 
root - WARNING - {'name': 'nginx-ingress-8558d96667-kmczs.173f7c410d1e3951', 'type': 'Normal', 'message': 'Started container nginx-ingress', 'dateevent': '2023-01-31 19:43:25+00:00'}
root - WARNING - 

-----------------------------------------
root - WARNING - 

-----------------------------------------
root - WARNING - General Log - 
root - WARNING - {'name': 'nginx-ingress-8558d96667.173f7c32ef373a04', 'type': 'Warning', 'message': 'Error creating: pods "nginx-ingress-8558d96667-" is forbidden: error looking up service account default/nginx-ingress: serviceaccount "nginx-ingress" not found', 'dateevent': '2023-01-31 19:42:24+00:00'}
root - WARNING - 

-----------------------------------------
root - WARNING - 

-----------------------------------------
root - WARNING - General Log - 
root - WARNING - {'name': 'nginx-ingress-8558d96667.173f7c332f37a3ce', 'type': 'Normal', 'message': 'Created pod: nginx-ingress-8558d96667-kmczs', 'dateevent': '2023-01-31 19:42:25+00:00'}
root - WARNING - 

-----------------------------------------
root - WARNING - 

-----------------------------------------
root - WARNING - General Log - 
root - WARNING - {'name': 'nginx-ingress.173f7c32eed1edb8', 'type': 'Normal', 'message': 'Scaled up replica set nginx-ingress-8558d96667 to 1', 'dateevent': '2023-01-31 19:42:24+00:00'}
root - WARNING - 

-----------------------------------------
root - WARNING - 

-----------------------------------------
root - WARNING - General Log - 
root - WARNING - {'name': 'prometheus-ffc965799-v6699.173f7c3267b74853', 'type': 'Normal', 'message': 'Successfully assigned default/prometheus-ffc965799-v6699 to minikube', 'dateevent': '2023-01-31 19:42:22+00:00'}
root - WARNING - 

-----------------------------------------
root - WARNING - 

-----------------------------------------
root - WARNING - General Log - 
root - WARNING - {'name': 'prometheus-ffc965799-v6699.173f7c32bb807375', 'type': 'Normal', 'message': 'Pulling image "prom/prometheus:v2.16.0"', 'dateevent': '2023-01-31 19:42:23+00:00'}
root - WARNING - 

-----------------------------------------
root - WARNING - 

-----------------------------------------
root - WARNING - General Log - 
root - WARNING - {'name': 'prometheus-ffc965799-v6699.173f7c39aebe7e89', 'type': 'Normal', 'message': 'Successfully pulled image "prom/prometheus:v2.16.0"', 'dateevent': '2023-01-31 19:42:53+00:00'}
root - WARNING - 

-----------------------------------------
root - WARNING - 

-----------------------------------------
root - WARNING - General Log - 
root - WARNING - {'name': 'prometheus-ffc965799-v6699.173f7c39d455652b', 'type': 'Normal', 'message': 'Created container prometheus', 'dateevent': '2023-01-31 19:42:54+00:00'}
root - WARNING - 

-----------------------------------------
root - WARNING - 

-----------------------------------------
root - WARNING - General Log - 
root - WARNING - {'name': 'prometheus-ffc965799-v6699.173f7c39e11361c1', 'type': 'Normal', 'message': 'Started container prometheus', 'dateevent': '2023-01-31 19:42:54+00:00'}
root - WARNING - 

-----------------------------------------
root - WARNING - 

-----------------------------------------
root - WARNING - General Log - 
root - WARNING - {'name': 'prometheus-ffc965799.173f7c3266e9d4a8', 'type': 'Normal', 'message': 'Created pod: prometheus-ffc965799-v6699', 'dateevent': '2023-01-31 19:42:22+00:00'}
root - WARNING - 

-----------------------------------------
root - WARNING - 

-----------------------------------------
root - WARNING - General Log - 
root - WARNING - {'name': 'prometheus.173f7c32660f1543', 'type': 'Normal', 'message': 'Scaled up replica set prometheus-ffc965799 to 1', 'dateevent': '2023-01-31 19:42:22+00:00'}
root - WARNING - 

-----------------------------------------
root - WARNING - 

-----------------------------------------
root - WARNING - General Log - 
root - WARNING - {'name': 'coredns-5644d7b6d9-xldhp.173f7c31a10f6eb6', 'type': 'Normal', 'message': 'Successfully assigned kube-system/coredns-5644d7b6d9-xldhp to minikube', 'dateevent': '2023-01-31 19:42:19+00:00'}
root - WARNING - 

-----------------------------------------
root - WARNING - 

-----------------------------------------
root - WARNING - General Log - 
root - WARNING - {'name': 'coredns-5644d7b6d9-xldhp.173f7c31d1d45633', 'type': 'Normal', 'message': 'Container image "k8s.gcr.io/coredns:1.6.2" already present on machine', 'dateevent': '2023-01-31 19:42:19+00:00'}
root - WARNING - 

-----------------------------------------
root - WARNING - 

-----------------------------------------
root - WARNING - General Log - 
root - WARNING - {'name': 'coredns-5644d7b6d9-xldhp.173f7c31d7532f82', 'type': 'Normal', 'message': 'Created container coredns', 'dateevent': '2023-01-31 19:42:19+00:00'}
root - WARNING - 

-----------------------------------------
root - WARNING - 

-----------------------------------------
root - WARNING - General Log - 
root - WARNING - {'name': 'coredns-5644d7b6d9-xldhp.173f7c31e492c4f6', 'type': 'Normal', 'message': 'Started container coredns', 'dateevent': '2023-01-31 19:42:20+00:00'}
root - WARNING - 

-----------------------------------------
root - WARNING - 

-----------------------------------------
root - WARNING - General Log - 
root - WARNING - {'name': 'coredns-5644d7b6d9.173f7c31a0bc7c65', 'type': 'Normal', 'message': 'Created pod: coredns-5644d7b6d9-xldhp', 'dateevent': '2023-01-31 19:42:18+00:00'}
root - WARNING - 

-----------------------------------------
root - WARNING - 

-----------------------------------------
root - WARNING - General Log - 
root - WARNING - {'name': 'coredns.173f7c319f8daf0e', 'type': 'Normal', 'message': 'Scaled up replica set coredns-5644d7b6d9 to 1', 'dateevent': '2023-01-31 19:42:18+00:00'}
root - WARNING - 

-----------------------------------------
root - WARNING - 

-----------------------------------------
root - WARNING - General Log - 
root - WARNING - {'name': 'etcd-minikube.173f7c2c94d554e6', 'type': 'Normal', 'message': 'Container image "k8s.gcr.io/etcd:3.3.15-0" already present on machine', 'dateevent': '2023-01-31 19:42:06+00:00'}
root - WARNING - 

-----------------------------------------
root - WARNING - 

-----------------------------------------
root - WARNING - General Log - 
root - WARNING - {'name': 'etcd-minikube.173f7c2c9af6af65', 'type': 'Normal', 'message': 'Created container etcd', 'dateevent': '2023-01-31 19:42:07+00:00'}
root - WARNING - 

-----------------------------------------
root - WARNING - 

-----------------------------------------
root - WARNING - General Log - 
root - WARNING - {'name': 'etcd-minikube.173f7c2cac648b1e', 'type': 'Normal', 'message': 'Started container etcd', 'dateevent': '2023-01-31 19:42:08+00:00'}
root - WARNING - 

-----------------------------------------
root - WARNING - 

-----------------------------------------
root - WARNING - General Log - 
root - WARNING - {'name': 'etcd-minikube.173f7c532bb5915a', 'type': 'Warning', 'message': 'Liveness probe failed: HTTP probe failed with statuscode: 503', 'dateevent': '2023-01-31 19:44:43+00:00'}
root - WARNING - 

-----------------------------------------
root - WARNING - 

-----------------------------------------
root - WARNING - General Log - 
root - WARNING - {'name': 'k8s.io-minikube-hostpath.173f7c391eeb0186', 'type': 'Normal', 'message': 'minikube_a7e99a76-11dc-4d22-864a-39ac92db7575 became leader', 'dateevent': '2023-01-31 19:42:51+00:00'}
root - WARNING - 

-----------------------------------------
root - WARNING - 

-----------------------------------------
root - WARNING - General Log - 
root - WARNING - {'name': 'kube-apiserver-minikube.173f7c2c93887e9b', 'type': 'Normal', 'message': 'Container image "k8s.gcr.io/kube-apiserver:v1.16.10" already present on machine', 'dateevent': '2023-01-31 19:42:06+00:00'}
root - WARNING - 

-----------------------------------------
root - WARNING - 

-----------------------------------------
root - WARNING - General Log - 
root - WARNING - {'name': 'kube-apiserver-minikube.173f7c2c9ab27753', 'type': 'Normal', 'message': 'Created container kube-apiserver', 'dateevent': '2023-01-31 19:42:07+00:00'}
root - WARNING - 

-----------------------------------------
root - WARNING - 

-----------------------------------------
root - WARNING - General Log - 
root - WARNING - {'name': 'kube-apiserver-minikube.173f7c2caca6c8f0', 'type': 'Normal', 'message': 'Started container kube-apiserver', 'dateevent': '2023-01-31 19:42:08+00:00'}
root - WARNING - 

-----------------------------------------
root - WARNING - 

-----------------------------------------
root - WARNING - General Log - 
root - WARNING - {'name': 'kube-apiserver-minikube.173f7c53c4f12fd9', 'type': 'Warning', 'message': 'Liveness probe failed: HTTP probe failed with statuscode: 500', 'dateevent': '2023-01-31 19:44:45+00:00'}
root - WARNING - 

-----------------------------------------
root - WARNING - 

-----------------------------------------
root - WARNING - General Log - 
root - WARNING - {'name': 'kube-controller-manager-minikube.173f7c2c94b933b9', 'type': 'Normal', 'message': 'Container image "k8s.gcr.io/kube-controller-manager:v1.16.10" already present on machine', 'dateevent': '2023-01-31 19:42:06+00:00'}
root - WARNING - 

-----------------------------------------
root - WARNING - 

-----------------------------------------
root - WARNING - General Log - 
root - WARNING - {'name': 'kube-controller-manager-minikube.173f7c2c9ab35b73', 'type': 'Normal', 'message': 'Created container kube-controller-manager', 'dateevent': '2023-01-31 19:42:07+00:00'}
root - WARNING - 

-----------------------------------------
root - WARNING - 

-----------------------------------------
root - WARNING - General Log - 
root - WARNING - {'name': 'kube-controller-manager-minikube.173f7c2ca8750599', 'type': 'Normal', 'message': 'Started container kube-controller-manager', 'dateevent': '2023-01-31 19:42:07+00:00'}
root - WARNING - 

-----------------------------------------
root - WARNING - 

-----------------------------------------
root - WARNING - General Log - 
root - WARNING - {'name': 'kube-proxy-bmbwd.173f7c3185d092d0', 'type': 'Normal', 'message': 'Successfully assigned kube-system/kube-proxy-bmbwd to minikube', 'dateevent': '2023-01-31 19:42:18+00:00'}
root - WARNING - 

-----------------------------------------
root - WARNING - 

-----------------------------------------
root - WARNING - General Log - 
root - WARNING - {'name': 'kube-proxy-bmbwd.173f7c31aea70942', 'type': 'Normal', 'message': 'Container image "k8s.gcr.io/kube-proxy:v1.16.10" already present on machine', 'dateevent': '2023-01-31 19:42:19+00:00'}
root - WARNING - 

-----------------------------------------
root - WARNING - 

-----------------------------------------
root - WARNING - General Log - 
root - WARNING - {'name': 'kube-proxy-bmbwd.173f7c31b3f4523b', 'type': 'Normal', 'message': 'Created container kube-proxy', 'dateevent': '2023-01-31 19:42:19+00:00'}
root - WARNING - 

-----------------------------------------
root - WARNING - 

-----------------------------------------
root - WARNING - General Log - 
root - WARNING - {'name': 'kube-proxy-bmbwd.173f7c31c0a4eb21', 'type': 'Normal', 'message': 'Started container kube-proxy', 'dateevent': '2023-01-31 19:42:19+00:00'}
root - WARNING - 

-----------------------------------------
root - WARNING - 

-----------------------------------------
root - WARNING - General Log - 
root - WARNING - {'name': 'kube-proxy.173f7c3184bdb052', 'type': 'Normal', 'message': 'Created pod: kube-proxy-bmbwd', 'dateevent': '2023-01-31 19:42:18+00:00'}
root - WARNING - 

-----------------------------------------
root - WARNING - 

-----------------------------------------
root - WARNING - General Log - 
root - WARNING - {'name': 'kube-scheduler-minikube.173f7c2c93fb6707', 'type': 'Normal', 'message': 'Container image "k8s.gcr.io/kube-scheduler:v1.16.10" already present on machine', 'dateevent': '2023-01-31 19:42:06+00:00'}
root - WARNING - 

-----------------------------------------
root - WARNING - 

-----------------------------------------
root - WARNING - General Log - 
root - WARNING - {'name': 'kube-scheduler-minikube.173f7c2c9ab26df3', 'type': 'Normal', 'message': 'Created container kube-scheduler', 'dateevent': '2023-01-31 19:42:06+00:00'}
root - WARNING - 

-----------------------------------------
root - WARNING - 

-----------------------------------------
root - WARNING - General Log - 
root - WARNING - {'name': 'kube-scheduler-minikube.173f7c2cab5b386e', 'type': 'Normal', 'message': 'Started container kube-scheduler', 'dateevent': '2023-01-31 19:42:07+00:00'}
root - WARNING - 

-----------------------------------------
root - WARNING - 

-----------------------------------------
root - WARNING - General Log - 
root - WARNING - {'name': 'metrics-server-5cf6f65ffd-f8cc2.173f7c32613b43fa', 'type': 'Normal', 'message': 'Successfully assigned kube-system/metrics-server-5cf6f65ffd-f8cc2 to minikube', 'dateevent': '2023-01-31 19:42:22+00:00'}
root - WARNING - 

-----------------------------------------
root - WARNING - 

-----------------------------------------
root - WARNING - General Log - 
root - WARNING - {'name': 'metrics-server-5cf6f65ffd-f8cc2.173f7c32a26ca69f', 'type': 'Normal', 'message': 'Pulling image "k8s.gcr.io/metrics-server-amd64:v0.3.6"', 'dateevent': '2023-01-31 19:42:23+00:00'}
root - WARNING - 

-----------------------------------------
root - WARNING - 

-----------------------------------------
root - WARNING - General Log - 
root - WARNING - {'name': 'metrics-server-5cf6f65ffd-f8cc2.173f7c33f1782a8a', 'type': 'Normal', 'message': 'Successfully pulled image "k8s.gcr.io/metrics-server-amd64:v0.3.6"', 'dateevent': '2023-01-31 19:42:28+00:00'}
root - WARNING - 

-----------------------------------------
root - WARNING - 

-----------------------------------------
root - WARNING - General Log - 
root - WARNING - {'name': 'metrics-server-5cf6f65ffd-f8cc2.173f7c34102930e2', 'type': 'Normal', 'message': 'Created container metrics-server', 'dateevent': '2023-01-31 19:42:29+00:00'}
root - WARNING - 

-----------------------------------------
root - WARNING - 

-----------------------------------------
root - WARNING - General Log - 
root - WARNING - {'name': 'metrics-server-5cf6f65ffd-f8cc2.173f7c341c41bcc8', 'type': 'Normal', 'message': 'Started container metrics-server', 'dateevent': '2023-01-31 19:42:29+00:00'}
root - WARNING - 

-----------------------------------------
root - WARNING - 

-----------------------------------------
root - WARNING - General Log - 
root - WARNING - {'name': 'metrics-server-5cf6f65ffd.173f7c3260b6e643', 'type': 'Normal', 'message': 'Created pod: metrics-server-5cf6f65ffd-f8cc2', 'dateevent': '2023-01-31 19:42:22+00:00'}
root - WARNING - 

-----------------------------------------
root - WARNING - 

-----------------------------------------
root - WARNING - General Log - 
root - WARNING - {'name': 'metrics-server.173f7c32604c2987', 'type': 'Normal', 'message': 'Scaled up replica set metrics-server-5cf6f65ffd to 1', 'dateevent': '2023-01-31 19:42:22+00:00'}
root - WARNING - 

-----------------------------------------
root - WARNING - 

-----------------------------------------
root - WARNING - General Log - 
root - WARNING - {'name': 'storage-provisioner.173f7c2f22228ebe', 'type': 'Warning', 'message': "0/1 nodes are available: 1 node(s) had taints that the pod didn't tolerate.", 'dateevent': '2023-01-31 19:42:08+00:00'}
root - WARNING - 

-----------------------------------------
root - WARNING - 

-----------------------------------------
root - WARNING - General Log - 
root - WARNING - {'name': 'storage-provisioner.173f7c318075c478', 'type': 'Normal', 'message': 'Successfully assigned kube-system/storage-provisioner to minikube', 'dateevent': '2023-01-31 19:42:18+00:00'}
root - WARNING - 

-----------------------------------------
root - WARNING - 

-----------------------------------------
root - WARNING - General Log - 
root - WARNING - {'name': 'storage-provisioner.173f7c31a6800f9a', 'type': 'Normal', 'message': 'Container image "gcr.io/k8s-minikube/storage-provisioner:v5" already present on machine', 'dateevent': '2023-01-31 19:42:19+00:00'}
root - WARNING - 

-----------------------------------------
root - WARNING - 

-----------------------------------------
root - WARNING - General Log - 
root - WARNING - {'name': 'storage-provisioner.173f7c31ab832b6c', 'type': 'Normal', 'message': 'Created container storage-provisioner', 'dateevent': '2023-01-31 19:42:19+00:00'}
root - WARNING - 

-----------------------------------------
root - WARNING - 

-----------------------------------------
root - WARNING - General Log - 
root - WARNING - {'name': 'storage-provisioner.173f7c31b7aa3268', 'type': 'Normal', 'message': 'Started container storage-provisioner', 'dateevent': '2023-01-31 19:42:19+00:00'}
root - WARNING - 

-----------------------------------------
root - WARNING - 

-----------------------------------------
root - WARNING - An exception occurred
root - WARNING - Error: <class 'urllib3.exceptions.ReadTimeoutError'>
root - WARNING - 

-----------------------------------------
root - WARNING - 

Data collection
root - WARNING - Datetime:
root - WARNING - 20230131_165211
root - WARNING - {'name': 'Kube-znn', 'period': 0, 'initialreplicas': 1, 'initialimage': 'cmendes/znn:800k', 'initialreplicasChanges': '0', 'initialimageChanges': '0', 'initialevent': '20230131_164611', 'current_replicas': 1, 'current_image': 'cmendes/znn:800k', 'finalreplicasChanges': 1, 'finalimageChanges': 0, 'finalevent': '20230131_165211'}
root - WARNING - 

-----------------------------------------
root - WARNING - 

-----------------------------------------
root - WARNING - Generating logs for Kubow and K6.
root - WARNING - File k6-jvzzl_tracing_20230131_164611.loghas been generated.
root - WARNING - File kubow-548bb5f4b4-bswdt_tracing_20230131_164611.loghas been generated.
root - WARNING - Finished pod stream.
root - WARNING - 

-----------------------------------------
