Reading file: automatingDataGeneration.sh
Reading file: CLong10
Reading file: CLong10.7z
Reading file: CShort10
Reading file: CShort10.7z
Reading file: Evaluation-ZNN.7z
Reading file: fidelitya-5b8dd7f8c7-8wmpc_tracing_20230129_130803.log

fidelitya data

Reading file: fidelityb-67c8fc5999-4gbzq_tracing_20230129_130803.log

fidelityb data

2023-01-29 16:11:11 : t0:removeHighQuality

2023-01-29 16:11:16 : t0:lowerFidelity

2023-01-29 16:11:31 : t0:removeHighQuality

2023-01-29 16:11:36 : t0:lowerFidelity

2023-01-29 16:11:51 : t0:lowerFidelity

2023-01-29 16:12:06 : t0:lowerFidelity

2023-01-29 16:12:21 : t0:addHighQuality

2023-01-29 16:12:26 : t0:addHighQuality

2023-01-29 16:12:31 : t0:addHighQuality

2023-01-29 16:12:36 : t0:addHighQuality

2023-01-29 16:12:41 : t0:addHighQuality

2023-01-29 16:12:46 : t0:raiseFidelity

2023-01-29 16:12:51 : t0:raiseFidelity

2023-01-29 16:13:01 : t0:addHighQuality

2023-01-29 16:13:06 : t0:addHighQuality

2023-01-29 16:13:11 : t0:addHighQuality

2023-01-29 16:13:16 : t0:addHighQuality

2023-01-29 16:13:21 : t0:addHighQuality

2023-01-29 16:13:26 : t0:addHighQuality

2023-01-29 16:13:31 : t0:raiseFidelity

2023-01-29 16:14:01 : t0:raiseFidelity

Reading file: generateLogs104811
Reading file: generateLogs111449
Reading file: generateLogs115104
Reading file: generateLogs122114
Reading file: generateLogs125158
Reading file: generateLogs2.sh
Reading file: k6-mhf96_tracing_20230129_130803.log
Reading file: README.md
Reading file: scalabilitya-858689ddbc-rrp6x_tracing_20230129_130803.log

scalabilitya data

Reading file: scalabilityb-66d698fc76-bgwls_tracing_20230129_130803.log

scalabilityb data

2023-01-29 16:09:52 : t0:removeHighScalability

2023-01-29 16:09:57 : t0:addHighScalability

2023-01-29 16:10:02 : t0:addHighScalability

2023-01-29 16:10:07 : t0:removeHighScalability

2023-01-29 16:10:12 : t0:removeHighScalability

2023-01-29 16:10:17 : t0:removeHighScalability

2023-01-29 16:10:22 : t0:removeHighScalability

2023-01-29 16:10:27 : t0:removeHighScalability

2023-01-29 16:10:32 : t0:removeHighScalability

2023-01-29 16:10:37 : t0:removeHighScalability

2023-01-29 16:10:42 : t0:removeHighScalability

2023-01-29 16:10:47 : t0:removeHighScalability

2023-01-29 16:10:52 : t0:removeHighScalability

2023-01-29 16:10:57 : t0:removeHighScalability

2023-01-29 16:11:02 : t0:removeHighScalability

2023-01-29 16:11:07 : t0:removeHighScalability

2023-01-29 16:11:12 : t0:removeHighScalability

2023-01-29 16:11:17 : t0:removeHighScalability

2023-01-29 16:11:22 : t0:removeHighScalability

2023-01-29 16:11:27 : t0:removeHighScalability

2023-01-29 16:11:32 : t0:removeHighScalability

2023-01-29 16:11:37 : t0:removeHighScalability

2023-01-29 16:11:42 : t0:removeHighScalability

2023-01-29 16:11:47 : t0:removeHighScalability

2023-01-29 16:11:52 : t0:addHighScalability

2023-01-29 16:11:57 : t0:addHighScalability

2023-01-29 16:12:02 : t0:addHighScalability

2023-01-29 16:12:07 : t0:addHighScalability

2023-01-29 16:12:12 : t0:addHighScalability

2023-01-29 16:12:17 : t0:addHighScalability

2023-01-29 16:12:22 : t0:addHighScalability

2023-01-29 16:12:27 : t0:addHighScalability

2023-01-29 16:12:32 : t0:addHighScalability

2023-01-29 16:12:37 : t0:addHighScalability

2023-01-29 16:12:42 : t0:addHighScalability

2023-01-29 16:12:47 : t0:removeReplica

2023-01-29 16:12:52 : t0:removeReplica

2023-01-29 16:13:02 : t0:removeHighScalability

2023-01-29 16:13:07 : t0:removeHighScalability

2023-01-29 16:13:12 : t0:removeHighScalability

2023-01-29 16:13:17 : t0:removeHighScalability

2023-01-29 16:13:22 : t0:addHighScalability

2023-01-29 16:13:27 : t0:addHighScalability

2023-01-29 16:13:32 : t0:removeReplica

2023-01-29 16:14:02 : t0:removeReplica

Reading file: summary-trace-znn.log
Reading file: temp
Reading file: temp2701
Reading file: test
Reading file: tools
Reading file: traceznn_20230129_130803.log

Trace znn data

{'name': 'kube-znn-db.173ed2bd7fcb76f9', 'type': 'Normal', 'message': 'Scaled up replica set kube-znn-db-558bb5dd64 to 1', 'dateevent': '2023-01-29 15:57:02+00:00', 'image': 'cmendes/znn:800k', 'replicas': 1, 'imageChanges': 0, 'replicasChanges': 1}

{'name': 'kube-znn.173ed2bd7e816332', 'type': 'Normal', 'message': 'Scaled up replica set kube-znn-744bbbc54b to 1', 'dateevent': '2023-01-29 15:57:02+00:00', 'image': 'cmendes/znn:800k', 'replicas': 1, 'imageChanges': 0, 'replicasChanges': 1}

{'name': 'kube-znn.173ed35a01809d75', 'type': 'Normal', 'message': 'Scaled up replica set kube-znn-744bbbc54b to 2', 'dateevent': '2023-01-29 16:08:14+00:00', 'image': 'cmendes/znn:800k', 'replicas': 2, 'imageChanges': 0, 'replicasChanges': 2}

{'name': 'kube-znn.173ed35ade3841ff', 'type': 'Normal', 'message': 'Scaled up replica set kube-znn-744bbbc54b to 3', 'dateevent': '2023-01-29 16:08:18+00:00', 'image': 'cmendes/znn:800k', 'replicas': 3, 'imageChanges': 0, 'replicasChanges': 3}

{'name': 'kube-znn.173ed35c089b5a37', 'type': 'Normal', 'message': 'Scaled up replica set kube-znn-744bbbc54b to 4', 'dateevent': '2023-01-29 16:08:23+00:00', 'image': 'cmendes/znn:800k', 'replicas': 4, 'imageChanges': 0, 'replicasChanges': 4}

{'name': 'kube-znn.173ed35d325c8107', 'type': 'Normal', 'message': 'Scaled up replica set kube-znn-744bbbc54b to 5', 'dateevent': '2023-01-29 16:08:28+00:00', 'image': 'cmendes/znn:800k', 'replicas': 5, 'imageChanges': 0, 'replicasChanges': 5}

{'name': 'kube-znn.173ed35e5b128e3b', 'type': 'Normal', 'message': 'Scaled up replica set kube-znn-744bbbc54b to 6', 'dateevent': '2023-01-29 16:08:33+00:00', 'image': 'cmendes/znn:800k', 'replicas': 6, 'imageChanges': 0, 'replicasChanges': 6}

{'name': 'kube-znn.173ed35f856d4d64', 'type': 'Normal', 'message': 'Scaled up replica set kube-znn-744bbbc54b to 7', 'dateevent': '2023-01-29 16:08:38+00:00', 'image': 'cmendes/znn:800k', 'replicas': 7, 'imageChanges': 0, 'replicasChanges': 7}

{'name': 'kube-znn.173ed360aed62259', 'type': 'Normal', 'message': 'Scaled up replica set kube-znn-744bbbc54b to 8', 'dateevent': '2023-01-29 16:08:43+00:00', 'image': 'cmendes/znn:800k', 'replicas': 8, 'imageChanges': 0, 'replicasChanges': 8}

{'name': 'kube-znn.173ed361d9f61ce9', 'type': 'Normal', 'message': 'Scaled up replica set kube-znn-744bbbc54b to 9', 'dateevent': '2023-01-29 16:08:48+00:00', 'image': 'cmendes/znn:800k', 'replicas': 9, 'imageChanges': 0, 'replicasChanges': 9}

{'name': 'kube-znn.173ed36302b1aa64', 'type': 'Normal', 'message': 'Scaled up replica set kube-znn-744bbbc54b to 10', 'dateevent': '2023-01-29 16:08:53+00:00', 'image': 'cmendes/znn:800k', 'replicas': 10, 'imageChanges': 0, 'replicasChanges': 10}

{'name': 'kube-znn.173ed364e1772b4c', 'type': 'Normal', 'message': '(combined from similar events): Scaled up replica set kube-znn-5c95bd98fb to 3', 'dateevent': '2023-01-29 16:09:01+00:00', 'image': 'cmendes/znn:600k', 'replicas': 10, 'imageChanges': 1, 'replicasChanges': 10}

{'name': 'kube-znn.173ed364e1772b4c', 'type': 'Normal', 'message': '(combined from similar events): Scaled down replica set kube-znn-744bbbc54b to 8', 'dateevent': '2023-01-29 16:09:01+00:00', 'image': 'cmendes/znn:600k', 'replicas': 10, 'imageChanges': 1, 'replicasChanges': 10}

{'name': 'kube-znn.173ed364e1772b4c', 'type': 'Normal', 'message': '(combined from similar events): Scaled up replica set kube-znn-5c95bd98fb to 5', 'dateevent': '2023-01-29 16:09:01+00:00', 'image': 'cmendes/znn:600k', 'replicas': 10, 'imageChanges': 1, 'replicasChanges': 10}

{'name': 'kube-znn.173ed364e1772b4c', 'type': 'Normal', 'message': '(combined from similar events): Scaled down replica set kube-znn-744bbbc54b to 7', 'dateevent': '2023-01-29 16:09:01+00:00', 'image': 'cmendes/znn:600k', 'replicas': 10, 'imageChanges': 1, 'replicasChanges': 10}

{'name': 'kube-znn.173ed364e1772b4c', 'type': 'Normal', 'message': '(combined from similar events): Scaled up replica set kube-znn-5c95bd98fb to 6', 'dateevent': '2023-01-29 16:09:01+00:00', 'image': 'cmendes/znn:600k', 'replicas': 10, 'imageChanges': 1, 'replicasChanges': 10}

{'name': 'kube-znn.173ed364e1772b4c', 'type': 'Normal', 'message': '(combined from similar events): Scaled down replica set kube-znn-744bbbc54b to 4', 'dateevent': '2023-01-29 16:09:01+00:00', 'image': 'cmendes/znn:400k', 'replicas': 10, 'imageChanges': 2, 'replicasChanges': 10}

{'name': 'kube-znn.173ed364e1772b4c', 'type': 'Normal', 'message': '(combined from similar events): Scaled down replica set kube-znn-5c95bd98fb to 4', 'dateevent': '2023-01-29 16:09:01+00:00', 'image': 'cmendes/znn:400k', 'replicas': 10, 'imageChanges': 2, 'replicasChanges': 10}

{'name': 'kube-znn.173ed364e1772b4c', 'type': 'Normal', 'message': '(combined from similar events): Scaled up replica set kube-znn-549bfcf578 to 5', 'dateevent': '2023-01-29 16:09:01+00:00', 'image': 'cmendes/znn:400k', 'replicas': 10, 'imageChanges': 2, 'replicasChanges': 10}

{'name': 'kube-znn.173ed364e1772b4c', 'type': 'Normal', 'message': '(combined from similar events): Scaled down replica set kube-znn-549bfcf578 to 1', 'dateevent': '2023-01-29 16:09:01+00:00', 'image': 'cmendes/znn:600k', 'replicas': 10, 'imageChanges': 3, 'replicasChanges': 10}

{'name': 'kube-znn.173ed364e1772b4c', 'type': 'Normal', 'message': '(combined from similar events): Scaled up replica set kube-znn-5c95bd98fb to 8', 'dateevent': '2023-01-29 16:09:01+00:00', 'image': 'cmendes/znn:600k', 'replicas': 10, 'imageChanges': 3, 'replicasChanges': 10}

{'name': 'kube-znn.173ed364e1772b4c', 'type': 'Normal', 'message': '(combined from similar events): Scaled down replica set kube-znn-5c95bd98fb to 4', 'dateevent': '2023-01-29 16:09:01+00:00', 'image': 'cmendes/znn:400k', 'replicas': 10, 'imageChanges': 4, 'replicasChanges': 10}

{'name': 'kube-znn.173ed37611bbfdef', 'type': 'Normal', 'message': 'Scaled up replica set kube-znn-549bfcf578 to 5', 'dateevent': '2023-01-29 16:10:15+00:00', 'image': 'cmendes/znn:400k', 'replicas': 10, 'imageChanges': 4, 'replicasChanges': 10}

{'name': 'kube-znn.173ed364e1772b4c', 'type': 'Normal', 'message': '(combined from similar events): Scaled down replica set kube-znn-549bfcf578 to 0', 'dateevent': '2023-01-29 16:09:01+00:00', 'image': 'cmendes/znn:600k', 'replicas': 10, 'imageChanges': 5, 'replicasChanges': 10}

{'name': 'kube-znn.173ed364e1772b4c', 'type': 'Normal', 'message': '(combined from similar events): Scaled up replica set kube-znn-5c95bd98fb to 9', 'dateevent': '2023-01-29 16:09:01+00:00', 'image': 'cmendes/znn:600k', 'replicas': 10, 'imageChanges': 5, 'replicasChanges': 10}

{'name': 'kube-znn.173ed364e1772b4c', 'type': 'Normal', 'message': '(combined from similar events): Scaled down replica set kube-znn-5c95bd98fb to 4', 'dateevent': '2023-01-29 16:09:01+00:00', 'image': 'cmendes/znn:400k', 'replicas': 10, 'imageChanges': 6, 'replicasChanges': 10}

{'name': 'kube-znn.173ed364e1772b4c', 'type': 'Normal', 'message': '(combined from similar events): Scaled up replica set kube-znn-549bfcf578 to 5', 'dateevent': '2023-01-29 16:09:01+00:00', 'image': 'cmendes/znn:400k', 'replicas': 10, 'imageChanges': 6, 'replicasChanges': 10}

{'name': 'kube-znn.173ed364e1772b4c', 'type': 'Normal', 'message': '(combined from similar events): Scaled down replica set kube-znn-744bbbc54b to 0', 'dateevent': '2023-01-29 16:09:01+00:00', 'image': 'cmendes/znn:100k', 'replicas': 4, 'imageChanges': 7, 'replicasChanges': 11}

Reading file: VersionA-Monolithic
Reading file: VersionB-MicroControllers
Reading file: VersionC-WithFailureManagerMetaController
Reading file: VersionC-ZTemp
