Reading file: automatingDataGeneration.sh
Reading file: CLong10
Reading file: CLong10.7z
Reading file: Evaluation-ZNN.7z
Reading file: fidelitya-778c6c6b8b-kv5ww_tracing_20230129_101345.log

fidelitya data

2023-01-29 13:16:17 : t0:raiseFidelity

2023-01-29 13:16:22 : t0:raiseFidelity

2023-01-29 13:16:27 : t0:raiseFidelity

2023-01-29 13:16:57 : t0:raiseFidelity

2023-01-29 13:17:02 : t0:raiseFidelity

2023-01-29 13:17:07 : t0:raiseFidelity

2023-01-29 13:17:12 : t0:raiseFidelity

2023-01-29 13:17:17 : t0:raiseFidelity

2023-01-29 13:17:22 : t0:raiseFidelity

2023-01-29 13:17:27 : t0:raiseFidelity

2023-01-29 13:17:32 : t0:raiseFidelity

2023-01-29 13:17:37 : t0:raiseFidelity

2023-01-29 13:17:42 : t0:raiseFidelity

2023-01-29 13:17:47 : t0:raiseFidelity

2023-01-29 13:18:17 : t0:raiseFidelity

2023-01-29 13:18:22 : t0:raiseFidelity

2023-01-29 13:18:57 : t0:raiseFidelity

2023-01-29 13:19:02 : t0:raiseFidelity

2023-01-29 13:19:07 : t0:raiseFidelity

2023-01-29 13:19:12 : t0:raiseFidelity

2023-01-29 13:19:17 : t0:raiseFidelity

2023-01-29 13:19:22 : t0:raiseFidelity

2023-01-29 13:19:27 : t0:raiseFidelity

2023-01-29 13:19:32 : t0:raiseFidelity

2023-01-29 13:19:37 : t0:raiseFidelity

2023-01-29 13:19:42 : t0:raiseFidelity

2023-01-29 13:19:47 : t0:raiseFidelity

2023-01-29 13:19:52 : t0:raiseFidelity

2023-01-29 13:19:57 : t0:raiseFidelity

2023-01-29 13:20:02 : t0:raiseFidelity

2023-01-29 13:20:07 : t0:raiseFidelity

2023-01-29 13:20:12 : t0:raiseFidelity

2023-01-29 13:20:17 : t0:raiseFidelity

2023-01-29 13:20:22 : t0:raiseFidelity

2023-01-29 13:20:27 : t0:raiseFidelity

2023-01-29 13:20:32 : t0:raiseFidelity

2023-01-29 13:20:37 : t0:raiseFidelity

2023-01-29 13:20:42 : t0:raiseFidelity

2023-01-29 13:20:47 INFO  Rainbow:694 - Delegate: master[EXECUTOR]: Visiting execution leaf

2023-01-29 13:20:52 : t0:raiseFidelity

2023-01-29 13:20:57 : t0:raiseFidelity

2023-01-29 13:21:02 : t0:raiseFidelity

2023-01-29 13:21:07 : t0:raiseFidelity

2023-01-29 13:21:12 : t0:raiseFidelity

2023-01-29 13:21:17 : t0:raiseFidelity

2023-01-29 13:21:22 : t0:raiseFidelity

2023-01-29 13:21:27 : t0:raiseFidelity

2023-01-29 13:21:32 : t0:raiseFidelity

2023-01-29 13:21:37 : t0:raiseFidelity

2023-01-29 13:21:42 : t0:raiseFidelity

2023-01-29 13:21:47 : t0:raiseFidelity

2023-01-29 13:21:52 : t0:raiseFidelity

2023-01-29 13:21:57 : t0:raiseFidelity

2023-01-29 13:22:02 : t0:raiseFidelity

2023-01-29 13:22:07 : t0:raiseFidelity

2023-01-29 13:22:12 : t0:raiseFidelity

2023-01-29 13:22:17 : t0:raiseFidelity

2023-01-29 13:22:22 : t0:raiseFidelity

2023-01-29 13:22:27 : t0:raiseFidelity

2023-01-29 13:22:32 : t0:raiseFidelity

2023-01-29 13:22:37 : t0:raiseFidelity

2023-01-29 13:22:42 : t0:raiseFidelity

2023-01-29 13:22:47 : t0:raiseFidelity

2023-01-29 13:22:52 : t0:raiseFidelity

2023-01-29 13:22:57 : t0:raiseFidelity

2023-01-29 13:23:02 : t0:raiseFidelity

2023-01-29 13:23:07 : t0:raiseFidelity

2023-01-29 13:23:12 : t0:raiseFidelity

2023-01-29 13:23:17 : t0:raiseFidelity

2023-01-29 13:23:22 : t0:raiseFidelity

2023-01-29 13:23:27 : t0:raiseFidelity

2023-01-29 13:23:32 : t0:raiseFidelity

2023-01-29 13:23:37 : t0:raiseFidelity

2023-01-29 13:23:42 : t0:raiseFidelity

2023-01-29 13:23:47 : t0:raiseFidelity

2023-01-29 13:23:52 : t0:raiseFidelity

2023-01-29 13:23:57 : t0:raiseFidelity

2023-01-29 13:24:02 : t0:raiseFidelity

2023-01-29 13:24:07 : t0:raiseFidelity

2023-01-29 13:24:12 : t0:raiseFidelity

2023-01-29 13:24:17 : t0:raiseFidelity

Reading file: generateLogs002528
Reading file: generateLogs005657
Reading file: generateLogs011949
Reading file: generateLogs015458
Reading file: generateLogs022424
Reading file: generateLogs025408
Reading file: generateLogs032409
Reading file: generateLogs034605
Reading file: generateLogs041624
Reading file: generateLogs044544
Reading file: generateLogs051646
Reading file: generateLogs054708
Reading file: generateLogs061637
Reading file: generateLogs064759
Reading file: generateLogs071655
Reading file: generateLogs074608
Reading file: generateLogs080745
Reading file: generateLogs083827
Reading file: generateLogs090832
Reading file: generateLogs092424
Reading file: generateLogs095422
Reading file: generateLogs121929
Reading file: generateLogs124558
Reading file: generateLogs131507
Reading file: generateLogs134342
Reading file: generateLogs140938
Reading file: generateLogs144032
Reading file: generateLogs150618
Reading file: generateLogs153301
Reading file: generateLogs155714
Reading file: generateLogs162553
Reading file: generateLogs164354
Reading file: generateLogs171441
Reading file: generateLogs174448
Reading file: generateLogs181031
Reading file: generateLogs184508
Reading file: generateLogs190356
Reading file: generateLogs192553
Reading file: generateLogs195446
Reading file: generateLogs2.sh
Reading file: generateLogs202030
Reading file: generateLogs205105
Reading file: generateLogs211405
Reading file: generateLogs214402
Reading file: generateLogs221119
Reading file: generateLogs225030
Reading file: generateLogs230943
Reading file: generateLogs232434
Reading file: k6-4wdrs_tracing_20230129_101345.log
Reading file: metacontroller-kubow-8479d7588d-47tj5_tracing_20230129_101345.log

MetaController data

2023-01-29 13:14:43 : t0:activateLowScalabilityHighQuality

2023-01-29 13:14:48 : t0:addLowScalabilityLowQuality

2023-01-29 13:15:23 : t0:activateLowScalabilityHighQuality

2023-01-29 13:17:18 : t0:addHighScalabilityHighQuality

Reading file: README.md
Reading file: scalabilitya-78d6cbbc7d-7268p_tracing_20230129_101345.log

scalabilitya data

2023-01-29 13:17:41 : t0:removeReplica

2023-01-29 13:18:16 : t0:removeReplica

2023-01-29 13:18:21 : t0:removeReplica

Reading file: summary-trace-znn.log
Reading file: temp
Reading file: temp2701
Reading file: test
Reading file: tools
Reading file: traceznn_20230129_101345.log

Trace znn data

{'name': 'kube-znn-db.173ec900fd3a53a4', 'type': 'Normal', 'message': 'Scaled up replica set kube-znn-db-6cc48797cf to 1', 'dateevent': '2023-01-29 12:58:37+00:00', 'image': 'cmendes/znn:800k', 'replicas': 1, 'imageChanges': 0, 'replicasChanges': 1}

{'name': 'kube-znn.173ec900fc367750', 'type': 'Normal', 'message': 'Scaled up replica set kube-znn-68bd9d6b5b to 1', 'dateevent': '2023-01-29 12:58:37+00:00', 'image': 'cmendes/znn:800k', 'replicas': 1, 'imageChanges': 0, 'replicasChanges': 1}

{'name': 'kube-znn.173ec9d6a93f2d22', 'type': 'Normal', 'message': 'Scaled up replica set kube-znn-68bd9d6b5b to 2', 'dateevent': '2023-01-29 13:13:55+00:00', 'image': 'cmendes/znn:800k', 'replicas': 2, 'imageChanges': 0, 'replicasChanges': 2}

{'name': 'kube-znn.173ec9d78c76dd56', 'type': 'Normal', 'message': 'Scaled up replica set kube-znn-68bd9d6b5b to 3', 'dateevent': '2023-01-29 13:13:59+00:00', 'image': 'cmendes/znn:800k', 'replicas': 3, 'imageChanges': 0, 'replicasChanges': 3}

{'name': 'kube-znn.173ec9d8b73a84dc', 'type': 'Normal', 'message': 'Scaled up replica set kube-znn-68bd9d6b5b to 4', 'dateevent': '2023-01-29 13:14:04+00:00', 'image': 'cmendes/znn:800k', 'replicas': 4, 'imageChanges': 0, 'replicasChanges': 4}

{'name': 'kube-znn.173ec9d9e1ded628', 'type': 'Normal', 'message': 'Scaled up replica set kube-znn-68bd9d6b5b to 5', 'dateevent': '2023-01-29 13:14:09+00:00', 'image': 'cmendes/znn:800k', 'replicas': 5, 'imageChanges': 0, 'replicasChanges': 5}

{'name': 'kube-znn.173ec9db0c460fc3', 'type': 'Normal', 'message': 'Scaled up replica set kube-znn-68bd9d6b5b to 6', 'dateevent': '2023-01-29 13:14:14+00:00', 'image': 'cmendes/znn:800k', 'replicas': 6, 'imageChanges': 0, 'replicasChanges': 6}

{'name': 'kube-znn.173ec9dc347425e0', 'type': 'Normal', 'message': 'Scaled up replica set kube-znn-68bd9d6b5b to 7', 'dateevent': '2023-01-29 13:14:19+00:00', 'image': 'cmendes/znn:800k', 'replicas': 7, 'imageChanges': 0, 'replicasChanges': 7}

{'name': 'kube-znn.173ec9dd60258ab4', 'type': 'Normal', 'message': 'Scaled up replica set kube-znn-68bd9d6b5b to 8', 'dateevent': '2023-01-29 13:14:24+00:00', 'image': 'cmendes/znn:800k', 'replicas': 8, 'imageChanges': 0, 'replicasChanges': 8}

{'name': 'kube-znn.173ec9de88d8715a', 'type': 'Normal', 'message': 'Scaled up replica set kube-znn-68bd9d6b5b to 9', 'dateevent': '2023-01-29 13:14:29+00:00', 'image': 'cmendes/znn:800k', 'replicas': 9, 'imageChanges': 0, 'replicasChanges': 9}

{'name': 'kube-znn.173ec9dfb1a701dc', 'type': 'Normal', 'message': 'Scaled up replica set kube-znn-68bd9d6b5b to 10', 'dateevent': '2023-01-29 13:14:34+00:00', 'image': 'cmendes/znn:800k', 'replicas': 10, 'imageChanges': 0, 'replicasChanges': 10}

{'name': 'kube-znn.173ec9e130ce0ac5', 'type': 'Normal', 'message': '(combined from similar events): Scaled up replica set kube-znn-7cbbf89f8 to 3', 'dateevent': '2023-01-29 13:14:40+00:00', 'image': 'cmendes/znn:600k', 'replicas': 10, 'imageChanges': 1, 'replicasChanges': 10}

{'name': 'kube-znn.173ec9e130ce0ac5', 'type': 'Normal', 'message': '(combined from similar events): Scaled down replica set kube-znn-68bd9d6b5b to 8', 'dateevent': '2023-01-29 13:14:40+00:00', 'image': 'cmendes/znn:600k', 'replicas': 10, 'imageChanges': 1, 'replicasChanges': 10}

{'name': 'kube-znn.173ec9e130ce0ac5', 'type': 'Normal', 'message': '(combined from similar events): Scaled up replica set kube-znn-7cbbf89f8 to 5', 'dateevent': '2023-01-29 13:14:40+00:00', 'image': 'cmendes/znn:600k', 'replicas': 10, 'imageChanges': 1, 'replicasChanges': 10}

{'name': 'kube-znn.173ec9e130ce0ac5', 'type': 'Normal', 'message': '(combined from similar events): Scaled down replica set kube-znn-68bd9d6b5b to 7', 'dateevent': '2023-01-29 13:14:40+00:00', 'image': 'cmendes/znn:600k', 'replicas': 10, 'imageChanges': 1, 'replicasChanges': 10}

{'name': 'kube-znn.173ec9e130ce0ac5', 'type': 'Normal', 'message': '(combined from similar events): Scaled up replica set kube-znn-7cbbf89f8 to 6', 'dateevent': '2023-01-29 13:14:40+00:00', 'image': 'cmendes/znn:600k', 'replicas': 10, 'imageChanges': 1, 'replicasChanges': 10}

{'name': 'kube-znn.173ec9e130ce0ac5', 'type': 'Normal', 'message': '(combined from similar events): Scaled down replica set kube-znn-68bd9d6b5b to 3', 'dateevent': '2023-01-29 13:14:40+00:00', 'image': 'cmendes/znn:600k', 'replicas': 4, 'imageChanges': 1, 'replicasChanges': 11}

{'name': 'kube-znn.173ec9e130ce0ac5', 'type': 'Normal', 'message': '(combined from similar events): Scaled down replica set kube-znn-7cbbf89f8 to 2', 'dateevent': '2023-01-29 13:14:40+00:00', 'image': 'cmendes/znn:600k', 'replicas': 4, 'imageChanges': 1, 'replicasChanges': 11}

{'name': 'kube-znn.173ec9e130ce0ac5', 'type': 'Normal', 'message': '(combined from similar events): Scaled down replica set kube-znn-68bd9d6b5b to 2', 'dateevent': '2023-01-29 13:14:40+00:00', 'image': 'cmendes/znn:600k', 'replicas': 4, 'imageChanges': 1, 'replicasChanges': 11}

{'name': 'kube-znn.173ec9e130ce0ac5', 'type': 'Normal', 'message': '(combined from similar events): Scaled up replica set kube-znn-7cbbf89f8 to 3', 'dateevent': '2023-01-29 13:14:40+00:00', 'image': 'cmendes/znn:600k', 'replicas': 4, 'imageChanges': 1, 'replicasChanges': 11}

{'name': 'kube-znn.173ec9e130ce0ac5', 'type': 'Normal', 'message': '(combined from similar events): Scaled down replica set kube-znn-68bd9d6b5b to 1', 'dateevent': '2023-01-29 13:14:40+00:00', 'image': 'cmendes/znn:600k', 'replicas': 4, 'imageChanges': 1, 'replicasChanges': 11}

{'name': 'kube-znn.173ec9e130ce0ac5', 'type': 'Normal', 'message': '(combined from similar events): Scaled up replica set kube-znn-7cbbf89f8 to 4', 'dateevent': '2023-01-29 13:14:40+00:00', 'image': 'cmendes/znn:600k', 'replicas': 4, 'imageChanges': 1, 'replicasChanges': 11}

{'name': 'kube-znn.173ec9e130ce0ac5', 'type': 'Normal', 'message': '(combined from similar events): Scaled down replica set kube-znn-68bd9d6b5b to 0', 'dateevent': '2023-01-29 13:14:40+00:00', 'image': 'cmendes/znn:600k', 'replicas': 4, 'imageChanges': 1, 'replicasChanges': 11}

{'name': 'kube-znn.173ec9e130ce0ac5', 'type': 'Normal', 'message': '(combined from similar events): Scaled up replica set kube-znn-68bd9d6b5b to 1', 'dateevent': '2023-01-29 13:14:40+00:00', 'image': 'cmendes/znn:800k', 'replicas': 4, 'imageChanges': 2, 'replicasChanges': 11}

{'name': 'kube-znn.173ec9e130ce0ac5', 'type': 'Normal', 'message': '(combined from similar events): Scaled down replica set kube-znn-7cbbf89f8 to 3', 'dateevent': '2023-01-29 13:14:40+00:00', 'image': 'cmendes/znn:800k', 'replicas': 4, 'imageChanges': 2, 'replicasChanges': 11}

{'name': 'kube-znn.173ec9e130ce0ac5', 'type': 'Normal', 'message': '(combined from similar events): Scaled up replica set kube-znn-68bd9d6b5b to 2', 'dateevent': '2023-01-29 13:14:40+00:00', 'image': 'cmendes/znn:800k', 'replicas': 4, 'imageChanges': 2, 'replicasChanges': 11}

{'name': 'kube-znn.173ec9e130ce0ac5', 'type': 'Normal', 'message': '(combined from similar events): Scaled down replica set kube-znn-7cbbf89f8 to 2', 'dateevent': '2023-01-29 13:14:40+00:00', 'image': 'cmendes/znn:800k', 'replicas': 4, 'imageChanges': 2, 'replicasChanges': 11}

Reading file: VersionA-Monolithic
Reading file: VersionB-MicroControllers
Reading file: VersionC-WithFailureManagerMetaController
Reading file: VersionC-ZTemp
