Reading file: ALong10
Reading file: ALong10.7z
Reading file: automatingDataGeneration.sh
Reading file: BLong10
Reading file: BLong10_parte1.7z
Reading file: BLong10_parte2.7z
Reading file: BLong10_parte3.7z
Reading file: BShort10
Reading file: BShort10.7z
Reading file: CLong10
Reading file: CLong10.7z
Reading file: CShort10
Reading file: CShort10.7z
Reading file: Evaluation-ZNN.7z
Reading file: generateLogs2.sh
Reading file: generateLogs230758
Reading file: generateLogs232303
Reading file: generateLogs233759
Reading file: k6-mgnsb_tracing_20230131_234628.log
Reading file: kubow-548bb5f4b4-sfjr8_tracing_20230131_234628.log

Kubow data

2023-02-01 02:46:40 : t0:addReplica

2023-02-01 02:46:45 : t0:addReplica

2023-02-01 02:46:50 : t0:addReplica

2023-02-01 02:46:55 : t0:addReplica

2023-02-01 02:47:00 : t0:addReplica

2023-02-01 02:47:05 : t0:addReplica

2023-02-01 02:47:10 : t0:addReplica

2023-02-01 02:47:15 : t0:addReplica

2023-02-01 02:47:20 : t0:addReplica

2023-02-01 02:47:25 : t0:addHighScalabilityHighQuality

2023-02-01 02:47:55 : t0:removeReplica

2023-02-01 02:48:00 : t0:removeReplica

2023-02-01 02:48:05 : t0:addHighScalabilityHighQuality

2023-02-01 02:48:10 : t0:addHighScalabilityHighQuality

2023-02-01 02:48:15 : t0:addHighScalabilityHighQuality

2023-02-01 02:48:20 : t0:addHighScalabilityHighQuality

2023-02-01 02:48:25 : t0:addHighScalabilityHighQuality

2023-02-01 02:48:30 : t0:addHighScalabilityHighQuality

2023-02-01 02:48:35 : t0:removeReplica

2023-02-01 02:48:40 : t0:removeReplica

2023-02-01 02:48:45 : t0:addHighScalabilityHighQuality

2023-02-01 02:48:50 : t0:addHighScalabilityHighQuality

2023-02-01 02:48:55 : t0:addHighScalabilityHighQuality

2023-02-01 02:49:00 : t0:addHighScalabilityHighQuality

2023-02-01 02:49:05 : t0:addHighScalabilityHighQuality

2023-02-01 02:49:10 : t0:addHighScalabilityHighQuality

2023-02-01 02:49:15 : t0:removeReplica

2023-02-01 02:49:20 : t0:removeReplica

2023-02-01 02:49:30 : t0:addHighScalabilityHighQuality

2023-02-01 02:49:40 : t0:addHighScalabilityHighQuality

2023-02-01 02:49:45 : t0:addHighScalabilityHighQuality

2023-02-01 02:49:50 : t0:addHighScalabilityHighQuality

2023-02-01 02:49:55 : t0:removeReplica

2023-02-01 02:50:00 : t0:addHighScalabilityHighQuality

2023-02-01 02:50:05 : t0:addHighScalabilityHighQuality

2023-02-01 02:50:10 : t0:addHighScalabilityHighQuality

2023-02-01 02:50:15 : t0:addHighScalabilityHighQuality

2023-02-01 02:50:20 : t0:addHighScalabilityHighQuality

2023-02-01 02:50:25 : t0:addHighScalabilityHighQuality

2023-02-01 02:50:30 : t0:addReplica

2023-02-01 02:50:35 : t0:addHighScalabilityHighQuality

2023-02-01 02:50:40 : t0:addHighScalabilityHighQuality

2023-02-01 02:50:45 : t0:addReplica

2023-02-01 02:50:50 : t0:addReplica

2023-02-01 02:50:55 : t0:addReplica

2023-02-01 02:51:00 : t0:addReplica

2023-02-01 02:51:05 : t0:addReplica

2023-02-01 02:51:10 : t0:addReplica

2023-02-01 02:51:15 : t1:lowerFidelity

2023-02-01 02:51:25 : t1:lowerFidelity

2023-02-01 02:51:30 : t0:activateLowScalabilityHighQuality

2023-02-01 02:51:50 : t0:addReplica

2023-02-01 02:51:55 : t0:addReplica

2023-02-01 02:52:30 : t1:raiseFidelity

Reading file: README.md
Reading file: summary-trace-znn.log
Reading file: temp
Reading file: temp2701
Reading file: temp3101
Reading file: test
Reading file: tools
Reading file: traceznn_20230131_234628.log

Trace znn data

{'name': 'kube-znn-db.173f931dcea4b2ef', 'type': 'Normal', 'message': 'Scaled up replica set kube-znn-db-6dd8968475 to 1', 'dateevent': '2023-02-01 02:42:22+00:00', 'image': 'cmendes/znn:800k', 'replicas': 1, 'imageChanges': 0, 'replicasChanges': 1}

{'name': 'kube-znn.173f931dcdb38611', 'type': 'Normal', 'message': 'Scaled up replica set kube-znn-5fb97667db to 1', 'dateevent': '2023-02-01 02:42:22+00:00', 'image': 'cmendes/znn:800k', 'replicas': 1, 'imageChanges': 0, 'replicasChanges': 1}

{'name': 'kube-znn.173f935a4cce738d', 'type': 'Normal', 'message': 'Scaled up replica set kube-znn-5fb97667db to 2', 'dateevent': '2023-02-01 02:46:42+00:00', 'image': 'cmendes/znn:800k', 'replicas': 2, 'imageChanges': 0, 'replicasChanges': 2}

{'name': 'kube-znn.173f935b29216290', 'type': 'Normal', 'message': 'Scaled up replica set kube-znn-5fb97667db to 3', 'dateevent': '2023-02-01 02:46:46+00:00', 'image': 'cmendes/znn:800k', 'replicas': 3, 'imageChanges': 0, 'replicasChanges': 3}

{'name': 'kube-znn.173f935c493d7ee5', 'type': 'Normal', 'message': 'Scaled up replica set kube-znn-5fb97667db to 4', 'dateevent': '2023-02-01 02:46:50+00:00', 'image': 'cmendes/znn:800k', 'replicas': 4, 'imageChanges': 0, 'replicasChanges': 4}

{'name': 'kube-znn.173f935d77bf21ee', 'type': 'Normal', 'message': 'Scaled up replica set kube-znn-5fb97667db to 5', 'dateevent': '2023-02-01 02:46:56+00:00', 'image': 'cmendes/znn:800k', 'replicas': 5, 'imageChanges': 0, 'replicasChanges': 5}

{'name': 'kube-znn.173f935e9e5e0e7b', 'type': 'Normal', 'message': 'Scaled up replica set kube-znn-5fb97667db to 6', 'dateevent': '2023-02-01 02:47:01+00:00', 'image': 'cmendes/znn:800k', 'replicas': 6, 'imageChanges': 0, 'replicasChanges': 6}

{'name': 'kube-znn.173f935fc90e7519', 'type': 'Normal', 'message': 'Scaled up replica set kube-znn-5fb97667db to 7', 'dateevent': '2023-02-01 02:47:06+00:00', 'image': 'cmendes/znn:800k', 'replicas': 7, 'imageChanges': 0, 'replicasChanges': 7}

{'name': 'kube-znn.173f9360f0415589', 'type': 'Normal', 'message': 'Scaled up replica set kube-znn-5fb97667db to 8', 'dateevent': '2023-02-01 02:47:10+00:00', 'image': 'cmendes/znn:800k', 'replicas': 8, 'imageChanges': 0, 'replicasChanges': 8}

{'name': 'kube-znn.173f936220890675', 'type': 'Normal', 'message': 'Scaled up replica set kube-znn-5fb97667db to 9', 'dateevent': '2023-02-01 02:47:16+00:00', 'image': 'cmendes/znn:800k', 'replicas': 9, 'imageChanges': 0, 'replicasChanges': 9}

{'name': 'kube-znn.173f9363437f5efd', 'type': 'Normal', 'message': '(combined from similar events): Scaled up replica set kube-znn-5fb97667db to 10', 'dateevent': '2023-02-01 02:47:20+00:00', 'image': 'cmendes/znn:800k', 'replicas': 10, 'imageChanges': 0, 'replicasChanges': 10}

{'name': 'kube-znn.173f9363437f5efd', 'type': 'Normal', 'message': '(combined from similar events): Scaled down replica set kube-znn-5fb97667db to 9', 'dateevent': '2023-02-01 02:47:20+00:00', 'image': 'cmendes/znn:800k', 'replicas': 9, 'imageChanges': 0, 'replicasChanges': 11}

{'name': 'kube-znn.173f9363437f5efd', 'type': 'Normal', 'message': '(combined from similar events): Scaled down replica set kube-znn-5fb97667db to 8', 'dateevent': '2023-02-01 02:47:20+00:00', 'image': 'cmendes/znn:800k', 'replicas': 8, 'imageChanges': 0, 'replicasChanges': 12}

{'name': 'kube-znn.173f9363437f5efd', 'type': 'Normal', 'message': '(combined from similar events): Scaled down replica set kube-znn-5fb97667db to 7', 'dateevent': '2023-02-01 02:47:20+00:00', 'image': 'cmendes/znn:800k', 'replicas': 7, 'imageChanges': 0, 'replicasChanges': 13}

{'name': 'kube-znn.173f9363437f5efd', 'type': 'Normal', 'message': '(combined from similar events): Scaled down replica set kube-znn-5fb97667db to 6', 'dateevent': '2023-02-01 02:47:20+00:00', 'image': 'cmendes/znn:800k', 'replicas': 6, 'imageChanges': 0, 'replicasChanges': 14}

{'name': 'kube-znn.173f9363437f5efd', 'type': 'Normal', 'message': '(combined from similar events): Scaled down replica set kube-znn-5fb97667db to 5', 'dateevent': '2023-02-01 02:47:20+00:00', 'image': 'cmendes/znn:800k', 'replicas': 5, 'imageChanges': 0, 'replicasChanges': 15}

{'name': 'kube-znn.173f9363437f5efd', 'type': 'Normal', 'message': '(combined from similar events): Scaled down replica set kube-znn-5fb97667db to 4', 'dateevent': '2023-02-01 02:47:20+00:00', 'image': 'cmendes/znn:800k', 'replicas': 4, 'imageChanges': 0, 'replicasChanges': 16}

{'name': 'kube-znn.173f9363437f5efd', 'type': 'Normal', 'message': '(combined from similar events): Scaled down replica set kube-znn-5fb97667db to 3', 'dateevent': '2023-02-01 02:47:20+00:00', 'image': 'cmendes/znn:800k', 'replicas': 3, 'imageChanges': 0, 'replicasChanges': 17}

{'name': 'kube-znn.173f9363437f5efd', 'type': 'Normal', 'message': '(combined from similar events): Scaled up replica set kube-znn-5fb97667db to 4', 'dateevent': '2023-02-01 02:47:20+00:00', 'image': 'cmendes/znn:800k', 'replicas': 4, 'imageChanges': 0, 'replicasChanges': 18}

{'name': 'kube-znn.173f9363437f5efd', 'type': 'Normal', 'message': '(combined from similar events): Scaled up replica set kube-znn-5fb97667db to 5', 'dateevent': '2023-02-01 02:47:20+00:00', 'image': 'cmendes/znn:800k', 'replicas': 5, 'imageChanges': 0, 'replicasChanges': 19}

{'name': 'kube-znn.173f9363437f5efd', 'type': 'Normal', 'message': '(combined from similar events): Scaled up replica set kube-znn-5fb97667db to 6', 'dateevent': '2023-02-01 02:47:20+00:00', 'image': 'cmendes/znn:800k', 'replicas': 6, 'imageChanges': 0, 'replicasChanges': 20}

{'name': 'kube-znn.173f935fc90e7519', 'type': 'Normal', 'message': 'Scaled up replica set kube-znn-5fb97667db to 7', 'dateevent': '2023-02-01 02:47:06+00:00', 'image': 'cmendes/znn:800k', 'replicas': 7, 'imageChanges': 0, 'replicasChanges': 21}

{'name': 'kube-znn.173f9360f0415589', 'type': 'Normal', 'message': 'Scaled up replica set kube-znn-5fb97667db to 8', 'dateevent': '2023-02-01 02:47:10+00:00', 'image': 'cmendes/znn:800k', 'replicas': 8, 'imageChanges': 0, 'replicasChanges': 22}

{'name': 'kube-znn.173f9363437f5efd', 'type': 'Normal', 'message': '(combined from similar events): Scaled up replica set kube-znn-5fb97667db to 9', 'dateevent': '2023-02-01 02:47:20+00:00', 'image': 'cmendes/znn:800k', 'replicas': 9, 'imageChanges': 0, 'replicasChanges': 23}

{'name': 'kube-znn.173f9363437f5efd', 'type': 'Normal', 'message': '(combined from similar events): Scaled up replica set kube-znn-5fb97667db to 10', 'dateevent': '2023-02-01 02:47:20+00:00', 'image': 'cmendes/znn:800k', 'replicas': 10, 'imageChanges': 0, 'replicasChanges': 24}

{'name': 'kube-znn.173f9363437f5efd', 'type': 'Normal', 'message': '(combined from similar events): Scaled up replica set kube-znn-6978979d84 to 3', 'dateevent': '2023-02-01 02:47:20+00:00', 'image': 'cmendes/znn:600k', 'replicas': 10, 'imageChanges': 1, 'replicasChanges': 24}

{'name': 'kube-znn.173f9363437f5efd', 'type': 'Normal', 'message': '(combined from similar events): Scaled down replica set kube-znn-5fb97667db to 9', 'dateevent': '2023-02-01 02:47:20+00:00', 'image': 'cmendes/znn:600k', 'replicas': 10, 'imageChanges': 1, 'replicasChanges': 24}

{'name': 'kube-znn.173f93ab70300b10', 'type': 'Normal', 'message': 'Scaled up replica set kube-znn-6978979d84 to 2', 'dateevent': '2023-02-01 02:52:30+00:00', 'image': 'cmendes/znn:600k', 'replicas': 7, 'imageChanges': 1, 'replicasChanges': 25}

Reading file: VersionA-Monolithic
Reading file: VersionB-MicroControllers
Reading file: VersionC-WithFailureManagerMetaController
Reading file: VersionC-ZTemp
