Reading file: ALong10
Reading file: ALong10.7z
Reading file: automatingDataGeneration.sh
Reading file: BLong10
Reading file: BLong10_parte1.7z
Reading file: BLong10_parte2.7z
Reading file: BLong10_parte3.7z
Reading file: BShort10
Reading file: BShort10.7z
Reading file: CLong10
Reading file: CLong10.7z
Reading file: CShort10
Reading file: CShort10.7z
Reading file: Evaluation-ZNN.7z
Reading file: generateLogs001310
Reading file: generateLogs002901
Reading file: generateLogs004339
Reading file: generateLogs005901
Reading file: generateLogs2.sh
Reading file: k6-bpjf9_tracing_20230201_010736.log
Reading file: kubow-548bb5f4b4-kb2ht_tracing_20230201_010736.log

Kubow data

2023-02-01 04:07:44 : t0:addReplica

2023-02-01 04:07:49 : t0:addReplica

2023-02-01 04:07:54 : t0:addReplica

2023-02-01 04:07:59 : t0:addReplica

2023-02-01 04:08:04 : t0:addReplica

2023-02-01 04:08:09 : t0:addReplica

2023-02-01 04:08:14 : t0:addReplica

2023-02-01 04:08:19 : t0:addReplica

2023-02-01 04:08:24 : t0:addReplica

2023-02-01 04:08:29 : t1:lowerFidelity

2023-02-01 04:08:39 : t1:lowerFidelity

2023-02-01 04:08:44 : t1:lowerFidelity

2023-02-01 04:08:49 : t0:activateLowScalabilityHighQuality

2023-02-01 04:09:19 : t0:addReplica

2023-02-01 04:09:24 : t0:addReplica

2023-02-01 04:09:29 : t0:addReplica

2023-02-01 04:09:34 : t0:addReplica

2023-02-01 04:09:39 : t0:addReplica

2023-02-01 04:09:44 : t0:activateLowScalabilityHighQuality

2023-02-01 04:09:49 : t0:addReplica

2023-02-01 04:09:54 : t0:addReplica

2023-02-01 04:09:59 : t0:addHighScalabilityHighQuality

2023-02-01 04:10:04 : t0:addHighScalabilityHighQuality

2023-02-01 04:10:09 : t0:addHighScalabilityHighQuality

2023-02-01 04:10:14 : t0:addHighScalabilityHighQuality

2023-02-01 04:10:29 : t1:raiseFidelity

2023-02-01 04:10:34 : t1:raiseFidelity

2023-02-01 04:10:44 : t0:addHighScalabilityHighQuality

2023-02-01 04:10:49 : t0:addHighScalabilityHighQuality

2023-02-01 04:10:54 : t0:addHighScalabilityHighQuality

2023-02-01 04:10:59 : t0:addHighScalabilityHighQuality

2023-02-01 04:11:04 : t0:addReplica

2023-02-01 04:11:09 : t0:addReplica

2023-02-01 04:11:14 : t0:addReplica

2023-02-01 04:11:19 : t0:addReplica

2023-02-01 04:11:24 : t0:addReplica

2023-02-01 04:11:29 : t0:addHighScalabilityHighQuality

2023-02-01 04:11:34 : t0:addHighScalabilityHighQuality

2023-02-01 04:11:39 : t0:addHighScalabilityHighQuality

2023-02-01 04:11:44 : t0:addHighScalabilityHighQuality

2023-02-01 04:11:49 : t0:addHighScalabilityHighQuality

2023-02-01 04:11:54 : t0:addHighScalabilityHighQuality

2023-02-01 04:11:59 : t0:addHighScalabilityHighQuality

2023-02-01 04:12:04 : t0:removeReplica

2023-02-01 04:12:09 : t1:raiseFidelity

2023-02-01 04:12:14 : t0:addHighScalabilityHighQuality

2023-02-01 04:12:44 : t0:removeReplica

2023-02-01 04:12:49 : t0:removeReplica

2023-02-01 04:13:24 : t0:removeReplica

2023-02-01 04:13:29 : t1:raiseFidelity

2023-02-01 04:14:04 : t1:raiseFidelity

Reading file: README.md
Reading file: summary-trace-znn.log
Reading file: temp
Reading file: temp2701
Reading file: temp3101
Reading file: test
Reading file: tools
Reading file: traceznn_20230201_010736.log

Trace znn data

{'name': 'kube-znn-db.173f978b285aefde', 'type': 'Normal', 'message': 'Scaled up replica set kube-znn-db-6dd8968475 to 1', 'dateevent': '2023-02-01 04:03:30+00:00', 'image': 'cmendes/znn:800k', 'replicas': 1, 'imageChanges': 0, 'replicasChanges': 1}

{'name': 'kube-znn.173f978b26fe5206', 'type': 'Normal', 'message': 'Scaled up replica set kube-znn-5fb97667db to 1', 'dateevent': '2023-02-01 04:03:30+00:00', 'image': 'cmendes/znn:800k', 'replicas': 1, 'imageChanges': 0, 'replicasChanges': 1}

{'name': 'kube-znn.173f97c6a2600928', 'type': 'Normal', 'message': 'Scaled up replica set kube-znn-5fb97667db to 2', 'dateevent': '2023-02-01 04:07:45+00:00', 'image': 'cmendes/znn:800k', 'replicas': 2, 'imageChanges': 0, 'replicasChanges': 2}

{'name': 'kube-znn.173f97c789bbff8d', 'type': 'Normal', 'message': 'Scaled up replica set kube-znn-5fb97667db to 3', 'dateevent': '2023-02-01 04:07:49+00:00', 'image': 'cmendes/znn:800k', 'replicas': 3, 'imageChanges': 0, 'replicasChanges': 3}

{'name': 'kube-znn.173f97c8b4a45cf9', 'type': 'Normal', 'message': 'Scaled up replica set kube-znn-5fb97667db to 4', 'dateevent': '2023-02-01 04:07:54+00:00', 'image': 'cmendes/znn:800k', 'replicas': 4, 'imageChanges': 0, 'replicasChanges': 4}

{'name': 'kube-znn.173f97c9de1fc28b', 'type': 'Normal', 'message': 'Scaled up replica set kube-znn-5fb97667db to 5', 'dateevent': '2023-02-01 04:07:59+00:00', 'image': 'cmendes/znn:800k', 'replicas': 5, 'imageChanges': 0, 'replicasChanges': 5}

{'name': 'kube-znn.173f97cb04c85793', 'type': 'Normal', 'message': 'Scaled up replica set kube-znn-5fb97667db to 6', 'dateevent': '2023-02-01 04:08:04+00:00', 'image': 'cmendes/znn:800k', 'replicas': 6, 'imageChanges': 0, 'replicasChanges': 6}

{'name': 'kube-znn.173f97cc2f1ccf05', 'type': 'Normal', 'message': 'Scaled up replica set kube-znn-5fb97667db to 7', 'dateevent': '2023-02-01 04:08:09+00:00', 'image': 'cmendes/znn:800k', 'replicas': 7, 'imageChanges': 0, 'replicasChanges': 7}

{'name': 'kube-znn.173f97cd55ed54a5', 'type': 'Normal', 'message': 'Scaled up replica set kube-znn-5fb97667db to 8', 'dateevent': '2023-02-01 04:08:14+00:00', 'image': 'cmendes/znn:800k', 'replicas': 8, 'imageChanges': 0, 'replicasChanges': 8}

{'name': 'kube-znn.173f97ce814bb67b', 'type': 'Normal', 'message': 'Scaled up replica set kube-znn-5fb97667db to 9', 'dateevent': '2023-02-01 04:08:19+00:00', 'image': 'cmendes/znn:800k', 'replicas': 9, 'imageChanges': 0, 'replicasChanges': 9}

{'name': 'kube-znn.173f97cfa9bcfe7f', 'type': 'Normal', 'message': '(combined from similar events): Scaled up replica set kube-znn-5fb97667db to 10', 'dateevent': '2023-02-01 04:08:24+00:00', 'image': 'cmendes/znn:800k', 'replicas': 10, 'imageChanges': 0, 'replicasChanges': 10}

{'name': 'kube-znn.173f97cfa9bcfe7f', 'type': 'Normal', 'message': '(combined from similar events): Scaled up replica set kube-znn-6978979d84 to 3', 'dateevent': '2023-02-01 04:08:24+00:00', 'image': 'cmendes/znn:600k', 'replicas': 10, 'imageChanges': 1, 'replicasChanges': 10}

{'name': 'kube-znn.173f97cfa9bcfe7f', 'type': 'Normal', 'message': '(combined from similar events): Scaled down replica set kube-znn-5fb97667db to 9', 'dateevent': '2023-02-01 04:08:24+00:00', 'image': 'cmendes/znn:600k', 'replicas': 10, 'imageChanges': 1, 'replicasChanges': 10}

{'name': 'kube-znn.173f97cfa9bcfe7f', 'type': 'Normal', 'message': '(combined from similar events): Scaled down replica set kube-znn-5fb97667db to 8', 'dateevent': '2023-02-01 04:08:24+00:00', 'image': 'cmendes/znn:600k', 'replicas': 10, 'imageChanges': 1, 'replicasChanges': 10}

{'name': 'kube-znn.173f97cfa9bcfe7f', 'type': 'Normal', 'message': '(combined from similar events): Scaled up replica set kube-znn-6978979d84 to 5', 'dateevent': '2023-02-01 04:08:24+00:00', 'image': 'cmendes/znn:600k', 'replicas': 10, 'imageChanges': 1, 'replicasChanges': 10}

{'name': 'kube-znn.173f97cfa9bcfe7f', 'type': 'Normal', 'message': '(combined from similar events): Scaled down replica set kube-znn-5fb97667db to 7', 'dateevent': '2023-02-01 04:08:24+00:00', 'image': 'cmendes/znn:600k', 'replicas': 10, 'imageChanges': 1, 'replicasChanges': 10}

{'name': 'kube-znn.173f97cfa9bcfe7f', 'type': 'Normal', 'message': '(combined from similar events): Scaled up replica set kube-znn-6978979d84 to 6', 'dateevent': '2023-02-01 04:08:24+00:00', 'image': 'cmendes/znn:600k', 'replicas': 10, 'imageChanges': 1, 'replicasChanges': 10}

{'name': 'kube-znn.173f97cfa9bcfe7f', 'type': 'Normal', 'message': '(combined from similar events): Scaled down replica set kube-znn-6978979d84 to 1', 'dateevent': '2023-02-01 04:08:24+00:00', 'image': 'cmendes/znn:400k', 'replicas': 10, 'imageChanges': 2, 'replicasChanges': 10}

{'name': 'kube-znn.173f97cfa9bcfe7f', 'type': 'Normal', 'message': '(combined from similar events): Scaled up replica set kube-znn-f8d56c578 to 5', 'dateevent': '2023-02-01 04:08:24+00:00', 'image': 'cmendes/znn:400k', 'replicas': 10, 'imageChanges': 2, 'replicasChanges': 10}

{'name': 'kube-znn.173f97cfa9bcfe7f', 'type': 'Normal', 'message': '(combined from similar events): Scaled down replica set kube-znn-f8d56c578 to 0', 'dateevent': '2023-02-01 04:08:24+00:00', 'image': 'cmendes/znn:600k', 'replicas': 10, 'imageChanges': 3, 'replicasChanges': 10}

{'name': 'kube-znn.173f97d4535d70e2', 'type': 'Normal', 'message': 'Scaled up replica set kube-znn-6978979d84 to 6', 'dateevent': '2023-02-01 04:08:44+00:00', 'image': 'cmendes/znn:600k', 'replicas': 10, 'imageChanges': 3, 'replicasChanges': 10}

{'name': 'kube-znn.173f97cfa9bcfe7f', 'type': 'Normal', 'message': '(combined from similar events): Scaled down replica set kube-znn-6978979d84 to 1', 'dateevent': '2023-02-01 04:08:24+00:00', 'image': 'cmendes/znn:400k', 'replicas': 10, 'imageChanges': 4, 'replicasChanges': 10}

{'name': 'kube-znn.173f97d462bcea0f', 'type': 'Normal', 'message': 'Scaled up replica set kube-znn-f8d56c578 to 5', 'dateevent': '2023-02-01 04:08:44+00:00', 'image': 'cmendes/znn:400k', 'replicas': 10, 'imageChanges': 4, 'replicasChanges': 10}

{'name': 'kube-znn.173f97cfa9bcfe7f', 'type': 'Normal', 'message': '(combined from similar events): Scaled down replica set kube-znn-5fb97667db to 3', 'dateevent': '2023-02-01 04:08:24+00:00', 'image': 'cmendes/znn:400k', 'replicas': 5, 'imageChanges': 4, 'replicasChanges': 11}

{'name': 'kube-znn.173f97cfa9bcfe7f', 'type': 'Normal', 'message': '(combined from similar events): Scaled down replica set kube-znn-f8d56c578 to 3', 'dateevent': '2023-02-01 04:08:24+00:00', 'image': 'cmendes/znn:400k', 'replicas': 5, 'imageChanges': 4, 'replicasChanges': 11}

{'name': 'kube-znn.173f97cfa9bcfe7f', 'type': 'Normal', 'message': '(combined from similar events): Scaled down replica set kube-znn-5fb97667db to 2', 'dateevent': '2023-02-01 04:08:24+00:00', 'image': 'cmendes/znn:400k', 'replicas': 5, 'imageChanges': 4, 'replicasChanges': 11}

{'name': 'kube-znn.173f97cfa9bcfe7f', 'type': 'Normal', 'message': '(combined from similar events): Scaled up replica set kube-znn-f8d56c578 to 4', 'dateevent': '2023-02-01 04:08:24+00:00', 'image': 'cmendes/znn:400k', 'replicas': 5, 'imageChanges': 4, 'replicasChanges': 11}

{'name': 'kube-znn.173f97edefd8eded', 'type': 'Normal', 'message': 'Scaled up replica set kube-znn-6978979d84 to 2', 'dateevent': '2023-02-01 04:14:04+00:00', 'image': 'cmendes/znn:600k', 'replicas': 5, 'imageChanges': 5, 'replicasChanges': 11}

Reading file: VersionA-Monolithic
Reading file: VersionB-MicroControllers
Reading file: VersionC-WithFailureManagerMetaController
Reading file: VersionC-ZTemp
