Reading file: automatingDataGeneration.sh
Reading file: CLong10
Reading file: CLong10.7z
Reading file: Evaluation-ZNN.7z
Reading file: fidelitya-778c6c6b8b-lgjzb_tracing_20230128_130543.log

fidelitya data

2023-01-28 16:08:44 : t0:raiseFidelity

2023-01-28 16:08:49 : t0:raiseFidelity

2023-01-28 16:09:19 : t0:raiseFidelity

2023-01-28 16:09:24 : t0:raiseFidelity

2023-01-28 16:09:29 : t0:raiseFidelity

2023-01-28 16:09:34 : t0:raiseFidelity

2023-01-28 16:09:39 : t0:raiseFidelity

2023-01-28 16:09:44 : t0:raiseFidelity

2023-01-28 16:09:49 : t0:raiseFidelity

2023-01-28 16:09:54 : t0:raiseFidelity

2023-01-28 16:09:59 : t0:raiseFidelity

2023-01-28 16:10:04 : t0:raiseFidelity

2023-01-28 16:10:09 : t0:raiseFidelity

2023-01-28 16:10:14 : t0:raiseFidelity

2023-01-28 16:10:19 : t0:raiseFidelity

2023-01-28 16:10:24 : t0:raiseFidelity

2023-01-28 16:10:29 : t0:raiseFidelity

2023-01-28 16:10:34 : t0:raiseFidelity

2023-01-28 16:10:39 : t0:raiseFidelity

2023-01-28 16:10:44 : t0:raiseFidelity

2023-01-28 16:10:49 : t0:raiseFidelity

2023-01-28 16:10:54 : t0:raiseFidelity

2023-01-28 16:10:59 : t0:raiseFidelity

2023-01-28 16:11:04 : t0:raiseFidelity

2023-01-28 16:11:09 : t0:raiseFidelity

2023-01-28 16:11:14 : t0:raiseFidelity

2023-01-28 16:11:19 : t0:raiseFidelity

2023-01-28 16:11:24 : t0:raiseFidelity

2023-01-28 16:11:29 : t0:raiseFidelity

2023-01-28 16:11:34 : t0:raiseFidelity

2023-01-28 16:11:39 : t0:raiseFidelity

2023-01-28 16:11:44 : t0:raiseFidelity

2023-01-28 16:11:49 : t0:raiseFidelity

2023-01-28 16:11:54 : t0:raiseFidelity

2023-01-28 16:11:59 : t0:raiseFidelity

2023-01-28 16:12:04 : t0:raiseFidelity

2023-01-28 16:12:09 : t0:raiseFidelity

2023-01-28 16:12:14 : t0:raiseFidelity

2023-01-28 16:12:19 : t0:raiseFidelity

2023-01-28 16:12:24 : t0:raiseFidelity

2023-01-28 16:12:29 : t0:raiseFidelity

2023-01-28 16:12:34 : t0:raiseFidelity

2023-01-28 16:12:39 : t0:raiseFidelity

2023-01-28 16:12:44 : t0:raiseFidelity

2023-01-28 16:12:49 : t0:raiseFidelity

2023-01-28 16:12:54 : t0:raiseFidelity

2023-01-28 16:12:59 : t0:raiseFidelity

2023-01-28 16:13:04 : t0:raiseFidelity

2023-01-28 16:13:09 : t0:raiseFidelity

2023-01-28 16:13:14 : t0:raiseFidelity

2023-01-28 16:13:19 : t0:raiseFidelity

2023-01-28 16:13:24 : t0:raiseFidelity

2023-01-28 16:13:29 : t0:raiseFidelity

2023-01-28 16:13:34 : t0:raiseFidelity

2023-01-28 16:13:39 : t0:raiseFidelity

2023-01-28 16:13:44 : t0:raiseFidelity

2023-01-28 16:13:49 : t0:raiseFidelity

2023-01-28 16:13:54 : t0:raiseFidelity

2023-01-28 16:13:59 : t0:raiseFidelity

2023-01-28 16:14:04 : t0:raiseFidelity

2023-01-28 16:14:09 : t0:raiseFidelity

2023-01-28 16:14:14 : t0:raiseFidelity

2023-01-28 16:14:19 : t0:raiseFidelity

2023-01-28 16:14:24 : t0:raiseFidelity

2023-01-28 16:14:29 : t0:raiseFidelity

2023-01-28 16:14:34 : t0:raiseFidelity

2023-01-28 16:14:39 : t0:raiseFidelity

2023-01-28 16:14:44 : t0:raiseFidelity

2023-01-28 16:14:49 : t0:raiseFidelity

2023-01-28 16:14:54 : t0:raiseFidelity

2023-01-28 16:14:59 : t0:raiseFidelity

2023-01-28 16:15:04 : t0:raiseFidelity

Reading file: generateLogs121929
Reading file: generateLogs124558
Reading file: generateLogs2.sh
Reading file: k6-8l99w_tracing_20230128_130543.log
Reading file: metacontroller-kubow-8479d7588d-jtxh2_tracing_20230128_130543.log

MetaController data

2023-01-28 16:06:39 : t0:activateLowScalabilityHighQuality

2023-01-28 16:06:49 : t0:addLowScalabilityLowQuality

2023-01-28 16:07:44 : t0:addHighScalabilityHighQuality

Reading file: README.md
Reading file: scalabilitya-78d6cbbc7d-swh6n_tracing_20230128_130543.log

scalabilitya data

2023-01-28 16:08:08 : t0:removeReplica

2023-01-28 16:08:43 : t0:removeReplica

2023-01-28 16:08:48 : t0:removeReplica

Reading file: summary-trace-znn.log
Reading file: temp
Reading file: temp2701
Reading file: test
Reading file: tools
Reading file: traceznn_20230128_130543.log

Trace znn data

{'name': 'kube-znn-db.173e83ceab8a17c2', 'type': 'Normal', 'message': 'Scaled up replica set kube-znn-db-6cc48797cf to 1', 'dateevent': '2023-01-28 15:50:35+00:00', 'image': 'cmendes/znn:800k', 'replicas': 1, 'imageChanges': 0, 'replicasChanges': 1}

{'name': 'kube-znn.173e83cea9c416e2', 'type': 'Normal', 'message': 'Scaled up replica set kube-znn-68bd9d6b5b to 1', 'dateevent': '2023-01-28 15:50:35+00:00', 'image': 'cmendes/znn:800k', 'replicas': 1, 'imageChanges': 0, 'replicasChanges': 1}

{'name': 'kube-znn.173e84a4f4906f34', 'type': 'Normal', 'message': 'Scaled up replica set kube-znn-68bd9d6b5b to 2', 'dateevent': '2023-01-28 16:05:55+00:00', 'image': 'cmendes/znn:800k', 'replicas': 2, 'imageChanges': 0, 'replicasChanges': 2}

{'name': 'kube-znn.173e84a5e3320a0c', 'type': 'Normal', 'message': 'Scaled up replica set kube-znn-68bd9d6b5b to 3', 'dateevent': '2023-01-28 16:05:59+00:00', 'image': 'cmendes/znn:800k', 'replicas': 3, 'imageChanges': 0, 'replicasChanges': 3}

{'name': 'kube-znn.173e84a711c7c4d3', 'type': 'Normal', 'message': 'Scaled up replica set kube-znn-68bd9d6b5b to 4', 'dateevent': '2023-01-28 16:06:04+00:00', 'image': 'cmendes/znn:800k', 'replicas': 4, 'imageChanges': 0, 'replicasChanges': 4}

{'name': 'kube-znn.173e84a83840686f', 'type': 'Normal', 'message': 'Scaled up replica set kube-znn-68bd9d6b5b to 5', 'dateevent': '2023-01-28 16:06:09+00:00', 'image': 'cmendes/znn:800k', 'replicas': 5, 'imageChanges': 0, 'replicasChanges': 5}

{'name': 'kube-znn.173e84a962a1d808', 'type': 'Normal', 'message': 'Scaled up replica set kube-znn-68bd9d6b5b to 6', 'dateevent': '2023-01-28 16:06:14+00:00', 'image': 'cmendes/znn:800k', 'replicas': 6, 'imageChanges': 0, 'replicasChanges': 6}

{'name': 'kube-znn.173e84aa8bc7231a', 'type': 'Normal', 'message': 'Scaled up replica set kube-znn-68bd9d6b5b to 7', 'dateevent': '2023-01-28 16:06:19+00:00', 'image': 'cmendes/znn:800k', 'replicas': 7, 'imageChanges': 0, 'replicasChanges': 7}

{'name': 'kube-znn.173e84abb5893acd', 'type': 'Normal', 'message': 'Scaled up replica set kube-znn-68bd9d6b5b to 8', 'dateevent': '2023-01-28 16:06:24+00:00', 'image': 'cmendes/znn:800k', 'replicas': 8, 'imageChanges': 0, 'replicasChanges': 8}

{'name': 'kube-znn.173e84acde971210', 'type': 'Normal', 'message': 'Scaled up replica set kube-znn-68bd9d6b5b to 9', 'dateevent': '2023-01-28 16:06:29+00:00', 'image': 'cmendes/znn:800k', 'replicas': 9, 'imageChanges': 0, 'replicasChanges': 9}

{'name': 'kube-znn.173e84ae09e47dd6', 'type': 'Normal', 'message': 'Scaled up replica set kube-znn-68bd9d6b5b to 10', 'dateevent': '2023-01-28 16:06:34+00:00', 'image': 'cmendes/znn:800k', 'replicas': 10, 'imageChanges': 0, 'replicasChanges': 10}

{'name': 'kube-znn.173e84af08caa491', 'type': 'Normal', 'message': '(combined from similar events): Scaled up replica set kube-znn-7cbbf89f8 to 3', 'dateevent': '2023-01-28 16:06:38+00:00', 'image': 'cmendes/znn:600k', 'replicas': 10, 'imageChanges': 1, 'replicasChanges': 10}

{'name': 'kube-znn.173e84af08caa491', 'type': 'Normal', 'message': '(combined from similar events): Scaled down replica set kube-znn-68bd9d6b5b to 8', 'dateevent': '2023-01-28 16:06:38+00:00', 'image': 'cmendes/znn:600k', 'replicas': 10, 'imageChanges': 1, 'replicasChanges': 10}

{'name': 'kube-znn.173e84af08caa491', 'type': 'Normal', 'message': '(combined from similar events): Scaled up replica set kube-znn-7cbbf89f8 to 5', 'dateevent': '2023-01-28 16:06:38+00:00', 'image': 'cmendes/znn:600k', 'replicas': 10, 'imageChanges': 1, 'replicasChanges': 10}

{'name': 'kube-znn.173e84af08caa491', 'type': 'Normal', 'message': '(combined from similar events): Scaled down replica set kube-znn-68bd9d6b5b to 3', 'dateevent': '2023-01-28 16:06:38+00:00', 'image': 'cmendes/znn:600k', 'replicas': 4, 'imageChanges': 1, 'replicasChanges': 11}

{'name': 'kube-znn.173e84af08caa491', 'type': 'Normal', 'message': '(combined from similar events): Scaled down replica set kube-znn-7cbbf89f8 to 2', 'dateevent': '2023-01-28 16:06:38+00:00', 'image': 'cmendes/znn:600k', 'replicas': 4, 'imageChanges': 1, 'replicasChanges': 11}

{'name': 'kube-znn.173e84af08caa491', 'type': 'Normal', 'message': '(combined from similar events): Scaled down replica set kube-znn-68bd9d6b5b to 2', 'dateevent': '2023-01-28 16:06:38+00:00', 'image': 'cmendes/znn:600k', 'replicas': 4, 'imageChanges': 1, 'replicasChanges': 11}

{'name': 'kube-znn.173e84af08caa491', 'type': 'Normal', 'message': '(combined from similar events): Scaled up replica set kube-znn-7cbbf89f8 to 3', 'dateevent': '2023-01-28 16:06:38+00:00', 'image': 'cmendes/znn:600k', 'replicas': 4, 'imageChanges': 1, 'replicasChanges': 11}

{'name': 'kube-znn.173e84af08caa491', 'type': 'Normal', 'message': '(combined from similar events): Scaled down replica set kube-znn-68bd9d6b5b to 1', 'dateevent': '2023-01-28 16:06:38+00:00', 'image': 'cmendes/znn:600k', 'replicas': 4, 'imageChanges': 1, 'replicasChanges': 11}

{'name': 'kube-znn.173e84af08caa491', 'type': 'Normal', 'message': '(combined from similar events): Scaled up replica set kube-znn-7cbbf89f8 to 4', 'dateevent': '2023-01-28 16:06:38+00:00', 'image': 'cmendes/znn:600k', 'replicas': 4, 'imageChanges': 1, 'replicasChanges': 11}

{'name': 'kube-znn.173e84af08caa491', 'type': 'Normal', 'message': '(combined from similar events): Scaled down replica set kube-znn-68bd9d6b5b to 0', 'dateevent': '2023-01-28 16:06:38+00:00', 'image': 'cmendes/znn:600k', 'replicas': 4, 'imageChanges': 1, 'replicasChanges': 11}

{'name': 'kube-znn.173e84af08caa491', 'type': 'Normal', 'message': '(combined from similar events): Scaled down replica set kube-znn-7cbbf89f8 to 3', 'dateevent': '2023-01-28 16:06:38+00:00', 'image': 'cmendes/znn:600k', 'replicas': 3, 'imageChanges': 1, 'replicasChanges': 12}

{'name': 'kube-znn.173e84af08caa491', 'type': 'Normal', 'message': '(combined from similar events): Scaled down replica set kube-znn-7cbbf89f8 to 2', 'dateevent': '2023-01-28 16:06:38+00:00', 'image': 'cmendes/znn:600k', 'replicas': 2, 'imageChanges': 1, 'replicasChanges': 13}

{'name': 'kube-znn.173e84af08caa491', 'type': 'Normal', 'message': '(combined from similar events): Scaled up replica set kube-znn-68bd9d6b5b to 1', 'dateevent': '2023-01-28 16:06:38+00:00', 'image': 'cmendes/znn:800k', 'replicas': 2, 'imageChanges': 2, 'replicasChanges': 13}

{'name': 'kube-znn.173e84af08caa491', 'type': 'Normal', 'message': '(combined from similar events): Scaled down replica set kube-znn-7cbbf89f8 to 1', 'dateevent': '2023-01-28 16:06:38+00:00', 'image': 'cmendes/znn:800k', 'replicas': 2, 'imageChanges': 2, 'replicasChanges': 13}

{'name': 'kube-znn.173e84a4f4906f34', 'type': 'Normal', 'message': 'Scaled up replica set kube-znn-68bd9d6b5b to 2', 'dateevent': '2023-01-28 16:05:55+00:00', 'image': 'cmendes/znn:800k', 'replicas': 2, 'imageChanges': 2, 'replicasChanges': 13}

{'name': 'kube-znn.173e84af08caa491', 'type': 'Normal', 'message': '(combined from similar events): Scaled down replica set kube-znn-7cbbf89f8 to 0', 'dateevent': '2023-01-28 16:06:38+00:00', 'image': 'cmendes/znn:800k', 'replicas': 2, 'imageChanges': 2, 'replicasChanges': 13}

Reading file: VersionA-Monolithic
Reading file: VersionB-MicroControllers
Reading file: VersionC-WithFailureManagerMetaController
Reading file: VersionC-ZTemp
