Reading file: automatingDataGeneration.sh
Reading file: BLong10_parte1
Reading file: BLong10_parte1.7z
Reading file: CLong10
Reading file: CLong10.7z
Reading file: CShort10
Reading file: CShort10.7z
Reading file: Evaluation-ZNN.7z
Reading file: fidelitya-5b8dd7f8c7-vkxrm_tracing_20230130_024903.log

fidelitya data

Reading file: fidelityb-67c8fc5999-dz2fw_tracing_20230130_024903.log

fidelityb data

2023-01-30 05:51:11 : t0:removeHighQuality

2023-01-30 05:51:16 : t0:removeHighQuality

2023-01-30 05:51:21 : t0:removeHighQuality

2023-01-30 05:51:26 : t0:removeHighQuality

2023-01-30 05:51:31 : t0:removeHighQuality

2023-01-30 05:51:36 : t0:removeHighQuality

2023-01-30 05:51:41 : t0:removeHighQuality

2023-01-30 05:51:46 : t0:lowerFidelity

2023-01-30 05:52:06 : t0:addHighQuality

2023-01-30 05:52:11 : t0:addHighQuality

2023-01-30 05:52:16 : t0:addHighQuality

2023-01-30 05:52:21 : t0:addHighQuality

2023-01-30 05:52:26 : t0:addHighQuality

2023-01-30 05:52:31 : t0:addHighQuality

2023-01-30 05:52:36 : t0:addHighQuality

2023-01-30 05:52:41 : t0:addHighQuality

2023-01-30 05:52:46 : t0:addHighQuality

2023-01-30 05:52:51 : t0:addHighQuality

2023-01-30 05:52:56 : t0:addHighQuality

2023-01-30 05:53:01 : t0:addHighQuality

2023-01-30 05:53:06 : t0:addHighQuality

2023-01-30 05:53:11 : t0:addHighQuality

2023-01-30 05:53:16 : t0:addHighQuality

2023-01-30 05:53:21 : t0:addHighQuality

2023-01-30 05:53:26 : t0:addHighQuality

2023-01-30 05:53:31 : t0:addHighQuality

2023-01-30 05:53:36 : t0:addHighQuality

2023-01-30 05:53:41 : t0:addHighQuality

2023-01-30 05:53:46 : t0:addHighQuality

2023-01-30 05:53:51 : t0:addHighQuality

2023-01-30 05:53:56 : t0:lowerFidelity

2023-01-30 05:54:11 : t0:addHighQuality

2023-01-30 05:54:16 : t0:addHighQuality

2023-01-30 05:54:21 : t0:raiseFidelity

2023-01-30 05:54:26 : t0:raiseFidelity

2023-01-30 05:54:56 : t0:raiseFidelity

2023-01-30 05:55:01 : t0:raiseFidelity

Reading file: generateLogs004521
Reading file: generateLogs011246
Reading file: generateLogs014915
Reading file: generateLogs021127
Reading file: generateLogs023630
Reading file: generateLogs2.sh
Reading file: k6-vdr6x_tracing_20230130_024903.log
Reading file: README.md
Reading file: scalabilityb-66d698fc76-7xnl2_tracing_20230130_024903.log

scalabilityb data

2023-01-30 05:50:25 : t0:removeHighScalability

2023-01-30 05:50:30 : t0:removeHighScalability

2023-01-30 05:50:35 INFO  Rainbow:694 - Delegate: master[MODEL]: Executing O[strategy-execution-KubeZnnSystem:Acme:ExecutionHistory/strategyExecutionState.null([KubeZnnSystem:Acme, AdapttionTree, ADAPTATION_EXECUTING, ])]

2023-01-30 05:50:40 : t0:removeHighScalability

2023-01-30 05:50:45 : t0:removeHighScalability

2023-01-30 05:50:50 : t0:removeHighScalability

2023-01-30 05:50:55 INFO  GuavaMasterReportingPort:35 - MODEL: Executing O[strategy-execution-KubeZnnSystem:Acme:ExecutionHistory/strategyExecutionState.null([KubeZnnSystem:Acme, AdapttionTree, ADAPTATION_EXECUTING, ])]

2023-01-30 05:51:00 INFO  Rainbow:694 - Delegate: master[MODEL]: Executing O[strategy-execution-KubeZnnSystem:Acme:ExecutionHistory/strategyExecutionState.null([KubeZnnSystem:Acme, AdapttionTree, ADAPTATION_EXECUTING, ])]

2023-01-30 05:51:05 : t0:removeHighScalability

2023-01-30 05:51:10 : t0:removeHighScalability

2023-01-30 05:51:15 : t0:removeHighScalability

2023-01-30 05:51:20 : t0:removeHighScalability

2023-01-30 05:51:25 : t0:removeHighScalability

2023-01-30 05:51:30 : t0:removeHighScalability

2023-01-30 05:51:35 : t0:removeHighScalability

2023-01-30 05:51:40 : t0:removeHighScalability

2023-01-30 05:51:45 : t0:removeHighScalability

2023-01-30 05:51:50 : t0:removeHighScalability

2023-01-30 05:51:55 : t0:removeHighScalability

2023-01-30 05:52:10 : t0:removeHighScalability

2023-01-30 05:52:15 : t0:removeHighScalability

2023-01-30 05:52:20 : t0:addHighScalability

2023-01-30 05:52:25 : t0:addHighScalability

2023-01-30 05:52:30 : t0:addHighScalability

2023-01-30 05:52:35 : t0:addHighScalability

2023-01-30 05:52:40 : t0:addHighScalability

2023-01-30 05:52:45 : t0:addHighScalability

2023-01-30 05:52:50 : t0:addHighScalability

2023-01-30 05:52:55 : t0:addHighScalability

2023-01-30 05:53:00 : t0:addHighScalability

2023-01-30 05:53:05 : t0:removeHighScalability

2023-01-30 05:53:10 : t0:removeHighScalability

2023-01-30 05:53:15 : t0:removeHighScalability

2023-01-30 05:53:20 : t0:removeHighScalability

2023-01-30 05:53:25 : t0:removeHighScalability

2023-01-30 05:53:30 : t0:addHighScalability

2023-01-30 05:53:35 : t0:addHighScalability

2023-01-30 05:53:40 : t0:addHighScalability

2023-01-30 05:53:45 : t0:addHighScalability

2023-01-30 05:53:50 : t0:addHighScalability

2023-01-30 05:53:55 : t0:addHighScalability

2023-01-30 05:54:00 : t0:addHighScalability

2023-01-30 05:54:05 : t0:addHighScalability

2023-01-30 05:54:10 : t0:addHighScalability

2023-01-30 05:54:15 : t0:removeHighScalability

2023-01-30 05:54:20 : t0:removeReplica

Reading file: summary-trace-znn.log
Reading file: temp
Reading file: temp2701
Reading file: test
Reading file: tools
Reading file: traceznn_20230130_024903.log

Trace znn data

{'name': 'kube-znn-db.173effa9bd0279c4', 'type': 'Normal', 'message': 'Scaled up replica set kube-znn-db-558bb5dd64 to 1', 'dateevent': '2023-01-30 05:40:15+00:00', 'image': 'cmendes/znn:800k', 'replicas': 1, 'imageChanges': 0, 'replicasChanges': 1}

{'name': 'kube-znn.173effa9bb525516', 'type': 'Normal', 'message': 'Scaled up replica set kube-znn-744bbbc54b to 1', 'dateevent': '2023-01-30 05:40:15+00:00', 'image': 'cmendes/znn:800k', 'replicas': 1, 'imageChanges': 0, 'replicasChanges': 1}

{'name': 'kube-znn.173f0026306c7955', 'type': 'Normal', 'message': 'Scaled up replica set kube-znn-744bbbc54b to 2', 'dateevent': '2023-01-30 05:49:10+00:00', 'image': 'cmendes/znn:800k', 'replicas': 2, 'imageChanges': 0, 'replicasChanges': 2}

{'name': 'kube-znn.173f002719d0e589', 'type': 'Normal', 'message': 'Scaled up replica set kube-znn-744bbbc54b to 3', 'dateevent': '2023-01-30 05:49:14+00:00', 'image': 'cmendes/znn:800k', 'replicas': 3, 'imageChanges': 0, 'replicasChanges': 3}

{'name': 'kube-znn.173f002843e9f5f0', 'type': 'Normal', 'message': 'Scaled up replica set kube-znn-744bbbc54b to 4', 'dateevent': '2023-01-30 05:49:19+00:00', 'image': 'cmendes/znn:800k', 'replicas': 4, 'imageChanges': 0, 'replicasChanges': 4}

{'name': 'kube-znn.173f00296cea4933', 'type': 'Normal', 'message': 'Scaled up replica set kube-znn-744bbbc54b to 5', 'dateevent': '2023-01-30 05:49:24+00:00', 'image': 'cmendes/znn:800k', 'replicas': 5, 'imageChanges': 0, 'replicasChanges': 5}

{'name': 'kube-znn.173f002a960bf2b9', 'type': 'Normal', 'message': 'Scaled up replica set kube-znn-744bbbc54b to 6', 'dateevent': '2023-01-30 05:49:29+00:00', 'image': 'cmendes/znn:800k', 'replicas': 6, 'imageChanges': 0, 'replicasChanges': 6}

{'name': 'kube-znn.173f002bbecfa2a8', 'type': 'Normal', 'message': 'Scaled up replica set kube-znn-744bbbc54b to 7', 'dateevent': '2023-01-30 05:49:34+00:00', 'image': 'cmendes/znn:800k', 'replicas': 7, 'imageChanges': 0, 'replicasChanges': 7}

{'name': 'kube-znn.173f002ce945905c', 'type': 'Normal', 'message': 'Scaled up replica set kube-znn-744bbbc54b to 8', 'dateevent': '2023-01-30 05:49:39+00:00', 'image': 'cmendes/znn:800k', 'replicas': 8, 'imageChanges': 0, 'replicasChanges': 8}

{'name': 'kube-znn.173f002e1489cf61', 'type': 'Normal', 'message': 'Scaled up replica set kube-znn-744bbbc54b to 9', 'dateevent': '2023-01-30 05:49:44+00:00', 'image': 'cmendes/znn:800k', 'replicas': 9, 'imageChanges': 0, 'replicasChanges': 9}

{'name': 'kube-znn.173f002f3d2e69e1', 'type': 'Normal', 'message': '(combined from similar events): Scaled up replica set kube-znn-744bbbc54b to 10', 'dateevent': '2023-01-30 05:49:49+00:00', 'image': 'cmendes/znn:800k', 'replicas': 10, 'imageChanges': 0, 'replicasChanges': 10}

{'name': 'kube-znn.173f002f3d2e69e1', 'type': 'Normal', 'message': '(combined from similar events): Scaled up replica set kube-znn-5c95bd98fb to 3', 'dateevent': '2023-01-30 05:49:49+00:00', 'image': 'cmendes/znn:600k', 'replicas': 10, 'imageChanges': 1, 'replicasChanges': 10}

{'name': 'kube-znn.173f002f3d2e69e1', 'type': 'Normal', 'message': '(combined from similar events): Scaled down replica set kube-znn-744bbbc54b to 8', 'dateevent': '2023-01-30 05:49:49+00:00', 'image': 'cmendes/znn:600k', 'replicas': 10, 'imageChanges': 1, 'replicasChanges': 10}

{'name': 'kube-znn.173f002f3d2e69e1', 'type': 'Normal', 'message': '(combined from similar events): Scaled up replica set kube-znn-5c95bd98fb to 5', 'dateevent': '2023-01-30 05:49:49+00:00', 'image': 'cmendes/znn:600k', 'replicas': 10, 'imageChanges': 1, 'replicasChanges': 10}

{'name': 'kube-znn.173f002f3d2e69e1', 'type': 'Normal', 'message': '(combined from similar events): Scaled down replica set kube-znn-744bbbc54b to 4', 'dateevent': '2023-01-30 05:49:49+00:00', 'image': 'cmendes/znn:400k', 'replicas': 10, 'imageChanges': 2, 'replicasChanges': 10}

{'name': 'kube-znn.173f002f3d2e69e1', 'type': 'Normal', 'message': '(combined from similar events): Scaled down replica set kube-znn-5c95bd98fb to 4', 'dateevent': '2023-01-30 05:49:49+00:00', 'image': 'cmendes/znn:400k', 'replicas': 10, 'imageChanges': 2, 'replicasChanges': 10}

{'name': 'kube-znn.173f002f3d2e69e1', 'type': 'Normal', 'message': '(combined from similar events): Scaled up replica set kube-znn-549bfcf578 to 5', 'dateevent': '2023-01-30 05:49:49+00:00', 'image': 'cmendes/znn:400k', 'replicas': 10, 'imageChanges': 2, 'replicasChanges': 10}

{'name': 'kube-znn.173f002f3d2e69e1', 'type': 'Normal', 'message': '(combined from similar events): Scaled down replica set kube-znn-549bfcf578 to 4', 'dateevent': '2023-01-30 05:49:49+00:00', 'image': 'cmendes/znn:600k', 'replicas': 10, 'imageChanges': 3, 'replicasChanges': 10}

{'name': 'kube-znn.173f003c50bd9797', 'type': 'Normal', 'message': 'Scaled up replica set kube-znn-5c95bd98fb to 5', 'dateevent': '2023-01-30 05:50:45+00:00', 'image': 'cmendes/znn:600k', 'replicas': 10, 'imageChanges': 3, 'replicasChanges': 10}

{'name': 'kube-znn.173f002f3d2e69e1', 'type': 'Normal', 'message': '(combined from similar events): Scaled down replica set kube-znn-5c95bd98fb to 4', 'dateevent': '2023-01-30 05:49:49+00:00', 'image': 'cmendes/znn:400k', 'replicas': 10, 'imageChanges': 4, 'replicasChanges': 10}

{'name': 'kube-znn.173f003c5d605237', 'type': 'Normal', 'message': 'Scaled up replica set kube-znn-549bfcf578 to 5', 'dateevent': '2023-01-30 05:50:45+00:00', 'image': 'cmendes/znn:400k', 'replicas': 10, 'imageChanges': 4, 'replicasChanges': 10}

{'name': 'kube-znn.173f003d7a5d5065', 'type': 'Normal', 'message': 'Scaled down replica set kube-znn-549bfcf578 to 4', 'dateevent': '2023-01-30 05:50:50+00:00', 'image': 'cmendes/znn:600k', 'replicas': 10, 'imageChanges': 5, 'replicasChanges': 10}

{'name': 'kube-znn.173f003c50bd9797', 'type': 'Normal', 'message': 'Scaled up replica set kube-znn-5c95bd98fb to 5', 'dateevent': '2023-01-30 05:50:45+00:00', 'image': 'cmendes/znn:600k', 'replicas': 10, 'imageChanges': 5, 'replicasChanges': 10}

{'name': 'kube-znn.173f003d88066f85', 'type': 'Normal', 'message': 'Scaled down replica set kube-znn-5c95bd98fb to 4', 'dateevent': '2023-01-30 05:50:50+00:00', 'image': 'cmendes/znn:400k', 'replicas': 10, 'imageChanges': 6, 'replicasChanges': 10}

{'name': 'kube-znn.173f003c5d605237', 'type': 'Normal', 'message': 'Scaled up replica set kube-znn-549bfcf578 to 5', 'dateevent': '2023-01-30 05:50:45+00:00', 'image': 'cmendes/znn:400k', 'replicas': 10, 'imageChanges': 6, 'replicasChanges': 10}

{'name': 'kube-znn.173f003d7a5d5065', 'type': 'Normal', 'message': 'Scaled down replica set kube-znn-549bfcf578 to 4', 'dateevent': '2023-01-30 05:50:50+00:00', 'image': 'cmendes/znn:600k', 'replicas': 10, 'imageChanges': 7, 'replicasChanges': 10}

{'name': 'kube-znn.173f003c50bd9797', 'type': 'Normal', 'message': 'Scaled up replica set kube-znn-5c95bd98fb to 5', 'dateevent': '2023-01-30 05:50:45+00:00', 'image': 'cmendes/znn:600k', 'replicas': 10, 'imageChanges': 7, 'replicasChanges': 10}

{'name': 'kube-znn.173f002f3d2e69e1', 'type': 'Normal', 'message': '(combined from similar events): Scaled down replica set kube-znn-57c954fdb9 to 1', 'dateevent': '2023-01-30 05:49:49+00:00', 'image': 'cmendes/znn:100k', 'replicas': 4, 'imageChanges': 8, 'replicasChanges': 11}

Reading file: VersionA-Monolithic
Reading file: VersionB-MicroControllers
Reading file: VersionC-WithFailureManagerMetaController
Reading file: VersionC-ZTemp
