Reading file: automatingDataGeneration.sh
Reading file: CLong10
Reading file: CLong10.7z
Reading file: Evaluation-ZNN.7z
Reading file: fidelitya-778c6c6b8b-q6nh7_tracing_20230128_123933.log

fidelitya data

2023-01-28 15:42:01 : t0:raiseFidelity

2023-01-28 15:42:36 : t0:raiseFidelity

2023-01-28 15:42:41 : t0:raiseFidelity

2023-01-28 15:43:16 : t0:raiseFidelity

2023-01-28 15:43:21 : t0:raiseFidelity

2023-01-28 15:43:56 : t0:raiseFidelity

2023-01-28 15:44:01 : t0:raiseFidelity

2023-01-28 15:44:36 : t0:raiseFidelity

2023-01-28 15:44:41 : t0:raiseFidelity

2023-01-28 15:45:16 : t0:raiseFidelity

2023-01-28 15:45:21 : t0:raiseFidelity

2023-01-28 15:45:56 : t0:raiseFidelity

Reading file: generateLogs121929
Reading file: generateLogs2.sh
Reading file: k6-dv27t_tracing_20230128_123933.log
Reading file: metacontroller-kubow-8479d7588d-8phjc_tracing_20230128_123933.log

MetaController data

2023-01-28 15:40:27 : t0:activateLowScalabilityHighQuality

2023-01-28 15:40:32 : t0:addLowScalabilityLowQuality

2023-01-28 15:41:32 : t0:addHighScalabilityHighQuality

Reading file: README.md
Reading file: scalabilitya-78d6cbbc7d-qpqrx_tracing_20230128_123933.log

scalabilitya data

2023-01-28 15:41:55 : t0:removeReplica

2023-01-28 15:42:35 : t0:removeReplica

2023-01-28 15:42:40 : t0:removeReplica

2023-01-28 15:43:15 : t0:removeReplica

Reading file: summary-trace-znn.log
Reading file: temp
Reading file: temp2701
Reading file: test
Reading file: tools
Reading file: traceznn_20230128_123933.log

Trace znn data

{'name': 'kube-znn-db.173e8257d95d76b3', 'type': 'Normal', 'message': 'Scaled up replica set kube-znn-db-6cc48797cf to 1', 'dateevent': '2023-01-28 15:23:45+00:00', 'image': 'cmendes/znn:800k', 'replicas': 1, 'imageChanges': 0, 'replicasChanges': 1}

{'name': 'kube-znn.173e8257d8fa143f', 'type': 'Normal', 'message': 'Scaled up replica set kube-znn-68bd9d6b5b to 1', 'dateevent': '2023-01-28 15:23:45+00:00', 'image': 'cmendes/znn:800k', 'replicas': 1, 'imageChanges': 0, 'replicasChanges': 1}

{'name': 'kube-znn.173e8336f402859d', 'type': 'Normal', 'message': 'Scaled up replica set kube-znn-68bd9d6b5b to 2', 'dateevent': '2023-01-28 15:39:43+00:00', 'image': 'cmendes/znn:800k', 'replicas': 2, 'imageChanges': 0, 'replicasChanges': 2}

{'name': 'kube-znn.173e8337df7fe23f', 'type': 'Normal', 'message': 'Scaled up replica set kube-znn-68bd9d6b5b to 3', 'dateevent': '2023-01-28 15:39:47+00:00', 'image': 'cmendes/znn:800k', 'replicas': 3, 'imageChanges': 0, 'replicasChanges': 3}

{'name': 'kube-znn.173e83390ba377a5', 'type': 'Normal', 'message': 'Scaled up replica set kube-znn-68bd9d6b5b to 4', 'dateevent': '2023-01-28 15:39:52+00:00', 'image': 'cmendes/znn:800k', 'replicas': 4, 'imageChanges': 0, 'replicasChanges': 4}

{'name': 'kube-znn.173e833a32d4cfac', 'type': 'Normal', 'message': 'Scaled up replica set kube-znn-68bd9d6b5b to 5', 'dateevent': '2023-01-28 15:39:57+00:00', 'image': 'cmendes/znn:800k', 'replicas': 5, 'imageChanges': 0, 'replicasChanges': 5}

{'name': 'kube-znn.173e833b5bfb2f7a', 'type': 'Normal', 'message': 'Scaled up replica set kube-znn-68bd9d6b5b to 6', 'dateevent': '2023-01-28 15:40:02+00:00', 'image': 'cmendes/znn:800k', 'replicas': 6, 'imageChanges': 0, 'replicasChanges': 6}

{'name': 'kube-znn.173e833c83f15cd6', 'type': 'Normal', 'message': 'Scaled up replica set kube-znn-68bd9d6b5b to 7', 'dateevent': '2023-01-28 15:40:07+00:00', 'image': 'cmendes/znn:800k', 'replicas': 7, 'imageChanges': 0, 'replicasChanges': 7}

{'name': 'kube-znn.173e833dae263852', 'type': 'Normal', 'message': 'Scaled up replica set kube-znn-68bd9d6b5b to 8', 'dateevent': '2023-01-28 15:40:12+00:00', 'image': 'cmendes/znn:800k', 'replicas': 8, 'imageChanges': 0, 'replicasChanges': 8}

{'name': 'kube-znn.173e833ed9262d0d', 'type': 'Normal', 'message': 'Scaled up replica set kube-znn-68bd9d6b5b to 9', 'dateevent': '2023-01-28 15:40:17+00:00', 'image': 'cmendes/znn:800k', 'replicas': 9, 'imageChanges': 0, 'replicasChanges': 9}

{'name': 'kube-znn.173e834002b61b6c', 'type': 'Normal', 'message': 'Scaled up replica set kube-znn-68bd9d6b5b to 10', 'dateevent': '2023-01-28 15:40:22+00:00', 'image': 'cmendes/znn:800k', 'replicas': 10, 'imageChanges': 0, 'replicasChanges': 10}

{'name': 'kube-znn.173e8340e58eb4b6', 'type': 'Normal', 'message': '(combined from similar events): Scaled up replica set kube-znn-7cbbf89f8 to 3', 'dateevent': '2023-01-28 15:40:26+00:00', 'image': 'cmendes/znn:600k', 'replicas': 10, 'imageChanges': 1, 'replicasChanges': 10}

{'name': 'kube-znn.173e8340e58eb4b6', 'type': 'Normal', 'message': '(combined from similar events): Scaled down replica set kube-znn-68bd9d6b5b to 8', 'dateevent': '2023-01-28 15:40:26+00:00', 'image': 'cmendes/znn:600k', 'replicas': 10, 'imageChanges': 1, 'replicasChanges': 10}

{'name': 'kube-znn.173e8340e58eb4b6', 'type': 'Normal', 'message': '(combined from similar events): Scaled up replica set kube-znn-7cbbf89f8 to 5', 'dateevent': '2023-01-28 15:40:26+00:00', 'image': 'cmendes/znn:600k', 'replicas': 10, 'imageChanges': 1, 'replicasChanges': 10}

{'name': 'kube-znn.173e8340e58eb4b6', 'type': 'Normal', 'message': '(combined from similar events): Scaled down replica set kube-znn-68bd9d6b5b to 7', 'dateevent': '2023-01-28 15:40:26+00:00', 'image': 'cmendes/znn:600k', 'replicas': 10, 'imageChanges': 1, 'replicasChanges': 10}

{'name': 'kube-znn.173e8340e58eb4b6', 'type': 'Normal', 'message': '(combined from similar events): Scaled up replica set kube-znn-7cbbf89f8 to 6', 'dateevent': '2023-01-28 15:40:26+00:00', 'image': 'cmendes/znn:600k', 'replicas': 10, 'imageChanges': 1, 'replicasChanges': 10}

{'name': 'kube-znn.173e8340e58eb4b6', 'type': 'Normal', 'message': '(combined from similar events): Scaled down replica set kube-znn-68bd9d6b5b to 6', 'dateevent': '2023-01-28 15:40:26+00:00', 'image': 'cmendes/znn:600k', 'replicas': 10, 'imageChanges': 1, 'replicasChanges': 10}

{'name': 'kube-znn.173e8340e58eb4b6', 'type': 'Normal', 'message': '(combined from similar events): Scaled up replica set kube-znn-7cbbf89f8 to 7', 'dateevent': '2023-01-28 15:40:26+00:00', 'image': 'cmendes/znn:600k', 'replicas': 10, 'imageChanges': 1, 'replicasChanges': 10}

{'name': 'kube-znn.173e8340e58eb4b6', 'type': 'Normal', 'message': '(combined from similar events): Scaled down replica set kube-znn-68bd9d6b5b to 1', 'dateevent': '2023-01-28 15:40:26+00:00', 'image': 'cmendes/znn:100k', 'replicas': 10, 'imageChanges': 2, 'replicasChanges': 10}

{'name': 'kube-znn.173e8340e58eb4b6', 'type': 'Normal', 'message': '(combined from similar events): Scaled up replica set kube-znn-7995d9b499 to 5', 'dateevent': '2023-01-28 15:40:26+00:00', 'image': 'cmendes/znn:100k', 'replicas': 10, 'imageChanges': 2, 'replicasChanges': 10}

{'name': 'kube-znn.173e8340e58eb4b6', 'type': 'Normal', 'message': '(combined from similar events): Scaled down replica set kube-znn-7cbbf89f8 to 2', 'dateevent': '2023-01-28 15:40:26+00:00', 'image': 'cmendes/znn:20k', 'replicas': 10, 'imageChanges': 3, 'replicasChanges': 10}

{'name': 'kube-znn.173e8340e58eb4b6', 'type': 'Normal', 'message': '(combined from similar events): Scaled up replica set kube-znn-6b7655774 to 5', 'dateevent': '2023-01-28 15:40:26+00:00', 'image': 'cmendes/znn:20k', 'replicas': 10, 'imageChanges': 3, 'replicasChanges': 10}

{'name': 'kube-znn.173e8340e58eb4b6', 'type': 'Normal', 'message': '(combined from similar events): Scaled down replica set kube-znn-6b7655774 to 0', 'dateevent': '2023-01-28 15:40:26+00:00', 'image': 'cmendes/znn:20k', 'replicas': 0, 'imageChanges': 3, 'replicasChanges': 11}

{'name': 'kube-znn.173e8340e58eb4b6', 'type': 'Normal', 'message': '(combined from similar events): Scaled down replica set kube-znn-7995d9b499 to 0', 'dateevent': '2023-01-28 15:40:26+00:00', 'image': 'cmendes/znn:20k', 'replicas': 0, 'imageChanges': 3, 'replicasChanges': 11}

{'name': 'kube-znn.173e8340e58eb4b6', 'type': 'Normal', 'message': '(combined from similar events): Scaled down replica set kube-znn-7cbbf89f8 to 0', 'dateevent': '2023-01-28 15:40:26+00:00', 'image': 'cmendes/znn:20k', 'replicas': 0, 'imageChanges': 3, 'replicasChanges': 11}

{'name': 'kube-znn.173e8340e58eb4b6', 'type': 'Normal', 'message': '(combined from similar events): Scaled down replica set kube-znn-68bd9d6b5b to 0', 'dateevent': '2023-01-28 15:40:26+00:00', 'image': 'cmendes/znn:20k', 'replicas': 0, 'imageChanges': 3, 'replicasChanges': 11}

{'name': 'kube-znn.173e8340e58eb4b6', 'type': 'Normal', 'message': '(combined from similar events): Scaled up replica set kube-znn-6b7655774 to 1', 'dateevent': '2023-01-28 15:40:26+00:00', 'image': 'cmendes/znn:20k', 'replicas': 1, 'imageChanges': 3, 'replicasChanges': 12}

{'name': 'kube-znn.173e837314d5b98c', 'type': 'Normal', 'message': 'Scaled up replica set kube-znn-7cbbf89f8 to 1', 'dateevent': '2023-01-28 15:45:16+00:00', 'image': 'cmendes/znn:600k', 'replicas': 1, 'imageChanges': 4, 'replicasChanges': 12}

Reading file: VersionA-Monolithic
Reading file: VersionB-MicroControllers
Reading file: VersionC-WithFailureManagerMetaController
Reading file: VersionC-ZTemp
