Reading file: automatingDataGeneration.sh
Reading file: BLong10_parte1
Reading file: BLong10_parte1.7z
Reading file: CLong10
Reading file: CLong10.7z
Reading file: CShort10
Reading file: CShort10.7z
Reading file: Evaluation-ZNN.7z
Reading file: fidelitya-5b8dd7f8c7-9w697_tracing_20230130_013733.log

fidelitya data

2023-01-30 04:38:23 : t0:lowerFidelity

Reading file: generateLogs004521
Reading file: generateLogs011246
Reading file: generateLogs2.sh
Reading file: k6-kjt67_tracing_20230130_013733.log
Reading file: README.md
Reading file: scalabilityb-66d698fc76-pcqtn_tracing_20230130_013733.log

scalabilityb data

2023-01-30 04:38:52 : t0:removeHighScalability

2023-01-30 04:38:57 : t0:removeHighScalability

2023-01-30 04:39:02 : t0:removeHighScalability

2023-01-30 04:39:07 : t0:removeHighScalability

2023-01-30 04:39:12 : t0:removeHighScalability

2023-01-30 04:39:17 : t0:removeHighScalability

2023-01-30 04:39:22 : t0:removeHighScalability

2023-01-30 04:39:27 : t0:removeHighScalability

2023-01-30 04:39:32 : t0:removeHighScalability

2023-01-30 04:39:37 : t0:addHighScalability

2023-01-30 04:39:42 : t0:removeHighScalability

2023-01-30 04:39:47 : t0:removeHighScalability

2023-01-30 04:39:52 : t0:removeHighScalability

2023-01-30 04:39:57 : t0:removeHighScalability

2023-01-30 04:40:02 : t0:removeHighScalability

2023-01-30 04:40:07 : t0:removeHighScalability

2023-01-30 04:40:12 : t0:addHighScalability

2023-01-30 04:40:17 : t0:addHighScalability

2023-01-30 04:40:22 : t0:addHighScalability

2023-01-30 04:40:27 : t0:addHighScalability

2023-01-30 04:40:32 : t0:addHighScalability

2023-01-30 04:40:37 : t0:removeHighScalability

2023-01-30 04:40:42 : t0:removeHighScalability

2023-01-30 04:40:47 : t0:removeHighScalability

2023-01-30 04:40:52 : t0:removeHighScalability

2023-01-30 04:40:57 : t0:removeHighScalability

2023-01-30 04:41:02 : t0:addHighScalability

2023-01-30 04:41:07 : t0:removeHighScalability

2023-01-30 04:41:12 : t0:removeHighScalability

2023-01-30 04:41:17 : t0:removeHighScalability

2023-01-30 04:41:22 : t0:removeHighScalability

2023-01-30 04:41:27 : t0:removeHighScalability

2023-01-30 04:41:32 : t0:addHighScalability

2023-01-30 04:41:37 : t0:addHighScalability

2023-01-30 04:41:42 : t0:addHighScalability

2023-01-30 04:41:47 : t0:addHighScalability

2023-01-30 04:41:52 : t0:addHighScalability

2023-01-30 04:41:57 : t0:addHighScalability

2023-01-30 04:42:02 : t0:addHighScalability

2023-01-30 04:42:07 : t0:removeHighScalability

2023-01-30 04:42:12 : t0:removeHighScalability

2023-01-30 04:42:17 : t0:removeHighScalability

2023-01-30 04:42:22 : t0:removeHighScalability

2023-01-30 04:42:27 : t0:removeHighScalability

2023-01-30 04:42:32 : t0:addHighScalability

2023-01-30 04:42:37 : t0:removeHighScalability

2023-01-30 04:42:42 : t0:removeHighScalability

2023-01-30 04:42:47 : t0:removeHighScalability

2023-01-30 04:42:52 : t0:removeHighScalability

2023-01-30 04:42:57 : t0:removeHighScalability

2023-01-30 04:43:02 : t0:removeReplica

2023-01-30 04:43:32 : t0:removeReplica

2023-01-30 04:43:37 : t0:removeReplica

2023-01-30 04:43:42 : t0:removeReplica

2023-01-30 04:43:47 : t0:removeReplica

2023-01-30 04:43:52 : t0:removeReplica

2023-01-30 04:43:57 : t0:removeReplica

2023-01-30 04:44:02 : t0:removeReplica

2023-01-30 04:44:07 : t0:removeReplica

2023-01-30 04:44:12 : t0:removeReplica

2023-01-30 04:44:17 : t0:removeReplica

2023-01-30 04:44:22 : t0:removeReplica

2023-01-30 04:44:27 : t0:removeReplica

2023-01-30 04:44:32 : t0:removeReplica

2023-01-30 04:44:37 : t0:removeReplica

2023-01-30 04:44:42 : t0:removeReplica

2023-01-30 04:44:47 : t0:removeReplica

2023-01-30 04:44:52 : t0:removeReplica

2023-01-30 04:44:57 : t0:removeReplica

2023-01-30 04:45:02 : t0:removeReplica

2023-01-30 04:45:07 : t0:removeReplica

2023-01-30 04:45:12 : t0:removeReplica

2023-01-30 04:45:17 : t0:removeReplica

2023-01-30 04:45:22 : t0:removeReplica

2023-01-30 04:45:27 : t0:removeReplica

2023-01-30 04:45:32 : t0:removeReplica

2023-01-30 04:45:37 : t0:removeReplica

2023-01-30 04:45:42 : t0:removeReplica

2023-01-30 04:45:47 : t0:removeReplica

2023-01-30 04:45:52 : t0:removeReplica

2023-01-30 04:45:57 : t0:removeReplica

2023-01-30 04:46:02 : t0:removeReplica

2023-01-30 04:46:07 : t0:removeReplica

2023-01-30 04:46:12 : t0:removeReplica

2023-01-30 04:46:17 : t0:removeReplica

2023-01-30 04:46:22 : t0:removeReplica

2023-01-30 04:46:27 : t0:removeReplica

2023-01-30 04:46:32 : t0:removeReplica

2023-01-30 04:46:37 : t0:removeReplica

2023-01-30 04:46:42 : t0:removeReplica

2023-01-30 04:46:47 : t0:removeReplica

2023-01-30 04:46:52 : t0:removeReplica

2023-01-30 04:46:57 : t0:removeReplica

2023-01-30 04:47:02 : t0:removeReplica

2023-01-30 04:47:07 : t0:removeReplica

2023-01-30 04:47:12 : t0:removeReplica

2023-01-30 04:47:17 : t0:removeReplica

2023-01-30 04:47:22 : t0:removeReplica

2023-01-30 04:47:27 : t0:removeReplica

2023-01-30 04:47:32 : t0:removeReplica

2023-01-30 04:47:37 : t0:removeReplica

2023-01-30 04:47:42 : t0:removeReplica

2023-01-30 04:47:47 : t0:removeReplica

2023-01-30 04:47:52 : t0:removeReplica

2023-01-30 04:47:57 : t0:removeReplica

2023-01-30 04:48:02 : t0:removeReplica

2023-01-30 04:48:07 : t0:removeReplica

2023-01-30 04:48:12 : t0:removeReplica

2023-01-30 04:48:17 : t0:removeReplica

2023-01-30 04:48:22 : t0:removeReplica

2023-01-30 04:48:27 : t0:removeReplica

2023-01-30 04:48:32 : t0:removeReplica

2023-01-30 04:48:37 : t0:removeReplica

2023-01-30 04:48:42 : t0:removeReplica

2023-01-30 04:48:47 : t0:removeReplica

2023-01-30 04:48:52 : t0:removeReplica

2023-01-30 04:48:57 : t0:removeReplica

2023-01-30 04:49:02 : t0:removeReplica

2023-01-30 04:49:07 : t0:removeReplica

2023-01-30 04:49:12 : t0:removeReplica

Reading file: summary-trace-znn.log
Reading file: temp
Reading file: temp2701
Reading file: test
Reading file: tools
Reading file: traceznn_20230130_013733.log

Trace znn data

{'name': 'kube-znn-db.173efb1c852673e0', 'type': 'Normal', 'message': 'Scaled up replica set kube-znn-db-558bb5dd64 to 1', 'dateevent': '2023-01-30 04:16:51+00:00', 'image': 'cmendes/znn:800k', 'replicas': 1, 'imageChanges': 0, 'replicasChanges': 1}

{'name': 'kube-znn.173efb1c8216ddaa', 'type': 'Normal', 'message': 'Scaled up replica set kube-znn-744bbbc54b to 1', 'dateevent': '2023-01-30 04:16:51+00:00', 'image': 'cmendes/znn:800k', 'replicas': 1, 'imageChanges': 0, 'replicasChanges': 1}

{'name': 'kube-znn.173efc3f885aa533', 'type': 'Normal', 'message': 'Scaled up replica set kube-znn-744bbbc54b to 2', 'dateevent': '2023-01-30 04:37:41+00:00', 'image': 'cmendes/znn:800k', 'replicas': 2, 'imageChanges': 0, 'replicasChanges': 2}

{'name': 'kube-znn.173efc406525ac22', 'type': 'Normal', 'message': 'Scaled up replica set kube-znn-744bbbc54b to 3', 'dateevent': '2023-01-30 04:37:44+00:00', 'image': 'cmendes/znn:800k', 'replicas': 3, 'imageChanges': 0, 'replicasChanges': 3}

{'name': 'kube-znn.173efc418f20baa5', 'type': 'Normal', 'message': 'Scaled up replica set kube-znn-744bbbc54b to 4', 'dateevent': '2023-01-30 04:37:49+00:00', 'image': 'cmendes/znn:800k', 'replicas': 4, 'imageChanges': 0, 'replicasChanges': 4}

{'name': 'kube-znn.173efc42b897b907', 'type': 'Normal', 'message': 'Scaled up replica set kube-znn-744bbbc54b to 5', 'dateevent': '2023-01-30 04:37:54+00:00', 'image': 'cmendes/znn:800k', 'replicas': 5, 'imageChanges': 0, 'replicasChanges': 5}

{'name': 'kube-znn.173efc43e1cdca35', 'type': 'Normal', 'message': 'Scaled up replica set kube-znn-744bbbc54b to 6', 'dateevent': '2023-01-30 04:37:59+00:00', 'image': 'cmendes/znn:800k', 'replicas': 6, 'imageChanges': 0, 'replicasChanges': 6}

{'name': 'kube-znn.173efc451269467f', 'type': 'Normal', 'message': 'Scaled up replica set kube-znn-744bbbc54b to 7', 'dateevent': '2023-01-30 04:38:05+00:00', 'image': 'cmendes/znn:800k', 'replicas': 7, 'imageChanges': 0, 'replicasChanges': 7}

{'name': 'kube-znn.173efc4636108083', 'type': 'Normal', 'message': 'Scaled up replica set kube-znn-744bbbc54b to 8', 'dateevent': '2023-01-30 04:38:09+00:00', 'image': 'cmendes/znn:800k', 'replicas': 8, 'imageChanges': 0, 'replicasChanges': 8}

{'name': 'kube-znn.173efc4761718b2c', 'type': 'Normal', 'message': 'Scaled up replica set kube-znn-744bbbc54b to 9', 'dateevent': '2023-01-30 04:38:14+00:00', 'image': 'cmendes/znn:800k', 'replicas': 9, 'imageChanges': 0, 'replicasChanges': 9}

{'name': 'kube-znn.173efc488a3b1cf9', 'type': 'Normal', 'message': 'Scaled up replica set kube-znn-744bbbc54b to 10', 'dateevent': '2023-01-30 04:38:19+00:00', 'image': 'cmendes/znn:800k', 'replicas': 10, 'imageChanges': 0, 'replicasChanges': 10}

{'name': 'kube-znn.173efc49e3a14783', 'type': 'Normal', 'message': '(combined from similar events): Scaled up replica set kube-znn-5c95bd98fb to 3', 'dateevent': '2023-01-30 04:38:25+00:00', 'image': 'cmendes/znn:600k', 'replicas': 10, 'imageChanges': 1, 'replicasChanges': 10}

{'name': 'kube-znn.173efc49e3a14783', 'type': 'Normal', 'message': '(combined from similar events): Scaled down replica set kube-znn-744bbbc54b to 8', 'dateevent': '2023-01-30 04:38:25+00:00', 'image': 'cmendes/znn:600k', 'replicas': 10, 'imageChanges': 1, 'replicasChanges': 10}

{'name': 'kube-znn.173efc49e3a14783', 'type': 'Normal', 'message': '(combined from similar events): Scaled up replica set kube-znn-5c95bd98fb to 5', 'dateevent': '2023-01-30 04:38:25+00:00', 'image': 'cmendes/znn:600k', 'replicas': 10, 'imageChanges': 1, 'replicasChanges': 10}

{'name': 'kube-znn.173efc49e3a14783', 'type': 'Normal', 'message': '(combined from similar events): Scaled down replica set kube-znn-744bbbc54b to 7', 'dateevent': '2023-01-30 04:38:25+00:00', 'image': 'cmendes/znn:600k', 'replicas': 10, 'imageChanges': 1, 'replicasChanges': 10}

{'name': 'kube-znn.173efc49e3a14783', 'type': 'Normal', 'message': '(combined from similar events): Scaled up replica set kube-znn-5c95bd98fb to 6', 'dateevent': '2023-01-30 04:38:25+00:00', 'image': 'cmendes/znn:600k', 'replicas': 10, 'imageChanges': 1, 'replicasChanges': 10}

{'name': 'kube-znn.173efc49e3a14783', 'type': 'Normal', 'message': '(combined from similar events): Scaled down replica set kube-znn-744bbbc54b to 6', 'dateevent': '2023-01-30 04:38:25+00:00', 'image': 'cmendes/znn:600k', 'replicas': 10, 'imageChanges': 1, 'replicasChanges': 10}

{'name': 'kube-znn.173efc49e3a14783', 'type': 'Normal', 'message': '(combined from similar events): Scaled up replica set kube-znn-5c95bd98fb to 7', 'dateevent': '2023-01-30 04:38:25+00:00', 'image': 'cmendes/znn:600k', 'replicas': 10, 'imageChanges': 1, 'replicasChanges': 10}

{'name': 'kube-znn.173efc49e3a14783', 'type': 'Normal', 'message': '(combined from similar events): Scaled down replica set kube-znn-5c95bd98fb to 3', 'dateevent': '2023-01-30 04:38:25+00:00', 'image': 'cmendes/znn:600k', 'replicas': 4, 'imageChanges': 1, 'replicasChanges': 11}

{'name': 'kube-znn.173efc49e3a14783', 'type': 'Normal', 'message': '(combined from similar events): Scaled down replica set kube-znn-744bbbc54b to 2', 'dateevent': '2023-01-30 04:38:25+00:00', 'image': 'cmendes/znn:600k', 'replicas': 4, 'imageChanges': 1, 'replicasChanges': 11}

{'name': 'kube-znn.173efc49e3a14783', 'type': 'Normal', 'message': '(combined from similar events): Scaled down replica set kube-znn-744bbbc54b to 1', 'dateevent': '2023-01-30 04:38:25+00:00', 'image': 'cmendes/znn:600k', 'replicas': 4, 'imageChanges': 1, 'replicasChanges': 11}

{'name': 'kube-znn.173efc49e3a14783', 'type': 'Normal', 'message': '(combined from similar events): Scaled up replica set kube-znn-5c95bd98fb to 4', 'dateevent': '2023-01-30 04:38:25+00:00', 'image': 'cmendes/znn:600k', 'replicas': 4, 'imageChanges': 1, 'replicasChanges': 11}

{'name': 'kube-znn.173efc49e3a14783', 'type': 'Normal', 'message': '(combined from similar events): Scaled down replica set kube-znn-744bbbc54b to 0', 'dateevent': '2023-01-30 04:38:25+00:00', 'image': 'cmendes/znn:600k', 'replicas': 4, 'imageChanges': 1, 'replicasChanges': 11}

Reading file: VersionA-Monolithic
Reading file: VersionB-MicroControllers
Reading file: VersionC-WithFailureManagerMetaController
Reading file: VersionC-ZTemp
