Reading file: ALong10
Reading file: ALong10.7z
Reading file: automatingDataGeneration.sh
Reading file: BLong10
Reading file: BLong10_parte1.7z
Reading file: BLong10_parte2.7z
Reading file: BLong10_parte3.7z
Reading file: BShort10
Reading file: BShort10.7z
Reading file: CLong10
Reading file: CLong10.7z
Reading file: CShort10
Reading file: CShort10.7z
Reading file: Evaluation-ZNN.7z
Reading file: generateLogs001310
Reading file: generateLogs002901
Reading file: generateLogs004339
Reading file: generateLogs005901
Reading file: generateLogs011406
Reading file: generateLogs012752
Reading file: generateLogs014157
Reading file: generateLogs2.sh
Reading file: k6-svbdg_tracing_20230201_015151.log
Reading file: kubow-548bb5f4b4-ks7r4_tracing_20230201_015151.log

Kubow data

2023-02-01 04:52:04 : t0:addReplica

2023-02-01 04:52:09 : t0:addReplica

2023-02-01 04:52:14 : t0:addReplica

2023-02-01 04:52:19 : t0:addReplica

2023-02-01 04:52:24 : t0:addReplica

2023-02-01 04:52:29 : t0:addReplica

2023-02-01 04:52:34 : t0:addReplica

2023-02-01 04:52:39 : t0:addReplica

2023-02-01 04:52:44 : t0:addReplica

2023-02-01 04:52:49 : t1:lowerFidelity

2023-02-01 04:52:59 : t1:lowerFidelity

2023-02-01 04:53:04 : t0:activateLowScalabilityHighQuality

2023-02-01 04:53:24 : t0:addReplica

2023-02-01 04:53:29 : t0:addReplica

2023-02-01 04:53:34 : t0:addReplica

2023-02-01 04:53:39 : t0:addReplica

2023-02-01 04:53:44 : t0:addReplica

2023-02-01 04:53:49 : t0:activateLowScalabilityHighQuality

2023-02-01 04:54:24 : t1:raiseFidelity

2023-02-01 04:54:29 : t0:removeReplica

Reading file: README.md
Reading file: summary-trace-znn.log
Reading file: temp
Reading file: temp2701
Reading file: temp3101
Reading file: test
Reading file: tools
Reading file: traceznn_20230201_015151.log

Trace znn data

{'name': 'kube-znn-db.173f99e6a4b7ccee', 'type': 'Normal', 'message': 'Scaled up replica set kube-znn-db-6dd8968475 to 1', 'dateevent': '2023-02-01 04:46:42+00:00', 'image': 'cmendes/znn:800k', 'replicas': 1, 'imageChanges': 0, 'replicasChanges': 1}

{'name': 'kube-znn.173f99e6a2705f91', 'type': 'Normal', 'message': 'Scaled up replica set kube-znn-5fb97667db to 1', 'dateevent': '2023-02-01 04:46:42+00:00', 'image': 'cmendes/znn:800k', 'replicas': 1, 'imageChanges': 0, 'replicasChanges': 1}

{'name': 'kube-znn.173f9a31e7eb2ad2', 'type': 'Normal', 'message': 'Scaled up replica set kube-znn-5fb97667db to 2', 'dateevent': '2023-02-01 04:52:05+00:00', 'image': 'cmendes/znn:800k', 'replicas': 2, 'imageChanges': 0, 'replicasChanges': 2}

{'name': 'kube-znn.173f9a32c3209ccc', 'type': 'Normal', 'message': 'Scaled up replica set kube-znn-5fb97667db to 3', 'dateevent': '2023-02-01 04:52:09+00:00', 'image': 'cmendes/znn:800k', 'replicas': 3, 'imageChanges': 0, 'replicasChanges': 3}

{'name': 'kube-znn.173f9a33ed175ad4', 'type': 'Normal', 'message': 'Scaled up replica set kube-znn-5fb97667db to 4', 'dateevent': '2023-02-01 04:52:14+00:00', 'image': 'cmendes/znn:800k', 'replicas': 4, 'imageChanges': 0, 'replicasChanges': 4}

{'name': 'kube-znn.173f9a351744808d', 'type': 'Normal', 'message': 'Scaled up replica set kube-znn-5fb97667db to 5', 'dateevent': '2023-02-01 04:52:19+00:00', 'image': 'cmendes/znn:800k', 'replicas': 5, 'imageChanges': 0, 'replicasChanges': 5}

{'name': 'kube-znn.173f9a363c3f08ab', 'type': 'Normal', 'message': 'Scaled up replica set kube-znn-5fb97667db to 6', 'dateevent': '2023-02-01 04:52:24+00:00', 'image': 'cmendes/znn:800k', 'replicas': 6, 'imageChanges': 0, 'replicasChanges': 6}

{'name': 'kube-znn.173f9a3767271af9', 'type': 'Normal', 'message': 'Scaled up replica set kube-znn-5fb97667db to 7', 'dateevent': '2023-02-01 04:52:29+00:00', 'image': 'cmendes/znn:800k', 'replicas': 7, 'imageChanges': 0, 'replicasChanges': 7}

{'name': 'kube-znn.173f9a3890524c29', 'type': 'Normal', 'message': 'Scaled up replica set kube-znn-5fb97667db to 8', 'dateevent': '2023-02-01 04:52:34+00:00', 'image': 'cmendes/znn:800k', 'replicas': 8, 'imageChanges': 0, 'replicasChanges': 8}

{'name': 'kube-znn.173f9a39bfa99f41', 'type': 'Normal', 'message': 'Scaled up replica set kube-znn-5fb97667db to 9', 'dateevent': '2023-02-01 04:52:39+00:00', 'image': 'cmendes/znn:800k', 'replicas': 9, 'imageChanges': 0, 'replicasChanges': 9}

{'name': 'kube-znn.173f9a3ae2a1b6c1', 'type': 'Normal', 'message': '(combined from similar events): Scaled up replica set kube-znn-5fb97667db to 10', 'dateevent': '2023-02-01 04:52:44+00:00', 'image': 'cmendes/znn:800k', 'replicas': 10, 'imageChanges': 0, 'replicasChanges': 10}

{'name': 'kube-znn.173f9a3ae2a1b6c1', 'type': 'Normal', 'message': '(combined from similar events): Scaled up replica set kube-znn-6978979d84 to 3', 'dateevent': '2023-02-01 04:52:44+00:00', 'image': 'cmendes/znn:600k', 'replicas': 10, 'imageChanges': 1, 'replicasChanges': 10}

{'name': 'kube-znn.173f9a3ae2a1b6c1', 'type': 'Normal', 'message': '(combined from similar events): Scaled down replica set kube-znn-5fb97667db to 9', 'dateevent': '2023-02-01 04:52:44+00:00', 'image': 'cmendes/znn:600k', 'replicas': 10, 'imageChanges': 1, 'replicasChanges': 10}

{'name': 'kube-znn.173f9a3ae2a1b6c1', 'type': 'Normal', 'message': '(combined from similar events): Scaled down replica set kube-znn-5fb97667db to 8', 'dateevent': '2023-02-01 04:52:44+00:00', 'image': 'cmendes/znn:600k', 'replicas': 10, 'imageChanges': 1, 'replicasChanges': 10}

{'name': 'kube-znn.173f9a3ae2a1b6c1', 'type': 'Normal', 'message': '(combined from similar events): Scaled up replica set kube-znn-6978979d84 to 5', 'dateevent': '2023-02-01 04:52:44+00:00', 'image': 'cmendes/znn:600k', 'replicas': 10, 'imageChanges': 1, 'replicasChanges': 10}

{'name': 'kube-znn.173f9a3ae2a1b6c1', 'type': 'Normal', 'message': '(combined from similar events): Scaled down replica set kube-znn-5fb97667db to 7', 'dateevent': '2023-02-01 04:52:44+00:00', 'image': 'cmendes/znn:600k', 'replicas': 10, 'imageChanges': 1, 'replicasChanges': 10}

{'name': 'kube-znn.173f9a3ae2a1b6c1', 'type': 'Normal', 'message': '(combined from similar events): Scaled up replica set kube-znn-6978979d84 to 6', 'dateevent': '2023-02-01 04:52:44+00:00', 'image': 'cmendes/znn:600k', 'replicas': 10, 'imageChanges': 1, 'replicasChanges': 10}

{'name': 'kube-znn.173f9a3ae2a1b6c1', 'type': 'Normal', 'message': '(combined from similar events): Scaled down replica set kube-znn-6978979d84 to 1', 'dateevent': '2023-02-01 04:52:44+00:00', 'image': 'cmendes/znn:400k', 'replicas': 10, 'imageChanges': 2, 'replicasChanges': 10}

{'name': 'kube-znn.173f9a3ae2a1b6c1', 'type': 'Normal', 'message': '(combined from similar events): Scaled up replica set kube-znn-f8d56c578 to 5', 'dateevent': '2023-02-01 04:52:44+00:00', 'image': 'cmendes/znn:400k', 'replicas': 10, 'imageChanges': 2, 'replicasChanges': 10}

{'name': 'kube-znn.173f9a3ae2a1b6c1', 'type': 'Normal', 'message': '(combined from similar events): Scaled down replica set kube-znn-5fb97667db to 3', 'dateevent': '2023-02-01 04:52:44+00:00', 'image': 'cmendes/znn:400k', 'replicas': 5, 'imageChanges': 2, 'replicasChanges': 11}

{'name': 'kube-znn.173f9a3ae2a1b6c1', 'type': 'Normal', 'message': '(combined from similar events): Scaled down replica set kube-znn-f8d56c578 to 3', 'dateevent': '2023-02-01 04:52:44+00:00', 'image': 'cmendes/znn:400k', 'replicas': 5, 'imageChanges': 2, 'replicasChanges': 11}

{'name': 'kube-znn.173f9a3ae2a1b6c1', 'type': 'Normal', 'message': '(combined from similar events): Scaled down replica set kube-znn-5fb97667db to 2', 'dateevent': '2023-02-01 04:52:44+00:00', 'image': 'cmendes/znn:400k', 'replicas': 5, 'imageChanges': 2, 'replicasChanges': 11}

{'name': 'kube-znn.173f9a3ae2a1b6c1', 'type': 'Normal', 'message': '(combined from similar events): Scaled up replica set kube-znn-f8d56c578 to 4', 'dateevent': '2023-02-01 04:52:44+00:00', 'image': 'cmendes/znn:400k', 'replicas': 5, 'imageChanges': 2, 'replicasChanges': 11}

{'name': 'kube-znn.173f9a3ae2a1b6c1', 'type': 'Normal', 'message': '(combined from similar events): Scaled down replica set kube-znn-5fb97667db to 1', 'dateevent': '2023-02-01 04:52:44+00:00', 'image': 'cmendes/znn:400k', 'replicas': 5, 'imageChanges': 2, 'replicasChanges': 11}

{'name': 'kube-znn.173f9a42c027204b', 'type': 'Normal', 'message': 'Scaled up replica set kube-znn-f8d56c578 to 5', 'dateevent': '2023-02-01 04:53:17+00:00', 'image': 'cmendes/znn:400k', 'replicas': 5, 'imageChanges': 2, 'replicasChanges': 11}

{'name': 'kube-znn.173f9a3ae2a1b6c1', 'type': 'Normal', 'message': '(combined from similar events): Scaled down replica set kube-znn-5fb97667db to 0', 'dateevent': '2023-02-01 04:52:44+00:00', 'image': 'cmendes/znn:400k', 'replicas': 5, 'imageChanges': 2, 'replicasChanges': 11}

{'name': 'kube-znn.173f9a3ae2a1b6c1', 'type': 'Normal', 'message': '(combined from similar events): Scaled down replica set kube-znn-6978979d84 to 0', 'dateevent': '2023-02-01 04:52:44+00:00', 'image': 'cmendes/znn:400k', 'replicas': 5, 'imageChanges': 2, 'replicasChanges': 11}

Reading file: VersionA-Monolithic
Reading file: VersionB-MicroControllers
Reading file: VersionC-WithFailureManagerMetaController
Reading file: VersionC-ZTemp
