Reading file: automatingDataGeneration.sh
Reading file: CLong10
Reading file: CLong10.7z
Reading file: Evaluation-ZNN.7z
Reading file: fidelitya-778c6c6b8b-jbxl6_tracing_20230128_203938.log

fidelitya data

2023-01-28 23:42:45 : t0:raiseFidelity

2023-01-28 23:42:50 : t0:raiseFidelity

2023-01-28 23:43:20 : t0:raiseFidelity

2023-01-28 23:43:25 : t0:raiseFidelity

2023-01-28 23:43:30 : t0:raiseFidelity

2023-01-28 23:43:35 : t0:raiseFidelity

2023-01-28 23:43:40 : t0:raiseFidelity

2023-01-28 23:43:45 : t0:raiseFidelity

2023-01-28 23:43:50 : t0:raiseFidelity

2023-01-28 23:43:55 : t0:raiseFidelity

2023-01-28 23:44:00 : t0:raiseFidelity

2023-01-28 23:44:05 : t0:raiseFidelity

2023-01-28 23:44:10 : t0:raiseFidelity

2023-01-28 23:44:15 : t0:raiseFidelity

2023-01-28 23:44:20 : t0:raiseFidelity

2023-01-28 23:44:25 : t0:raiseFidelity

2023-01-28 23:45:00 : t0:raiseFidelity

2023-01-28 23:45:05 : t0:raiseFidelity

2023-01-28 23:45:35 : t0:raiseFidelity

2023-01-28 23:45:40 : t0:raiseFidelity

2023-01-28 23:45:45 : t0:raiseFidelity

2023-01-28 23:45:50 : t0:raiseFidelity

2023-01-28 23:45:55 : t0:raiseFidelity

2023-01-28 23:46:00 : t0:raiseFidelity

2023-01-28 23:46:05 : t0:raiseFidelity

2023-01-28 23:46:10 : t0:raiseFidelity

2023-01-28 23:46:15 : t0:raiseFidelity

2023-01-28 23:46:20 : t0:raiseFidelity

2023-01-28 23:46:25 : t0:raiseFidelity

2023-01-28 23:46:30 : t0:raiseFidelity

2023-01-28 23:46:35 : t0:raiseFidelity

2023-01-28 23:46:40 : t0:raiseFidelity

2023-01-28 23:46:45 : t0:raiseFidelity

2023-01-28 23:46:50 : t0:raiseFidelity

2023-01-28 23:46:55 : t0:raiseFidelity

2023-01-28 23:47:00 : t0:raiseFidelity

2023-01-28 23:47:05 : t0:raiseFidelity

2023-01-28 23:47:10 : t0:raiseFidelity

2023-01-28 23:47:15 : t0:raiseFidelity

2023-01-28 23:47:20 : t0:raiseFidelity

2023-01-28 23:47:25 : t0:raiseFidelity

2023-01-28 23:47:30 : t0:raiseFidelity

2023-01-28 23:47:35 : t0:raiseFidelity

2023-01-28 23:47:40 : t0:raiseFidelity

2023-01-28 23:47:45 : t0:raiseFidelity

2023-01-28 23:47:50 : t0:raiseFidelity

2023-01-28 23:47:55 : t0:raiseFidelity

2023-01-28 23:48:00 : t0:raiseFidelity

2023-01-28 23:48:05 : t0:raiseFidelity

2023-01-28 23:48:10 : t0:raiseFidelity

2023-01-28 23:48:15 : t0:raiseFidelity

2023-01-28 23:48:20 : t0:raiseFidelity

2023-01-28 23:48:25 : t0:raiseFidelity

2023-01-28 23:48:30 : t0:raiseFidelity

2023-01-28 23:48:35 : t0:raiseFidelity

2023-01-28 23:48:40 : t0:raiseFidelity

2023-01-28 23:48:45 : t0:raiseFidelity

2023-01-28 23:48:50 : t0:raiseFidelity

2023-01-28 23:48:55 : t0:raiseFidelity

2023-01-28 23:49:00 : t0:raiseFidelity

2023-01-28 23:49:05 : t0:raiseFidelity

2023-01-28 23:49:10 : t0:raiseFidelity

2023-01-28 23:49:15 : t0:raiseFidelity

2023-01-28 23:49:20 : t0:raiseFidelity

2023-01-28 23:49:25 : t0:raiseFidelity

2023-01-28 23:49:30 : t0:raiseFidelity

2023-01-28 23:49:35 : t0:raiseFidelity

2023-01-28 23:49:40 : t0:raiseFidelity

2023-01-28 23:49:45 : t0:raiseFidelity

2023-01-28 23:49:50 : t0:raiseFidelity

2023-01-28 23:49:55 : t0:raiseFidelity

2023-01-28 23:50:00 : t0:raiseFidelity

2023-01-28 23:50:05 : t0:raiseFidelity

2023-01-28 23:50:10 : t0:raiseFidelity

2023-01-28 23:50:15 : t0:raiseFidelity

2023-01-28 23:50:20 : t0:raiseFidelity

2023-01-28 23:50:25 : t0:raiseFidelity

2023-01-28 23:50:30 : t0:raiseFidelity

2023-01-28 23:50:35 : t0:raiseFidelity

2023-01-28 23:50:40 : t0:raiseFidelity

2023-01-28 23:50:45 : t0:raiseFidelity

2023-01-28 23:50:50 : t0:raiseFidelity

2023-01-28 23:50:55 : t0:raiseFidelity

2023-01-28 23:51:00 : t0:raiseFidelity

Reading file: generateLogs121929
Reading file: generateLogs124558
Reading file: generateLogs131507
Reading file: generateLogs134342
Reading file: generateLogs140938
Reading file: generateLogs144032
Reading file: generateLogs150618
Reading file: generateLogs153301
Reading file: generateLogs155714
Reading file: generateLogs162553
Reading file: generateLogs164354
Reading file: generateLogs171441
Reading file: generateLogs174448
Reading file: generateLogs181031
Reading file: generateLogs184508
Reading file: generateLogs190356
Reading file: generateLogs192553
Reading file: generateLogs195446
Reading file: generateLogs2.sh
Reading file: generateLogs202030
Reading file: k6-hvwmk_tracing_20230128_203938.log
Reading file: metacontroller-kubow-8479d7588d-qtt7s_tracing_20230128_203938.log

MetaController data

2023-01-28 23:40:37 : t0:activateLowScalabilityHighQuality

2023-01-28 23:40:47 : t0:addLowScalabilityLowQuality

2023-01-28 23:42:12 : t0:addHighScalabilityHighQuality

Reading file: README.md
Reading file: scalabilitya-78d6cbbc7d-cp5z2_tracing_20230128_203938.log

scalabilitya data

2023-01-28 23:42:47 : t0:removeReplica

2023-01-28 23:44:22 : t0:removeReplica

2023-01-28 23:44:27 : t0:removeReplica

2023-01-28 23:45:02 : t0:removeReplica

Reading file: summary-trace-znn.log
Reading file: temp
Reading file: temp2701
Reading file: test
Reading file: tools
Reading file: traceznn_20230128_203938.log

Trace znn data

{'name': 'kube-znn-db.173e9c938691c58e', 'type': 'Normal', 'message': 'Scaled up replica set kube-znn-db-6cc48797cf to 1', 'dateevent': '2023-01-28 23:24:28+00:00', 'image': 'cmendes/znn:800k', 'replicas': 1, 'imageChanges': 0, 'replicasChanges': 1}

{'name': 'kube-znn.173e9c9383efc15f', 'type': 'Normal', 'message': 'Scaled up replica set kube-znn-68bd9d6b5b to 1', 'dateevent': '2023-01-28 23:24:28+00:00', 'image': 'cmendes/znn:800k', 'replicas': 1, 'imageChanges': 0, 'replicasChanges': 1}

{'name': 'kube-znn.173e9d6956c1e5f7', 'type': 'Normal', 'message': 'Scaled up replica set kube-znn-68bd9d6b5b to 2', 'dateevent': '2023-01-28 23:39:47+00:00', 'image': 'cmendes/znn:800k', 'replicas': 2, 'imageChanges': 0, 'replicasChanges': 2}

{'name': 'kube-znn.173e9d6b6306eae9', 'type': 'Normal', 'message': 'Scaled up replica set kube-znn-68bd9d6b5b to 3', 'dateevent': '2023-01-28 23:39:55+00:00', 'image': 'cmendes/znn:800k', 'replicas': 3, 'imageChanges': 0, 'replicasChanges': 3}

{'name': 'kube-znn.173e9d6c8c35d0b5', 'type': 'Normal', 'message': 'Scaled up replica set kube-znn-68bd9d6b5b to 4', 'dateevent': '2023-01-28 23:40:00+00:00', 'image': 'cmendes/znn:800k', 'replicas': 4, 'imageChanges': 0, 'replicasChanges': 4}

{'name': 'kube-znn.173e9d6dbbf91681', 'type': 'Normal', 'message': 'Scaled up replica set kube-znn-68bd9d6b5b to 5', 'dateevent': '2023-01-28 23:40:06+00:00', 'image': 'cmendes/znn:800k', 'replicas': 5, 'imageChanges': 0, 'replicasChanges': 5}

{'name': 'kube-znn.173e9d6edff9ae1f', 'type': 'Normal', 'message': 'Scaled up replica set kube-znn-68bd9d6b5b to 6', 'dateevent': '2023-01-28 23:40:10+00:00', 'image': 'cmendes/znn:800k', 'replicas': 6, 'imageChanges': 0, 'replicasChanges': 6}

{'name': 'kube-znn.173e9d700aa29c23', 'type': 'Normal', 'message': 'Scaled up replica set kube-znn-68bd9d6b5b to 7', 'dateevent': '2023-01-28 23:40:15+00:00', 'image': 'cmendes/znn:800k', 'replicas': 7, 'imageChanges': 0, 'replicasChanges': 7}

{'name': 'kube-znn.173e9d7133ab91d3', 'type': 'Normal', 'message': 'Scaled up replica set kube-znn-68bd9d6b5b to 8', 'dateevent': '2023-01-28 23:40:20+00:00', 'image': 'cmendes/znn:800k', 'replicas': 8, 'imageChanges': 0, 'replicasChanges': 8}

{'name': 'kube-znn.173e9d725e64c3c7', 'type': 'Normal', 'message': 'Scaled up replica set kube-znn-68bd9d6b5b to 9', 'dateevent': '2023-01-28 23:40:25+00:00', 'image': 'cmendes/znn:800k', 'replicas': 9, 'imageChanges': 0, 'replicasChanges': 9}

{'name': 'kube-znn.173e9d738ade511f', 'type': 'Normal', 'message': 'Scaled up replica set kube-znn-68bd9d6b5b to 10', 'dateevent': '2023-01-28 23:40:31+00:00', 'image': 'cmendes/znn:800k', 'replicas': 10, 'imageChanges': 0, 'replicasChanges': 10}

{'name': 'kube-znn.173e9d74837f6fa6', 'type': 'Normal', 'message': '(combined from similar events): Scaled up replica set kube-znn-7cbbf89f8 to 3', 'dateevent': '2023-01-28 23:40:35+00:00', 'image': 'cmendes/znn:600k', 'replicas': 10, 'imageChanges': 1, 'replicasChanges': 10}

{'name': 'kube-znn.173e9d74837f6fa6', 'type': 'Normal', 'message': '(combined from similar events): Scaled down replica set kube-znn-68bd9d6b5b to 8', 'dateevent': '2023-01-28 23:40:35+00:00', 'image': 'cmendes/znn:600k', 'replicas': 10, 'imageChanges': 1, 'replicasChanges': 10}

{'name': 'kube-znn.173e9d74837f6fa6', 'type': 'Normal', 'message': '(combined from similar events): Scaled up replica set kube-znn-7cbbf89f8 to 5', 'dateevent': '2023-01-28 23:40:35+00:00', 'image': 'cmendes/znn:600k', 'replicas': 10, 'imageChanges': 1, 'replicasChanges': 10}

{'name': 'kube-znn.173e9d74837f6fa6', 'type': 'Normal', 'message': '(combined from similar events): Scaled down replica set kube-znn-68bd9d6b5b to 7', 'dateevent': '2023-01-28 23:40:35+00:00', 'image': 'cmendes/znn:600k', 'replicas': 10, 'imageChanges': 1, 'replicasChanges': 10}

{'name': 'kube-znn.173e9d74837f6fa6', 'type': 'Normal', 'message': '(combined from similar events): Scaled up replica set kube-znn-7cbbf89f8 to 6', 'dateevent': '2023-01-28 23:40:35+00:00', 'image': 'cmendes/znn:600k', 'replicas': 10, 'imageChanges': 1, 'replicasChanges': 10}

{'name': 'kube-znn.173e9d74837f6fa6', 'type': 'Normal', 'message': '(combined from similar events): Scaled down replica set kube-znn-68bd9d6b5b to 3', 'dateevent': '2023-01-28 23:40:35+00:00', 'image': 'cmendes/znn:600k', 'replicas': 4, 'imageChanges': 1, 'replicasChanges': 11}

{'name': 'kube-znn.173e9d74837f6fa6', 'type': 'Normal', 'message': '(combined from similar events): Scaled down replica set kube-znn-7cbbf89f8 to 2', 'dateevent': '2023-01-28 23:40:35+00:00', 'image': 'cmendes/znn:600k', 'replicas': 4, 'imageChanges': 1, 'replicasChanges': 11}

{'name': 'kube-znn.173e9d74837f6fa6', 'type': 'Normal', 'message': '(combined from similar events): Scaled down replica set kube-znn-68bd9d6b5b to 2', 'dateevent': '2023-01-28 23:40:35+00:00', 'image': 'cmendes/znn:600k', 'replicas': 4, 'imageChanges': 1, 'replicasChanges': 11}

{'name': 'kube-znn.173e9d74837f6fa6', 'type': 'Normal', 'message': '(combined from similar events): Scaled up replica set kube-znn-7cbbf89f8 to 3', 'dateevent': '2023-01-28 23:40:35+00:00', 'image': 'cmendes/znn:600k', 'replicas': 4, 'imageChanges': 1, 'replicasChanges': 11}

{'name': 'kube-znn.173e9d74837f6fa6', 'type': 'Normal', 'message': '(combined from similar events): Scaled down replica set kube-znn-7cbbf89f8 to 1', 'dateevent': '2023-01-28 23:40:35+00:00', 'image': 'cmendes/znn:200k', 'replicas': 4, 'imageChanges': 2, 'replicasChanges': 11}

{'name': 'kube-znn.173e9d74837f6fa6', 'type': 'Normal', 'message': '(combined from similar events): Scaled up replica set kube-znn-86cccc748b to 2', 'dateevent': '2023-01-28 23:40:35+00:00', 'image': 'cmendes/znn:200k', 'replicas': 4, 'imageChanges': 2, 'replicasChanges': 11}

{'name': 'kube-znn.173e9d74837f6fa6', 'type': 'Normal', 'message': '(combined from similar events): Scaled down replica set kube-znn-68bd9d6b5b to 1', 'dateevent': '2023-01-28 23:40:35+00:00', 'image': 'cmendes/znn:200k', 'replicas': 4, 'imageChanges': 2, 'replicasChanges': 11}

{'name': 'kube-znn.173e9d74837f6fa6', 'type': 'Normal', 'message': '(combined from similar events): Scaled up replica set kube-znn-86cccc748b to 3', 'dateevent': '2023-01-28 23:40:35+00:00', 'image': 'cmendes/znn:200k', 'replicas': 4, 'imageChanges': 2, 'replicasChanges': 11}

{'name': 'kube-znn.173e9d74837f6fa6', 'type': 'Normal', 'message': '(combined from similar events): Scaled down replica set kube-znn-7cbbf89f8 to 0', 'dateevent': '2023-01-28 23:40:35+00:00', 'image': 'cmendes/znn:200k', 'replicas': 4, 'imageChanges': 2, 'replicasChanges': 11}

{'name': 'kube-znn.173e9d74837f6fa6', 'type': 'Normal', 'message': '(combined from similar events): Scaled up replica set kube-znn-86cccc748b to 4', 'dateevent': '2023-01-28 23:40:35+00:00', 'image': 'cmendes/znn:200k', 'replicas': 4, 'imageChanges': 2, 'replicasChanges': 11}

{'name': 'kube-znn.173e9d74837f6fa6', 'type': 'Normal', 'message': '(combined from similar events): Scaled down replica set kube-znn-86cccc748b to 2', 'dateevent': '2023-01-28 23:40:35+00:00', 'image': 'cmendes/znn:800k', 'replicas': 4, 'imageChanges': 3, 'replicasChanges': 11}

{'name': 'kube-znn.173e9db2d7d3af78', 'type': 'Normal', 'message': 'Scaled down replica set kube-znn-68bd9d6b5b to 1', 'dateevent': '2023-01-28 23:45:02+00:00', 'image': 'cmendes/znn:800k', 'replicas': 1, 'imageChanges': 3, 'replicasChanges': 12}

Reading file: VersionA-Monolithic
Reading file: VersionB-MicroControllers
Reading file: VersionC-WithFailureManagerMetaController
Reading file: VersionC-ZTemp
