Reading file: automatingDataGeneration.sh
Reading file: BLong10
Reading file: BLong10_parte1.7z
Reading file: BLong10_parte2.7z
Reading file: BLong10_parte3.7z
Reading file: BShort10
Reading file: BShort10.7z
Reading file: CLong10
Reading file: CLong10.7z
Reading file: CShort10
Reading file: CShort10.7z
Reading file: Evaluation-ZNN.7z
Reading file: generateLogs140341
Reading file: generateLogs141805
Reading file: generateLogs144106
Reading file: generateLogs165212
Reading file: generateLogs170658
Reading file: generateLogs172134
Reading file: generateLogs173719
Reading file: generateLogs175129
Reading file: generateLogs180606
Reading file: generateLogs182644
Reading file: generateLogs184100
Reading file: generateLogs190122
Reading file: generateLogs192036
Reading file: generateLogs193534
Reading file: generateLogs195105
Reading file: generateLogs2.sh
Reading file: generateLogs200634
Reading file: generateLogs202058
Reading file: generateLogs203550
Reading file: k6-mhk82_tracing_20230131_204429.log
Reading file: kubow-548bb5f4b4-clbxt_tracing_20230131_204429.log

Kubow data

2023-01-31 23:44:37 : t0:addReplica

2023-01-31 23:44:42 : t0:addReplica

2023-01-31 23:44:47 : t0:addReplica

2023-01-31 23:44:52 : t0:addReplica

2023-01-31 23:44:57 : t0:addReplica

2023-01-31 23:45:02 : t0:addReplica

2023-01-31 23:45:07 : t0:addReplica

2023-01-31 23:45:12 : t0:addReplica

2023-01-31 23:45:17 : t0:addReplica

2023-01-31 23:45:22 : t1:lowerFidelity

2023-01-31 23:45:32 : t1:lowerFidelity

2023-01-31 23:45:37 : t1:lowerFidelity

2023-01-31 23:45:42 : t1:lowerFidelity

2023-01-31 23:45:47 : t1:lowerFidelity

2023-01-31 23:45:52 : t1:lowerFidelity

2023-01-31 23:45:57 : t1:lowerFidelity

2023-01-31 23:46:02 : t1:lowerFidelity

2023-01-31 23:46:07 : t1:lowerFidelity

2023-01-31 23:46:12 : t1:lowerFidelity

2023-01-31 23:46:17 : t1:lowerFidelity

2023-01-31 23:46:22 : t1:lowerFidelity

2023-01-31 23:46:27 : t1:lowerFidelity

2023-01-31 23:46:32 : t1:lowerFidelity

2023-01-31 23:46:37 : t1:lowerFidelity

2023-01-31 23:46:42 : t1:lowerFidelity

2023-01-31 23:46:47 : t1:lowerFidelity

2023-01-31 23:46:52 : t1:lowerFidelity

2023-01-31 23:46:57 : t1:lowerFidelity

2023-01-31 23:47:02 : t1:lowerFidelity

2023-01-31 23:47:07 : t1:lowerFidelity

2023-01-31 23:47:12 : t1:lowerFidelity

2023-01-31 23:47:17 : t1:lowerFidelity

2023-01-31 23:47:22 : t1:lowerFidelity

2023-01-31 23:47:27 : t1:lowerFidelity

2023-01-31 23:47:32 : t1:lowerFidelity

2023-01-31 23:47:37 : t1:lowerFidelity

2023-01-31 23:47:42 : t1:lowerFidelity

2023-01-31 23:47:47 : t1:lowerFidelity

2023-01-31 23:47:52 : t1:lowerFidelity

2023-01-31 23:47:57 : t1:lowerFidelity

2023-01-31 23:48:02 : t1:lowerFidelity

2023-01-31 23:48:07 : t1:lowerFidelity

2023-01-31 23:48:12 : t1:lowerFidelity

2023-01-31 23:48:17 : t1:lowerFidelity

2023-01-31 23:48:22 : t1:lowerFidelity

2023-01-31 23:48:27 : t1:lowerFidelity

2023-01-31 23:48:32 : t1:lowerFidelity

2023-01-31 23:48:37 : t1:lowerFidelity

2023-01-31 23:48:42 : t1:lowerFidelity

2023-01-31 23:48:47 : t0:addLowScalabilityLowQuality

2023-01-31 23:49:42 : t0:removeReplica

2023-01-31 23:49:47 : t1:raiseFidelity

2023-01-31 23:50:22 : t0:removeReplica

2023-01-31 23:50:57 : t1:raiseFidelity

Reading file: README.md
Reading file: summary-trace-znn.log
Reading file: temp
Reading file: temp2701
Reading file: temp3101
Reading file: test
Reading file: tools
Reading file: traceznn_20230131_204429.log

Trace znn data

{'name': 'kube-znn-db.173f892df3491dee', 'type': 'Normal', 'message': 'Scaled up replica set kube-znn-db-6dd8968475 to 1', 'dateevent': '2023-01-31 23:40:16+00:00', 'image': 'cmendes/znn:800k', 'replicas': 1, 'imageChanges': 0, 'replicasChanges': 1}

{'name': 'kube-znn.173f892df2067c21', 'type': 'Normal', 'message': 'Scaled up replica set kube-znn-5fb97667db to 1', 'dateevent': '2023-01-31 23:40:16+00:00', 'image': 'cmendes/znn:800k', 'replicas': 1, 'imageChanges': 0, 'replicasChanges': 1}

{'name': 'kube-znn.173f896b07808781', 'type': 'Normal', 'message': 'Scaled up replica set kube-znn-5fb97667db to 2', 'dateevent': '2023-01-31 23:44:39+00:00', 'image': 'cmendes/znn:800k', 'replicas': 2, 'imageChanges': 0, 'replicasChanges': 2}

{'name': 'kube-znn.173f896be8064a5e', 'type': 'Normal', 'message': 'Scaled up replica set kube-znn-5fb97667db to 3', 'dateevent': '2023-01-31 23:44:42+00:00', 'image': 'cmendes/znn:800k', 'replicas': 3, 'imageChanges': 0, 'replicasChanges': 3}

{'name': 'kube-znn.173f896d11e3312c', 'type': 'Normal', 'message': 'Scaled up replica set kube-znn-5fb97667db to 4', 'dateevent': '2023-01-31 23:44:47+00:00', 'image': 'cmendes/znn:800k', 'replicas': 4, 'imageChanges': 0, 'replicasChanges': 4}

{'name': 'kube-znn.173f896e3b961de3', 'type': 'Normal', 'message': 'Scaled up replica set kube-znn-5fb97667db to 5', 'dateevent': '2023-01-31 23:44:52+00:00', 'image': 'cmendes/znn:800k', 'replicas': 5, 'imageChanges': 0, 'replicasChanges': 5}

{'name': 'kube-znn.173f896f61156cf4', 'type': 'Normal', 'message': 'Scaled up replica set kube-znn-5fb97667db to 6', 'dateevent': '2023-01-31 23:44:57+00:00', 'image': 'cmendes/znn:800k', 'replicas': 6, 'imageChanges': 0, 'replicasChanges': 6}

{'name': 'kube-znn.173f89708c6627fd', 'type': 'Normal', 'message': 'Scaled up replica set kube-znn-5fb97667db to 7', 'dateevent': '2023-01-31 23:45:02+00:00', 'image': 'cmendes/znn:800k', 'replicas': 7, 'imageChanges': 0, 'replicasChanges': 7}

{'name': 'kube-znn.173f8971b62055bd', 'type': 'Normal', 'message': 'Scaled up replica set kube-znn-5fb97667db to 8', 'dateevent': '2023-01-31 23:45:07+00:00', 'image': 'cmendes/znn:800k', 'replicas': 8, 'imageChanges': 0, 'replicasChanges': 8}

{'name': 'kube-znn.173f8972dfbe731f', 'type': 'Normal', 'message': 'Scaled up replica set kube-znn-5fb97667db to 9', 'dateevent': '2023-01-31 23:45:12+00:00', 'image': 'cmendes/znn:800k', 'replicas': 9, 'imageChanges': 0, 'replicasChanges': 9}

{'name': 'kube-znn.173f8974080aa7dd', 'type': 'Normal', 'message': '(combined from similar events): Scaled up replica set kube-znn-5fb97667db to 10', 'dateevent': '2023-01-31 23:45:17+00:00', 'image': 'cmendes/znn:800k', 'replicas': 10, 'imageChanges': 0, 'replicasChanges': 10}

{'name': 'kube-znn.173f8974080aa7dd', 'type': 'Normal', 'message': '(combined from similar events): Scaled up replica set kube-znn-6978979d84 to 3', 'dateevent': '2023-01-31 23:45:17+00:00', 'image': 'cmendes/znn:600k', 'replicas': 10, 'imageChanges': 1, 'replicasChanges': 10}

{'name': 'kube-znn.173f8974080aa7dd', 'type': 'Normal', 'message': '(combined from similar events): Scaled down replica set kube-znn-5fb97667db to 9', 'dateevent': '2023-01-31 23:45:17+00:00', 'image': 'cmendes/znn:600k', 'replicas': 10, 'imageChanges': 1, 'replicasChanges': 10}

{'name': 'kube-znn.173f8974080aa7dd', 'type': 'Normal', 'message': '(combined from similar events): Scaled down replica set kube-znn-5fb97667db to 8', 'dateevent': '2023-01-31 23:45:17+00:00', 'image': 'cmendes/znn:600k', 'replicas': 10, 'imageChanges': 1, 'replicasChanges': 10}

{'name': 'kube-znn.173f8974080aa7dd', 'type': 'Normal', 'message': '(combined from similar events): Scaled up replica set kube-znn-6978979d84 to 5', 'dateevent': '2023-01-31 23:45:17+00:00', 'image': 'cmendes/znn:600k', 'replicas': 10, 'imageChanges': 1, 'replicasChanges': 10}

{'name': 'kube-znn.173f8974080aa7dd', 'type': 'Normal', 'message': '(combined from similar events): Scaled down replica set kube-znn-6978979d84 to 0', 'dateevent': '2023-01-31 23:45:17+00:00', 'image': 'cmendes/znn:400k', 'replicas': 10, 'imageChanges': 2, 'replicasChanges': 10}

{'name': 'kube-znn.173f8974080aa7dd', 'type': 'Normal', 'message': '(combined from similar events): Scaled up replica set kube-znn-f8d56c578 to 5', 'dateevent': '2023-01-31 23:45:17+00:00', 'image': 'cmendes/znn:400k', 'replicas': 10, 'imageChanges': 2, 'replicasChanges': 10}

{'name': 'kube-znn.173f8974080aa7dd', 'type': 'Normal', 'message': '(combined from similar events): Scaled down replica set kube-znn-f8d56c578 to 0', 'dateevent': '2023-01-31 23:45:17+00:00', 'image': 'cmendes/znn:600k', 'replicas': 10, 'imageChanges': 3, 'replicasChanges': 10}

{'name': 'kube-znn.173f8978b396dc5f', 'type': 'Normal', 'message': 'Scaled up replica set kube-znn-6978979d84 to 5', 'dateevent': '2023-01-31 23:45:37+00:00', 'image': 'cmendes/znn:600k', 'replicas': 10, 'imageChanges': 3, 'replicasChanges': 10}

{'name': 'kube-znn.173f8978c4c51baf', 'type': 'Normal', 'message': 'Scaled down replica set kube-znn-6978979d84 to 0', 'dateevent': '2023-01-31 23:45:38+00:00', 'image': 'cmendes/znn:400k', 'replicas': 10, 'imageChanges': 4, 'replicasChanges': 10}

{'name': 'kube-znn.173f8974080aa7dd', 'type': 'Normal', 'message': '(combined from similar events): Scaled up replica set kube-znn-f8d56c578 to 5', 'dateevent': '2023-01-31 23:45:17+00:00', 'image': 'cmendes/znn:400k', 'replicas': 10, 'imageChanges': 4, 'replicasChanges': 10}

{'name': 'kube-znn.173f8979dbd8e856', 'type': 'Normal', 'message': 'Scaled down replica set kube-znn-f8d56c578 to 0', 'dateevent': '2023-01-31 23:45:42+00:00', 'image': 'cmendes/znn:600k', 'replicas': 10, 'imageChanges': 5, 'replicasChanges': 10}

{'name': 'kube-znn.173f8978b396dc5f', 'type': 'Normal', 'message': 'Scaled up replica set kube-znn-6978979d84 to 5', 'dateevent': '2023-01-31 23:45:37+00:00', 'image': 'cmendes/znn:600k', 'replicas': 10, 'imageChanges': 5, 'replicasChanges': 10}

{'name': 'kube-znn.173f8978c4c51baf', 'type': 'Normal', 'message': 'Scaled down replica set kube-znn-6978979d84 to 0', 'dateevent': '2023-01-31 23:45:38+00:00', 'image': 'cmendes/znn:400k', 'replicas': 10, 'imageChanges': 6, 'replicasChanges': 10}

{'name': 'kube-znn.173f8979f03d9298', 'type': 'Normal', 'message': 'Scaled up replica set kube-znn-f8d56c578 to 5', 'dateevent': '2023-01-31 23:45:43+00:00', 'image': 'cmendes/znn:400k', 'replicas': 10, 'imageChanges': 6, 'replicasChanges': 10}

{'name': 'kube-znn.173f8979dbd8e856', 'type': 'Normal', 'message': 'Scaled down replica set kube-znn-f8d56c578 to 0', 'dateevent': '2023-01-31 23:45:42+00:00', 'image': 'cmendes/znn:600k', 'replicas': 10, 'imageChanges': 7, 'replicasChanges': 10}

{'name': 'kube-znn.173f8978b396dc5f', 'type': 'Normal', 'message': 'Scaled up replica set kube-znn-6978979d84 to 5', 'dateevent': '2023-01-31 23:45:37+00:00', 'image': 'cmendes/znn:600k', 'replicas': 10, 'imageChanges': 7, 'replicasChanges': 10}

{'name': 'kube-znn.173f8974080aa7dd', 'type': 'Normal', 'message': '(combined from similar events): Scaled down replica set kube-znn-5fb97667db to 3', 'dateevent': '2023-01-31 23:45:17+00:00', 'image': 'cmendes/znn:800k', 'replicas': 3, 'imageChanges': 8, 'replicasChanges': 11}

Reading file: VersionA-Monolithic
Reading file: VersionB-MicroControllers
Reading file: VersionC-WithFailureManagerMetaController
Reading file: VersionC-ZTemp
