Reading file: automatingDataGeneration.sh
Reading file: BLong10
Reading file: BLong10_parte1.7z
Reading file: BLong10_parte2.7z
Reading file: BLong10_parte3.7z
Reading file: BShort10
Reading file: BShort10.7z
Reading file: CLong10
Reading file: CLong10.7z
Reading file: CShort10
Reading file: CShort10.7z
Reading file: Evaluation-ZNN.7z
Reading file: fidelitya-5b8dd7f8c7-2hn2g_tracing_20230131_022437.log

fidelitya data

2023-01-31 05:25:24 : t0:lowerFidelity

2023-01-31 05:25:39 : t0:lowerFidelity

2023-01-31 05:25:54 : t0:lowerFidelity

2023-01-31 05:26:34 : t0:removeLowQuality

2023-01-31 05:26:44 : t0:removeLowQuality

2023-01-31 05:26:49 : t0:removeLowQuality

2023-01-31 05:26:54 : t0:removeLowQuality

2023-01-31 05:26:59 : t0:removeLowQuality

2023-01-31 05:27:04 : t0:raiseFidelity

2023-01-31 05:27:09 : t0:raiseFidelity

2023-01-31 05:27:39 : t0:raiseFidelity

2023-01-31 05:27:44 : t0:raiseFidelity

2023-01-31 05:27:49 : t0:raiseFidelity

2023-01-31 05:27:54 : t0:raiseFidelity

2023-01-31 05:27:59 : t0:raiseFidelity

2023-01-31 05:28:04 : t0:raiseFidelity

2023-01-31 05:28:09 : t0:raiseFidelity

2023-01-31 05:28:14 : t0:raiseFidelity

2023-01-31 05:28:19 : t0:raiseFidelity

2023-01-31 05:28:24 : t0:raiseFidelity

2023-01-31 05:28:29 : t0:raiseFidelity

2023-01-31 05:28:34 : t0:raiseFidelity

2023-01-31 05:28:39 : t0:raiseFidelity

2023-01-31 05:28:44 : t0:raiseFidelity

2023-01-31 05:28:49 : t0:raiseFidelity

2023-01-31 05:28:54 : t0:raiseFidelity

2023-01-31 05:28:59 : t0:raiseFidelity

2023-01-31 05:29:04 : t0:raiseFidelity

2023-01-31 05:29:09 : t0:raiseFidelity

2023-01-31 05:29:14 : t0:raiseFidelity

2023-01-31 05:29:19 : t0:raiseFidelity

2023-01-31 05:29:24 : t0:raiseFidelity

2023-01-31 05:29:29 : t0:raiseFidelity

2023-01-31 05:29:34 : t0:raiseFidelity

2023-01-31 05:29:39 : t0:raiseFidelity

2023-01-31 05:29:44 : t0:raiseFidelity

2023-01-31 05:29:49 : t0:raiseFidelity

2023-01-31 05:29:54 : t0:raiseFidelity

2023-01-31 05:29:59 : t0:raiseFidelity

2023-01-31 05:30:04 : t0:raiseFidelity

2023-01-31 05:30:09 : t0:raiseFidelity

2023-01-31 05:30:14 : t0:raiseFidelity

2023-01-31 05:30:19 : t0:raiseFidelity

2023-01-31 05:30:24 : t0:raiseFidelity

2023-01-31 05:30:29 : t0:raiseFidelity

2023-01-31 05:30:34 : t0:raiseFidelity

2023-01-31 05:30:39 : t0:raiseFidelity

2023-01-31 05:30:44 : t0:raiseFidelity

2023-01-31 05:30:49 : t0:raiseFidelity

2023-01-31 05:30:54 : t0:raiseFidelity

2023-01-31 05:30:59 : t0:raiseFidelity

2023-01-31 05:31:04 : t0:raiseFidelity

2023-01-31 05:31:09 : t0:raiseFidelity

2023-01-31 05:31:14 : t0:raiseFidelity

2023-01-31 05:31:19 : t0:raiseFidelity

2023-01-31 05:31:24 : t0:raiseFidelity

2023-01-31 05:31:29 : t0:raiseFidelity

2023-01-31 05:31:34 : t0:raiseFidelity

2023-01-31 05:31:39 : t0:raiseFidelity

2023-01-31 05:31:44 : t0:raiseFidelity

2023-01-31 05:31:49 : t0:raiseFidelity

2023-01-31 05:31:54 : t0:raiseFidelity

2023-01-31 05:31:59 : t0:raiseFidelity

2023-01-31 05:32:04 : t0:raiseFidelity

2023-01-31 05:32:09 : t0:raiseFidelity

2023-01-31 05:32:14 : t0:raiseFidelity

2023-01-31 05:32:19 : t0:raiseFidelity

2023-01-31 05:32:24 : t0:raiseFidelity

2023-01-31 05:32:29 : t0:raiseFidelity

2023-01-31 05:32:34 : t0:raiseFidelity

2023-01-31 05:32:39 : t0:raiseFidelity

2023-01-31 05:32:44 : t0:raiseFidelity

2023-01-31 05:32:49 : t0:raiseFidelity

2023-01-31 05:32:54 : t0:raiseFidelity

2023-01-31 05:32:59 : t0:raiseFidelity

2023-01-31 05:33:04 : t0:raiseFidelity

2023-01-31 05:33:09 : t0:raiseFidelity

2023-01-31 05:33:14 : t0:raiseFidelity

Reading file: generateLogs001506
Reading file: generateLogs004452
Reading file: generateLogs010914
Reading file: generateLogs013758
Reading file: generateLogs015943
Reading file: generateLogs2.sh
Reading file: generateLogs225909
Reading file: generateLogs232306
Reading file: generateLogs234622
Reading file: k6-5d8b8_tracing_20230131_022437.log
Reading file: README.md
Reading file: scalabilityb-66d698fc76-vq7zd_tracing_20230131_022437.log

scalabilityb data

2023-01-31 05:25:51 : t0:removeHighScalability

2023-01-31 05:25:56 : t0:adjustReplicas

2023-01-31 05:27:06 : t0:removeReplica

2023-01-31 05:27:11 : t0:removeReplica

2023-01-31 05:27:41 : t0:removeReplica

2023-01-31 05:27:46 : t0:removeReplica

2023-01-31 05:27:51 : t0:removeReplica

2023-01-31 05:27:56 : t0:removeReplica

2023-01-31 05:28:01 : t0:removeReplica

2023-01-31 05:28:06 : t0:removeReplica

2023-01-31 05:28:11 : t0:removeReplica

2023-01-31 05:28:16 : t0:removeReplica

2023-01-31 05:28:21 : t0:removeReplica

2023-01-31 05:28:26 : t0:removeReplica

2023-01-31 05:28:31 : t0:removeReplica

2023-01-31 05:28:36 : t0:removeReplica

2023-01-31 05:28:41 : t0:removeReplica

2023-01-31 05:28:46 : t0:removeReplica

2023-01-31 05:28:51 : t0:removeReplica

2023-01-31 05:28:56 : t0:removeReplica

2023-01-31 05:29:01 : t0:removeReplica

2023-01-31 05:29:06 : t0:removeReplica

2023-01-31 05:29:11 : t0:removeReplica

2023-01-31 05:29:16 : t0:removeReplica

2023-01-31 05:29:21 : t0:removeReplica

2023-01-31 05:29:26 : t0:removeReplica

2023-01-31 05:29:31 : t0:removeReplica

2023-01-31 05:29:36 : t0:removeReplica

2023-01-31 05:29:41 : t0:removeReplica

2023-01-31 05:29:46 : t0:removeReplica

2023-01-31 05:29:51 : t0:removeReplica

2023-01-31 05:29:56 : t0:removeReplica

2023-01-31 05:30:01 : t0:removeReplica

2023-01-31 05:30:06 : t0:removeReplica

2023-01-31 05:30:11 : t0:removeReplica

2023-01-31 05:30:16 : t0:removeReplica

2023-01-31 05:30:21 : t0:removeReplica

2023-01-31 05:30:26 : t0:removeReplica

2023-01-31 05:30:31 : t0:removeReplica

2023-01-31 05:30:36 : t0:removeReplica

2023-01-31 05:30:41 : t0:removeReplica

2023-01-31 05:30:46 : t0:removeReplica

2023-01-31 05:30:51 : t0:removeReplica

2023-01-31 05:30:56 : t0:removeReplica

2023-01-31 05:31:01 : t0:removeReplica

2023-01-31 05:31:06 : t0:removeReplica

2023-01-31 05:31:11 : t0:removeReplica

2023-01-31 05:31:16 : t0:removeReplica

2023-01-31 05:31:21 : t0:removeReplica

2023-01-31 05:31:26 : t0:removeReplica

2023-01-31 05:31:31 : t0:removeReplica

2023-01-31 05:31:36 : t0:removeReplica

2023-01-31 05:31:41 : t0:removeReplica

2023-01-31 05:31:46 : t0:removeReplica

2023-01-31 05:31:51 : t0:removeReplica

2023-01-31 05:31:56 : t0:removeReplica

2023-01-31 05:32:01 : t0:removeReplica

2023-01-31 05:32:06 : t0:removeReplica

2023-01-31 05:32:11 : t0:removeReplica

2023-01-31 05:32:16 : t0:removeReplica

2023-01-31 05:32:21 : t0:removeReplica

2023-01-31 05:32:26 : t0:removeReplica

2023-01-31 05:32:31 : t0:removeReplica

2023-01-31 05:32:36 : t0:removeReplica

2023-01-31 05:32:41 : t0:removeReplica

2023-01-31 05:32:46 : t0:removeReplica

2023-01-31 05:32:51 : t0:removeReplica

2023-01-31 05:32:56 : t0:removeReplica

2023-01-31 05:33:01 : t0:removeReplica

2023-01-31 05:33:06 : t0:removeReplica

2023-01-31 05:33:11 : t0:removeReplica

2023-01-31 05:33:16 : t0:removeReplica

Reading file: summary-trace-znn.log
Reading file: temp
Reading file: temp2701
Reading file: test
Reading file: tools
Reading file: traceznn_20230131_022437.log

Trace znn data

{'name': 'kube-znn-db.173f4c4a932e43e2', 'type': 'Normal', 'message': 'Scaled up replica set kube-znn-db-558bb5dd64 to 1', 'dateevent': '2023-01-31 05:04:29+00:00', 'image': 'cmendes/znn:800k', 'replicas': 1, 'imageChanges': 0, 'replicasChanges': 1}

{'name': 'kube-znn.173f4c4a91b2924b', 'type': 'Normal', 'message': 'Scaled up replica set kube-znn-744bbbc54b to 1', 'dateevent': '2023-01-31 05:04:29+00:00', 'image': 'cmendes/znn:800k', 'replicas': 1, 'imageChanges': 0, 'replicasChanges': 1}

{'name': 'kube-znn.173f4d64aebee8f0', 'type': 'Normal', 'message': 'Scaled up replica set kube-znn-744bbbc54b to 2', 'dateevent': '2023-01-31 05:24:41+00:00', 'image': 'cmendes/znn:800k', 'replicas': 2, 'imageChanges': 0, 'replicasChanges': 2}

{'name': 'kube-znn.173f4d6579e019bf', 'type': 'Normal', 'message': 'Scaled up replica set kube-znn-744bbbc54b to 3', 'dateevent': '2023-01-31 05:24:44+00:00', 'image': 'cmendes/znn:800k', 'replicas': 3, 'imageChanges': 0, 'replicasChanges': 3}

{'name': 'kube-znn.173f4d66a860e3f6', 'type': 'Normal', 'message': 'Scaled up replica set kube-znn-744bbbc54b to 4', 'dateevent': '2023-01-31 05:24:49+00:00', 'image': 'cmendes/znn:800k', 'replicas': 4, 'imageChanges': 0, 'replicasChanges': 4}

{'name': 'kube-znn.173f4d67ccd35089', 'type': 'Normal', 'message': 'Scaled up replica set kube-znn-744bbbc54b to 5', 'dateevent': '2023-01-31 05:24:54+00:00', 'image': 'cmendes/znn:800k', 'replicas': 5, 'imageChanges': 0, 'replicasChanges': 5}

{'name': 'kube-znn.173f4d68f4f638ca', 'type': 'Normal', 'message': 'Scaled up replica set kube-znn-744bbbc54b to 6', 'dateevent': '2023-01-31 05:24:59+00:00', 'image': 'cmendes/znn:800k', 'replicas': 6, 'imageChanges': 0, 'replicasChanges': 6}

{'name': 'kube-znn.173f4d6a1eca8f64', 'type': 'Normal', 'message': 'Scaled up replica set kube-znn-744bbbc54b to 7', 'dateevent': '2023-01-31 05:25:04+00:00', 'image': 'cmendes/znn:800k', 'replicas': 7, 'imageChanges': 0, 'replicasChanges': 7}

{'name': 'kube-znn.173f4d6b48da4cf1', 'type': 'Normal', 'message': 'Scaled up replica set kube-znn-744bbbc54b to 8', 'dateevent': '2023-01-31 05:25:09+00:00', 'image': 'cmendes/znn:800k', 'replicas': 8, 'imageChanges': 0, 'replicasChanges': 8}

{'name': 'kube-znn.173f4d6c74f3780e', 'type': 'Normal', 'message': 'Scaled up replica set kube-znn-744bbbc54b to 9', 'dateevent': '2023-01-31 05:25:14+00:00', 'image': 'cmendes/znn:800k', 'replicas': 9, 'imageChanges': 0, 'replicasChanges': 9}

{'name': 'kube-znn.173f4d6d9c5da6bc', 'type': 'Normal', 'message': 'Scaled up replica set kube-znn-744bbbc54b to 10', 'dateevent': '2023-01-31 05:25:19+00:00', 'image': 'cmendes/znn:800k', 'replicas': 10, 'imageChanges': 0, 'replicasChanges': 10}

{'name': 'kube-znn.173f4d6f23471fda', 'type': 'Normal', 'message': '(combined from similar events): Scaled up replica set kube-znn-5c95bd98fb to 3', 'dateevent': '2023-01-31 05:25:26+00:00', 'image': 'cmendes/znn:600k', 'replicas': 10, 'imageChanges': 1, 'replicasChanges': 10}

{'name': 'kube-znn.173f4d6f23471fda', 'type': 'Normal', 'message': '(combined from similar events): Scaled down replica set kube-znn-744bbbc54b to 8', 'dateevent': '2023-01-31 05:25:26+00:00', 'image': 'cmendes/znn:600k', 'replicas': 10, 'imageChanges': 1, 'replicasChanges': 10}

{'name': 'kube-znn.173f4d6f23471fda', 'type': 'Normal', 'message': '(combined from similar events): Scaled up replica set kube-znn-5c95bd98fb to 5', 'dateevent': '2023-01-31 05:25:26+00:00', 'image': 'cmendes/znn:600k', 'replicas': 10, 'imageChanges': 1, 'replicasChanges': 10}

{'name': 'kube-znn.173f4d6f23471fda', 'type': 'Normal', 'message': '(combined from similar events): Scaled down replica set kube-znn-744bbbc54b to 3', 'dateevent': '2023-01-31 05:25:26+00:00', 'image': 'cmendes/znn:600k', 'replicas': 4, 'imageChanges': 1, 'replicasChanges': 11}

{'name': 'kube-znn.173f4d6f23471fda', 'type': 'Normal', 'message': '(combined from similar events): Scaled down replica set kube-znn-5c95bd98fb to 2', 'dateevent': '2023-01-31 05:25:26+00:00', 'image': 'cmendes/znn:600k', 'replicas': 4, 'imageChanges': 1, 'replicasChanges': 11}

{'name': 'kube-znn.173f4d6f23471fda', 'type': 'Normal', 'message': '(combined from similar events): Scaled down replica set kube-znn-744bbbc54b to 2', 'dateevent': '2023-01-31 05:25:26+00:00', 'image': 'cmendes/znn:600k', 'replicas': 4, 'imageChanges': 1, 'replicasChanges': 11}

{'name': 'kube-znn.173f4d79dfb69838', 'type': 'Normal', 'message': 'Scaled up replica set kube-znn-5c95bd98fb to 3', 'dateevent': '2023-01-31 05:26:12+00:00', 'image': 'cmendes/znn:600k', 'replicas': 4, 'imageChanges': 1, 'replicasChanges': 11}

{'name': 'kube-znn.173f4d6f23471fda', 'type': 'Normal', 'message': '(combined from similar events): Scaled down replica set kube-znn-744bbbc54b to 1', 'dateevent': '2023-01-31 05:25:26+00:00', 'image': 'cmendes/znn:600k', 'replicas': 4, 'imageChanges': 1, 'replicasChanges': 11}

{'name': 'kube-znn.173f4d6f23471fda', 'type': 'Normal', 'message': '(combined from similar events): Scaled up replica set kube-znn-5c95bd98fb to 4', 'dateevent': '2023-01-31 05:25:26+00:00', 'image': 'cmendes/znn:600k', 'replicas': 4, 'imageChanges': 1, 'replicasChanges': 11}

{'name': 'kube-znn.173f4d6f23471fda', 'type': 'Normal', 'message': '(combined from similar events): Scaled down replica set kube-znn-744bbbc54b to 0', 'dateevent': '2023-01-31 05:25:26+00:00', 'image': 'cmendes/znn:600k', 'replicas': 4, 'imageChanges': 1, 'replicasChanges': 11}

{'name': 'kube-znn.173f4d6f23471fda', 'type': 'Normal', 'message': '(combined from similar events): Scaled up replica set kube-znn-744bbbc54b to 1', 'dateevent': '2023-01-31 05:25:26+00:00', 'image': 'cmendes/znn:800k', 'replicas': 4, 'imageChanges': 2, 'replicasChanges': 11}

{'name': 'kube-znn.173f4d6f23471fda', 'type': 'Normal', 'message': '(combined from similar events): Scaled down replica set kube-znn-5c95bd98fb to 3', 'dateevent': '2023-01-31 05:25:26+00:00', 'image': 'cmendes/znn:800k', 'replicas': 4, 'imageChanges': 2, 'replicasChanges': 11}

{'name': 'kube-znn.173f4d64aebee8f0', 'type': 'Normal', 'message': 'Scaled up replica set kube-znn-744bbbc54b to 2', 'dateevent': '2023-01-31 05:24:41+00:00', 'image': 'cmendes/znn:800k', 'replicas': 4, 'imageChanges': 2, 'replicasChanges': 11}

{'name': 'kube-znn.173f4d8855df5c4d', 'type': 'Normal', 'message': 'Scaled down replica set kube-znn-5c95bd98fb to 2', 'dateevent': '2023-01-31 05:27:14+00:00', 'image': 'cmendes/znn:800k', 'replicas': 4, 'imageChanges': 2, 'replicasChanges': 11}

{'name': 'kube-znn.173f4d6f23471fda', 'type': 'Normal', 'message': '(combined from similar events): Scaled up replica set kube-znn-744bbbc54b to 3', 'dateevent': '2023-01-31 05:25:26+00:00', 'image': 'cmendes/znn:800k', 'replicas': 4, 'imageChanges': 2, 'replicasChanges': 11}

{'name': 'kube-znn.173f4d6f23471fda', 'type': 'Normal', 'message': '(combined from similar events): Scaled down replica set kube-znn-5c95bd98fb to 1', 'dateevent': '2023-01-31 05:25:26+00:00', 'image': 'cmendes/znn:800k', 'replicas': 4, 'imageChanges': 2, 'replicasChanges': 11}

Reading file: VersionA-Monolithic
Reading file: VersionB-MicroControllers
Reading file: VersionC-WithFailureManagerMetaController
Reading file: VersionC-ZTemp
