Reading file: automatingDataGeneration.sh
Reading file: BLong10
Reading file: BLong10_parte1.7z
Reading file: BLong10_parte2.7z
Reading file: BLong10_parte3.7z
Reading file: BShort10
Reading file: BShort10.7z
Reading file: CLong10
Reading file: CLong10.7z
Reading file: CShort10
Reading file: CShort10.7z
Reading file: Evaluation-ZNN.7z
Reading file: fidelitya-5b8dd7f8c7-ndk5p_tracing_20230131_062806.log

fidelitya data

2023-01-31 09:28:58 : t0:lowerFidelity

Reading file: generateLogs001506
Reading file: generateLogs004452
Reading file: generateLogs010914
Reading file: generateLogs013758
Reading file: generateLogs015943
Reading file: generateLogs023320
Reading file: generateLogs030632
Reading file: generateLogs032357
Reading file: generateLogs034829
Reading file: generateLogs041225
Reading file: generateLogs044038
Reading file: generateLogs050203
Reading file: generateLogs054414
Reading file: generateLogs055827
Reading file: generateLogs2.sh
Reading file: generateLogs225909
Reading file: generateLogs232306
Reading file: generateLogs234622
Reading file: k6-bts8c_tracing_20230131_062806.log
Reading file: README.md
Reading file: scalabilityb-66d698fc76-xt9dv_tracing_20230131_062806.log

scalabilityb data

2023-01-31 09:29:39 : t0:removeHighScalability

2023-01-31 09:29:44 : t0:removeHighScalability

2023-01-31 09:29:49 : t0:removeHighScalability

2023-01-31 09:29:54 : t0:removeHighScalability

2023-01-31 09:29:59 : t0:removeHighScalability

2023-01-31 09:30:04 : t0:removeHighScalability

2023-01-31 09:30:09 : t0:removeHighScalability

2023-01-31 09:30:14 : t0:removeHighScalability

2023-01-31 09:30:19 : t0:removeHighScalability

2023-01-31 09:30:24 : t0:removeHighScalability

2023-01-31 09:30:29 : t0:removeHighScalability

2023-01-31 09:30:34 : t0:removeHighScalability

2023-01-31 09:30:39 : t0:removeReplica

2023-01-31 09:31:14 : t0:removeReplica

2023-01-31 09:31:19 : t0:removeReplica

2023-01-31 09:31:24 : t0:removeReplica

2023-01-31 09:31:29 : t0:removeReplica

2023-01-31 09:31:34 : t0:removeReplica

2023-01-31 09:31:39 : t0:removeReplica

2023-01-31 09:31:44 : t0:removeReplica

2023-01-31 09:31:49 : t0:removeReplica

2023-01-31 09:31:54 : t0:removeReplica

2023-01-31 09:31:59 : t0:removeReplica

2023-01-31 09:32:04 : t0:removeReplica

2023-01-31 09:32:09 : t0:removeReplica

2023-01-31 09:32:14 : t0:removeReplica

2023-01-31 09:32:19 : t0:removeReplica

2023-01-31 09:32:24 : t0:removeReplica

2023-01-31 09:32:29 : t0:removeReplica

2023-01-31 09:32:34 : t0:removeReplica

2023-01-31 09:32:39 : t0:removeReplica

2023-01-31 09:32:44 : t0:removeReplica

2023-01-31 09:32:49 : t0:removeReplica

2023-01-31 09:32:54 : t0:removeReplica

2023-01-31 09:32:59 : t0:removeReplica

2023-01-31 09:33:04 : t0:removeReplica

2023-01-31 09:33:09 : t0:removeReplica

2023-01-31 09:33:14 : t0:removeReplica

2023-01-31 09:33:19 : t0:removeReplica

2023-01-31 09:33:24 : t0:removeReplica

2023-01-31 09:33:29 : t0:removeReplica

2023-01-31 09:33:34 : t0:removeReplica

2023-01-31 09:33:39 : t0:removeReplica

2023-01-31 09:33:44 : t0:removeReplica

2023-01-31 09:33:49 : t0:removeReplica

2023-01-31 09:33:54 : t0:removeReplica

2023-01-31 09:33:59 : t0:removeReplica

2023-01-31 09:34:04 : t0:removeReplica

2023-01-31 09:34:09 : t0:removeReplica

2023-01-31 09:34:14 : t0:removeReplica

2023-01-31 09:34:19 : t0:removeReplica

2023-01-31 09:34:24 : t0:removeReplica

2023-01-31 09:34:29 : t0:removeReplica

2023-01-31 09:34:34 : t0:removeReplica

2023-01-31 09:34:39 : t0:removeReplica

2023-01-31 09:34:44 : t0:removeReplica

2023-01-31 09:34:49 : t0:removeReplica

2023-01-31 09:34:54 : t0:removeReplica

2023-01-31 09:34:59 : t0:removeReplica

2023-01-31 09:35:04 : t0:removeReplica

2023-01-31 09:35:09 : t0:removeReplica

2023-01-31 09:35:14 : t0:removeReplica

2023-01-31 09:35:19 : t0:removeReplica

2023-01-31 09:35:24 : t0:removeReplica

2023-01-31 09:35:29 : t0:removeReplica

2023-01-31 09:35:34 : t0:removeReplica

2023-01-31 09:35:39 : t0:removeReplica

2023-01-31 09:35:44 : t0:removeReplica

2023-01-31 09:35:49 : t0:removeReplica

2023-01-31 09:35:54 : t0:removeReplica

2023-01-31 09:35:59 : t0:removeReplica

2023-01-31 09:36:04 : t0:removeReplica

2023-01-31 09:36:09 : t0:removeReplica

2023-01-31 09:36:14 : t0:removeReplica

2023-01-31 09:36:19 : t0:removeReplica

2023-01-31 09:36:24 : t0:removeReplica

2023-01-31 09:36:29 : t0:removeReplica

2023-01-31 09:36:34 : t0:removeReplica

2023-01-31 09:36:39 : t0:removeReplica

2023-01-31 09:36:44 : t0:removeReplica

2023-01-31 09:36:49 : t0:removeReplica

2023-01-31 09:36:54 : t0:removeReplica

2023-01-31 09:36:59 : t0:removeReplica

2023-01-31 09:37:04 : t0:removeReplica

2023-01-31 09:37:09 : t0:removeReplica

Reading file: summary-trace-znn.log
Reading file: temp
Reading file: temp2701
Reading file: test
Reading file: tools
Reading file: traceznn_20230131_062806.log

Trace znn data

{'name': 'kube-znn-db.173f594798b434cd', 'type': 'Normal', 'message': 'Scaled up replica set kube-znn-db-558bb5dd64 to 1', 'dateevent': '2023-01-31 09:02:30+00:00', 'image': 'cmendes/znn:800k', 'replicas': 1, 'imageChanges': 0, 'replicasChanges': 1}

{'name': 'kube-znn.173f594796d30647', 'type': 'Normal', 'message': 'Scaled up replica set kube-znn-744bbbc54b to 1', 'dateevent': '2023-01-31 09:02:30+00:00', 'image': 'cmendes/znn:800k', 'replicas': 1, 'imageChanges': 0, 'replicasChanges': 1}

{'name': 'kube-znn.173f5aaf720f4e2f', 'type': 'Normal', 'message': 'Scaled up replica set kube-znn-744bbbc54b to 2', 'dateevent': '2023-01-31 09:28:15+00:00', 'image': 'cmendes/znn:800k', 'replicas': 2, 'imageChanges': 0, 'replicasChanges': 2}

{'name': 'kube-znn.173f5ab0541a8320', 'type': 'Normal', 'message': 'Scaled up replica set kube-znn-744bbbc54b to 3', 'dateevent': '2023-01-31 09:28:19+00:00', 'image': 'cmendes/znn:800k', 'replicas': 3, 'imageChanges': 0, 'replicasChanges': 3}

{'name': 'kube-znn.173f5ab179773820', 'type': 'Normal', 'message': 'Scaled up replica set kube-znn-744bbbc54b to 4', 'dateevent': '2023-01-31 09:28:24+00:00', 'image': 'cmendes/znn:800k', 'replicas': 4, 'imageChanges': 0, 'replicasChanges': 4}

{'name': 'kube-znn.173f5ab2a2886aad', 'type': 'Normal', 'message': 'Scaled up replica set kube-znn-744bbbc54b to 5', 'dateevent': '2023-01-31 09:28:29+00:00', 'image': 'cmendes/znn:800k', 'replicas': 5, 'imageChanges': 0, 'replicasChanges': 5}

{'name': 'kube-znn.173f5ab3cb7e49d4', 'type': 'Normal', 'message': 'Scaled up replica set kube-znn-744bbbc54b to 6', 'dateevent': '2023-01-31 09:28:34+00:00', 'image': 'cmendes/znn:800k', 'replicas': 6, 'imageChanges': 0, 'replicasChanges': 6}

{'name': 'kube-znn.173f5ab4f61b66a3', 'type': 'Normal', 'message': 'Scaled up replica set kube-znn-744bbbc54b to 7', 'dateevent': '2023-01-31 09:28:39+00:00', 'image': 'cmendes/znn:800k', 'replicas': 7, 'imageChanges': 0, 'replicasChanges': 7}

{'name': 'kube-znn.173f5ab61f699bf0', 'type': 'Normal', 'message': 'Scaled up replica set kube-znn-744bbbc54b to 8', 'dateevent': '2023-01-31 09:28:44+00:00', 'image': 'cmendes/znn:800k', 'replicas': 8, 'imageChanges': 0, 'replicasChanges': 8}

{'name': 'kube-znn.173f5ab74a820494', 'type': 'Normal', 'message': 'Scaled up replica set kube-znn-744bbbc54b to 9', 'dateevent': '2023-01-31 09:28:49+00:00', 'image': 'cmendes/znn:800k', 'replicas': 9, 'imageChanges': 0, 'replicasChanges': 9}

{'name': 'kube-znn.173f5ab873bd6ceb', 'type': 'Normal', 'message': 'Scaled up replica set kube-znn-744bbbc54b to 10', 'dateevent': '2023-01-31 09:28:54+00:00', 'image': 'cmendes/znn:800k', 'replicas': 10, 'imageChanges': 0, 'replicasChanges': 10}

{'name': 'kube-znn.173f5ab9c85b2452', 'type': 'Normal', 'message': '(combined from similar events): Scaled up replica set kube-znn-5c95bd98fb to 3', 'dateevent': '2023-01-31 09:29:00+00:00', 'image': 'cmendes/znn:600k', 'replicas': 10, 'imageChanges': 1, 'replicasChanges': 10}

{'name': 'kube-znn.173f5ab9c85b2452', 'type': 'Normal', 'message': '(combined from similar events): Scaled down replica set kube-znn-744bbbc54b to 8', 'dateevent': '2023-01-31 09:29:00+00:00', 'image': 'cmendes/znn:600k', 'replicas': 10, 'imageChanges': 1, 'replicasChanges': 10}

{'name': 'kube-znn.173f5ab9c85b2452', 'type': 'Normal', 'message': '(combined from similar events): Scaled up replica set kube-znn-5c95bd98fb to 5', 'dateevent': '2023-01-31 09:29:00+00:00', 'image': 'cmendes/znn:600k', 'replicas': 10, 'imageChanges': 1, 'replicasChanges': 10}

{'name': 'kube-znn.173f5ab9c85b2452', 'type': 'Normal', 'message': '(combined from similar events): Scaled down replica set kube-znn-744bbbc54b to 3', 'dateevent': '2023-01-31 09:29:00+00:00', 'image': 'cmendes/znn:600k', 'replicas': 4, 'imageChanges': 1, 'replicasChanges': 11}

{'name': 'kube-znn.173f5ab9c85b2452', 'type': 'Normal', 'message': '(combined from similar events): Scaled down replica set kube-znn-5c95bd98fb to 2', 'dateevent': '2023-01-31 09:29:00+00:00', 'image': 'cmendes/znn:600k', 'replicas': 4, 'imageChanges': 1, 'replicasChanges': 11}

{'name': 'kube-znn.173f5ab9c85b2452', 'type': 'Normal', 'message': '(combined from similar events): Scaled down replica set kube-znn-744bbbc54b to 2', 'dateevent': '2023-01-31 09:29:00+00:00', 'image': 'cmendes/znn:600k', 'replicas': 4, 'imageChanges': 1, 'replicasChanges': 11}

{'name': 'kube-znn.173f5ab9c85b2452', 'type': 'Normal', 'message': '(combined from similar events): Scaled up replica set kube-znn-5c95bd98fb to 3', 'dateevent': '2023-01-31 09:29:00+00:00', 'image': 'cmendes/znn:600k', 'replicas': 4, 'imageChanges': 1, 'replicasChanges': 11}

{'name': 'kube-znn.173f5ab9c85b2452', 'type': 'Normal', 'message': '(combined from similar events): Scaled down replica set kube-znn-744bbbc54b to 1', 'dateevent': '2023-01-31 09:29:00+00:00', 'image': 'cmendes/znn:600k', 'replicas': 4, 'imageChanges': 1, 'replicasChanges': 11}

{'name': 'kube-znn.173f5ab9c85b2452', 'type': 'Normal', 'message': '(combined from similar events): Scaled up replica set kube-znn-5c95bd98fb to 4', 'dateevent': '2023-01-31 09:29:00+00:00', 'image': 'cmendes/znn:600k', 'replicas': 4, 'imageChanges': 1, 'replicasChanges': 11}

{'name': 'kube-znn.173f5ab9c85b2452', 'type': 'Normal', 'message': '(combined from similar events): Scaled down replica set kube-znn-744bbbc54b to 0', 'dateevent': '2023-01-31 09:29:00+00:00', 'image': 'cmendes/znn:600k', 'replicas': 4, 'imageChanges': 1, 'replicasChanges': 11}

Reading file: VersionA-Monolithic
Reading file: VersionB-MicroControllers
Reading file: VersionC-WithFailureManagerMetaController
Reading file: VersionC-ZTemp
