Reading file: automatingDataGeneration.sh
Reading file: BLong10_parte1
Reading file: BLong10_parte1.7z
Reading file: CLong10
Reading file: CLong10.7z
Reading file: CShort10
Reading file: CShort10.7z
Reading file: Evaluation-ZNN.7z
Reading file: fidelityb-67c8fc5999-s4grs_tracing_20230130_075700.log

fidelityb data

2023-01-30 11:01:07 : t0:lowerFidelity

2023-01-30 11:01:22 : t0:removeHighQuality

2023-01-30 11:01:27 : t0:removeHighQuality

2023-01-30 11:01:32 : t0:removeHighQuality

2023-01-30 11:01:37 : t0:removeHighQuality

2023-01-30 11:01:42 : t0:removeHighQuality

2023-01-30 11:01:47 : t0:removeHighQuality

2023-01-30 11:01:52 : t0:removeHighQuality

2023-01-30 11:01:57 : t0:lowerFidelity

2023-01-30 11:02:02 : t0:lowerFidelity

2023-01-30 11:02:07 : t0:lowerFidelity

2023-01-30 11:02:12 : t0:removeHighQuality

2023-01-30 11:02:17 : t0:removeHighQuality

2023-01-30 11:02:22 : t0:removeHighQuality

2023-01-30 11:02:27 : t0:removeHighQuality

2023-01-30 11:02:32 : t0:removeHighQuality

2023-01-30 11:02:37 : t0:raiseFidelity

Reading file: generateLogs004521
Reading file: generateLogs011246
Reading file: generateLogs014915
Reading file: generateLogs021127
Reading file: generateLogs023630
Reading file: generateLogs025505
Reading file: generateLogs033700
Reading file: generateLogs2.sh
Reading file: k6-tmgdp_tracing_20230130_075700.log
Reading file: README.md
Reading file: scalabilityb-66d698fc76-bdtvr_tracing_20230130_075700.log

scalabilityb data

2023-01-30 10:58:27 : t0:removeHighScalability

2023-01-30 10:58:32 : t0:removeHighScalability

2023-01-30 10:58:37 : t0:removeHighScalability

2023-01-30 10:58:42 : t0:removeHighScalability

2023-01-30 10:58:47 : t0:removeHighScalability

2023-01-30 10:58:52 : t0:removeHighScalability

2023-01-30 10:58:57 : t0:removeHighScalability

2023-01-30 10:59:02 : t0:removeHighScalability

2023-01-30 10:59:07 : t0:removeHighScalability

2023-01-30 10:59:12 : t0:removeHighScalability

2023-01-30 10:59:17 : t0:removeHighScalability

2023-01-30 10:59:22 : t0:removeHighScalability

2023-01-30 10:59:27 : t0:removeHighScalability

2023-01-30 10:59:32 : t0:removeHighScalability

2023-01-30 10:59:37 : t0:removeHighScalability

2023-01-30 10:59:42 : t0:removeHighScalability

2023-01-30 10:59:47 : t0:removeHighScalability

2023-01-30 10:59:52 : t0:removeHighScalability

2023-01-30 10:59:57 INFO  Rainbow:694 - Delegate: master[EXECUTOR]: [[Rainbow Strategy Executor]]: Executing an adaptation

2023-01-30 11:00:02 : t0:removeHighScalability

2023-01-30 11:00:07 : t0:removeHighScalability

2023-01-30 11:00:12 : t0:removeHighScalability

2023-01-30 11:00:17 : t0:removeHighScalability

2023-01-30 11:00:22 : t0:removeHighScalability

2023-01-30 11:00:27 : t0:removeHighScalability

2023-01-30 11:00:32 : t0:removeHighScalability

2023-01-30 11:00:52 : t0:removeHighScalability

2023-01-30 11:00:57 : t0:removeHighScalability

2023-01-30 11:01:02 : t0:removeHighScalability

2023-01-30 11:01:07 : t0:removeHighScalability

2023-01-30 11:01:12 : t0:removeHighScalability

2023-01-30 11:01:17 : t0:removeHighScalability

2023-01-30 11:01:22 : t0:removeHighScalability

2023-01-30 11:01:27 : t0:removeHighScalability

2023-01-30 11:01:32 : t0:removeHighScalability

2023-01-30 11:01:37 : t0:removeHighScalability

2023-01-30 11:01:42 : t0:removeHighScalability

2023-01-30 11:01:47 : t0:removeHighScalability

2023-01-30 11:01:52 : t0:removeHighScalability

2023-01-30 11:01:57 : t0:removeHighScalability

2023-01-30 11:02:02 : t0:removeHighScalability

2023-01-30 11:02:07 : t0:removeHighScalability

2023-01-30 11:02:12 : t0:removeHighScalability

2023-01-30 11:02:17 : t0:removeHighScalability

2023-01-30 11:02:22 : t0:removeHighScalability

2023-01-30 11:02:37 : t0:removeReplica

Reading file: summary-trace-znn.log
Reading file: temp
Reading file: temp2701
Reading file: test
Reading file: tools
Reading file: traceznn_20230130_075700.log

Trace znn data

{'name': 'kube-znn.173f10f4b21d3322', 'type': 'Normal', 'message': 'Scaled up replica set kube-znn-744bbbc54b to 2', 'dateevent': '2023-01-30 10:57:09+00:00', 'image': 'cmendes/znn:800k', 'replicas': 2, 'imageChanges': 0, 'replicasChanges': 1}

{'name': 'kube-znn.173f10f6b8696223', 'type': 'Normal', 'message': 'Scaled up replica set kube-znn-744bbbc54b to 3', 'dateevent': '2023-01-30 10:57:18+00:00', 'image': 'cmendes/znn:800k', 'replicas': 3, 'imageChanges': 0, 'replicasChanges': 2}

{'name': 'kube-znn.173f10f7de782adf', 'type': 'Normal', 'message': 'Scaled up replica set kube-znn-744bbbc54b to 4', 'dateevent': '2023-01-30 10:57:23+00:00', 'image': 'cmendes/znn:800k', 'replicas': 4, 'imageChanges': 0, 'replicasChanges': 3}

{'name': 'kube-znn.173f10f908a08c7f', 'type': 'Normal', 'message': 'Scaled up replica set kube-znn-744bbbc54b to 5', 'dateevent': '2023-01-30 10:57:28+00:00', 'image': 'cmendes/znn:800k', 'replicas': 5, 'imageChanges': 0, 'replicasChanges': 4}

{'name': 'kube-znn.173f10fa30c83479', 'type': 'Normal', 'message': 'Scaled up replica set kube-znn-744bbbc54b to 6', 'dateevent': '2023-01-30 10:57:33+00:00', 'image': 'cmendes/znn:800k', 'replicas': 6, 'imageChanges': 0, 'replicasChanges': 5}

{'name': 'kube-znn.173f10fb5bbf9424', 'type': 'Normal', 'message': 'Scaled up replica set kube-znn-744bbbc54b to 7', 'dateevent': '2023-01-30 10:57:38+00:00', 'image': 'cmendes/znn:800k', 'replicas': 7, 'imageChanges': 0, 'replicasChanges': 6}

{'name': 'kube-znn.173f10fc8848acc9', 'type': 'Normal', 'message': 'Scaled up replica set kube-znn-744bbbc54b to 8', 'dateevent': '2023-01-30 10:57:43+00:00', 'image': 'cmendes/znn:800k', 'replicas': 8, 'imageChanges': 0, 'replicasChanges': 7}

{'name': 'kube-znn.173f10fdb22ff15d', 'type': 'Normal', 'message': 'Scaled up replica set kube-znn-744bbbc54b to 9', 'dateevent': '2023-01-30 10:57:48+00:00', 'image': 'cmendes/znn:800k', 'replicas': 9, 'imageChanges': 0, 'replicasChanges': 8}

{'name': 'kube-znn.173f10fedc09fdd9', 'type': 'Normal', 'message': 'Scaled up replica set kube-znn-744bbbc54b to 10', 'dateevent': '2023-01-30 10:57:53+00:00', 'image': 'cmendes/znn:800k', 'replicas': 10, 'imageChanges': 0, 'replicasChanges': 9}

{'name': 'kube-znn.173f11002bdebd5a', 'type': 'Normal', 'message': '(combined from similar events): Scaled up replica set kube-znn-5c95bd98fb to 3', 'dateevent': '2023-01-30 10:57:58+00:00', 'image': 'cmendes/znn:600k', 'replicas': 10, 'imageChanges': 1, 'replicasChanges': 9}

{'name': 'kube-znn.173f11002bdebd5a', 'type': 'Normal', 'message': '(combined from similar events): Scaled down replica set kube-znn-744bbbc54b to 8', 'dateevent': '2023-01-30 10:57:58+00:00', 'image': 'cmendes/znn:600k', 'replicas': 10, 'imageChanges': 1, 'replicasChanges': 9}

{'name': 'kube-znn.173f11002bdebd5a', 'type': 'Normal', 'message': '(combined from similar events): Scaled up replica set kube-znn-5c95bd98fb to 5', 'dateevent': '2023-01-30 10:57:58+00:00', 'image': 'cmendes/znn:600k', 'replicas': 10, 'imageChanges': 1, 'replicasChanges': 9}

{'name': 'kube-znn.173f11002bdebd5a', 'type': 'Normal', 'message': '(combined from similar events): Scaled down replica set kube-znn-744bbbc54b to 4', 'dateevent': '2023-01-30 10:57:58+00:00', 'image': 'cmendes/znn:400k', 'replicas': 10, 'imageChanges': 2, 'replicasChanges': 9}

{'name': 'kube-znn.173f11002bdebd5a', 'type': 'Normal', 'message': '(combined from similar events): Scaled down replica set kube-znn-5c95bd98fb to 4', 'dateevent': '2023-01-30 10:57:58+00:00', 'image': 'cmendes/znn:400k', 'replicas': 10, 'imageChanges': 2, 'replicasChanges': 9}

{'name': 'kube-znn.173f11002bdebd5a', 'type': 'Normal', 'message': '(combined from similar events): Scaled up replica set kube-znn-549bfcf578 to 5', 'dateevent': '2023-01-30 10:57:58+00:00', 'image': 'cmendes/znn:400k', 'replicas': 10, 'imageChanges': 2, 'replicasChanges': 9}

{'name': 'kube-znn.173f11002bdebd5a', 'type': 'Normal', 'message': '(combined from similar events): Scaled down replica set kube-znn-549bfcf578 to 4', 'dateevent': '2023-01-30 10:57:58+00:00', 'image': 'cmendes/znn:600k', 'replicas': 10, 'imageChanges': 3, 'replicasChanges': 9}

{'name': 'kube-znn.173f11002bdebd5a', 'type': 'Normal', 'message': '(combined from similar events): Scaled up replica set kube-znn-5c95bd98fb to 5', 'dateevent': '2023-01-30 10:57:58+00:00', 'image': 'cmendes/znn:600k', 'replicas': 10, 'imageChanges': 3, 'replicasChanges': 9}

{'name': 'kube-znn.173f11002bdebd5a', 'type': 'Normal', 'message': '(combined from similar events): Scaled down replica set kube-znn-5c95bd98fb to 4', 'dateevent': '2023-01-30 10:57:58+00:00', 'image': 'cmendes/znn:400k', 'replicas': 10, 'imageChanges': 4, 'replicasChanges': 9}

{'name': 'kube-znn.173f11002bdebd5a', 'type': 'Normal', 'message': '(combined from similar events): Scaled up replica set kube-znn-549bfcf578 to 5', 'dateevent': '2023-01-30 10:57:58+00:00', 'image': 'cmendes/znn:400k', 'replicas': 10, 'imageChanges': 4, 'replicasChanges': 9}

{'name': 'kube-znn.173f110b6d8fba6c', 'type': 'Normal', 'message': 'Scaled down replica set kube-znn-549bfcf578 to 4', 'dateevent': '2023-01-30 10:58:47+00:00', 'image': 'cmendes/znn:600k', 'replicas': 10, 'imageChanges': 5, 'replicasChanges': 9}

{'name': 'kube-znn.173f110b6fcb6b18', 'type': 'Normal', 'message': 'Scaled up replica set kube-znn-5c95bd98fb to 5', 'dateevent': '2023-01-30 10:58:47+00:00', 'image': 'cmendes/znn:600k', 'replicas': 10, 'imageChanges': 5, 'replicasChanges': 9}

{'name': 'kube-znn.173f110b7d5fd281', 'type': 'Normal', 'message': 'Scaled down replica set kube-znn-5c95bd98fb to 4', 'dateevent': '2023-01-30 10:58:47+00:00', 'image': 'cmendes/znn:400k', 'replicas': 10, 'imageChanges': 6, 'replicasChanges': 9}

{'name': 'kube-znn.173f110b7f673e5c', 'type': 'Normal', 'message': 'Scaled up replica set kube-znn-549bfcf578 to 5', 'dateevent': '2023-01-30 10:58:47+00:00', 'image': 'cmendes/znn:400k', 'replicas': 10, 'imageChanges': 6, 'replicasChanges': 9}

{'name': 'kube-znn.173f110b6d8fba6c', 'type': 'Normal', 'message': 'Scaled down replica set kube-znn-549bfcf578 to 4', 'dateevent': '2023-01-30 10:58:47+00:00', 'image': 'cmendes/znn:600k', 'replicas': 10, 'imageChanges': 7, 'replicasChanges': 9}

{'name': 'kube-znn.173f110b6fcb6b18', 'type': 'Normal', 'message': 'Scaled up replica set kube-znn-5c95bd98fb to 5', 'dateevent': '2023-01-30 10:58:47+00:00', 'image': 'cmendes/znn:600k', 'replicas': 10, 'imageChanges': 7, 'replicasChanges': 9}

{'name': 'kube-znn.173f11002bdebd5a', 'type': 'Normal', 'message': '(combined from similar events): Scaled down replica set kube-znn-56dcbbc896 to 0', 'dateevent': '2023-01-30 10:57:58+00:00', 'image': 'cmendes/znn:200k', 'replicas': 10, 'imageChanges': 8, 'replicasChanges': 9}

Reading file: VersionA-Monolithic
Reading file: VersionB-MicroControllers
Reading file: VersionC-WithFailureManagerMetaController
Reading file: VersionC-ZTemp
