root - WARNING - Starting our experiment execution
root - WARNING - 

-----------------------------------------
root - WARNING - General Log - 
root - WARNING - {'name': 'default-server-secret.173e5f470c19809d', 'type': 'Normal', 'message': 'the special Secret default/default-server-secret was updated', 'dateevent': '2023-01-28 04:41:10+00:00'}
root - WARNING - 

-----------------------------------------
root - WARNING - 

-----------------------------------------
root - WARNING - General Log - 
root - WARNING - {'name': 'failuremanager-5447786f55-krstq.173e5f2fb6969a00', 'type': 'Normal', 'message': 'Successfully assigned default/failuremanager-5447786f55-krstq to minikube', 'dateevent': '2023-01-28 04:39:29+00:00'}
root - WARNING - 

-----------------------------------------
root - WARNING - 

-----------------------------------------
root - WARNING - General Log - 
root - WARNING - {'name': 'failuremanager-5447786f55-krstq.173e5f2fe38114ab', 'type': 'Normal', 'message': 'Pulling image "californibrs/failuremanager"', 'dateevent': '2023-01-28 04:39:30+00:00'}
root - WARNING - 

-----------------------------------------
root - WARNING - 

-----------------------------------------
root - WARNING - General Log - 
root - WARNING - {'name': 'failuremanager-5447786f55-krstq.173e5f679f07e07a', 'type': 'Normal', 'message': 'Successfully pulled image "californibrs/failuremanager"', 'dateevent': '2023-01-28 04:43:30+00:00'}
root - WARNING - 

-----------------------------------------
root - WARNING - 

-----------------------------------------
root - WARNING - General Log - 
root - WARNING - {'name': 'failuremanager-5447786f55-krstq.173e5f6a5d7e6c0e', 'type': 'Normal', 'message': 'Created container failuremanager', 'dateevent': '2023-01-28 04:43:41+00:00'}
root - WARNING - 

-----------------------------------------
root - WARNING - 

-----------------------------------------
root - WARNING - General Log - 
root - WARNING - {'name': 'failuremanager-5447786f55-krstq.173e5f6a6e645e1b', 'type': 'Normal', 'message': 'Started container failuremanager', 'dateevent': '2023-01-28 04:43:42+00:00'}
root - WARNING - 

-----------------------------------------
root - WARNING - 

-----------------------------------------
root - WARNING - General Log - 
root - WARNING - {'name': 'failuremanager-5447786f55.173e5f2fb5a473a0', 'type': 'Normal', 'message': 'Created pod: failuremanager-5447786f55-krstq', 'dateevent': '2023-01-28 04:39:29+00:00'}
root - WARNING - 

-----------------------------------------
root - WARNING - 

-----------------------------------------
root - WARNING - General Log - 
root - WARNING - {'name': 'failuremanager-ingress.173e5f4703e4eddb', 'type': 'Normal', 'message': 'Configuration for default/failuremanager-ingress was added or updated', 'dateevent': '2023-01-28 04:41:10+00:00'}
root - WARNING - 

-----------------------------------------
root - WARNING - 

-----------------------------------------
root - WARNING - General Log - 
root - WARNING - {'name': 'failuremanager-ingress.173e5f47148a2b0c', 'type': 'Normal', 'message': 'Configuration for default/failuremanager-ingress was updated ', 'dateevent': '2023-01-28 04:41:10+00:00'}
root - WARNING - 

-----------------------------------------
root - WARNING - 

-----------------------------------------
root - WARNING - General Log - 
root - WARNING - {'name': 'failuremanager.173e5f2fb55bf5ec', 'type': 'Normal', 'message': 'Scaled up replica set failuremanager-5447786f55 to 1', 'dateevent': '2023-01-28 04:39:29+00:00'}
root - WARNING - 

-----------------------------------------
root - WARNING - 

-----------------------------------------
root - WARNING - General Log - 
root - WARNING - {'name': 'failuremonitor-747764f996-t4qbm.173e5f2ffbf2a3a1', 'type': 'Normal', 'message': 'Successfully assigned default/failuremonitor-747764f996-t4qbm to minikube', 'dateevent': '2023-01-28 04:39:31+00:00'}
root - WARNING - 

-----------------------------------------
root - WARNING - 

-----------------------------------------
root - WARNING - General Log - 
root - WARNING - {'name': 'failuremonitor-747764f996-t4qbm.173e5f3030840ffe', 'type': 'Normal', 'message': 'Pulling image "californibrs/failuremonitor"', 'dateevent': '2023-01-28 04:39:32+00:00'}
root - WARNING - 

-----------------------------------------
root - WARNING - 

-----------------------------------------
root - WARNING - General Log - 
root - WARNING - {'name': 'failuremonitor-747764f996-t4qbm.173e5f7905c2266d', 'type': 'Normal', 'message': 'Successfully pulled image "californibrs/failuremonitor"', 'dateevent': '2023-01-28 04:44:44+00:00'}
root - WARNING - 

-----------------------------------------
root - WARNING - 

-----------------------------------------
root - WARNING - General Log - 
root - WARNING - {'name': 'failuremonitor-747764f996-t4qbm.173e5f79577b8e87', 'type': 'Normal', 'message': 'Created container failuremonitor', 'dateevent': '2023-01-28 04:44:46+00:00'}
root - WARNING - 

-----------------------------------------
root - WARNING - 

-----------------------------------------
root - WARNING - General Log - 
root - WARNING - {'name': 'failuremonitor-747764f996-t4qbm.173e5f79699b835e', 'type': 'Normal', 'message': 'Started container failuremonitor', 'dateevent': '2023-01-28 04:44:46+00:00'}
root - WARNING - 

-----------------------------------------
root - WARNING - 

-----------------------------------------
root - WARNING - General Log - 
root - WARNING - {'name': 'failuremonitor-747764f996.173e5f2fba5e8119', 'type': 'Warning', 'message': 'Error creating: pods "failuremonitor-747764f996-" is forbidden: error looking up service account default/kubow-user: serviceaccount "kubow-user" not found', 'dateevent': '2023-01-28 04:39:30+00:00'}
root - WARNING - 

-----------------------------------------
root - WARNING - 

-----------------------------------------
root - WARNING - General Log - 
root - WARNING - {'name': 'failuremonitor-747764f996.173e5f2ffb8d0b0e', 'type': 'Normal', 'message': 'Created pod: failuremonitor-747764f996-t4qbm', 'dateevent': '2023-01-28 04:39:31+00:00'}
root - WARNING - 

-----------------------------------------
root - WARNING - 

-----------------------------------------
root - WARNING - General Log - 
root - WARNING - {'name': 'failuremonitor.173e5f2fba190b1f', 'type': 'Normal', 'message': 'Scaled up replica set failuremonitor-747764f996 to 1', 'dateevent': '2023-01-28 04:39:30+00:00'}
root - WARNING - 

-----------------------------------------
root - WARNING - 

-----------------------------------------
root - WARNING - General Log - 
root - WARNING - {'name': 'fidelitya-778c6c6b8b-kdv7z.173e5f2e82870c0f', 'type': 'Normal', 'message': 'Successfully assigned default/fidelitya-778c6c6b8b-kdv7z to minikube', 'dateevent': '2023-01-28 04:39:24+00:00'}
root - WARNING - 

-----------------------------------------
root - WARNING - 

-----------------------------------------
root - WARNING - General Log - 
root - WARNING - {'name': 'fidelitya-778c6c6b8b-kdv7z.173e5f2ec1f1b4ce', 'type': 'Normal', 'message': 'Pulling image "cmendes/kubow:yellow-2"', 'dateevent': '2023-01-28 04:39:25+00:00'}
root - WARNING - 

-----------------------------------------
root - WARNING - 

-----------------------------------------
root - WARNING - General Log - 
root - WARNING - {'name': 'fidelitya-778c6c6b8b-kdv7z.173e5f5a8100193f', 'type': 'Normal', 'message': 'Successfully pulled image "cmendes/kubow:yellow-2"', 'dateevent': '2023-01-28 04:42:33+00:00'}
root - WARNING - 

-----------------------------------------
root - WARNING - 

-----------------------------------------
root - WARNING - General Log - 
root - WARNING - {'name': 'fidelitya-778c6c6b8b-kdv7z.173e5f5b495058fd', 'type': 'Normal', 'message': 'Created container kubow', 'dateevent': '2023-01-28 04:42:37+00:00'}
root - WARNING - 

-----------------------------------------
root - WARNING - 

-----------------------------------------
root - WARNING - General Log - 
root - WARNING - {'name': 'fidelitya-778c6c6b8b-kdv7z.173e5f5b58da0489', 'type': 'Normal', 'message': 'Started container kubow', 'dateevent': '2023-01-28 04:42:37+00:00'}
root - WARNING - 

-----------------------------------------
root - WARNING - 

-----------------------------------------
root - WARNING - General Log - 
root - WARNING - {'name': 'fidelitya-778c6c6b8b.173e5f2e81352360', 'type': 'Normal', 'message': 'Created pod: fidelitya-778c6c6b8b-kdv7z', 'dateevent': '2023-01-28 04:39:24+00:00'}
root - WARNING - 

-----------------------------------------
root - WARNING - 

-----------------------------------------
root - WARNING - General Log - 
root - WARNING - {'name': 'fidelitya.173e5f2e80ae389f', 'type': 'Normal', 'message': 'Scaled up replica set fidelitya-778c6c6b8b to 1', 'dateevent': '2023-01-28 04:39:24+00:00'}
root - WARNING - 

-----------------------------------------
root - WARNING - 

-----------------------------------------
root - WARNING - 

Captured event for Metacontroller and microcontrollers: 
root - WARNING - 

 MetaController has adapted the microcontrollers.
root - WARNING - {'name': 'fidelitya.173e5f2e80ae389f', 'type': 'Normal', 'message': 'Scaled up replica set fidelitya-778c6c6b8b to 1', 'dateevent': '2023-01-28 04:39:24+00:00'}
root - WARNING - 

-----------------------------------------
root - WARNING - 

-----------------------------------------
root - WARNING - General Log - 
root - WARNING - {'name': 'grafana-84cfffc84f-rnbwx.173e5f2d8c2c80b9', 'type': 'Normal', 'message': 'Successfully assigned default/grafana-84cfffc84f-rnbwx to minikube', 'dateevent': '2023-01-28 04:39:20+00:00'}
root - WARNING - 

-----------------------------------------
root - WARNING - 

-----------------------------------------
root - WARNING - General Log - 
root - WARNING - {'name': 'grafana-84cfffc84f-rnbwx.173e5f2dce5b9ee9', 'type': 'Normal', 'message': 'Pulling image "grafana/grafana:6.4.2"', 'dateevent': '2023-01-28 04:39:21+00:00'}
root - WARNING - 

-----------------------------------------
root - WARNING - 

-----------------------------------------
root - WARNING - General Log - 
root - WARNING - {'name': 'grafana-84cfffc84f-rnbwx.173e5f3b449ae294', 'type': 'Normal', 'message': 'Successfully pulled image "grafana/grafana:6.4.2"', 'dateevent': '2023-01-28 04:40:19+00:00'}
root - WARNING - 

-----------------------------------------
root - WARNING - 

-----------------------------------------
root - WARNING - General Log - 
root - WARNING - {'name': 'grafana-84cfffc84f-rnbwx.173e5f3b94e40d91', 'type': 'Normal', 'message': 'Created container grafana', 'dateevent': '2023-01-28 04:40:20+00:00'}
root - WARNING - 

-----------------------------------------
root - WARNING - 

-----------------------------------------
root - WARNING - General Log - 
root - WARNING - {'name': 'grafana-84cfffc84f-rnbwx.173e5f3ba035857e', 'type': 'Normal', 'message': 'Started container grafana', 'dateevent': '2023-01-28 04:40:21+00:00'}
root - WARNING - 

-----------------------------------------
root - WARNING - 

-----------------------------------------
root - WARNING - General Log - 
root - WARNING - {'name': 'grafana-84cfffc84f-rnbwx.173e5f3c0fa13179', 'type': 'Warning', 'message': 'Readiness probe failed: Get http://172.17.0.5:3000/api/health: dial tcp 172.17.0.5:3000: connect: connection refused', 'dateevent': '2023-01-28 04:40:22+00:00'}
root - WARNING - 

-----------------------------------------
root - WARNING - 

-----------------------------------------
root - WARNING - General Log - 
root - WARNING - {'name': 'grafana-84cfffc84f.173e5f2d8b935502', 'type': 'Normal', 'message': 'Created pod: grafana-84cfffc84f-rnbwx', 'dateevent': '2023-01-28 04:39:20+00:00'}
root - WARNING - 

-----------------------------------------
root - WARNING - 

-----------------------------------------
root - WARNING - General Log - 
root - WARNING - {'name': 'grafana.173e5f2d89f877cd', 'type': 'Normal', 'message': 'Scaled up replica set grafana-84cfffc84f to 1', 'dateevent': '2023-01-28 04:39:20+00:00'}
root - WARNING - 

-----------------------------------------
root - WARNING - 

-----------------------------------------
root - WARNING - General Log - 
root - WARNING - {'name': 'ingress-kube-znn.173e5f46fb736044', 'type': 'Normal', 'message': 'Configuration for default/ingress-kube-znn was added or updated', 'dateevent': '2023-01-28 04:41:09+00:00'}
root - WARNING - 

-----------------------------------------
root - WARNING - 

-----------------------------------------
root - WARNING - General Log - 
root - WARNING - {'name': 'ingress-kube-znn.173e5f47148a1b08', 'type': 'Normal', 'message': 'Configuration for default/ingress-kube-znn was updated ', 'dateevent': '2023-01-28 04:41:10+00:00'}
root - WARNING - 

-----------------------------------------
root - WARNING - 

-----------------------------------------
root - WARNING - General Log - 
root - WARNING - {'name': 'k6-m76dg.173e5f37839fd28f', 'type': 'Normal', 'message': 'Successfully assigned default/k6-m76dg to minikube', 'dateevent': '2023-01-28 04:40:03+00:00'}
root - WARNING - 

-----------------------------------------
root - WARNING - 

-----------------------------------------
root - WARNING - General Log - 
root - WARNING - {'name': 'k6-m76dg.173e5f37b5cc277e', 'type': 'Normal', 'message': 'Pulling image "loadimpact/k6"', 'dateevent': '2023-01-28 04:40:04+00:00'}
root - WARNING - 

-----------------------------------------
root - WARNING - 

-----------------------------------------
root - WARNING - General Log - 
root - WARNING - {'name': 'k6-m76dg.173e5f7a970821d0', 'type': 'Normal', 'message': 'Successfully pulled image "loadimpact/k6"', 'dateevent': '2023-01-28 04:44:51+00:00'}
root - WARNING - 

-----------------------------------------
root - WARNING - 

-----------------------------------------
root - WARNING - General Log - 
root - WARNING - {'name': 'k6-m76dg.173e5f7ab259321c', 'type': 'Normal', 'message': 'Created container k6', 'dateevent': '2023-01-28 04:44:52+00:00'}
root - WARNING - 

-----------------------------------------
root - WARNING - 

-----------------------------------------
root - WARNING - General Log - 
root - WARNING - {'name': 'k6-m76dg.173e5f7ac6aab005', 'type': 'Normal', 'message': 'Started container k6', 'dateevent': '2023-01-28 04:44:52+00:00'}
root - WARNING - 

-----------------------------------------
root - WARNING - 

-----------------------------------------
root - WARNING - General Log - 
root - WARNING - {'name': 'k6.173e5f37837467fd', 'type': 'Normal', 'message': 'Created pod: k6-m76dg', 'dateevent': '2023-01-28 04:40:03+00:00'}
root - WARNING - 

-----------------------------------------
root - WARNING - 

-----------------------------------------
root - WARNING - General Log - 
root - WARNING - {'name': 'kube-state-metrics-6579fc54cc-jl6kh.173e5f2d8d712d3b', 'type': 'Normal', 'message': 'Successfully assigned default/kube-state-metrics-6579fc54cc-jl6kh to minikube', 'dateevent': '2023-01-28 04:39:20+00:00'}
root - WARNING - 

-----------------------------------------
root - WARNING - 

-----------------------------------------
root - WARNING - General Log - 
root - WARNING - {'name': 'kube-state-metrics-6579fc54cc-jl6kh.173e5f2dcc1adc8c', 'type': 'Normal', 'message': 'Pulling image "quay.io/coreos/kube-state-metrics:v1.9.5"', 'dateevent': '2023-01-28 04:39:21+00:00'}
root - WARNING - 

-----------------------------------------
root - WARNING - 

-----------------------------------------
root - WARNING - General Log - 
root - WARNING - {'name': 'kube-state-metrics-6579fc54cc-jl6kh.173e5f38e751a326', 'type': 'Normal', 'message': 'Successfully pulled image "quay.io/coreos/kube-state-metrics:v1.9.5"', 'dateevent': '2023-01-28 04:40:09+00:00'}
root - WARNING - 

-----------------------------------------
root - WARNING - 

-----------------------------------------
root - WARNING - General Log - 
root - WARNING - {'name': 'kube-state-metrics-6579fc54cc-jl6kh.173e5f38f5436502', 'type': 'Normal', 'message': 'Created container kube-state-metrics', 'dateevent': '2023-01-28 04:40:09+00:00'}
root - WARNING - 

-----------------------------------------
root - WARNING - 

-----------------------------------------
root - WARNING - General Log - 
root - WARNING - {'name': 'kube-state-metrics-6579fc54cc-jl6kh.173e5f3901acf1b7', 'type': 'Normal', 'message': 'Started container kube-state-metrics', 'dateevent': '2023-01-28 04:40:09+00:00'}
root - WARNING - 

-----------------------------------------
root - WARNING - 

-----------------------------------------
root - WARNING - General Log - 
root - WARNING - {'name': 'kube-state-metrics-6579fc54cc.173e5f2d8cb77dcc', 'type': 'Normal', 'message': 'Created pod: kube-state-metrics-6579fc54cc-jl6kh', 'dateevent': '2023-01-28 04:39:20+00:00'}
root - WARNING - 

-----------------------------------------
root - WARNING - 

-----------------------------------------
root - WARNING - General Log - 
root - WARNING - {'name': 'kube-state-metrics.173e5f2d8c3247ee', 'type': 'Normal', 'message': 'Scaled up replica set kube-state-metrics-6579fc54cc to 1', 'dateevent': '2023-01-28 04:39:20+00:00'}
root - WARNING - 

-----------------------------------------
root - WARNING - 

-----------------------------------------
root - WARNING - General Log - 
root - WARNING - {'name': 'kube-znn-68bd9d6b5b-4ln5c.173e5f2df56ea66c', 'type': 'Normal', 'message': 'Successfully assigned default/kube-znn-68bd9d6b5b-4ln5c to minikube', 'dateevent': '2023-01-28 04:39:22+00:00'}
root - WARNING - 

-----------------------------------------
root - WARNING - 

-----------------------------------------
root - WARNING - General Log - 
root - WARNING - {'name': 'kube-znn-68bd9d6b5b-4ln5c.173e5f2e377290cd', 'type': 'Warning', 'message': 'MountVolume.SetUp failed for volume "nginx-config-volume" : failed to sync configmap cache: timed out waiting for the condition', 'dateevent': '2023-01-28 04:39:23+00:00'}
root - WARNING - 

-----------------------------------------
root - WARNING - 

-----------------------------------------
root - WARNING - General Log - 
root - WARNING - {'name': 'kube-znn-68bd9d6b5b-4ln5c.173e5f2e37744db3', 'type': 'Warning', 'message': 'MountVolume.SetUp failed for volume "default-token-55898" : failed to sync secret cache: timed out waiting for the condition', 'dateevent': '2023-01-28 04:39:23+00:00'}
root - WARNING - 

-----------------------------------------
root - WARNING - 

-----------------------------------------
root - WARNING - General Log - 
root - WARNING - {'name': 'kube-znn-68bd9d6b5b-4ln5c.173e5f2e8ee20f28', 'type': 'Normal', 'message': 'Pulling image "cmendes/znn:800k"', 'dateevent': '2023-01-28 04:39:24+00:00'}
root - WARNING - 

-----------------------------------------
root - WARNING - 

-----------------------------------------
root - WARNING - General Log - 
root - WARNING - {'name': 'kube-znn-68bd9d6b5b-4ln5c.173e5f4995aad283', 'type': 'Warning', 'message': 'Failed to pull image "cmendes/znn:800k": rpc error: code = Unknown desc = Error response from daemon: Head "https://registry-1.docker.io/v2/cmendes/znn/manifests/800k": Get "https://auth.docker.io/token?scope=repository%3Acmendes%2Fznn%3Apull&service=registry.docker.io": dial tcp: lookup auth.docker.io on 172.27.176.1:53: read udp 172.27.182.222:36392->172.27.176.1:53: i/o timeout', 'dateevent': '2023-01-28 04:41:21+00:00'}
root - WARNING - 

-----------------------------------------
root - WARNING - 

-----------------------------------------
root - WARNING - General Log - 
root - WARNING - {'name': 'kube-znn-68bd9d6b5b-4ln5c.173e5f4995ab22fb', 'type': 'Warning', 'message': 'Error: ErrImagePull', 'dateevent': '2023-01-28 04:41:21+00:00'}
root - WARNING - 

-----------------------------------------
root - WARNING - 

-----------------------------------------
root - WARNING - General Log - 
root - WARNING - {'name': 'kube-znn-68bd9d6b5b-4ln5c.173e5f4995d407b1', 'type': 'Normal', 'message': 'Pulling image "openresty/openresty:alpine-fat"', 'dateevent': '2023-01-28 04:41:21+00:00'}
root - WARNING - 

-----------------------------------------
root - WARNING - 

-----------------------------------------
root - WARNING - General Log - 
root - WARNING - {'name': 'kube-znn-68bd9d6b5b.173e5f2df522fff2', 'type': 'Normal', 'message': 'Created pod: kube-znn-68bd9d6b5b-4ln5c', 'dateevent': '2023-01-28 04:39:22+00:00'}
root - WARNING - 

-----------------------------------------
root - WARNING - 

-----------------------------------------
root - WARNING - General Log - 
root - WARNING - {'name': 'kube-znn-db-6cc48797cf-9bkg9.173e5f2df8c32fb6', 'type': 'Normal', 'message': 'Successfully assigned default/kube-znn-db-6cc48797cf-9bkg9 to minikube', 'dateevent': '2023-01-28 04:39:22+00:00'}
root - WARNING - 

-----------------------------------------
root - WARNING - 

-----------------------------------------
root - WARNING - General Log - 
root - WARNING - {'name': 'kube-znn-db-6cc48797cf-9bkg9.173e5f2e3d6dfdd1', 'type': 'Warning', 'message': 'MountVolume.SetUp failed for volume "default-token-55898" : failed to sync secret cache: timed out waiting for the condition', 'dateevent': '2023-01-28 04:39:23+00:00'}
root - WARNING - 

-----------------------------------------
root - WARNING - 

-----------------------------------------
root - WARNING - General Log - 
root - WARNING - {'name': 'kube-znn-db-6cc48797cf-9bkg9.173e5f2e8fbb439f', 'type': 'Normal', 'message': 'Pulling image "mysql:5.6"', 'dateevent': '2023-01-28 04:39:25+00:00'}
root - WARNING - 

-----------------------------------------
root - WARNING - 

-----------------------------------------
root - WARNING - General Log - 
root - WARNING - {'name': 'kube-znn-db-6cc48797cf-9bkg9.173e5f4bea78bd34', 'type': 'Warning', 'message': 'Failed to pull image "mysql:5.6": rpc error: code = Unknown desc = Error response from daemon: Get "https://registry-1.docker.io/v2/": dial tcp: lookup registry-1.docker.io on 172.27.176.1:53: read udp 172.27.182.222:54205->172.27.176.1:53: i/o timeout', 'dateevent': '2023-01-28 04:41:31+00:00'}
root - WARNING - 

-----------------------------------------
root - WARNING - 

-----------------------------------------
root - WARNING - General Log - 
root - WARNING - {'name': 'kube-znn-db-6cc48797cf-9bkg9.173e5f4bea78fcdf', 'type': 'Warning', 'message': 'Error: ErrImagePull', 'dateevent': '2023-01-28 04:41:31+00:00'}
root - WARNING - 

-----------------------------------------
root - WARNING - 

-----------------------------------------
root - WARNING - General Log - 
root - WARNING - {'name': 'kube-znn-db-6cc48797cf-9bkg9.173e5f4bfffb0e57', 'type': 'Normal', 'message': 'Back-off pulling image "mysql:5.6"', 'dateevent': '2023-01-28 04:41:31+00:00'}
root - WARNING - 

-----------------------------------------
root - WARNING - 

-----------------------------------------
root - WARNING - General Log - 
root - WARNING - {'name': 'kube-znn-db-6cc48797cf-9bkg9.173e5f4bfffb5122', 'type': 'Warning', 'message': 'Error: ImagePullBackOff', 'dateevent': '2023-01-28 04:41:31+00:00'}
root - WARNING - 

-----------------------------------------
root - WARNING - 

-----------------------------------------
root - WARNING - General Log - 
root - WARNING - {'name': 'kube-znn-db-6cc48797cf.173e5f2df82feddc', 'type': 'Normal', 'message': 'Created pod: kube-znn-db-6cc48797cf-9bkg9', 'dateevent': '2023-01-28 04:39:22+00:00'}
root - WARNING - 

-----------------------------------------
root - WARNING - 

-----------------------------------------
root - WARNING - General Log - 
root - WARNING - {'name': 'kube-znn-db.173e5f2df5cf587b', 'type': 'Normal', 'message': 'Scaled up replica set kube-znn-db-6cc48797cf to 1', 'dateevent': '2023-01-28 04:39:22+00:00'}
root - WARNING - 

-----------------------------------------
root - WARNING - 

-----------------------------------------
root - WARNING - 

Captured event for znn: 
root - WARNING - {'name': 'kube-znn-db.173e5f2df5cf587b', 'type': 'Normal', 'message': 'Scaled up replica set kube-znn-db-6cc48797cf to 1', 'dateevent': '2023-01-28 04:39:22+00:00', 'image': 'cmendes/znn:800k', 'replicas': 1, 'imageChanges': 0, 'replicasChanges': 1}
root - WARNING - 

-----------------------------------------
root - WARNING - 

-----------------------------------------
root - WARNING - General Log - 
root - WARNING - {'name': 'kube-znn.173e5f2df4b5baee', 'type': 'Normal', 'message': 'Scaled up replica set kube-znn-68bd9d6b5b to 1', 'dateevent': '2023-01-28 04:39:22+00:00'}
root - WARNING - 

-----------------------------------------
root - WARNING - 

-----------------------------------------
root - WARNING - 

Captured event for znn: 
root - WARNING - {'name': 'kube-znn.173e5f2df4b5baee', 'type': 'Normal', 'message': 'Scaled up replica set kube-znn-68bd9d6b5b to 1', 'dateevent': '2023-01-28 04:39:22+00:00', 'image': 'cmendes/znn:800k', 'replicas': 1, 'imageChanges': 0, 'replicasChanges': 1}
root - WARNING - 

-----------------------------------------
root - WARNING - 

-----------------------------------------
root - WARNING - General Log - 
root - WARNING - {'name': 'metacontroller-kubow-8479d7588d-zx9vx.173e5f302b9f6a21', 'type': 'Normal', 'message': 'Successfully assigned default/metacontroller-kubow-8479d7588d-zx9vx to minikube', 'dateevent': '2023-01-28 04:39:31+00:00'}
root - WARNING - 

-----------------------------------------
root - WARNING - 

-----------------------------------------
root - WARNING - General Log - 
root - WARNING - {'name': 'metacontroller-kubow-8479d7588d-zx9vx.173e5f3061e3bb1f', 'type': 'Normal', 'message': 'Pulling image "cmendes/kubow:yellow-2"', 'dateevent': '2023-01-28 04:39:32+00:00'}
root - WARNING - 

-----------------------------------------
root - WARNING - 

-----------------------------------------
root - WARNING - General Log - 
root - WARNING - {'name': 'metacontroller-kubow-8479d7588d-zx9vx.173e5f7967c0a3f6', 'type': 'Normal', 'message': 'Successfully pulled image "cmendes/kubow:yellow-2"', 'dateevent': '2023-01-28 04:44:46+00:00'}
root - WARNING - 

-----------------------------------------
root - WARNING - 

-----------------------------------------
root - WARNING - General Log - 
root - WARNING - {'name': 'metacontroller-kubow-8479d7588d-zx9vx.173e5f79b8e8ca84', 'type': 'Normal', 'message': 'Created container kubow', 'dateevent': '2023-01-28 04:44:47+00:00'}
root - WARNING - 

-----------------------------------------
root - WARNING - 

-----------------------------------------
root - WARNING - General Log - 
root - WARNING - {'name': 'metacontroller-kubow-8479d7588d-zx9vx.173e5f79ccccc994', 'type': 'Normal', 'message': 'Started container kubow', 'dateevent': '2023-01-28 04:44:48+00:00'}
root - WARNING - 

-----------------------------------------
root - WARNING - 

-----------------------------------------
root - WARNING - General Log - 
root - WARNING - {'name': 'metacontroller-kubow-8479d7588d.173e5f302a82bd66', 'type': 'Normal', 'message': 'Created pod: metacontroller-kubow-8479d7588d-zx9vx', 'dateevent': '2023-01-28 04:39:31+00:00'}
root - WARNING - 

-----------------------------------------
root - WARNING - 

-----------------------------------------
root - WARNING - General Log - 
root - WARNING - {'name': 'metacontroller-kubow.173e5f3029ecb5c9', 'type': 'Normal', 'message': 'Scaled up replica set metacontroller-kubow-8479d7588d to 1', 'dateevent': '2023-01-28 04:39:31+00:00'}
root - WARNING - 

-----------------------------------------
root - WARNING - 

-----------------------------------------
root - WARNING - General Log - 
root - WARNING - {'name': 'minikube.173e5f268ef1550f', 'type': 'Normal', 'message': 'Node minikube status is now: NodeHasSufficientMemory', 'dateevent': '2023-01-28 04:38:58+00:00'}
root - WARNING - 

-----------------------------------------
root - WARNING - 

-----------------------------------------
root - WARNING - General Log - 
root - WARNING - {'name': 'minikube.173e5f268ef1e533', 'type': 'Normal', 'message': 'Node minikube status is now: NodeHasNoDiskPressure', 'dateevent': '2023-01-28 04:38:59+00:00'}
root - WARNING - 

-----------------------------------------
root - WARNING - 

-----------------------------------------
root - WARNING - General Log - 
root - WARNING - {'name': 'minikube.173e5f268ef1ffc3', 'type': 'Normal', 'message': 'Node minikube status is now: NodeHasSufficientPID', 'dateevent': '2023-01-28 04:38:59+00:00'}
root - WARNING - 

-----------------------------------------
root - WARNING - 

-----------------------------------------
root - WARNING - General Log - 
root - WARNING - {'name': 'minikube.173e5f2c667444cc', 'type': 'Normal', 'message': 'Node minikube event: Registered Node minikube in Controller', 'dateevent': '2023-01-28 04:39:15+00:00'}
root - WARNING - 

-----------------------------------------
root - WARNING - 

-----------------------------------------
root - WARNING - General Log - 
root - WARNING - {'name': 'minikube.173e5f2caaabb0cf', 'type': 'Normal', 'message': 'Starting kube-proxy.', 'dateevent': '2023-01-28 04:39:16+00:00'}
root - WARNING - 

-----------------------------------------
root - WARNING - 

-----------------------------------------
root - WARNING - General Log - 
root - WARNING - {'name': 'nginx-config.173e5f471489a705', 'type': 'Normal', 'message': 'Configuration from default/nginx-config was updated ', 'dateevent': '2023-01-28 04:41:10+00:00'}
root - WARNING - 

-----------------------------------------
root - WARNING - 

-----------------------------------------
root - WARNING - General Log - 
root - WARNING - {'name': 'nginx-ingress-7f5885d87c-ksbs6.173e5f2e15c61851', 'type': 'Normal', 'message': 'Successfully assigned default/nginx-ingress-7f5885d87c-ksbs6 to minikube', 'dateevent': '2023-01-28 04:39:22+00:00'}
root - WARNING - 

-----------------------------------------
root - WARNING - 

-----------------------------------------
root - WARNING - General Log - 
root - WARNING - {'name': 'nginx-ingress-7f5885d87c-ksbs6.173e5f2e46103e3d', 'type': 'Normal', 'message': 'Pulling image "nginx/nginx-ingress:1.7.0"', 'dateevent': '2023-01-28 04:39:23+00:00'}
root - WARNING - 

-----------------------------------------
root - WARNING - 

-----------------------------------------
root - WARNING - General Log - 
root - WARNING - {'name': 'nginx-ingress-7f5885d87c-ksbs6.173e5f46883dc78e', 'type': 'Normal', 'message': 'Successfully pulled image "nginx/nginx-ingress:1.7.0"', 'dateevent': '2023-01-28 04:41:07+00:00'}
root - WARNING - 

-----------------------------------------
root - WARNING - 

-----------------------------------------
root - WARNING - General Log - 
root - WARNING - {'name': 'nginx-ingress-7f5885d87c-ksbs6.173e5f46e3be565f', 'type': 'Normal', 'message': 'Created container nginx-ingress', 'dateevent': '2023-01-28 04:41:09+00:00'}
root - WARNING - 

-----------------------------------------
root - WARNING - 

-----------------------------------------
root - WARNING - General Log - 
root - WARNING - {'name': 'nginx-ingress-7f5885d87c-ksbs6.173e5f46ee09cce8', 'type': 'Normal', 'message': 'Started container nginx-ingress', 'dateevent': '2023-01-28 04:41:09+00:00'}
root - WARNING - 

-----------------------------------------
root - WARNING - 

-----------------------------------------
root - WARNING - General Log - 
root - WARNING - {'name': 'nginx-ingress-7f5885d87c.173e5f2e10a89008', 'type': 'Warning', 'message': 'Error creating: pods "nginx-ingress-7f5885d87c-" is forbidden: error looking up service account default/nginx-ingress: serviceaccount "nginx-ingress" not found', 'dateevent': '2023-01-28 04:39:22+00:00'}
root - WARNING - 

-----------------------------------------
root - WARNING - 

-----------------------------------------
root - WARNING - General Log - 
root - WARNING - {'name': 'nginx-ingress-7f5885d87c.173e5f2e151d3cb3', 'type': 'Normal', 'message': 'Created pod: nginx-ingress-7f5885d87c-ksbs6', 'dateevent': '2023-01-28 04:39:22+00:00'}
root - WARNING - 

-----------------------------------------
root - WARNING - 

-----------------------------------------
root - WARNING - General Log - 
root - WARNING - {'name': 'nginx-ingress.173e5f2e0ffe1409', 'type': 'Normal', 'message': 'Scaled up replica set nginx-ingress-7f5885d87c to 1', 'dateevent': '2023-01-28 04:39:22+00:00'}
root - WARNING - 

-----------------------------------------
root - WARNING - 

-----------------------------------------
root - WARNING - General Log - 
root - WARNING - {'name': 'prometheus-7d59995979-m9xj7.173e5f2d8fa5530f', 'type': 'Normal', 'message': 'Successfully assigned default/prometheus-7d59995979-m9xj7 to minikube', 'dateevent': '2023-01-28 04:39:20+00:00'}
root - WARNING - 

-----------------------------------------
root - WARNING - 

-----------------------------------------
root - WARNING - General Log - 
root - WARNING - {'name': 'prometheus-7d59995979-m9xj7.173e5f2dd3b0133a', 'type': 'Normal', 'message': 'Pulling image "prom/prometheus:v2.16.0"', 'dateevent': '2023-01-28 04:39:21+00:00'}
root - WARNING - 

-----------------------------------------
root - WARNING - 

-----------------------------------------
root - WARNING - General Log - 
root - WARNING - {'name': 'prometheus-7d59995979-m9xj7.173e5f3d1bfbb28c', 'type': 'Normal', 'message': 'Successfully pulled image "prom/prometheus:v2.16.0"', 'dateevent': '2023-01-28 04:40:27+00:00'}
root - WARNING - 

-----------------------------------------
root - WARNING - 

-----------------------------------------
root - WARNING - General Log - 
root - WARNING - {'name': 'prometheus-7d59995979-m9xj7.173e5f3d52559cb6', 'type': 'Normal', 'message': 'Created container prometheus', 'dateevent': '2023-01-28 04:40:28+00:00'}
root - WARNING - 

-----------------------------------------
root - WARNING - 

-----------------------------------------
root - WARNING - General Log - 
root - WARNING - {'name': 'prometheus-7d59995979-m9xj7.173e5f3d5d543bec', 'type': 'Normal', 'message': 'Started container prometheus', 'dateevent': '2023-01-28 04:40:28+00:00'}
root - WARNING - 

-----------------------------------------
root - WARNING - 

-----------------------------------------
root - WARNING - General Log - 
root - WARNING - {'name': 'prometheus-7d59995979.173e5f2d8e9921d7', 'type': 'Normal', 'message': 'Created pod: prometheus-7d59995979-m9xj7', 'dateevent': '2023-01-28 04:39:20+00:00'}
root - WARNING - 

-----------------------------------------
root - WARNING - 

-----------------------------------------
root - WARNING - General Log - 
root - WARNING - {'name': 'prometheus.173e5f2d8e0c59cf', 'type': 'Normal', 'message': 'Scaled up replica set prometheus-7d59995979 to 1', 'dateevent': '2023-01-28 04:39:20+00:00'}
root - WARNING - 

-----------------------------------------
root - WARNING - 

-----------------------------------------
root - WARNING - General Log - 
root - WARNING - {'name': 'scalabilitya-78d6cbbc7d-kdfjr.173e5f2eeb70c86d', 'type': 'Normal', 'message': 'Successfully assigned default/scalabilitya-78d6cbbc7d-kdfjr to minikube', 'dateevent': '2023-01-28 04:39:26+00:00'}
root - WARNING - 

-----------------------------------------
root - WARNING - 

-----------------------------------------
root - WARNING - 

Captured event for Metacontroller and microcontrollers: 
root - WARNING - 

 MetaController has adapted the microcontrollers.
root - WARNING - {'name': 'scalabilitya-78d6cbbc7d-kdfjr.173e5f2eeb70c86d', 'type': 'Normal', 'message': 'Successfully assigned default/scalabilitya-78d6cbbc7d-kdfjr to minikube', 'dateevent': '2023-01-28 04:39:26+00:00'}
root - WARNING - 

-----------------------------------------
root - WARNING - 

-----------------------------------------
root - WARNING - General Log - 
root - WARNING - {'name': 'scalabilitya-78d6cbbc7d-kdfjr.173e5f2f1ac2a47f', 'type': 'Normal', 'message': 'Pulling image "cmendes/kubow:yellow-2"', 'dateevent': '2023-01-28 04:39:27+00:00'}
root - WARNING - 

-----------------------------------------
root - WARNING - 

-----------------------------------------
root - WARNING - 

Captured event for Metacontroller and microcontrollers: 
root - WARNING - 

 MetaController has adapted the microcontrollers.
root - WARNING - {'name': 'scalabilitya-78d6cbbc7d-kdfjr.173e5f2f1ac2a47f', 'type': 'Normal', 'message': 'Pulling image "cmendes/kubow:yellow-2"', 'dateevent': '2023-01-28 04:39:27+00:00'}
root - WARNING - 

-----------------------------------------
root - WARNING - 

-----------------------------------------
root - WARNING - General Log - 
root - WARNING - {'name': 'scalabilitya-78d6cbbc7d-kdfjr.173e5f5b463763df', 'type': 'Normal', 'message': 'Successfully pulled image "cmendes/kubow:yellow-2"', 'dateevent': '2023-01-28 04:42:37+00:00'}
root - WARNING - 

-----------------------------------------
root - WARNING - 

-----------------------------------------
root - WARNING - 

Captured event for Metacontroller and microcontrollers: 
root - WARNING - 

 MetaController has adapted the microcontrollers.
root - WARNING - {'name': 'scalabilitya-78d6cbbc7d-kdfjr.173e5f5b463763df', 'type': 'Normal', 'message': 'Successfully pulled image "cmendes/kubow:yellow-2"', 'dateevent': '2023-01-28 04:42:37+00:00'}
root - WARNING - 

-----------------------------------------
root - WARNING - 

-----------------------------------------
root - WARNING - General Log - 
root - WARNING - {'name': 'scalabilitya-78d6cbbc7d-kdfjr.173e5f5b8bd426b4', 'type': 'Normal', 'message': 'Created container kubow', 'dateevent': '2023-01-28 04:42:38+00:00'}
root - WARNING - 

-----------------------------------------
root - WARNING - 

-----------------------------------------
root - WARNING - 

Captured event for Metacontroller and microcontrollers: 
root - WARNING - 

 MetaController has adapted the microcontrollers.
root - WARNING - {'name': 'scalabilitya-78d6cbbc7d-kdfjr.173e5f5b8bd426b4', 'type': 'Normal', 'message': 'Created container kubow', 'dateevent': '2023-01-28 04:42:38+00:00'}
root - WARNING - 

-----------------------------------------
root - WARNING - 

-----------------------------------------
root - WARNING - General Log - 
root - WARNING - {'name': 'scalabilitya-78d6cbbc7d-kdfjr.173e5f5b9d79bdbf', 'type': 'Normal', 'message': 'Started container kubow', 'dateevent': '2023-01-28 04:42:38+00:00'}
root - WARNING - 

-----------------------------------------
root - WARNING - 

-----------------------------------------
root - WARNING - 

Captured event for Metacontroller and microcontrollers: 
root - WARNING - 

 MetaController has adapted the microcontrollers.
root - WARNING - {'name': 'scalabilitya-78d6cbbc7d-kdfjr.173e5f5b9d79bdbf', 'type': 'Normal', 'message': 'Started container kubow', 'dateevent': '2023-01-28 04:42:38+00:00'}
root - WARNING - 

-----------------------------------------
root - WARNING - 

-----------------------------------------
root - WARNING - General Log - 
root - WARNING - {'name': 'scalabilitya-78d6cbbc7d.173e5f2eeb020e3c', 'type': 'Normal', 'message': 'Created pod: scalabilitya-78d6cbbc7d-kdfjr', 'dateevent': '2023-01-28 04:39:26+00:00'}
root - WARNING - 

-----------------------------------------
root - WARNING - 

-----------------------------------------
root - WARNING - 

Captured event for Metacontroller and microcontrollers: 
root - WARNING - 

 MetaController has adapted the microcontrollers.
root - WARNING - {'name': 'scalabilitya-78d6cbbc7d.173e5f2eeb020e3c', 'type': 'Normal', 'message': 'Created pod: scalabilitya-78d6cbbc7d-kdfjr', 'dateevent': '2023-01-28 04:39:26+00:00'}
root - WARNING - 

-----------------------------------------
root - WARNING - 

-----------------------------------------
root - WARNING - General Log - 
root - WARNING - {'name': 'scalabilitya.173e5f2ee9f8828b', 'type': 'Normal', 'message': 'Scaled up replica set scalabilitya-78d6cbbc7d to 1', 'dateevent': '2023-01-28 04:39:26+00:00'}
root - WARNING - 

-----------------------------------------
root - WARNING - 

-----------------------------------------
root - WARNING - 

Captured event for Metacontroller and microcontrollers: 
root - WARNING - 

 MetaController has adapted the microcontrollers.
root - WARNING - {'name': 'scalabilitya.173e5f2ee9f8828b', 'type': 'Normal', 'message': 'Scaled up replica set scalabilitya-78d6cbbc7d to 1', 'dateevent': '2023-01-28 04:39:26+00:00'}
root - WARNING - 

-----------------------------------------
root - WARNING - 

-----------------------------------------
root - WARNING - General Log - 
root - WARNING - {'name': 'coredns-5644d7b6d9-76jpg.173e5f2c85794a96', 'type': 'Normal', 'message': 'Successfully assigned kube-system/coredns-5644d7b6d9-76jpg to minikube', 'dateevent': '2023-01-28 04:39:16+00:00'}
root - WARNING - 

-----------------------------------------
root - WARNING - 

-----------------------------------------
root - WARNING - General Log - 
root - WARNING - {'name': 'coredns-5644d7b6d9-76jpg.173e5f2cb3e1696b', 'type': 'Normal', 'message': 'Container image "k8s.gcr.io/coredns:1.6.2" already present on machine', 'dateevent': '2023-01-28 04:39:17+00:00'}
root - WARNING - 

-----------------------------------------
root - WARNING - 

-----------------------------------------
root - WARNING - General Log - 
root - WARNING - {'name': 'coredns-5644d7b6d9-76jpg.173e5f2cb83a6342', 'type': 'Normal', 'message': 'Created container coredns', 'dateevent': '2023-01-28 04:39:17+00:00'}
root - WARNING - 

-----------------------------------------
root - WARNING - 

-----------------------------------------
root - WARNING - General Log - 
root - WARNING - {'name': 'coredns-5644d7b6d9-76jpg.173e5f2cc24a4ae6', 'type': 'Normal', 'message': 'Started container coredns', 'dateevent': '2023-01-28 04:39:17+00:00'}
root - WARNING - 

-----------------------------------------
root - WARNING - 

-----------------------------------------
root - WARNING - General Log - 
root - WARNING - {'name': 'coredns-5644d7b6d9.173e5f2c84ce0702', 'type': 'Normal', 'message': 'Created pod: coredns-5644d7b6d9-76jpg', 'dateevent': '2023-01-28 04:39:16+00:00'}
root - WARNING - 

-----------------------------------------
root - WARNING - 

-----------------------------------------
root - WARNING - General Log - 
root - WARNING - {'name': 'coredns.173e5f2c846a340f', 'type': 'Normal', 'message': 'Scaled up replica set coredns-5644d7b6d9 to 1', 'dateevent': '2023-01-28 04:39:16+00:00'}
root - WARNING - 

-----------------------------------------
root - WARNING - 

-----------------------------------------
root - WARNING - General Log - 
root - WARNING - {'name': 'etcd-minikube.173e5f272fa017ed', 'type': 'Normal', 'message': 'Container image "k8s.gcr.io/etcd:3.3.15-0" already present on machine', 'dateevent': '2023-01-28 04:39:03+00:00'}
root - WARNING - 

-----------------------------------------
root - WARNING - 

-----------------------------------------
root - WARNING - General Log - 
root - WARNING - {'name': 'etcd-minikube.173e5f27369d0ff6', 'type': 'Normal', 'message': 'Created container etcd', 'dateevent': '2023-01-28 04:39:03+00:00'}
root - WARNING - 

-----------------------------------------
root - WARNING - 

-----------------------------------------
root - WARNING - General Log - 
root - WARNING - {'name': 'etcd-minikube.173e5f2746274cf4', 'type': 'Normal', 'message': 'Started container etcd', 'dateevent': '2023-01-28 04:39:04+00:00'}
root - WARNING - 

-----------------------------------------
root - WARNING - 

-----------------------------------------
root - WARNING - General Log - 
root - WARNING - {'name': 'k8s.io-minikube-hostpath.173e5f36e54e60b5', 'type': 'Normal', 'message': 'minikube_7043c76d-f658-4f16-ba95-55be4c3827ac became leader', 'dateevent': '2023-01-28 04:40:00+00:00'}
root - WARNING - 

-----------------------------------------
root - WARNING - 

-----------------------------------------
root - WARNING - General Log - 
root - WARNING - {'name': 'kube-apiserver-minikube.173e5f272c8d0e58', 'type': 'Normal', 'message': 'Container image "k8s.gcr.io/kube-apiserver:v1.16.10" already present on machine', 'dateevent': '2023-01-28 04:39:02+00:00'}
root - WARNING - 

-----------------------------------------
root - WARNING - 

-----------------------------------------
root - WARNING - General Log - 
root - WARNING - {'name': 'kube-apiserver-minikube.173e5f2733b65ad0', 'type': 'Normal', 'message': 'Created container kube-apiserver', 'dateevent': '2023-01-28 04:39:03+00:00'}
root - WARNING - 

-----------------------------------------
root - WARNING - 

-----------------------------------------
root - WARNING - General Log - 
root - WARNING - {'name': 'kube-apiserver-minikube.173e5f273f66f026', 'type': 'Normal', 'message': 'Started container kube-apiserver', 'dateevent': '2023-01-28 04:39:04+00:00'}
root - WARNING - 

-----------------------------------------
root - WARNING - 

-----------------------------------------
root - WARNING - General Log - 
root - WARNING - {'name': 'kube-apiserver-minikube.173e5f3367ce835f', 'type': 'Warning', 'message': 'Liveness probe failed: Get https://172.27.182.222:8443/healthz: dial tcp 172.27.182.222:8443: connect: network is unreachable', 'dateevent': '2023-01-28 04:39:47+00:00'}
root - WARNING - 

-----------------------------------------
root - WARNING - 

-----------------------------------------
root - WARNING - General Log - 
root - WARNING - {'name': 'kube-apiserver-minikube.173e5f696c613a26', 'type': 'Warning', 'message': 'Liveness probe failed: HTTP probe failed with statuscode: 500', 'dateevent': '2023-01-28 04:43:37+00:00'}
root - WARNING - 

-----------------------------------------
root - WARNING - 

-----------------------------------------
root - WARNING - General Log - 
root - WARNING - {'name': 'kube-controller-manager-minikube.173e5f272f63fba6', 'type': 'Normal', 'message': 'Container image "k8s.gcr.io/kube-controller-manager:v1.16.10" already present on machine', 'dateevent': '2023-01-28 04:39:02+00:00'}
root - WARNING - 

-----------------------------------------
root - WARNING - 

-----------------------------------------
root - WARNING - General Log - 
root - WARNING - {'name': 'kube-controller-manager-minikube.173e5f273612bab0', 'type': 'Normal', 'message': 'Created container kube-controller-manager', 'dateevent': '2023-01-28 04:39:03+00:00'}
root - WARNING - 

-----------------------------------------
root - WARNING - 

-----------------------------------------
root - WARNING - General Log - 
root - WARNING - {'name': 'kube-controller-manager-minikube.173e5f2744e8e1be', 'type': 'Normal', 'message': 'Started container kube-controller-manager', 'dateevent': '2023-01-28 04:39:04+00:00'}
root - WARNING - 

-----------------------------------------
root - WARNING - 

-----------------------------------------
root - WARNING - General Log - 
root - WARNING - {'name': 'kube-proxy-sssr7.173e5f2c67f3ba00', 'type': 'Normal', 'message': 'Successfully assigned kube-system/kube-proxy-sssr7 to minikube', 'dateevent': '2023-01-28 04:39:15+00:00'}
root - WARNING - 

-----------------------------------------
root - WARNING - 

-----------------------------------------
root - WARNING - General Log - 
root - WARNING - {'name': 'kube-proxy-sssr7.173e5f2c92c8d709', 'type': 'Normal', 'message': 'Container image "k8s.gcr.io/kube-proxy:v1.16.10" already present on machine', 'dateevent': '2023-01-28 04:39:16+00:00'}
root - WARNING - 

-----------------------------------------
root - WARNING - 

-----------------------------------------
root - WARNING - General Log - 
root - WARNING - {'name': 'kube-proxy-sssr7.173e5f2c99f85798', 'type': 'Normal', 'message': 'Created container kube-proxy', 'dateevent': '2023-01-28 04:39:16+00:00'}
root - WARNING - 

-----------------------------------------
root - WARNING - 

-----------------------------------------
root - WARNING - General Log - 
root - WARNING - {'name': 'kube-proxy-sssr7.173e5f2ca60cf98e', 'type': 'Normal', 'message': 'Started container kube-proxy', 'dateevent': '2023-01-28 04:39:16+00:00'}
root - WARNING - 

-----------------------------------------
root - WARNING - 

-----------------------------------------
root - WARNING - General Log - 
root - WARNING - {'name': 'kube-proxy.173e5f2c677cd43a', 'type': 'Normal', 'message': 'Created pod: kube-proxy-sssr7', 'dateevent': '2023-01-28 04:39:15+00:00'}
root - WARNING - 

-----------------------------------------
root - WARNING - 

-----------------------------------------
root - WARNING - General Log - 
root - WARNING - {'name': 'kube-scheduler-minikube.173e5f272f666792', 'type': 'Normal', 'message': 'Container image "k8s.gcr.io/kube-scheduler:v1.16.10" already present on machine', 'dateevent': '2023-01-28 04:39:02+00:00'}
root - WARNING - 

-----------------------------------------
root - WARNING - 

-----------------------------------------
root - WARNING - General Log - 
root - WARNING - {'name': 'kube-scheduler-minikube.173e5f273613c7d4', 'type': 'Normal', 'message': 'Created container kube-scheduler', 'dateevent': '2023-01-28 04:39:03+00:00'}
root - WARNING - 

-----------------------------------------
root - WARNING - 

-----------------------------------------
root - WARNING - General Log - 
root - WARNING - {'name': 'kube-scheduler-minikube.173e5f2743c445f4', 'type': 'Normal', 'message': 'Started container kube-scheduler', 'dateevent': '2023-01-28 04:39:04+00:00'}
root - WARNING - 

-----------------------------------------
root - WARNING - 

-----------------------------------------
root - WARNING - General Log - 
root - WARNING - {'name': 'metrics-server-9c97ff6d4-5mxhp.173e5f2d8a0176ca', 'type': 'Normal', 'message': 'Successfully assigned kube-system/metrics-server-9c97ff6d4-5mxhp to minikube', 'dateevent': '2023-01-28 04:39:20+00:00'}
root - WARNING - 

-----------------------------------------
root - WARNING - 

-----------------------------------------
root - WARNING - General Log - 
root - WARNING - {'name': 'metrics-server-9c97ff6d4-5mxhp.173e5f2dc963c7c3', 'type': 'Normal', 'message': 'Pulling image "k8s.gcr.io/metrics-server-amd64:v0.3.6"', 'dateevent': '2023-01-28 04:39:21+00:00'}
root - WARNING - 

-----------------------------------------
root - WARNING - 

-----------------------------------------
root - WARNING - General Log - 
root - WARNING - {'name': 'metrics-server-9c97ff6d4-5mxhp.173e5f37c27ec36e', 'type': 'Normal', 'message': 'Successfully pulled image "k8s.gcr.io/metrics-server-amd64:v0.3.6"', 'dateevent': '2023-01-28 04:40:04+00:00'}
root - WARNING - 

-----------------------------------------
root - WARNING - 

-----------------------------------------
root - WARNING - General Log - 
root - WARNING - {'name': 'metrics-server-9c97ff6d4-5mxhp.173e5f37d22ad86b', 'type': 'Normal', 'message': 'Created container metrics-server', 'dateevent': '2023-01-28 04:40:04+00:00'}
root - WARNING - 

-----------------------------------------
root - WARNING - 

-----------------------------------------
root - WARNING - General Log - 
root - WARNING - {'name': 'metrics-server-9c97ff6d4-5mxhp.173e5f37de599ba9', 'type': 'Normal', 'message': 'Started container metrics-server', 'dateevent': '2023-01-28 04:40:04+00:00'}
root - WARNING - 

-----------------------------------------
root - WARNING - 

-----------------------------------------
root - WARNING - General Log - 
root - WARNING - {'name': 'metrics-server-9c97ff6d4.173e5f2d88bcb7ec', 'type': 'Normal', 'message': 'Created pod: metrics-server-9c97ff6d4-5mxhp', 'dateevent': '2023-01-28 04:39:20+00:00'}
root - WARNING - 

-----------------------------------------
root - WARNING - 

-----------------------------------------
root - WARNING - General Log - 
root - WARNING - {'name': 'metrics-server.173e5f2d882fc3c0', 'type': 'Normal', 'message': 'Scaled up replica set metrics-server-9c97ff6d4 to 1', 'dateevent': '2023-01-28 04:39:20+00:00'}
root - WARNING - 

-----------------------------------------
root - WARNING - 

-----------------------------------------
root - WARNING - General Log - 
root - WARNING - {'name': 'storage-provisioner.173e5f29ab634e04', 'type': 'Warning', 'message': "0/1 nodes are available: 1 node(s) had taints that the pod didn't tolerate.", 'dateevent': '2023-01-28 04:39:04+00:00'}
root - WARNING - 

-----------------------------------------
root - WARNING - 

-----------------------------------------
root - WARNING - General Log - 
root - WARNING - {'name': 'storage-provisioner.173e5f2c6779ce73', 'type': 'Normal', 'message': 'Successfully assigned kube-system/storage-provisioner to minikube', 'dateevent': '2023-01-28 04:39:15+00:00'}
root - WARNING - 

-----------------------------------------
root - WARNING - 

-----------------------------------------
root - WARNING - General Log - 
root - WARNING - {'name': 'storage-provisioner.173e5f2c92778097', 'type': 'Normal', 'message': 'Container image "gcr.io/k8s-minikube/storage-provisioner:v5" already present on machine', 'dateevent': '2023-01-28 04:39:16+00:00'}
root - WARNING - 

-----------------------------------------
root - WARNING - 

-----------------------------------------
root - WARNING - General Log - 
root - WARNING - {'name': 'storage-provisioner.173e5f2c98b07adf', 'type': 'Normal', 'message': 'Created container storage-provisioner', 'dateevent': '2023-01-28 04:39:16+00:00'}
root - WARNING - 

-----------------------------------------
root - WARNING - 

-----------------------------------------
root - WARNING - General Log - 
root - WARNING - {'name': 'storage-provisioner.173e5f2ca4a4bd1a', 'type': 'Normal', 'message': 'Started container storage-provisioner', 'dateevent': '2023-01-28 04:39:16+00:00'}
root - WARNING - 

-----------------------------------------
root - WARNING - 

-----------------------------------------
root - WARNING - General Log - 
root - WARNING - {'name': 'storage-provisioner.173e5f33ac170782', 'type': 'Warning', 'message': 'Nameserver limits were exceeded, some nameservers have been omitted, the applied nameserver line is: 1.1.1.1 8.8.8.8 1.0.0.1', 'dateevent': '2023-01-28 04:39:47+00:00'}
root - WARNING - 

-----------------------------------------
root - WARNING - 

-----------------------------------------
root - WARNING - General Log - 
root - WARNING - {'name': 'storage-provisioner.173e5f33e8a16453', 'type': 'Warning', 'message': 'Back-off restarting failed container', 'dateevent': '2023-01-28 04:39:47+00:00'}
root - WARNING - 

-----------------------------------------
root - WARNING - 

-----------------------------------------
root - WARNING - General Log - 
root - WARNING - {'name': 'kube-znn-68bd9d6b5b-4ln5c.173e5f7eb6801aab', 'type': 'Normal', 'message': 'Successfully pulled image "openresty/openresty:alpine-fat"', 'dateevent': '2023-01-28 04:45:09+00:00'}
root - WARNING - 

-----------------------------------------
root - WARNING - 

-----------------------------------------
root - WARNING - General Log - 
root - WARNING - {'name': 'kube-znn-68bd9d6b5b-4ln5c.173e5f7f1e8fd363', 'type': 'Normal', 'message': 'Created container nginx', 'dateevent': '2023-01-28 04:45:11+00:00'}
root - WARNING - 

-----------------------------------------
root - WARNING - 

-----------------------------------------
root - WARNING - General Log - 
root - WARNING - {'name': 'kube-znn-68bd9d6b5b-4ln5c.173e5f7f2cf98807', 'type': 'Normal', 'message': 'Started container nginx', 'dateevent': '2023-01-28 04:45:11+00:00'}
root - WARNING - 

-----------------------------------------
root - WARNING - 

-----------------------------------------
root - WARNING - General Log - 
root - WARNING - {'name': 'kube-znn-68bd9d6b5b-4ln5c.173e5f2e8ee20f28', 'type': 'Normal', 'message': 'Pulling image "cmendes/znn:800k"', 'dateevent': '2023-01-28 04:39:24+00:00'}
root - WARNING - 

-----------------------------------------
root - WARNING - 

-----------------------------------------
root - WARNING - General Log - 
root - WARNING - {'name': 'kube-znn-68bd9d6b5b-4ln5c.173e5f7f4aba67aa', 'type': 'Warning', 'message': 'Readiness probe failed: HTTP probe failed with statuscode: 502', 'dateevent': '2023-01-28 04:45:11+00:00'}
root - WARNING - 

-----------------------------------------
root - WARNING - 

-----------------------------------------
root - WARNING - General Log - 
root - WARNING - {'name': 'kube-znn-68bd9d6b5b-4ln5c.173e5f7f55292c70', 'type': 'Warning', 'message': 'Liveness probe failed: HTTP probe failed with statuscode: 502', 'dateevent': '2023-01-28 04:45:11+00:00'}
root - WARNING - 

-----------------------------------------
root - WARNING - 

-----------------------------------------
root - WARNING - General Log - 
root - WARNING - {'name': 'kube-znn-68bd9d6b5b-4ln5c.173e5f7f4aba67aa', 'type': 'Warning', 'message': 'Readiness probe failed: HTTP probe failed with statuscode: 502', 'dateevent': '2023-01-28 04:45:11+00:00'}
root - WARNING - 

-----------------------------------------
root - WARNING - 

-----------------------------------------
root - WARNING - General Log - 
root - WARNING - {'name': 'kube-znn-68bd9d6b5b-4ln5c.173e5f7f55292c70', 'type': 'Warning', 'message': 'Liveness probe failed: HTTP probe failed with statuscode: 502', 'dateevent': '2023-01-28 04:45:11+00:00'}
root - WARNING - 

-----------------------------------------
root - WARNING - 

-----------------------------------------
root - WARNING - General Log - 
root - WARNING - {'name': 'kube-znn-db-6cc48797cf-9bkg9.173e5f821e96cef7', 'type': 'Warning', 'message': 'Failed to pull image "mysql:5.6": rpc error: code = Unknown desc = Error response from daemon: Head "https://registry-1.docker.io/v2/library/mysql/manifests/5.6": Get "https://auth.docker.io/token?scope=repository%3Alibrary%2Fmysql%3Apull&service=registry.docker.io": dial tcp: lookup auth.docker.io on 172.27.176.1:53: read udp 172.27.182.222:48386->172.27.176.1:53: i/o timeout', 'dateevent': '2023-01-28 04:45:23+00:00'}
root - WARNING - 

-----------------------------------------
root - WARNING - 

-----------------------------------------
root - WARNING - General Log - 
root - WARNING - {'name': 'kube-znn-db-6cc48797cf-9bkg9.173e5f4bea78fcdf', 'type': 'Warning', 'message': 'Error: ErrImagePull', 'dateevent': '2023-01-28 04:41:31+00:00'}
root - WARNING - 

-----------------------------------------
root - WARNING - 

-----------------------------------------
root - WARNING - General Log - 
root - WARNING - {'name': 'kube-znn-68bd9d6b5b-4ln5c.173e5f7f4aba67aa', 'type': 'Warning', 'message': 'Readiness probe failed: HTTP probe failed with statuscode: 502', 'dateevent': '2023-01-28 04:45:11+00:00'}
root - WARNING - 

-----------------------------------------
root - WARNING - 

-----------------------------------------
root - WARNING - General Log - 
root - WARNING - {'name': 'kube-znn-68bd9d6b5b-4ln5c.173e5f7f55292c70', 'type': 'Warning', 'message': 'Liveness probe failed: HTTP probe failed with statuscode: 502', 'dateevent': '2023-01-28 04:45:11+00:00'}
root - WARNING - 

-----------------------------------------
root - WARNING - 

-----------------------------------------
root - WARNING - General Log - 
root - WARNING - {'name': 'kube-znn-db-6cc48797cf-9bkg9.173e5f4bfffb0e57', 'type': 'Normal', 'message': 'Back-off pulling image "mysql:5.6"', 'dateevent': '2023-01-28 04:41:31+00:00'}
root - WARNING - 

-----------------------------------------
root - WARNING - 

-----------------------------------------
root - WARNING - General Log - 
root - WARNING - {'name': 'kube-znn-db-6cc48797cf-9bkg9.173e5f4bfffb5122', 'type': 'Warning', 'message': 'Error: ImagePullBackOff', 'dateevent': '2023-01-28 04:41:31+00:00'}
root - WARNING - 

-----------------------------------------
root - WARNING - 

-----------------------------------------
root - WARNING - General Log - 
root - WARNING - {'name': 'kube-znn-68bd9d6b5b-4ln5c.173e5f8528c5cee2', 'type': 'Normal', 'message': 'Successfully pulled image "cmendes/znn:800k"', 'dateevent': '2023-01-28 04:45:36+00:00'}
root - WARNING - 

-----------------------------------------
root - WARNING - 

-----------------------------------------
root - WARNING - General Log - 
root - WARNING - {'name': 'kube-znn-68bd9d6b5b-4ln5c.173e5f8554fead72', 'type': 'Normal', 'message': 'Created container znn', 'dateevent': '2023-01-28 04:45:37+00:00'}
root - WARNING - 

-----------------------------------------
root - WARNING - 

-----------------------------------------
root - WARNING - General Log - 
root - WARNING - {'name': 'kube-znn-68bd9d6b5b-4ln5c.173e5f8563945c48', 'type': 'Normal', 'message': 'Started container znn', 'dateevent': '2023-01-28 04:45:37+00:00'}
root - WARNING - 

-----------------------------------------
root - WARNING - 

-----------------------------------------
root - WARNING - General Log - 
root - WARNING - {'name': 'kube-znn-68bd9d6b5b-4ln5c.173e5f856931436c', 'type': 'Normal', 'message': 'Container nginx failed liveness probe, will be restarted', 'dateevent': '2023-01-28 04:45:38+00:00'}
root - WARNING - 

-----------------------------------------
root - WARNING - 

-----------------------------------------
root - WARNING - General Log - 
root - WARNING - {'name': 'kube-znn-68bd9d6b5b-4ln5c.173e5f85725d7fa1', 'type': 'Normal', 'message': 'Container image "openresty/openresty:alpine-fat" already present on machine', 'dateevent': '2023-01-28 04:45:38+00:00'}
root - WARNING - 

-----------------------------------------
root - WARNING - 

-----------------------------------------
root - WARNING - General Log - 
root - WARNING - {'name': 'kube-znn-68bd9d6b5b-4ln5c.173e5f7f1e8fd363', 'type': 'Normal', 'message': 'Created container nginx', 'dateevent': '2023-01-28 04:45:11+00:00'}
root - WARNING - 

-----------------------------------------
root - WARNING - 

-----------------------------------------
root - WARNING - General Log - 
root - WARNING - {'name': 'kube-znn-68bd9d6b5b-4ln5c.173e5f7f2cf98807', 'type': 'Normal', 'message': 'Started container nginx', 'dateevent': '2023-01-28 04:45:11+00:00'}
root - WARNING - 

-----------------------------------------
root - WARNING - 

-----------------------------------------
root - WARNING - General Log - 
root - WARNING - {'name': 'kube-znn-68bd9d6b5b-4ln5c.173e5f8682746c06', 'type': 'Warning', 'message': 'Readiness probe failed: Get http://172.17.0.8:80/readiness.php: net/http: request canceled (Client.Timeout exceeded while awaiting headers)', 'dateevent': '2023-01-28 04:45:42+00:00'}
root - WARNING - 

-----------------------------------------
root - WARNING - 

-----------------------------------------
root - WARNING - General Log - 
root - WARNING - {'name': 'kube-znn-db-6cc48797cf-9bkg9.173e5f2e8fbb439f', 'type': 'Normal', 'message': 'Pulling image "mysql:5.6"', 'dateevent': '2023-01-28 04:39:25+00:00'}
root - WARNING - 

-----------------------------------------
root - WARNING - 

-----------------------------------------
root - WARNING - General Log - 
root - WARNING - {'name': 'kube-znn-68bd9d6b5b-4ln5c.173e5f8682746c06', 'type': 'Warning', 'message': 'Readiness probe failed: Get http://172.17.0.8:80/readiness.php: net/http: request canceled (Client.Timeout exceeded while awaiting headers)', 'dateevent': '2023-01-28 04:45:42+00:00'}
root - WARNING - 

-----------------------------------------
root - WARNING - 

-----------------------------------------
root - WARNING - General Log - 
root - WARNING - {'name': 'kube-znn-68bd9d6b5b-4ln5c.173e5f8682746c06', 'type': 'Warning', 'message': 'Readiness probe failed: Get http://172.17.0.8:80/readiness.php: net/http: request canceled (Client.Timeout exceeded while awaiting headers)', 'dateevent': '2023-01-28 04:45:42+00:00'}
root - WARNING - 

-----------------------------------------
root - WARNING - 

-----------------------------------------
root - WARNING - General Log - 
root - WARNING - {'name': 'kube-znn-db-6cc48797cf-9bkg9.173e5f8bbf2d3b37', 'type': 'Normal', 'message': 'Successfully pulled image "mysql:5.6"', 'dateevent': '2023-01-28 04:46:05+00:00'}
root - WARNING - 

-----------------------------------------
root - WARNING - 

-----------------------------------------
root - WARNING - General Log - 
root - WARNING - {'name': 'kube-znn-db-6cc48797cf-9bkg9.173e5f8c10c39ee9', 'type': 'Normal', 'message': 'Created container mysql', 'dateevent': '2023-01-28 04:46:06+00:00'}
root - WARNING - 

-----------------------------------------
root - WARNING - 

-----------------------------------------
root - WARNING - General Log - 
root - WARNING - {'name': 'kube-znn-db-6cc48797cf-9bkg9.173e5f8c1d95b319', 'type': 'Normal', 'message': 'Started container mysql', 'dateevent': '2023-01-28 04:46:06+00:00'}
root - WARNING - 

-----------------------------------------
root - WARNING - 

-----------------------------------------
root - WARNING - General Log - 
root - WARNING - {'name': 'kube-znn-db-6cc48797cf-9bkg9.173e5f8cb74bcc23', 'type': 'Warning', 'message': 'Liveness probe failed: dial tcp 172.17.0.9:3306: connect: connection refused', 'dateevent': '2023-01-28 04:46:09+00:00'}
root - WARNING - 

-----------------------------------------
root - WARNING - 

-----------------------------------------
root - WARNING - An exception occurred
root - WARNING - Error: <class 'urllib3.exceptions.ReadTimeoutError'>
root - WARNING - 

-----------------------------------------
root - WARNING - 

Data collection
root - WARNING - Datetime:
root - WARNING - 20230128_015210
root - WARNING - {'name': 'Kube-znn', 'period': 0, 'initialreplicas': 1, 'initialimage': 'cmendes/znn:800k', 'initialreplicasChanges': '0', 'initialimageChanges': '0', 'initialevent': '20230128_014455', 'current_replicas': 1, 'current_image': 'cmendes/znn:800k', 'finalreplicasChanges': 1, 'finalimageChanges': 0, 'finalevent': '20230128_015210'}
root - WARNING - 

-----------------------------------------
root - WARNING - 

-----------------------------------------
root - WARNING - Generating logs for Kubow and K6.
root - WARNING - File fidelitya-778c6c6b8b-kdv7z_tracing_20230128_014455.loghas been generated.
root - WARNING - File k6-m76dg_tracing_20230128_014455.loghas been generated.
root - WARNING - File metacontroller-kubow-8479d7588d-zx9vx_tracing_20230128_014455.loghas been generated.
root - WARNING - File scalabilitya-78d6cbbc7d-kdfjr_tracing_20230128_014455.loghas been generated.
root - WARNING - Finished pod stream.
root - WARNING - 

-----------------------------------------
