Reading file: automatingDataGeneration.sh
Reading file: CLong10
Reading file: CLong10.7z
Reading file: Evaluation-ZNN.7z
Reading file: fidelitya-778c6c6b8b-9b4cr_tracing_20230129_001332.log

fidelitya data

2023-01-29 03:17:38 : t0:raiseFidelity

2023-01-29 03:17:43 : t0:raiseFidelity

2023-01-29 03:17:48 : t0:raiseFidelity

2023-01-29 03:18:18 : t0:raiseFidelity

2023-01-29 03:18:23 : t0:raiseFidelity

2023-01-29 03:18:28 : t0:raiseFidelity

2023-01-29 03:18:33 : t0:raiseFidelity

2023-01-29 03:18:38 : t0:raiseFidelity

2023-01-29 03:18:43 : t0:raiseFidelity

2023-01-29 03:18:48 : t0:raiseFidelity

2023-01-29 03:18:53 : t0:raiseFidelity

2023-01-29 03:19:28 : t0:raiseFidelity

2023-01-29 03:19:33 : t0:raiseFidelity

2023-01-29 03:20:03 : t0:raiseFidelity

2023-01-29 03:20:08 : t0:raiseFidelity

2023-01-29 03:20:13 : t0:raiseFidelity

2023-01-29 03:20:18 : t0:raiseFidelity

2023-01-29 03:20:23 : t0:raiseFidelity

2023-01-29 03:20:28 : t0:raiseFidelity

2023-01-29 03:20:33 : t0:raiseFidelity

2023-01-29 03:20:38 : t0:raiseFidelity

2023-01-29 03:20:43 : t0:raiseFidelity

2023-01-29 03:20:48 : t0:raiseFidelity

2023-01-29 03:20:53 : t0:raiseFidelity

2023-01-29 03:20:58 : t0:raiseFidelity

2023-01-29 03:21:03 : t0:raiseFidelity

2023-01-29 03:21:08 : t0:raiseFidelity

2023-01-29 03:21:13 : t0:raiseFidelity

2023-01-29 03:21:18 : t0:raiseFidelity

2023-01-29 03:21:23 : t0:raiseFidelity

2023-01-29 03:21:28 : t0:raiseFidelity

2023-01-29 03:21:33 : t0:raiseFidelity

2023-01-29 03:21:38 : t0:raiseFidelity

2023-01-29 03:21:43 : t0:raiseFidelity

2023-01-29 03:21:48 : t0:raiseFidelity

2023-01-29 03:21:53 : t0:raiseFidelity

2023-01-29 03:21:58 : t0:raiseFidelity

2023-01-29 03:22:03 : t0:raiseFidelity

2023-01-29 03:22:08 : t0:raiseFidelity

2023-01-29 03:22:13 : t0:raiseFidelity

2023-01-29 03:22:18 : t0:raiseFidelity

2023-01-29 03:22:23 : t0:raiseFidelity

2023-01-29 03:22:28 : t0:raiseFidelity

2023-01-29 03:22:33 : t0:raiseFidelity

2023-01-29 03:22:38 : t0:raiseFidelity

2023-01-29 03:22:43 : t0:raiseFidelity

2023-01-29 03:22:48 : t0:raiseFidelity

2023-01-29 03:22:53 : t0:raiseFidelity

2023-01-29 03:22:58 : t0:raiseFidelity

2023-01-29 03:23:03 : t0:raiseFidelity

2023-01-29 03:23:08 : t0:raiseFidelity

2023-01-29 03:23:13 : t0:raiseFidelity

2023-01-29 03:23:18 : t0:raiseFidelity

2023-01-29 03:23:23 : t0:raiseFidelity

2023-01-29 03:23:28 : t0:raiseFidelity

2023-01-29 03:23:33 : t0:raiseFidelity

2023-01-29 03:23:38 : t0:raiseFidelity

2023-01-29 03:23:43 : t0:raiseFidelity

2023-01-29 03:23:48 : t0:raiseFidelity

2023-01-29 03:23:53 : t0:raiseFidelity

2023-01-29 03:23:58 : t0:raiseFidelity

2023-01-29 03:24:03 : t0:raiseFidelity

2023-01-29 03:24:08 : t0:raiseFidelity

2023-01-29 03:24:13 : t0:raiseFidelity

2023-01-29 03:24:18 : t0:raiseFidelity

2023-01-29 03:24:23 : t0:raiseFidelity

2023-01-29 03:24:28 : t0:raiseFidelity

2023-01-29 03:24:33 : t0:raiseFidelity

2023-01-29 03:24:38 : t0:raiseFidelity

2023-01-29 03:24:43 : t0:raiseFidelity

2023-01-29 03:24:48 : t0:raiseFidelity

2023-01-29 03:24:53 : t0:raiseFidelity

2023-01-29 03:24:58 : t0:raiseFidelity

2023-01-29 03:25:03 : t0:raiseFidelity

2023-01-29 03:25:08 : t0:raiseFidelity

2023-01-29 03:25:13 : t0:raiseFidelity

2023-01-29 03:25:18 : t0:raiseFidelity

2023-01-29 03:25:23 : t0:raiseFidelity

Reading file: generateLogs121929
Reading file: generateLogs124558
Reading file: generateLogs131507
Reading file: generateLogs134342
Reading file: generateLogs140938
Reading file: generateLogs144032
Reading file: generateLogs150618
Reading file: generateLogs153301
Reading file: generateLogs155714
Reading file: generateLogs162553
Reading file: generateLogs164354
Reading file: generateLogs171441
Reading file: generateLogs174448
Reading file: generateLogs181031
Reading file: generateLogs184508
Reading file: generateLogs190356
Reading file: generateLogs192553
Reading file: generateLogs195446
Reading file: generateLogs2.sh
Reading file: generateLogs202030
Reading file: generateLogs205105
Reading file: generateLogs211405
Reading file: generateLogs214402
Reading file: generateLogs221119
Reading file: generateLogs225030
Reading file: generateLogs230943
Reading file: generateLogs232434
Reading file: k6-44sdj_tracing_20230129_001332.log
Reading file: metacontroller-kubow-8479d7588d-fhknz_tracing_20230129_001332.log

MetaController data

2023-01-29 03:14:22 : t0:activateLowScalabilityHighQuality

2023-01-29 03:14:32 : t0:addLowScalabilityLowQuality

2023-01-29 03:16:37 : t0:addHighScalabilityHighQuality

Reading file: README.md
Reading file: scalabilitya-78d6cbbc7d-4mwc2_tracing_20230129_001332.log

scalabilitya data

2023-01-29 03:17:10 : t0:removeReplica

2023-01-29 03:18:45 : t0:removeReplica

2023-01-29 03:18:50 : t0:removeReplica

2023-01-29 03:19:25 : t0:removeReplica

Reading file: summary-trace-znn.log
Reading file: temp
Reading file: temp2701
Reading file: test
Reading file: tools
Reading file: traceznn_20230128_234141.log

Trace znn data

{'name': 'kube-znn-db.173ea6a5224e66d2', 'type': 'Normal', 'message': 'Scaled up replica set kube-znn-db-6cc48797cf to 1', 'dateevent': '2023-01-29 02:28:59+00:00', 'image': 'cmendes/znn:800k', 'replicas': 1, 'imageChanges': 0, 'replicasChanges': 1}

{'name': 'kube-znn.173ea6a5215aba72', 'type': 'Normal', 'message': 'Scaled up replica set kube-znn-68bd9d6b5b to 1', 'dateevent': '2023-01-29 02:28:59+00:00', 'image': 'cmendes/znn:800k', 'replicas': 1, 'imageChanges': 0, 'replicasChanges': 1}

Reading file: traceznn_20230129_001332.log

Trace znn data

{'name': 'kube-znn-db.173ea7e23acaace1', 'type': 'Normal', 'message': 'Scaled up replica set kube-znn-db-6cc48797cf to 1', 'dateevent': '2023-01-29 02:51:41+00:00', 'image': 'cmendes/znn:800k', 'replicas': 1, 'imageChanges': 0, 'replicasChanges': 1}

{'name': 'kube-znn.173ea7e23943dbb4', 'type': 'Normal', 'message': 'Scaled up replica set kube-znn-68bd9d6b5b to 1', 'dateevent': '2023-01-29 02:51:41+00:00', 'image': 'cmendes/znn:800k', 'replicas': 1, 'imageChanges': 0, 'replicasChanges': 1}

{'name': 'kube-znn.173ea9149ec323f9', 'type': 'Normal', 'message': 'Scaled up replica set kube-znn-68bd9d6b5b to 2', 'dateevent': '2023-01-29 03:13:37+00:00', 'image': 'cmendes/znn:800k', 'replicas': 2, 'imageChanges': 0, 'replicasChanges': 2}

{'name': 'kube-znn.173ea9157ec8a257', 'type': 'Normal', 'message': 'Scaled up replica set kube-znn-68bd9d6b5b to 3', 'dateevent': '2023-01-29 03:13:41+00:00', 'image': 'cmendes/znn:800k', 'replicas': 3, 'imageChanges': 0, 'replicasChanges': 3}

{'name': 'kube-znn.173ea916aaf7ba7a', 'type': 'Normal', 'message': 'Scaled up replica set kube-znn-68bd9d6b5b to 4', 'dateevent': '2023-01-29 03:13:46+00:00', 'image': 'cmendes/znn:800k', 'replicas': 4, 'imageChanges': 0, 'replicasChanges': 4}

{'name': 'kube-znn.173ea917d0be63eb', 'type': 'Normal', 'message': 'Scaled up replica set kube-znn-68bd9d6b5b to 5', 'dateevent': '2023-01-29 03:13:51+00:00', 'image': 'cmendes/znn:800k', 'replicas': 5, 'imageChanges': 0, 'replicasChanges': 5}

{'name': 'kube-znn.173ea918f9eb4b0b', 'type': 'Normal', 'message': 'Scaled up replica set kube-znn-68bd9d6b5b to 6', 'dateevent': '2023-01-29 03:13:56+00:00', 'image': 'cmendes/znn:800k', 'replicas': 6, 'imageChanges': 0, 'replicasChanges': 6}

{'name': 'kube-znn.173ea91a2356482c', 'type': 'Normal', 'message': 'Scaled up replica set kube-znn-68bd9d6b5b to 7', 'dateevent': '2023-01-29 03:14:01+00:00', 'image': 'cmendes/znn:800k', 'replicas': 7, 'imageChanges': 0, 'replicasChanges': 7}

{'name': 'kube-znn.173ea91b4d481261', 'type': 'Normal', 'message': 'Scaled up replica set kube-znn-68bd9d6b5b to 8', 'dateevent': '2023-01-29 03:14:06+00:00', 'image': 'cmendes/znn:800k', 'replicas': 8, 'imageChanges': 0, 'replicasChanges': 8}

{'name': 'kube-znn.173ea91c787d72f1', 'type': 'Normal', 'message': 'Scaled up replica set kube-znn-68bd9d6b5b to 9', 'dateevent': '2023-01-29 03:14:11+00:00', 'image': 'cmendes/znn:800k', 'replicas': 9, 'imageChanges': 0, 'replicasChanges': 9}

{'name': 'kube-znn.173ea91da4407d99', 'type': 'Normal', 'message': 'Scaled up replica set kube-znn-68bd9d6b5b to 10', 'dateevent': '2023-01-29 03:14:16+00:00', 'image': 'cmendes/znn:800k', 'replicas': 10, 'imageChanges': 0, 'replicasChanges': 10}

{'name': 'kube-znn.173ea91efbffc92e', 'type': 'Normal', 'message': '(combined from similar events): Scaled up replica set kube-znn-7cbbf89f8 to 3', 'dateevent': '2023-01-29 03:14:21+00:00', 'image': 'cmendes/znn:600k', 'replicas': 10, 'imageChanges': 1, 'replicasChanges': 10}

{'name': 'kube-znn.173ea91efbffc92e', 'type': 'Normal', 'message': '(combined from similar events): Scaled down replica set kube-znn-68bd9d6b5b to 8', 'dateevent': '2023-01-29 03:14:21+00:00', 'image': 'cmendes/znn:600k', 'replicas': 10, 'imageChanges': 1, 'replicasChanges': 10}

{'name': 'kube-znn.173ea91efbffc92e', 'type': 'Normal', 'message': '(combined from similar events): Scaled up replica set kube-znn-7cbbf89f8 to 5', 'dateevent': '2023-01-29 03:14:21+00:00', 'image': 'cmendes/znn:600k', 'replicas': 10, 'imageChanges': 1, 'replicasChanges': 10}

{'name': 'kube-znn.173ea91efbffc92e', 'type': 'Normal', 'message': '(combined from similar events): Scaled down replica set kube-znn-68bd9d6b5b to 7', 'dateevent': '2023-01-29 03:14:21+00:00', 'image': 'cmendes/znn:600k', 'replicas': 10, 'imageChanges': 1, 'replicasChanges': 10}

{'name': 'kube-znn.173ea91efbffc92e', 'type': 'Normal', 'message': '(combined from similar events): Scaled up replica set kube-znn-7cbbf89f8 to 6', 'dateevent': '2023-01-29 03:14:21+00:00', 'image': 'cmendes/znn:600k', 'replicas': 10, 'imageChanges': 1, 'replicasChanges': 10}

{'name': 'kube-znn.173ea91efbffc92e', 'type': 'Normal', 'message': '(combined from similar events): Scaled down replica set kube-znn-68bd9d6b5b to 6', 'dateevent': '2023-01-29 03:14:21+00:00', 'image': 'cmendes/znn:600k', 'replicas': 10, 'imageChanges': 1, 'replicasChanges': 10}

{'name': 'kube-znn.173ea91efbffc92e', 'type': 'Normal', 'message': '(combined from similar events): Scaled up replica set kube-znn-7cbbf89f8 to 7', 'dateevent': '2023-01-29 03:14:21+00:00', 'image': 'cmendes/znn:600k', 'replicas': 10, 'imageChanges': 1, 'replicasChanges': 10}

{'name': 'kube-znn.173ea91efbffc92e', 'type': 'Normal', 'message': '(combined from similar events): Scaled down replica set kube-znn-68bd9d6b5b to 2', 'dateevent': '2023-01-29 03:14:21+00:00', 'image': 'cmendes/znn:100k', 'replicas': 10, 'imageChanges': 2, 'replicasChanges': 10}

{'name': 'kube-znn.173ea91efbffc92e', 'type': 'Normal', 'message': '(combined from similar events): Scaled down replica set kube-znn-7cbbf89f8 to 6', 'dateevent': '2023-01-29 03:14:21+00:00', 'image': 'cmendes/znn:100k', 'replicas': 10, 'imageChanges': 2, 'replicasChanges': 10}

{'name': 'kube-znn.173ea91efbffc92e', 'type': 'Normal', 'message': '(combined from similar events): Scaled up replica set kube-znn-7995d9b499 to 5', 'dateevent': '2023-01-29 03:14:21+00:00', 'image': 'cmendes/znn:100k', 'replicas': 10, 'imageChanges': 2, 'replicasChanges': 10}

{'name': 'kube-znn.173ea91efbffc92e', 'type': 'Normal', 'message': '(combined from similar events): Scaled down replica set kube-znn-7cbbf89f8 to 2', 'dateevent': '2023-01-29 03:14:21+00:00', 'image': 'cmendes/znn:20k', 'replicas': 10, 'imageChanges': 3, 'replicasChanges': 10}

{'name': 'kube-znn.173ea91efbffc92e', 'type': 'Normal', 'message': '(combined from similar events): Scaled down replica set kube-znn-7995d9b499 to 4', 'dateevent': '2023-01-29 03:14:21+00:00', 'image': 'cmendes/znn:20k', 'replicas': 10, 'imageChanges': 3, 'replicasChanges': 10}

{'name': 'kube-znn.173ea91efbffc92e', 'type': 'Normal', 'message': '(combined from similar events): Scaled up replica set kube-znn-6b7655774 to 5', 'dateevent': '2023-01-29 03:14:21+00:00', 'image': 'cmendes/znn:20k', 'replicas': 10, 'imageChanges': 3, 'replicasChanges': 10}

{'name': 'kube-znn.173ea91efbffc92e', 'type': 'Normal', 'message': '(combined from similar events): Scaled down replica set kube-znn-6b7655774 to 1', 'dateevent': '2023-01-29 03:14:21+00:00', 'image': 'cmendes/znn:20k', 'replicas': 4, 'imageChanges': 3, 'replicasChanges': 11}

{'name': 'kube-znn.173ea91efbffc92e', 'type': 'Normal', 'message': '(combined from similar events): Scaled down replica set kube-znn-7995d9b499 to 2', 'dateevent': '2023-01-29 03:14:21+00:00', 'image': 'cmendes/znn:20k', 'replicas': 4, 'imageChanges': 3, 'replicasChanges': 11}

{'name': 'kube-znn.173ea91efbffc92e', 'type': 'Normal', 'message': '(combined from similar events): Scaled down replica set kube-znn-68bd9d6b5b to 1', 'dateevent': '2023-01-29 03:14:21+00:00', 'image': 'cmendes/znn:20k', 'replicas': 4, 'imageChanges': 3, 'replicasChanges': 11}

{'name': 'kube-znn.173ea91efbffc92e', 'type': 'Normal', 'message': '(combined from similar events): Scaled down replica set kube-znn-68bd9d6b5b to 3', 'dateevent': '2023-01-29 03:14:21+00:00', 'image': 'cmendes/znn:800k', 'replicas': 3, 'imageChanges': 4, 'replicasChanges': 12}

Reading file: VersionA-Monolithic
Reading file: VersionB-MicroControllers
Reading file: VersionC-WithFailureManagerMetaController
Reading file: VersionC-ZTemp
