root - WARNING - Starting our experiment execution
root - WARNING - 

-----------------------------------------
root - WARNING - General Log - 
root - WARNING - {'name': 'default-server-secret.173ea71f17944796', 'type': 'Normal', 'message': 'the special Secret default/default-server-secret was updated', 'dateevent': '2023-01-29 02:37:43+00:00'}
root - WARNING - 

-----------------------------------------
root - WARNING - 

-----------------------------------------
root - WARNING - General Log - 
root - WARNING - {'name': 'failuremanager-5447786f55-dfwbk.173ea6a6d5469abc', 'type': 'Normal', 'message': 'Successfully assigned default/failuremanager-5447786f55-dfwbk to minikube', 'dateevent': '2023-01-29 02:29:06+00:00'}
root - WARNING - 

-----------------------------------------
root - WARNING - 

-----------------------------------------
root - WARNING - General Log - 
root - WARNING - {'name': 'failuremanager-5447786f55-dfwbk.173ea6a6fb0e358b', 'type': 'Normal', 'message': 'Pulling image "californibrs/failuremanager"', 'dateevent': '2023-01-29 02:29:07+00:00'}
root - WARNING - 

-----------------------------------------
root - WARNING - 

-----------------------------------------
root - WARNING - General Log - 
root - WARNING - {'name': 'failuremanager-5447786f55-dfwbk.173ea6b360a6142d', 'type': 'Warning', 'message': 'Failed to pull image "californibrs/failuremanager": rpc error: code = Unknown desc = Error response from daemon: toomanyrequests: You have reached your pull rate limit. You may increase the limit by authenticating and upgrading: https://www.docker.com/increase-rate-limit', 'dateevent': '2023-01-29 02:30:00+00:00'}
root - WARNING - 

-----------------------------------------
root - WARNING - 

-----------------------------------------
root - WARNING - General Log - 
root - WARNING - {'name': 'failuremanager-5447786f55-dfwbk.173ea6b360a64d99', 'type': 'Warning', 'message': 'Error: ErrImagePull', 'dateevent': '2023-01-29 02:30:00+00:00'}
root - WARNING - 

-----------------------------------------
root - WARNING - 

-----------------------------------------
root - WARNING - General Log - 
root - WARNING - {'name': 'failuremanager-5447786f55-dfwbk.173ea6b39b5d4433', 'type': 'Normal', 'message': 'Back-off pulling image "californibrs/failuremanager"', 'dateevent': '2023-01-29 02:30:01+00:00'}
root - WARNING - 

-----------------------------------------
root - WARNING - 

-----------------------------------------
root - WARNING - General Log - 
root - WARNING - {'name': 'failuremanager-5447786f55-dfwbk.173ea6b39b5da577', 'type': 'Warning', 'message': 'Error: ImagePullBackOff', 'dateevent': '2023-01-29 02:30:01+00:00'}
root - WARNING - 

-----------------------------------------
root - WARNING - 

-----------------------------------------
root - WARNING - General Log - 
root - WARNING - {'name': 'failuremanager-5447786f55-dfwbk.173ea6c77a213d83', 'type': 'Normal', 'message': 'Successfully pulled image "californibrs/failuremanager"', 'dateevent': '2023-01-29 02:31:27+00:00'}
root - WARNING - 

-----------------------------------------
root - WARNING - 

-----------------------------------------
root - WARNING - General Log - 
root - WARNING - {'name': 'failuremanager-5447786f55-dfwbk.173ea6ca3ef3f3c9', 'type': 'Normal', 'message': 'Created container failuremanager', 'dateevent': '2023-01-29 02:31:38+00:00'}
root - WARNING - 

-----------------------------------------
root - WARNING - 

-----------------------------------------
root - WARNING - General Log - 
root - WARNING - {'name': 'failuremanager-5447786f55-dfwbk.173ea6ca4d1b8354', 'type': 'Normal', 'message': 'Started container failuremanager', 'dateevent': '2023-01-29 02:31:39+00:00'}
root - WARNING - 

-----------------------------------------
root - WARNING - 

-----------------------------------------
root - WARNING - General Log - 
root - WARNING - {'name': 'failuremanager-5447786f55.173ea6a6d4b9f908', 'type': 'Normal', 'message': 'Created pod: failuremanager-5447786f55-dfwbk', 'dateevent': '2023-01-29 02:29:06+00:00'}
root - WARNING - 

-----------------------------------------
root - WARNING - 

-----------------------------------------
root - WARNING - General Log - 
root - WARNING - {'name': 'failuremanager-ingress.173ea71ef5bd1fd7', 'type': 'Normal', 'message': 'Configuration for default/failuremanager-ingress was added or updated', 'dateevent': '2023-01-29 02:37:42+00:00'}
root - WARNING - 

-----------------------------------------
root - WARNING - 

-----------------------------------------
root - WARNING - General Log - 
root - WARNING - {'name': 'failuremanager-ingress.173ea71f1feb1315', 'type': 'Normal', 'message': 'Configuration for default/failuremanager-ingress was updated ', 'dateevent': '2023-01-29 02:37:43+00:00'}
root - WARNING - 

-----------------------------------------
root - WARNING - 

-----------------------------------------
root - WARNING - General Log - 
root - WARNING - {'name': 'failuremanager.173ea6a6d4643747', 'type': 'Normal', 'message': 'Scaled up replica set failuremanager-5447786f55 to 1', 'dateevent': '2023-01-29 02:29:06+00:00'}
root - WARNING - 

-----------------------------------------
root - WARNING - 

-----------------------------------------
root - WARNING - General Log - 
root - WARNING - {'name': 'failuremanager.173ea6a6d788247f', 'type': 'Warning', 'message': 'Failed to create endpoint for service default/failuremanager: endpoints "failuremanager" already exists', 'dateevent': '2023-01-29 02:29:06+00:00'}
root - WARNING - 

-----------------------------------------
root - WARNING - 

-----------------------------------------
root - WARNING - General Log - 
root - WARNING - {'name': 'failuremonitor-747764f996-2vbbq.173ea6a6df25da61', 'type': 'Normal', 'message': 'Successfully assigned default/failuremonitor-747764f996-2vbbq to minikube', 'dateevent': '2023-01-29 02:29:07+00:00'}
root - WARNING - 

-----------------------------------------
root - WARNING - 

-----------------------------------------
root - WARNING - General Log - 
root - WARNING - {'name': 'failuremonitor-747764f996-2vbbq.173ea6a70a4a42b0', 'type': 'Normal', 'message': 'Pulling image "californibrs/failuremonitor"', 'dateevent': '2023-01-29 02:29:07+00:00'}
root - WARNING - 

-----------------------------------------
root - WARNING - 

-----------------------------------------
root - WARNING - General Log - 
root - WARNING - {'name': 'failuremonitor-747764f996-2vbbq.173ea6b407d238a0', 'type': 'Warning', 'message': 'Failed to pull image "californibrs/failuremonitor": rpc error: code = Unknown desc = Error response from daemon: toomanyrequests: You have reached your pull rate limit. You may increase the limit by authenticating and upgrading: https://www.docker.com/increase-rate-limit', 'dateevent': '2023-01-29 02:30:03+00:00'}
root - WARNING - 

-----------------------------------------
root - WARNING - 

-----------------------------------------
root - WARNING - General Log - 
root - WARNING - {'name': 'failuremonitor-747764f996-2vbbq.173ea6b407d27d60', 'type': 'Warning', 'message': 'Error: ErrImagePull', 'dateevent': '2023-01-29 02:30:03+00:00'}
root - WARNING - 

-----------------------------------------
root - WARNING - 

-----------------------------------------
root - WARNING - General Log - 
root - WARNING - {'name': 'failuremonitor-747764f996-2vbbq.173ea6b413f2accd', 'type': 'Normal', 'message': 'Back-off pulling image "californibrs/failuremonitor"', 'dateevent': '2023-01-29 02:30:03+00:00'}
root - WARNING - 

-----------------------------------------
root - WARNING - 

-----------------------------------------
root - WARNING - General Log - 
root - WARNING - {'name': 'failuremonitor-747764f996-2vbbq.173ea6b413f2e959', 'type': 'Warning', 'message': 'Error: ImagePullBackOff', 'dateevent': '2023-01-29 02:30:03+00:00'}
root - WARNING - 

-----------------------------------------
root - WARNING - 

-----------------------------------------
root - WARNING - General Log - 
root - WARNING - {'name': 'failuremonitor-747764f996.173ea6a6d836aca8', 'type': 'Warning', 'message': 'Error creating: pods "failuremonitor-747764f996-" is forbidden: error looking up service account default/kubow-user: serviceaccount "kubow-user" not found', 'dateevent': '2023-01-29 02:29:06+00:00'}
root - WARNING - 

-----------------------------------------
root - WARNING - 

-----------------------------------------
root - WARNING - General Log - 
root - WARNING - {'name': 'failuremonitor-747764f996.173ea6a6de9a85df', 'type': 'Normal', 'message': 'Created pod: failuremonitor-747764f996-2vbbq', 'dateevent': '2023-01-29 02:29:07+00:00'}
root - WARNING - 

-----------------------------------------
root - WARNING - 

-----------------------------------------
root - WARNING - General Log - 
root - WARNING - {'name': 'failuremonitor.173ea6a6d7e662e5', 'type': 'Normal', 'message': 'Scaled up replica set failuremonitor-747764f996 to 1', 'dateevent': '2023-01-29 02:29:06+00:00'}
root - WARNING - 

-----------------------------------------
root - WARNING - 

-----------------------------------------
root - WARNING - General Log - 
root - WARNING - {'name': 'fidelitya-778c6c6b8b-b6qzj.173ea6a5aa1ba780', 'type': 'Normal', 'message': 'Successfully assigned default/fidelitya-778c6c6b8b-b6qzj to minikube', 'dateevent': '2023-01-29 02:29:01+00:00'}
root - WARNING - 

-----------------------------------------
root - WARNING - 

-----------------------------------------
root - WARNING - General Log - 
root - WARNING - {'name': 'fidelitya-778c6c6b8b-b6qzj.173ea6a5f673f65c', 'type': 'Normal', 'message': 'Pulling image "cmendes/kubow:yellow-2"', 'dateevent': '2023-01-29 02:29:03+00:00'}
root - WARNING - 

-----------------------------------------
root - WARNING - 

-----------------------------------------
root - WARNING - General Log - 
root - WARNING - {'name': 'fidelitya-778c6c6b8b-b6qzj.173ea6b26a188650', 'type': 'Warning', 'message': 'Failed to pull image "cmendes/kubow:yellow-2": rpc error: code = Unknown desc = Error response from daemon: toomanyrequests: You have reached your pull rate limit. You may increase the limit by authenticating and upgrading: https://www.docker.com/increase-rate-limit', 'dateevent': '2023-01-29 02:29:56+00:00'}
root - WARNING - 

-----------------------------------------
root - WARNING - 

-----------------------------------------
root - WARNING - General Log - 
root - WARNING - {'name': 'fidelitya-778c6c6b8b-b6qzj.173ea6b26a18c533', 'type': 'Warning', 'message': 'Error: ErrImagePull', 'dateevent': '2023-01-29 02:29:56+00:00'}
root - WARNING - 

-----------------------------------------
root - WARNING - 

-----------------------------------------
root - WARNING - General Log - 
root - WARNING - {'name': 'fidelitya-778c6c6b8b-b6qzj.173ea6b26cc579a1', 'type': 'Normal', 'message': 'Back-off pulling image "cmendes/kubow:yellow-2"', 'dateevent': '2023-01-29 02:29:56+00:00'}
root - WARNING - 

-----------------------------------------
root - WARNING - 

-----------------------------------------
root - WARNING - General Log - 
root - WARNING - {'name': 'fidelitya-778c6c6b8b-b6qzj.173ea6b26cc5c11d', 'type': 'Warning', 'message': 'Error: ImagePullBackOff', 'dateevent': '2023-01-29 02:29:56+00:00'}
root - WARNING - 

-----------------------------------------
root - WARNING - 

-----------------------------------------
root - WARNING - General Log - 
root - WARNING - {'name': 'fidelitya-778c6c6b8b-b6qzj.173ea6bacf3cba77', 'type': 'Warning', 'message': 'Failed to pull image "cmendes/kubow:yellow-2": rpc error: code = Unknown desc = Error response from daemon: Get "https://registry-1.docker.io/v2/": dial tcp: lookup registry-1.docker.io on 172.27.176.1:53: read udp 172.27.191.97:51829->172.27.176.1:53: i/o timeout', 'dateevent': '2023-01-29 02:30:32+00:00'}
root - WARNING - 

-----------------------------------------
root - WARNING - 

-----------------------------------------
root - WARNING - General Log - 
root - WARNING - {'name': 'fidelitya-778c6c6b8b-b6qzj.173ea6f157026c9f', 'type': 'Normal', 'message': 'Successfully pulled image "cmendes/kubow:yellow-2"', 'dateevent': '2023-01-29 02:34:26+00:00'}
root - WARNING - 

-----------------------------------------
root - WARNING - 

-----------------------------------------
root - WARNING - General Log - 
root - WARNING - {'name': 'fidelitya-778c6c6b8b.173ea6a5a96ba66b', 'type': 'Normal', 'message': 'Created pod: fidelitya-778c6c6b8b-b6qzj', 'dateevent': '2023-01-29 02:29:01+00:00'}
root - WARNING - 

-----------------------------------------
root - WARNING - 

-----------------------------------------
root - WARNING - General Log - 
root - WARNING - {'name': 'fidelitya.173ea6a5a8c9f04a', 'type': 'Normal', 'message': 'Scaled up replica set fidelitya-778c6c6b8b to 1', 'dateevent': '2023-01-29 02:29:01+00:00'}
root - WARNING - 

-----------------------------------------
root - WARNING - 

-----------------------------------------
root - WARNING - 

Captured event for Metacontroller and microcontrollers: 
root - WARNING - 

 MetaController has adapted the microcontrollers.
root - WARNING - {'name': 'fidelitya.173ea6a5a8c9f04a', 'type': 'Normal', 'message': 'Scaled up replica set fidelitya-778c6c6b8b to 1', 'dateevent': '2023-01-29 02:29:01+00:00'}
root - WARNING - 

-----------------------------------------
root - WARNING - 

-----------------------------------------
root - WARNING - General Log - 
root - WARNING - {'name': 'grafana-84cfffc84f-6zkzv.173ea6a4ba0bf0cc', 'type': 'Normal', 'message': 'Successfully assigned default/grafana-84cfffc84f-6zkzv to minikube', 'dateevent': '2023-01-29 02:28:57+00:00'}
root - WARNING - 

-----------------------------------------
root - WARNING - 

-----------------------------------------
root - WARNING - General Log - 
root - WARNING - {'name': 'grafana-84cfffc84f-6zkzv.173ea6a5014448b1', 'type': 'Normal', 'message': 'Pulling image "grafana/grafana:6.4.2"', 'dateevent': '2023-01-29 02:28:59+00:00'}
root - WARNING - 

-----------------------------------------
root - WARNING - 

-----------------------------------------
root - WARNING - General Log - 
root - WARNING - {'name': 'grafana-84cfffc84f-6zkzv.173ea6a8f6a0d1a9', 'type': 'Normal', 'message': 'Successfully pulled image "grafana/grafana:6.4.2"', 'dateevent': '2023-01-29 02:29:16+00:00'}
root - WARNING - 

-----------------------------------------
root - WARNING - 

-----------------------------------------
root - WARNING - General Log - 
root - WARNING - {'name': 'grafana-84cfffc84f-6zkzv.173ea6a94218a113', 'type': 'Normal', 'message': 'Created container grafana', 'dateevent': '2023-01-29 02:29:17+00:00'}
root - WARNING - 

-----------------------------------------
root - WARNING - 

-----------------------------------------
root - WARNING - General Log - 
root - WARNING - {'name': 'grafana-84cfffc84f-6zkzv.173ea6a94e22d0f7', 'type': 'Normal', 'message': 'Started container grafana', 'dateevent': '2023-01-29 02:29:17+00:00'}
root - WARNING - 

-----------------------------------------
root - WARNING - 

-----------------------------------------
root - WARNING - General Log - 
root - WARNING - {'name': 'grafana-84cfffc84f-6zkzv.173ea6aa2a617a3d', 'type': 'Warning', 'message': 'Readiness probe failed: Get http://172.17.0.5:3000/api/health: dial tcp 172.17.0.5:3000: connect: connection refused', 'dateevent': '2023-01-29 02:29:21+00:00'}
root - WARNING - 

-----------------------------------------
root - WARNING - 

-----------------------------------------
root - WARNING - General Log - 
root - WARNING - {'name': 'grafana-84cfffc84f-6zkzv.173ea6abc3f5bbdc', 'type': 'Normal', 'message': 'Container image "grafana/grafana:6.4.2" already present on machine', 'dateevent': '2023-01-29 02:29:28+00:00'}
root - WARNING - 

-----------------------------------------
root - WARNING - 

-----------------------------------------
root - WARNING - General Log - 
root - WARNING - {'name': 'grafana-84cfffc84f-6zkzv.173ea6ae66897cdd', 'type': 'Warning', 'message': 'Back-off restarting failed container', 'dateevent': '2023-01-29 02:29:39+00:00'}
root - WARNING - 

-----------------------------------------
root - WARNING - 

-----------------------------------------
root - WARNING - General Log - 
root - WARNING - {'name': 'grafana-84cfffc84f.173ea6a4b8e9cff5', 'type': 'Normal', 'message': 'Created pod: grafana-84cfffc84f-6zkzv', 'dateevent': '2023-01-29 02:28:57+00:00'}
root - WARNING - 

-----------------------------------------
root - WARNING - 

-----------------------------------------
root - WARNING - General Log - 
root - WARNING - {'name': 'grafana.173ea6a4b6f4315d', 'type': 'Normal', 'message': 'Scaled up replica set grafana-84cfffc84f to 1', 'dateevent': '2023-01-29 02:28:57+00:00'}
root - WARNING - 

-----------------------------------------
root - WARNING - 

-----------------------------------------
root - WARNING - General Log - 
root - WARNING - {'name': 'ingress-kube-znn.173ea71efe91450a', 'type': 'Normal', 'message': 'Configuration for default/ingress-kube-znn was added or updated', 'dateevent': '2023-01-29 02:37:42+00:00'}
root - WARNING - 

-----------------------------------------
root - WARNING - 

-----------------------------------------
root - WARNING - General Log - 
root - WARNING - {'name': 'ingress-kube-znn.173ea71f1feb2639', 'type': 'Normal', 'message': 'Configuration for default/ingress-kube-znn was updated ', 'dateevent': '2023-01-29 02:37:43+00:00'}
root - WARNING - 

-----------------------------------------
root - WARNING - 

-----------------------------------------
root - WARNING - General Log - 
root - WARNING - {'name': 'k6-tckf6.173ea6f47ad0e8cd', 'type': 'Normal', 'message': 'Successfully assigned default/k6-tckf6 to minikube', 'dateevent': '2023-01-29 02:34:40+00:00'}
root - WARNING - 

-----------------------------------------
root - WARNING - 

-----------------------------------------
root - WARNING - General Log - 
root - WARNING - {'name': 'k6-tckf6.173ea6f4b4b96ebf', 'type': 'Normal', 'message': 'Pulling image "loadimpact/k6"', 'dateevent': '2023-01-29 02:34:41+00:00'}
root - WARNING - 

-----------------------------------------
root - WARNING - 

-----------------------------------------
root - WARNING - General Log - 
root - WARNING - {'name': 'k6-tckf6.173ea6f5e3ce4abe', 'type': 'Warning', 'message': 'Failed to pull image "loadimpact/k6": rpc error: code = Unknown desc = Error response from daemon: toomanyrequests: You have reached your pull rate limit. You may increase the limit by authenticating and upgrading: https://www.docker.com/increase-rate-limit', 'dateevent': '2023-01-29 02:34:46+00:00'}
root - WARNING - 

-----------------------------------------
root - WARNING - 

-----------------------------------------
root - WARNING - General Log - 
root - WARNING - {'name': 'k6-tckf6.173ea6f5e3ce9b9a', 'type': 'Warning', 'message': 'Error: ErrImagePull', 'dateevent': '2023-01-29 02:34:46+00:00'}
root - WARNING - 

-----------------------------------------
root - WARNING - 

-----------------------------------------
root - WARNING - General Log - 
root - WARNING - {'name': 'k6-tckf6.173ea6f5f6246dbb', 'type': 'Normal', 'message': 'Back-off pulling image "loadimpact/k6"', 'dateevent': '2023-01-29 02:34:46+00:00'}
root - WARNING - 

-----------------------------------------
root - WARNING - 

-----------------------------------------
root - WARNING - General Log - 
root - WARNING - {'name': 'k6-tckf6.173ea6f5f6252cbe', 'type': 'Warning', 'message': 'Error: ImagePullBackOff', 'dateevent': '2023-01-29 02:34:46+00:00'}
root - WARNING - 

-----------------------------------------
root - WARNING - 

-----------------------------------------
root - WARNING - General Log - 
root - WARNING - {'name': 'k6-tckf6.173ea70d54c88f64', 'type': 'Warning', 'message': 'Failed to pull image "loadimpact/k6": rpc error: code = Unknown desc = Error response from daemon: Get "https://registry-1.docker.io/v2/": dial tcp: lookup registry-1.docker.io on 172.27.176.1:53: read udp 172.27.191.97:52146->172.27.176.1:53: i/o timeout', 'dateevent': '2023-01-29 02:36:27+00:00'}
root - WARNING - 

-----------------------------------------
root - WARNING - 

-----------------------------------------
root - WARNING - General Log - 
root - WARNING - {'name': 'k6.173ea6f47a5a78fc', 'type': 'Normal', 'message': 'Created pod: k6-tckf6', 'dateevent': '2023-01-29 02:34:40+00:00'}
root - WARNING - 

-----------------------------------------
root - WARNING - 

-----------------------------------------
root - WARNING - General Log - 
root - WARNING - {'name': 'kube-state-metrics-6579fc54cc-cftl2.173ea6a4bab02466', 'type': 'Normal', 'message': 'Successfully assigned default/kube-state-metrics-6579fc54cc-cftl2 to minikube', 'dateevent': '2023-01-29 02:28:57+00:00'}
root - WARNING - 

-----------------------------------------
root - WARNING - 

-----------------------------------------
root - WARNING - General Log - 
root - WARNING - {'name': 'kube-state-metrics-6579fc54cc-cftl2.173ea6a5021fe559', 'type': 'Normal', 'message': 'Pulling image "quay.io/coreos/kube-state-metrics:v1.9.5"', 'dateevent': '2023-01-29 02:28:59+00:00'}
root - WARNING - 

-----------------------------------------
root - WARNING - 

-----------------------------------------
root - WARNING - General Log - 
root - WARNING - {'name': 'kube-state-metrics-6579fc54cc-cftl2.173ea6aa123dc5da', 'type': 'Normal', 'message': 'Successfully pulled image "quay.io/coreos/kube-state-metrics:v1.9.5"', 'dateevent': '2023-01-29 02:29:20+00:00'}
root - WARNING - 

-----------------------------------------
root - WARNING - 

-----------------------------------------
root - WARNING - General Log - 
root - WARNING - {'name': 'kube-state-metrics-6579fc54cc-cftl2.173ea6aa249e97b1', 'type': 'Normal', 'message': 'Created container kube-state-metrics', 'dateevent': '2023-01-29 02:29:21+00:00'}
root - WARNING - 

-----------------------------------------
root - WARNING - 

-----------------------------------------
root - WARNING - General Log - 
root - WARNING - {'name': 'kube-state-metrics-6579fc54cc-cftl2.173ea6aa312fbf2f', 'type': 'Normal', 'message': 'Started container kube-state-metrics', 'dateevent': '2023-01-29 02:29:21+00:00'}
root - WARNING - 

-----------------------------------------
root - WARNING - 

-----------------------------------------
root - WARNING - General Log - 
root - WARNING - {'name': 'kube-state-metrics-6579fc54cc.173ea6a4b9f7f6c7', 'type': 'Normal', 'message': 'Created pod: kube-state-metrics-6579fc54cc-cftl2', 'dateevent': '2023-01-29 02:28:57+00:00'}
root - WARNING - 

-----------------------------------------
root - WARNING - 

-----------------------------------------
root - WARNING - General Log - 
root - WARNING - {'name': 'kube-state-metrics.173ea6a4b8fcc8f3', 'type': 'Normal', 'message': 'Scaled up replica set kube-state-metrics-6579fc54cc to 1', 'dateevent': '2023-01-29 02:28:57+00:00'}
root - WARNING - 

-----------------------------------------
root - WARNING - 

-----------------------------------------
root - WARNING - General Log - 
root - WARNING - {'name': 'kube-znn-68bd9d6b5b-mnbsk.173ea6a522486e51', 'type': 'Normal', 'message': 'Successfully assigned default/kube-znn-68bd9d6b5b-mnbsk to minikube', 'dateevent': '2023-01-29 02:28:59+00:00'}
root - WARNING - 

-----------------------------------------
root - WARNING - 

-----------------------------------------
root - WARNING - General Log - 
root - WARNING - {'name': 'kube-znn-68bd9d6b5b-mnbsk.173ea6a562986181', 'type': 'Normal', 'message': 'Pulling image "cmendes/znn:800k"', 'dateevent': '2023-01-29 02:29:00+00:00'}
root - WARNING - 

-----------------------------------------
root - WARNING - 

-----------------------------------------
root - WARNING - General Log - 
root - WARNING - {'name': 'kube-znn-68bd9d6b5b-mnbsk.173ea6adf2357730', 'type': 'Normal', 'message': 'Successfully pulled image "cmendes/znn:800k"', 'dateevent': '2023-01-29 02:29:37+00:00'}
root - WARNING - 

-----------------------------------------
root - WARNING - 

-----------------------------------------
root - WARNING - General Log - 
root - WARNING - {'name': 'kube-znn-68bd9d6b5b-mnbsk.173ea6ae1ce1ae15', 'type': 'Normal', 'message': 'Created container znn', 'dateevent': '2023-01-29 02:29:38+00:00'}
root - WARNING - 

-----------------------------------------
root - WARNING - 

-----------------------------------------
root - WARNING - General Log - 
root - WARNING - {'name': 'kube-znn-68bd9d6b5b-mnbsk.173ea6ae292ee761', 'type': 'Normal', 'message': 'Started container znn', 'dateevent': '2023-01-29 02:29:38+00:00'}
root - WARNING - 

-----------------------------------------
root - WARNING - 

-----------------------------------------
root - WARNING - General Log - 
root - WARNING - {'name': 'kube-znn-68bd9d6b5b-mnbsk.173ea6ae33c9856e', 'type': 'Normal', 'message': 'Pulling image "openresty/openresty:alpine-fat"', 'dateevent': '2023-01-29 02:29:38+00:00'}
root - WARNING - 

-----------------------------------------
root - WARNING - 

-----------------------------------------
root - WARNING - General Log - 
root - WARNING - {'name': 'kube-znn-68bd9d6b5b-mnbsk.173ea6b513c95a2e', 'type': 'Warning', 'message': 'Failed to pull image "openresty/openresty:alpine-fat": rpc error: code = Unknown desc = Error response from daemon: toomanyrequests: You have reached your pull rate limit. You may increase the limit by authenticating and upgrading: https://www.docker.com/increase-rate-limit', 'dateevent': '2023-01-29 02:30:08+00:00'}
root - WARNING - 

-----------------------------------------
root - WARNING - 

-----------------------------------------
root - WARNING - General Log - 
root - WARNING - {'name': 'kube-znn-68bd9d6b5b-mnbsk.173ea6b513c9d85a', 'type': 'Warning', 'message': 'Error: ErrImagePull', 'dateevent': '2023-01-29 02:30:08+00:00'}
root - WARNING - 

-----------------------------------------
root - WARNING - 

-----------------------------------------
root - WARNING - General Log - 
root - WARNING - {'name': 'kube-znn-68bd9d6b5b-mnbsk.173ea6b54151aa33', 'type': 'Normal', 'message': 'Back-off pulling image "openresty/openresty:alpine-fat"', 'dateevent': '2023-01-29 02:30:08+00:00'}
root - WARNING - 

-----------------------------------------
root - WARNING - 

-----------------------------------------
root - WARNING - General Log - 
root - WARNING - {'name': 'kube-znn-68bd9d6b5b-mnbsk.173ea6b54151ee2b', 'type': 'Warning', 'message': 'Error: ImagePullBackOff', 'dateevent': '2023-01-29 02:30:08+00:00'}
root - WARNING - 

-----------------------------------------
root - WARNING - 

-----------------------------------------
root - WARNING - General Log - 
root - WARNING - {'name': 'kube-znn-68bd9d6b5b-mnbsk.173ea6d6fc5ddcf0', 'type': 'Warning', 'message': 'Failed to pull image "openresty/openresty:alpine-fat": rpc error: code = Unknown desc = toomanyrequests: You have reached your pull rate limit. You may increase the limit by authenticating and upgrading: https://www.docker.com/increase-rate-limit', 'dateevent': '2023-01-29 02:32:33+00:00'}
root - WARNING - 

-----------------------------------------
root - WARNING - 

-----------------------------------------
root - WARNING - General Log - 
root - WARNING - {'name': 'kube-znn-68bd9d6b5b.173ea6a521d271dd', 'type': 'Normal', 'message': 'Created pod: kube-znn-68bd9d6b5b-mnbsk', 'dateevent': '2023-01-29 02:28:59+00:00'}
root - WARNING - 

-----------------------------------------
root - WARNING - 

-----------------------------------------
root - WARNING - General Log - 
root - WARNING - {'name': 'kube-znn-db-6cc48797cf-s4kfs.173ea6a525af0607', 'type': 'Normal', 'message': 'Successfully assigned default/kube-znn-db-6cc48797cf-s4kfs to minikube', 'dateevent': '2023-01-29 02:28:59+00:00'}
root - WARNING - 

-----------------------------------------
root - WARNING - 

-----------------------------------------
root - WARNING - General Log - 
root - WARNING - {'name': 'kube-znn-db-6cc48797cf-s4kfs.173ea6a5740f0750', 'type': 'Normal', 'message': 'Pulling image "mysql:5.6"', 'dateevent': '2023-01-29 02:29:00+00:00'}
root - WARNING - 

-----------------------------------------
root - WARNING - 

-----------------------------------------
root - WARNING - General Log - 
root - WARNING - {'name': 'kube-znn-db-6cc48797cf-s4kfs.173ea6b115871fba', 'type': 'Normal', 'message': 'Successfully pulled image "mysql:5.6"', 'dateevent': '2023-01-29 02:29:50+00:00'}
root - WARNING - 

-----------------------------------------
root - WARNING - 

-----------------------------------------
root - WARNING - General Log - 
root - WARNING - {'name': 'kube-znn-db-6cc48797cf-s4kfs.173ea6b11b444155', 'type': 'Normal', 'message': 'Created container mysql', 'dateevent': '2023-01-29 02:29:51+00:00'}
root - WARNING - 

-----------------------------------------
root - WARNING - 

-----------------------------------------
root - WARNING - General Log - 
root - WARNING - {'name': 'kube-znn-db-6cc48797cf-s4kfs.173ea6b1278a3fce', 'type': 'Normal', 'message': 'Started container mysql', 'dateevent': '2023-01-29 02:29:51+00:00'}
root - WARNING - 

-----------------------------------------
root - WARNING - 

-----------------------------------------
root - WARNING - General Log - 
root - WARNING - {'name': 'kube-znn-db-6cc48797cf-s4kfs.173ea6b20deb3f56', 'type': 'Warning', 'message': 'Liveness probe failed: dial tcp 172.17.0.8:3306: connect: connection refused', 'dateevent': '2023-01-29 02:29:55+00:00'}
root - WARNING - 

-----------------------------------------
root - WARNING - 

-----------------------------------------
root - WARNING - General Log - 
root - WARNING - {'name': 'kube-znn-db-6cc48797cf.173ea6a525a71153', 'type': 'Normal', 'message': 'Created pod: kube-znn-db-6cc48797cf-s4kfs', 'dateevent': '2023-01-29 02:28:59+00:00'}
root - WARNING - 

-----------------------------------------
root - WARNING - 

-----------------------------------------
root - WARNING - General Log - 
root - WARNING - {'name': 'kube-znn-db.173ea6a5224e66d2', 'type': 'Normal', 'message': 'Scaled up replica set kube-znn-db-6cc48797cf to 1', 'dateevent': '2023-01-29 02:28:59+00:00'}
root - WARNING - 

-----------------------------------------
root - WARNING - 

-----------------------------------------
root - WARNING - 

Captured event for znn: 
root - WARNING - {'name': 'kube-znn-db.173ea6a5224e66d2', 'type': 'Normal', 'message': 'Scaled up replica set kube-znn-db-6cc48797cf to 1', 'dateevent': '2023-01-29 02:28:59+00:00', 'image': 'cmendes/znn:800k', 'replicas': 1, 'imageChanges': 0, 'replicasChanges': 1}
root - WARNING - 

-----------------------------------------
root - WARNING - 

-----------------------------------------
root - WARNING - General Log - 
root - WARNING - {'name': 'kube-znn.173ea6a5215aba72', 'type': 'Normal', 'message': 'Scaled up replica set kube-znn-68bd9d6b5b to 1', 'dateevent': '2023-01-29 02:28:59+00:00'}
root - WARNING - 

-----------------------------------------
root - WARNING - 

-----------------------------------------
root - WARNING - 

Captured event for znn: 
root - WARNING - {'name': 'kube-znn.173ea6a5215aba72', 'type': 'Normal', 'message': 'Scaled up replica set kube-znn-68bd9d6b5b to 1', 'dateevent': '2023-01-29 02:28:59+00:00', 'image': 'cmendes/znn:800k', 'replicas': 1, 'imageChanges': 0, 'replicasChanges': 1}
root - WARNING - 

-----------------------------------------
root - WARNING - 

-----------------------------------------
root - WARNING - General Log - 
root - WARNING - {'name': 'metacontroller-kubow-8479d7588d-6pv66.173ea6a73c3338f5', 'type': 'Normal', 'message': 'Successfully assigned default/metacontroller-kubow-8479d7588d-6pv66 to minikube', 'dateevent': '2023-01-29 02:29:08+00:00'}
root - WARNING - 

-----------------------------------------
root - WARNING - 

-----------------------------------------
root - WARNING - General Log - 
root - WARNING - {'name': 'metacontroller-kubow-8479d7588d-6pv66.173ea6a76740ac00', 'type': 'Normal', 'message': 'Pulling image "cmendes/kubow:yellow-2"', 'dateevent': '2023-01-29 02:29:09+00:00'}
root - WARNING - 

-----------------------------------------
root - WARNING - 

-----------------------------------------
root - WARNING - General Log - 
root - WARNING - {'name': 'metacontroller-kubow-8479d7588d-6pv66.173ea6b496d70fdc', 'type': 'Warning', 'message': 'Failed to pull image "cmendes/kubow:yellow-2": rpc error: code = Unknown desc = Error response from daemon: toomanyrequests: You have reached your pull rate limit. You may increase the limit by authenticating and upgrading: https://www.docker.com/increase-rate-limit', 'dateevent': '2023-01-29 02:30:05+00:00'}
root - WARNING - 

-----------------------------------------
root - WARNING - 

-----------------------------------------
root - WARNING - General Log - 
root - WARNING - {'name': 'metacontroller-kubow-8479d7588d-6pv66.173ea6b496d76f2c', 'type': 'Warning', 'message': 'Error: ErrImagePull', 'dateevent': '2023-01-29 02:30:05+00:00'}
root - WARNING - 

-----------------------------------------
root - WARNING - 

-----------------------------------------
root - WARNING - General Log - 
root - WARNING - {'name': 'metacontroller-kubow-8479d7588d-6pv66.173ea6b4c8a10e72', 'type': 'Normal', 'message': 'Back-off pulling image "cmendes/kubow:yellow-2"', 'dateevent': '2023-01-29 02:30:06+00:00'}
root - WARNING - 

-----------------------------------------
root - WARNING - 

-----------------------------------------
root - WARNING - General Log - 
root - WARNING - {'name': 'metacontroller-kubow-8479d7588d-6pv66.173ea6b4c8a151a2', 'type': 'Warning', 'message': 'Error: ImagePullBackOff', 'dateevent': '2023-01-29 02:30:06+00:00'}
root - WARNING - 

-----------------------------------------
root - WARNING - 

-----------------------------------------
root - WARNING - General Log - 
root - WARNING - {'name': 'metacontroller-kubow-8479d7588d-6pv66.173ea6d51d7850bc', 'type': 'Warning', 'message': 'Failed to pull image "cmendes/kubow:yellow-2": rpc error: code = Unknown desc = Error response from daemon: Head "https://registry-1.docker.io/v2/cmendes/kubow/manifests/yellow-2": dial tcp: lookup registry-1.docker.io on 172.27.176.1:53: read udp 172.27.191.97:48061->172.27.176.1:53: i/o timeout', 'dateevent': '2023-01-29 02:32:25+00:00'}
root - WARNING - 

-----------------------------------------
root - WARNING - 

-----------------------------------------
root - WARNING - General Log - 
root - WARNING - {'name': 'metacontroller-kubow-8479d7588d-6pv66.173ea6e27b858a19', 'type': 'Warning', 'message': 'Failed to pull image "cmendes/kubow:yellow-2": rpc error: code = Unknown desc = Error response from daemon: Get "https://registry-1.docker.io/v2/": dial tcp: lookup registry-1.docker.io on 172.27.176.1:53: read udp 172.27.191.97:35890->172.27.176.1:53: i/o timeout', 'dateevent': '2023-01-29 02:33:23+00:00'}
root - WARNING - 

-----------------------------------------
root - WARNING - 

-----------------------------------------
root - WARNING - General Log - 
root - WARNING - {'name': 'metacontroller-kubow-8479d7588d.173ea6a73bcce7c6', 'type': 'Normal', 'message': 'Created pod: metacontroller-kubow-8479d7588d-6pv66', 'dateevent': '2023-01-29 02:29:08+00:00'}
root - WARNING - 

-----------------------------------------
root - WARNING - 

-----------------------------------------
root - WARNING - General Log - 
root - WARNING - {'name': 'metacontroller-kubow.173ea6a73b337f61', 'type': 'Normal', 'message': 'Scaled up replica set metacontroller-kubow-8479d7588d to 1', 'dateevent': '2023-01-29 02:29:08+00:00'}
root - WARNING - 

-----------------------------------------
root - WARNING - 

-----------------------------------------
root - WARNING - General Log - 
root - WARNING - {'name': 'minikube.173ea69e47feabc6', 'type': 'Normal', 'message': 'Node minikube status is now: NodeHasSufficientMemory', 'dateevent': '2023-01-29 02:28:38+00:00'}
root - WARNING - 

-----------------------------------------
root - WARNING - 

-----------------------------------------
root - WARNING - General Log - 
root - WARNING - {'name': 'minikube.173ea69e47fec20a', 'type': 'Normal', 'message': 'Node minikube status is now: NodeHasNoDiskPressure', 'dateevent': '2023-01-29 02:28:39+00:00'}
root - WARNING - 

-----------------------------------------
root - WARNING - 

-----------------------------------------
root - WARNING - General Log - 
root - WARNING - {'name': 'minikube.173ea69e47fecdc2', 'type': 'Normal', 'message': 'Node minikube status is now: NodeHasSufficientPID', 'dateevent': '2023-01-29 02:28:39+00:00'}
root - WARNING - 

-----------------------------------------
root - WARNING - 

-----------------------------------------
root - WARNING - General Log - 
root - WARNING - {'name': 'minikube.173ea6a3ef31ae29', 'type': 'Normal', 'message': 'Node minikube event: Registered Node minikube in Controller', 'dateevent': '2023-01-29 02:28:54+00:00'}
root - WARNING - 

-----------------------------------------
root - WARNING - 

-----------------------------------------
root - WARNING - General Log - 
root - WARNING - {'name': 'minikube.173ea6a43e12d74a', 'type': 'Normal', 'message': 'Starting kube-proxy.', 'dateevent': '2023-01-29 02:28:55+00:00'}
root - WARNING - 

-----------------------------------------
root - WARNING - 

-----------------------------------------
root - WARNING - General Log - 
root - WARNING - {'name': 'nginx-config.173ea71f1fea822b', 'type': 'Normal', 'message': 'Configuration from default/nginx-config was updated ', 'dateevent': '2023-01-29 02:37:43+00:00'}
root - WARNING - 

-----------------------------------------
root - WARNING - 

-----------------------------------------
root - WARNING - General Log - 
root - WARNING - {'name': 'nginx-ingress-7f5885d87c-45tcz.173ea6a57aa6b480', 'type': 'Normal', 'message': 'Successfully assigned default/nginx-ingress-7f5885d87c-45tcz to minikube', 'dateevent': '2023-01-29 02:29:01+00:00'}
root - WARNING - 

-----------------------------------------
root - WARNING - 

-----------------------------------------
root - WARNING - General Log - 
root - WARNING - {'name': 'nginx-ingress-7f5885d87c-45tcz.173ea6a5a38057d7', 'type': 'Normal', 'message': 'Pulling image "nginx/nginx-ingress:1.7.0"', 'dateevent': '2023-01-29 02:29:01+00:00'}
root - WARNING - 

-----------------------------------------
root - WARNING - 

-----------------------------------------
root - WARNING - General Log - 
root - WARNING - {'name': 'nginx-ingress-7f5885d87c-45tcz.173ea6b19264274c', 'type': 'Warning', 'message': 'Failed to pull image "nginx/nginx-ingress:1.7.0": rpc error: code = Unknown desc = Error response from daemon: toomanyrequests: You have reached your pull rate limit. You may increase the limit by authenticating and upgrading: https://www.docker.com/increase-rate-limit', 'dateevent': '2023-01-29 02:29:53+00:00'}
root - WARNING - 

-----------------------------------------
root - WARNING - 

-----------------------------------------
root - WARNING - General Log - 
root - WARNING - {'name': 'nginx-ingress-7f5885d87c-45tcz.173ea6b192645e5f', 'type': 'Warning', 'message': 'Error: ErrImagePull', 'dateevent': '2023-01-29 02:29:53+00:00'}
root - WARNING - 

-----------------------------------------
root - WARNING - 

-----------------------------------------
root - WARNING - General Log - 
root - WARNING - {'name': 'nginx-ingress-7f5885d87c-45tcz.173ea6b1b62f6a79', 'type': 'Normal', 'message': 'Back-off pulling image "nginx/nginx-ingress:1.7.0"', 'dateevent': '2023-01-29 02:29:53+00:00'}
root - WARNING - 

-----------------------------------------
root - WARNING - 

-----------------------------------------
root - WARNING - General Log - 
root - WARNING - {'name': 'nginx-ingress-7f5885d87c-45tcz.173ea6b1b6301465', 'type': 'Warning', 'message': 'Error: ImagePullBackOff', 'dateevent': '2023-01-29 02:29:53+00:00'}
root - WARNING - 

-----------------------------------------
root - WARNING - 

-----------------------------------------
root - WARNING - General Log - 
root - WARNING - {'name': 'nginx-ingress-7f5885d87c-45tcz.173ea6b87a1e778f', 'type': 'Warning', 'message': 'Failed to pull image "nginx/nginx-ingress:1.7.0": rpc error: code = Unknown desc = Error response from daemon: Head "https://registry-1.docker.io/v2/nginx/nginx-ingress/manifests/1.7.0": Get "https://auth.docker.io/token?scope=repository%3Anginx%2Fnginx-ingress%3Apull&service=registry.docker.io": dial tcp: lookup auth.docker.io on 172.27.176.1:53: read udp 172.27.191.97:33037->172.27.176.1:53: i/o timeout', 'dateevent': '2023-01-29 02:30:22+00:00'}
root - WARNING - 

-----------------------------------------
root - WARNING - 

-----------------------------------------
root - WARNING - General Log - 
root - WARNING - {'name': 'nginx-ingress-7f5885d87c.173ea6a53bce8340', 'type': 'Warning', 'message': 'Error creating: pods "nginx-ingress-7f5885d87c-" is forbidden: error looking up service account default/nginx-ingress: serviceaccount "nginx-ingress" not found', 'dateevent': '2023-01-29 02:29:00+00:00'}
root - WARNING - 

-----------------------------------------
root - WARNING - 

-----------------------------------------
root - WARNING - General Log - 
root - WARNING - {'name': 'nginx-ingress-7f5885d87c.173ea6a57a3c324c', 'type': 'Normal', 'message': 'Created pod: nginx-ingress-7f5885d87c-45tcz', 'dateevent': '2023-01-29 02:29:01+00:00'}
root - WARNING - 

-----------------------------------------
root - WARNING - 

-----------------------------------------
root - WARNING - General Log - 
root - WARNING - {'name': 'nginx-ingress.173ea6a53b72d456', 'type': 'Normal', 'message': 'Scaled up replica set nginx-ingress-7f5885d87c to 1', 'dateevent': '2023-01-29 02:29:00+00:00'}
root - WARNING - 

-----------------------------------------
root - WARNING - 

-----------------------------------------
root - WARNING - General Log - 
root - WARNING - {'name': 'prometheus-7d59995979-c7lvz.173ea6a4bc9d4f56', 'type': 'Normal', 'message': 'Successfully assigned default/prometheus-7d59995979-c7lvz to minikube', 'dateevent': '2023-01-29 02:28:57+00:00'}
root - WARNING - 

-----------------------------------------
root - WARNING - 

-----------------------------------------
root - WARNING - General Log - 
root - WARNING - {'name': 'prometheus-7d59995979-c7lvz.173ea6a5122be765', 'type': 'Normal', 'message': 'Pulling image "prom/prometheus:v2.16.0"', 'dateevent': '2023-01-29 02:28:59+00:00'}
root - WARNING - 

-----------------------------------------
root - WARNING - 

-----------------------------------------
root - WARNING - General Log - 
root - WARNING - {'name': 'prometheus-7d59995979-c7lvz.173ea6ac4412984a', 'type': 'Normal', 'message': 'Successfully pulled image "prom/prometheus:v2.16.0"', 'dateevent': '2023-01-29 02:29:30+00:00'}
root - WARNING - 

-----------------------------------------
root - WARNING - 

-----------------------------------------
root - WARNING - General Log - 
root - WARNING - {'name': 'prometheus-7d59995979-c7lvz.173ea6ac5eb407bb', 'type': 'Normal', 'message': 'Created container prometheus', 'dateevent': '2023-01-29 02:29:30+00:00'}
root - WARNING - 

-----------------------------------------
root - WARNING - 

-----------------------------------------
root - WARNING - General Log - 
root - WARNING - {'name': 'prometheus-7d59995979-c7lvz.173ea6ac6a100210', 'type': 'Normal', 'message': 'Started container prometheus', 'dateevent': '2023-01-29 02:29:30+00:00'}
root - WARNING - 

-----------------------------------------
root - WARNING - 

-----------------------------------------
root - WARNING - General Log - 
root - WARNING - {'name': 'prometheus-7d59995979.173ea6a4bb9c9d69', 'type': 'Normal', 'message': 'Created pod: prometheus-7d59995979-c7lvz', 'dateevent': '2023-01-29 02:28:57+00:00'}
root - WARNING - 

-----------------------------------------
root - WARNING - 

-----------------------------------------
root - WARNING - General Log - 
root - WARNING - {'name': 'prometheus.173ea6a4baa22471', 'type': 'Normal', 'message': 'Scaled up replica set prometheus-7d59995979 to 1', 'dateevent': '2023-01-29 02:28:57+00:00'}
root - WARNING - 

-----------------------------------------
root - WARNING - 

-----------------------------------------
root - WARNING - General Log - 
root - WARNING - {'name': 'scalabilitya-78d6cbbc7d-kpntz.173ea6a605465cc3', 'type': 'Normal', 'message': 'Successfully assigned default/scalabilitya-78d6cbbc7d-kpntz to minikube', 'dateevent': '2023-01-29 02:29:03+00:00'}
root - WARNING - 

-----------------------------------------
root - WARNING - 

-----------------------------------------
root - WARNING - 

Captured event for Metacontroller and microcontrollers: 
root - WARNING - 

 MetaController has adapted the microcontrollers.
root - WARNING - {'name': 'scalabilitya-78d6cbbc7d-kpntz.173ea6a605465cc3', 'type': 'Normal', 'message': 'Successfully assigned default/scalabilitya-78d6cbbc7d-kpntz to minikube', 'dateevent': '2023-01-29 02:29:03+00:00'}
root - WARNING - 

-----------------------------------------
root - WARNING - 

-----------------------------------------
root - WARNING - General Log - 
root - WARNING - {'name': 'scalabilitya-78d6cbbc7d-kpntz.173ea6a640879f6c', 'type': 'Normal', 'message': 'Pulling image "cmendes/kubow:yellow-2"', 'dateevent': '2023-01-29 02:29:04+00:00'}
root - WARNING - 

-----------------------------------------
root - WARNING - 

-----------------------------------------
root - WARNING - 

Captured event for Metacontroller and microcontrollers: 
root - WARNING - 

 MetaController has adapted the microcontrollers.
root - WARNING - {'name': 'scalabilitya-78d6cbbc7d-kpntz.173ea6a640879f6c', 'type': 'Normal', 'message': 'Pulling image "cmendes/kubow:yellow-2"', 'dateevent': '2023-01-29 02:29:04+00:00'}
root - WARNING - 

-----------------------------------------
root - WARNING - 

-----------------------------------------
root - WARNING - General Log - 
root - WARNING - {'name': 'scalabilitya-78d6cbbc7d-kpntz.173ea6b2e4367ef5', 'type': 'Warning', 'message': 'Failed to pull image "cmendes/kubow:yellow-2": rpc error: code = Unknown desc = Error response from daemon: toomanyrequests: You have reached your pull rate limit. You may increase the limit by authenticating and upgrading: https://www.docker.com/increase-rate-limit', 'dateevent': '2023-01-29 02:29:58+00:00'}
root - WARNING - 

-----------------------------------------
root - WARNING - 

-----------------------------------------
root - WARNING - 

Captured event for Metacontroller and microcontrollers: 
root - WARNING - 

 MetaController has adapted the microcontrollers.
root - WARNING - {'name': 'scalabilitya-78d6cbbc7d-kpntz.173ea6b2e4367ef5', 'type': 'Warning', 'message': 'Failed to pull image "cmendes/kubow:yellow-2": rpc error: code = Unknown desc = Error response from daemon: toomanyrequests: You have reached your pull rate limit. You may increase the limit by authenticating and upgrading: https://www.docker.com/increase-rate-limit', 'dateevent': '2023-01-29 02:29:58+00:00'}
root - WARNING - 

-----------------------------------------
root - WARNING - 

-----------------------------------------
root - WARNING - General Log - 
root - WARNING - {'name': 'scalabilitya-78d6cbbc7d-kpntz.173ea6b2e437048d', 'type': 'Warning', 'message': 'Error: ErrImagePull', 'dateevent': '2023-01-29 02:29:58+00:00'}
root - WARNING - 

-----------------------------------------
root - WARNING - 

-----------------------------------------
root - WARNING - 

Captured event for Metacontroller and microcontrollers: 
root - WARNING - 

 MetaController has adapted the microcontrollers.
root - WARNING - {'name': 'scalabilitya-78d6cbbc7d-kpntz.173ea6b2e437048d', 'type': 'Warning', 'message': 'Error: ErrImagePull', 'dateevent': '2023-01-29 02:29:58+00:00'}
root - WARNING - 

-----------------------------------------
root - WARNING - 

-----------------------------------------
root - WARNING - General Log - 
root - WARNING - {'name': 'scalabilitya-78d6cbbc7d-kpntz.173ea6b2e66a7946', 'type': 'Normal', 'message': 'Back-off pulling image "cmendes/kubow:yellow-2"', 'dateevent': '2023-01-29 02:29:58+00:00'}
root - WARNING - 

-----------------------------------------
root - WARNING - 

-----------------------------------------
root - WARNING - 

Captured event for Metacontroller and microcontrollers: 
root - WARNING - 

 MetaController has adapted the microcontrollers.
root - WARNING - {'name': 'scalabilitya-78d6cbbc7d-kpntz.173ea6b2e66a7946', 'type': 'Normal', 'message': 'Back-off pulling image "cmendes/kubow:yellow-2"', 'dateevent': '2023-01-29 02:29:58+00:00'}
root - WARNING - 

-----------------------------------------
root - WARNING - 

-----------------------------------------
root - WARNING - General Log - 
root - WARNING - {'name': 'scalabilitya-78d6cbbc7d-kpntz.173ea6b2e66acda6', 'type': 'Warning', 'message': 'Error: ImagePullBackOff', 'dateevent': '2023-01-29 02:29:58+00:00'}
root - WARNING - 

-----------------------------------------
root - WARNING - 

-----------------------------------------
root - WARNING - 

Captured event for Metacontroller and microcontrollers: 
root - WARNING - 

 MetaController has adapted the microcontrollers.
root - WARNING - {'name': 'scalabilitya-78d6cbbc7d-kpntz.173ea6b2e66acda6', 'type': 'Warning', 'message': 'Error: ImagePullBackOff', 'dateevent': '2023-01-29 02:29:58+00:00'}
root - WARNING - 

-----------------------------------------
root - WARNING - 

-----------------------------------------
root - WARNING - General Log - 
root - WARNING - {'name': 'scalabilitya-78d6cbbc7d-kpntz.173ea6bd24263c69', 'type': 'Warning', 'message': 'Failed to pull image "cmendes/kubow:yellow-2": rpc error: code = Unknown desc = Error response from daemon: Get "https://registry-1.docker.io/v2/": dial tcp: lookup registry-1.docker.io on 172.27.176.1:53: read udp 172.27.191.97:47917->172.27.176.1:53: i/o timeout', 'dateevent': '2023-01-29 02:30:42+00:00'}
root - WARNING - 

-----------------------------------------
root - WARNING - 

-----------------------------------------
root - WARNING - 

Captured event for Metacontroller and microcontrollers: 
root - WARNING - 

 MetaController has adapted the microcontrollers.
root - WARNING - {'name': 'scalabilitya-78d6cbbc7d-kpntz.173ea6bd24263c69', 'type': 'Warning', 'message': 'Failed to pull image "cmendes/kubow:yellow-2": rpc error: code = Unknown desc = Error response from daemon: Get "https://registry-1.docker.io/v2/": dial tcp: lookup registry-1.docker.io on 172.27.176.1:53: read udp 172.27.191.97:47917->172.27.176.1:53: i/o timeout', 'dateevent': '2023-01-29 02:30:42+00:00'}
root - WARNING - 

-----------------------------------------
root - WARNING - 

-----------------------------------------
root - WARNING - General Log - 
root - WARNING - {'name': 'scalabilitya-78d6cbbc7d.173ea6a604e6173d', 'type': 'Normal', 'message': 'Created pod: scalabilitya-78d6cbbc7d-kpntz', 'dateevent': '2023-01-29 02:29:03+00:00'}
root - WARNING - 

-----------------------------------------
root - WARNING - 

-----------------------------------------
root - WARNING - 

Captured event for Metacontroller and microcontrollers: 
root - WARNING - 

 MetaController has adapted the microcontrollers.
root - WARNING - {'name': 'scalabilitya-78d6cbbc7d.173ea6a604e6173d', 'type': 'Normal', 'message': 'Created pod: scalabilitya-78d6cbbc7d-kpntz', 'dateevent': '2023-01-29 02:29:03+00:00'}
root - WARNING - 

-----------------------------------------
root - WARNING - 

-----------------------------------------
root - WARNING - General Log - 
root - WARNING - {'name': 'scalabilitya.173ea6a604990742', 'type': 'Normal', 'message': 'Scaled up replica set scalabilitya-78d6cbbc7d to 1', 'dateevent': '2023-01-29 02:29:03+00:00'}
root - WARNING - 

-----------------------------------------
root - WARNING - 

-----------------------------------------
root - WARNING - 

Captured event for Metacontroller and microcontrollers: 
root - WARNING - 

 MetaController has adapted the microcontrollers.
root - WARNING - {'name': 'scalabilitya.173ea6a604990742', 'type': 'Normal', 'message': 'Scaled up replica set scalabilitya-78d6cbbc7d to 1', 'dateevent': '2023-01-29 02:29:03+00:00'}
root - WARNING - 

-----------------------------------------
root - WARNING - 

-----------------------------------------
root - WARNING - General Log - 
root - WARNING - {'name': 'coredns-5644d7b6d9-qs2bl.173ea6a3f6e28218', 'type': 'Normal', 'message': 'Successfully assigned kube-system/coredns-5644d7b6d9-qs2bl to minikube', 'dateevent': '2023-01-29 02:28:54+00:00'}
root - WARNING - 

-----------------------------------------
root - WARNING - 

-----------------------------------------
root - WARNING - General Log - 
root - WARNING - {'name': 'coredns-5644d7b6d9-qs2bl.173ea6a42ebc2a2c', 'type': 'Normal', 'message': 'Container image "k8s.gcr.io/coredns:1.6.2" already present on machine', 'dateevent': '2023-01-29 02:28:55+00:00'}
root - WARNING - 

-----------------------------------------
root - WARNING - 

-----------------------------------------
root - WARNING - General Log - 
root - WARNING - {'name': 'coredns-5644d7b6d9-qs2bl.173ea6a4373759a9', 'type': 'Normal', 'message': 'Created container coredns', 'dateevent': '2023-01-29 02:28:55+00:00'}
root - WARNING - 

-----------------------------------------
root - WARNING - 

-----------------------------------------
root - WARNING - General Log - 
root - WARNING - {'name': 'coredns-5644d7b6d9-qs2bl.173ea6a4442c786c', 'type': 'Normal', 'message': 'Started container coredns', 'dateevent': '2023-01-29 02:28:55+00:00'}
root - WARNING - 

-----------------------------------------
root - WARNING - 

-----------------------------------------
root - WARNING - General Log - 
root - WARNING - {'name': 'coredns-5644d7b6d9-qs2bl.173ea6a61aa06641', 'type': 'Warning', 'message': 'Readiness probe failed: HTTP probe failed with statuscode: 503', 'dateevent': '2023-01-29 02:29:03+00:00'}
root - WARNING - 

-----------------------------------------
root - WARNING - 

-----------------------------------------
root - WARNING - General Log - 
root - WARNING - {'name': 'coredns-5644d7b6d9.173ea6a3f674d6f1', 'type': 'Normal', 'message': 'Created pod: coredns-5644d7b6d9-qs2bl', 'dateevent': '2023-01-29 02:28:54+00:00'}
root - WARNING - 

-----------------------------------------
root - WARNING - 

-----------------------------------------
root - WARNING - General Log - 
root - WARNING - {'name': 'coredns.173ea6a3f560d10b', 'type': 'Normal', 'message': 'Scaled up replica set coredns-5644d7b6d9 to 1', 'dateevent': '2023-01-29 02:28:54+00:00'}
root - WARNING - 

-----------------------------------------
root - WARNING - 

-----------------------------------------
root - WARNING - General Log - 
root - WARNING - {'name': 'etcd-minikube.173ea69eeadb70f6', 'type': 'Normal', 'message': 'Container image "k8s.gcr.io/etcd:3.3.15-0" already present on machine', 'dateevent': '2023-01-29 02:28:42+00:00'}
root - WARNING - 

-----------------------------------------
root - WARNING - 

-----------------------------------------
root - WARNING - General Log - 
root - WARNING - {'name': 'etcd-minikube.173ea69ef1f6cb69', 'type': 'Normal', 'message': 'Created container etcd', 'dateevent': '2023-01-29 02:28:42+00:00'}
root - WARNING - 

-----------------------------------------
root - WARNING - 

-----------------------------------------
root - WARNING - General Log - 
root - WARNING - {'name': 'etcd-minikube.173ea69f00a6c912', 'type': 'Normal', 'message': 'Started container etcd', 'dateevent': '2023-01-29 02:28:43+00:00'}
root - WARNING - 

-----------------------------------------
root - WARNING - 

-----------------------------------------
root - WARNING - General Log - 
root - WARNING - {'name': 'etcd-minikube.173ea6c8975bc186', 'type': 'Warning', 'message': 'Liveness probe failed: HTTP probe failed with statuscode: 503', 'dateevent': '2023-01-29 02:31:31+00:00'}
root - WARNING - 

-----------------------------------------
root - WARNING - 

-----------------------------------------
root - WARNING - General Log - 
root - WARNING - {'name': 'k8s.io-minikube-hostpath.173ea6ab72f592d4', 'type': 'Normal', 'message': 'minikube_32592723-dd7a-43d0-9e9d-b90acefc7b2b became leader', 'dateevent': '2023-01-29 02:29:26+00:00'}
root - WARNING - 

-----------------------------------------
root - WARNING - 

-----------------------------------------
root - WARNING - General Log - 
root - WARNING - {'name': 'k8s.io-minikube-hostpath.173ea7342e3ccd03', 'type': 'Normal', 'message': 'minikube_c9e87d0d-7b86-40b0-8351-349965ca9433 became leader', 'dateevent': '2023-01-29 02:39:13+00:00'}
root - WARNING - 

-----------------------------------------
root - WARNING - 

-----------------------------------------
root - WARNING - General Log - 
root - WARNING - {'name': 'kube-apiserver-minikube.173ea69eeb3e0f58', 'type': 'Normal', 'message': 'Container image "k8s.gcr.io/kube-apiserver:v1.16.10" already present on machine', 'dateevent': '2023-01-29 02:28:42+00:00'}
root - WARNING - 

-----------------------------------------
root - WARNING - 

-----------------------------------------
root - WARNING - General Log - 
root - WARNING - {'name': 'kube-apiserver-minikube.173ea69ef26047fe', 'type': 'Normal', 'message': 'Created container kube-apiserver', 'dateevent': '2023-01-29 02:28:43+00:00'}
root - WARNING - 

-----------------------------------------
root - WARNING - 

-----------------------------------------
root - WARNING - General Log - 
root - WARNING - {'name': 'kube-apiserver-minikube.173ea69f026e0fcc', 'type': 'Normal', 'message': 'Started container kube-apiserver', 'dateevent': '2023-01-29 02:28:43+00:00'}
root - WARNING - 

-----------------------------------------
root - WARNING - 

-----------------------------------------
root - WARNING - General Log - 
root - WARNING - {'name': 'kube-apiserver-minikube.173ea72a185cb464', 'type': 'Warning', 'message': 'Liveness probe failed: HTTP probe failed with statuscode: 500', 'dateevent': '2023-01-29 02:38:30+00:00'}
root - WARNING - 

-----------------------------------------
root - WARNING - 

-----------------------------------------
root - WARNING - General Log - 
root - WARNING - {'name': 'kube-controller-manager-minikube.173ea69eeb398ab6', 'type': 'Normal', 'message': 'Container image "k8s.gcr.io/kube-controller-manager:v1.16.10" already present on machine', 'dateevent': '2023-01-29 02:28:42+00:00'}
root - WARNING - 

-----------------------------------------
root - WARNING - 

-----------------------------------------
root - WARNING - General Log - 
root - WARNING - {'name': 'kube-controller-manager-minikube.173ea69ef1f63ba9', 'type': 'Normal', 'message': 'Created container kube-controller-manager', 'dateevent': '2023-01-29 02:28:42+00:00'}
root - WARNING - 

-----------------------------------------
root - WARNING - 

-----------------------------------------
root - WARNING - General Log - 
root - WARNING - {'name': 'kube-controller-manager-minikube.173ea69f02ee1a95', 'type': 'Normal', 'message': 'Started container kube-controller-manager', 'dateevent': '2023-01-29 02:28:44+00:00'}
root - WARNING - 

-----------------------------------------
root - WARNING - 

-----------------------------------------
root - WARNING - General Log - 
root - WARNING - {'name': 'kube-proxy-swnsg.173ea6a3f5a50e09', 'type': 'Normal', 'message': 'Successfully assigned kube-system/kube-proxy-swnsg to minikube', 'dateevent': '2023-01-29 02:28:54+00:00'}
root - WARNING - 

-----------------------------------------
root - WARNING - 

-----------------------------------------
root - WARNING - General Log - 
root - WARNING - {'name': 'kube-proxy-swnsg.173ea6a4228e54f4', 'type': 'Normal', 'message': 'Container image "k8s.gcr.io/kube-proxy:v1.16.10" already present on machine', 'dateevent': '2023-01-29 02:28:55+00:00'}
root - WARNING - 

-----------------------------------------
root - WARNING - 

-----------------------------------------
root - WARNING - General Log - 
root - WARNING - {'name': 'kube-proxy-swnsg.173ea6a42a46c563', 'type': 'Normal', 'message': 'Created container kube-proxy', 'dateevent': '2023-01-29 02:28:55+00:00'}
root - WARNING - 

-----------------------------------------
root - WARNING - 

-----------------------------------------
root - WARNING - General Log - 
root - WARNING - {'name': 'kube-proxy-swnsg.173ea6a437f83f48', 'type': 'Normal', 'message': 'Started container kube-proxy', 'dateevent': '2023-01-29 02:28:55+00:00'}
root - WARNING - 

-----------------------------------------
root - WARNING - 

-----------------------------------------
root - WARNING - General Log - 
root - WARNING - {'name': 'kube-proxy.173ea6a3f4811e57', 'type': 'Normal', 'message': 'Created pod: kube-proxy-swnsg', 'dateevent': '2023-01-29 02:28:54+00:00'}
root - WARNING - 

-----------------------------------------
root - WARNING - 

-----------------------------------------
root - WARNING - General Log - 
root - WARNING - {'name': 'kube-scheduler-minikube.173ea69eead6ab17', 'type': 'Normal', 'message': 'Container image "k8s.gcr.io/kube-scheduler:v1.16.10" already present on machine', 'dateevent': '2023-01-29 02:28:41+00:00'}
root - WARNING - 

-----------------------------------------
root - WARNING - 

-----------------------------------------
root - WARNING - General Log - 
root - WARNING - {'name': 'kube-scheduler-minikube.173ea69ef1f73cb0', 'type': 'Normal', 'message': 'Created container kube-scheduler', 'dateevent': '2023-01-29 02:28:43+00:00'}
root - WARNING - 

-----------------------------------------
root - WARNING - 

-----------------------------------------
root - WARNING - General Log - 
root - WARNING - {'name': 'kube-scheduler-minikube.173ea69eff27da32', 'type': 'Normal', 'message': 'Started container kube-scheduler', 'dateevent': '2023-01-29 02:28:43+00:00'}
root - WARNING - 

-----------------------------------------
root - WARNING - 

-----------------------------------------
root - WARNING - General Log - 
root - WARNING - {'name': 'metrics-server-9c97ff6d4-t5g72.173ea6a4b6993ad5', 'type': 'Normal', 'message': 'Successfully assigned kube-system/metrics-server-9c97ff6d4-t5g72 to minikube', 'dateevent': '2023-01-29 02:28:57+00:00'}
root - WARNING - 

-----------------------------------------
root - WARNING - 

-----------------------------------------
root - WARNING - General Log - 
root - WARNING - {'name': 'metrics-server-9c97ff6d4-t5g72.173ea6a4f24fa48f', 'type': 'Normal', 'message': 'Pulling image "k8s.gcr.io/metrics-server-amd64:v0.3.6"', 'dateevent': '2023-01-29 02:28:58+00:00'}
root - WARNING - 

-----------------------------------------
root - WARNING - 

-----------------------------------------
root - WARNING - General Log - 
root - WARNING - {'name': 'metrics-server-9c97ff6d4-t5g72.173ea6a6a21c77c4', 'type': 'Normal', 'message': 'Successfully pulled image "k8s.gcr.io/metrics-server-amd64:v0.3.6"', 'dateevent': '2023-01-29 02:29:06+00:00'}
root - WARNING - 

-----------------------------------------
root - WARNING - 

-----------------------------------------
root - WARNING - General Log - 
root - WARNING - {'name': 'metrics-server-9c97ff6d4-t5g72.173ea6a6b0862104', 'type': 'Normal', 'message': 'Created container metrics-server', 'dateevent': '2023-01-29 02:29:06+00:00'}
root - WARNING - 

-----------------------------------------
root - WARNING - 

-----------------------------------------
root - WARNING - General Log - 
root - WARNING - {'name': 'metrics-server-9c97ff6d4-t5g72.173ea6a6babaf7d0', 'type': 'Normal', 'message': 'Started container metrics-server', 'dateevent': '2023-01-29 02:29:06+00:00'}
root - WARNING - 

-----------------------------------------
root - WARNING - 

-----------------------------------------
root - WARNING - General Log - 
root - WARNING - {'name': 'metrics-server-9c97ff6d4.173ea6a4b61bd717', 'type': 'Normal', 'message': 'Created pod: metrics-server-9c97ff6d4-t5g72', 'dateevent': '2023-01-29 02:28:57+00:00'}
root - WARNING - 

-----------------------------------------
root - WARNING - 

-----------------------------------------
root - WARNING - General Log - 
root - WARNING - {'name': 'metrics-server.173ea6a4b5d64ed8', 'type': 'Normal', 'message': 'Scaled up replica set metrics-server-9c97ff6d4 to 1', 'dateevent': '2023-01-29 02:28:57+00:00'}
root - WARNING - 

-----------------------------------------
root - WARNING - 

-----------------------------------------
root - WARNING - General Log - 
root - WARNING - {'name': 'storage-provisioner.173ea6a17a3d3e28', 'type': 'Warning', 'message': "0/1 nodes are available: 1 node(s) had taints that the pod didn't tolerate.", 'dateevent': '2023-01-29 02:28:43+00:00'}
root - WARNING - 

-----------------------------------------
root - WARNING - 

-----------------------------------------
root - WARNING - General Log - 
root - WARNING - {'name': 'storage-provisioner.173ea6a3efe7916f', 'type': 'Normal', 'message': 'Successfully assigned kube-system/storage-provisioner to minikube', 'dateevent': '2023-01-29 02:28:54+00:00'}
root - WARNING - 

-----------------------------------------
root - WARNING - 

-----------------------------------------
root - WARNING - General Log - 
root - WARNING - {'name': 'storage-provisioner.173ea6a4178288b9', 'type': 'Normal', 'message': 'Container image "gcr.io/k8s-minikube/storage-provisioner:v5" already present on machine', 'dateevent': '2023-01-29 02:28:55+00:00'}
root - WARNING - 

-----------------------------------------
root - WARNING - 

-----------------------------------------
root - WARNING - General Log - 
root - WARNING - {'name': 'storage-provisioner.173ea6a41e84f95c', 'type': 'Normal', 'message': 'Created container storage-provisioner', 'dateevent': '2023-01-29 02:28:55+00:00'}
root - WARNING - 

-----------------------------------------
root - WARNING - 

-----------------------------------------
root - WARNING - General Log - 
root - WARNING - {'name': 'storage-provisioner.173ea6a42cdb919a', 'type': 'Normal', 'message': 'Started container storage-provisioner', 'dateevent': '2023-01-29 02:28:55+00:00'}
root - WARNING - 

-----------------------------------------
root - WARNING - 

-----------------------------------------
root - WARNING - General Log - 
root - WARNING - {'name': 'storage-provisioner.173ea72d6cd77deb', 'type': 'Warning', 'message': 'Back-off restarting failed container', 'dateevent': '2023-01-29 02:38:44+00:00'}
root - WARNING - 

-----------------------------------------
root - WARNING - 

-----------------------------------------
root - WARNING - General Log - 
root - WARNING - {'name': 'kube-znn-68bd9d6b5b.173ea774fa9a9beb', 'type': 'Normal', 'message': 'Created pod: kube-znn-68bd9d6b5b-bgmhp', 'dateevent': '2023-01-29 02:43:52+00:00'}
root - WARNING - 

-----------------------------------------
root - WARNING - 

-----------------------------------------
root - WARNING - General Log - 
root - WARNING - {'name': 'kube-znn-68bd9d6b5b-bgmhp.173ea774fba3b658', 'type': 'Normal', 'message': 'Successfully assigned default/kube-znn-68bd9d6b5b-bgmhp to minikube', 'dateevent': '2023-01-29 02:43:52+00:00'}
root - WARNING - 

-----------------------------------------
root - WARNING - 

-----------------------------------------
root - WARNING - General Log - 
root - WARNING - {'name': 'kube-znn-68bd9d6b5b-bgmhp.173ea7752acccefb', 'type': 'Normal', 'message': 'Container image "cmendes/znn:800k" already present on machine', 'dateevent': '2023-01-29 02:43:53+00:00'}
root - WARNING - 

-----------------------------------------
root - WARNING - 

-----------------------------------------
root - WARNING - General Log - 
root - WARNING - {'name': 'kube-znn-68bd9d6b5b-bgmhp.173ea775311b820d', 'type': 'Normal', 'message': 'Created container znn', 'dateevent': '2023-01-29 02:43:53+00:00'}
root - WARNING - 

-----------------------------------------
root - WARNING - 

-----------------------------------------
root - WARNING - General Log - 
root - WARNING - {'name': 'kube-znn-68bd9d6b5b-bgmhp.173ea7753d5da7f0', 'type': 'Normal', 'message': 'Started container znn', 'dateevent': '2023-01-29 02:43:53+00:00'}
root - WARNING - 

-----------------------------------------
root - WARNING - 

-----------------------------------------
root - WARNING - General Log - 
root - WARNING - {'name': 'kube-znn-68bd9d6b5b-bgmhp.173ea7754182cebb', 'type': 'Normal', 'message': 'Pulling image "openresty/openresty:alpine-fat"', 'dateevent': '2023-01-29 02:43:53+00:00'}
root - WARNING - 

-----------------------------------------
root - WARNING - 

-----------------------------------------
root - WARNING - General Log - 
root - WARNING - {'name': 'kube-znn-68bd9d6b5b-bgmhp.173ea777de1066be', 'type': 'Normal', 'message': 'Successfully pulled image "openresty/openresty:alpine-fat"', 'dateevent': '2023-01-29 02:44:04+00:00'}
root - WARNING - 

-----------------------------------------
root - WARNING - 

-----------------------------------------
root - WARNING - General Log - 
root - WARNING - {'name': 'kube-znn-68bd9d6b5b-bgmhp.173ea7787caf60c2', 'type': 'Normal', 'message': 'Created container nginx', 'dateevent': '2023-01-29 02:44:07+00:00'}
root - WARNING - 

-----------------------------------------
root - WARNING - 

-----------------------------------------
root - WARNING - General Log - 
root - WARNING - {'name': 'kube-znn-68bd9d6b5b-bgmhp.173ea778884e4b28', 'type': 'Normal', 'message': 'Started container nginx', 'dateevent': '2023-01-29 02:44:07+00:00'}
root - WARNING - 

-----------------------------------------
