Reading file: automatingDataGeneration.sh
Reading file: CLong10
Reading file: CLong10.7z
Reading file: Evaluation-ZNN.7z
Reading file: fidelitya-778c6c6b8b-2lqpz_tracing_20230128_210206.log

fidelitya data

2023-01-29 00:05:15 : t0:raiseFidelity

2023-01-29 00:05:20 : t0:raiseFidelity

2023-01-29 00:05:50 : t0:raiseFidelity

2023-01-29 00:05:55 : t0:raiseFidelity

2023-01-29 00:06:00 : t0:raiseFidelity

2023-01-29 00:06:35 : t0:raiseFidelity

2023-01-29 00:06:40 : t0:raiseFidelity

2023-01-29 00:07:10 : t0:raiseFidelity

2023-01-29 00:07:15 : t0:raiseFidelity

2023-01-29 00:07:20 : t0:raiseFidelity

2023-01-29 00:07:25 : t0:raiseFidelity

2023-01-29 00:07:30 : t0:raiseFidelity

2023-01-29 00:07:35 : t0:raiseFidelity

2023-01-29 00:07:40 : t0:raiseFidelity

2023-01-29 00:07:45 : t0:raiseFidelity

2023-01-29 00:07:50 : t0:raiseFidelity

2023-01-29 00:07:55 : t0:raiseFidelity

2023-01-29 00:08:00 : t0:raiseFidelity

2023-01-29 00:08:05 : t0:raiseFidelity

2023-01-29 00:08:10 : t0:raiseFidelity

2023-01-29 00:08:15 : t0:raiseFidelity

2023-01-29 00:08:20 : t0:raiseFidelity

2023-01-29 00:08:25 : t0:raiseFidelity

2023-01-29 00:08:30 : t0:raiseFidelity

2023-01-29 00:08:35 : t0:raiseFidelity

2023-01-29 00:08:40 : t0:raiseFidelity

2023-01-29 00:08:45 : t0:raiseFidelity

2023-01-29 00:08:50 : t0:raiseFidelity

2023-01-29 00:08:55 : t0:raiseFidelity

2023-01-29 00:09:00 : t0:raiseFidelity

2023-01-29 00:09:05 : t0:raiseFidelity

2023-01-29 00:09:10 : t0:raiseFidelity

2023-01-29 00:09:15 : t0:raiseFidelity

2023-01-29 00:09:20 : t0:raiseFidelity

2023-01-29 00:09:25 : t0:raiseFidelity

2023-01-29 00:09:30 : t0:raiseFidelity

2023-01-29 00:09:35 : t0:raiseFidelity

2023-01-29 00:09:40 : t0:raiseFidelity

2023-01-29 00:09:45 : t0:raiseFidelity

2023-01-29 00:09:50 : t0:raiseFidelity

2023-01-29 00:09:55 : t0:raiseFidelity

2023-01-29 00:10:00 : t0:raiseFidelity

2023-01-29 00:10:05 : t0:raiseFidelity

2023-01-29 00:10:10 : t0:raiseFidelity

2023-01-29 00:10:15 : t0:raiseFidelity

2023-01-29 00:10:20 : t0:raiseFidelity

2023-01-29 00:10:25 : t0:raiseFidelity

2023-01-29 00:10:30 : t0:raiseFidelity

2023-01-29 00:10:35 : t0:raiseFidelity

2023-01-29 00:10:40 : t0:raiseFidelity

2023-01-29 00:10:45 : t0:raiseFidelity

2023-01-29 00:10:50 : t0:raiseFidelity

2023-01-29 00:10:55 : t0:raiseFidelity

2023-01-29 00:11:00 : t0:raiseFidelity

2023-01-29 00:11:05 : t0:raiseFidelity

2023-01-29 00:11:10 : t0:raiseFidelity

2023-01-29 00:11:15 : t0:raiseFidelity

2023-01-29 00:11:20 : t0:raiseFidelity

2023-01-29 00:11:25 : t0:raiseFidelity

2023-01-29 00:11:30 : t0:raiseFidelity

2023-01-29 00:11:35 : t0:raiseFidelity

2023-01-29 00:11:40 : t0:raiseFidelity

2023-01-29 00:11:45 : t0:raiseFidelity

2023-01-29 00:11:50 : t0:raiseFidelity

2023-01-29 00:11:55 : t0:raiseFidelity

2023-01-29 00:12:00 : t0:raiseFidelity

2023-01-29 00:12:05 : t0:raiseFidelity

2023-01-29 00:12:10 : t0:raiseFidelity

2023-01-29 00:12:15 : t0:raiseFidelity

2023-01-29 00:12:20 : t0:raiseFidelity

2023-01-29 00:12:25 : t0:raiseFidelity

2023-01-29 00:12:30 : t0:raiseFidelity

2023-01-29 00:12:35 : t0:raiseFidelity

2023-01-29 00:12:40 : t0:raiseFidelity

2023-01-29 00:12:45 : t0:raiseFidelity

2023-01-29 00:12:50 : t0:raiseFidelity

2023-01-29 00:12:55 : t0:raiseFidelity

2023-01-29 00:13:00 : t0:raiseFidelity

2023-01-29 00:13:05 : t0:raiseFidelity

2023-01-29 00:13:10 : t0:raiseFidelity

2023-01-29 00:13:15 : t0:raiseFidelity

2023-01-29 00:13:20 : t0:raiseFidelity

2023-01-29 00:13:25 : t0:raiseFidelity

2023-01-29 00:13:30 : t0:raiseFidelity

2023-01-29 00:13:35 : t0:raiseFidelity

2023-01-29 00:13:40 : t0:raiseFidelity

2023-01-29 00:13:45 : t0:raiseFidelity

2023-01-29 00:13:50 : t0:raiseFidelity

2023-01-29 00:13:55 : t0:raiseFidelity

2023-01-29 00:14:00 : t0:raiseFidelity

Reading file: generateLogs121929
Reading file: generateLogs124558
Reading file: generateLogs131507
Reading file: generateLogs134342
Reading file: generateLogs140938
Reading file: generateLogs144032
Reading file: generateLogs150618
Reading file: generateLogs153301
Reading file: generateLogs155714
Reading file: generateLogs162553
Reading file: generateLogs164354
Reading file: generateLogs171441
Reading file: generateLogs174448
Reading file: generateLogs181031
Reading file: generateLogs184508
Reading file: generateLogs190356
Reading file: generateLogs192553
Reading file: generateLogs195446
Reading file: generateLogs2.sh
Reading file: generateLogs202030
Reading file: generateLogs205105
Reading file: k6-bxxjl_tracing_20230128_210206.log
Reading file: metacontroller-kubow-8479d7588d-2p2p4_tracing_20230128_210206.log

MetaController data

2023-01-29 00:03:00 : t0:activateLowScalabilityHighQuality

2023-01-29 00:03:10 : t0:addLowScalabilityLowQuality

2023-01-29 00:04:40 : t0:addHighScalabilityHighQuality

Reading file: README.md
Reading file: scalabilitya-78d6cbbc7d-qtbld_tracing_20230128_210206.log

scalabilitya data

2023-01-29 00:05:13 : t0:removeReplica

2023-01-29 00:05:58 : t0:removeReplica

2023-01-29 00:06:03 : t0:removeReplica

2023-01-29 00:06:38 : t0:removeReplica

Reading file: summary-trace-znn.log
Reading file: temp
Reading file: temp2701
Reading file: test
Reading file: tools
Reading file: traceznn_20230128_210206.log

Trace znn data

{'name': 'kube-znn-db.173e9e41d9cf2225', 'type': 'Normal', 'message': 'Scaled up replica set kube-znn-db-6cc48797cf to 1', 'dateevent': '2023-01-28 23:55:17+00:00', 'image': 'cmendes/znn:800k', 'replicas': 1, 'imageChanges': 0, 'replicasChanges': 1}

{'name': 'kube-znn.173e9e41d8ef745d', 'type': 'Normal', 'message': 'Scaled up replica set kube-znn-68bd9d6b5b to 1', 'dateevent': '2023-01-28 23:55:17+00:00', 'image': 'cmendes/znn:800k', 'replicas': 1, 'imageChanges': 0, 'replicasChanges': 1}

{'name': 'kube-znn.173e9ea3e16dae11', 'type': 'Normal', 'message': 'Scaled up replica set kube-znn-68bd9d6b5b to 2', 'dateevent': '2023-01-29 00:02:18+00:00', 'image': 'cmendes/znn:800k', 'replicas': 2, 'imageChanges': 0, 'replicasChanges': 2}

{'name': 'kube-znn.173e9ea4c6672f14', 'type': 'Normal', 'message': 'Scaled up replica set kube-znn-68bd9d6b5b to 3', 'dateevent': '2023-01-29 00:02:21+00:00', 'image': 'cmendes/znn:800k', 'replicas': 3, 'imageChanges': 0, 'replicasChanges': 3}

{'name': 'kube-znn.173e9ea5f327d86c', 'type': 'Normal', 'message': 'Scaled up replica set kube-znn-68bd9d6b5b to 4', 'dateevent': '2023-01-29 00:02:27+00:00', 'image': 'cmendes/znn:800k', 'replicas': 4, 'imageChanges': 0, 'replicasChanges': 4}

{'name': 'kube-znn.173e9ea71aa14ad1', 'type': 'Normal', 'message': 'Scaled up replica set kube-znn-68bd9d6b5b to 5', 'dateevent': '2023-01-29 00:02:31+00:00', 'image': 'cmendes/znn:800k', 'replicas': 5, 'imageChanges': 0, 'replicasChanges': 5}

{'name': 'kube-znn.173e9ea841416c6a', 'type': 'Normal', 'message': 'Scaled up replica set kube-znn-68bd9d6b5b to 6', 'dateevent': '2023-01-29 00:02:36+00:00', 'image': 'cmendes/znn:800k', 'replicas': 6, 'imageChanges': 0, 'replicasChanges': 6}

{'name': 'kube-znn.173e9ea96c07fb30', 'type': 'Normal', 'message': 'Scaled up replica set kube-znn-68bd9d6b5b to 7', 'dateevent': '2023-01-29 00:02:41+00:00', 'image': 'cmendes/znn:800k', 'replicas': 7, 'imageChanges': 0, 'replicasChanges': 7}

{'name': 'kube-znn.173e9eaa95ba4915', 'type': 'Normal', 'message': 'Scaled up replica set kube-znn-68bd9d6b5b to 8', 'dateevent': '2023-01-29 00:02:46+00:00', 'image': 'cmendes/znn:800k', 'replicas': 8, 'imageChanges': 0, 'replicasChanges': 8}

{'name': 'kube-znn.173e9eabc0ef9a44', 'type': 'Normal', 'message': 'Scaled up replica set kube-znn-68bd9d6b5b to 9', 'dateevent': '2023-01-29 00:02:51+00:00', 'image': 'cmendes/znn:800k', 'replicas': 9, 'imageChanges': 0, 'replicasChanges': 9}

{'name': 'kube-znn.173e9eace9633c14', 'type': 'Normal', 'message': '(combined from similar events): Scaled up replica set kube-znn-68bd9d6b5b to 10', 'dateevent': '2023-01-29 00:02:56+00:00', 'image': 'cmendes/znn:800k', 'replicas': 10, 'imageChanges': 0, 'replicasChanges': 10}

{'name': 'kube-znn.173e9eace9633c14', 'type': 'Normal', 'message': '(combined from similar events): Scaled up replica set kube-znn-7cbbf89f8 to 3', 'dateevent': '2023-01-29 00:02:56+00:00', 'image': 'cmendes/znn:600k', 'replicas': 10, 'imageChanges': 1, 'replicasChanges': 10}

{'name': 'kube-znn.173e9eace9633c14', 'type': 'Normal', 'message': '(combined from similar events): Scaled down replica set kube-znn-68bd9d6b5b to 8', 'dateevent': '2023-01-29 00:02:56+00:00', 'image': 'cmendes/znn:600k', 'replicas': 10, 'imageChanges': 1, 'replicasChanges': 10}

{'name': 'kube-znn.173e9eace9633c14', 'type': 'Normal', 'message': '(combined from similar events): Scaled up replica set kube-znn-7cbbf89f8 to 5', 'dateevent': '2023-01-29 00:02:56+00:00', 'image': 'cmendes/znn:600k', 'replicas': 10, 'imageChanges': 1, 'replicasChanges': 10}

{'name': 'kube-znn.173e9eace9633c14', 'type': 'Normal', 'message': '(combined from similar events): Scaled down replica set kube-znn-68bd9d6b5b to 3', 'dateevent': '2023-01-29 00:02:56+00:00', 'image': 'cmendes/znn:200k', 'replicas': 10, 'imageChanges': 2, 'replicasChanges': 10}

{'name': 'kube-znn.173e9eace9633c14', 'type': 'Normal', 'message': '(combined from similar events): Scaled up replica set kube-znn-86cccc748b to 5', 'dateevent': '2023-01-29 00:02:56+00:00', 'image': 'cmendes/znn:200k', 'replicas': 10, 'imageChanges': 2, 'replicasChanges': 10}

{'name': 'kube-znn.173e9eace9633c14', 'type': 'Normal', 'message': '(combined from similar events): Scaled down replica set kube-znn-7cbbf89f8 to 2', 'dateevent': '2023-01-29 00:02:56+00:00', 'image': 'cmendes/znn:200k', 'replicas': 4, 'imageChanges': 2, 'replicasChanges': 11}

{'name': 'kube-znn.173e9eace9633c14', 'type': 'Normal', 'message': '(combined from similar events): Scaled down replica set kube-znn-86cccc748b to 2', 'dateevent': '2023-01-29 00:02:56+00:00', 'image': 'cmendes/znn:200k', 'replicas': 4, 'imageChanges': 2, 'replicasChanges': 11}

{'name': 'kube-znn.173e9eace9633c14', 'type': 'Normal', 'message': '(combined from similar events): Scaled down replica set kube-znn-68bd9d6b5b to 1', 'dateevent': '2023-01-29 00:02:56+00:00', 'image': 'cmendes/znn:200k', 'replicas': 4, 'imageChanges': 2, 'replicasChanges': 11}

{'name': 'kube-znn.173e9eace9633c14', 'type': 'Normal', 'message': '(combined from similar events): Scaled down replica set kube-znn-86cccc748b to 0', 'dateevent': '2023-01-29 00:02:56+00:00', 'image': 'cmendes/znn:800k', 'replicas': 4, 'imageChanges': 3, 'replicasChanges': 11}

{'name': 'kube-znn.173e9eace9633c14', 'type': 'Normal', 'message': '(combined from similar events): Scaled up replica set kube-znn-68bd9d6b5b to 3', 'dateevent': '2023-01-29 00:02:56+00:00', 'image': 'cmendes/znn:800k', 'replicas': 4, 'imageChanges': 3, 'replicasChanges': 11}

{'name': 'kube-znn.173e9eace9633c14', 'type': 'Normal', 'message': '(combined from similar events): Scaled down replica set kube-znn-7cbbf89f8 to 1', 'dateevent': '2023-01-29 00:02:56+00:00', 'image': 'cmendes/znn:800k', 'replicas': 4, 'imageChanges': 3, 'replicasChanges': 11}

{'name': 'kube-znn.173e9eace9633c14', 'type': 'Normal', 'message': '(combined from similar events): Scaled up replica set kube-znn-68bd9d6b5b to 4', 'dateevent': '2023-01-29 00:02:56+00:00', 'image': 'cmendes/znn:800k', 'replicas': 4, 'imageChanges': 3, 'replicasChanges': 11}

{'name': 'kube-znn.173e9eace9633c14', 'type': 'Normal', 'message': '(combined from similar events): Scaled down replica set kube-znn-7cbbf89f8 to 0', 'dateevent': '2023-01-29 00:02:56+00:00', 'image': 'cmendes/znn:800k', 'replicas': 4, 'imageChanges': 3, 'replicasChanges': 11}

{'name': 'kube-znn.173e9eace9633c14', 'type': 'Normal', 'message': '(combined from similar events): Scaled down replica set kube-znn-68bd9d6b5b to 3', 'dateevent': '2023-01-29 00:02:56+00:00', 'image': 'cmendes/znn:800k', 'replicas': 3, 'imageChanges': 3, 'replicasChanges': 12}

{'name': 'kube-znn.173e9eace9633c14', 'type': 'Normal', 'message': '(combined from similar events): Scaled down replica set kube-znn-68bd9d6b5b to 2', 'dateevent': '2023-01-29 00:02:56+00:00', 'image': 'cmendes/znn:800k', 'replicas': 2, 'imageChanges': 3, 'replicasChanges': 13}

{'name': 'kube-znn.173e9ee0a277e68e', 'type': 'Normal', 'message': 'Scaled down replica set kube-znn-68bd9d6b5b to 1', 'dateevent': '2023-01-29 00:06:39+00:00', 'image': 'cmendes/znn:800k', 'replicas': 1, 'imageChanges': 3, 'replicasChanges': 14}

Reading file: VersionA-Monolithic
Reading file: VersionB-MicroControllers
Reading file: VersionC-WithFailureManagerMetaController
Reading file: VersionC-ZTemp
