Reading file: automatingDataGeneration.sh
Reading file: CLong10
Reading file: CLong10.7z
Reading file: Evaluation-ZNN.7z
Reading file: fidelitya-778c6c6b8b-cssrr_tracing_20230129_043509.log

fidelitya data

2023-01-29 07:39:02 : t0:raiseFidelity

2023-01-29 07:39:07 : t0:raiseFidelity

2023-01-29 07:39:37 : t0:raiseFidelity

2023-01-29 07:39:42 : t0:raiseFidelity

2023-01-29 07:39:47 : t0:raiseFidelity

2023-01-29 07:39:52 : t0:raiseFidelity

2023-01-29 07:39:57 : t0:raiseFidelity

2023-01-29 07:40:02 : t0:raiseFidelity

2023-01-29 07:40:07 : t0:raiseFidelity

2023-01-29 07:40:12 : t0:raiseFidelity

2023-01-29 07:40:17 : t0:raiseFidelity

2023-01-29 07:40:22 : t0:raiseFidelity

2023-01-29 07:40:27 : t0:raiseFidelity

2023-01-29 07:40:32 : t0:raiseFidelity

2023-01-29 07:40:37 : t0:raiseFidelity

2023-01-29 07:40:42 : t0:raiseFidelity

2023-01-29 07:40:47 : t0:raiseFidelity

2023-01-29 07:40:52 : t0:raiseFidelity

2023-01-29 07:40:57 : t0:raiseFidelity

2023-01-29 07:41:02 : t0:raiseFidelity

2023-01-29 07:41:07 : t0:raiseFidelity

2023-01-29 07:41:12 : t0:raiseFidelity

2023-01-29 07:41:17 : t0:raiseFidelity

2023-01-29 07:41:22 : t0:raiseFidelity

2023-01-29 07:41:27 : t0:raiseFidelity

2023-01-29 07:41:32 : t0:raiseFidelity

2023-01-29 07:41:37 : t0:raiseFidelity

2023-01-29 07:41:42 : t0:raiseFidelity

2023-01-29 07:41:47 : t0:raiseFidelity

2023-01-29 07:41:52 : t0:raiseFidelity

2023-01-29 07:41:57 : t0:raiseFidelity

2023-01-29 07:42:02 : t0:raiseFidelity

2023-01-29 07:42:07 : t0:raiseFidelity

2023-01-29 07:42:12 : t0:raiseFidelity

2023-01-29 07:42:17 : t0:raiseFidelity

2023-01-29 07:42:22 : t0:raiseFidelity

2023-01-29 07:42:27 : t0:raiseFidelity

2023-01-29 07:42:32 : t0:raiseFidelity

2023-01-29 07:42:37 : t0:raiseFidelity

2023-01-29 07:42:42 : t0:raiseFidelity

2023-01-29 07:42:47 : t0:raiseFidelity

2023-01-29 07:42:52 : t0:raiseFidelity

2023-01-29 07:42:57 : t0:raiseFidelity

2023-01-29 07:43:02 : t0:raiseFidelity

2023-01-29 07:43:07 : t0:raiseFidelity

2023-01-29 07:43:12 : t0:raiseFidelity

2023-01-29 07:43:17 : t0:raiseFidelity

2023-01-29 07:43:22 : t0:raiseFidelity

2023-01-29 07:43:27 : t0:raiseFidelity

2023-01-29 07:43:32 : t0:raiseFidelity

2023-01-29 07:43:37 : t0:raiseFidelity

2023-01-29 07:43:42 : t0:raiseFidelity

2023-01-29 07:43:47 : t0:raiseFidelity

2023-01-29 07:43:52 : t0:raiseFidelity

2023-01-29 07:43:57 : t0:raiseFidelity

2023-01-29 07:44:02 : t0:raiseFidelity

2023-01-29 07:44:07 : t0:raiseFidelity

2023-01-29 07:44:12 : t0:raiseFidelity

2023-01-29 07:44:17 : t0:raiseFidelity

2023-01-29 07:44:22 : t0:raiseFidelity

2023-01-29 07:44:27 : t0:raiseFidelity

2023-01-29 07:44:32 : t0:raiseFidelity

2023-01-29 07:44:37 : t0:raiseFidelity

2023-01-29 07:44:42 : t0:raiseFidelity

2023-01-29 07:44:47 : t0:raiseFidelity

2023-01-29 07:44:52 : t0:raiseFidelity

2023-01-29 07:44:57 : t0:raiseFidelity

2023-01-29 07:45:02 : t0:raiseFidelity

2023-01-29 07:45:07 : t0:raiseFidelity

2023-01-29 07:45:12 : t0:raiseFidelity

2023-01-29 07:45:17 : t0:raiseFidelity

2023-01-29 07:45:22 : t0:raiseFidelity

2023-01-29 07:45:27 : t0:raiseFidelity

2023-01-29 07:45:32 : t0:raiseFidelity

2023-01-29 07:45:37 : t0:raiseFidelity

Reading file: generateLogs002528
Reading file: generateLogs005657
Reading file: generateLogs011949
Reading file: generateLogs015458
Reading file: generateLogs022424
Reading file: generateLogs025408
Reading file: generateLogs032409
Reading file: generateLogs034605
Reading file: generateLogs041624
Reading file: generateLogs121929
Reading file: generateLogs124558
Reading file: generateLogs131507
Reading file: generateLogs134342
Reading file: generateLogs140938
Reading file: generateLogs144032
Reading file: generateLogs150618
Reading file: generateLogs153301
Reading file: generateLogs155714
Reading file: generateLogs162553
Reading file: generateLogs164354
Reading file: generateLogs171441
Reading file: generateLogs174448
Reading file: generateLogs181031
Reading file: generateLogs184508
Reading file: generateLogs190356
Reading file: generateLogs192553
Reading file: generateLogs195446
Reading file: generateLogs2.sh
Reading file: generateLogs202030
Reading file: generateLogs205105
Reading file: generateLogs211405
Reading file: generateLogs214402
Reading file: generateLogs221119
Reading file: generateLogs225030
Reading file: generateLogs230943
Reading file: generateLogs232434
Reading file: k6-44vs4_tracing_20230129_043509.log
Reading file: metacontroller-kubow-8479d7588d-gt78t_tracing_20230129_043509.log

MetaController data

2023-01-29 07:35:58 : t0:activateLowScalabilityHighQuality

2023-01-29 07:36:08 : t0:addLowScalabilityLowQuality

2023-01-29 07:36:53 : t0:activateLowScalabilityHighQuality

2023-01-29 07:37:03 : t0:addLowScalabilityLowQuality

2023-01-29 07:38:28 : t0:addHighScalabilityHighQuality

Reading file: README.md
Reading file: scalabilitya-78d6cbbc7d-jk5pz_tracing_20230129_043509.log

scalabilitya data

2023-01-29 07:39:04 : t0:removeReplica

Reading file: summary-trace-znn.log
Reading file: temp
Reading file: temp2701
Reading file: test
Reading file: tools
Reading file: traceznn_20230129_043509.log

Trace znn data

{'name': 'kube-znn-db.173eb6971e412775', 'type': 'Normal', 'message': 'Scaled up replica set kube-znn-db-6cc48797cf to 1', 'dateevent': '2023-01-29 07:21:11+00:00', 'image': 'cmendes/znn:800k', 'replicas': 1, 'imageChanges': 0, 'replicasChanges': 1}

{'name': 'kube-znn.173eb6971d5e1447', 'type': 'Normal', 'message': 'Scaled up replica set kube-znn-68bd9d6b5b to 1', 'dateevent': '2023-01-29 07:21:11+00:00', 'image': 'cmendes/znn:800k', 'replicas': 1, 'imageChanges': 0, 'replicasChanges': 1}

{'name': 'kube-znn.173eb75bde311170', 'type': 'Normal', 'message': 'Scaled up replica set kube-znn-68bd9d6b5b to 2', 'dateevent': '2023-01-29 07:35:16+00:00', 'image': 'cmendes/znn:800k', 'replicas': 2, 'imageChanges': 0, 'replicasChanges': 2}

{'name': 'kube-znn.173eb75cd1e2d469', 'type': 'Normal', 'message': 'Scaled up replica set kube-znn-68bd9d6b5b to 3', 'dateevent': '2023-01-29 07:35:20+00:00', 'image': 'cmendes/znn:800k', 'replicas': 3, 'imageChanges': 0, 'replicasChanges': 3}

{'name': 'kube-znn.173eb75dfd645170', 'type': 'Normal', 'message': 'Scaled up replica set kube-znn-68bd9d6b5b to 4', 'dateevent': '2023-01-29 07:35:25+00:00', 'image': 'cmendes/znn:800k', 'replicas': 4, 'imageChanges': 0, 'replicasChanges': 4}

{'name': 'kube-znn.173eb75f2061a8c2', 'type': 'Normal', 'message': 'Scaled up replica set kube-znn-68bd9d6b5b to 5', 'dateevent': '2023-01-29 07:35:30+00:00', 'image': 'cmendes/znn:800k', 'replicas': 5, 'imageChanges': 0, 'replicasChanges': 5}

{'name': 'kube-znn.173eb76048ca72a3', 'type': 'Normal', 'message': 'Scaled up replica set kube-znn-68bd9d6b5b to 6', 'dateevent': '2023-01-29 07:35:35+00:00', 'image': 'cmendes/znn:800k', 'replicas': 6, 'imageChanges': 0, 'replicasChanges': 6}

{'name': 'kube-znn.173eb761731d49ca', 'type': 'Normal', 'message': 'Scaled up replica set kube-znn-68bd9d6b5b to 7', 'dateevent': '2023-01-29 07:35:40+00:00', 'image': 'cmendes/znn:800k', 'replicas': 7, 'imageChanges': 0, 'replicasChanges': 7}

{'name': 'kube-znn.173eb7629cb78fca', 'type': 'Normal', 'message': 'Scaled up replica set kube-znn-68bd9d6b5b to 8', 'dateevent': '2023-01-29 07:35:45+00:00', 'image': 'cmendes/znn:800k', 'replicas': 8, 'imageChanges': 0, 'replicasChanges': 8}

{'name': 'kube-znn.173eb763c99b3d82', 'type': 'Normal', 'message': 'Scaled up replica set kube-znn-68bd9d6b5b to 9', 'dateevent': '2023-01-29 07:35:50+00:00', 'image': 'cmendes/znn:800k', 'replicas': 9, 'imageChanges': 0, 'replicasChanges': 9}

{'name': 'kube-znn.173eb764f27b2b79', 'type': 'Normal', 'message': 'Scaled up replica set kube-znn-68bd9d6b5b to 10', 'dateevent': '2023-01-29 07:35:55+00:00', 'image': 'cmendes/znn:800k', 'replicas': 10, 'imageChanges': 0, 'replicasChanges': 10}

{'name': 'kube-znn.173eb765dc448961', 'type': 'Normal', 'message': '(combined from similar events): Scaled up replica set kube-znn-7cbbf89f8 to 3', 'dateevent': '2023-01-29 07:35:59+00:00', 'image': 'cmendes/znn:600k', 'replicas': 10, 'imageChanges': 1, 'replicasChanges': 10}

{'name': 'kube-znn.173eb765dc448961', 'type': 'Normal', 'message': '(combined from similar events): Scaled down replica set kube-znn-68bd9d6b5b to 8', 'dateevent': '2023-01-29 07:35:59+00:00', 'image': 'cmendes/znn:600k', 'replicas': 10, 'imageChanges': 1, 'replicasChanges': 10}

{'name': 'kube-znn.173eb765dc448961', 'type': 'Normal', 'message': '(combined from similar events): Scaled up replica set kube-znn-7cbbf89f8 to 5', 'dateevent': '2023-01-29 07:35:59+00:00', 'image': 'cmendes/znn:600k', 'replicas': 10, 'imageChanges': 1, 'replicasChanges': 10}

{'name': 'kube-znn.173eb765dc448961', 'type': 'Normal', 'message': '(combined from similar events): Scaled down replica set kube-znn-68bd9d6b5b to 4', 'dateevent': '2023-01-29 07:35:59+00:00', 'image': 'cmendes/znn:100k', 'replicas': 10, 'imageChanges': 2, 'replicasChanges': 10}

{'name': 'kube-znn.173eb765dc448961', 'type': 'Normal', 'message': '(combined from similar events): Scaled down replica set kube-znn-7cbbf89f8 to 4', 'dateevent': '2023-01-29 07:35:59+00:00', 'image': 'cmendes/znn:100k', 'replicas': 10, 'imageChanges': 2, 'replicasChanges': 10}

{'name': 'kube-znn.173eb765dc448961', 'type': 'Normal', 'message': '(combined from similar events): Scaled up replica set kube-znn-7995d9b499 to 5', 'dateevent': '2023-01-29 07:35:59+00:00', 'image': 'cmendes/znn:100k', 'replicas': 10, 'imageChanges': 2, 'replicasChanges': 10}

{'name': 'kube-znn.173eb765dc448961', 'type': 'Normal', 'message': '(combined from similar events): Scaled down replica set kube-znn-7995d9b499 to 1', 'dateevent': '2023-01-29 07:35:59+00:00', 'image': 'cmendes/znn:100k', 'replicas': 4, 'imageChanges': 2, 'replicasChanges': 11}

{'name': 'kube-znn.173eb765dc448961', 'type': 'Normal', 'message': '(combined from similar events): Scaled down replica set kube-znn-68bd9d6b5b to 2', 'dateevent': '2023-01-29 07:35:59+00:00', 'image': 'cmendes/znn:100k', 'replicas': 4, 'imageChanges': 2, 'replicasChanges': 11}

{'name': 'kube-znn.173eb765dc448961', 'type': 'Normal', 'message': '(combined from similar events): Scaled down replica set kube-znn-7cbbf89f8 to 2', 'dateevent': '2023-01-29 07:35:59+00:00', 'image': 'cmendes/znn:100k', 'replicas': 4, 'imageChanges': 2, 'replicasChanges': 11}

{'name': 'kube-znn.173eb765dc448961', 'type': 'Normal', 'message': '(combined from similar events): Scaled down replica set kube-znn-68bd9d6b5b to 1', 'dateevent': '2023-01-29 07:35:59+00:00', 'image': 'cmendes/znn:100k', 'replicas': 4, 'imageChanges': 2, 'replicasChanges': 11}

{'name': 'kube-znn.173eb765dc448961', 'type': 'Normal', 'message': '(combined from similar events): Scaled up replica set kube-znn-7995d9b499 to 2', 'dateevent': '2023-01-29 07:35:59+00:00', 'image': 'cmendes/znn:100k', 'replicas': 4, 'imageChanges': 2, 'replicasChanges': 11}

{'name': 'kube-znn.173eb765dc448961', 'type': 'Normal', 'message': '(combined from similar events): Scaled down replica set kube-znn-7cbbf89f8 to 1', 'dateevent': '2023-01-29 07:35:59+00:00', 'image': 'cmendes/znn:100k', 'replicas': 4, 'imageChanges': 2, 'replicasChanges': 11}

{'name': 'kube-znn.173eb765dc448961', 'type': 'Normal', 'message': '(combined from similar events): Scaled up replica set kube-znn-7995d9b499 to 3', 'dateevent': '2023-01-29 07:35:59+00:00', 'image': 'cmendes/znn:100k', 'replicas': 4, 'imageChanges': 2, 'replicasChanges': 11}

{'name': 'kube-znn.173eb765dc448961', 'type': 'Normal', 'message': '(combined from similar events): Scaled down replica set kube-znn-7cbbf89f8 to 0', 'dateevent': '2023-01-29 07:35:59+00:00', 'image': 'cmendes/znn:200k', 'replicas': 4, 'imageChanges': 3, 'replicasChanges': 11}

{'name': 'kube-znn.173eb765dc448961', 'type': 'Normal', 'message': '(combined from similar events): Scaled down replica set kube-znn-7995d9b499 to 2', 'dateevent': '2023-01-29 07:35:59+00:00', 'image': 'cmendes/znn:200k', 'replicas': 4, 'imageChanges': 3, 'replicasChanges': 11}

{'name': 'kube-znn.173eb765dc448961', 'type': 'Normal', 'message': '(combined from similar events): Scaled up replica set kube-znn-86cccc748b to 2', 'dateevent': '2023-01-29 07:35:59+00:00', 'image': 'cmendes/znn:200k', 'replicas': 4, 'imageChanges': 3, 'replicasChanges': 11}

Reading file: VersionA-Monolithic
Reading file: VersionB-MicroControllers
Reading file: VersionC-WithFailureManagerMetaController
Reading file: VersionC-ZTemp
