Reading file: automatingDataGeneration.sh
Reading file: BLong10
Reading file: BLong10_parte1.7z
Reading file: BLong10_parte2.7z
Reading file: BLong10_parte3.7z
Reading file: BShort10
Reading file: BShort10.7z
Reading file: CLong10
Reading file: CLong10.7z
Reading file: CShort10
Reading file: CShort10.7z
Reading file: Evaluation-ZNN.7z
Reading file: fidelitya-5b8dd7f8c7-d26qq_tracing_20230130_233958.log

fidelitya data

2023-01-31 02:40:45 : t0:lowerFidelity

2023-01-31 02:41:00 : t0:lowerFidelity

2023-01-31 02:41:15 : t0:lowerFidelity

2023-01-31 02:41:30 : t0:lowerFidelity

2023-01-31 02:41:45 : t0:removeLowQuality

2023-01-31 02:41:50 : t0:removeLowQuality

2023-01-31 02:42:30 : t0:raiseFidelity

2023-01-31 02:42:35 : t0:raiseFidelity

2023-01-31 02:43:05 : t0:raiseFidelity

2023-01-31 02:43:10 : t0:raiseFidelity

2023-01-31 02:43:15 : t0:raiseFidelity

2023-01-31 02:43:20 : t0:raiseFidelity

2023-01-31 02:43:25 : t0:raiseFidelity

2023-01-31 02:43:30 : t0:raiseFidelity

2023-01-31 02:43:35 : t0:raiseFidelity

2023-01-31 02:43:40 : t0:raiseFidelity

2023-01-31 02:43:45 : t0:raiseFidelity

2023-01-31 02:43:50 : t0:raiseFidelity

2023-01-31 02:43:55 : t0:raiseFidelity

2023-01-31 02:44:00 : t0:raiseFidelity

2023-01-31 02:44:05 : t0:raiseFidelity

2023-01-31 02:44:10 : t0:raiseFidelity

2023-01-31 02:44:15 : t0:raiseFidelity

2023-01-31 02:44:20 : t0:raiseFidelity

2023-01-31 02:44:25 : t0:raiseFidelity

2023-01-31 02:44:30 : t0:raiseFidelity

2023-01-31 02:44:35 : t0:raiseFidelity

2023-01-31 02:44:40 : t0:raiseFidelity

2023-01-31 02:44:45 : t0:raiseFidelity

2023-01-31 02:44:50 : t0:raiseFidelity

2023-01-31 02:44:55 : t0:raiseFidelity

2023-01-31 02:45:00 : t0:raiseFidelity

2023-01-31 02:45:05 : t0:raiseFidelity

2023-01-31 02:45:10 : t0:raiseFidelity

2023-01-31 02:45:15 : t0:raiseFidelity

2023-01-31 02:45:20 : t0:raiseFidelity

2023-01-31 02:45:25 : t0:raiseFidelity

2023-01-31 02:45:30 : t0:raiseFidelity

2023-01-31 02:45:35 : t0:raiseFidelity

2023-01-31 02:45:40 : t0:raiseFidelity

2023-01-31 02:45:45 : t0:raiseFidelity

2023-01-31 02:45:50 : t0:raiseFidelity

2023-01-31 02:45:55 : t0:raiseFidelity

2023-01-31 02:46:00 : t0:raiseFidelity

2023-01-31 02:46:05 : t0:raiseFidelity

2023-01-31 02:46:10 : t0:raiseFidelity

2023-01-31 02:46:15 : t0:raiseFidelity

2023-01-31 02:46:20 : t0:removeLowQuality

Reading file: generateLogs2.sh
Reading file: generateLogs225909
Reading file: generateLogs232306
Reading file: k6-xj4gp_tracing_20230130_233958.log
Reading file: README.md
Reading file: summary-trace-znn.log
Reading file: temp
Reading file: temp2701
Reading file: test
Reading file: tools
Reading file: traceznn_20230130_233958.log

Trace znn data

{'name': 'kube-znn-db.173f43b60d9a86e6', 'type': 'Normal', 'message': 'Scaled up replica set kube-znn-db-558bb5dd64 to 1', 'dateevent': '2023-01-31 02:27:15+00:00', 'image': 'cmendes/znn:800k', 'replicas': 2, 'imageChanges': 0, 'replicasChanges': 1}

{'name': 'kube-znn.173f43b60c145871', 'type': 'Normal', 'message': 'Scaled up replica set kube-znn-744bbbc54b to 1', 'dateevent': '2023-01-31 02:27:15+00:00', 'image': 'cmendes/znn:800k', 'replicas': 2, 'imageChanges': 0, 'replicasChanges': 1}

{'name': 'kube-znn.173f444bc9e3f9f2', 'type': 'Normal', 'message': 'Scaled up replica set kube-znn-744bbbc54b to 2', 'dateevent': '2023-01-31 02:37:58+00:00', 'image': 'cmendes/znn:800k', 'replicas': 2, 'imageChanges': 0, 'replicasChanges': 1}

{'name': 'kube-znn.173f444c843f3f6d', 'type': 'Normal', 'message': 'Scaled up replica set kube-znn-744bbbc54b to 3', 'dateevent': '2023-01-31 02:38:01+00:00', 'image': 'cmendes/znn:800k', 'replicas': 2, 'imageChanges': 0, 'replicasChanges': 1}

{'name': 'kube-znn.173f444daece57db', 'type': 'Normal', 'message': 'Scaled up replica set kube-znn-744bbbc54b to 4', 'dateevent': '2023-01-31 02:38:06+00:00', 'image': 'cmendes/znn:800k', 'replicas': 2, 'imageChanges': 0, 'replicasChanges': 1}

{'name': 'kube-znn.173f444ed320c9b9', 'type': 'Normal', 'message': 'Scaled up replica set kube-znn-744bbbc54b to 5', 'dateevent': '2023-01-31 02:38:11+00:00', 'image': 'cmendes/znn:800k', 'replicas': 2, 'imageChanges': 0, 'replicasChanges': 1}

{'name': 'kube-znn.173f444ffd732537', 'type': 'Normal', 'message': 'Scaled up replica set kube-znn-744bbbc54b to 6', 'dateevent': '2023-01-31 02:38:16+00:00', 'image': 'cmendes/znn:800k', 'replicas': 2, 'imageChanges': 0, 'replicasChanges': 1}

{'name': 'kube-znn.173f445822ef3225', 'type': 'Normal', 'message': 'Scaled down replica set kube-znn-744bbbc54b to 5', 'dateevent': '2023-01-31 02:38:51+00:00', 'image': 'cmendes/znn:800k', 'replicas': 2, 'imageChanges': 0, 'replicasChanges': 1}

{'name': 'kube-znn.173f44594d3502c0', 'type': 'Normal', 'message': 'Scaled down replica set kube-znn-744bbbc54b to 4', 'dateevent': '2023-01-31 02:38:56+00:00', 'image': 'cmendes/znn:800k', 'replicas': 2, 'imageChanges': 0, 'replicasChanges': 1}

{'name': 'kube-znn.173f44617d846add', 'type': 'Normal', 'message': 'Scaled down replica set kube-znn-744bbbc54b to 3', 'dateevent': '2023-01-31 02:39:31+00:00', 'image': 'cmendes/znn:800k', 'replicas': 2, 'imageChanges': 0, 'replicasChanges': 1}

{'name': 'kube-znn.173f44629cd847e3', 'type': 'Normal', 'message': 'Scaled down replica set kube-znn-744bbbc54b to 2', 'dateevent': '2023-01-31 02:39:36+00:00', 'image': 'cmendes/znn:800k', 'replicas': 2, 'imageChanges': 0, 'replicasChanges': 1}

{'name': 'kube-znn.173f444c843f3f6d', 'type': 'Normal', 'message': 'Scaled up replica set kube-znn-744bbbc54b to 3', 'dateevent': '2023-01-31 02:38:01+00:00', 'image': 'cmendes/znn:800k', 'replicas': 3, 'imageChanges': 0, 'replicasChanges': 2}

{'name': 'kube-znn.173f444daece57db', 'type': 'Normal', 'message': 'Scaled up replica set kube-znn-744bbbc54b to 4', 'dateevent': '2023-01-31 02:38:06+00:00', 'image': 'cmendes/znn:800k', 'replicas': 4, 'imageChanges': 0, 'replicasChanges': 3}

{'name': 'kube-znn.173f444ed320c9b9', 'type': 'Normal', 'message': 'Scaled up replica set kube-znn-744bbbc54b to 5', 'dateevent': '2023-01-31 02:38:11+00:00', 'image': 'cmendes/znn:800k', 'replicas': 5, 'imageChanges': 0, 'replicasChanges': 4}

{'name': 'kube-znn.173f444ffd732537', 'type': 'Normal', 'message': 'Scaled up replica set kube-znn-744bbbc54b to 6', 'dateevent': '2023-01-31 02:38:16+00:00', 'image': 'cmendes/znn:800k', 'replicas': 6, 'imageChanges': 0, 'replicasChanges': 5}

{'name': 'kube-znn.173f446e3e98a501', 'type': 'Normal', 'message': '(combined from similar events): Scaled up replica set kube-znn-744bbbc54b to 7', 'dateevent': '2023-01-31 02:40:26+00:00', 'image': 'cmendes/znn:800k', 'replicas': 7, 'imageChanges': 0, 'replicasChanges': 6}

{'name': 'kube-znn.173f446e3e98a501', 'type': 'Normal', 'message': '(combined from similar events): Scaled up replica set kube-znn-744bbbc54b to 8', 'dateevent': '2023-01-31 02:40:26+00:00', 'image': 'cmendes/znn:800k', 'replicas': 8, 'imageChanges': 0, 'replicasChanges': 7}

{'name': 'kube-znn.173f446e3e98a501', 'type': 'Normal', 'message': '(combined from similar events): Scaled up replica set kube-znn-744bbbc54b to 9', 'dateevent': '2023-01-31 02:40:26+00:00', 'image': 'cmendes/znn:800k', 'replicas': 9, 'imageChanges': 0, 'replicasChanges': 8}

{'name': 'kube-znn.173f446e3e98a501', 'type': 'Normal', 'message': '(combined from similar events): Scaled up replica set kube-znn-744bbbc54b to 10', 'dateevent': '2023-01-31 02:40:26+00:00', 'image': 'cmendes/znn:800k', 'replicas': 10, 'imageChanges': 0, 'replicasChanges': 9}

{'name': 'kube-znn.173f446e3e98a501', 'type': 'Normal', 'message': '(combined from similar events): Scaled up replica set kube-znn-5c95bd98fb to 3', 'dateevent': '2023-01-31 02:40:26+00:00', 'image': 'cmendes/znn:600k', 'replicas': 10, 'imageChanges': 1, 'replicasChanges': 9}

{'name': 'kube-znn.173f446e3e98a501', 'type': 'Normal', 'message': '(combined from similar events): Scaled down replica set kube-znn-744bbbc54b to 8', 'dateevent': '2023-01-31 02:40:26+00:00', 'image': 'cmendes/znn:600k', 'replicas': 10, 'imageChanges': 1, 'replicasChanges': 9}

{'name': 'kube-znn.173f446e3e98a501', 'type': 'Normal', 'message': '(combined from similar events): Scaled up replica set kube-znn-5c95bd98fb to 5', 'dateevent': '2023-01-31 02:40:26+00:00', 'image': 'cmendes/znn:600k', 'replicas': 10, 'imageChanges': 1, 'replicasChanges': 9}

{'name': 'kube-znn.173f44617d846add', 'type': 'Normal', 'message': 'Scaled down replica set kube-znn-744bbbc54b to 3', 'dateevent': '2023-01-31 02:39:31+00:00', 'image': 'cmendes/znn:600k', 'replicas': 4, 'imageChanges': 1, 'replicasChanges': 10}

{'name': 'kube-znn.173f446e3e98a501', 'type': 'Normal', 'message': '(combined from similar events): Scaled down replica set kube-znn-5c95bd98fb to 2', 'dateevent': '2023-01-31 02:40:26+00:00', 'image': 'cmendes/znn:600k', 'replicas': 4, 'imageChanges': 1, 'replicasChanges': 10}

{'name': 'kube-znn.173f44629cd847e3', 'type': 'Normal', 'message': 'Scaled down replica set kube-znn-744bbbc54b to 2', 'dateevent': '2023-01-31 02:39:36+00:00', 'image': 'cmendes/znn:600k', 'replicas': 4, 'imageChanges': 1, 'replicasChanges': 10}

{'name': 'kube-znn.173f4485e369fa69', 'type': 'Normal', 'message': 'Scaled up replica set kube-znn-5c95bd98fb to 3', 'dateevent': '2023-01-31 02:42:08+00:00', 'image': 'cmendes/znn:600k', 'replicas': 4, 'imageChanges': 1, 'replicasChanges': 10}

{'name': 'kube-znn.173f446e3e98a501', 'type': 'Normal', 'message': '(combined from similar events): Scaled down replica set kube-znn-744bbbc54b to 1', 'dateevent': '2023-01-31 02:40:26+00:00', 'image': 'cmendes/znn:600k', 'replicas': 4, 'imageChanges': 1, 'replicasChanges': 10}

Reading file: VersionA-Monolithic
Reading file: VersionB-MicroControllers
Reading file: VersionC-WithFailureManagerMetaController
Reading file: VersionC-ZTemp
