Reading file: ALong10
Reading file: ALong10.7z
Reading file: automatingDataGeneration.sh
Reading file: BLong10
Reading file: BLong10_parte1.7z
Reading file: BLong10_parte2.7z
Reading file: BLong10_parte3.7z
Reading file: BShort10
Reading file: BShort10.7z
Reading file: CLong10
Reading file: CLong10.7z
Reading file: CShort10
Reading file: CShort10.7z
Reading file: Evaluation-ZNN.7z
Reading file: generateLogs001310
Reading file: generateLogs002901
Reading file: generateLogs004339
Reading file: generateLogs005901
Reading file: generateLogs011406
Reading file: generateLogs012752
Reading file: generateLogs2.sh
Reading file: k6-cqr6c_tracing_20230201_013553.log
Reading file: kubow-548bb5f4b4-q454c_tracing_20230201_013553.log

Kubow data

2023-02-01 04:36:00 : t0:addReplica

2023-02-01 04:36:05 : t0:addReplica

2023-02-01 04:36:10 : t0:addReplica

2023-02-01 04:36:15 : t0:addReplica

2023-02-01 04:36:20 : t0:addReplica

2023-02-01 04:36:25 : t0:addReplica

2023-02-01 04:36:30 : t0:addReplica

2023-02-01 04:36:35 : t0:addReplica

2023-02-01 04:36:40 : t0:addReplica

2023-02-01 04:36:45 : t1:lowerFidelity

2023-02-01 04:36:55 : t1:lowerFidelity

2023-02-01 04:37:00 : t1:lowerFidelity

2023-02-01 04:37:05 : t1:lowerFidelity

2023-02-01 04:37:10 : t1:lowerFidelity

2023-02-01 04:37:15 : t1:lowerFidelity

2023-02-01 04:37:20 : t1:lowerFidelity

2023-02-01 04:37:25 : t1:lowerFidelity

2023-02-01 04:37:30 : t1:lowerFidelity

2023-02-01 04:37:35 : t1:lowerFidelity

2023-02-01 04:37:40 : t1:lowerFidelity

2023-02-01 04:37:45 : t1:lowerFidelity

2023-02-01 04:37:50 : t1:lowerFidelity

2023-02-01 04:37:55 : t1:lowerFidelity

2023-02-01 04:38:00 : t1:lowerFidelity

2023-02-01 04:38:05 : t1:lowerFidelity

2023-02-01 04:38:10 : t1:lowerFidelity

2023-02-01 04:38:15 : t1:lowerFidelity

2023-02-01 04:38:20 : t1:lowerFidelity

2023-02-01 04:38:25 : t1:lowerFidelity

2023-02-01 04:38:30 : t1:lowerFidelity

2023-02-01 04:38:35 : t1:lowerFidelity

2023-02-01 04:38:40 : t1:lowerFidelity

2023-02-01 04:38:45 : t1:lowerFidelity

2023-02-01 04:38:50 : t1:lowerFidelity

2023-02-01 04:38:55 : t1:lowerFidelity

2023-02-01 04:39:00 : t1:lowerFidelity

2023-02-01 04:39:05 : t1:lowerFidelity

2023-02-01 04:39:10 : t1:lowerFidelity

2023-02-01 04:39:15 : t1:lowerFidelity

2023-02-01 04:39:20 : t1:lowerFidelity

2023-02-01 04:39:25 : t1:lowerFidelity

2023-02-01 04:39:30 : t1:lowerFidelity

2023-02-01 04:39:35 : t1:lowerFidelity

2023-02-01 04:39:40 : t1:lowerFidelity

2023-02-01 04:39:45 : t1:lowerFidelity

2023-02-01 04:39:50 : t1:lowerFidelity

2023-02-01 04:39:55 : t1:lowerFidelity

2023-02-01 04:40:00 : t1:lowerFidelity

2023-02-01 04:40:05 : t1:lowerFidelity

2023-02-01 04:40:10 : t1:lowerFidelity

2023-02-01 04:40:15 INFO  GuavaMasterReportingPort:35 - ANALYSIS: [[Architecture Evaluator]]: Model KubeZnnSystem:Acme ok

2023-02-01 04:40:20 : t1:lowerFidelity

2023-02-01 04:40:25 : t1:lowerFidelity

2023-02-01 04:40:30 : t1:lowerFidelity

2023-02-01 04:40:35 : t1:lowerFidelity

2023-02-01 04:40:40 : t1:lowerFidelity

2023-02-01 04:40:45 : t1:lowerFidelity

2023-02-01 04:40:50 : t1:lowerFidelity

2023-02-01 04:40:55 : t1:lowerFidelity

2023-02-01 04:41:00 : t1:lowerFidelity

2023-02-01 04:41:05 : t1:lowerFidelity

2023-02-01 04:41:10 : t1:lowerFidelity

2023-02-01 04:41:15 : t0:addLowScalabilityLowQuality

Reading file: README.md
Reading file: summary-trace-znn.log
Reading file: temp
Reading file: temp2701
Reading file: temp3101
Reading file: test
Reading file: tools
Reading file: traceznn_20230201_013553.log

Trace znn data

{'name': 'kube-znn-db.173f991c998848fc', 'type': 'Normal', 'message': 'Scaled up replica set kube-znn-db-6dd8968475 to 1', 'dateevent': '2023-02-01 04:32:14+00:00', 'image': 'cmendes/znn:800k', 'replicas': 1, 'imageChanges': 0, 'replicasChanges': 1}

{'name': 'kube-znn.173f991c973cd935', 'type': 'Normal', 'message': 'Scaled up replica set kube-znn-5fb97667db to 1', 'dateevent': '2023-02-01 04:32:14+00:00', 'image': 'cmendes/znn:800k', 'replicas': 1, 'imageChanges': 0, 'replicasChanges': 1}

{'name': 'kube-znn.173f99519fd3d0d9', 'type': 'Normal', 'message': 'Scaled up replica set kube-znn-5fb97667db to 2', 'dateevent': '2023-02-01 04:36:02+00:00', 'image': 'cmendes/znn:800k', 'replicas': 2, 'imageChanges': 0, 'replicasChanges': 2}

{'name': 'kube-znn.173f9952762934ff', 'type': 'Normal', 'message': 'Scaled up replica set kube-znn-5fb97667db to 3', 'dateevent': '2023-02-01 04:36:05+00:00', 'image': 'cmendes/znn:800k', 'replicas': 3, 'imageChanges': 0, 'replicasChanges': 3}

{'name': 'kube-znn.173f9953a175d052', 'type': 'Normal', 'message': 'Scaled up replica set kube-znn-5fb97667db to 4', 'dateevent': '2023-02-01 04:36:10+00:00', 'image': 'cmendes/znn:800k', 'replicas': 4, 'imageChanges': 0, 'replicasChanges': 4}

{'name': 'kube-znn.173f9954ca301b34', 'type': 'Normal', 'message': 'Scaled up replica set kube-znn-5fb97667db to 5', 'dateevent': '2023-02-01 04:36:15+00:00', 'image': 'cmendes/znn:800k', 'replicas': 5, 'imageChanges': 0, 'replicasChanges': 5}

{'name': 'kube-znn.173f9955f0862e57', 'type': 'Normal', 'message': 'Scaled up replica set kube-znn-5fb97667db to 6', 'dateevent': '2023-02-01 04:36:20+00:00', 'image': 'cmendes/znn:800k', 'replicas': 6, 'imageChanges': 0, 'replicasChanges': 6}

{'name': 'kube-znn.173f99571a2a9766', 'type': 'Normal', 'message': 'Scaled up replica set kube-znn-5fb97667db to 7', 'dateevent': '2023-02-01 04:36:25+00:00', 'image': 'cmendes/znn:800k', 'replicas': 7, 'imageChanges': 0, 'replicasChanges': 7}

{'name': 'kube-znn.173f9958425bb800', 'type': 'Normal', 'message': 'Scaled up replica set kube-znn-5fb97667db to 8', 'dateevent': '2023-02-01 04:36:30+00:00', 'image': 'cmendes/znn:800k', 'replicas': 8, 'imageChanges': 0, 'replicasChanges': 8}

{'name': 'kube-znn.173f99596fbd33f0', 'type': 'Normal', 'message': 'Scaled up replica set kube-znn-5fb97667db to 9', 'dateevent': '2023-02-01 04:36:35+00:00', 'image': 'cmendes/znn:800k', 'replicas': 9, 'imageChanges': 0, 'replicasChanges': 9}

{'name': 'kube-znn.173f995a9569782b', 'type': 'Normal', 'message': '(combined from similar events): Scaled up replica set kube-znn-5fb97667db to 10', 'dateevent': '2023-02-01 04:36:40+00:00', 'image': 'cmendes/znn:800k', 'replicas': 10, 'imageChanges': 0, 'replicasChanges': 10}

{'name': 'kube-znn.173f995a9569782b', 'type': 'Normal', 'message': '(combined from similar events): Scaled up replica set kube-znn-6978979d84 to 3', 'dateevent': '2023-02-01 04:36:40+00:00', 'image': 'cmendes/znn:600k', 'replicas': 10, 'imageChanges': 1, 'replicasChanges': 10}

{'name': 'kube-znn.173f995a9569782b', 'type': 'Normal', 'message': '(combined from similar events): Scaled down replica set kube-znn-5fb97667db to 9', 'dateevent': '2023-02-01 04:36:40+00:00', 'image': 'cmendes/znn:600k', 'replicas': 10, 'imageChanges': 1, 'replicasChanges': 10}

{'name': 'kube-znn.173f995a9569782b', 'type': 'Normal', 'message': '(combined from similar events): Scaled down replica set kube-znn-5fb97667db to 8', 'dateevent': '2023-02-01 04:36:40+00:00', 'image': 'cmendes/znn:600k', 'replicas': 10, 'imageChanges': 1, 'replicasChanges': 10}

{'name': 'kube-znn.173f995a9569782b', 'type': 'Normal', 'message': '(combined from similar events): Scaled up replica set kube-znn-6978979d84 to 5', 'dateevent': '2023-02-01 04:36:40+00:00', 'image': 'cmendes/znn:600k', 'replicas': 10, 'imageChanges': 1, 'replicasChanges': 10}

{'name': 'kube-znn.173f995a9569782b', 'type': 'Normal', 'message': '(combined from similar events): Scaled down replica set kube-znn-6978979d84 to 0', 'dateevent': '2023-02-01 04:36:40+00:00', 'image': 'cmendes/znn:400k', 'replicas': 10, 'imageChanges': 2, 'replicasChanges': 10}

{'name': 'kube-znn.173f995a9569782b', 'type': 'Normal', 'message': '(combined from similar events): Scaled up replica set kube-znn-f8d56c578 to 5', 'dateevent': '2023-02-01 04:36:40+00:00', 'image': 'cmendes/znn:400k', 'replicas': 10, 'imageChanges': 2, 'replicasChanges': 10}

{'name': 'kube-znn.173f995a9569782b', 'type': 'Normal', 'message': '(combined from similar events): Scaled down replica set kube-znn-f8d56c578 to 0', 'dateevent': '2023-02-01 04:36:40+00:00', 'image': 'cmendes/znn:600k', 'replicas': 10, 'imageChanges': 3, 'replicasChanges': 10}

{'name': 'kube-znn.173f995a9569782b', 'type': 'Normal', 'message': '(combined from similar events): Scaled up replica set kube-znn-6978979d84 to 5', 'dateevent': '2023-02-01 04:36:40+00:00', 'image': 'cmendes/znn:400k', 'replicas': 10, 'imageChanges': 4, 'replicasChanges': 10}

{'name': 'kube-znn.173f995f5bd64a53', 'type': 'Normal', 'message': 'Scaled down replica set kube-znn-6978979d84 to 0', 'dateevent': '2023-02-01 04:37:01+00:00', 'image': 'cmendes/znn:400k', 'replicas': 10, 'imageChanges': 4, 'replicasChanges': 10}

{'name': 'kube-znn.173f995a9569782b', 'type': 'Normal', 'message': '(combined from similar events): Scaled up replica set kube-znn-f8d56c578 to 5', 'dateevent': '2023-02-01 04:36:40+00:00', 'image': 'cmendes/znn:400k', 'replicas': 10, 'imageChanges': 4, 'replicasChanges': 10}

{'name': 'kube-znn.173f995a9569782b', 'type': 'Normal', 'message': '(combined from similar events): Scaled down replica set kube-znn-f8d56c578 to 0', 'dateevent': '2023-02-01 04:36:40+00:00', 'image': 'cmendes/znn:600k', 'replicas': 10, 'imageChanges': 5, 'replicasChanges': 10}

{'name': 'kube-znn.173f99606d4fcd6b', 'type': 'Normal', 'message': 'Scaled up replica set kube-znn-6978979d84 to 5', 'dateevent': '2023-02-01 04:37:05+00:00', 'image': 'cmendes/znn:600k', 'replicas': 10, 'imageChanges': 5, 'replicasChanges': 10}

{'name': 'kube-znn.173f995f5bd64a53', 'type': 'Normal', 'message': 'Scaled down replica set kube-znn-6978979d84 to 0', 'dateevent': '2023-02-01 04:37:01+00:00', 'image': 'cmendes/znn:400k', 'replicas': 10, 'imageChanges': 6, 'replicasChanges': 10}

{'name': 'kube-znn.173f99607b37ab65', 'type': 'Normal', 'message': 'Scaled up replica set kube-znn-f8d56c578 to 5', 'dateevent': '2023-02-01 04:37:06+00:00', 'image': 'cmendes/znn:400k', 'replicas': 10, 'imageChanges': 6, 'replicasChanges': 10}

{'name': 'kube-znn.173f995a9569782b', 'type': 'Normal', 'message': '(combined from similar events): Scaled down replica set kube-znn-f8d56c578 to 0', 'dateevent': '2023-02-01 04:36:40+00:00', 'image': 'cmendes/znn:600k', 'replicas': 10, 'imageChanges': 7, 'replicasChanges': 10}

{'name': 'kube-znn.173f9962c101924b', 'type': 'Normal', 'message': 'Scaled down replica set kube-znn-f8d56c578 to 0', 'dateevent': '2023-02-01 04:37:15+00:00', 'image': 'cmendes/znn:600k', 'replicas': 10, 'imageChanges': 7, 'replicasChanges': 10}

Reading file: VersionA-Monolithic
Reading file: VersionB-MicroControllers
Reading file: VersionC-WithFailureManagerMetaController
Reading file: VersionC-ZTemp
