Reading file: ALong10
Reading file: ALong10.7z
Reading file: automatingDataGeneration.sh
Reading file: BLong10
Reading file: BLong10_parte1.7z
Reading file: BLong10_parte2.7z
Reading file: BLong10_parte3.7z
Reading file: BShort10
Reading file: BShort10.7z
Reading file: CLong10
Reading file: CLong10.7z
Reading file: CShort10
Reading file: CShort10.7z
Reading file: Evaluation-ZNN.7z
Reading file: generateLogs2.sh
Reading file: k6-6c44n_tracing_20230201_000202.log
Reading file: kubow-548bb5f4b4-dt82c_tracing_20230201_000202.log

Kubow data

2023-02-01 03:02:10 : t0:addReplica

2023-02-01 03:02:15 : t0:addReplica

2023-02-01 03:02:20 : t0:addReplica

2023-02-01 03:02:25 : t0:addReplica

2023-02-01 03:02:30 : t0:addReplica

2023-02-01 03:02:35 : t0:addReplica

2023-02-01 03:02:40 : t0:addReplica

2023-02-01 03:02:45 : t0:addReplica

2023-02-01 03:02:50 : t0:addReplica

2023-02-01 03:02:55 : t1:lowerFidelity

2023-02-01 03:03:05 : t1:lowerFidelity

2023-02-01 03:03:10 : t1:lowerFidelity

2023-02-01 03:03:15 : t1:lowerFidelity

2023-02-01 03:03:20 : t1:lowerFidelity

2023-02-01 03:03:25 : t1:lowerFidelity

2023-02-01 03:03:30 : t1:lowerFidelity

2023-02-01 03:03:35 : t1:lowerFidelity

2023-02-01 03:03:40 : t1:lowerFidelity

2023-02-01 03:03:45 : t1:lowerFidelity

2023-02-01 03:03:50 : t1:lowerFidelity

2023-02-01 03:03:55 : t1:lowerFidelity

2023-02-01 03:04:00 : t1:lowerFidelity

2023-02-01 03:04:05 : t1:lowerFidelity

2023-02-01 03:04:10 : t1:lowerFidelity

2023-02-01 03:04:15 : t1:lowerFidelity

2023-02-01 03:04:20 : t1:lowerFidelity

2023-02-01 03:04:25 : t1:lowerFidelity

2023-02-01 03:04:30 : t1:lowerFidelity

2023-02-01 03:04:35 : t1:lowerFidelity

2023-02-01 03:04:40 : t1:lowerFidelity

2023-02-01 03:04:45 : t1:lowerFidelity

2023-02-01 03:04:50 : t1:lowerFidelity

2023-02-01 03:04:55 : t1:lowerFidelity

2023-02-01 03:05:00 : t1:lowerFidelity

2023-02-01 03:05:05 : t1:lowerFidelity

2023-02-01 03:05:10 : t1:lowerFidelity

2023-02-01 03:05:15 : t1:lowerFidelity

2023-02-01 03:05:20 : t1:lowerFidelity

2023-02-01 03:05:25 : t1:lowerFidelity

2023-02-01 03:05:30 : t1:lowerFidelity

2023-02-01 03:05:35 : t1:lowerFidelity

2023-02-01 03:05:40 : t1:lowerFidelity

2023-02-01 03:05:45 : t1:lowerFidelity

2023-02-01 03:05:50 : t1:lowerFidelity

2023-02-01 03:05:55 : t1:lowerFidelity

2023-02-01 03:06:00 : t1:lowerFidelity

2023-02-01 03:06:05 : t1:lowerFidelity

2023-02-01 03:06:10 : t1:lowerFidelity

2023-02-01 03:06:15 : t1:lowerFidelity

2023-02-01 03:06:20 : t1:lowerFidelity

2023-02-01 03:06:25 : t1:lowerFidelity

2023-02-01 03:06:30 : t0:addLowScalabilityLowQuality

2023-02-01 03:06:40 : t0:addReplica

Reading file: README.md
Reading file: summary-trace-znn.log
Reading file: temp
Reading file: temp2701
Reading file: temp3101
Reading file: test
Reading file: tools
Reading file: traceznn_20230201_000202.log

Trace znn data

{'name': 'kube-znn-db.173f93ee3fe50279', 'type': 'Normal', 'message': 'Scaled up replica set kube-znn-db-6dd8968475 to 1', 'dateevent': '2023-02-01 02:57:17+00:00', 'image': 'cmendes/znn:800k', 'replicas': 1, 'imageChanges': 0, 'replicasChanges': 1}

{'name': 'kube-znn.173f93ee3e0aefe7', 'type': 'Normal', 'message': 'Scaled up replica set kube-znn-5fb97667db to 1', 'dateevent': '2023-02-01 02:57:17+00:00', 'image': 'cmendes/znn:800k', 'replicas': 1, 'imageChanges': 0, 'replicasChanges': 1}

{'name': 'kube-znn.173f9432c8bf47d4', 'type': 'Normal', 'message': 'Scaled up replica set kube-znn-5fb97667db to 2', 'dateevent': '2023-02-01 03:02:12+00:00', 'image': 'cmendes/znn:800k', 'replicas': 2, 'imageChanges': 0, 'replicasChanges': 2}

{'name': 'kube-znn.173f9433a4032856', 'type': 'Normal', 'message': 'Scaled up replica set kube-znn-5fb97667db to 3', 'dateevent': '2023-02-01 03:02:15+00:00', 'image': 'cmendes/znn:800k', 'replicas': 3, 'imageChanges': 0, 'replicasChanges': 3}

{'name': 'kube-znn.173f9434cc928ad2', 'type': 'Normal', 'message': 'Scaled up replica set kube-znn-5fb97667db to 4', 'dateevent': '2023-02-01 03:02:20+00:00', 'image': 'cmendes/znn:800k', 'replicas': 4, 'imageChanges': 0, 'replicasChanges': 4}

{'name': 'kube-znn.173f9435f82962b9', 'type': 'Normal', 'message': 'Scaled up replica set kube-znn-5fb97667db to 5', 'dateevent': '2023-02-01 03:02:25+00:00', 'image': 'cmendes/znn:800k', 'replicas': 5, 'imageChanges': 0, 'replicasChanges': 5}

{'name': 'kube-znn.173f94371c2590de', 'type': 'Normal', 'message': 'Scaled up replica set kube-znn-5fb97667db to 6', 'dateevent': '2023-02-01 03:02:30+00:00', 'image': 'cmendes/znn:800k', 'replicas': 6, 'imageChanges': 0, 'replicasChanges': 6}

{'name': 'kube-znn.173f943846eba461', 'type': 'Normal', 'message': 'Scaled up replica set kube-znn-5fb97667db to 7', 'dateevent': '2023-02-01 03:02:35+00:00', 'image': 'cmendes/znn:800k', 'replicas': 7, 'imageChanges': 0, 'replicasChanges': 7}

{'name': 'kube-znn.173f943972a4f947', 'type': 'Normal', 'message': 'Scaled up replica set kube-znn-5fb97667db to 8', 'dateevent': '2023-02-01 03:02:40+00:00', 'image': 'cmendes/znn:800k', 'replicas': 8, 'imageChanges': 0, 'replicasChanges': 8}

{'name': 'kube-znn.173f943aa0212b48', 'type': 'Normal', 'message': 'Scaled up replica set kube-znn-5fb97667db to 9', 'dateevent': '2023-02-01 03:02:45+00:00', 'image': 'cmendes/znn:800k', 'replicas': 9, 'imageChanges': 0, 'replicasChanges': 9}

{'name': 'kube-znn.173f943bc48768f6', 'type': 'Normal', 'message': '(combined from similar events): Scaled up replica set kube-znn-5fb97667db to 10', 'dateevent': '2023-02-01 03:02:50+00:00', 'image': 'cmendes/znn:800k', 'replicas': 10, 'imageChanges': 0, 'replicasChanges': 10}

{'name': 'kube-znn.173f943bc48768f6', 'type': 'Normal', 'message': '(combined from similar events): Scaled up replica set kube-znn-6978979d84 to 3', 'dateevent': '2023-02-01 03:02:50+00:00', 'image': 'cmendes/znn:600k', 'replicas': 10, 'imageChanges': 1, 'replicasChanges': 10}

{'name': 'kube-znn.173f943bc48768f6', 'type': 'Normal', 'message': '(combined from similar events): Scaled down replica set kube-znn-5fb97667db to 9', 'dateevent': '2023-02-01 03:02:50+00:00', 'image': 'cmendes/znn:600k', 'replicas': 10, 'imageChanges': 1, 'replicasChanges': 10}

{'name': 'kube-znn.173f943bc48768f6', 'type': 'Normal', 'message': '(combined from similar events): Scaled down replica set kube-znn-5fb97667db to 8', 'dateevent': '2023-02-01 03:02:50+00:00', 'image': 'cmendes/znn:600k', 'replicas': 10, 'imageChanges': 1, 'replicasChanges': 10}

{'name': 'kube-znn.173f943bc48768f6', 'type': 'Normal', 'message': '(combined from similar events): Scaled up replica set kube-znn-6978979d84 to 5', 'dateevent': '2023-02-01 03:02:50+00:00', 'image': 'cmendes/znn:600k', 'replicas': 10, 'imageChanges': 1, 'replicasChanges': 10}

{'name': 'kube-znn.173f943bc48768f6', 'type': 'Normal', 'message': '(combined from similar events): Scaled down replica set kube-znn-5fb97667db to 7', 'dateevent': '2023-02-01 03:02:50+00:00', 'image': 'cmendes/znn:600k', 'replicas': 10, 'imageChanges': 1, 'replicasChanges': 10}

{'name': 'kube-znn.173f943bc48768f6', 'type': 'Normal', 'message': '(combined from similar events): Scaled up replica set kube-znn-6978979d84 to 6', 'dateevent': '2023-02-01 03:02:50+00:00', 'image': 'cmendes/znn:600k', 'replicas': 10, 'imageChanges': 1, 'replicasChanges': 10}

{'name': 'kube-znn.173f943bc48768f6', 'type': 'Normal', 'message': '(combined from similar events): Scaled down replica set kube-znn-6978979d84 to 1', 'dateevent': '2023-02-01 03:02:50+00:00', 'image': 'cmendes/znn:400k', 'replicas': 10, 'imageChanges': 2, 'replicasChanges': 10}

{'name': 'kube-znn.173f943bc48768f6', 'type': 'Normal', 'message': '(combined from similar events): Scaled up replica set kube-znn-f8d56c578 to 5', 'dateevent': '2023-02-01 03:02:50+00:00', 'image': 'cmendes/znn:400k', 'replicas': 10, 'imageChanges': 2, 'replicasChanges': 10}

{'name': 'kube-znn.173f943bc48768f6', 'type': 'Normal', 'message': '(combined from similar events): Scaled down replica set kube-znn-f8d56c578 to 0', 'dateevent': '2023-02-01 03:02:50+00:00', 'image': 'cmendes/znn:600k', 'replicas': 10, 'imageChanges': 3, 'replicasChanges': 10}

{'name': 'kube-znn.173f94406e65f32e', 'type': 'Normal', 'message': 'Scaled up replica set kube-znn-6978979d84 to 6', 'dateevent': '2023-02-01 03:03:10+00:00', 'image': 'cmendes/znn:600k', 'replicas': 10, 'imageChanges': 3, 'replicasChanges': 10}

{'name': 'kube-znn.173f94407a5f7b04', 'type': 'Normal', 'message': 'Scaled down replica set kube-znn-6978979d84 to 1', 'dateevent': '2023-02-01 03:03:11+00:00', 'image': 'cmendes/znn:400k', 'replicas': 10, 'imageChanges': 4, 'replicasChanges': 10}

{'name': 'kube-znn.173f94407b4259d7', 'type': 'Normal', 'message': 'Scaled up replica set kube-znn-f8d56c578 to 5', 'dateevent': '2023-02-01 03:03:11+00:00', 'image': 'cmendes/znn:400k', 'replicas': 10, 'imageChanges': 4, 'replicasChanges': 10}

{'name': 'kube-znn.173f94419a0b7316', 'type': 'Normal', 'message': 'Scaled down replica set kube-znn-f8d56c578 to 0', 'dateevent': '2023-02-01 03:03:15+00:00', 'image': 'cmendes/znn:600k', 'replicas': 10, 'imageChanges': 5, 'replicasChanges': 10}

{'name': 'kube-znn.173f94406e65f32e', 'type': 'Normal', 'message': 'Scaled up replica set kube-znn-6978979d84 to 6', 'dateevent': '2023-02-01 03:03:10+00:00', 'image': 'cmendes/znn:600k', 'replicas': 10, 'imageChanges': 5, 'replicasChanges': 10}

{'name': 'kube-znn.173f94407a5f7b04', 'type': 'Normal', 'message': 'Scaled down replica set kube-znn-6978979d84 to 1', 'dateevent': '2023-02-01 03:03:11+00:00', 'image': 'cmendes/znn:400k', 'replicas': 10, 'imageChanges': 6, 'replicasChanges': 10}

{'name': 'kube-znn.173f94407b4259d7', 'type': 'Normal', 'message': 'Scaled up replica set kube-znn-f8d56c578 to 5', 'dateevent': '2023-02-01 03:03:11+00:00', 'image': 'cmendes/znn:400k', 'replicas': 10, 'imageChanges': 6, 'replicasChanges': 10}

Reading file: VersionA-Monolithic
Reading file: VersionB-MicroControllers
Reading file: VersionC-WithFailureManagerMetaController
Reading file: VersionC-ZTemp
