Reading file: automatingDataGeneration.sh
Reading file: BLong10_parte1
Reading file: BLong10_parte1.7z
Reading file: BLong10_parte2
Reading file: BLong10_parte2.7z
Reading file: BLong10_parte3
Reading file: BLong10_parte3.7z
Reading file: CLong10
Reading file: CLong10.7z
Reading file: CShort10
Reading file: CShort10.7z
Reading file: Evaluation-ZNN.7z
Reading file: fidelitya-5b8dd7f8c7-6vkk7_tracing_20230130_153324.log

fidelitya data

2023-01-30 18:34:19 : t0:lowerFidelity

2023-01-30 18:34:34 : t0:lowerFidelity

2023-01-30 18:35:39 : t0:removeLowQuality

2023-01-30 18:35:44 : t0:removeLowQuality

2023-01-30 18:35:49 : t0:raiseFidelity

2023-01-30 18:36:19 : t0:raiseFidelity

2023-01-30 18:36:24 : t0:raiseFidelity

2023-01-30 18:36:29 : t0:raiseFidelity

2023-01-30 18:36:34 : t0:raiseFidelity

2023-01-30 18:36:39 : t0:raiseFidelity

2023-01-30 18:36:44 : t0:raiseFidelity

2023-01-30 18:36:49 : t0:raiseFidelity

2023-01-30 18:36:54 : t0:raiseFidelity

2023-01-30 18:36:59 : t0:raiseFidelity

2023-01-30 18:37:04 : t0:raiseFidelity

2023-01-30 18:37:09 : t0:raiseFidelity

2023-01-30 18:37:14 : t0:raiseFidelity

2023-01-30 18:37:19 : t0:raiseFidelity

2023-01-30 18:37:24 : t0:raiseFidelity

2023-01-30 18:37:29 : t0:raiseFidelity

2023-01-30 18:37:34 : t0:raiseFidelity

2023-01-30 18:37:39 : t0:raiseFidelity

2023-01-30 18:37:44 : t0:raiseFidelity

2023-01-30 18:37:49 : t0:raiseFidelity

2023-01-30 18:37:54 : t0:raiseFidelity

2023-01-30 18:37:59 : t0:raiseFidelity

2023-01-30 18:38:04 : t0:raiseFidelity

2023-01-30 18:38:09 : t0:raiseFidelity

2023-01-30 18:38:14 : t0:raiseFidelity

2023-01-30 18:38:19 : t0:raiseFidelity

2023-01-30 18:38:24 : t0:raiseFidelity

2023-01-30 18:38:29 : t0:raiseFidelity

2023-01-30 18:38:34 : t0:raiseFidelity

2023-01-30 18:38:39 : t0:raiseFidelity

2023-01-30 18:38:44 : t0:raiseFidelity

2023-01-30 18:38:49 : t0:raiseFidelity

2023-01-30 18:38:54 : t0:raiseFidelity

2023-01-30 18:38:59 : t0:raiseFidelity

2023-01-30 18:39:04 : t0:raiseFidelity

2023-01-30 18:39:09 : t0:raiseFidelity

2023-01-30 18:39:14 : t0:raiseFidelity

2023-01-30 18:39:19 : t0:raiseFidelity

2023-01-30 18:39:24 : t0:raiseFidelity

2023-01-30 18:39:29 : t0:raiseFidelity

2023-01-30 18:39:34 : t0:raiseFidelity

2023-01-30 18:39:39 : t0:raiseFidelity

2023-01-30 18:39:44 : t0:raiseFidelity

2023-01-30 18:39:49 : t0:raiseFidelity

2023-01-30 18:39:54 : t0:raiseFidelity

2023-01-30 18:39:59 : t0:raiseFidelity

2023-01-30 18:40:04 : t0:raiseFidelity

2023-01-30 18:40:09 : t0:raiseFidelity

2023-01-30 18:40:14 : t0:raiseFidelity

2023-01-30 18:40:19 : t0:raiseFidelity

2023-01-30 18:40:24 : t0:raiseFidelity

2023-01-30 18:40:29 : t0:raiseFidelity

2023-01-30 18:40:34 : t0:raiseFidelity

2023-01-30 18:40:39 : t0:raiseFidelity

2023-01-30 18:40:44 : t0:raiseFidelity

2023-01-30 18:40:49 : t0:raiseFidelity

2023-01-30 18:40:54 : t0:raiseFidelity

2023-01-30 18:40:59 : t0:raiseFidelity

2023-01-30 18:41:04 : t0:raiseFidelity

2023-01-30 18:41:09 : t0:raiseFidelity

2023-01-30 18:41:14 : t0:raiseFidelity

2023-01-30 18:41:19 : t0:raiseFidelity

2023-01-30 18:41:24 : t0:raiseFidelity

2023-01-30 18:41:29 : t0:raiseFidelity

2023-01-30 18:41:34 : t0:raiseFidelity

2023-01-30 18:41:39 : t0:raiseFidelity

2023-01-30 18:41:44 : t0:raiseFidelity

2023-01-30 18:41:49 : t0:raiseFidelity

2023-01-30 18:41:54 : t0:raiseFidelity

2023-01-30 18:41:59 : t0:raiseFidelity

2023-01-30 18:42:04 : t0:raiseFidelity

Reading file: generateLogs120703
Reading file: generateLogs122741
Reading file: generateLogs124617
Reading file: generateLogs130307
Reading file: generateLogs131938
Reading file: generateLogs133541
Reading file: generateLogs135143
Reading file: generateLogs2.sh
Reading file: k6-wwmxh_tracing_20230130_153324.log
Reading file: README.md
Reading file: scalabilityb-66d698fc76-56lt7_tracing_20230130_153324.log

scalabilityb data

2023-01-30 18:34:39 : t0:removeHighScalability

2023-01-30 18:34:44 : t0:adjustReplicas

2023-01-30 18:36:24 : t0:removeReplica

2023-01-30 18:36:29 : t0:removeReplica

2023-01-30 18:36:34 : t0:removeReplica

2023-01-30 18:36:39 : t0:removeReplica

2023-01-30 18:36:44 : t0:removeReplica

2023-01-30 18:36:49 : t0:removeReplica

2023-01-30 18:36:54 : t0:removeReplica

2023-01-30 18:36:59 : t0:removeReplica

2023-01-30 18:37:04 : t0:removeReplica

2023-01-30 18:37:09 : t0:removeReplica

2023-01-30 18:37:14 : t0:removeReplica

2023-01-30 18:37:19 : t0:removeReplica

2023-01-30 18:37:24 : t0:removeReplica

2023-01-30 18:37:29 : t0:removeReplica

2023-01-30 18:37:34 : t0:removeReplica

2023-01-30 18:37:39 : t0:removeReplica

2023-01-30 18:37:44 : t0:removeReplica

2023-01-30 18:37:49 : t0:removeReplica

2023-01-30 18:37:54 : t0:removeReplica

2023-01-30 18:37:59 : t0:removeReplica

2023-01-30 18:38:04 : t0:removeReplica

2023-01-30 18:38:09 : t0:removeReplica

2023-01-30 18:38:14 : t0:removeReplica

2023-01-30 18:38:19 : t0:removeReplica

2023-01-30 18:38:24 : t0:removeReplica

2023-01-30 18:38:29 : t0:removeReplica

2023-01-30 18:38:34 : t0:removeReplica

2023-01-30 18:38:39 : t0:removeReplica

2023-01-30 18:38:44 : t0:removeReplica

2023-01-30 18:38:49 : t0:removeReplica

2023-01-30 18:38:54 : t0:removeReplica

2023-01-30 18:38:59 : t0:removeReplica

2023-01-30 18:39:04 : t0:removeReplica

2023-01-30 18:39:09 : t0:removeReplica

2023-01-30 18:39:14 : t0:removeReplica

2023-01-30 18:39:19 : t0:removeReplica

2023-01-30 18:39:24 : t0:removeReplica

2023-01-30 18:39:29 : t0:removeReplica

2023-01-30 18:39:34 : t0:removeReplica

2023-01-30 18:39:39 : t0:removeReplica

2023-01-30 18:39:44 : t0:removeReplica

2023-01-30 18:39:49 : t0:removeReplica

2023-01-30 18:39:54 : t0:removeReplica

2023-01-30 18:39:59 : t0:removeReplica

2023-01-30 18:40:04 : t0:removeReplica

2023-01-30 18:40:09 : t0:removeReplica

2023-01-30 18:40:14 : t0:removeReplica

2023-01-30 18:40:19 : t0:removeReplica

2023-01-30 18:40:24 : t0:removeReplica

2023-01-30 18:40:29 : t0:removeReplica

2023-01-30 18:40:34 : t0:removeReplica

2023-01-30 18:40:39 : t0:removeReplica

2023-01-30 18:40:44 : t0:removeReplica

2023-01-30 18:40:49 : t0:removeReplica

2023-01-30 18:40:54 : t0:removeReplica

2023-01-30 18:40:59 : t0:removeReplica

2023-01-30 18:41:04 : t0:removeReplica

2023-01-30 18:41:09 : t0:removeReplica

2023-01-30 18:41:14 : t0:removeReplica

2023-01-30 18:41:19 : t0:removeReplica

2023-01-30 18:41:24 : t0:removeReplica

2023-01-30 18:41:29 : t0:removeReplica

2023-01-30 18:41:34 : t0:removeReplica

2023-01-30 18:41:39 : t0:removeReplica

2023-01-30 18:41:44 : t0:removeReplica

2023-01-30 18:41:49 : t0:removeReplica

2023-01-30 18:41:54 : t0:removeReplica

2023-01-30 18:41:59 : t0:removeReplica

2023-01-30 18:42:04 : t0:removeReplica

Reading file: summary-trace-znn.log
Reading file: temp
Reading file: temp2701
Reading file: test
Reading file: tools
Reading file: traceznn_20230130_153324.log

Trace znn data

{'name': 'kube-znn.173f29dc68a76eec', 'type': 'Normal', 'message': 'Scaled up replica set kube-znn-744bbbc54b to 2', 'dateevent': '2023-01-30 18:33:33+00:00', 'image': 'cmendes/znn:800k', 'replicas': 2, 'imageChanges': 0, 'replicasChanges': 1}

{'name': 'kube-znn.173f29dd40da19e6', 'type': 'Normal', 'message': 'Scaled up replica set kube-znn-744bbbc54b to 3', 'dateevent': '2023-01-30 18:33:36+00:00', 'image': 'cmendes/znn:800k', 'replicas': 3, 'imageChanges': 0, 'replicasChanges': 2}

{'name': 'kube-znn.173f29de6abe8693', 'type': 'Normal', 'message': 'Scaled up replica set kube-znn-744bbbc54b to 4', 'dateevent': '2023-01-30 18:33:41+00:00', 'image': 'cmendes/znn:800k', 'replicas': 4, 'imageChanges': 0, 'replicasChanges': 3}

{'name': 'kube-znn.173f29df93b2c7db', 'type': 'Normal', 'message': 'Scaled up replica set kube-znn-744bbbc54b to 5', 'dateevent': '2023-01-30 18:33:46+00:00', 'image': 'cmendes/znn:800k', 'replicas': 5, 'imageChanges': 0, 'replicasChanges': 4}

{'name': 'kube-znn.173f29e0beb92af1', 'type': 'Normal', 'message': 'Scaled up replica set kube-znn-744bbbc54b to 6', 'dateevent': '2023-01-30 18:33:51+00:00', 'image': 'cmendes/znn:800k', 'replicas': 6, 'imageChanges': 0, 'replicasChanges': 5}

{'name': 'kube-znn.173f29e1ea552be8', 'type': 'Normal', 'message': 'Scaled up replica set kube-znn-744bbbc54b to 7', 'dateevent': '2023-01-30 18:33:56+00:00', 'image': 'cmendes/znn:800k', 'replicas': 7, 'imageChanges': 0, 'replicasChanges': 6}

{'name': 'kube-znn.173f29e3127557e7', 'type': 'Normal', 'message': 'Scaled up replica set kube-znn-744bbbc54b to 8', 'dateevent': '2023-01-30 18:34:01+00:00', 'image': 'cmendes/znn:800k', 'replicas': 8, 'imageChanges': 0, 'replicasChanges': 7}

{'name': 'kube-znn.173f29e43c2b611b', 'type': 'Normal', 'message': 'Scaled up replica set kube-znn-744bbbc54b to 9', 'dateevent': '2023-01-30 18:34:06+00:00', 'image': 'cmendes/znn:800k', 'replicas': 9, 'imageChanges': 0, 'replicasChanges': 8}

{'name': 'kube-znn.173f29e564cb6823', 'type': 'Normal', 'message': 'Scaled up replica set kube-znn-744bbbc54b to 10', 'dateevent': '2023-01-30 18:34:11+00:00', 'image': 'cmendes/znn:800k', 'replicas': 10, 'imageChanges': 0, 'replicasChanges': 9}

{'name': 'kube-znn.173f29e78542b4a3', 'type': 'Normal', 'message': '(combined from similar events): Scaled up replica set kube-znn-5c95bd98fb to 3', 'dateevent': '2023-01-30 18:34:20+00:00', 'image': 'cmendes/znn:600k', 'replicas': 10, 'imageChanges': 1, 'replicasChanges': 9}

{'name': 'kube-znn.173f29e78542b4a3', 'type': 'Normal', 'message': '(combined from similar events): Scaled down replica set kube-znn-744bbbc54b to 8', 'dateevent': '2023-01-30 18:34:20+00:00', 'image': 'cmendes/znn:600k', 'replicas': 10, 'imageChanges': 1, 'replicasChanges': 9}

{'name': 'kube-znn.173f29e78542b4a3', 'type': 'Normal', 'message': '(combined from similar events): Scaled up replica set kube-znn-5c95bd98fb to 5', 'dateevent': '2023-01-30 18:34:20+00:00', 'image': 'cmendes/znn:600k', 'replicas': 10, 'imageChanges': 1, 'replicasChanges': 9}

{'name': 'kube-znn.173f29e78542b4a3', 'type': 'Normal', 'message': '(combined from similar events): Scaled down replica set kube-znn-744bbbc54b to 3', 'dateevent': '2023-01-30 18:34:20+00:00', 'image': 'cmendes/znn:600k', 'replicas': 4, 'imageChanges': 1, 'replicasChanges': 10}

{'name': 'kube-znn.173f29e78542b4a3', 'type': 'Normal', 'message': '(combined from similar events): Scaled down replica set kube-znn-5c95bd98fb to 2', 'dateevent': '2023-01-30 18:34:20+00:00', 'image': 'cmendes/znn:600k', 'replicas': 4, 'imageChanges': 1, 'replicasChanges': 10}

{'name': 'kube-znn.173f29e78542b4a3', 'type': 'Normal', 'message': '(combined from similar events): Scaled down replica set kube-znn-744bbbc54b to 2', 'dateevent': '2023-01-30 18:34:20+00:00', 'image': 'cmendes/znn:600k', 'replicas': 4, 'imageChanges': 1, 'replicasChanges': 10}

{'name': 'kube-znn.173f29f6a641a230', 'type': 'Normal', 'message': 'Scaled up replica set kube-znn-5c95bd98fb to 3', 'dateevent': '2023-01-30 18:35:25+00:00', 'image': 'cmendes/znn:600k', 'replicas': 4, 'imageChanges': 1, 'replicasChanges': 10}

{'name': 'kube-znn.173f29e78542b4a3', 'type': 'Normal', 'message': '(combined from similar events): Scaled down replica set kube-znn-744bbbc54b to 1', 'dateevent': '2023-01-30 18:34:20+00:00', 'image': 'cmendes/znn:600k', 'replicas': 4, 'imageChanges': 1, 'replicasChanges': 10}

{'name': 'kube-znn.173f29e78542b4a3', 'type': 'Normal', 'message': '(combined from similar events): Scaled up replica set kube-znn-5c95bd98fb to 4', 'dateevent': '2023-01-30 18:34:20+00:00', 'image': 'cmendes/znn:600k', 'replicas': 4, 'imageChanges': 1, 'replicasChanges': 10}

{'name': 'kube-znn.173f29e78542b4a3', 'type': 'Normal', 'message': '(combined from similar events): Scaled down replica set kube-znn-744bbbc54b to 0', 'dateevent': '2023-01-30 18:34:20+00:00', 'image': 'cmendes/znn:600k', 'replicas': 4, 'imageChanges': 1, 'replicasChanges': 10}

{'name': 'kube-znn.173f29e78542b4a3', 'type': 'Normal', 'message': '(combined from similar events): Scaled up replica set kube-znn-744bbbc54b to 1', 'dateevent': '2023-01-30 18:34:20+00:00', 'image': 'cmendes/znn:800k', 'replicas': 4, 'imageChanges': 2, 'replicasChanges': 10}

{'name': 'kube-znn.173f29e78542b4a3', 'type': 'Normal', 'message': '(combined from similar events): Scaled down replica set kube-znn-5c95bd98fb to 3', 'dateevent': '2023-01-30 18:34:20+00:00', 'image': 'cmendes/znn:800k', 'replicas': 4, 'imageChanges': 2, 'replicasChanges': 10}

{'name': 'kube-znn.173f29e78542b4a3', 'type': 'Normal', 'message': '(combined from similar events): Scaled up replica set kube-znn-744bbbc54b to 2', 'dateevent': '2023-01-30 18:34:20+00:00', 'image': 'cmendes/znn:800k', 'replicas': 4, 'imageChanges': 2, 'replicasChanges': 10}

{'name': 'kube-znn.173f29e78542b4a3', 'type': 'Normal', 'message': '(combined from similar events): Scaled down replica set kube-znn-5c95bd98fb to 2', 'dateevent': '2023-01-30 18:34:20+00:00', 'image': 'cmendes/znn:800k', 'replicas': 4, 'imageChanges': 2, 'replicasChanges': 10}

{'name': 'kube-znn.173f29e78542b4a3', 'type': 'Normal', 'message': '(combined from similar events): Scaled up replica set kube-znn-744bbbc54b to 3', 'dateevent': '2023-01-30 18:34:20+00:00', 'image': 'cmendes/znn:800k', 'replicas': 4, 'imageChanges': 2, 'replicasChanges': 10}

{'name': 'kube-znn.173f29e78542b4a3', 'type': 'Normal', 'message': '(combined from similar events): Scaled down replica set kube-znn-5c95bd98fb to 1', 'dateevent': '2023-01-30 18:34:20+00:00', 'image': 'cmendes/znn:800k', 'replicas': 4, 'imageChanges': 2, 'replicasChanges': 10}

Reading file: VersionA-Monolithic
Reading file: VersionB-MicroControllers
Reading file: VersionC-WithFailureManagerMetaController
Reading file: VersionC-ZTemp
