Reading file: automatingDataGeneration.sh
Reading file: CLong10
Reading file: CLong10.7z
Reading file: Evaluation-ZNN.7z
Reading file: fidelitya-778c6c6b8b-n6jv9_tracing_20230128_152159.log

fidelitya data

Reading file: generateLogs121929
Reading file: generateLogs124558
Reading file: generateLogs131507
Reading file: generateLogs134342
Reading file: generateLogs140938
Reading file: generateLogs144032
Reading file: generateLogs150618
Reading file: generateLogs2.sh
Reading file: k6-qhfwq_tracing_20230128_152159.log
Reading file: metacontroller-kubow-8479d7588d-7tf8w_tracing_20230128_152159.log

MetaController data

2023-01-28 18:22:55 : t0:activateLowScalabilityHighQuality

2023-01-28 18:23:05 : t0:addLowScalabilityLowQuality

2023-01-28 18:24:55 : t0:addHighScalabilityHighQuality

Reading file: README.md
Reading file: scalabilitya-78d6cbbc7d-jxjw2_tracing_20230128_152159.log

scalabilitya data

2023-01-28 18:25:19 : t0:removeReplica

2023-01-28 18:25:54 : t0:removeReplica

2023-01-28 18:26:19 : t0:removeReplica

2023-01-28 18:26:24 : t0:removeReplica

2023-01-28 18:26:59 : t0:removeReplica

Reading file: summary-trace-znn.log
Reading file: temp
Reading file: temp2701
Reading file: test
Reading file: tools
Reading file: traceznn_20230128_152159.log

Trace znn data

{'name': 'kube-znn-db.173e8b6fa3ce6df2', 'type': 'Normal', 'message': 'Scaled up replica set kube-znn-db-6cc48797cf to 1', 'dateevent': '2023-01-28 18:10:23+00:00', 'image': 'cmendes/znn:800k', 'replicas': 1, 'imageChanges': 0, 'replicasChanges': 1}

{'name': 'kube-znn.173e8b6fa15ecab9', 'type': 'Normal', 'message': 'Scaled up replica set kube-znn-68bd9d6b5b to 1', 'dateevent': '2023-01-28 18:10:22+00:00', 'image': 'cmendes/znn:800k', 'replicas': 1, 'imageChanges': 0, 'replicasChanges': 1}

{'name': 'kube-znn.173e8c13ec8bdf7c', 'type': 'Normal', 'message': 'Scaled up replica set kube-znn-68bd9d6b5b to 2', 'dateevent': '2023-01-28 18:22:08+00:00', 'image': 'cmendes/znn:800k', 'replicas': 2, 'imageChanges': 0, 'replicasChanges': 2}

{'name': 'kube-znn.173e8c15fec3aa56', 'type': 'Normal', 'message': 'Scaled up replica set kube-znn-68bd9d6b5b to 3', 'dateevent': '2023-01-28 18:22:17+00:00', 'image': 'cmendes/znn:800k', 'replicas': 3, 'imageChanges': 0, 'replicasChanges': 3}

{'name': 'kube-znn.173e8c1723807757', 'type': 'Normal', 'message': 'Scaled up replica set kube-znn-68bd9d6b5b to 4', 'dateevent': '2023-01-28 18:22:22+00:00', 'image': 'cmendes/znn:800k', 'replicas': 4, 'imageChanges': 0, 'replicasChanges': 4}

{'name': 'kube-znn.173e8c184cf22a92', 'type': 'Normal', 'message': 'Scaled up replica set kube-znn-68bd9d6b5b to 5', 'dateevent': '2023-01-28 18:22:27+00:00', 'image': 'cmendes/znn:800k', 'replicas': 5, 'imageChanges': 0, 'replicasChanges': 5}

{'name': 'kube-znn.173e8c197626ef93', 'type': 'Normal', 'message': 'Scaled up replica set kube-znn-68bd9d6b5b to 6', 'dateevent': '2023-01-28 18:22:32+00:00', 'image': 'cmendes/znn:800k', 'replicas': 6, 'imageChanges': 0, 'replicasChanges': 6}

{'name': 'kube-znn.173e8c1a9ff3decf', 'type': 'Normal', 'message': 'Scaled up replica set kube-znn-68bd9d6b5b to 7', 'dateevent': '2023-01-28 18:22:37+00:00', 'image': 'cmendes/znn:800k', 'replicas': 7, 'imageChanges': 0, 'replicasChanges': 7}

{'name': 'kube-znn.173e8c1bc9d70b7e', 'type': 'Normal', 'message': 'Scaled up replica set kube-znn-68bd9d6b5b to 8', 'dateevent': '2023-01-28 18:22:42+00:00', 'image': 'cmendes/znn:800k', 'replicas': 8, 'imageChanges': 0, 'replicasChanges': 8}

{'name': 'kube-znn.173e8c1cf4b444e5', 'type': 'Normal', 'message': 'Scaled up replica set kube-znn-68bd9d6b5b to 9', 'dateevent': '2023-01-28 18:22:47+00:00', 'image': 'cmendes/znn:800k', 'replicas': 9, 'imageChanges': 0, 'replicasChanges': 9}

{'name': 'kube-znn.173e8c1e20c1a7e9', 'type': 'Normal', 'message': 'Scaled up replica set kube-znn-68bd9d6b5b to 10', 'dateevent': '2023-01-28 18:22:52+00:00', 'image': 'cmendes/znn:800k', 'replicas': 10, 'imageChanges': 0, 'replicasChanges': 10}

{'name': 'kube-znn.173e8c1ef5397300', 'type': 'Normal', 'message': '(combined from similar events): Scaled up replica set kube-znn-7cbbf89f8 to 3', 'dateevent': '2023-01-28 18:22:56+00:00', 'image': 'cmendes/znn:600k', 'replicas': 10, 'imageChanges': 1, 'replicasChanges': 10}

{'name': 'kube-znn.173e8c1ef5397300', 'type': 'Normal', 'message': '(combined from similar events): Scaled down replica set kube-znn-68bd9d6b5b to 8', 'dateevent': '2023-01-28 18:22:56+00:00', 'image': 'cmendes/znn:600k', 'replicas': 10, 'imageChanges': 1, 'replicasChanges': 10}

{'name': 'kube-znn.173e8c1ef5397300', 'type': 'Normal', 'message': '(combined from similar events): Scaled up replica set kube-znn-7cbbf89f8 to 5', 'dateevent': '2023-01-28 18:22:56+00:00', 'image': 'cmendes/znn:600k', 'replicas': 10, 'imageChanges': 1, 'replicasChanges': 10}

{'name': 'kube-znn.173e8c1ef5397300', 'type': 'Normal', 'message': '(combined from similar events): Scaled down replica set kube-znn-68bd9d6b5b to 3', 'dateevent': '2023-01-28 18:22:56+00:00', 'image': 'cmendes/znn:600k', 'replicas': 4, 'imageChanges': 1, 'replicasChanges': 11}

{'name': 'kube-znn.173e8c1ef5397300', 'type': 'Normal', 'message': '(combined from similar events): Scaled down replica set kube-znn-7cbbf89f8 to 2', 'dateevent': '2023-01-28 18:22:56+00:00', 'image': 'cmendes/znn:600k', 'replicas': 4, 'imageChanges': 1, 'replicasChanges': 11}

{'name': 'kube-znn.173e8c1ef5397300', 'type': 'Normal', 'message': '(combined from similar events): Scaled down replica set kube-znn-7cbbf89f8 to 0', 'dateevent': '2023-01-28 18:22:56+00:00', 'image': 'cmendes/znn:100k', 'replicas': 4, 'imageChanges': 2, 'replicasChanges': 11}

{'name': 'kube-znn.173e8c1ef5397300', 'type': 'Normal', 'message': '(combined from similar events): Scaled up replica set kube-znn-7995d9b499 to 2', 'dateevent': '2023-01-28 18:22:56+00:00', 'image': 'cmendes/znn:100k', 'replicas': 4, 'imageChanges': 2, 'replicasChanges': 11}

{'name': 'kube-znn.173e8c1ef5397300', 'type': 'Normal', 'message': '(combined from similar events): Scaled down replica set kube-znn-68bd9d6b5b to 2', 'dateevent': '2023-01-28 18:22:56+00:00', 'image': 'cmendes/znn:100k', 'replicas': 4, 'imageChanges': 2, 'replicasChanges': 11}

{'name': 'kube-znn.173e8c1ef5397300', 'type': 'Normal', 'message': '(combined from similar events): Scaled up replica set kube-znn-7995d9b499 to 3', 'dateevent': '2023-01-28 18:22:56+00:00', 'image': 'cmendes/znn:100k', 'replicas': 4, 'imageChanges': 2, 'replicasChanges': 11}

{'name': 'kube-znn.173e8c1ef5397300', 'type': 'Normal', 'message': '(combined from similar events): Scaled down replica set kube-znn-7995d9b499 to 1', 'dateevent': '2023-01-28 18:22:56+00:00', 'image': 'cmendes/znn:200k', 'replicas': 4, 'imageChanges': 3, 'replicasChanges': 11}

{'name': 'kube-znn.173e8c1ef5397300', 'type': 'Normal', 'message': '(combined from similar events): Scaled up replica set kube-znn-86cccc748b to 2', 'dateevent': '2023-01-28 18:22:56+00:00', 'image': 'cmendes/znn:200k', 'replicas': 4, 'imageChanges': 3, 'replicasChanges': 11}

{'name': 'kube-znn.173e8c1ef5397300', 'type': 'Normal', 'message': '(combined from similar events): Scaled down replica set kube-znn-7995d9b499 to 0', 'dateevent': '2023-01-28 18:22:56+00:00', 'image': 'cmendes/znn:200k', 'replicas': 4, 'imageChanges': 3, 'replicasChanges': 11}

{'name': 'kube-znn.173e8c1ef5397300', 'type': 'Normal', 'message': '(combined from similar events): Scaled up replica set kube-znn-86cccc748b to 3', 'dateevent': '2023-01-28 18:22:56+00:00', 'image': 'cmendes/znn:200k', 'replicas': 4, 'imageChanges': 3, 'replicasChanges': 11}

{'name': 'kube-znn.173e8c1ef5397300', 'type': 'Normal', 'message': '(combined from similar events): Scaled down replica set kube-znn-68bd9d6b5b to 1', 'dateevent': '2023-01-28 18:22:56+00:00', 'image': 'cmendes/znn:200k', 'replicas': 4, 'imageChanges': 3, 'replicasChanges': 11}

{'name': 'kube-znn.173e8c1ef5397300', 'type': 'Normal', 'message': '(combined from similar events): Scaled up replica set kube-znn-86cccc748b to 4', 'dateevent': '2023-01-28 18:22:56+00:00', 'image': 'cmendes/znn:200k', 'replicas': 4, 'imageChanges': 3, 'replicasChanges': 11}

{'name': 'kube-znn.173e8c1ef5397300', 'type': 'Normal', 'message': '(combined from similar events): Scaled down replica set kube-znn-68bd9d6b5b to 0', 'dateevent': '2023-01-28 18:22:56+00:00', 'image': 'cmendes/znn:200k', 'replicas': 4, 'imageChanges': 3, 'replicasChanges': 11}

Reading file: VersionA-Monolithic
Reading file: VersionB-MicroControllers
Reading file: VersionC-WithFailureManagerMetaController
Reading file: VersionC-ZTemp
