falha encontrada
WARNING:root:{'name': 'kube-znn-68bd9d6b5b-4fsws.173e696e5f7e594a', 'type': 'Warning', 'message': '0/1 nodes are available: 1 Insufficient cpu.', 'dateevent': '2023-01-28 07:47:14+00:00'}
falha encontrada
WARNING:root:{'name': 'kube-znn-68bd9d6b5b-4fsws.173e696e5f7e594a', 'type': 'Warning', 'message': '0/1 nodes are available: 1 Insufficient cpu.', 'dateevent': '2023-01-28 07:47:14+00:00'}
falha encontrada
WARNING:root:{'name': 'kube-znn-68bd9d6b5b-95wqx.173e696f880e3040', 'type': 'Warning', 'message': '0/1 nodes are available: 1 Insufficient cpu.', 'dateevent': '2023-01-28 07:47:19+00:00'}
falha encontrada
WARNING:root:{'name': 'kube-znn-68bd9d6b5b-95wqx.173e696f880e3040', 'type': 'Warning', 'message': '0/1 nodes are available: 1 Insufficient cpu.', 'dateevent': '2023-01-28 07:47:19+00:00'}
WARNING:root:{'name': 'kube-znn-68bd9d6b5b-8vslx.173e6970b0c467a4', 'type': 'Warning', 'message': '0/1 nodes are available: 1 Insufficient cpu.', 'dateevent': '2023-01-28 07:47:24+00:00'}
falha encontrada
falha encontrada
WARNING:root:{'name': 'kube-znn-68bd9d6b5b-8vslx.173e6970b0c467a4', 'type': 'Warning', 'message': '0/1 nodes are available: 1 Insufficient cpu.', 'dateevent': '2023-01-28 07:47:24+00:00'}
falha encontrada
WARNING:root:{'name': 'kube-znn-68bd9d6b5b-lwxzb.173e6971dbc27315', 'type': 'Warning', 'message': '0/1 nodes are available: 1 Insufficient cpu.', 'dateevent': '2023-01-28 07:47:29+00:00'}
falha encontrada
WARNING:root:{'name': 'kube-znn-68bd9d6b5b-hlt8j.173e69730850f305', 'type': 'Warning', 'message': '0/1 nodes are available: 1 Insufficient cpu.', 'dateevent': '2023-01-28 07:47:34+00:00'}
falha encontrada
WARNING:root:{'name': 'kube-znn-68bd9d6b5b-hlt8j.173e69730850f305', 'type': 'Warning', 'message': '0/1 nodes are available: 1 Insufficient cpu.', 'dateevent': '2023-01-28 07:47:34+00:00'}
falha encontrada
WARNING:root:{'name': 'kube-znn-68bd9d6b5b-f5f6s.173e697430d6958b', 'type': 'Warning', 'message': '0/1 nodes are available: 1 Insufficient cpu.', 'dateevent': '2023-01-28 07:47:39+00:00'}
falha encontrada
WARNING:root:{'name': 'kube-znn-7cbbf89f8-pqsnh.173e697585e74866', 'type': 'Warning', 'message': '0/1 nodes are available: 1 Insufficient cpu.', 'dateevent': '2023-01-28 07:47:44+00:00'}
falha encontrada
WARNING:root:{'name': 'kube-znn-7cbbf89f8-hbkkv.173e6975883c0ca7', 'type': 'Warning', 'message': '0/1 nodes are available: 1 Insufficient cpu.', 'dateevent': '2023-01-28 07:47:44+00:00'}
falha encontrada
WARNING:root:{'name': 'kube-znn-7cbbf89f8-rgn4g.173e6975891083fa', 'type': 'Warning', 'message': '0/1 nodes are available: 1 Insufficient cpu.', 'dateevent': '2023-01-28 07:47:44+00:00'}
falha encontrada
WARNING:root:{'name': 'kube-znn-7cbbf89f8-pqsnh.173e697585e74866', 'type': 'Warning', 'message': '0/1 nodes are available: 1 Insufficient cpu.', 'dateevent': '2023-01-28 07:47:44+00:00'}
falha encontrada
WARNING:root:{'name': 'kube-znn-7cbbf89f8-hbkkv.173e6975883c0ca7', 'type': 'Warning', 'message': '0/1 nodes are available: 1 Insufficient cpu.', 'dateevent': '2023-01-28 07:47:44+00:00'}
falha encontrada
WARNING:root:{'name': 'kube-znn-7cbbf89f8-rgn4g.173e6975891083fa', 'type': 'Warning', 'message': '0/1 nodes are available: 1 Insufficient cpu.', 'dateevent': '2023-01-28 07:47:44+00:00'}
falha encontrada
WARNING:root:{'name': 'kube-znn-7cbbf89f8-jxrkb.173e697593a22375', 'type': 'Warning', 'message': '0/1 nodes are available: 1 Insufficient cpu.', 'dateevent': '2023-01-28 07:47:45+00:00'}
falha encontrada
WARNING:root:{'name': 'kube-znn-7cbbf89f8-d8gvt.173e697594f29260', 'type': 'Warning', 'message': '0/1 nodes are available: 1 Insufficient cpu.', 'dateevent': '2023-01-28 07:47:45+00:00'}
falha encontrada
WARNING:root:{'name': 'kube-znn-7cbbf89f8-jxrkb.173e697593a22375', 'type': 'Warning', 'message': '0/1 nodes are available: 1 Insufficient cpu.', 'dateevent': '2023-01-28 07:47:45+00:00'}
WARNING:root:{'name': 'kube-znn-68bd9d6b5b-pqb7z.173e6975c0cb4841', 'type': 'Warning', 'message': '0/1 nodes are available: 1 Insufficient cpu.', 'dateevent': '2023-01-28 07:47:45+00:00'}
falha encontrada
WARNING:root:{'name': 'kube-znn-68bd9d6b5b-bb8d9.173e6975c3de1adb', 'type': 'Warning', 'message': '0/1 nodes are available: 1 Insufficient cpu.', 'dateevent': '2023-01-28 07:47:45+00:00'}
falha encontrada
WARNING:root:{'name': 'kube-znn-68bd9d6b5b-lhp6c.173e6975c6aa00d8', 'type': 'Warning', 'message': '0/1 nodes are available: 1 Insufficient cpu.', 'dateevent': '2023-01-28 07:47:45+00:00'}
falha encontrada
WARNING:root:{'name': 'kube-znn-68bd9d6b5b-hqg67.173e6975cb0f6668', 'type': 'Warning', 'message': '0/1 nodes are available: 1 Insufficient cpu.', 'dateevent': '2023-01-28 07:47:46+00:00'}
falha encontrada
falha encontrada
WARNING:root:{'name': 'kube-znn-68bd9d6b5b-pqb7z.173e6975c0cb4841', 'type': 'Warning', 'message': '0/1 nodes are available: 1 Insufficient cpu.', 'dateevent': '2023-01-28 07:47:45+00:00'}
falha encontrada
WARNING:root:{'name': 'kube-znn-68bd9d6b5b-bb8d9.173e6975c3de1adb', 'type': 'Warning', 'message': '0/1 nodes are available: 1 Insufficient cpu.', 'dateevent': '2023-01-28 07:47:45+00:00'}
WARNING:root:{'name': 'kube-znn-68bd9d6b5b-lhp6c.173e6975c6aa00d8', 'type': 'Warning', 'message': '0/1 nodes are available: 1 Insufficient cpu.', 'dateevent': '2023-01-28 07:47:45+00:00'}
falha encontrada
WARNING:root:{'name': 'kube-znn-68bd9d6b5b-hqg67.173e6975cb0f6668', 'type': 'Warning', 'message': '0/1 nodes are available: 1 Insufficient cpu.', 'dateevent': '2023-01-28 07:47:46+00:00'}
falha encontrada
falha encontrada
WARNING:root:{'name': 'kube-znn-68bd9d6b5b-4fsws.173e696e5f7e594a', 'type': 'Warning', 'message': '0/1 nodes are available: 1 Insufficient cpu.', 'dateevent': '2023-01-28 07:47:14+00:00'}
falha encontrada
WARNING:root:{'name': 'kube-znn-68bd9d6b5b-95wqx.173e696f880e3040', 'type': 'Warning', 'message': '0/1 nodes are available: 1 Insufficient cpu.', 'dateevent': '2023-01-28 07:47:19+00:00'}
falha encontrada
WARNING:root:{'name': 'kube-znn-68bd9d6b5b-8vslx.173e6970b0c467a4', 'type': 'Warning', 'message': '0/1 nodes are available: 1 Insufficient cpu.', 'dateevent': '2023-01-28 07:47:24+00:00'}
falha encontrada
WARNING:root:{'name': 'kube-znn-68bd9d6b5b-lwxzb.173e6971dbc27315', 'type': 'Warning', 'message': '0/1 nodes are available: 1 Insufficient cpu.', 'dateevent': '2023-01-28 07:47:29+00:00'}
falha encontrada
WARNING:root:{'name': 'kube-znn-7cbbf89f8-pqsnh.173e697585e74866', 'type': 'Warning', 'message': '0/1 nodes are available: 1 Insufficient cpu.', 'dateevent': '2023-01-28 07:47:44+00:00'}
falha encontrada
WARNING:root:{'name': 'kube-znn-7cbbf89f8-hbkkv.173e6975883c0ca7', 'type': 'Warning', 'message': '0/1 nodes are available: 1 Insufficient cpu.', 'dateevent': '2023-01-28 07:47:44+00:00'}
falha encontrada
WARNING:root:{'name': 'kube-znn-7cbbf89f8-rgn4g.173e6975891083fa', 'type': 'Warning', 'message': '0/1 nodes are available: 1 Insufficient cpu.', 'dateevent': '2023-01-28 07:47:44+00:00'}
falha encontrada
WARNING:root:{'name': 'kube-znn-7cbbf89f8-d8gvt.173e697594f29260', 'type': 'Warning', 'message': '0/1 nodes are available: 1 Insufficient cpu.', 'dateevent': '2023-01-28 07:47:45+00:00'}
falha encontrada
WARNING:root:{'name': 'kube-znn-7cbbf89f8-jxrkb.173e697593a22375', 'type': 'Warning', 'message': '0/1 nodes are available: 1 Insufficient cpu.', 'dateevent': '2023-01-28 07:47:45+00:00'}
falha encontrada
WARNING:root:{'name': 'kube-znn-68bd9d6b5b-pqb7z.173e6975c0cb4841', 'type': 'Warning', 'message': '0/1 nodes are available: 1 Insufficient cpu.', 'dateevent': '2023-01-28 07:47:45+00:00'}
WARNING:root:{'name': 'kube-znn-68bd9d6b5b-bb8d9.173e6975c3de1adb', 'type': 'Warning', 'message': '0/1 nodes are available: 1 Insufficient cpu.', 'dateevent': '2023-01-28 07:47:45+00:00'}
falha encontrada
falha encontrada
WARNING:root:{'name': 'kube-znn-68bd9d6b5b-lhp6c.173e6975c6aa00d8', 'type': 'Warning', 'message': '0/1 nodes are available: 1 Insufficient cpu.', 'dateevent': '2023-01-28 07:47:45+00:00'}
falha encontrada
WARNING:root:{'name': 'kube-znn-68bd9d6b5b-hqg67.173e6975cb0f6668', 'type': 'Warning', 'message': '0/1 nodes are available: 1 Insufficient cpu.', 'dateevent': '2023-01-28 07:47:46+00:00'}
falha encontrada
WARNING:root:{'name': 'kube-znn-68bd9d6b5b-95wqx.173e696f880e3040', 'type': 'Warning', 'message': '0/1 nodes are available: 1 Insufficient cpu.', 'dateevent': '2023-01-28 07:47:19+00:00'}
falha encontrada
WARNING:root:{'name': 'kube-znn-68bd9d6b5b-8vslx.173e6970b0c467a4', 'type': 'Warning', 'message': '0/1 nodes are available: 1 Insufficient cpu.', 'dateevent': '2023-01-28 07:47:24+00:00'}
WARNING:root:{'name': 'kube-znn-68bd9d6b5b-lwxzb.173e6971dbc27315', 'type': 'Warning', 'message': '0/1 nodes are available: 1 Insufficient cpu.', 'dateevent': '2023-01-28 07:47:29+00:00'}
falha encontrada
falha encontrada
WARNING:root:{'name': 'kube-znn-7cbbf89f8-hbkkv.173e6975883c0ca7', 'type': 'Warning', 'message': '0/1 nodes are available: 1 Insufficient cpu.', 'dateevent': '2023-01-28 07:47:44+00:00'}
falha encontrada
WARNING:root:{'name': 'kube-znn-7cbbf89f8-rgn4g.173e6975891083fa', 'type': 'Warning', 'message': '0/1 nodes are available: 1 Insufficient cpu.', 'dateevent': '2023-01-28 07:47:44+00:00'}
falha encontrada
WARNING:root:{'name': 'kube-znn-7cbbf89f8-d8gvt.173e697594f29260', 'type': 'Warning', 'message': '0/1 nodes are available: 1 Insufficient cpu.', 'dateevent': '2023-01-28 07:47:45+00:00'}
falha encontrada
WARNING:root:{'name': 'kube-znn-7cbbf89f8-jxrkb.173e697593a22375', 'type': 'Warning', 'message': '0/1 nodes are available: 1 Insufficient cpu.', 'dateevent': '2023-01-28 07:47:45+00:00'}
falha encontrada
WARNING:root:{'name': 'kube-znn-68bd9d6b5b-pqb7z.173e6975c0cb4841', 'type': 'Warning', 'message': '0/1 nodes are available: 1 Insufficient cpu.', 'dateevent': '2023-01-28 07:47:45+00:00'}
falha encontrada
WARNING:root:{'name': 'kube-znn-68bd9d6b5b-bb8d9.173e6975c3de1adb', 'type': 'Warning', 'message': '0/1 nodes are available: 1 Insufficient cpu.', 'dateevent': '2023-01-28 07:47:45+00:00'}
falha encontrada
WARNING:root:{'name': 'kube-znn-68bd9d6b5b-lhp6c.173e6975c6aa00d8', 'type': 'Warning', 'message': '0/1 nodes are available: 1 Insufficient cpu.', 'dateevent': '2023-01-28 07:47:45+00:00'}
falha encontrada
WARNING:root:{'name': 'kube-znn-68bd9d6b5b-hqg67.173e6975cb0f6668', 'type': 'Warning', 'message': '0/1 nodes are available: 1 Insufficient cpu.', 'dateevent': '2023-01-28 07:47:46+00:00'}
falha encontrada
WARNING:root:{'name': 'kube-znn-68bd9d6b5b-95wqx.173e696f880e3040', 'type': 'Warning', 'message': '0/1 nodes are available: 1 Insufficient cpu.', 'dateevent': '2023-01-28 07:47:19+00:00'}
falha encontrada
WARNING:root:{'name': 'kube-znn-68bd9d6b5b-8vslx.173e6970b0c467a4', 'type': 'Warning', 'message': '0/1 nodes are available: 1 Insufficient cpu.', 'dateevent': '2023-01-28 07:47:24+00:00'}
falha encontrada
WARNING:root:{'name': 'kube-znn-68bd9d6b5b-lwxzb.173e6971dbc27315', 'type': 'Warning', 'message': '0/1 nodes are available: 1 Insufficient cpu.', 'dateevent': '2023-01-28 07:47:29+00:00'}
WARNING:root:{'name': 'kube-znn-68bd9d6b5b-nxx88.173e6977b65b55b5', 'type': 'Warning', 'message': '0/1 nodes are available: 1 Insufficient cpu.', 'dateevent': '2023-01-28 07:47:54+00:00'}
falha encontrada
falha encontrada
WARNING:root:{'name': 'kube-znn-7cbbf89f8-gqffz.173e6977b83348bd', 'type': 'Warning', 'message': '0/1 nodes are available: 1 Insufficient cpu.', 'dateevent': '2023-01-28 07:47:54+00:00'}
falha encontrada
WARNING:root:{'name': 'kube-znn-68bd9d6b5b-nxx88.173e6977b65b55b5', 'type': 'Warning', 'message': '0/1 nodes are available: 1 Insufficient cpu.', 'dateevent': '2023-01-28 07:47:54+00:00'}
falha encontrada
WARNING:root:{'name': 'kube-znn-7cbbf89f8-gqffz.173e6977b83348bd', 'type': 'Warning', 'message': '0/1 nodes are available: 1 Insufficient cpu.', 'dateevent': '2023-01-28 07:47:54+00:00'}
WARNING:root:{'name': 'kube-znn-7cbbf89f8-hbkkv.173e6975883c0ca7', 'type': 'Warning', 'message': '0/1 nodes are available: 1 Insufficient cpu.', 'dateevent': '2023-01-28 07:47:44+00:00'}
falha encontrada
falha encontrada
WARNING:root:{'name': 'kube-znn-7cbbf89f8-jxrkb.173e697593a22375', 'type': 'Warning', 'message': '0/1 nodes are available: 1 Insufficient cpu.', 'dateevent': '2023-01-28 07:47:45+00:00'}
falha encontrada
WARNING:root:{'name': 'kube-znn-68bd9d6b5b-pqb7z.173e6975c0cb4841', 'type': 'Warning', 'message': '0/1 nodes are available: 1 Insufficient cpu.', 'dateevent': '2023-01-28 07:47:45+00:00'}
falha encontrada
WARNING:root:{'name': 'kube-znn-68bd9d6b5b-bb8d9.173e6975c3de1adb', 'type': 'Warning', 'message': '0/1 nodes are available: 1 Insufficient cpu.', 'dateevent': '2023-01-28 07:47:45+00:00'}
falha encontrada
WARNING:root:{'name': 'kube-znn-68bd9d6b5b-lhp6c.173e6975c6aa00d8', 'type': 'Warning', 'message': '0/1 nodes are available: 1 Insufficient cpu.', 'dateevent': '2023-01-28 07:47:45+00:00'}
falha encontrada
WARNING:root:{'name': 'kube-znn-68bd9d6b5b-hqg67.173e6975cb0f6668', 'type': 'Warning', 'message': '0/1 nodes are available: 1 Insufficient cpu.', 'dateevent': '2023-01-28 07:47:46+00:00'}
falha encontrada
WARNING:root:{'name': 'kube-znn-68bd9d6b5b-nxx88.173e6977b65b55b5', 'type': 'Warning', 'message': '0/1 nodes are available: 1 Insufficient cpu.', 'dateevent': '2023-01-28 07:47:54+00:00'}
falha encontrada
WARNING:root:{'name': 'kube-znn-7cbbf89f8-gqffz.173e6977b83348bd', 'type': 'Warning', 'message': '0/1 nodes are available: 1 Insufficient cpu.', 'dateevent': '2023-01-28 07:47:54+00:00'}
WARNING:root:{'name': 'kube-znn-7cbbf89f8-d8gvt.173e697594f29260', 'type': 'Warning', 'message': '0/1 nodes are available: 1 Insufficient cpu.', 'dateevent': '2023-01-28 07:47:45+00:00'}
falha encontrada
falha encontrada
WARNING:root:{'name': 'kube-znn-7cbbf89f8-rgn4g.173e6975891083fa', 'type': 'Warning', 'message': '0/1 nodes are available: 1 Insufficient cpu.', 'dateevent': '2023-01-28 07:47:44+00:00'}
falha encontrada
WARNING:root:{'name': 'kube-znn-68bd9d6b5b-8vslx.173e6970b0c467a4', 'type': 'Warning', 'message': '0/1 nodes are available: 1 Insufficient cpu.', 'dateevent': '2023-01-28 07:47:24+00:00'}
falha encontrada
WARNING:root:{'name': 'kube-znn-68bd9d6b5b-lwxzb.173e6971dbc27315', 'type': 'Warning', 'message': '0/1 nodes are available: 1 Insufficient cpu.', 'dateevent': '2023-01-28 07:47:29+00:00'}
falha encontrada
WARNING:root:{'name': 'kube-znn-68bd9d6b5b-nxx88.173e6977b65b55b5', 'type': 'Warning', 'message': '0/1 nodes are available: 1 Insufficient cpu.', 'dateevent': '2023-01-28 07:47:54+00:00'}
WARNING:root:{'name': 'kube-znn-7cbbf89f8-hbkkv.173e6975883c0ca7', 'type': 'Warning', 'message': '0/1 nodes are available: 1 Insufficient cpu.', 'dateevent': '2023-01-28 07:47:44+00:00'}
falha encontrada
falha encontrada
WARNING:root:{'name': 'kube-znn-7cbbf89f8-jxrkb.173e697593a22375', 'type': 'Warning', 'message': '0/1 nodes are available: 1 Insufficient cpu.', 'dateevent': '2023-01-28 07:47:45+00:00'}
WARNING:root:{'name': 'kube-znn-68bd9d6b5b-pqb7z.173e6975c0cb4841', 'type': 'Warning', 'message': '0/1 nodes are available: 1 Insufficient cpu.', 'dateevent': '2023-01-28 07:47:45+00:00'}
falha encontrada
falha encontrada
WARNING:root:{'name': 'kube-znn-68bd9d6b5b-bb8d9.173e6975c3de1adb', 'type': 'Warning', 'message': '0/1 nodes are available: 1 Insufficient cpu.', 'dateevent': '2023-01-28 07:47:45+00:00'}
WARNING:root:{'name': 'kube-znn-68bd9d6b5b-hqg67.173e6975cb0f6668', 'type': 'Warning', 'message': '0/1 nodes are available: 1 Insufficient cpu.', 'dateevent': '2023-01-28 07:47:46+00:00'}
falha encontrada
falha encontrada
WARNING:root:{'name': 'kube-znn-68bd9d6b5b-lhp6c.173e6975c6aa00d8', 'type': 'Warning', 'message': '0/1 nodes are available: 1 Insufficient cpu.', 'dateevent': '2023-01-28 07:47:45+00:00'}
falha encontrada
WARNING:root:{'name': 'kube-znn-7cbbf89f8-d8gvt.173e697594f29260', 'type': 'Warning', 'message': '0/1 nodes are available: 1 Insufficient cpu.', 'dateevent': '2023-01-28 07:47:45+00:00'}
falha encontrada
WARNING:root:{'name': 'kube-znn-7cbbf89f8-rgn4g.173e6975891083fa', 'type': 'Warning', 'message': '0/1 nodes are available: 1 Insufficient cpu.', 'dateevent': '2023-01-28 07:47:44+00:00'}
falha encontrada
WARNING:root:{'name': 'kube-znn-68bd9d6b5b-lwxzb.173e6971dbc27315', 'type': 'Warning', 'message': '0/1 nodes are available: 1 Insufficient cpu.', 'dateevent': '2023-01-28 07:47:29+00:00'}
falha encontrada
WARNING:root:{'name': 'kube-znn-7cbbf89f8-qp7mf.173e697b07a6dae9', 'type': 'Warning', 'message': '0/1 nodes are available: 1 Insufficient cpu.', 'dateevent': '2023-01-28 07:48:08+00:00'}
falha encontrada
WARNING:root:{'name': 'kube-znn-7cbbf89f8-qp7mf.173e697b07a6dae9', 'type': 'Warning', 'message': '0/1 nodes are available: 1 Insufficient cpu.', 'dateevent': '2023-01-28 07:48:08+00:00'}
WARNING:root:{'name': 'kube-znn-7cbbf89f8-jxrkb.173e697593a22375', 'type': 'Warning', 'message': '0/1 nodes are available: 1 Insufficient cpu.', 'dateevent': '2023-01-28 07:47:45+00:00'}
falha encontrada
falha encontrada
WARNING:root:{'name': 'kube-znn-7cbbf89f8-hbkkv.173e6975883c0ca7', 'type': 'Warning', 'message': '0/1 nodes are available: 1 Insufficient cpu.', 'dateevent': '2023-01-28 07:47:44+00:00'}
falha encontrada
WARNING:root:{'name': 'kube-znn-68bd9d6b5b-pqb7z.173e6975c0cb4841', 'type': 'Warning', 'message': '0/1 nodes are available: 1 Insufficient cpu.', 'dateevent': '2023-01-28 07:47:45+00:00'}
falha encontrada
WARNING:root:{'name': 'kube-znn-68bd9d6b5b-hqg67.173e6975cb0f6668', 'type': 'Warning', 'message': '0/1 nodes are available: 1 Insufficient cpu.', 'dateevent': '2023-01-28 07:47:46+00:00'}
falha encontrada
WARNING:root:{'name': 'kube-znn-68bd9d6b5b-lhp6c.173e6975c6aa00d8', 'type': 'Warning', 'message': '0/1 nodes are available: 1 Insufficient cpu.', 'dateevent': '2023-01-28 07:47:45+00:00'}
falha encontrada
WARNING:root:{'name': 'kube-znn-7cbbf89f8-d8gvt.173e697594f29260', 'type': 'Warning', 'message': '0/1 nodes are available: 1 Insufficient cpu.', 'dateevent': '2023-01-28 07:47:45+00:00'}
falha encontrada
WARNING:root:{'name': 'kube-znn-7cbbf89f8-rgn4g.173e6975891083fa', 'type': 'Warning', 'message': '0/1 nodes are available: 1 Insufficient cpu.', 'dateevent': '2023-01-28 07:47:44+00:00'}
falha encontrada
WARNING:root:{'name': 'kube-znn-7995d9b499-cc7ds.173e697cf6d01232', 'type': 'Warning', 'message': '0/1 nodes are available: 1 Insufficient cpu.', 'dateevent': '2023-01-28 07:48:16+00:00'}
falha encontrada
WARNING:root:{'name': 'kube-znn-7995d9b499-gcb5l.173e697cfb3cd43a', 'type': 'Warning', 'message': '0/1 nodes are available: 1 Insufficient cpu.', 'dateevent': '2023-01-28 07:48:16+00:00'}
falha encontrada
WARNING:root:{'name': 'kube-znn-7995d9b499-gbfvn.173e697cfd5443b5', 'type': 'Warning', 'message': '0/1 nodes are available: 1 Insufficient cpu.', 'dateevent': '2023-01-28 07:48:16+00:00'}
falha encontrada
WARNING:root:{'name': 'kube-znn-7995d9b499-pr7lh.173e697cfeda558b', 'type': 'Warning', 'message': '0/1 nodes are available: 1 Insufficient cpu.', 'dateevent': '2023-01-28 07:48:17+00:00'}
falha encontrada
WARNING:root:{'name': 'kube-znn-7995d9b499-2q869.173e697d00539fa9', 'type': 'Warning', 'message': '0/1 nodes are available: 1 Insufficient cpu.', 'dateevent': '2023-01-28 07:48:17+00:00'}
falha encontrada
WARNING:root:{'name': 'kube-znn-7995d9b499-gcb5l.173e697cfb3cd43a', 'type': 'Warning', 'message': '0/1 nodes are available: 1 Insufficient cpu.', 'dateevent': '2023-01-28 07:48:16+00:00'}
falha encontrada
WARNING:root:{'name': 'kube-znn-6b7655774-r55hc.173e697d09787247', 'type': 'Warning', 'message': '0/1 nodes are available: 1 Insufficient cpu.', 'dateevent': '2023-01-28 07:48:17+00:00'}
falha encontrada
WARNING:root:{'name': 'kube-znn-6b7655774-r55hc.173e697d09787247', 'type': 'Warning', 'message': '0/1 nodes are available: 1 Insufficient cpu.', 'dateevent': '2023-01-28 07:48:17+00:00'}
falha encontrada
WARNING:root:{'name': 'kube-znn-6b7655774-b97rr.173e697d1115dd44', 'type': 'Warning', 'message': '0/1 nodes are available: 1 Insufficient cpu.', 'dateevent': '2023-01-28 07:48:17+00:00'}
falha encontrada
WARNING:root:{'name': 'kube-znn-6b7655774-vjpjf.173e697d13e3907e', 'type': 'Warning', 'message': '0/1 nodes are available: 1 Insufficient cpu.', 'dateevent': '2023-01-28 07:48:17+00:00'}
falha encontrada
WARNING:root:{'name': 'kube-znn-6b7655774-5cv75.173e697d1fd529a2', 'type': 'Warning', 'message': '0/1 nodes are available: 1 Insufficient cpu.', 'dateevent': '2023-01-28 07:48:17+00:00'}
falha encontrada
WARNING:root:{'name': 'kube-znn-6b7655774-qsnbg.173e697d23346899', 'type': 'Warning', 'message': '0/1 nodes are available: 1 Insufficient cpu.', 'dateevent': '2023-01-28 07:48:17+00:00'}
WARNING:root:{'name': 'kube-znn-6b7655774-qsnbg.173e697d23346899', 'type': 'Warning', 'message': '0/1 nodes are available: 1 Insufficient cpu.', 'dateevent': '2023-01-28 07:48:17+00:00'}
falha encontrada
falha encontrada
WARNING:root:{'name': 'kube-znn-7995d9b499-6skdb.173e697dd0e45d92', 'type': 'Warning', 'message': '0/1 nodes are available: 1 Insufficient cpu.', 'dateevent': '2023-01-28 07:48:20+00:00'}
falha encontrada
WARNING:root:{'name': 'kube-znn-7995d9b499-6skdb.173e697dd0e45d92', 'type': 'Warning', 'message': '0/1 nodes are available: 1 Insufficient cpu.', 'dateevent': '2023-01-28 07:48:20+00:00'}
falha encontrada
WARNING:root:{'name': 'kube-znn-6b7655774-jbnkb.173e697dde3a170f', 'type': 'Warning', 'message': '0/1 nodes are available: 1 Insufficient cpu.', 'dateevent': '2023-01-28 07:48:20+00:00'}
falha encontrada
WARNING:root:{'name': 'kube-znn-6b7655774-jbnkb.173e697dde3a170f', 'type': 'Warning', 'message': '0/1 nodes are available: 1 Insufficient cpu.', 'dateevent': '2023-01-28 07:48:20+00:00'}
falha encontrada
WARNING:root:{'name': 'kube-znn-7995d9b499-2q869.173e697d00539fa9', 'type': 'Warning', 'message': '0/1 nodes are available: 1 Insufficient cpu.', 'dateevent': '2023-01-28 07:48:17+00:00'}
falha encontrada
WARNING:root:{'name': 'kube-znn-6b7655774-5cv75.173e697d1fd529a2', 'type': 'Warning', 'message': '0/1 nodes are available: 1 Insufficient cpu.', 'dateevent': '2023-01-28 07:48:17+00:00'}
falha encontrada
WARNING:root:{'name': 'kube-znn-6b7655774-qsnbg.173e697d23346899', 'type': 'Warning', 'message': '0/1 nodes are available: 1 Insufficient cpu.', 'dateevent': '2023-01-28 07:48:17+00:00'}
falha encontrada
WARNING:root:{'name': 'kube-znn-6b7655774-qsnbg.173e697d23346899', 'type': 'Warning', 'message': '0/1 nodes are available: 1 Insufficient cpu.', 'dateevent': '2023-01-28 07:48:17+00:00'}
falha encontrada
WARNING:root:{'name': 'kube-znn-6b7655774-5cv75.173e697d1fd529a2', 'type': 'Warning', 'message': '0/1 nodes are available: 1 Insufficient cpu.', 'dateevent': '2023-01-28 07:48:17+00:00'}
falha encontrada
WARNING:root:{'name': 'kube-znn-6b7655774-qsnbg.173e697d23346899', 'type': 'Warning', 'message': '0/1 nodes are available: 1 Insufficient cpu.', 'dateevent': '2023-01-28 07:48:17+00:00'}
falha encontrada
WARNING:root:{'name': 'kube-znn-6b7655774-qsnbg.173e697d23346899', 'type': 'Warning', 'message': '0/1 nodes are available: 1 Insufficient cpu.', 'dateevent': '2023-01-28 07:48:17+00:00'}
falha encontrada
WARNING:root:{'name': 'kube-znn-6b7655774-xnwgf.173e6984835c10d7', 'type': 'Warning', 'message': '0/1 nodes are available: 1 Insufficient cpu.', 'dateevent': '2023-01-28 07:48:49+00:00'}
falha encontrada
WARNING:root:{'name': 'kube-znn-6b7655774-xnwgf.173e6984835c10d7', 'type': 'Warning', 'message': '0/1 nodes are available: 1 Insufficient cpu.', 'dateevent': '2023-01-28 07:48:49+00:00'}
WARNING:root:{'name': 'kube-znn-6b7655774-xnwgf.173e6984835c10d7', 'type': 'Warning', 'message': '0/1 nodes are available: 1 Insufficient cpu.', 'dateevent': '2023-01-28 07:48:49+00:00'}
falha encontrada
falha encontrada
WARNING:root:{'name': 'kube-znn-6b7655774-xnwgf.173e6984835c10d7', 'type': 'Warning', 'message': '0/1 nodes are available: 1 Insufficient cpu.', 'dateevent': '2023-01-28 07:48:49+00:00'}
falha encontrada
WARNING:root:{'name': 'kube-znn-6b7655774-d8rh4.173e6988c57c68fa', 'type': 'Warning', 'message': '0/1 nodes are available: 1 Insufficient cpu.', 'dateevent': '2023-01-28 07:49:07+00:00'}
falha encontrada
WARNING:root:{'name': 'kube-znn-6b7655774-d8rh4.173e6988c57c68fa', 'type': 'Warning', 'message': '0/1 nodes are available: 1 Insufficient cpu.', 'dateevent': '2023-01-28 07:49:07+00:00'}
falha encontrada
WARNING:root:{'name': 'kube-znn-6b7655774-d8rh4.173e6988c57c68fa', 'type': 'Warning', 'message': '0/1 nodes are available: 1 Insufficient cpu.', 'dateevent': '2023-01-28 07:49:07+00:00'}
falha encontrada
WARNING:root:{'name': 'kube-znn-6b7655774-d8rh4.173e6988c57c68fa', 'type': 'Warning', 'message': '0/1 nodes are available: 1 Insufficient cpu.', 'dateevent': '2023-01-28 07:49:07+00:00'}
falha encontrada
WARNING:root:{'name': 'kube-znn-7995d9b499-pvczq.173e698bc70d7052', 'type': 'Warning', 'message': '0/1 nodes are available: 1 Insufficient cpu.', 'dateevent': '2023-01-28 07:49:20+00:00'}
falha encontrada
WARNING:root:{'name': 'kube-znn-7995d9b499-bt89j.173e698bc850e0e2', 'type': 'Warning', 'message': '0/1 nodes are available: 1 Insufficient cpu.', 'dateevent': '2023-01-28 07:49:20+00:00'}
falha encontrada
WARNING:root:{'name': 'kube-znn-86cccc748b-kzq2w.173e698bd0b77b12', 'type': 'Warning', 'message': '0/1 nodes are available: 1 Insufficient cpu.', 'dateevent': '2023-01-28 07:49:20+00:00'}
falha encontrada
WARNING:root:{'name': 'kube-znn-86cccc748b-kzq2w.173e698bd0b77b12', 'type': 'Warning', 'message': '0/1 nodes are available: 1 Insufficient cpu.', 'dateevent': '2023-01-28 07:49:20+00:00'}
falha encontrada
WARNING:root:{'name': 'kube-znn-86cccc748b-tmxkh.173e698bd3a19dd5', 'type': 'Warning', 'message': '0/1 nodes are available: 1 Insufficient cpu.', 'dateevent': '2023-01-28 07:49:20+00:00'}
falha encontrada
WARNING:root:{'name': 'kube-znn-7995d9b499-75tgw.173e698cf04801a5', 'type': 'Warning', 'message': '0/1 nodes are available: 1 Insufficient cpu.', 'dateevent': '2023-01-28 07:49:25+00:00'}
falha encontrada
WARNING:root:{'name': 'kube-znn-7995d9b499-cpgrr.173e698cf29cd21a', 'type': 'Warning', 'message': '0/1 nodes are available: 1 Insufficient cpu.', 'dateevent': '2023-01-28 07:49:25+00:00'}
falha encontrada
WARNING:root:{'name': 'kube-znn-7995d9b499-cpgrr.173e698cf29cd21a', 'type': 'Warning', 'message': '0/1 nodes are available: 1 Insufficient cpu.', 'dateevent': '2023-01-28 07:49:25+00:00'}
falha encontrada
WARNING:root:{'name': 'kube-znn-86cccc748b-rfz6c.173e698cf77a8630', 'type': 'Warning', 'message': '0/1 nodes are available: 1 Insufficient cpu.', 'dateevent': '2023-01-28 07:49:25+00:00'}
falha encontrada
WARNING:root:{'name': 'kube-znn-86cccc748b-n8dns.173e698cf895bfd6', 'type': 'Warning', 'message': '0/1 nodes are available: 1 Insufficient cpu.', 'dateevent': '2023-01-28 07:49:25+00:00'}
falha encontrada
WARNING:root:{'name': 'kube-znn-86cccc748b-n8dns.173e698cf895bfd6', 'type': 'Warning', 'message': '0/1 nodes are available: 1 Insufficient cpu.', 'dateevent': '2023-01-28 07:49:25+00:00'}
falha encontrada
WARNING:root:{'name': 'kube-znn-86cccc748b-n8dns.173e698cf895bfd6', 'type': 'Warning', 'message': '0/1 nodes are available: 1 Insufficient cpu.', 'dateevent': '2023-01-28 07:49:25+00:00'}
falha encontrada
WARNING:root:{'name': 'kube-znn-86cccc748b-n8dns.173e698cf895bfd6', 'type': 'Warning', 'message': '0/1 nodes are available: 1 Insufficient cpu.', 'dateevent': '2023-01-28 07:49:25+00:00'}
falha encontrada
WARNING:root:{'name': 'kube-znn-86cccc748b-k92t8.173e6993666ccb5c', 'type': 'Warning', 'message': '0/1 nodes are available: 1 Insufficient cpu.', 'dateevent': '2023-01-28 07:49:53+00:00'}
falha encontrada
WARNING:root:{'name': 'kube-znn-7995d9b499-twgb4.173e699513f23c63', 'type': 'Warning', 'message': '0/1 nodes are available: 1 Insufficient cpu.', 'dateevent': '2023-01-28 07:50:00+00:00'}
WARNING:root:{'name': 'kube-znn-7995d9b499-twgb4.173e699513f23c63', 'type': 'Warning', 'message': '0/1 nodes are available: 1 Insufficient cpu.', 'dateevent': '2023-01-28 07:50:00+00:00'}
falha encontrada
WARNING:root:{'name': 'kube-znn-7995d9b499-pb9sc.173e699515fa3088', 'type': 'Warning', 'message': '0/1 nodes are available: 1 Insufficient cpu.', 'dateevent': '2023-01-28 07:50:00+00:00'}
falha encontrada
WARNING:root:{'name': 'kube-znn-7995d9b499-pb9sc.173e699515fa3088', 'type': 'Warning', 'message': '0/1 nodes are available: 1 Insufficient cpu.', 'dateevent': '2023-01-28 07:50:00+00:00'}
falha encontrada
falha encontrada
WARNING:root:{'name': 'kube-znn-86cccc748b-cv9q7.173e69951ecefa0d', 'type': 'Warning', 'message': '0/1 nodes are available: 1 Insufficient cpu.', 'dateevent': '2023-01-28 07:50:00+00:00'}
falha encontrada
WARNING:root:{'name': 'kube-znn-86cccc748b-cv9q7.173e69951ecefa0d', 'type': 'Warning', 'message': '0/1 nodes are available: 1 Insufficient cpu.', 'dateevent': '2023-01-28 07:50:00+00:00'}
falha encontrada
WARNING:root:{'name': 'kube-znn-86cccc748b-cgvmc.173e6995210f71b0', 'type': 'Warning', 'message': '0/1 nodes are available: 1 Insufficient cpu.', 'dateevent': '2023-01-28 07:50:00+00:00'}
falha encontrada
WARNING:root:{'name': 'kube-znn-86cccc748b-cgvmc.173e6995210f71b0', 'type': 'Warning', 'message': '0/1 nodes are available: 1 Insufficient cpu.', 'dateevent': '2023-01-28 07:50:00+00:00'}
falha encontrada
WARNING:root:{'name': 'kube-znn-7995d9b499-vbc46.173e69963fbedf7e', 'type': 'Warning', 'message': '0/1 nodes are available: 1 Insufficient cpu.', 'dateevent': '2023-01-28 07:50:05+00:00'}
falha encontrada
WARNING:root:{'name': 'kube-znn-7995d9b499-hz7vh.173e699642e06f7a', 'type': 'Warning', 'message': '0/1 nodes are available: 1 Insufficient cpu.', 'dateevent': '2023-01-28 07:50:05+00:00'}
WARNING:root:{'name': 'kube-znn-7995d9b499-hz7vh.173e699642e06f7a', 'type': 'Warning', 'message': '0/1 nodes are available: 1 Insufficient cpu.', 'dateevent': '2023-01-28 07:50:05+00:00'}
falha encontrada
falha encontrada
WARNING:root:{'name': 'kube-znn-86cccc748b-dgg69.173e699649f95630', 'type': 'Warning', 'message': '0/1 nodes are available: 1 Insufficient cpu.', 'dateevent': '2023-01-28 07:50:05+00:00'}
falha encontrada
WARNING:root:{'name': 'kube-znn-86cccc748b-dgg69.173e699649f95630', 'type': 'Warning', 'message': '0/1 nodes are available: 1 Insufficient cpu.', 'dateevent': '2023-01-28 07:50:05+00:00'}
falha encontrada
WARNING:root:{'name': 'kube-znn-86cccc748b-77h6b.173e69964d605c05', 'type': 'Warning', 'message': '0/1 nodes are available: 1 Insufficient cpu.', 'dateevent': '2023-01-28 07:50:05+00:00'}
falha encontrada
WARNING:root:{'name': 'kube-znn-86cccc748b-77h6b.173e69964d605c05', 'type': 'Warning', 'message': '0/1 nodes are available: 1 Insufficient cpu.', 'dateevent': '2023-01-28 07:50:05+00:00'}
falha encontrada
WARNING:root:{'name': 'kube-znn-86cccc748b-77h6b.173e69964d605c05', 'type': 'Warning', 'message': '0/1 nodes are available: 1 Insufficient cpu.', 'dateevent': '2023-01-28 07:50:05+00:00'}
WARNING:root:{'name': 'kube-znn-86cccc748b-gmr9n.173e69992b88f503', 'type': 'Warning', 'message': '0/1 nodes are available: 1 Insufficient cpu.', 'dateevent': '2023-01-28 07:50:18+00:00'}
falha encontrada
falha encontrada
WARNING:root:{'name': 'kube-znn-86cccc748b-gmr9n.173e69992b88f503', 'type': 'Warning', 'message': '0/1 nodes are available: 1 Insufficient cpu.', 'dateevent': '2023-01-28 07:50:18+00:00'}
falha encontrada
WARNING:root:{'name': 'kube-znn-86cccc748b-gmr9n.173e69992b88f503', 'type': 'Warning', 'message': '0/1 nodes are available: 1 Insufficient cpu.', 'dateevent': '2023-01-28 07:50:18+00:00'}
falha encontrada
WARNING:root:{'name': 'kube-znn-86cccc748b-gmr9n.173e69992b88f503', 'type': 'Warning', 'message': '0/1 nodes are available: 1 Insufficient cpu.', 'dateevent': '2023-01-28 07:50:18+00:00'}
falha encontrada
WARNING:root:{'name': 'kube-znn-7995d9b499-xc4kv.173e699e61dfafad', 'type': 'Warning', 'message': '0/1 nodes are available: 1 Insufficient cpu.', 'dateevent': '2023-01-28 07:50:40+00:00'}
WARNING:root:{'name': 'kube-znn-7995d9b499-xc4kv.173e699e61dfafad', 'type': 'Warning', 'message': '0/1 nodes are available: 1 Insufficient cpu.', 'dateevent': '2023-01-28 07:50:40+00:00'}
falha encontrada
falha encontrada
WARNING:root:{'name': 'kube-znn-7995d9b499-2w6pd.173e699e6912a29e', 'type': 'Warning', 'message': '0/1 nodes are available: 1 Insufficient cpu.', 'dateevent': '2023-01-28 07:50:40+00:00'}
falha encontrada
WARNING:root:{'name': 'kube-znn-86cccc748b-5s5vh.173e699e700ca959', 'type': 'Warning', 'message': '0/1 nodes are available: 1 Insufficient cpu.', 'dateevent': '2023-01-28 07:50:40+00:00'}
WARNING:root:{'name': 'kube-znn-86cccc748b-5s5vh.173e699e700ca959', 'type': 'Warning', 'message': '0/1 nodes are available: 1 Insufficient cpu.', 'dateevent': '2023-01-28 07:50:40+00:00'}
falha encontrada
falha encontrada
WARNING:root:{'name': 'kube-znn-7995d9b499-j2xl7.173e699f8b282475', 'type': 'Warning', 'message': '0/1 nodes are available: 1 Insufficient cpu.', 'dateevent': '2023-01-28 07:50:45+00:00'}
falha encontrada
WARNING:root:{'name': 'kube-znn-7995d9b499-j2xl7.173e699f8b282475', 'type': 'Warning', 'message': '0/1 nodes are available: 1 Insufficient cpu.', 'dateevent': '2023-01-28 07:50:45+00:00'}
falha encontrada
WARNING:root:{'name': 'kube-znn-7995d9b499-4pvbv.173e699f8e4b4732', 'type': 'Warning', 'message': '0/1 nodes are available: 1 Insufficient cpu.', 'dateevent': '2023-01-28 07:50:45+00:00'}
falha encontrada
WARNING:root:{'name': 'kube-znn-7995d9b499-4pvbv.173e699f8e4b4732', 'type': 'Warning', 'message': '0/1 nodes are available: 1 Insufficient cpu.', 'dateevent': '2023-01-28 07:50:45+00:00'}
falha encontrada
WARNING:root:{'name': 'kube-znn-86cccc748b-mzzcw.173e699f94c6a794', 'type': 'Warning', 'message': '0/1 nodes are available: 1 Insufficient cpu.', 'dateevent': '2023-01-28 07:50:45+00:00'}
falha encontrada
WARNING:root:{'name': 'kube-znn-86cccc748b-mzzcw.173e699f94c6a794', 'type': 'Warning', 'message': '0/1 nodes are available: 1 Insufficient cpu.', 'dateevent': '2023-01-28 07:50:45+00:00'}
WARNING:root:{'name': 'kube-znn-86cccc748b-x5262.173e69a7792dd57a', 'type': 'Warning', 'message': '0/1 nodes are available: 1 Insufficient cpu.', 'dateevent': '2023-01-28 07:51:19+00:00'}
falha encontrada
falha encontrada
WARNING:root:{'name': 'kube-znn-86cccc748b-l9v6q.173e69a77b02c8ad', 'type': 'Warning', 'message': '0/1 nodes are available: 1 Insufficient cpu.', 'dateevent': '2023-01-28 07:51:19+00:00'}
WARNING:root:{'name': 'kube-znn-86cccc748b-6gnzm.173e69a77e90c594', 'type': 'Warning', 'message': '0/1 nodes are available: 1 Insufficient cpu.', 'dateevent': '2023-01-28 07:51:19+00:00'}
falha encontrada
falha encontrada
WARNING:root:{'name': 'kube-znn-86cccc748b-x5262.173e69a7792dd57a', 'type': 'Warning', 'message': '0/1 nodes are available: 1 Insufficient cpu.', 'dateevent': '2023-01-28 07:51:19+00:00'}
falha encontrada
WARNING:root:{'name': 'kube-znn-86cccc748b-fbxjs.173e69a7832c8c71', 'type': 'Warning', 'message': '0/1 nodes are available: 1 Insufficient cpu.', 'dateevent': '2023-01-28 07:51:19+00:00'}
falha encontrada
WARNING:root:{'name': 'kube-znn-86cccc748b-l9v6q.173e69a77b02c8ad', 'type': 'Warning', 'message': '0/1 nodes are available: 1 Insufficient cpu.', 'dateevent': '2023-01-28 07:51:19+00:00'}
falha encontrada
WARNING:root:{'name': 'kube-znn-86cccc748b-6gnzm.173e69a77e90c594', 'type': 'Warning', 'message': '0/1 nodes are available: 1 Insufficient cpu.', 'dateevent': '2023-01-28 07:51:19+00:00'}
falha encontrada
WARNING:root:{'name': 'kube-znn-86cccc748b-fbxjs.173e69a7832c8c71', 'type': 'Warning', 'message': '0/1 nodes are available: 1 Insufficient cpu.', 'dateevent': '2023-01-28 07:51:19+00:00'}
falha encontrada
WARNING:root:{'name': 'kube-znn-86cccc748b-x5262.173e69a7792dd57a', 'type': 'Warning', 'message': '0/1 nodes are available: 1 Insufficient cpu.', 'dateevent': '2023-01-28 07:51:19+00:00'}
falha encontrada
WARNING:root:{'name': 'kube-znn-86cccc748b-l9v6q.173e69a77b02c8ad', 'type': 'Warning', 'message': '0/1 nodes are available: 1 Insufficient cpu.', 'dateevent': '2023-01-28 07:51:19+00:00'}
falha encontrada
WARNING:root:{'name': 'kube-znn-86cccc748b-6gnzm.173e69a77e90c594', 'type': 'Warning', 'message': '0/1 nodes are available: 1 Insufficient cpu.', 'dateevent': '2023-01-28 07:51:19+00:00'}
falha encontrada
WARNING:root:{'name': 'kube-znn-86cccc748b-fbxjs.173e69a7832c8c71', 'type': 'Warning', 'message': '0/1 nodes are available: 1 Insufficient cpu.', 'dateevent': '2023-01-28 07:51:19+00:00'}
falha encontrada
WARNING:root:{'name': 'kube-znn-86cccc748b-x5262.173e69a7792dd57a', 'type': 'Warning', 'message': '0/1 nodes are available: 1 Insufficient cpu.', 'dateevent': '2023-01-28 07:51:19+00:00'}
falha encontrada
WARNING:root:{'name': 'kube-znn-86cccc748b-7lkt8.173e69af974fa9c5', 'type': 'Warning', 'message': '0/1 nodes are available: 1 Insufficient cpu.', 'dateevent': '2023-01-28 07:51:54+00:00'}
falha encontrada
WARNING:root:{'name': 'kube-znn-86cccc748b-7lkt8.173e69af974fa9c5', 'type': 'Warning', 'message': '0/1 nodes are available: 1 Insufficient cpu.', 'dateevent': '2023-01-28 07:51:54+00:00'}
falha encontrada
WARNING:root:{'name': 'kube-znn-86cccc748b-vqsvc.173e69b19ca1479c', 'type': 'Warning', 'message': '0/1 nodes are available: 1 Insufficient cpu.', 'dateevent': '2023-01-28 07:52:02+00:00'}
falha encontrada
WARNING:root:{'name': 'kube-znn-86cccc748b-vqsvc.173e69b19ca1479c', 'type': 'Warning', 'message': '0/1 nodes are available: 1 Insufficient cpu.', 'dateevent': '2023-01-28 07:52:02+00:00'}
falha encontrada
WARNING:root:{'name': 'kube-znn-86cccc748b-7lkt8.173e69af974fa9c5', 'type': 'Warning', 'message': '0/1 nodes are available: 1 Insufficient cpu.', 'dateevent': '2023-01-28 07:51:54+00:00'}
falha encontrada
WARNING:root:{'name': 'kube-znn-86cccc748b-vqsvc.173e69b19ca1479c', 'type': 'Warning', 'message': '0/1 nodes are available: 1 Insufficient cpu.', 'dateevent': '2023-01-28 07:52:02+00:00'}
