Reading file: automatingDataGeneration.sh
Reading file: Evaluation-ZNN.7z
Reading file: failuremonitor-747764f996-k6w5j_tracing_20230128_044711.log
Reading file: fidelitya-778c6c6b8b-t2rl5_tracing_20230128_044711.log

fidelitya data

Reading file: generateLogs010303
Reading file: generateLogs011848
Reading file: generateLogs013516
Reading file: generateLogs015211
Reading file: generateLogs021333
Reading file: generateLogs022946
Reading file: generateLogs034502
Reading file: generateLogs040003
Reading file: generateLogs041638
Reading file: generateLogs043804
Reading file: generateLogs171220
Reading file: generateLogs172658
Reading file: generateLogs174232
Reading file: generateLogs175703
Reading file: generateLogs181216
Reading file: generateLogs182733
Reading file: generateLogs184131
Reading file: generateLogs185550
Reading file: generateLogs190935
Reading file: generateLogs193004
Reading file: generateLogs194516
Reading file: generateLogs2.sh
Reading file: generateLogs200355
Reading file: generateLogs202827
Reading file: generateLogs205357
Reading file: generateLogs211928
Reading file: generateLogs214056
Reading file: generateLogs221057
Reading file: generateLogs224228
Reading file: generateLogs230828
Reading file: generateLogs233838
Reading file: generateLogs235802
Reading file: k6-5dmng_tracing_20230128_044711.log
Reading file: metacontroller-kubow-8479d7588d-78hvr_tracing_20230128_044711.log

MetaController data

2023-01-28 07:47:44 : t0:activateLowScalabilityHighQuality

2023-01-28 07:47:53 : t0:addLowScalabilityLowQuality

2023-01-28 07:51:18 : t0:addHighScalabilityHighQuality

Reading file: nginx-ingress-7f5885d87c-dk6tg_tracing_20230128_044711.log
Reading file: README.md
Reading file: scalabilitya-78d6cbbc7d-88lpl_tracing_20230128_044711.log

scalabilitya data

2023-01-28 07:51:52 : t0:addReplica

2023-01-28 07:52:02 : t0:addReplica

2023-01-28 07:52:32 : t0:removeReplica

2023-01-28 07:53:02 : t0:removeReplica

2023-01-28 07:53:32 : t0:removeReplica

Reading file: summary-trace-znn.log
Reading file: temp
Reading file: temp2701
Reading file: test
Reading file: tools
Reading file: traceznn_20230128_044711.log

Trace znn data

{'name': 'kube-znn-db.173e6926acf8e019', 'type': 'Normal', 'message': 'Scaled up replica set kube-znn-db-6cc48797cf to 1', 'dateevent': '2023-01-28 07:42:06+00:00', 'image': 'cmendes/znn:800k', 'replicas': 4, 'imageChanges': 0, 'replicasChanges': 1}

{'name': 'kube-znn.173e6926ab833aae', 'type': 'Normal', 'message': 'Scaled up replica set kube-znn-68bd9d6b5b to 1', 'dateevent': '2023-01-28 07:42:06+00:00', 'image': 'cmendes/znn:800k', 'replicas': 4, 'imageChanges': 0, 'replicasChanges': 1}

{'name': 'kube-znn.173e696b3af0d596', 'type': 'Normal', 'message': 'Scaled up replica set kube-znn-68bd9d6b5b to 2', 'dateevent': '2023-01-28 07:47:00+00:00', 'image': 'cmendes/znn:800k', 'replicas': 4, 'imageChanges': 0, 'replicasChanges': 1}

{'name': 'kube-znn.173e696c10c56276', 'type': 'Normal', 'message': 'Scaled up replica set kube-znn-68bd9d6b5b to 3', 'dateevent': '2023-01-28 07:47:04+00:00', 'image': 'cmendes/znn:800k', 'replicas': 4, 'imageChanges': 0, 'replicasChanges': 1}

{'name': 'kube-znn.173e696d3626ecdf', 'type': 'Normal', 'message': 'Scaled up replica set kube-znn-68bd9d6b5b to 4', 'dateevent': '2023-01-28 07:47:09+00:00', 'image': 'cmendes/znn:800k', 'replicas': 4, 'imageChanges': 0, 'replicasChanges': 1}

{'name': 'kube-znn.173e696e5ea2ab2b', 'type': 'Normal', 'message': 'Scaled up replica set kube-znn-68bd9d6b5b to 5', 'dateevent': '2023-01-28 07:47:14+00:00', 'image': 'cmendes/znn:800k', 'replicas': 5, 'imageChanges': 0, 'replicasChanges': 2}

{'name': 'kube-znn.173e696f87dae86f', 'type': 'Normal', 'message': 'Scaled up replica set kube-znn-68bd9d6b5b to 6', 'dateevent': '2023-01-28 07:47:19+00:00', 'image': 'cmendes/znn:800k', 'replicas': 6, 'imageChanges': 0, 'replicasChanges': 3}

{'name': 'kube-znn.173e6970afc07c94', 'type': 'Normal', 'message': 'Scaled up replica set kube-znn-68bd9d6b5b to 7', 'dateevent': '2023-01-28 07:47:24+00:00', 'image': 'cmendes/znn:800k', 'replicas': 7, 'imageChanges': 0, 'replicasChanges': 4}

{'name': 'kube-znn.173e6971db52737d', 'type': 'Normal', 'message': 'Scaled up replica set kube-znn-68bd9d6b5b to 8', 'dateevent': '2023-01-28 07:47:29+00:00', 'image': 'cmendes/znn:800k', 'replicas': 8, 'imageChanges': 0, 'replicasChanges': 5}

{'name': 'kube-znn.173e697306eeb1b9', 'type': 'Normal', 'message': 'Scaled up replica set kube-znn-68bd9d6b5b to 9', 'dateevent': '2023-01-28 07:47:34+00:00', 'image': 'cmendes/znn:800k', 'replicas': 9, 'imageChanges': 0, 'replicasChanges': 6}

{'name': 'kube-znn.173e69743088c999', 'type': 'Normal', 'message': '(combined from similar events): Scaled up replica set kube-znn-68bd9d6b5b to 10', 'dateevent': '2023-01-28 07:47:39+00:00', 'image': 'cmendes/znn:800k', 'replicas': 10, 'imageChanges': 0, 'replicasChanges': 7}

{'name': 'kube-znn.173e69743088c999', 'type': 'Normal', 'message': '(combined from similar events): Scaled up replica set kube-znn-7cbbf89f8 to 3', 'dateevent': '2023-01-28 07:47:39+00:00', 'image': 'cmendes/znn:600k', 'replicas': 10, 'imageChanges': 1, 'replicasChanges': 7}

{'name': 'kube-znn.173e69743088c999', 'type': 'Normal', 'message': '(combined from similar events): Scaled down replica set kube-znn-68bd9d6b5b to 8', 'dateevent': '2023-01-28 07:47:39+00:00', 'image': 'cmendes/znn:600k', 'replicas': 10, 'imageChanges': 1, 'replicasChanges': 7}

{'name': 'kube-znn.173e69743088c999', 'type': 'Normal', 'message': '(combined from similar events): Scaled up replica set kube-znn-7cbbf89f8 to 5', 'dateevent': '2023-01-28 07:47:39+00:00', 'image': 'cmendes/znn:600k', 'replicas': 10, 'imageChanges': 1, 'replicasChanges': 7}

{'name': 'kube-znn.173e69743088c999', 'type': 'Normal', 'message': '(combined from similar events): Scaled down replica set kube-znn-68bd9d6b5b to 7', 'dateevent': '2023-01-28 07:47:39+00:00', 'image': 'cmendes/znn:600k', 'replicas': 10, 'imageChanges': 1, 'replicasChanges': 7}

{'name': 'kube-znn.173e69743088c999', 'type': 'Normal', 'message': '(combined from similar events): Scaled up replica set kube-znn-7cbbf89f8 to 6', 'dateevent': '2023-01-28 07:47:39+00:00', 'image': 'cmendes/znn:600k', 'replicas': 10, 'imageChanges': 1, 'replicasChanges': 7}

{'name': 'kube-znn.173e69743088c999', 'type': 'Normal', 'message': '(combined from similar events): Scaled down replica set kube-znn-68bd9d6b5b to 3', 'dateevent': '2023-01-28 07:47:39+00:00', 'image': 'cmendes/znn:100k', 'replicas': 10, 'imageChanges': 2, 'replicasChanges': 7}

{'name': 'kube-znn.173e69743088c999', 'type': 'Normal', 'message': '(combined from similar events): Scaled down replica set kube-znn-7cbbf89f8 to 5', 'dateevent': '2023-01-28 07:47:39+00:00', 'image': 'cmendes/znn:100k', 'replicas': 10, 'imageChanges': 2, 'replicasChanges': 7}

{'name': 'kube-znn.173e69743088c999', 'type': 'Normal', 'message': '(combined from similar events): Scaled up replica set kube-znn-7995d9b499 to 5', 'dateevent': '2023-01-28 07:47:39+00:00', 'image': 'cmendes/znn:100k', 'replicas': 10, 'imageChanges': 2, 'replicasChanges': 7}

{'name': 'kube-znn.173e69743088c999', 'type': 'Normal', 'message': '(combined from similar events): Scaled down replica set kube-znn-7cbbf89f8 to 1', 'dateevent': '2023-01-28 07:47:39+00:00', 'image': 'cmendes/znn:20k', 'replicas': 10, 'imageChanges': 3, 'replicasChanges': 7}

{'name': 'kube-znn.173e69743088c999', 'type': 'Normal', 'message': '(combined from similar events): Scaled down replica set kube-znn-7995d9b499 to 4', 'dateevent': '2023-01-28 07:47:39+00:00', 'image': 'cmendes/znn:20k', 'replicas': 10, 'imageChanges': 3, 'replicasChanges': 7}

{'name': 'kube-znn.173e69743088c999', 'type': 'Normal', 'message': '(combined from similar events): Scaled up replica set kube-znn-6b7655774 to 5', 'dateevent': '2023-01-28 07:47:39+00:00', 'image': 'cmendes/znn:20k', 'replicas': 10, 'imageChanges': 3, 'replicasChanges': 7}

{'name': 'kube-znn.173e69743088c999', 'type': 'Normal', 'message': '(combined from similar events): Scaled down replica set kube-znn-6b7655774 to 4', 'dateevent': '2023-01-28 07:47:39+00:00', 'image': 'cmendes/znn:100k', 'replicas': 10, 'imageChanges': 4, 'replicasChanges': 7}

{'name': 'kube-znn.173e69743088c999', 'type': 'Normal', 'message': '(combined from similar events): Scaled up replica set kube-znn-7995d9b499 to 5', 'dateevent': '2023-01-28 07:47:39+00:00', 'image': 'cmendes/znn:100k', 'replicas': 10, 'imageChanges': 4, 'replicasChanges': 7}

{'name': 'kube-znn.173e697ddc0867dd', 'type': 'Normal', 'message': 'Scaled down replica set kube-znn-7995d9b499 to 4', 'dateevent': '2023-01-28 07:48:20+00:00', 'image': 'cmendes/znn:20k', 'replicas': 10, 'imageChanges': 5, 'replicasChanges': 7}

{'name': 'kube-znn.173e697ddd5c8410', 'type': 'Normal', 'message': 'Scaled up replica set kube-znn-6b7655774 to 5', 'dateevent': '2023-01-28 07:48:20+00:00', 'image': 'cmendes/znn:20k', 'replicas': 10, 'imageChanges': 5, 'replicasChanges': 7}

{'name': 'kube-znn.173e69743088c999', 'type': 'Normal', 'message': '(combined from similar events): Scaled down replica set kube-znn-6b7655774 to 2', 'dateevent': '2023-01-28 07:47:39+00:00', 'image': 'cmendes/znn:20k', 'replicas': 4, 'imageChanges': 5, 'replicasChanges': 8}

{'name': 'kube-znn.173e69743088c999', 'type': 'Normal', 'message': '(combined from similar events): Scaled down replica set kube-znn-86cccc748b to 5', 'dateevent': '2023-01-28 07:47:39+00:00', 'image': 'cmendes/znn:200k', 'replicas': 5, 'imageChanges': 6, 'replicasChanges': 9}

Reading file: VersionA-Monolithic
Reading file: VersionB-MicroControllers
Reading file: VersionC-WithFailureManagerMetaController
Reading file: VersionC-ZTemp
