Reading file: automatingDataGeneration.sh
Reading file: CLong10
Reading file: CLong10.7z
Reading file: Evaluation-ZNN.7z
Reading file: fidelitya-778c6c6b8b-xp6ts_tracing_20230128_133425.log

fidelitya data

2023-01-28 16:37:07 : t0:raiseFidelity

2023-01-28 16:37:12 : t0:raiseFidelity

2023-01-28 16:37:42 : t0:raiseFidelity

2023-01-28 16:37:47 : t0:raiseFidelity

2023-01-28 16:37:52 : t0:raiseFidelity

2023-01-28 16:37:57 : t0:raiseFidelity

2023-01-28 16:38:02 : t0:raiseFidelity

2023-01-28 16:38:07 : t0:raiseFidelity

2023-01-28 16:38:12 : t0:raiseFidelity

2023-01-28 16:38:17 : t0:raiseFidelity

2023-01-28 16:38:22 : t0:raiseFidelity

2023-01-28 16:38:27 : t0:raiseFidelity

2023-01-28 16:38:32 : t0:raiseFidelity

2023-01-28 16:38:37 : t0:raiseFidelity

2023-01-28 16:38:42 : t0:raiseFidelity

2023-01-28 16:38:47 : t0:raiseFidelity

2023-01-28 16:38:52 : t0:raiseFidelity

2023-01-28 16:38:57 : t0:raiseFidelity

2023-01-28 16:39:02 : t0:raiseFidelity

2023-01-28 16:39:07 : t0:raiseFidelity

2023-01-28 16:39:12 : t0:raiseFidelity

2023-01-28 16:39:17 : t0:raiseFidelity

2023-01-28 16:39:22 : t0:raiseFidelity

2023-01-28 16:39:27 : t0:raiseFidelity

2023-01-28 16:39:32 : t0:raiseFidelity

2023-01-28 16:39:37 : t0:raiseFidelity

2023-01-28 16:39:42 : t0:raiseFidelity

2023-01-28 16:39:47 : t0:raiseFidelity

2023-01-28 16:39:52 : t0:raiseFidelity

2023-01-28 16:39:57 : t0:raiseFidelity

2023-01-28 16:40:02 : t0:raiseFidelity

2023-01-28 16:40:07 : t0:raiseFidelity

2023-01-28 16:40:12 : t0:raiseFidelity

2023-01-28 16:40:17 : t0:raiseFidelity

2023-01-28 16:40:22 : t0:raiseFidelity

2023-01-28 16:40:27 : t0:raiseFidelity

2023-01-28 16:40:32 : t0:raiseFidelity

2023-01-28 16:40:37 : t0:raiseFidelity

2023-01-28 16:40:42 : t0:raiseFidelity

2023-01-28 16:40:47 : t0:raiseFidelity

2023-01-28 16:40:52 : t0:raiseFidelity

2023-01-28 16:40:57 : t0:raiseFidelity

2023-01-28 16:41:02 : t0:raiseFidelity

2023-01-28 16:41:07 : t0:raiseFidelity

2023-01-28 16:41:12 : t0:raiseFidelity

2023-01-28 16:41:17 : t0:raiseFidelity

2023-01-28 16:41:22 : t0:raiseFidelity

2023-01-28 16:41:27 : t0:raiseFidelity

2023-01-28 16:41:32 : t0:raiseFidelity

2023-01-28 16:41:37 : t0:raiseFidelity

2023-01-28 16:41:42 : t0:raiseFidelity

2023-01-28 16:41:47 : t0:raiseFidelity

2023-01-28 16:41:52 : t0:raiseFidelity

2023-01-28 16:41:57 : t0:raiseFidelity

2023-01-28 16:42:02 : t0:raiseFidelity

2023-01-28 16:42:07 : t0:raiseFidelity

2023-01-28 16:42:12 : t0:raiseFidelity

2023-01-28 16:42:17 : t0:raiseFidelity

2023-01-28 16:42:22 : t0:raiseFidelity

2023-01-28 16:42:27 : t0:raiseFidelity

2023-01-28 16:42:32 : t0:raiseFidelity

2023-01-28 16:42:37 : t0:raiseFidelity

2023-01-28 16:42:42 : t0:raiseFidelity

2023-01-28 16:42:47 : t0:raiseFidelity

2023-01-28 16:42:52 : t0:raiseFidelity

2023-01-28 16:42:57 : t0:raiseFidelity

2023-01-28 16:43:02 : t0:raiseFidelity

2023-01-28 16:43:07 : t0:raiseFidelity

2023-01-28 16:43:12 : t0:raiseFidelity

2023-01-28 16:43:17 : t0:raiseFidelity

2023-01-28 16:43:22 : t0:raiseFidelity

2023-01-28 16:43:27 : t0:raiseFidelity

2023-01-28 16:43:32 : t0:raiseFidelity

2023-01-28 16:43:37 : t0:raiseFidelity

Reading file: generateLogs121929
Reading file: generateLogs124558
Reading file: generateLogs131507
Reading file: generateLogs2.sh
Reading file: k6-rwxjn_tracing_20230128_133425.log
Reading file: metacontroller-kubow-8479d7588d-w2mr2_tracing_20230128_133425.log

MetaController data

2023-01-28 16:35:18 : t0:activateLowScalabilityHighQuality

2023-01-28 16:35:33 : t0:addLowScalabilityLowQuality

2023-01-28 16:36:28 : t0:addHighScalabilityHighQuality

Reading file: README.md
Reading file: scalabilitya-78d6cbbc7d-nplhl_tracing_20230128_133425.log

scalabilitya data

2023-01-28 16:37:10 : t0:removeReplica

Reading file: summary-trace-znn.log
Reading file: temp
Reading file: temp2701
Reading file: test
Reading file: tools
Reading file: traceznn_20230128_133425.log

Trace znn data

{'name': 'kube-znn-db.173e8560fabaddea', 'type': 'Normal', 'message': 'Scaled up replica set kube-znn-db-6cc48797cf to 1', 'dateevent': '2023-01-28 16:19:23+00:00', 'image': 'cmendes/znn:800k', 'replicas': 1, 'imageChanges': 0, 'replicasChanges': 1}

{'name': 'kube-znn.173e8560f98e2057', 'type': 'Normal', 'message': 'Scaled up replica set kube-znn-68bd9d6b5b to 1', 'dateevent': '2023-01-28 16:19:22+00:00', 'image': 'cmendes/znn:800k', 'replicas': 1, 'imageChanges': 0, 'replicasChanges': 1}

{'name': 'kube-znn.173e863510e9db9f', 'type': 'Normal', 'message': 'Scaled up replica set kube-znn-68bd9d6b5b to 2', 'dateevent': '2023-01-28 16:34:33+00:00', 'image': 'cmendes/znn:800k', 'replicas': 2, 'imageChanges': 0, 'replicasChanges': 2}

{'name': 'kube-znn.173e8635f310d97f', 'type': 'Normal', 'message': 'Scaled up replica set kube-znn-68bd9d6b5b to 3', 'dateevent': '2023-01-28 16:34:37+00:00', 'image': 'cmendes/znn:800k', 'replicas': 3, 'imageChanges': 0, 'replicasChanges': 3}

{'name': 'kube-znn.173e863721e6c0a3', 'type': 'Normal', 'message': 'Scaled up replica set kube-znn-68bd9d6b5b to 4', 'dateevent': '2023-01-28 16:34:42+00:00', 'image': 'cmendes/znn:800k', 'replicas': 4, 'imageChanges': 0, 'replicasChanges': 4}

{'name': 'kube-znn.173e863846e635c1', 'type': 'Normal', 'message': 'Scaled up replica set kube-znn-68bd9d6b5b to 5', 'dateevent': '2023-01-28 16:34:47+00:00', 'image': 'cmendes/znn:800k', 'replicas': 5, 'imageChanges': 0, 'replicasChanges': 5}

{'name': 'kube-znn.173e863971183fdf', 'type': 'Normal', 'message': 'Scaled up replica set kube-znn-68bd9d6b5b to 6', 'dateevent': '2023-01-28 16:34:52+00:00', 'image': 'cmendes/znn:800k', 'replicas': 6, 'imageChanges': 0, 'replicasChanges': 6}

{'name': 'kube-znn.173e863a9b281384', 'type': 'Normal', 'message': 'Scaled up replica set kube-znn-68bd9d6b5b to 7', 'dateevent': '2023-01-28 16:34:57+00:00', 'image': 'cmendes/znn:800k', 'replicas': 7, 'imageChanges': 0, 'replicasChanges': 7}

{'name': 'kube-znn.173e863bc4ef9655', 'type': 'Normal', 'message': 'Scaled up replica set kube-znn-68bd9d6b5b to 8', 'dateevent': '2023-01-28 16:35:02+00:00', 'image': 'cmendes/znn:800k', 'replicas': 8, 'imageChanges': 0, 'replicasChanges': 8}

{'name': 'kube-znn.173e863ceff1fb35', 'type': 'Normal', 'message': 'Scaled up replica set kube-znn-68bd9d6b5b to 9', 'dateevent': '2023-01-28 16:35:07+00:00', 'image': 'cmendes/znn:800k', 'replicas': 9, 'imageChanges': 0, 'replicasChanges': 9}

{'name': 'kube-znn.173e863f42599c6a', 'type': 'Normal', 'message': 'Scaled up replica set kube-znn-68bd9d6b5b to 10', 'dateevent': '2023-01-28 16:35:17+00:00', 'image': 'cmendes/znn:800k', 'replicas': 10, 'imageChanges': 0, 'replicasChanges': 10}

{'name': 'kube-znn.173e86407998297a', 'type': 'Normal', 'message': '(combined from similar events): Scaled up replica set kube-znn-7cbbf89f8 to 3', 'dateevent': '2023-01-28 16:35:22+00:00', 'image': 'cmendes/znn:600k', 'replicas': 10, 'imageChanges': 1, 'replicasChanges': 10}

{'name': 'kube-znn.173e86407998297a', 'type': 'Normal', 'message': '(combined from similar events): Scaled down replica set kube-znn-68bd9d6b5b to 8', 'dateevent': '2023-01-28 16:35:22+00:00', 'image': 'cmendes/znn:600k', 'replicas': 10, 'imageChanges': 1, 'replicasChanges': 10}

{'name': 'kube-znn.173e86407998297a', 'type': 'Normal', 'message': '(combined from similar events): Scaled up replica set kube-znn-7cbbf89f8 to 5', 'dateevent': '2023-01-28 16:35:22+00:00', 'image': 'cmendes/znn:600k', 'replicas': 10, 'imageChanges': 1, 'replicasChanges': 10}

{'name': 'kube-znn.173e86407998297a', 'type': 'Normal', 'message': '(combined from similar events): Scaled down replica set kube-znn-68bd9d6b5b to 3', 'dateevent': '2023-01-28 16:35:22+00:00', 'image': 'cmendes/znn:600k', 'replicas': 4, 'imageChanges': 1, 'replicasChanges': 11}

{'name': 'kube-znn.173e86407998297a', 'type': 'Normal', 'message': '(combined from similar events): Scaled down replica set kube-znn-7cbbf89f8 to 2', 'dateevent': '2023-01-28 16:35:22+00:00', 'image': 'cmendes/znn:600k', 'replicas': 4, 'imageChanges': 1, 'replicasChanges': 11}

{'name': 'kube-znn.173e86407998297a', 'type': 'Normal', 'message': '(combined from similar events): Scaled down replica set kube-znn-68bd9d6b5b to 2', 'dateevent': '2023-01-28 16:35:22+00:00', 'image': 'cmendes/znn:600k', 'replicas': 4, 'imageChanges': 1, 'replicasChanges': 11}

{'name': 'kube-znn.173e86407998297a', 'type': 'Normal', 'message': '(combined from similar events): Scaled up replica set kube-znn-7cbbf89f8 to 3', 'dateevent': '2023-01-28 16:35:22+00:00', 'image': 'cmendes/znn:600k', 'replicas': 4, 'imageChanges': 1, 'replicasChanges': 11}

{'name': 'kube-znn.173e86592e6258ca', 'type': 'Normal', 'message': 'Scaled down replica set kube-znn-7cbbf89f8 to 2', 'dateevent': '2023-01-28 16:37:09+00:00', 'image': 'cmendes/znn:800k', 'replicas': 4, 'imageChanges': 2, 'replicasChanges': 11}

{'name': 'kube-znn.173e86407998297a', 'type': 'Normal', 'message': '(combined from similar events): Scaled up replica set kube-znn-68bd9d6b5b to 3', 'dateevent': '2023-01-28 16:35:22+00:00', 'image': 'cmendes/znn:800k', 'replicas': 4, 'imageChanges': 2, 'replicasChanges': 11}

{'name': 'kube-znn.173e86407998297a', 'type': 'Normal', 'message': '(combined from similar events): Scaled down replica set kube-znn-7cbbf89f8 to 1', 'dateevent': '2023-01-28 16:35:22+00:00', 'image': 'cmendes/znn:800k', 'replicas': 4, 'imageChanges': 2, 'replicasChanges': 11}

{'name': 'kube-znn.173e86407998297a', 'type': 'Normal', 'message': '(combined from similar events): Scaled up replica set kube-znn-68bd9d6b5b to 4', 'dateevent': '2023-01-28 16:35:22+00:00', 'image': 'cmendes/znn:800k', 'replicas': 4, 'imageChanges': 2, 'replicasChanges': 11}

{'name': 'kube-znn.173e86407998297a', 'type': 'Normal', 'message': '(combined from similar events): Scaled down replica set kube-znn-7cbbf89f8 to 0', 'dateevent': '2023-01-28 16:35:22+00:00', 'image': 'cmendes/znn:800k', 'replicas': 4, 'imageChanges': 2, 'replicasChanges': 11}

Reading file: VersionA-Monolithic
Reading file: VersionB-MicroControllers
Reading file: VersionC-WithFailureManagerMetaController
Reading file: VersionC-ZTemp
