Reading file: automatingDataGeneration.sh
Reading file: CLong10
Reading file: CLong10.7z
Reading file: CShort10
Reading file: CShort10.7z
Reading file: Evaluation-ZNN.7z
Reading file: fidelitya-5b8dd7f8c7-h45q5_tracing_20230129_222205.log

fidelitya data

Reading file: fidelityb-67c8fc5999-z2s24_tracing_20230129_222205.log

fidelityb data

2023-01-30 01:25:16 : t0:removeHighQuality

2023-01-30 01:25:21 : t0:removeHighQuality

2023-01-30 01:25:26 : t0:removeHighQuality

2023-01-30 01:25:31 : t0:removeHighQuality

2023-01-30 01:25:36 : t0:removeHighQuality

2023-01-30 01:25:41 : t0:removeHighQuality

2023-01-30 01:25:46 : t0:lowerFidelity

2023-01-30 01:25:51 : t0:lowerFidelity

2023-01-30 01:25:56 : t0:removeHighQuality

2023-01-30 01:26:01 : t0:removeHighQuality

2023-01-30 01:26:06 : t0:removeHighQuality

2023-01-30 01:26:11 : t0:removeHighQuality

2023-01-30 01:26:16 : t0:removeHighQuality

2023-01-30 01:26:21 : t0:removeHighQuality

2023-01-30 01:26:26 : t0:lowerFidelity

2023-01-30 01:26:31 : t0:addHighQuality

2023-01-30 01:26:36 : t0:lowerFidelity

2023-01-30 01:26:41 : t0:lowerFidelity

2023-01-30 01:26:46 : t0:removeHighQuality

2023-01-30 01:26:51 : t0:removeHighQuality

2023-01-30 01:26:56 : t0:removeHighQuality

2023-01-30 01:27:01 : t0:removeHighQuality

2023-01-30 01:27:06 : t0:removeHighQuality

2023-01-30 01:27:11 : t0:removeHighQuality

2023-01-30 01:27:16 : t0:addHighQuality

2023-01-30 01:27:21 : t0:addHighQuality

2023-01-30 01:27:26 : t0:raiseFidelity

2023-01-30 01:27:31 : t0:raiseFidelity

2023-01-30 01:28:06 : t0:raiseFidelity

Reading file: generateLogs104811
Reading file: generateLogs111449
Reading file: generateLogs115104
Reading file: generateLogs122114
Reading file: generateLogs125158
Reading file: generateLogs131404
Reading file: generateLogs134457
Reading file: generateLogs140932
Reading file: generateLogs144048
Reading file: generateLogs145725
Reading file: generateLogs152330
Reading file: generateLogs155416
Reading file: generateLogs162628
Reading file: generateLogs165146
Reading file: generateLogs172723
Reading file: generateLogs174859
Reading file: generateLogs181909
Reading file: generateLogs184936
Reading file: generateLogs192145
Reading file: generateLogs195734
Reading file: generateLogs2.sh
Reading file: generateLogs202056
Reading file: generateLogs203926
Reading file: generateLogs210932
Reading file: generateLogs215116
Reading file: generateLogs220729
Reading file: k6-966cs_tracing_20230129_222205.log
Reading file: README.md
Reading file: scalabilityb-66d698fc76-7429p_tracing_20230129_222205.log

scalabilityb data

2023-01-30 01:23:41 : t0:removeHighScalability

2023-01-30 01:23:46 : t0:removeHighScalability

2023-01-30 01:23:51 : t0:removeHighScalability

2023-01-30 01:23:56 : t0:removeHighScalability

2023-01-30 01:24:01 : t0:removeHighScalability

2023-01-30 01:24:06 : t0:removeHighScalability

2023-01-30 01:24:11 : t0:removeHighScalability

2023-01-30 01:24:16 : t0:removeHighScalability

2023-01-30 01:24:21 : t0:removeHighScalability

2023-01-30 01:24:26 : t0:removeHighScalability

2023-01-30 01:24:31 : t0:removeHighScalability

2023-01-30 01:24:36 : t0:removeHighScalability

2023-01-30 01:24:41 : t0:removeHighScalability

2023-01-30 01:24:46 : t0:removeHighScalability

2023-01-30 01:24:51 : t0:removeHighScalability

2023-01-30 01:24:56 : t0:removeHighScalability

2023-01-30 01:25:01 : t0:removeHighScalability

2023-01-30 01:25:06 : t0:removeHighScalability

2023-01-30 01:25:11 : t0:removeHighScalability

2023-01-30 01:25:16 : t0:removeHighScalability

2023-01-30 01:25:21 : t0:removeHighScalability

2023-01-30 01:25:26 : t0:removeHighScalability

2023-01-30 01:25:31 : t0:removeHighScalability

2023-01-30 01:25:36 : t0:removeHighScalability

2023-01-30 01:25:41 : t0:removeHighScalability

2023-01-30 01:25:46 : t0:removeHighScalability

2023-01-30 01:25:51 : t0:removeHighScalability

2023-01-30 01:25:56 : t0:removeHighScalability

2023-01-30 01:26:01 : t0:removeHighScalability

2023-01-30 01:26:06 : t0:removeHighScalability

2023-01-30 01:26:11 : t0:removeHighScalability

2023-01-30 01:26:16 : t0:removeHighScalability

2023-01-30 01:26:21 : t0:removeHighScalability

2023-01-30 01:26:26 : t0:removeHighScalability

2023-01-30 01:26:31 : t0:removeHighScalability

2023-01-30 01:26:36 : t0:removeHighScalability

2023-01-30 01:26:41 : t0:removeHighScalability

2023-01-30 01:26:46 : t0:removeHighScalability

2023-01-30 01:26:51 : t0:removeHighScalability

2023-01-30 01:26:56 : t0:removeHighScalability

2023-01-30 01:27:01 : t0:removeHighScalability

2023-01-30 01:27:06 : t0:removeHighScalability

2023-01-30 01:27:11 : t0:removeHighScalability

2023-01-30 01:27:16 : t0:removeHighScalability

2023-01-30 01:27:21 : t0:removeHighScalability

2023-01-30 01:27:26 : t0:removeReplica

2023-01-30 01:28:06 : t0:removeReplica

Reading file: summary-trace-znn.log
Reading file: temp
Reading file: temp2701
Reading file: test
Reading file: tools
Reading file: traceznn_20230129_222205.log

Trace znn data

{'name': 'kube-znn-db.173ef105491d4b9d', 'type': 'Normal', 'message': 'Scaled up replica set kube-znn-db-558bb5dd64 to 1', 'dateevent': '2023-01-30 01:11:56+00:00', 'image': 'cmendes/znn:800k', 'replicas': 1, 'imageChanges': 0, 'replicasChanges': 1}

{'name': 'kube-znn.173ef105478eb5c4', 'type': 'Normal', 'message': 'Scaled up replica set kube-znn-744bbbc54b to 1', 'dateevent': '2023-01-30 01:11:56+00:00', 'image': 'cmendes/znn:800k', 'replicas': 1, 'imageChanges': 0, 'replicasChanges': 1}

{'name': 'kube-znn.173ef194add372d2', 'type': 'Normal', 'message': 'Scaled up replica set kube-znn-744bbbc54b to 2', 'dateevent': '2023-01-30 01:22:12+00:00', 'image': 'cmendes/znn:800k', 'replicas': 2, 'imageChanges': 0, 'replicasChanges': 2}

{'name': 'kube-znn.173ef196b4eb2d66', 'type': 'Normal', 'message': 'Scaled up replica set kube-znn-744bbbc54b to 3', 'dateevent': '2023-01-30 01:22:21+00:00', 'image': 'cmendes/znn:800k', 'replicas': 3, 'imageChanges': 0, 'replicasChanges': 3}

{'name': 'kube-znn.173ef197df072a33', 'type': 'Normal', 'message': 'Scaled up replica set kube-znn-744bbbc54b to 4', 'dateevent': '2023-01-30 01:22:26+00:00', 'image': 'cmendes/znn:800k', 'replicas': 4, 'imageChanges': 0, 'replicasChanges': 4}

{'name': 'kube-znn.173ef1990d0ba91e', 'type': 'Normal', 'message': 'Scaled up replica set kube-znn-744bbbc54b to 5', 'dateevent': '2023-01-30 01:22:31+00:00', 'image': 'cmendes/znn:800k', 'replicas': 5, 'imageChanges': 0, 'replicasChanges': 5}

{'name': 'kube-znn.173ef19a31728f7c', 'type': 'Normal', 'message': 'Scaled up replica set kube-znn-744bbbc54b to 6', 'dateevent': '2023-01-30 01:22:35+00:00', 'image': 'cmendes/znn:800k', 'replicas': 6, 'imageChanges': 0, 'replicasChanges': 6}

{'name': 'kube-znn.173ef19b597ce504', 'type': 'Normal', 'message': 'Scaled up replica set kube-znn-744bbbc54b to 7', 'dateevent': '2023-01-30 01:22:40+00:00', 'image': 'cmendes/znn:800k', 'replicas': 7, 'imageChanges': 0, 'replicasChanges': 7}

{'name': 'kube-znn.173ef19c836a853d', 'type': 'Normal', 'message': 'Scaled up replica set kube-znn-744bbbc54b to 8', 'dateevent': '2023-01-30 01:22:45+00:00', 'image': 'cmendes/znn:800k', 'replicas': 8, 'imageChanges': 0, 'replicasChanges': 8}

{'name': 'kube-znn.173ef19daf377e5f', 'type': 'Normal', 'message': 'Scaled up replica set kube-znn-744bbbc54b to 9', 'dateevent': '2023-01-30 01:22:50+00:00', 'image': 'cmendes/znn:800k', 'replicas': 9, 'imageChanges': 0, 'replicasChanges': 9}

{'name': 'kube-znn.173ef19ed7d0d824', 'type': 'Normal', 'message': 'Scaled up replica set kube-znn-744bbbc54b to 10', 'dateevent': '2023-01-30 01:22:55+00:00', 'image': 'cmendes/znn:800k', 'replicas': 10, 'imageChanges': 0, 'replicasChanges': 10}

{'name': 'kube-znn.173ef1a04d88596d', 'type': 'Normal', 'message': '(combined from similar events): Scaled up replica set kube-znn-5c95bd98fb to 3', 'dateevent': '2023-01-30 01:23:02+00:00', 'image': 'cmendes/znn:600k', 'replicas': 10, 'imageChanges': 1, 'replicasChanges': 10}

{'name': 'kube-znn.173ef1a04d88596d', 'type': 'Normal', 'message': '(combined from similar events): Scaled down replica set kube-znn-744bbbc54b to 8', 'dateevent': '2023-01-30 01:23:02+00:00', 'image': 'cmendes/znn:600k', 'replicas': 10, 'imageChanges': 1, 'replicasChanges': 10}

{'name': 'kube-znn.173ef1a04d88596d', 'type': 'Normal', 'message': '(combined from similar events): Scaled up replica set kube-znn-5c95bd98fb to 5', 'dateevent': '2023-01-30 01:23:02+00:00', 'image': 'cmendes/znn:600k', 'replicas': 10, 'imageChanges': 1, 'replicasChanges': 10}

{'name': 'kube-znn.173ef1a04d88596d', 'type': 'Normal', 'message': '(combined from similar events): Scaled down replica set kube-znn-744bbbc54b to 5', 'dateevent': '2023-01-30 01:23:02+00:00', 'image': 'cmendes/znn:400k', 'replicas': 10, 'imageChanges': 2, 'replicasChanges': 10}

{'name': 'kube-znn.173ef1a04d88596d', 'type': 'Normal', 'message': '(combined from similar events): Scaled down replica set kube-znn-5c95bd98fb to 3', 'dateevent': '2023-01-30 01:23:02+00:00', 'image': 'cmendes/znn:400k', 'replicas': 10, 'imageChanges': 2, 'replicasChanges': 10}

{'name': 'kube-znn.173ef1a04d88596d', 'type': 'Normal', 'message': '(combined from similar events): Scaled up replica set kube-znn-549bfcf578 to 5', 'dateevent': '2023-01-30 01:23:02+00:00', 'image': 'cmendes/znn:400k', 'replicas': 10, 'imageChanges': 2, 'replicasChanges': 10}

{'name': 'kube-znn.173ef1a04d88596d', 'type': 'Normal', 'message': '(combined from similar events): Scaled down replica set kube-znn-549bfcf578 to 1', 'dateevent': '2023-01-30 01:23:02+00:00', 'image': 'cmendes/znn:600k', 'replicas': 10, 'imageChanges': 3, 'replicasChanges': 10}

{'name': 'kube-znn.173ef1a04d88596d', 'type': 'Normal', 'message': '(combined from similar events): Scaled up replica set kube-znn-5c95bd98fb to 7', 'dateevent': '2023-01-30 01:23:02+00:00', 'image': 'cmendes/znn:600k', 'replicas': 10, 'imageChanges': 3, 'replicasChanges': 10}

{'name': 'kube-znn.173ef1a04d88596d', 'type': 'Normal', 'message': '(combined from similar events): Scaled down replica set kube-znn-5c95bd98fb to 3', 'dateevent': '2023-01-30 01:23:02+00:00', 'image': 'cmendes/znn:400k', 'replicas': 10, 'imageChanges': 4, 'replicasChanges': 10}

{'name': 'kube-znn.173ef1b06ad82570', 'type': 'Normal', 'message': 'Scaled up replica set kube-znn-549bfcf578 to 5', 'dateevent': '2023-01-30 01:24:11+00:00', 'image': 'cmendes/znn:400k', 'replicas': 10, 'imageChanges': 4, 'replicasChanges': 10}

{'name': 'kube-znn.173ef1a04d88596d', 'type': 'Normal', 'message': '(combined from similar events): Scaled down replica set kube-znn-549bfcf578 to 0', 'dateevent': '2023-01-30 01:23:02+00:00', 'image': 'cmendes/znn:600k', 'replicas': 10, 'imageChanges': 5, 'replicasChanges': 10}

{'name': 'kube-znn.173ef1a04d88596d', 'type': 'Normal', 'message': '(combined from similar events): Scaled up replica set kube-znn-5c95bd98fb to 8', 'dateevent': '2023-01-30 01:23:02+00:00', 'image': 'cmendes/znn:600k', 'replicas': 10, 'imageChanges': 5, 'replicasChanges': 10}

{'name': 'kube-znn.173ef1b18ea11fd8', 'type': 'Normal', 'message': 'Scaled down replica set kube-znn-5c95bd98fb to 3', 'dateevent': '2023-01-30 01:24:16+00:00', 'image': 'cmendes/znn:400k', 'replicas': 10, 'imageChanges': 6, 'replicasChanges': 10}

{'name': 'kube-znn.173ef1b06ad82570', 'type': 'Normal', 'message': 'Scaled up replica set kube-znn-549bfcf578 to 5', 'dateevent': '2023-01-30 01:24:11+00:00', 'image': 'cmendes/znn:400k', 'replicas': 10, 'imageChanges': 6, 'replicasChanges': 10}

{'name': 'kube-znn.173ef1b2aabf06f5', 'type': 'Normal', 'message': 'Scaled down replica set kube-znn-549bfcf578 to 0', 'dateevent': '2023-01-30 01:24:21+00:00', 'image': 'cmendes/znn:600k', 'replicas': 10, 'imageChanges': 7, 'replicasChanges': 10}

{'name': 'kube-znn.173ef1b2abb42ff7', 'type': 'Normal', 'message': 'Scaled up replica set kube-znn-5c95bd98fb to 8', 'dateevent': '2023-01-30 01:24:21+00:00', 'image': 'cmendes/znn:600k', 'replicas': 10, 'imageChanges': 7, 'replicasChanges': 10}

{'name': 'kube-znn.173ef1a04d88596d', 'type': 'Normal', 'message': '(combined from similar events): Scaled down replica set kube-znn-56dcbbc896 to 2', 'dateevent': '2023-01-30 01:23:02+00:00', 'image': 'cmendes/znn:20k', 'replicas': 4, 'imageChanges': 8, 'replicasChanges': 11}

Reading file: VersionA-Monolithic
Reading file: VersionB-MicroControllers
Reading file: VersionC-WithFailureManagerMetaController
Reading file: VersionC-ZTemp
