Reading file: automatingDataGeneration.sh
Reading file: BLong10_parte1
Reading file: BLong10_parte1.7z
Reading file: CLong10
Reading file: CLong10.7z
Reading file: CShort10
Reading file: CShort10.7z
Reading file: Evaluation-ZNN.7z
Reading file: fidelitya-5b8dd7f8c7-jjl7k_tracing_20230130_022430.log

fidelitya data

2023-01-30 05:25:21 : t0:lowerFidelity

2023-01-30 05:25:36 : t0:lowerFidelity

2023-01-30 05:25:51 : t0:lowerFidelity

2023-01-30 05:26:06 : t0:removeLowQuality

2023-01-30 05:26:11 : t0:lowerFidelity

2023-01-30 05:26:16 : t0:lowerFidelity

2023-01-30 05:26:21 : t0:lowerFidelity

2023-01-30 05:26:26 : t0:lowerFidelity

2023-01-30 05:26:31 : t0:lowerFidelity

2023-01-30 05:26:36 : t0:lowerFidelity

2023-01-30 05:26:41 : t0:lowerFidelity

2023-01-30 05:26:46 : t0:lowerFidelity

2023-01-30 05:26:51 : t0:lowerFidelity

2023-01-30 05:26:56 : t0:lowerFidelity

2023-01-30 05:27:01 : t0:lowerFidelity

2023-01-30 05:27:06 : t0:lowerFidelity

2023-01-30 05:27:11 : t0:lowerFidelity

2023-01-30 05:27:16 : t0:lowerFidelity

2023-01-30 05:27:21 : t0:lowerFidelity

2023-01-30 05:27:26 : t0:lowerFidelity

2023-01-30 05:27:31 : t0:lowerFidelity

2023-01-30 05:27:36 : t0:lowerFidelity

2023-01-30 05:27:41 : t0:lowerFidelity

2023-01-30 05:27:46 : t0:lowerFidelity

2023-01-30 05:27:51 : t0:lowerFidelity

2023-01-30 05:27:56 : t0:lowerFidelity

2023-01-30 05:28:01 : t0:lowerFidelity

2023-01-30 05:28:06 : t0:lowerFidelity

2023-01-30 05:28:11 : t0:lowerFidelity

2023-01-30 05:28:16 : t0:lowerFidelity

2023-01-30 05:28:21 : t0:lowerFidelity

2023-01-30 05:28:26 : t0:lowerFidelity

2023-01-30 05:28:31 : t0:lowerFidelity

2023-01-30 05:28:36 : t0:lowerFidelity

2023-01-30 05:28:41 INFO  Rainbow:694 - Delegate: master[EXECUTOR]: Visiting execution leaf

2023-01-30 05:28:46 : t0:lowerFidelity

2023-01-30 05:28:51 : t0:lowerFidelity

2023-01-30 05:28:56 : t0:lowerFidelity

2023-01-30 05:29:01 : t0:lowerFidelity

2023-01-30 05:29:06 : t0:lowerFidelity

2023-01-30 05:29:11 : t0:lowerFidelity

2023-01-30 05:29:16 : t0:lowerFidelity

2023-01-30 05:29:21 : t0:lowerFidelity

2023-01-30 05:29:26 : t0:lowerFidelity

2023-01-30 05:29:31 : t0:lowerFidelity

2023-01-30 05:29:36 : t0:lowerFidelity

2023-01-30 05:29:41 : t0:lowerFidelity

2023-01-30 05:29:46 : t0:addLowQuality

2023-01-30 05:29:51 : t0:addLowQuality

2023-01-30 05:30:16 : t0:raiseFidelity

2023-01-30 05:30:21 : t0:raiseFidelity

2023-01-30 05:30:51 : t0:raiseFidelity

2023-01-30 05:30:56 : t0:raiseFidelity

2023-01-30 05:31:01 : t0:raiseFidelity

2023-01-30 05:31:06 : t0:raiseFidelity

2023-01-30 05:31:11 : t0:raiseFidelity

2023-01-30 05:31:16 : t0:raiseFidelity

2023-01-30 05:31:21 : t0:raiseFidelity

2023-01-30 05:31:26 : t0:raiseFidelity

2023-01-30 05:31:31 : t0:raiseFidelity

2023-01-30 05:31:36 : t0:raiseFidelity

2023-01-30 05:31:41 : t0:raiseFidelity

2023-01-30 05:31:46 : t0:raiseFidelity

2023-01-30 05:31:51 : t0:raiseFidelity

2023-01-30 05:31:56 : t0:raiseFidelity

2023-01-30 05:32:01 : t0:raiseFidelity

2023-01-30 05:32:06 : t0:raiseFidelity

2023-01-30 05:32:11 : t0:raiseFidelity

2023-01-30 05:32:16 : t0:raiseFidelity

2023-01-30 05:32:21 : t0:raiseFidelity

2023-01-30 05:32:26 : t0:raiseFidelity

2023-01-30 05:32:31 : t0:raiseFidelity

2023-01-30 05:32:36 : t0:raiseFidelity

2023-01-30 05:32:41 : t0:raiseFidelity

2023-01-30 05:32:46 : t0:raiseFidelity

2023-01-30 05:32:51 : t0:raiseFidelity

2023-01-30 05:32:56 : t0:raiseFidelity

2023-01-30 05:33:01 : t0:raiseFidelity

2023-01-30 05:33:06 : t0:raiseFidelity

2023-01-30 05:33:11 : t0:raiseFidelity

2023-01-30 05:33:16 : t0:raiseFidelity

2023-01-30 05:33:21 : t0:raiseFidelity

2023-01-30 05:33:26 : t0:raiseFidelity

2023-01-30 05:33:31 : t0:raiseFidelity

2023-01-30 05:33:36 : t0:raiseFidelity

2023-01-30 05:33:41 : t0:raiseFidelity

2023-01-30 05:33:46 : t0:raiseFidelity

2023-01-30 05:33:51 : t0:raiseFidelity

2023-01-30 05:33:56 : t0:raiseFidelity

2023-01-30 05:34:01 : t0:raiseFidelity

2023-01-30 05:34:06 : t0:raiseFidelity

2023-01-30 05:34:11 : t0:raiseFidelity

2023-01-30 05:34:16 : t0:raiseFidelity

2023-01-30 05:34:21 : t0:raiseFidelity

2023-01-30 05:34:26 : t0:raiseFidelity

2023-01-30 05:34:31 : t0:raiseFidelity

2023-01-30 05:34:36 : t0:raiseFidelity

2023-01-30 05:34:41 : t0:raiseFidelity

2023-01-30 05:34:46 : t0:raiseFidelity

2023-01-30 05:34:51 : t0:raiseFidelity

2023-01-30 05:34:56 : t0:raiseFidelity

2023-01-30 05:35:01 : t0:raiseFidelity

2023-01-30 05:35:06 : t0:raiseFidelity

2023-01-30 05:35:11 : t0:raiseFidelity

2023-01-30 05:35:16 : t0:raiseFidelity

2023-01-30 05:35:21 : t0:raiseFidelity

2023-01-30 05:35:26 : t0:raiseFidelity

2023-01-30 05:35:31 : t0:raiseFidelity

2023-01-30 05:35:36 : t0:raiseFidelity

2023-01-30 05:35:41 : t0:raiseFidelity

2023-01-30 05:35:46 : t0:raiseFidelity

2023-01-30 05:35:51 : t0:raiseFidelity

2023-01-30 05:35:56 : t0:raiseFidelity

2023-01-30 05:36:01 : t0:raiseFidelity

2023-01-30 05:36:06 : t0:raiseFidelity

2023-01-30 05:36:11 : t0:raiseFidelity

2023-01-30 05:36:16 : t0:raiseFidelity

2023-01-30 05:36:21 : t0:raiseFidelity

2023-01-30 05:36:26 : t0:raiseFidelity

Reading file: fidelityb-67c8fc5999-dphn9_tracing_20230130_022430.log

fidelityb data

Reading file: generateLogs004521
Reading file: generateLogs011246
Reading file: generateLogs014915
Reading file: generateLogs021127
Reading file: generateLogs2.sh
Reading file: k6-qmsl4_tracing_20230130_022430.log
Reading file: README.md
Reading file: scalabilityb-66d698fc76-d5ft6_tracing_20230130_022430.log

scalabilityb data

2023-01-30 05:25:54 : t0:removeHighScalability

2023-01-30 05:25:59 : t0:removeHighScalability

2023-01-30 05:26:04 : t0:removeHighScalability

2023-01-30 05:26:09 : t0:removeHighScalability

2023-01-30 05:26:14 : t0:removeHighScalability

2023-01-30 05:26:19 : t0:removeHighScalability

2023-01-30 05:26:24 : t0:removeHighScalability

2023-01-30 05:26:29 : t0:removeHighScalability

2023-01-30 05:26:34 : t0:removeHighScalability

2023-01-30 05:26:39 : t0:removeHighScalability

2023-01-30 05:26:44 : t0:removeHighScalability

2023-01-30 05:26:49 : t0:removeHighScalability

2023-01-30 05:26:54 : t0:removeHighScalability

2023-01-30 05:26:59 : t0:removeHighScalability

2023-01-30 05:27:04 : t0:removeHighScalability

2023-01-30 05:27:09 : t0:removeHighScalability

2023-01-30 05:27:14 : t0:removeHighScalability

2023-01-30 05:27:19 : t0:removeHighScalability

2023-01-30 05:27:24 : t0:removeHighScalability

2023-01-30 05:27:29 : t0:removeHighScalability

2023-01-30 05:27:34 : t0:removeHighScalability

2023-01-30 05:27:39 : t0:removeHighScalability

2023-01-30 05:27:44 : t0:removeHighScalability

2023-01-30 05:27:49 : t0:removeHighScalability

2023-01-30 05:27:54 : t0:removeHighScalability

2023-01-30 05:27:59 : t0:removeHighScalability

2023-01-30 05:28:04 : t0:removeHighScalability

2023-01-30 05:28:09 : t0:removeHighScalability

2023-01-30 05:28:14 : t0:removeHighScalability

2023-01-30 05:28:19 : t0:removeHighScalability

2023-01-30 05:28:24 : t0:removeHighScalability

2023-01-30 05:28:29 : t0:removeHighScalability

2023-01-30 05:28:34 : t0:removeHighScalability

2023-01-30 05:28:39 : t0:removeHighScalability

2023-01-30 05:28:44 : t0:removeHighScalability

2023-01-30 05:28:49 : t0:removeHighScalability

2023-01-30 05:28:54 : t0:removeHighScalability

2023-01-30 05:28:59 : t0:removeHighScalability

2023-01-30 05:29:04 : t0:removeHighScalability

2023-01-30 05:29:09 : t0:removeHighScalability

2023-01-30 05:29:14 : t0:removeHighScalability

2023-01-30 05:29:19 : t0:removeHighScalability

2023-01-30 05:29:24 : t0:removeHighScalability

2023-01-30 05:29:29 : t0:removeHighScalability

2023-01-30 05:29:34 : t0:removeHighScalability

2023-01-30 05:29:39 : t0:removeHighScalability

2023-01-30 05:29:44 : t0:removeHighScalability

2023-01-30 05:29:49 : t0:removeHighScalability

2023-01-30 05:29:54 : t0:removeHighScalability

2023-01-30 05:30:19 : t0:removeReplica

2023-01-30 05:30:24 : t0:removeReplica

2023-01-30 05:30:54 : t0:removeReplica

2023-01-30 05:30:59 : t0:removeReplica

2023-01-30 05:31:04 : t0:removeReplica

2023-01-30 05:31:09 : t0:removeReplica

2023-01-30 05:31:14 : t0:removeReplica

2023-01-30 05:31:19 : t0:removeReplica

2023-01-30 05:31:24 : t0:removeReplica

2023-01-30 05:31:29 : t0:removeReplica

2023-01-30 05:31:34 : t0:removeReplica

2023-01-30 05:31:39 : t0:removeReplica

2023-01-30 05:31:44 : t0:removeReplica

2023-01-30 05:31:49 : t0:removeReplica

2023-01-30 05:31:54 : t0:removeReplica

2023-01-30 05:31:59 : t0:removeReplica

2023-01-30 05:32:04 : t0:removeReplica

2023-01-30 05:32:09 : t0:removeReplica

2023-01-30 05:32:14 : t0:removeReplica

2023-01-30 05:32:19 : t0:removeReplica

2023-01-30 05:32:24 : t0:removeReplica

2023-01-30 05:32:29 : t0:removeReplica

2023-01-30 05:32:34 : t0:removeReplica

2023-01-30 05:32:39 : t0:removeReplica

2023-01-30 05:32:44 : t0:removeReplica

2023-01-30 05:32:49 : t0:removeReplica

2023-01-30 05:32:54 : t0:removeReplica

2023-01-30 05:32:59 : t0:removeReplica

2023-01-30 05:33:04 : t0:removeReplica

2023-01-30 05:33:09 : t0:removeReplica

2023-01-30 05:33:14 : t0:removeReplica

2023-01-30 05:33:19 : t0:removeReplica

2023-01-30 05:33:24 : t0:removeReplica

2023-01-30 05:33:29 : t0:removeReplica

2023-01-30 05:33:34 : t0:removeReplica

2023-01-30 05:33:39 : t0:removeReplica

2023-01-30 05:33:44 : t0:removeReplica

2023-01-30 05:33:49 : t0:removeReplica

2023-01-30 05:33:54 : t0:removeReplica

2023-01-30 05:33:59 : t0:removeReplica

2023-01-30 05:34:04 : t0:removeReplica

2023-01-30 05:34:09 : t0:removeReplica

2023-01-30 05:34:14 : t0:removeReplica

2023-01-30 05:34:19 : t0:removeReplica

2023-01-30 05:34:24 : t0:removeReplica

2023-01-30 05:34:29 : t0:removeReplica

2023-01-30 05:34:34 : t0:removeReplica

2023-01-30 05:34:39 : t0:removeReplica

2023-01-30 05:34:44 : t0:removeReplica

2023-01-30 05:34:49 : t0:removeReplica

2023-01-30 05:34:54 : t0:removeReplica

2023-01-30 05:34:59 : t0:removeReplica

2023-01-30 05:35:04 : t0:removeReplica

2023-01-30 05:35:09 : t0:removeReplica

2023-01-30 05:35:14 : t0:removeReplica

2023-01-30 05:35:19 : t0:removeReplica

2023-01-30 05:35:24 : t0:removeReplica

2023-01-30 05:35:29 : t0:removeReplica

2023-01-30 05:35:34 : t0:removeReplica

2023-01-30 05:35:39 : t0:removeReplica

2023-01-30 05:35:44 : t0:removeReplica

2023-01-30 05:35:49 : t0:removeReplica

2023-01-30 05:35:54 : t0:removeReplica

2023-01-30 05:35:59 : t0:removeReplica

2023-01-30 05:36:04 : t0:removeReplica

2023-01-30 05:36:09 : t0:removeReplica

2023-01-30 05:36:14 : t0:removeReplica

2023-01-30 05:36:19 : t0:removeReplica

2023-01-30 05:36:24 : t0:removeReplica

Reading file: summary-trace-znn.log
Reading file: temp
Reading file: temp2701
Reading file: test
Reading file: tools
Reading file: traceznn_20230130_022430.log

Trace znn data

{'name': 'kube-znn-db.173efe5279cdc829', 'type': 'Normal', 'message': 'Scaled up replica set kube-znn-db-558bb5dd64 to 1', 'dateevent': '2023-01-30 05:15:41+00:00', 'image': 'cmendes/znn:800k', 'replicas': 1, 'imageChanges': 0, 'replicasChanges': 1}

{'name': 'kube-znn.173efe527818655b', 'type': 'Normal', 'message': 'Scaled up replica set kube-znn-744bbbc54b to 1', 'dateevent': '2023-01-30 05:15:41+00:00', 'image': 'cmendes/znn:800k', 'replicas': 1, 'imageChanges': 0, 'replicasChanges': 1}

{'name': 'kube-znn.173efecf5ea0c419', 'type': 'Normal', 'message': 'Scaled up replica set kube-znn-744bbbc54b to 2', 'dateevent': '2023-01-30 05:24:38+00:00', 'image': 'cmendes/znn:800k', 'replicas': 2, 'imageChanges': 0, 'replicasChanges': 2}

{'name': 'kube-znn.173efed03c273ecd', 'type': 'Normal', 'message': 'Scaled up replica set kube-znn-744bbbc54b to 3', 'dateevent': '2023-01-30 05:24:41+00:00', 'image': 'cmendes/znn:800k', 'replicas': 3, 'imageChanges': 0, 'replicasChanges': 3}

{'name': 'kube-znn.173efed165d6f67b', 'type': 'Normal', 'message': 'Scaled up replica set kube-znn-744bbbc54b to 4', 'dateevent': '2023-01-30 05:24:46+00:00', 'image': 'cmendes/znn:800k', 'replicas': 4, 'imageChanges': 0, 'replicasChanges': 4}

{'name': 'kube-znn.173efed28ec9612d', 'type': 'Normal', 'message': 'Scaled up replica set kube-znn-744bbbc54b to 5', 'dateevent': '2023-01-30 05:24:51+00:00', 'image': 'cmendes/znn:800k', 'replicas': 5, 'imageChanges': 0, 'replicasChanges': 5}

{'name': 'kube-znn.173efed3b8731a81', 'type': 'Normal', 'message': 'Scaled up replica set kube-znn-744bbbc54b to 6', 'dateevent': '2023-01-30 05:24:56+00:00', 'image': 'cmendes/znn:800k', 'replicas': 6, 'imageChanges': 0, 'replicasChanges': 6}

{'name': 'kube-znn.173efed4e2b10956', 'type': 'Normal', 'message': 'Scaled up replica set kube-znn-744bbbc54b to 7', 'dateevent': '2023-01-30 05:25:01+00:00', 'image': 'cmendes/znn:800k', 'replicas': 7, 'imageChanges': 0, 'replicasChanges': 7}

{'name': 'kube-znn.173efed60c617edf', 'type': 'Normal', 'message': 'Scaled up replica set kube-znn-744bbbc54b to 8', 'dateevent': '2023-01-30 05:25:06+00:00', 'image': 'cmendes/znn:800k', 'replicas': 8, 'imageChanges': 0, 'replicasChanges': 8}

{'name': 'kube-znn.173efed73a9a795f', 'type': 'Normal', 'message': 'Scaled up replica set kube-znn-744bbbc54b to 9', 'dateevent': '2023-01-30 05:25:11+00:00', 'image': 'cmendes/znn:800k', 'replicas': 9, 'imageChanges': 0, 'replicasChanges': 9}

{'name': 'kube-znn.173efed8629d4337', 'type': 'Normal', 'message': '(combined from similar events): Scaled up replica set kube-znn-744bbbc54b to 10', 'dateevent': '2023-01-30 05:25:16+00:00', 'image': 'cmendes/znn:800k', 'replicas': 10, 'imageChanges': 0, 'replicasChanges': 10}

{'name': 'kube-znn.173efed8629d4337', 'type': 'Normal', 'message': '(combined from similar events): Scaled up replica set kube-znn-5c95bd98fb to 3', 'dateevent': '2023-01-30 05:25:16+00:00', 'image': 'cmendes/znn:600k', 'replicas': 10, 'imageChanges': 1, 'replicasChanges': 10}

{'name': 'kube-znn.173efed8629d4337', 'type': 'Normal', 'message': '(combined from similar events): Scaled down replica set kube-znn-744bbbc54b to 8', 'dateevent': '2023-01-30 05:25:16+00:00', 'image': 'cmendes/znn:600k', 'replicas': 10, 'imageChanges': 1, 'replicasChanges': 10}

{'name': 'kube-znn.173efed8629d4337', 'type': 'Normal', 'message': '(combined from similar events): Scaled up replica set kube-znn-5c95bd98fb to 5', 'dateevent': '2023-01-30 05:25:16+00:00', 'image': 'cmendes/znn:600k', 'replicas': 10, 'imageChanges': 1, 'replicasChanges': 10}

{'name': 'kube-znn.173efed8629d4337', 'type': 'Normal', 'message': '(combined from similar events): Scaled down replica set kube-znn-744bbbc54b to 5', 'dateevent': '2023-01-30 05:25:16+00:00', 'image': 'cmendes/znn:400k', 'replicas': 10, 'imageChanges': 2, 'replicasChanges': 10}

{'name': 'kube-znn.173efed8629d4337', 'type': 'Normal', 'message': '(combined from similar events): Scaled down replica set kube-znn-5c95bd98fb to 3', 'dateevent': '2023-01-30 05:25:16+00:00', 'image': 'cmendes/znn:400k', 'replicas': 10, 'imageChanges': 2, 'replicasChanges': 10}

{'name': 'kube-znn.173efed8629d4337', 'type': 'Normal', 'message': '(combined from similar events): Scaled up replica set kube-znn-549bfcf578 to 5', 'dateevent': '2023-01-30 05:25:16+00:00', 'image': 'cmendes/znn:400k', 'replicas': 10, 'imageChanges': 2, 'replicasChanges': 10}

{'name': 'kube-znn.173efed8629d4337', 'type': 'Normal', 'message': '(combined from similar events): Scaled down replica set kube-znn-549bfcf578 to 3', 'dateevent': '2023-01-30 05:25:16+00:00', 'image': 'cmendes/znn:600k', 'replicas': 10, 'imageChanges': 3, 'replicasChanges': 10}

{'name': 'kube-znn.173efee66f64baba', 'type': 'Normal', 'message': 'Scaled up replica set kube-znn-5c95bd98fb to 5', 'dateevent': '2023-01-30 05:26:17+00:00', 'image': 'cmendes/znn:600k', 'replicas': 10, 'imageChanges': 3, 'replicasChanges': 10}

{'name': 'kube-znn.173efee678750529', 'type': 'Normal', 'message': 'Scaled down replica set kube-znn-5c95bd98fb to 3', 'dateevent': '2023-01-30 05:26:17+00:00', 'image': 'cmendes/znn:400k', 'replicas': 10, 'imageChanges': 4, 'replicasChanges': 10}

{'name': 'kube-znn.173efee67934ead7', 'type': 'Normal', 'message': 'Scaled up replica set kube-znn-549bfcf578 to 5', 'dateevent': '2023-01-30 05:26:17+00:00', 'image': 'cmendes/znn:400k', 'replicas': 10, 'imageChanges': 4, 'replicasChanges': 10}

{'name': 'kube-znn.173efee7920e5648', 'type': 'Normal', 'message': 'Scaled down replica set kube-znn-549bfcf578 to 3', 'dateevent': '2023-01-30 05:26:21+00:00', 'image': 'cmendes/znn:600k', 'replicas': 10, 'imageChanges': 5, 'replicasChanges': 10}

{'name': 'kube-znn.173efee66f64baba', 'type': 'Normal', 'message': 'Scaled up replica set kube-znn-5c95bd98fb to 5', 'dateevent': '2023-01-30 05:26:17+00:00', 'image': 'cmendes/znn:600k', 'replicas': 10, 'imageChanges': 5, 'replicasChanges': 10}

{'name': 'kube-znn.173efee678750529', 'type': 'Normal', 'message': 'Scaled down replica set kube-znn-5c95bd98fb to 3', 'dateevent': '2023-01-30 05:26:17+00:00', 'image': 'cmendes/znn:400k', 'replicas': 10, 'imageChanges': 6, 'replicasChanges': 10}

{'name': 'kube-znn.173efee67934ead7', 'type': 'Normal', 'message': 'Scaled up replica set kube-znn-549bfcf578 to 5', 'dateevent': '2023-01-30 05:26:17+00:00', 'image': 'cmendes/znn:400k', 'replicas': 10, 'imageChanges': 6, 'replicasChanges': 10}

{'name': 'kube-znn.173efed8629d4337', 'type': 'Normal', 'message': '(combined from similar events): Scaled down replica set kube-znn-549bfcf578 to 2', 'dateevent': '2023-01-30 05:25:16+00:00', 'image': 'cmendes/znn:600k', 'replicas': 10, 'imageChanges': 7, 'replicasChanges': 10}

{'name': 'kube-znn.173efed8629d4337', 'type': 'Normal', 'message': '(combined from similar events): Scaled up replica set kube-znn-5c95bd98fb to 6', 'dateevent': '2023-01-30 05:25:16+00:00', 'image': 'cmendes/znn:600k', 'replicas': 10, 'imageChanges': 7, 'replicasChanges': 10}

{'name': 'kube-znn.173efeed655331c8', 'type': 'Normal', 'message': 'Scaled down replica set kube-znn-549bfcf578 to 0', 'dateevent': '2023-01-30 05:29:41+00:00', 'image': 'cmendes/znn:600k', 'replicas': 10, 'imageChanges': 7, 'replicasChanges': 10}

Reading file: VersionA-Monolithic
Reading file: VersionB-MicroControllers
Reading file: VersionC-WithFailureManagerMetaController
Reading file: VersionC-ZTemp
