Reading file: automatingDataGeneration.sh
Reading file: Evaluation-ZNN.7z
Reading file: fidelityb-657db6797b-7mwsn_tracing_20230127_184949.log

fidelityb data

2023-01-27 21:54:48 : t0:lowerFidelity

2023-01-27 21:55:23 : t0:raiseFidelity

Reading file: generateLogs171220
Reading file: generateLogs172658
Reading file: generateLogs174232
Reading file: generateLogs175703
Reading file: generateLogs181216
Reading file: generateLogs182733
Reading file: generateLogs184131
Reading file: generateLogs2.sh
Reading file: k6-r8zpx_tracing_20230127_184949.log
Reading file: README.md
Reading file: summary-trace-znn.log
Reading file: temp
Reading file: temp2701
Reading file: test
Reading file: tools
Reading file: traceznn_20230127_184949.log

Trace znn data

{'name': 'kube-znn-db.173e489c772bc007', 'type': 'Normal', 'message': 'Scaled up replica set kube-znn-db-6cc48797cf to 1', 'dateevent': '2023-01-27 21:45:48+00:00', 'image': 'cmendes/znn:800k', 'replicas': 1, 'imageChanges': 0, 'replicasChanges': 1}

{'name': 'kube-znn.173e489c7650ca28', 'type': 'Normal', 'message': 'Scaled up replica set kube-znn-68bd9d6b5b to 1', 'dateevent': '2023-01-27 21:45:48+00:00', 'image': 'cmendes/znn:800k', 'replicas': 1, 'imageChanges': 0, 'replicasChanges': 1}

{'name': 'kube-znn.173e48d6d488be10', 'type': 'Normal', 'message': 'Scaled up replica set kube-znn-68bd9d6b5b to 2', 'dateevent': '2023-01-27 21:49:58+00:00', 'image': 'cmendes/znn:800k', 'replicas': 2, 'imageChanges': 0, 'replicasChanges': 2}

{'name': 'kube-znn.173e48d7b0e8f3a8', 'type': 'Normal', 'message': 'Scaled up replica set kube-znn-68bd9d6b5b to 3', 'dateevent': '2023-01-27 21:50:02+00:00', 'image': 'cmendes/znn:800k', 'replicas': 3, 'imageChanges': 0, 'replicasChanges': 3}

{'name': 'kube-znn.173e48d8daadb6b8', 'type': 'Normal', 'message': 'Scaled up replica set kube-znn-68bd9d6b5b to 4', 'dateevent': '2023-01-27 21:50:07+00:00', 'image': 'cmendes/znn:800k', 'replicas': 4, 'imageChanges': 0, 'replicasChanges': 4}

{'name': 'kube-znn.173e48da051b06a1', 'type': 'Normal', 'message': 'Scaled up replica set kube-znn-68bd9d6b5b to 5', 'dateevent': '2023-01-27 21:50:12+00:00', 'image': 'cmendes/znn:800k', 'replicas': 5, 'imageChanges': 0, 'replicasChanges': 5}

{'name': 'kube-znn.173e48db2b6f6357', 'type': 'Normal', 'message': 'Scaled up replica set kube-znn-68bd9d6b5b to 6', 'dateevent': '2023-01-27 21:50:17+00:00', 'image': 'cmendes/znn:800k', 'replicas': 6, 'imageChanges': 0, 'replicasChanges': 6}

{'name': 'kube-znn.173e48dc536034f9', 'type': 'Normal', 'message': 'Scaled up replica set kube-znn-68bd9d6b5b to 7', 'dateevent': '2023-01-27 21:50:22+00:00', 'image': 'cmendes/znn:800k', 'replicas': 7, 'imageChanges': 0, 'replicasChanges': 7}

{'name': 'kube-znn.173e48dd7edf8d79', 'type': 'Normal', 'message': 'Scaled up replica set kube-znn-68bd9d6b5b to 8', 'dateevent': '2023-01-27 21:50:27+00:00', 'image': 'cmendes/znn:800k', 'replicas': 8, 'imageChanges': 0, 'replicasChanges': 8}

{'name': 'kube-znn.173e48dea98d6d62', 'type': 'Normal', 'message': 'Scaled up replica set kube-znn-68bd9d6b5b to 9', 'dateevent': '2023-01-27 21:50:32+00:00', 'image': 'cmendes/znn:800k', 'replicas': 9, 'imageChanges': 0, 'replicasChanges': 9}

{'name': 'kube-znn.173e48dfd341f5db', 'type': 'Normal', 'message': '(combined from similar events): Scaled up replica set kube-znn-68bd9d6b5b to 10', 'dateevent': '2023-01-27 21:50:37+00:00', 'image': 'cmendes/znn:800k', 'replicas': 10, 'imageChanges': 0, 'replicasChanges': 10}

{'name': 'kube-znn.173e48dfd341f5db', 'type': 'Normal', 'message': '(combined from similar events): Scaled up replica set kube-znn-7cbbf89f8 to 3', 'dateevent': '2023-01-27 21:50:37+00:00', 'image': 'cmendes/znn:600k', 'replicas': 10, 'imageChanges': 1, 'replicasChanges': 10}

{'name': 'kube-znn.173e48dfd341f5db', 'type': 'Normal', 'message': '(combined from similar events): Scaled down replica set kube-znn-68bd9d6b5b to 8', 'dateevent': '2023-01-27 21:50:37+00:00', 'image': 'cmendes/znn:600k', 'replicas': 10, 'imageChanges': 1, 'replicasChanges': 10}

{'name': 'kube-znn.173e48dfd341f5db', 'type': 'Normal', 'message': '(combined from similar events): Scaled up replica set kube-znn-7cbbf89f8 to 5', 'dateevent': '2023-01-27 21:50:37+00:00', 'image': 'cmendes/znn:600k', 'replicas': 10, 'imageChanges': 1, 'replicasChanges': 10}

{'name': 'kube-znn.173e48dfd341f5db', 'type': 'Normal', 'message': '(combined from similar events): Scaled down replica set kube-znn-68bd9d6b5b to 3', 'dateevent': '2023-01-27 21:50:37+00:00', 'image': 'cmendes/znn:600k', 'replicas': 4, 'imageChanges': 1, 'replicasChanges': 11}

{'name': 'kube-znn.173e48dfd341f5db', 'type': 'Normal', 'message': '(combined from similar events): Scaled down replica set kube-znn-7cbbf89f8 to 2', 'dateevent': '2023-01-27 21:50:37+00:00', 'image': 'cmendes/znn:600k', 'replicas': 4, 'imageChanges': 1, 'replicasChanges': 11}

{'name': 'kube-znn.173e48dfd341f5db', 'type': 'Normal', 'message': '(combined from similar events): Scaled down replica set kube-znn-68bd9d6b5b to 2', 'dateevent': '2023-01-27 21:50:37+00:00', 'image': 'cmendes/znn:600k', 'replicas': 4, 'imageChanges': 1, 'replicasChanges': 11}

{'name': 'kube-znn.173e48dfd341f5db', 'type': 'Normal', 'message': '(combined from similar events): Scaled up replica set kube-znn-7cbbf89f8 to 3', 'dateevent': '2023-01-27 21:50:37+00:00', 'image': 'cmendes/znn:600k', 'replicas': 4, 'imageChanges': 1, 'replicasChanges': 11}

{'name': 'kube-znn.173e48dfd341f5db', 'type': 'Normal', 'message': '(combined from similar events): Scaled down replica set kube-znn-68bd9d6b5b to 1', 'dateevent': '2023-01-27 21:50:37+00:00', 'image': 'cmendes/znn:600k', 'replicas': 4, 'imageChanges': 1, 'replicasChanges': 11}

{'name': 'kube-znn.173e48dfd341f5db', 'type': 'Normal', 'message': '(combined from similar events): Scaled up replica set kube-znn-7cbbf89f8 to 4', 'dateevent': '2023-01-27 21:50:37+00:00', 'image': 'cmendes/znn:600k', 'replicas': 4, 'imageChanges': 1, 'replicasChanges': 11}

{'name': 'kube-znn.173e48dfd341f5db', 'type': 'Normal', 'message': '(combined from similar events): Scaled down replica set kube-znn-7cbbf89f8 to 2', 'dateevent': '2023-01-27 21:50:37+00:00', 'image': 'cmendes/znn:800k', 'replicas': 4, 'imageChanges': 2, 'replicasChanges': 11}

{'name': 'kube-znn.173e48dfd341f5db', 'type': 'Normal', 'message': '(combined from similar events): Scaled up replica set kube-znn-68bd9d6b5b to 3', 'dateevent': '2023-01-27 21:50:37+00:00', 'image': 'cmendes/znn:800k', 'replicas': 4, 'imageChanges': 2, 'replicasChanges': 11}

{'name': 'kube-znn.173e48dfd341f5db', 'type': 'Normal', 'message': '(combined from similar events): Scaled down replica set kube-znn-7cbbf89f8 to 1', 'dateevent': '2023-01-27 21:50:37+00:00', 'image': 'cmendes/znn:800k', 'replicas': 4, 'imageChanges': 2, 'replicasChanges': 11}

{'name': 'kube-znn.173e48dfd341f5db', 'type': 'Normal', 'message': '(combined from similar events): Scaled up replica set kube-znn-68bd9d6b5b to 4', 'dateevent': '2023-01-27 21:50:37+00:00', 'image': 'cmendes/znn:800k', 'replicas': 4, 'imageChanges': 2, 'replicasChanges': 11}

{'name': 'kube-znn.173e48dfd341f5db', 'type': 'Normal', 'message': '(combined from similar events): Scaled down replica set kube-znn-7cbbf89f8 to 0', 'dateevent': '2023-01-27 21:50:37+00:00', 'image': 'cmendes/znn:800k', 'replicas': 4, 'imageChanges': 2, 'replicasChanges': 11}

{'name': 'kube-znn.173e48dfd341f5db', 'type': 'Normal', 'message': '(combined from similar events): Scaled up replica set kube-znn-68bd9d6b5b to 5', 'dateevent': '2023-01-27 21:50:37+00:00', 'image': 'cmendes/znn:800k', 'replicas': 5, 'imageChanges': 2, 'replicasChanges': 12}

{'name': 'kube-znn.173e48db2b6f6357', 'type': 'Normal', 'message': 'Scaled up replica set kube-znn-68bd9d6b5b to 6', 'dateevent': '2023-01-27 21:50:17+00:00', 'image': 'cmendes/znn:800k', 'replicas': 6, 'imageChanges': 2, 'replicasChanges': 13}

Reading file: VersionA-Monolithic
Reading file: VersionB-MicroControllers
Reading file: VersionC-WithFailureManagerMetaController
Reading file: VersionC-ZTemp
