Reading file: automatingDataGeneration.sh
Reading file: Evaluation-ZNN.7z
Reading file: fidelitya-778c6c6b8b-ggwf6_tracing_20230127_230211.log

fidelitya data

2023-01-28 02:05:48 : t0:raiseFidelity

2023-01-28 02:05:53 : t0:raiseFidelity

2023-01-28 02:06:43 : t0:raiseFidelity

2023-01-28 02:06:48 : t0:raiseFidelity

2023-01-28 02:06:53 : t0:raiseFidelity

2023-01-28 02:06:58 : t0:raiseFidelity

2023-01-28 02:07:03 : t0:raiseFidelity

2023-01-28 02:07:08 : t0:raiseFidelity

2023-01-28 02:07:13 : t0:raiseFidelity

2023-01-28 02:07:18 : t0:raiseFidelity

2023-01-28 02:07:23 : t0:raiseFidelity

2023-01-28 02:07:28 : t0:raiseFidelity

2023-01-28 02:07:33 : t0:raiseFidelity

2023-01-28 02:07:38 : t0:raiseFidelity

2023-01-28 02:07:43 : t0:raiseFidelity

2023-01-28 02:07:48 : t0:raiseFidelity

2023-01-28 02:07:53 : t0:raiseFidelity

2023-01-28 02:07:58 : t0:raiseFidelity

2023-01-28 02:08:03 : t0:raiseFidelity

2023-01-28 02:08:08 : t0:raiseFidelity

2023-01-28 02:08:13 : t0:raiseFidelity

2023-01-28 02:08:18 : t0:raiseFidelity

2023-01-28 02:08:23 : t0:raiseFidelity

Reading file: generateLogs171220
Reading file: generateLogs172658
Reading file: generateLogs174232
Reading file: generateLogs175703
Reading file: generateLogs181216
Reading file: generateLogs182733
Reading file: generateLogs184131
Reading file: generateLogs185550
Reading file: generateLogs190935
Reading file: generateLogs193004
Reading file: generateLogs194516
Reading file: generateLogs2.sh
Reading file: generateLogs200355
Reading file: generateLogs202827
Reading file: generateLogs205357
Reading file: generateLogs211928
Reading file: generateLogs214056
Reading file: generateLogs221057
Reading file: generateLogs224228
Reading file: k6-5q294_tracing_20230127_230211.log
Reading file: metacontroller-kubow-8479d7588d-wcrgr_tracing_20230127_230211.log

MetaController data

2023-01-28 02:03:02 : t0:activateLowScalabilityHighQuality

2023-01-28 02:03:12 : t0:addLowScalabilityLowQuality

2023-01-28 02:04:07 : t0:addHighScalabilityHighQuality

Reading file: README.md
Reading file: scalabilitya-78d6cbbc7d-mp4lr_tracing_20230127_230211.log

scalabilitya data

2023-01-28 02:04:51 : t0:addReplica

Reading file: summary-trace-znn.log
Reading file: temp
Reading file: temp2701
Reading file: test
Reading file: tools
Reading file: traceznn_20230127_230211.log

Trace znn data

{'name': 'kube-znn-db.173e55bd026d0917', 'type': 'Normal', 'message': 'Scaled up replica set kube-znn-db-6cc48797cf to 1', 'dateevent': '2023-01-28 01:46:21+00:00', 'image': 'cmendes/znn:800k', 'replicas': 1, 'imageChanges': 0, 'replicasChanges': 1}

{'name': 'kube-znn.173e55bd00e38a57', 'type': 'Normal', 'message': 'Scaled up replica set kube-znn-68bd9d6b5b to 1', 'dateevent': '2023-01-28 01:46:21+00:00', 'image': 'cmendes/znn:800k', 'replicas': 1, 'imageChanges': 0, 'replicasChanges': 1}

{'name': 'kube-znn.173e569ca686b23a', 'type': 'Normal', 'message': 'Scaled up replica set kube-znn-68bd9d6b5b to 2', 'dateevent': '2023-01-28 02:02:22+00:00', 'image': 'cmendes/znn:800k', 'replicas': 2, 'imageChanges': 0, 'replicasChanges': 2}

{'name': 'kube-znn.173e569d8f88f1b3', 'type': 'Normal', 'message': 'Scaled up replica set kube-znn-68bd9d6b5b to 3', 'dateevent': '2023-01-28 02:02:26+00:00', 'image': 'cmendes/znn:800k', 'replicas': 3, 'imageChanges': 0, 'replicasChanges': 3}

{'name': 'kube-znn.173e569eb53f0ae4', 'type': 'Normal', 'message': 'Scaled up replica set kube-znn-68bd9d6b5b to 4', 'dateevent': '2023-01-28 02:02:31+00:00', 'image': 'cmendes/znn:800k', 'replicas': 4, 'imageChanges': 0, 'replicasChanges': 4}

{'name': 'kube-znn.173e569fe186dbd3', 'type': 'Normal', 'message': 'Scaled up replica set kube-znn-68bd9d6b5b to 5', 'dateevent': '2023-01-28 02:02:36+00:00', 'image': 'cmendes/znn:800k', 'replicas': 5, 'imageChanges': 0, 'replicasChanges': 5}

{'name': 'kube-znn.173e56a107fd5464', 'type': 'Normal', 'message': 'Scaled up replica set kube-znn-68bd9d6b5b to 6', 'dateevent': '2023-01-28 02:02:41+00:00', 'image': 'cmendes/znn:800k', 'replicas': 6, 'imageChanges': 0, 'replicasChanges': 6}

{'name': 'kube-znn.173e56a231f90b92', 'type': 'Normal', 'message': 'Scaled up replica set kube-znn-68bd9d6b5b to 7', 'dateevent': '2023-01-28 02:02:46+00:00', 'image': 'cmendes/znn:800k', 'replicas': 7, 'imageChanges': 0, 'replicasChanges': 7}

{'name': 'kube-znn.173e56a35cfd3fde', 'type': 'Normal', 'message': 'Scaled up replica set kube-znn-68bd9d6b5b to 8', 'dateevent': '2023-01-28 02:02:51+00:00', 'image': 'cmendes/znn:800k', 'replicas': 8, 'imageChanges': 0, 'replicasChanges': 8}

{'name': 'kube-znn.173e56a487cbfb5a', 'type': 'Normal', 'message': 'Scaled up replica set kube-znn-68bd9d6b5b to 9', 'dateevent': '2023-01-28 02:02:56+00:00', 'image': 'cmendes/znn:800k', 'replicas': 9, 'imageChanges': 0, 'replicasChanges': 9}

{'name': 'kube-znn.173e56a5aff77c77', 'type': 'Normal', 'message': 'Scaled up replica set kube-znn-68bd9d6b5b to 10', 'dateevent': '2023-01-28 02:03:01+00:00', 'image': 'cmendes/znn:800k', 'replicas': 10, 'imageChanges': 0, 'replicasChanges': 10}

{'name': 'kube-znn.173e56adc69c93ff', 'type': 'Normal', 'message': '(combined from similar events): Scaled up replica set kube-znn-7995d9b499 to 3', 'dateevent': '2023-01-28 02:03:35+00:00', 'image': 'cmendes/znn:100k', 'replicas': 10, 'imageChanges': 1, 'replicasChanges': 10}

{'name': 'kube-znn.173e56adc69c93ff', 'type': 'Normal', 'message': '(combined from similar events): Scaled down replica set kube-znn-68bd9d6b5b to 8', 'dateevent': '2023-01-28 02:03:35+00:00', 'image': 'cmendes/znn:100k', 'replicas': 10, 'imageChanges': 1, 'replicasChanges': 10}

{'name': 'kube-znn.173e56adc69c93ff', 'type': 'Normal', 'message': '(combined from similar events): Scaled up replica set kube-znn-7995d9b499 to 5', 'dateevent': '2023-01-28 02:03:35+00:00', 'image': 'cmendes/znn:100k', 'replicas': 10, 'imageChanges': 1, 'replicasChanges': 10}

{'name': 'kube-znn.173e56adc69c93ff', 'type': 'Normal', 'message': '(combined from similar events): Scaled down replica set kube-znn-68bd9d6b5b to 3', 'dateevent': '2023-01-28 02:03:35+00:00', 'image': 'cmendes/znn:100k', 'replicas': 4, 'imageChanges': 1, 'replicasChanges': 11}

{'name': 'kube-znn.173e56adc69c93ff', 'type': 'Normal', 'message': '(combined from similar events): Scaled down replica set kube-znn-7995d9b499 to 2', 'dateevent': '2023-01-28 02:03:35+00:00', 'image': 'cmendes/znn:100k', 'replicas': 4, 'imageChanges': 1, 'replicasChanges': 11}

{'name': 'kube-znn.173e56adc69c93ff', 'type': 'Normal', 'message': '(combined from similar events): Scaled down replica set kube-znn-68bd9d6b5b to 2', 'dateevent': '2023-01-28 02:03:35+00:00', 'image': 'cmendes/znn:100k', 'replicas': 4, 'imageChanges': 1, 'replicasChanges': 11}

{'name': 'kube-znn.173e56adc69c93ff', 'type': 'Normal', 'message': '(combined from similar events): Scaled up replica set kube-znn-7995d9b499 to 3', 'dateevent': '2023-01-28 02:03:35+00:00', 'image': 'cmendes/znn:100k', 'replicas': 4, 'imageChanges': 1, 'replicasChanges': 11}

{'name': 'kube-znn.173e56adc69c93ff', 'type': 'Normal', 'message': '(combined from similar events): Scaled down replica set kube-znn-68bd9d6b5b to 1', 'dateevent': '2023-01-28 02:03:35+00:00', 'image': 'cmendes/znn:100k', 'replicas': 4, 'imageChanges': 1, 'replicasChanges': 11}

{'name': 'kube-znn.173e56adc69c93ff', 'type': 'Normal', 'message': '(combined from similar events): Scaled up replica set kube-znn-7995d9b499 to 4', 'dateevent': '2023-01-28 02:03:35+00:00', 'image': 'cmendes/znn:100k', 'replicas': 4, 'imageChanges': 1, 'replicasChanges': 11}

{'name': 'kube-znn.173e56adc69c93ff', 'type': 'Normal', 'message': '(combined from similar events): Scaled up replica set kube-znn-7995d9b499 to 6', 'dateevent': '2023-01-28 02:03:35+00:00', 'image': 'cmendes/znn:100k', 'replicas': 6, 'imageChanges': 1, 'replicasChanges': 12}

{'name': 'kube-znn.173e56adc69c93ff', 'type': 'Normal', 'message': '(combined from similar events): Scaled up replica set kube-znn-68bd9d6b5b to 2', 'dateevent': '2023-01-28 02:03:35+00:00', 'image': 'cmendes/znn:100k', 'replicas': 6, 'imageChanges': 1, 'replicasChanges': 12}

{'name': 'kube-znn.173e56adc69c93ff', 'type': 'Normal', 'message': '(combined from similar events): Scaled down replica set kube-znn-7995d9b499 to 4', 'dateevent': '2023-01-28 02:03:35+00:00', 'image': 'cmendes/znn:800k', 'replicas': 6, 'imageChanges': 2, 'replicasChanges': 12}

{'name': 'kube-znn.173e56adc69c93ff', 'type': 'Normal', 'message': '(combined from similar events): Scaled up replica set kube-znn-68bd9d6b5b to 4', 'dateevent': '2023-01-28 02:03:35+00:00', 'image': 'cmendes/znn:800k', 'replicas': 6, 'imageChanges': 2, 'replicasChanges': 12}

Reading file: VersionA-Monolithic
Reading file: VersionB-MicroControllers
Reading file: VersionC-WithFailureManagerMetaController
Reading file: VersionC-ZTemp
