Reading file: ALong10
Reading file: ALong10.7z
Reading file: automatingDataGeneration.sh
Reading file: BLong10
Reading file: BLong10_parte1.7z
Reading file: BLong10_parte2.7z
Reading file: BLong10_parte3.7z
Reading file: BShort10
Reading file: BShort10.7z
Reading file: CLong10
Reading file: CLong10.7z
Reading file: CShort10
Reading file: CShort10.7z
Reading file: Evaluation-ZNN.7z
Reading file: generateLogs001310
Reading file: generateLogs002901
Reading file: generateLogs004339
Reading file: generateLogs005901
Reading file: generateLogs011406
Reading file: generateLogs012752
Reading file: generateLogs014157
Reading file: generateLogs020228
Reading file: generateLogs022133
Reading file: generateLogs023519
Reading file: generateLogs024917
Reading file: generateLogs030312
Reading file: generateLogs2.sh
Reading file: k6-ftr4d_tracing_20230201_031142.log
Reading file: kubow-548bb5f4b4-8s2kn_tracing_20230201_031142.log

Kubow data

2023-02-01 06:11:50 : t0:addReplica

2023-02-01 06:11:55 : t0:addReplica

2023-02-01 06:12:00 : t0:addReplica

2023-02-01 06:12:05 : t0:addReplica

2023-02-01 06:12:10 : t0:addReplica

2023-02-01 06:12:15 : t0:addReplica

2023-02-01 06:12:20 : t0:addReplica

2023-02-01 06:12:25 : t0:addReplica

2023-02-01 06:12:30 : t0:addReplica

2023-02-01 06:12:35 : t1:lowerFidelity

2023-02-01 06:12:40 : t1:lowerFidelity

2023-02-01 06:12:45 : t1:lowerFidelity

2023-02-01 06:12:50 : t1:lowerFidelity

2023-02-01 06:12:55 : t1:lowerFidelity

2023-02-01 06:13:00 : t1:lowerFidelity

2023-02-01 06:13:05 : t1:lowerFidelity

2023-02-01 06:13:10 : t1:lowerFidelity

2023-02-01 06:13:15 : t1:lowerFidelity

2023-02-01 06:13:20 : t1:lowerFidelity

2023-02-01 06:13:25 : t1:lowerFidelity

2023-02-01 06:13:30 : t1:lowerFidelity

2023-02-01 06:13:35 : t1:lowerFidelity

2023-02-01 06:13:40 : t1:lowerFidelity

2023-02-01 06:13:45 : t1:lowerFidelity

2023-02-01 06:13:50 : t1:lowerFidelity

2023-02-01 06:13:55 : t1:lowerFidelity

2023-02-01 06:14:00 : t1:lowerFidelity

2023-02-01 06:14:05 : t1:lowerFidelity

2023-02-01 06:14:10 : t1:lowerFidelity

2023-02-01 06:14:15 : t1:lowerFidelity

2023-02-01 06:14:20 : t1:lowerFidelity

2023-02-01 06:14:25 : t1:lowerFidelity

2023-02-01 06:14:30 : t1:lowerFidelity

2023-02-01 06:14:35 : t1:lowerFidelity

2023-02-01 06:14:40 : t1:lowerFidelity

2023-02-01 06:14:45 : t1:lowerFidelity

2023-02-01 06:14:50 : t1:lowerFidelity

2023-02-01 06:14:55 : t1:lowerFidelity

2023-02-01 06:15:00 : t1:lowerFidelity

2023-02-01 06:15:05 : t1:lowerFidelity

2023-02-01 06:15:10 : t1:lowerFidelity

2023-02-01 06:15:15 : t1:lowerFidelity

2023-02-01 06:15:20 : t1:lowerFidelity

2023-02-01 06:15:25 : t1:lowerFidelity

2023-02-01 06:15:30 : t1:lowerFidelity

2023-02-01 06:15:35 : t1:lowerFidelity

2023-02-01 06:15:40 : t1:lowerFidelity

2023-02-01 06:15:45 : t1:lowerFidelity

2023-02-01 06:15:50 : t1:lowerFidelity

2023-02-01 06:15:55 : t1:lowerFidelity

2023-02-01 06:16:00 : t1:lowerFidelity

2023-02-01 06:16:05 : t1:lowerFidelity

2023-02-01 06:16:10 : t1:lowerFidelity

2023-02-01 06:16:15 : t1:lowerFidelity

2023-02-01 06:16:20 : t1:lowerFidelity

2023-02-01 06:16:25 : t1:lowerFidelity

2023-02-01 06:16:30 : t1:lowerFidelity

2023-02-01 06:16:35 : t1:lowerFidelity

2023-02-01 06:16:40 : t1:lowerFidelity

2023-02-01 06:16:45 : t1:lowerFidelity

2023-02-01 06:16:50 : t1:lowerFidelity

2023-02-01 06:16:55 : t0:addLowScalabilityLowQuality

Reading file: README.md
Reading file: summary-trace-znn.log
Reading file: temp
Reading file: temp2701
Reading file: temp3101
Reading file: test
Reading file: tools
Reading file: traceznn_20230201_031142.log

Trace znn data

{'name': 'kube-znn-db.173f9e54b26e1c77', 'type': 'Normal', 'message': 'Scaled up replica set kube-znn-db-6dd8968475 to 1', 'dateevent': '2023-02-01 06:07:53+00:00', 'image': 'cmendes/znn:800k', 'replicas': 1, 'imageChanges': 0, 'replicasChanges': 1}

{'name': 'kube-znn.173f9e54b0e94689', 'type': 'Normal', 'message': 'Scaled up replica set kube-znn-5fb97667db to 1', 'dateevent': '2023-02-01 06:07:52+00:00', 'image': 'cmendes/znn:800k', 'replicas': 1, 'imageChanges': 0, 'replicasChanges': 1}

{'name': 'kube-znn.173f9e8c6aa14d05', 'type': 'Normal', 'message': 'Scaled up replica set kube-znn-5fb97667db to 2', 'dateevent': '2023-02-01 06:11:52+00:00', 'image': 'cmendes/znn:800k', 'replicas': 2, 'imageChanges': 0, 'replicasChanges': 2}

{'name': 'kube-znn.173f9e8d40a571cf', 'type': 'Normal', 'message': 'Scaled up replica set kube-znn-5fb97667db to 3', 'dateevent': '2023-02-01 06:11:55+00:00', 'image': 'cmendes/znn:800k', 'replicas': 3, 'imageChanges': 0, 'replicasChanges': 3}

{'name': 'kube-znn.173f9e8e6839927c', 'type': 'Normal', 'message': 'Scaled up replica set kube-znn-5fb97667db to 4', 'dateevent': '2023-02-01 06:12:00+00:00', 'image': 'cmendes/znn:800k', 'replicas': 4, 'imageChanges': 0, 'replicasChanges': 4}

{'name': 'kube-znn.173f9e8f9484b9c9', 'type': 'Normal', 'message': 'Scaled up replica set kube-znn-5fb97667db to 5', 'dateevent': '2023-02-01 06:12:05+00:00', 'image': 'cmendes/znn:800k', 'replicas': 5, 'imageChanges': 0, 'replicasChanges': 5}

{'name': 'kube-znn.173f9e90baad9751', 'type': 'Normal', 'message': 'Scaled up replica set kube-znn-5fb97667db to 6', 'dateevent': '2023-02-01 06:12:10+00:00', 'image': 'cmendes/znn:800k', 'replicas': 6, 'imageChanges': 0, 'replicasChanges': 6}

{'name': 'kube-znn.173f9e91e494d3f3', 'type': 'Normal', 'message': 'Scaled up replica set kube-znn-5fb97667db to 7', 'dateevent': '2023-02-01 06:12:15+00:00', 'image': 'cmendes/znn:800k', 'replicas': 7, 'imageChanges': 0, 'replicasChanges': 7}

{'name': 'kube-znn.173f9e930d1b33f3', 'type': 'Normal', 'message': 'Scaled up replica set kube-znn-5fb97667db to 8', 'dateevent': '2023-02-01 06:12:20+00:00', 'image': 'cmendes/znn:800k', 'replicas': 8, 'imageChanges': 0, 'replicasChanges': 8}

{'name': 'kube-znn.173f9e9438717fc4', 'type': 'Normal', 'message': 'Scaled up replica set kube-znn-5fb97667db to 9', 'dateevent': '2023-02-01 06:12:25+00:00', 'image': 'cmendes/znn:800k', 'replicas': 9, 'imageChanges': 0, 'replicasChanges': 9}

{'name': 'kube-znn.173f9e9560d68fda', 'type': 'Normal', 'message': '(combined from similar events): Scaled up replica set kube-znn-5fb97667db to 10', 'dateevent': '2023-02-01 06:12:30+00:00', 'image': 'cmendes/znn:800k', 'replicas': 10, 'imageChanges': 0, 'replicasChanges': 10}

{'name': 'kube-znn.173f9e9560d68fda', 'type': 'Normal', 'message': '(combined from similar events): Scaled up replica set kube-znn-6978979d84 to 3', 'dateevent': '2023-02-01 06:12:30+00:00', 'image': 'cmendes/znn:600k', 'replicas': 10, 'imageChanges': 1, 'replicasChanges': 10}

{'name': 'kube-znn.173f9e9560d68fda', 'type': 'Normal', 'message': '(combined from similar events): Scaled down replica set kube-znn-5fb97667db to 8', 'dateevent': '2023-02-01 06:12:30+00:00', 'image': 'cmendes/znn:600k', 'replicas': 10, 'imageChanges': 1, 'replicasChanges': 10}

{'name': 'kube-znn.173f9e9560d68fda', 'type': 'Normal', 'message': '(combined from similar events): Scaled up replica set kube-znn-6978979d84 to 5', 'dateevent': '2023-02-01 06:12:30+00:00', 'image': 'cmendes/znn:600k', 'replicas': 10, 'imageChanges': 1, 'replicasChanges': 10}

{'name': 'kube-znn.173f9e9560d68fda', 'type': 'Normal', 'message': '(combined from similar events): Scaled down replica set kube-znn-6978979d84 to 0', 'dateevent': '2023-02-01 06:12:30+00:00', 'image': 'cmendes/znn:400k', 'replicas': 10, 'imageChanges': 2, 'replicasChanges': 10}

{'name': 'kube-znn.173f9e9560d68fda', 'type': 'Normal', 'message': '(combined from similar events): Scaled up replica set kube-znn-f8d56c578 to 5', 'dateevent': '2023-02-01 06:12:30+00:00', 'image': 'cmendes/znn:400k', 'replicas': 10, 'imageChanges': 2, 'replicasChanges': 10}

{'name': 'kube-znn.173f9e9560d68fda', 'type': 'Normal', 'message': '(combined from similar events): Scaled down replica set kube-znn-f8d56c578 to 0', 'dateevent': '2023-02-01 06:12:30+00:00', 'image': 'cmendes/znn:600k', 'replicas': 10, 'imageChanges': 3, 'replicasChanges': 10}

{'name': 'kube-znn.173f9e9560d68fda', 'type': 'Normal', 'message': '(combined from similar events): Scaled up replica set kube-znn-6978979d84 to 5', 'dateevent': '2023-02-01 06:12:30+00:00', 'image': 'cmendes/znn:600k', 'replicas': 10, 'imageChanges': 3, 'replicasChanges': 10}

{'name': 'kube-znn.173f9e9560d68fda', 'type': 'Normal', 'message': '(combined from similar events): Scaled down replica set kube-znn-6978979d84 to 0', 'dateevent': '2023-02-01 06:12:30+00:00', 'image': 'cmendes/znn:400k', 'replicas': 10, 'imageChanges': 4, 'replicasChanges': 10}

{'name': 'kube-znn.173f9e9560d68fda', 'type': 'Normal', 'message': '(combined from similar events): Scaled up replica set kube-znn-f8d56c578 to 5', 'dateevent': '2023-02-01 06:12:30+00:00', 'image': 'cmendes/znn:400k', 'replicas': 10, 'imageChanges': 4, 'replicasChanges': 10}

{'name': 'kube-znn.173f9e9a0c34aec7', 'type': 'Normal', 'message': 'Scaled down replica set kube-znn-f8d56c578 to 0', 'dateevent': '2023-02-01 06:12:50+00:00', 'image': 'cmendes/znn:600k', 'replicas': 10, 'imageChanges': 5, 'replicasChanges': 10}

{'name': 'kube-znn.173f9e9560d68fda', 'type': 'Normal', 'message': '(combined from similar events): Scaled up replica set kube-znn-6978979d84 to 5', 'dateevent': '2023-02-01 06:12:30+00:00', 'image': 'cmendes/znn:600k', 'replicas': 10, 'imageChanges': 5, 'replicasChanges': 10}

{'name': 'kube-znn.173f9e9560d68fda', 'type': 'Normal', 'message': '(combined from similar events): Scaled down replica set kube-znn-6978979d84 to 0', 'dateevent': '2023-02-01 06:12:30+00:00', 'image': 'cmendes/znn:400k', 'replicas': 10, 'imageChanges': 6, 'replicasChanges': 10}

{'name': 'kube-znn.173f9e9560d68fda', 'type': 'Normal', 'message': '(combined from similar events): Scaled up replica set kube-znn-f8d56c578 to 5', 'dateevent': '2023-02-01 06:12:30+00:00', 'image': 'cmendes/znn:400k', 'replicas': 10, 'imageChanges': 6, 'replicasChanges': 10}

{'name': 'kube-znn.173f9e9a0c34aec7', 'type': 'Normal', 'message': 'Scaled down replica set kube-znn-f8d56c578 to 0', 'dateevent': '2023-02-01 06:12:50+00:00', 'image': 'cmendes/znn:600k', 'replicas': 10, 'imageChanges': 7, 'replicasChanges': 10}

{'name': 'kube-znn.173f9e9b38292917', 'type': 'Normal', 'message': 'Scaled up replica set kube-znn-6978979d84 to 5', 'dateevent': '2023-02-01 06:12:55+00:00', 'image': 'cmendes/znn:600k', 'replicas': 10, 'imageChanges': 7, 'replicasChanges': 10}

{'name': 'kube-znn.173f9e9b474bfaf6', 'type': 'Normal', 'message': 'Scaled down replica set kube-znn-6978979d84 to 0', 'dateevent': '2023-02-01 06:12:56+00:00', 'image': 'cmendes/znn:400k', 'replicas': 10, 'imageChanges': 8, 'replicasChanges': 10}

Reading file: VersionA-Monolithic
Reading file: VersionB-MicroControllers
Reading file: VersionC-WithFailureManagerMetaController
Reading file: VersionC-ZTemp
