Reading file: automatingDataGeneration.sh
Reading file: CLong10
Reading file: CLong10.7z
Reading file: CShort10
Reading file: CShort10.7z
Reading file: Evaluation-ZNN.7z
Reading file: fidelitya-5b8dd7f8c7-n6l58_tracing_20230129_213935.log

fidelitya data

2023-01-30 00:40:31 : t0:lowerFidelity

Reading file: generateLogs104811
Reading file: generateLogs111449
Reading file: generateLogs115104
Reading file: generateLogs122114
Reading file: generateLogs125158
Reading file: generateLogs131404
Reading file: generateLogs134457
Reading file: generateLogs140932
Reading file: generateLogs144048
Reading file: generateLogs145725
Reading file: generateLogs152330
Reading file: generateLogs155416
Reading file: generateLogs162628
Reading file: generateLogs165146
Reading file: generateLogs172723
Reading file: generateLogs174859
Reading file: generateLogs181909
Reading file: generateLogs184936
Reading file: generateLogs192145
Reading file: generateLogs195734
Reading file: generateLogs2.sh
Reading file: generateLogs202056
Reading file: generateLogs203926
Reading file: generateLogs210932
Reading file: k6-7hlfq_tracing_20230129_213935.log
Reading file: README.md
Reading file: scalabilityb-66d698fc76-67sf4_tracing_20230129_213935.log

scalabilityb data

2023-01-30 00:40:58 : t0:removeHighScalability

2023-01-30 00:41:03 : t0:removeHighScalability

2023-01-30 00:41:08 : t0:removeHighScalability

2023-01-30 00:41:13 : t0:removeHighScalability

2023-01-30 00:41:18 : t0:removeHighScalability

2023-01-30 00:41:23 : t0:removeHighScalability

2023-01-30 00:41:28 : t0:removeHighScalability

2023-01-30 00:41:33 : t0:removeHighScalability

2023-01-30 00:41:38 : t0:removeHighScalability

2023-01-30 00:41:43 : t0:removeHighScalability

2023-01-30 00:41:48 : t0:removeHighScalability

2023-01-30 00:41:53 : t0:removeHighScalability

2023-01-30 00:41:58 : t0:removeHighScalability

2023-01-30 00:42:03 : t0:removeHighScalability

2023-01-30 00:42:08 : t0:removeHighScalability

2023-01-30 00:42:13 : t0:removeHighScalability

2023-01-30 00:42:18 : t0:removeHighScalability

2023-01-30 00:42:23 : t0:removeHighScalability

2023-01-30 00:42:28 : t0:removeHighScalability

2023-01-30 00:42:33 : t0:addHighScalability

2023-01-30 00:42:38 : t0:removeHighScalability

2023-01-30 00:42:43 : t0:removeHighScalability

2023-01-30 00:42:48 : t0:removeHighScalability

2023-01-30 00:42:53 : t0:removeHighScalability

2023-01-30 00:42:58 : t0:removeHighScalability

2023-01-30 00:43:03 : t0:addHighScalability

2023-01-30 00:43:08 : t0:removeHighScalability

2023-01-30 00:43:13 : t0:removeHighScalability

2023-01-30 00:43:18 : t0:removeHighScalability

2023-01-30 00:43:23 : t0:removeHighScalability

2023-01-30 00:43:28 : t0:removeHighScalability

2023-01-30 00:43:33 : t0:addHighScalability

2023-01-30 00:43:38 : t0:removeHighScalability

2023-01-30 00:43:43 : t0:removeHighScalability

2023-01-30 00:43:48 : t0:removeHighScalability

2023-01-30 00:43:53 : t0:removeHighScalability

2023-01-30 00:43:58 : t0:removeHighScalability

2023-01-30 00:44:03 : t0:addHighScalability

2023-01-30 00:44:08 : t0:removeHighScalability

2023-01-30 00:44:13 : t0:removeHighScalability

2023-01-30 00:44:18 : t0:removeHighScalability

2023-01-30 00:44:23 : t0:removeHighScalability

2023-01-30 00:44:28 : t0:removeHighScalability

2023-01-30 00:44:33 : t0:addHighScalability

2023-01-30 00:44:38 : t0:removeHighScalability

2023-01-30 00:44:43 : t0:removeHighScalability

2023-01-30 00:44:48 : t0:removeHighScalability

2023-01-30 00:44:53 : t0:removeHighScalability

2023-01-30 00:44:58 : t0:removeHighScalability

2023-01-30 00:45:03 : t0:removeHighScalability

2023-01-30 00:45:08 : t0:removeReplica

2023-01-30 00:45:13 : t0:removeReplica

2023-01-30 00:45:43 : t0:removeReplica

2023-01-30 00:45:48 : t0:removeReplica

2023-01-30 00:45:53 : t0:removeReplica

2023-01-30 00:45:58 : t0:removeReplica

2023-01-30 00:46:03 : t0:removeReplica

2023-01-30 00:46:08 : t0:removeReplica

2023-01-30 00:46:13 : t0:removeReplica

2023-01-30 00:46:18 : t0:removeReplica

2023-01-30 00:46:23 : t0:removeReplica

2023-01-30 00:46:28 : t0:removeReplica

2023-01-30 00:46:33 : t0:removeReplica

2023-01-30 00:46:38 : t0:removeReplica

2023-01-30 00:46:43 : t0:removeReplica

2023-01-30 00:46:48 : t0:removeReplica

2023-01-30 00:46:53 : t0:removeReplica

2023-01-30 00:46:58 : t0:removeReplica

2023-01-30 00:47:03 : t0:removeReplica

2023-01-30 00:47:08 : t0:removeReplica

2023-01-30 00:47:13 : t0:removeReplica

2023-01-30 00:47:18 : t0:removeReplica

2023-01-30 00:47:23 : t0:removeReplica

2023-01-30 00:47:28 : t0:removeReplica

2023-01-30 00:47:33 : t0:removeReplica

2023-01-30 00:47:38 : t0:removeReplica

2023-01-30 00:47:43 : t0:removeReplica

2023-01-30 00:47:48 : t0:removeReplica

2023-01-30 00:47:53 : t0:removeReplica

2023-01-30 00:47:58 : t0:removeReplica

2023-01-30 00:48:03 : t0:removeReplica

2023-01-30 00:48:08 : t0:removeReplica

2023-01-30 00:48:13 : t0:removeReplica

2023-01-30 00:48:18 : t0:removeReplica

2023-01-30 00:48:23 : t0:removeReplica

2023-01-30 00:48:28 : t0:removeReplica

2023-01-30 00:48:33 : t0:removeReplica

2023-01-30 00:48:38 : t0:removeReplica

2023-01-30 00:48:43 : t0:removeReplica

2023-01-30 00:48:48 : t0:removeReplica

2023-01-30 00:48:53 : t0:removeReplica

2023-01-30 00:48:58 : t0:removeReplica

2023-01-30 00:49:03 : t0:removeReplica

2023-01-30 00:49:08 : t0:removeReplica

2023-01-30 00:49:13 : t0:removeReplica

2023-01-30 00:49:18 : t0:removeReplica

2023-01-30 00:49:23 : t0:removeReplica

2023-01-30 00:49:28 : t0:removeReplica

2023-01-30 00:49:33 : t0:removeReplica

2023-01-30 00:49:38 : t0:removeReplica

2023-01-30 00:49:43 : t0:removeReplica

2023-01-30 00:49:48 : t0:removeReplica

2023-01-30 00:49:53 : t0:removeReplica

2023-01-30 00:49:58 : t0:removeReplica

2023-01-30 00:50:03 : t0:removeReplica

2023-01-30 00:50:08 : t0:removeReplica

2023-01-30 00:50:13 : t0:removeReplica

2023-01-30 00:50:18 : t0:removeReplica

2023-01-30 00:50:23 : t0:removeReplica

2023-01-30 00:50:28 : t0:removeReplica

2023-01-30 00:50:33 : t0:removeReplica

2023-01-30 00:50:38 : t0:removeReplica

2023-01-30 00:50:43 : t0:removeReplica

2023-01-30 00:50:48 : t0:removeReplica

2023-01-30 00:50:53 : t0:removeReplica

2023-01-30 00:50:58 : t0:removeReplica

2023-01-30 00:51:03 : t0:removeReplica

2023-01-30 00:51:08 : t0:removeReplica

2023-01-30 00:51:13 : t0:removeReplica

Reading file: summary-trace-znn.log
Reading file: temp
Reading file: temp2701
Reading file: test
Reading file: tools
Reading file: traceznn_20230129_213935.log

Trace znn data

{'name': 'kube-znn-db.173eeddb88cf2c85', 'type': 'Normal', 'message': 'Scaled up replica set kube-znn-db-558bb5dd64 to 1', 'dateevent': '2023-01-30 00:13:58+00:00', 'image': 'cmendes/znn:800k', 'replicas': 1, 'imageChanges': 0, 'replicasChanges': 1}

{'name': 'kube-znn.173eeddb86f45728', 'type': 'Normal', 'message': 'Scaled up replica set kube-znn-744bbbc54b to 1', 'dateevent': '2023-01-30 00:13:58+00:00', 'image': 'cmendes/znn:800k', 'replicas': 1, 'imageChanges': 0, 'replicasChanges': 1}

{'name': 'kube-znn.173eef444591405b', 'type': 'Normal', 'message': 'Scaled up replica set kube-znn-744bbbc54b to 2', 'dateevent': '2023-01-30 00:39:47+00:00', 'image': 'cmendes/znn:800k', 'replicas': 2, 'imageChanges': 0, 'replicasChanges': 2}

{'name': 'kube-znn.173eef451ed135d4', 'type': 'Normal', 'message': 'Scaled up replica set kube-znn-744bbbc54b to 3', 'dateevent': '2023-01-30 00:39:51+00:00', 'image': 'cmendes/znn:800k', 'replicas': 3, 'imageChanges': 0, 'replicasChanges': 3}

{'name': 'kube-znn.173eef464cbf3f8c', 'type': 'Normal', 'message': 'Scaled up replica set kube-znn-744bbbc54b to 4', 'dateevent': '2023-01-30 00:39:56+00:00', 'image': 'cmendes/znn:800k', 'replicas': 4, 'imageChanges': 0, 'replicasChanges': 4}

{'name': 'kube-znn.173eef477083014f', 'type': 'Normal', 'message': 'Scaled up replica set kube-znn-744bbbc54b to 5', 'dateevent': '2023-01-30 00:40:01+00:00', 'image': 'cmendes/znn:800k', 'replicas': 5, 'imageChanges': 0, 'replicasChanges': 5}

{'name': 'kube-znn.173eef4898155307', 'type': 'Normal', 'message': 'Scaled up replica set kube-znn-744bbbc54b to 6', 'dateevent': '2023-01-30 00:40:06+00:00', 'image': 'cmendes/znn:800k', 'replicas': 6, 'imageChanges': 0, 'replicasChanges': 6}

{'name': 'kube-znn.173eef49c275c78c', 'type': 'Normal', 'message': 'Scaled up replica set kube-znn-744bbbc54b to 7', 'dateevent': '2023-01-30 00:40:11+00:00', 'image': 'cmendes/znn:800k', 'replicas': 7, 'imageChanges': 0, 'replicasChanges': 7}

{'name': 'kube-znn.173eef4af2432465', 'type': 'Normal', 'message': 'Scaled up replica set kube-znn-744bbbc54b to 8', 'dateevent': '2023-01-30 00:40:16+00:00', 'image': 'cmendes/znn:800k', 'replicas': 8, 'imageChanges': 0, 'replicasChanges': 8}

{'name': 'kube-znn.173eef4c189a2ada', 'type': 'Normal', 'message': 'Scaled up replica set kube-znn-744bbbc54b to 9', 'dateevent': '2023-01-30 00:40:21+00:00', 'image': 'cmendes/znn:800k', 'replicas': 9, 'imageChanges': 0, 'replicasChanges': 9}

{'name': 'kube-znn.173eef4d403e5c38', 'type': 'Normal', 'message': 'Scaled up replica set kube-znn-744bbbc54b to 10', 'dateevent': '2023-01-30 00:40:26+00:00', 'image': 'cmendes/znn:800k', 'replicas': 10, 'imageChanges': 0, 'replicasChanges': 10}

{'name': 'kube-znn.173eef4ebea6c6b2', 'type': 'Normal', 'message': '(combined from similar events): Scaled up replica set kube-znn-5c95bd98fb to 3', 'dateevent': '2023-01-30 00:40:32+00:00', 'image': 'cmendes/znn:600k', 'replicas': 10, 'imageChanges': 1, 'replicasChanges': 10}

{'name': 'kube-znn.173eef4ebea6c6b2', 'type': 'Normal', 'message': '(combined from similar events): Scaled down replica set kube-znn-744bbbc54b to 8', 'dateevent': '2023-01-30 00:40:32+00:00', 'image': 'cmendes/znn:600k', 'replicas': 10, 'imageChanges': 1, 'replicasChanges': 10}

{'name': 'kube-znn.173eef4ebea6c6b2', 'type': 'Normal', 'message': '(combined from similar events): Scaled up replica set kube-znn-5c95bd98fb to 5', 'dateevent': '2023-01-30 00:40:32+00:00', 'image': 'cmendes/znn:600k', 'replicas': 10, 'imageChanges': 1, 'replicasChanges': 10}

{'name': 'kube-znn.173eef4ebea6c6b2', 'type': 'Normal', 'message': '(combined from similar events): Scaled down replica set kube-znn-744bbbc54b to 7', 'dateevent': '2023-01-30 00:40:32+00:00', 'image': 'cmendes/znn:600k', 'replicas': 10, 'imageChanges': 1, 'replicasChanges': 10}

{'name': 'kube-znn.173eef4ebea6c6b2', 'type': 'Normal', 'message': '(combined from similar events): Scaled up replica set kube-znn-5c95bd98fb to 6', 'dateevent': '2023-01-30 00:40:32+00:00', 'image': 'cmendes/znn:600k', 'replicas': 10, 'imageChanges': 1, 'replicasChanges': 10}

{'name': 'kube-znn.173eef4ebea6c6b2', 'type': 'Normal', 'message': '(combined from similar events): Scaled down replica set kube-znn-744bbbc54b to 6', 'dateevent': '2023-01-30 00:40:32+00:00', 'image': 'cmendes/znn:600k', 'replicas': 10, 'imageChanges': 1, 'replicasChanges': 10}

{'name': 'kube-znn.173eef4ebea6c6b2', 'type': 'Normal', 'message': '(combined from similar events): Scaled up replica set kube-znn-5c95bd98fb to 7', 'dateevent': '2023-01-30 00:40:32+00:00', 'image': 'cmendes/znn:600k', 'replicas': 10, 'imageChanges': 1, 'replicasChanges': 10}

{'name': 'kube-znn.173eef4ebea6c6b2', 'type': 'Normal', 'message': '(combined from similar events): Scaled down replica set kube-znn-744bbbc54b to 5', 'dateevent': '2023-01-30 00:40:32+00:00', 'image': 'cmendes/znn:600k', 'replicas': 10, 'imageChanges': 1, 'replicasChanges': 10}

{'name': 'kube-znn.173eef4ebea6c6b2', 'type': 'Normal', 'message': '(combined from similar events): Scaled up replica set kube-znn-5c95bd98fb to 8', 'dateevent': '2023-01-30 00:40:32+00:00', 'image': 'cmendes/znn:600k', 'replicas': 10, 'imageChanges': 1, 'replicasChanges': 10}

{'name': 'kube-znn.173eef4ebea6c6b2', 'type': 'Normal', 'message': '(combined from similar events): Scaled down replica set kube-znn-5c95bd98fb to 3', 'dateevent': '2023-01-30 00:40:32+00:00', 'image': 'cmendes/znn:600k', 'replicas': 4, 'imageChanges': 1, 'replicasChanges': 11}

{'name': 'kube-znn.173eef4ebea6c6b2', 'type': 'Normal', 'message': '(combined from similar events): Scaled down replica set kube-znn-744bbbc54b to 2', 'dateevent': '2023-01-30 00:40:32+00:00', 'image': 'cmendes/znn:600k', 'replicas': 4, 'imageChanges': 1, 'replicasChanges': 11}

{'name': 'kube-znn.173eef4ebea6c6b2', 'type': 'Normal', 'message': '(combined from similar events): Scaled down replica set kube-znn-744bbbc54b to 0', 'dateevent': '2023-01-30 00:40:32+00:00', 'image': 'cmendes/znn:600k', 'replicas': 4, 'imageChanges': 1, 'replicasChanges': 11}

{'name': 'kube-znn.173eef4ebea6c6b2', 'type': 'Normal', 'message': '(combined from similar events): Scaled up replica set kube-znn-5c95bd98fb to 4', 'dateevent': '2023-01-30 00:40:32+00:00', 'image': 'cmendes/znn:600k', 'replicas': 4, 'imageChanges': 1, 'replicasChanges': 11}

Reading file: VersionA-Monolithic
Reading file: VersionB-MicroControllers
Reading file: VersionC-WithFailureManagerMetaController
Reading file: VersionC-ZTemp
