Reading file: automatingDataGeneration.sh
Reading file: BLong10
Reading file: BLong10_parte1.7z
Reading file: BLong10_parte2.7z
Reading file: BLong10_parte3.7z
Reading file: BShort10
Reading file: BShort10.7z
Reading file: CLong10
Reading file: CLong10.7z
Reading file: CShort10
Reading file: CShort10.7z
Reading file: Evaluation-ZNN.7z
Reading file: fidelitya-5b8dd7f8c7-kdcl9_tracing_20230131_031507.log

fidelitya data

2023-01-31 06:15:58 : t0:lowerFidelity

2023-01-31 06:16:13 : t0:lowerFidelity

2023-01-31 06:16:28 : t0:lowerFidelity

2023-01-31 06:16:43 : t0:lowerFidelity

2023-01-31 06:17:23 : t0:removeLowQuality

2023-01-31 06:17:28 : t0:removeLowQuality

2023-01-31 06:17:33 : t0:removeLowQuality

2023-01-31 06:17:38 : t0:raiseFidelity

2023-01-31 06:17:43 : t0:raiseFidelity

2023-01-31 06:18:13 : t0:raiseFidelity

2023-01-31 06:18:18 : t0:raiseFidelity

2023-01-31 06:18:23 : t0:raiseFidelity

2023-01-31 06:18:28 : t0:raiseFidelity

2023-01-31 06:18:33 : t0:raiseFidelity

2023-01-31 06:18:38 : t0:raiseFidelity

2023-01-31 06:18:43 : t0:raiseFidelity

2023-01-31 06:18:48 : t0:raiseFidelity

2023-01-31 06:18:53 : t0:raiseFidelity

2023-01-31 06:18:58 : t0:raiseFidelity

2023-01-31 06:19:03 : t0:raiseFidelity

2023-01-31 06:19:08 : t0:raiseFidelity

2023-01-31 06:19:13 : t0:raiseFidelity

2023-01-31 06:19:18 : t0:raiseFidelity

2023-01-31 06:19:23 : t0:raiseFidelity

2023-01-31 06:19:28 : t0:raiseFidelity

2023-01-31 06:19:33 : t0:raiseFidelity

2023-01-31 06:19:38 : t0:raiseFidelity

2023-01-31 06:19:43 : t0:raiseFidelity

2023-01-31 06:19:48 : t0:raiseFidelity

2023-01-31 06:19:53 : t0:raiseFidelity

2023-01-31 06:19:58 : t0:raiseFidelity

2023-01-31 06:20:03 : t0:raiseFidelity

2023-01-31 06:20:08 : t0:raiseFidelity

2023-01-31 06:20:13 : t0:raiseFidelity

2023-01-31 06:20:18 : t0:raiseFidelity

2023-01-31 06:20:23 : t0:raiseFidelity

2023-01-31 06:20:28 : t0:raiseFidelity

2023-01-31 06:20:33 : t0:raiseFidelity

2023-01-31 06:20:38 : t0:raiseFidelity

2023-01-31 06:20:43 : t0:raiseFidelity

2023-01-31 06:20:48 : t0:raiseFidelity

2023-01-31 06:20:53 : t0:raiseFidelity

2023-01-31 06:20:58 : t0:raiseFidelity

2023-01-31 06:21:03 : t0:raiseFidelity

2023-01-31 06:21:08 : t0:raiseFidelity

2023-01-31 06:21:13 : t0:raiseFidelity

2023-01-31 06:21:18 : t0:raiseFidelity

2023-01-31 06:21:23 : t0:raiseFidelity

2023-01-31 06:21:28 : t0:raiseFidelity

2023-01-31 06:21:33 : t0:raiseFidelity

2023-01-31 06:21:38 : t0:raiseFidelity

2023-01-31 06:21:43 : t0:raiseFidelity

2023-01-31 06:21:48 : t0:raiseFidelity

2023-01-31 06:21:53 : t0:raiseFidelity

2023-01-31 06:21:58 : t0:raiseFidelity

2023-01-31 06:22:03 : t0:raiseFidelity

2023-01-31 06:22:08 : t0:raiseFidelity

2023-01-31 06:22:13 : t0:raiseFidelity

2023-01-31 06:22:18 : t0:raiseFidelity

2023-01-31 06:22:23 : t0:raiseFidelity

2023-01-31 06:22:28 : t0:raiseFidelity

2023-01-31 06:22:33 : t0:raiseFidelity

2023-01-31 06:22:38 : t0:raiseFidelity

2023-01-31 06:22:43 : t0:raiseFidelity

2023-01-31 06:22:48 : t0:raiseFidelity

2023-01-31 06:22:53 : t0:raiseFidelity

2023-01-31 06:22:58 : t0:raiseFidelity

2023-01-31 06:23:03 : t0:raiseFidelity

2023-01-31 06:23:08 : t0:raiseFidelity

2023-01-31 06:23:13 : t0:raiseFidelity

2023-01-31 06:23:18 : t0:raiseFidelity

2023-01-31 06:23:23 : t0:raiseFidelity

2023-01-31 06:23:28 : t0:raiseFidelity

2023-01-31 06:23:33 : t0:raiseFidelity

2023-01-31 06:23:38 : t0:raiseFidelity

2023-01-31 06:23:43 : t0:raiseFidelity

2023-01-31 06:23:48 : t0:raiseFidelity

2023-01-31 06:23:53 : t0:raiseFidelity

Reading file: generateLogs001506
Reading file: generateLogs004452
Reading file: generateLogs010914
Reading file: generateLogs013758
Reading file: generateLogs015943
Reading file: generateLogs023320
Reading file: generateLogs030632
Reading file: generateLogs2.sh
Reading file: generateLogs225909
Reading file: generateLogs232306
Reading file: generateLogs234622
Reading file: k6-kbcgq_tracing_20230131_031507.log
Reading file: README.md
Reading file: scalabilityb-66d698fc76-4txwv_tracing_20230131_031507.log

scalabilityb data

2023-01-31 06:16:37 : t0:removeHighScalability

2023-01-31 06:16:42 : t0:adjustReplicas

2023-01-31 06:18:12 : t0:removeReplica

2023-01-31 06:18:17 : t0:removeReplica

2023-01-31 06:18:22 : t0:removeReplica

2023-01-31 06:18:27 : t0:removeReplica

2023-01-31 06:18:32 : t0:removeReplica

2023-01-31 06:18:37 : t0:removeReplica

2023-01-31 06:18:42 : t0:removeReplica

2023-01-31 06:18:47 : t0:removeReplica

2023-01-31 06:18:52 : t0:removeReplica

2023-01-31 06:18:57 : t0:removeReplica

2023-01-31 06:19:02 : t0:removeReplica

2023-01-31 06:19:07 : t0:removeReplica

2023-01-31 06:19:12 : t0:removeReplica

2023-01-31 06:19:17 : t0:removeReplica

2023-01-31 06:19:22 : t0:removeReplica

2023-01-31 06:19:27 : t0:removeReplica

2023-01-31 06:19:32 : t0:removeReplica

2023-01-31 06:19:37 : t0:removeReplica

2023-01-31 06:19:42 : t0:removeReplica

2023-01-31 06:19:47 : t0:removeReplica

2023-01-31 06:19:52 : t0:removeReplica

2023-01-31 06:19:57 : t0:removeReplica

2023-01-31 06:20:02 : t0:removeReplica

2023-01-31 06:20:07 : t0:removeReplica

2023-01-31 06:20:12 : t0:removeReplica

2023-01-31 06:20:17 : t0:removeReplica

2023-01-31 06:20:22 : t0:removeReplica

2023-01-31 06:20:27 : t0:removeReplica

2023-01-31 06:20:32 : t0:removeReplica

2023-01-31 06:20:37 : t0:removeReplica

2023-01-31 06:20:42 : t0:removeReplica

2023-01-31 06:20:47 : t0:removeReplica

2023-01-31 06:20:52 : t0:removeReplica

2023-01-31 06:20:57 : t0:removeReplica

2023-01-31 06:21:02 : t0:removeReplica

2023-01-31 06:21:07 : t0:removeReplica

2023-01-31 06:21:12 : t0:removeReplica

2023-01-31 06:21:17 : t0:removeReplica

2023-01-31 06:21:22 : t0:removeReplica

2023-01-31 06:21:27 : t0:removeReplica

2023-01-31 06:21:32 : t0:removeReplica

2023-01-31 06:21:37 : t0:removeReplica

2023-01-31 06:21:42 : t0:removeReplica

2023-01-31 06:21:47 : t0:removeReplica

2023-01-31 06:21:52 : t0:removeReplica

2023-01-31 06:21:57 : t0:removeReplica

2023-01-31 06:22:02 : t0:removeReplica

2023-01-31 06:22:07 : t0:removeReplica

2023-01-31 06:22:12 : t0:removeReplica

2023-01-31 06:22:17 : t0:removeReplica

2023-01-31 06:22:22 : t0:removeReplica

2023-01-31 06:22:27 : t0:removeReplica

2023-01-31 06:22:32 : t0:removeReplica

2023-01-31 06:22:37 : t0:removeReplica

2023-01-31 06:22:42 : t0:removeReplica

2023-01-31 06:22:47 : t0:removeReplica

2023-01-31 06:22:52 : t0:removeReplica

2023-01-31 06:22:57 : t0:removeReplica

2023-01-31 06:23:02 : t0:removeReplica

2023-01-31 06:23:07 : t0:removeReplica

2023-01-31 06:23:12 : t0:removeReplica

2023-01-31 06:23:17 : t0:removeReplica

2023-01-31 06:23:22 : t0:removeReplica

2023-01-31 06:23:27 : t0:removeReplica

2023-01-31 06:23:32 : t0:removeReplica

2023-01-31 06:23:37 : t0:removeReplica

2023-01-31 06:23:42 : t0:removeReplica

2023-01-31 06:23:47 : t0:removeReplica

2023-01-31 06:23:52 : t0:removeReplica

Reading file: summary-trace-znn.log
Reading file: temp
Reading file: temp2701
Reading file: test
Reading file: tools
Reading file: traceznn_20230131_031507.log

Trace znn data

{'name': 'kube-znn-db.173f4febf8974fbf', 'type': 'Normal', 'message': 'Scaled up replica set kube-znn-db-558bb5dd64 to 1', 'dateevent': '2023-01-31 06:11:01+00:00', 'image': 'cmendes/znn:800k', 'replicas': 1, 'imageChanges': 0, 'replicasChanges': 1}

{'name': 'kube-znn.173f4febf786efe8', 'type': 'Normal', 'message': 'Scaled up replica set kube-znn-744bbbc54b to 1', 'dateevent': '2023-01-31 06:11:01+00:00', 'image': 'cmendes/znn:800k', 'replicas': 1, 'imageChanges': 0, 'replicasChanges': 1}

{'name': 'kube-znn.173f502771f0b0b3', 'type': 'Normal', 'message': 'Scaled up replica set kube-znn-744bbbc54b to 2', 'dateevent': '2023-01-31 06:15:16+00:00', 'image': 'cmendes/znn:800k', 'replicas': 2, 'imageChanges': 0, 'replicasChanges': 2}

{'name': 'kube-znn.173f5028558ec20e', 'type': 'Normal', 'message': 'Scaled up replica set kube-znn-744bbbc54b to 3', 'dateevent': '2023-01-31 06:15:20+00:00', 'image': 'cmendes/znn:800k', 'replicas': 3, 'imageChanges': 0, 'replicasChanges': 3}

{'name': 'kube-znn.173f50297f2e1c33', 'type': 'Normal', 'message': 'Scaled up replica set kube-znn-744bbbc54b to 4', 'dateevent': '2023-01-31 06:15:25+00:00', 'image': 'cmendes/znn:800k', 'replicas': 4, 'imageChanges': 0, 'replicasChanges': 4}

{'name': 'kube-znn.173f502aa47c5367', 'type': 'Normal', 'message': 'Scaled up replica set kube-znn-744bbbc54b to 5', 'dateevent': '2023-01-31 06:15:30+00:00', 'image': 'cmendes/znn:800k', 'replicas': 5, 'imageChanges': 0, 'replicasChanges': 5}

{'name': 'kube-znn.173f502bce58f829', 'type': 'Normal', 'message': 'Scaled up replica set kube-znn-744bbbc54b to 6', 'dateevent': '2023-01-31 06:15:35+00:00', 'image': 'cmendes/znn:800k', 'replicas': 6, 'imageChanges': 0, 'replicasChanges': 6}

{'name': 'kube-znn.173f502cf96ca1ee', 'type': 'Normal', 'message': 'Scaled up replica set kube-znn-744bbbc54b to 7', 'dateevent': '2023-01-31 06:15:40+00:00', 'image': 'cmendes/znn:800k', 'replicas': 7, 'imageChanges': 0, 'replicasChanges': 7}

{'name': 'kube-znn.173f502e21e6fe4c', 'type': 'Normal', 'message': 'Scaled up replica set kube-znn-744bbbc54b to 8', 'dateevent': '2023-01-31 06:15:45+00:00', 'image': 'cmendes/znn:800k', 'replicas': 8, 'imageChanges': 0, 'replicasChanges': 8}

{'name': 'kube-znn.173f502f4be66af5', 'type': 'Normal', 'message': 'Scaled up replica set kube-znn-744bbbc54b to 9', 'dateevent': '2023-01-31 06:15:50+00:00', 'image': 'cmendes/znn:800k', 'replicas': 9, 'imageChanges': 0, 'replicasChanges': 9}

{'name': 'kube-znn.173f5030751ff5db', 'type': 'Normal', 'message': '(combined from similar events): Scaled up replica set kube-znn-744bbbc54b to 10', 'dateevent': '2023-01-31 06:15:55+00:00', 'image': 'cmendes/znn:800k', 'replicas': 10, 'imageChanges': 0, 'replicasChanges': 10}

{'name': 'kube-znn.173f5030751ff5db', 'type': 'Normal', 'message': '(combined from similar events): Scaled up replica set kube-znn-5c95bd98fb to 3', 'dateevent': '2023-01-31 06:15:55+00:00', 'image': 'cmendes/znn:600k', 'replicas': 10, 'imageChanges': 1, 'replicasChanges': 10}

{'name': 'kube-znn.173f5030751ff5db', 'type': 'Normal', 'message': '(combined from similar events): Scaled down replica set kube-znn-744bbbc54b to 8', 'dateevent': '2023-01-31 06:15:55+00:00', 'image': 'cmendes/znn:600k', 'replicas': 10, 'imageChanges': 1, 'replicasChanges': 10}

{'name': 'kube-znn.173f5030751ff5db', 'type': 'Normal', 'message': '(combined from similar events): Scaled up replica set kube-znn-5c95bd98fb to 5', 'dateevent': '2023-01-31 06:15:55+00:00', 'image': 'cmendes/znn:600k', 'replicas': 10, 'imageChanges': 1, 'replicasChanges': 10}

{'name': 'kube-znn.173f5030751ff5db', 'type': 'Normal', 'message': '(combined from similar events): Scaled down replica set kube-znn-744bbbc54b to 3', 'dateevent': '2023-01-31 06:15:55+00:00', 'image': 'cmendes/znn:600k', 'replicas': 4, 'imageChanges': 1, 'replicasChanges': 11}

{'name': 'kube-znn.173f5030751ff5db', 'type': 'Normal', 'message': '(combined from similar events): Scaled down replica set kube-znn-5c95bd98fb to 2', 'dateevent': '2023-01-31 06:15:55+00:00', 'image': 'cmendes/znn:600k', 'replicas': 4, 'imageChanges': 1, 'replicasChanges': 11}

{'name': 'kube-znn.173f5030751ff5db', 'type': 'Normal', 'message': '(combined from similar events): Scaled down replica set kube-znn-744bbbc54b to 2', 'dateevent': '2023-01-31 06:15:55+00:00', 'image': 'cmendes/znn:600k', 'replicas': 4, 'imageChanges': 1, 'replicasChanges': 11}

{'name': 'kube-znn.173f5030751ff5db', 'type': 'Normal', 'message': '(combined from similar events): Scaled up replica set kube-znn-5c95bd98fb to 3', 'dateevent': '2023-01-31 06:15:55+00:00', 'image': 'cmendes/znn:600k', 'replicas': 4, 'imageChanges': 1, 'replicasChanges': 11}

{'name': 'kube-znn.173f5030751ff5db', 'type': 'Normal', 'message': '(combined from similar events): Scaled down replica set kube-znn-744bbbc54b to 1', 'dateevent': '2023-01-31 06:15:55+00:00', 'image': 'cmendes/znn:600k', 'replicas': 4, 'imageChanges': 1, 'replicasChanges': 11}

{'name': 'kube-znn.173f5030751ff5db', 'type': 'Normal', 'message': '(combined from similar events): Scaled up replica set kube-znn-5c95bd98fb to 4', 'dateevent': '2023-01-31 06:15:55+00:00', 'image': 'cmendes/znn:600k', 'replicas': 4, 'imageChanges': 1, 'replicasChanges': 11}

{'name': 'kube-znn.173f5030751ff5db', 'type': 'Normal', 'message': '(combined from similar events): Scaled down replica set kube-znn-744bbbc54b to 0', 'dateevent': '2023-01-31 06:15:55+00:00', 'image': 'cmendes/znn:600k', 'replicas': 4, 'imageChanges': 1, 'replicasChanges': 11}

{'name': 'kube-znn.173f5030751ff5db', 'type': 'Normal', 'message': '(combined from similar events): Scaled up replica set kube-znn-744bbbc54b to 1', 'dateevent': '2023-01-31 06:15:55+00:00', 'image': 'cmendes/znn:800k', 'replicas': 4, 'imageChanges': 2, 'replicasChanges': 11}

{'name': 'kube-znn.173f5030751ff5db', 'type': 'Normal', 'message': '(combined from similar events): Scaled down replica set kube-znn-5c95bd98fb to 3', 'dateevent': '2023-01-31 06:15:55+00:00', 'image': 'cmendes/znn:800k', 'replicas': 4, 'imageChanges': 2, 'replicasChanges': 11}

{'name': 'kube-znn.173f502771f0b0b3', 'type': 'Normal', 'message': 'Scaled up replica set kube-znn-744bbbc54b to 2', 'dateevent': '2023-01-31 06:15:16+00:00', 'image': 'cmendes/znn:800k', 'replicas': 4, 'imageChanges': 2, 'replicasChanges': 11}

{'name': 'kube-znn.173f504a608dadfe', 'type': 'Normal', 'message': 'Scaled down replica set kube-znn-5c95bd98fb to 2', 'dateevent': '2023-01-31 06:17:46+00:00', 'image': 'cmendes/znn:800k', 'replicas': 4, 'imageChanges': 2, 'replicasChanges': 11}

{'name': 'kube-znn.173f5028558ec20e', 'type': 'Normal', 'message': 'Scaled up replica set kube-znn-744bbbc54b to 3', 'dateevent': '2023-01-31 06:15:20+00:00', 'image': 'cmendes/znn:800k', 'replicas': 4, 'imageChanges': 2, 'replicasChanges': 11}

{'name': 'kube-znn.173f5030751ff5db', 'type': 'Normal', 'message': '(combined from similar events): Scaled down replica set kube-znn-5c95bd98fb to 1', 'dateevent': '2023-01-31 06:15:55+00:00', 'image': 'cmendes/znn:800k', 'replicas': 4, 'imageChanges': 2, 'replicasChanges': 11}

Reading file: VersionA-Monolithic
Reading file: VersionB-MicroControllers
Reading file: VersionC-WithFailureManagerMetaController
Reading file: VersionC-ZTemp
