Reading file: automatingDataGeneration.sh
Reading file: Evaluation-ZNN.7z
Reading file: fidelitya-778c6c6b8b-7hrqf_tracing_20230128_022341.log

fidelitya data

2023-01-28 05:27:53 : t0:raiseFidelity

2023-01-28 05:27:58 : t0:raiseFidelity

2023-01-28 05:28:28 : t0:raiseFidelity

2023-01-28 05:28:33 : t0:raiseFidelity

2023-01-28 05:29:08 : t0:raiseFidelity

2023-01-28 05:29:38 : t0:raiseFidelity

Reading file: generateLogs010303
Reading file: generateLogs011848
Reading file: generateLogs013516
Reading file: generateLogs015211
Reading file: generateLogs021333
Reading file: generateLogs171220
Reading file: generateLogs172658
Reading file: generateLogs174232
Reading file: generateLogs175703
Reading file: generateLogs181216
Reading file: generateLogs182733
Reading file: generateLogs184131
Reading file: generateLogs185550
Reading file: generateLogs190935
Reading file: generateLogs193004
Reading file: generateLogs194516
Reading file: generateLogs2.sh
Reading file: generateLogs200355
Reading file: generateLogs202827
Reading file: generateLogs205357
Reading file: generateLogs211928
Reading file: generateLogs214056
Reading file: generateLogs221057
Reading file: generateLogs224228
Reading file: generateLogs230828
Reading file: generateLogs233838
Reading file: generateLogs235802
Reading file: k6-bfr4j_tracing_20230128_022341.log
Reading file: kube-proxy-k6jpd_tracing_20230128_022341.log
Reading file: metacontroller-kubow-8479d7588d-2q8jj_tracing_20230128_022341.log

MetaController data

2023-01-28 05:24:33 : t0:activateLowScalabilityHighQuality

2023-01-28 05:24:43 : t0:addLowScalabilityLowQuality

2023-01-28 05:27:18 : t0:addHighScalabilityHighQuality

Reading file: README.md
Reading file: scalabilitya-78d6cbbc7d-cffld_tracing_20230128_022341.log

scalabilitya data

2023-01-28 05:27:51 : t0:removeReplica

Reading file: summary-trace-znn.log
Reading file: temp
Reading file: temp2701
Reading file: test
Reading file: tools
Reading file: traceznn_20230128_022341.log

Trace znn data

{'name': 'kube-znn-db.173e6147b3f89ffa', 'type': 'Normal', 'message': 'Scaled up replica set kube-znn-db-6cc48797cf to 1', 'dateevent': '2023-01-28 05:17:52+00:00', 'image': 'cmendes/znn:800k', 'replicas': 1, 'imageChanges': 0, 'replicasChanges': 1}

{'name': 'kube-znn.173e6147b31accfe', 'type': 'Normal', 'message': 'Scaled up replica set kube-znn-68bd9d6b5b to 1', 'dateevent': '2023-01-28 05:17:52+00:00', 'image': 'cmendes/znn:800k', 'replicas': 1, 'imageChanges': 0, 'replicasChanges': 1}

{'name': 'kube-znn.173e619abe15063d', 'type': 'Normal', 'message': 'Scaled up replica set kube-znn-68bd9d6b5b to 2', 'dateevent': '2023-01-28 05:23:48+00:00', 'image': 'cmendes/znn:800k', 'replicas': 2, 'imageChanges': 0, 'replicasChanges': 2}

{'name': 'kube-znn.173e619bab83dfe3', 'type': 'Normal', 'message': 'Scaled up replica set kube-znn-68bd9d6b5b to 3', 'dateevent': '2023-01-28 05:23:52+00:00', 'image': 'cmendes/znn:800k', 'replicas': 3, 'imageChanges': 0, 'replicasChanges': 3}

{'name': 'kube-znn.173e619cd5389f64', 'type': 'Normal', 'message': 'Scaled up replica set kube-znn-68bd9d6b5b to 4', 'dateevent': '2023-01-28 05:23:57+00:00', 'image': 'cmendes/znn:800k', 'replicas': 4, 'imageChanges': 0, 'replicasChanges': 4}

{'name': 'kube-znn.173e619dfa96564a', 'type': 'Normal', 'message': 'Scaled up replica set kube-znn-68bd9d6b5b to 5', 'dateevent': '2023-01-28 05:24:02+00:00', 'image': 'cmendes/znn:800k', 'replicas': 5, 'imageChanges': 0, 'replicasChanges': 5}

{'name': 'kube-znn.173e619f25c79a11', 'type': 'Normal', 'message': 'Scaled up replica set kube-znn-68bd9d6b5b to 6', 'dateevent': '2023-01-28 05:24:07+00:00', 'image': 'cmendes/znn:800k', 'replicas': 6, 'imageChanges': 0, 'replicasChanges': 6}

{'name': 'kube-znn.173e61a04dc3989d', 'type': 'Normal', 'message': 'Scaled up replica set kube-znn-68bd9d6b5b to 7', 'dateevent': '2023-01-28 05:24:12+00:00', 'image': 'cmendes/znn:800k', 'replicas': 7, 'imageChanges': 0, 'replicasChanges': 7}

{'name': 'kube-znn.173e61a17809ed09', 'type': 'Normal', 'message': 'Scaled up replica set kube-znn-68bd9d6b5b to 8', 'dateevent': '2023-01-28 05:24:17+00:00', 'image': 'cmendes/znn:800k', 'replicas': 8, 'imageChanges': 0, 'replicasChanges': 8}

{'name': 'kube-znn.173e61a2a347e383', 'type': 'Normal', 'message': 'Scaled up replica set kube-znn-68bd9d6b5b to 9', 'dateevent': '2023-01-28 05:24:22+00:00', 'image': 'cmendes/znn:800k', 'replicas': 9, 'imageChanges': 0, 'replicasChanges': 9}

{'name': 'kube-znn.173e61a3cd988023', 'type': 'Normal', 'message': '(combined from similar events): Scaled up replica set kube-znn-68bd9d6b5b to 10', 'dateevent': '2023-01-28 05:24:27+00:00', 'image': 'cmendes/znn:800k', 'replicas': 10, 'imageChanges': 0, 'replicasChanges': 10}

{'name': 'kube-znn.173e61a3cd988023', 'type': 'Normal', 'message': '(combined from similar events): Scaled up replica set kube-znn-7cbbf89f8 to 3', 'dateevent': '2023-01-28 05:24:27+00:00', 'image': 'cmendes/znn:600k', 'replicas': 10, 'imageChanges': 1, 'replicasChanges': 10}

{'name': 'kube-znn.173e61a3cd988023', 'type': 'Normal', 'message': '(combined from similar events): Scaled down replica set kube-znn-68bd9d6b5b to 8', 'dateevent': '2023-01-28 05:24:27+00:00', 'image': 'cmendes/znn:600k', 'replicas': 10, 'imageChanges': 1, 'replicasChanges': 10}

{'name': 'kube-znn.173e61a3cd988023', 'type': 'Normal', 'message': '(combined from similar events): Scaled up replica set kube-znn-7cbbf89f8 to 5', 'dateevent': '2023-01-28 05:24:27+00:00', 'image': 'cmendes/znn:600k', 'replicas': 10, 'imageChanges': 1, 'replicasChanges': 10}

{'name': 'kube-znn.173e61a3cd988023', 'type': 'Normal', 'message': '(combined from similar events): Scaled down replica set kube-znn-68bd9d6b5b to 3', 'dateevent': '2023-01-28 05:24:27+00:00', 'image': 'cmendes/znn:200k', 'replicas': 10, 'imageChanges': 2, 'replicasChanges': 10}

{'name': 'kube-znn.173e61a3cd988023', 'type': 'Normal', 'message': '(combined from similar events): Scaled up replica set kube-znn-86cccc748b to 5', 'dateevent': '2023-01-28 05:24:27+00:00', 'image': 'cmendes/znn:200k', 'replicas': 10, 'imageChanges': 2, 'replicasChanges': 10}

{'name': 'kube-znn.173e61a3cd988023', 'type': 'Normal', 'message': '(combined from similar events): Scaled down replica set kube-znn-7cbbf89f8 to 0', 'dateevent': '2023-01-28 05:24:27+00:00', 'image': 'cmendes/znn:100k', 'replicas': 10, 'imageChanges': 3, 'replicasChanges': 10}

{'name': 'kube-znn.173e61a3cd988023', 'type': 'Normal', 'message': '(combined from similar events): Scaled up replica set kube-znn-7995d9b499 to 5', 'dateevent': '2023-01-28 05:24:27+00:00', 'image': 'cmendes/znn:100k', 'replicas': 10, 'imageChanges': 3, 'replicasChanges': 10}

{'name': 'kube-znn.173e61a3cd988023', 'type': 'Normal', 'message': '(combined from similar events): Scaled down replica set kube-znn-86cccc748b to 0', 'dateevent': '2023-01-28 05:24:27+00:00', 'image': 'cmendes/znn:20k', 'replicas': 10, 'imageChanges': 4, 'replicasChanges': 10}

{'name': 'kube-znn.173e61a3cd988023', 'type': 'Normal', 'message': '(combined from similar events): Scaled up replica set kube-znn-6b7655774 to 5', 'dateevent': '2023-01-28 05:24:27+00:00', 'image': 'cmendes/znn:20k', 'replicas': 10, 'imageChanges': 4, 'replicasChanges': 10}

{'name': 'kube-znn.173e61a3cd988023', 'type': 'Normal', 'message': '(combined from similar events): Scaled down replica set kube-znn-6b7655774 to 2', 'dateevent': '2023-01-28 05:24:27+00:00', 'image': 'cmendes/znn:20k', 'replicas': 4, 'imageChanges': 4, 'replicasChanges': 11}

{'name': 'kube-znn.173e61a3cd988023', 'type': 'Normal', 'message': '(combined from similar events): Scaled down replica set kube-znn-7995d9b499 to 2', 'dateevent': '2023-01-28 05:24:27+00:00', 'image': 'cmendes/znn:20k', 'replicas': 4, 'imageChanges': 4, 'replicasChanges': 11}

{'name': 'kube-znn.173e61a3cd988023', 'type': 'Normal', 'message': '(combined from similar events): Scaled down replica set kube-znn-68bd9d6b5b to 1', 'dateevent': '2023-01-28 05:24:27+00:00', 'image': 'cmendes/znn:20k', 'replicas': 4, 'imageChanges': 4, 'replicasChanges': 11}

{'name': 'kube-znn.173e61a3cd988023', 'type': 'Normal', 'message': '(combined from similar events): Scaled down replica set kube-znn-7995d9b499 to 1', 'dateevent': '2023-01-28 05:24:27+00:00', 'image': 'cmendes/znn:20k', 'replicas': 4, 'imageChanges': 4, 'replicasChanges': 11}

{'name': 'kube-znn.173e61a3cd988023', 'type': 'Normal', 'message': '(combined from similar events): Scaled up replica set kube-znn-6b7655774 to 3', 'dateevent': '2023-01-28 05:24:27+00:00', 'image': 'cmendes/znn:20k', 'replicas': 4, 'imageChanges': 4, 'replicasChanges': 11}

{'name': 'kube-znn.173e61a3cd988023', 'type': 'Normal', 'message': '(combined from similar events): Scaled down replica set kube-znn-7995d9b499 to 0', 'dateevent': '2023-01-28 05:24:27+00:00', 'image': 'cmendes/znn:20k', 'replicas': 4, 'imageChanges': 4, 'replicasChanges': 11}

{'name': 'kube-znn.173e61a3cd988023', 'type': 'Normal', 'message': '(combined from similar events): Scaled up replica set kube-znn-6b7655774 to 4', 'dateevent': '2023-01-28 05:24:27+00:00', 'image': 'cmendes/znn:20k', 'replicas': 4, 'imageChanges': 4, 'replicasChanges': 11}

{'name': 'kube-znn.173e61a3cd988023', 'type': 'Normal', 'message': '(combined from similar events): Scaled down replica set kube-znn-6b7655774 to 1', 'dateevent': '2023-01-28 05:24:27+00:00', 'image': 'cmendes/znn:800k', 'replicas': 4, 'imageChanges': 5, 'replicasChanges': 11}

Reading file: VersionA-Monolithic
Reading file: VersionB-MicroControllers
Reading file: VersionC-WithFailureManagerMetaController
Reading file: VersionC-ZTemp
