Reading file: automatingDataGeneration.sh
Reading file: BLong10
Reading file: BLong10_parte1.7z
Reading file: BLong10_parte2.7z
Reading file: BLong10_parte3.7z
Reading file: BShort10
Reading file: BShort10.7z
Reading file: CLong10
Reading file: CLong10.7z
Reading file: CShort10
Reading file: CShort10.7z
Reading file: Evaluation-ZNN.7z
Reading file: fidelitya-5b8dd7f8c7-lrr6x_tracing_20230131_010038.log

fidelitya data

2023-01-31 04:01:30 : t0:lowerFidelity

Reading file: generateLogs001506
Reading file: generateLogs004452
Reading file: generateLogs2.sh
Reading file: generateLogs225909
Reading file: generateLogs232306
Reading file: generateLogs234622
Reading file: k6-44dmw_tracing_20230131_010038.log
Reading file: README.md
Reading file: scalabilityb-66d698fc76-65fzw_tracing_20230131_010038.log

scalabilityb data

2023-01-31 04:02:01 : t0:removeHighScalability

2023-01-31 04:02:06 : t0:removeHighScalability

2023-01-31 04:02:11 : t0:removeHighScalability

2023-01-31 04:02:16 : t0:removeHighScalability

2023-01-31 04:02:21 : t0:removeHighScalability

2023-01-31 04:02:26 : t0:removeHighScalability

2023-01-31 04:02:31 : t0:removeHighScalability

2023-01-31 04:02:36 : t0:removeHighScalability

2023-01-31 04:02:41 : t0:removeHighScalability

2023-01-31 04:02:46 : t0:removeHighScalability

2023-01-31 04:02:51 : t0:removeHighScalability

2023-01-31 04:02:56 : t0:removeHighScalability

2023-01-31 04:03:01 : t0:removeHighScalability

2023-01-31 04:03:06 : t0:removeReplica

2023-01-31 04:03:11 : t0:removeReplica

2023-01-31 04:03:41 : t0:removeReplica

2023-01-31 04:03:46 : t0:removeReplica

2023-01-31 04:03:51 : t0:removeReplica

2023-01-31 04:03:56 : t0:removeReplica

2023-01-31 04:04:01 : t0:removeReplica

2023-01-31 04:04:06 : t0:removeReplica

2023-01-31 04:04:11 : t0:removeReplica

2023-01-31 04:04:16 : t0:removeReplica

2023-01-31 04:04:21 : t0:removeReplica

2023-01-31 04:04:26 : t0:removeReplica

2023-01-31 04:04:31 : t0:removeReplica

2023-01-31 04:04:36 : t0:removeReplica

2023-01-31 04:04:41 : t0:removeReplica

2023-01-31 04:04:46 : t0:removeReplica

2023-01-31 04:04:51 : t0:removeReplica

2023-01-31 04:04:56 : t0:removeReplica

2023-01-31 04:05:01 : t0:removeReplica

2023-01-31 04:05:06 : t0:removeReplica

2023-01-31 04:05:11 : t0:removeReplica

2023-01-31 04:05:16 : t0:removeReplica

2023-01-31 04:05:21 : t0:removeReplica

2023-01-31 04:05:26 : t0:removeReplica

2023-01-31 04:05:31 : t0:removeReplica

2023-01-31 04:05:36 : t0:removeReplica

2023-01-31 04:05:41 : t0:removeReplica

2023-01-31 04:05:46 : t0:removeReplica

2023-01-31 04:05:51 : t0:removeReplica

2023-01-31 04:05:56 : t0:removeReplica

2023-01-31 04:06:01 : t0:removeReplica

2023-01-31 04:06:06 : t0:removeReplica

2023-01-31 04:06:11 : t0:removeReplica

2023-01-31 04:06:16 : t0:removeReplica

2023-01-31 04:06:21 : t0:removeReplica

2023-01-31 04:06:26 : t0:removeReplica

2023-01-31 04:06:31 : t0:removeReplica

2023-01-31 04:06:36 : t0:removeReplica

2023-01-31 04:06:41 : t0:removeReplica

2023-01-31 04:06:46 : t0:removeReplica

2023-01-31 04:06:51 : t0:removeReplica

2023-01-31 04:06:56 : t0:removeReplica

2023-01-31 04:07:01 : t0:removeReplica

2023-01-31 04:07:06 : t0:removeReplica

2023-01-31 04:07:11 : t0:removeReplica

2023-01-31 04:07:16 : t0:removeReplica

2023-01-31 04:07:21 : t0:removeReplica

2023-01-31 04:07:26 : t0:removeReplica

2023-01-31 04:07:31 : t0:removeReplica

2023-01-31 04:07:36 : t0:removeReplica

2023-01-31 04:07:41 : t0:removeReplica

2023-01-31 04:07:46 : t0:removeReplica

2023-01-31 04:07:51 : t0:removeReplica

2023-01-31 04:07:56 : t0:removeReplica

2023-01-31 04:08:01 : t0:removeReplica

2023-01-31 04:08:06 : t0:removeReplica

2023-01-31 04:08:11 : t0:removeReplica

2023-01-31 04:08:16 : t0:removeReplica

2023-01-31 04:08:21 : t0:removeReplica

2023-01-31 04:08:26 : t0:removeReplica

2023-01-31 04:08:31 : t0:removeReplica

2023-01-31 04:08:36 : t0:removeReplica

2023-01-31 04:08:41 : t0:removeReplica

2023-01-31 04:08:46 : t0:removeReplica

2023-01-31 04:08:51 : t0:removeReplica

2023-01-31 04:08:56 : t0:removeReplica

2023-01-31 04:09:01 : t0:removeReplica

2023-01-31 04:09:06 : t0:removeReplica

2023-01-31 04:09:11 : t0:removeReplica

Reading file: summary-trace-znn.log
Reading file: temp
Reading file: temp2701
Reading file: test
Reading file: tools
Reading file: traceznn_20230131_010038.log

Trace znn data

{'name': 'kube-znn-db.173f4828f563fa19', 'type': 'Normal', 'message': 'Scaled up replica set kube-znn-db-558bb5dd64 to 1', 'dateevent': '2023-01-31 03:48:47+00:00', 'image': 'cmendes/znn:800k', 'replicas': 1, 'imageChanges': 0, 'replicasChanges': 1}

{'name': 'kube-znn.173f4828f3c2145e', 'type': 'Normal', 'message': 'Scaled up replica set kube-znn-744bbbc54b to 1', 'dateevent': '2023-01-31 03:48:47+00:00', 'image': 'cmendes/znn:800k', 'replicas': 1, 'imageChanges': 0, 'replicasChanges': 1}

{'name': 'kube-znn.173f48d06f5f8e8f', 'type': 'Normal', 'message': 'Scaled up replica set kube-znn-744bbbc54b to 2', 'dateevent': '2023-01-31 04:00:46+00:00', 'image': 'cmendes/znn:800k', 'replicas': 2, 'imageChanges': 0, 'replicasChanges': 2}

{'name': 'kube-znn.173f48d1539f324e', 'type': 'Normal', 'message': 'Scaled up replica set kube-znn-744bbbc54b to 3', 'dateevent': '2023-01-31 04:00:50+00:00', 'image': 'cmendes/znn:800k', 'replicas': 3, 'imageChanges': 0, 'replicasChanges': 3}

{'name': 'kube-znn.173f48d27e3eae30', 'type': 'Normal', 'message': 'Scaled up replica set kube-znn-744bbbc54b to 4', 'dateevent': '2023-01-31 04:00:55+00:00', 'image': 'cmendes/znn:800k', 'replicas': 4, 'imageChanges': 0, 'replicasChanges': 4}

{'name': 'kube-znn.173f48d3aa07f439', 'type': 'Normal', 'message': 'Scaled up replica set kube-znn-744bbbc54b to 5', 'dateevent': '2023-01-31 04:01:00+00:00', 'image': 'cmendes/znn:800k', 'replicas': 5, 'imageChanges': 0, 'replicasChanges': 5}

{'name': 'kube-znn.173f48d4d0d48df6', 'type': 'Normal', 'message': 'Scaled up replica set kube-znn-744bbbc54b to 6', 'dateevent': '2023-01-31 04:01:05+00:00', 'image': 'cmendes/znn:800k', 'replicas': 6, 'imageChanges': 0, 'replicasChanges': 6}

{'name': 'kube-znn.173f48d5fadfcfde', 'type': 'Normal', 'message': 'Scaled up replica set kube-znn-744bbbc54b to 7', 'dateevent': '2023-01-31 04:01:10+00:00', 'image': 'cmendes/znn:800k', 'replicas': 7, 'imageChanges': 0, 'replicasChanges': 7}

{'name': 'kube-znn.173f48d725279a26', 'type': 'Normal', 'message': 'Scaled up replica set kube-znn-744bbbc54b to 8', 'dateevent': '2023-01-31 04:01:15+00:00', 'image': 'cmendes/znn:800k', 'replicas': 8, 'imageChanges': 0, 'replicasChanges': 8}

{'name': 'kube-znn.173f48d84fee9f94', 'type': 'Normal', 'message': 'Scaled up replica set kube-znn-744bbbc54b to 9', 'dateevent': '2023-01-31 04:01:20+00:00', 'image': 'cmendes/znn:800k', 'replicas': 9, 'imageChanges': 0, 'replicasChanges': 9}

{'name': 'kube-znn.173f48d978e858e2', 'type': 'Normal', 'message': 'Scaled up replica set kube-znn-744bbbc54b to 10', 'dateevent': '2023-01-31 04:01:25+00:00', 'image': 'cmendes/znn:800k', 'replicas': 10, 'imageChanges': 0, 'replicasChanges': 10}

{'name': 'kube-znn.173f48db31d6996b', 'type': 'Normal', 'message': '(combined from similar events): Scaled up replica set kube-znn-5c95bd98fb to 3', 'dateevent': '2023-01-31 04:01:32+00:00', 'image': 'cmendes/znn:600k', 'replicas': 10, 'imageChanges': 1, 'replicasChanges': 10}

{'name': 'kube-znn.173f48db31d6996b', 'type': 'Normal', 'message': '(combined from similar events): Scaled down replica set kube-znn-744bbbc54b to 8', 'dateevent': '2023-01-31 04:01:32+00:00', 'image': 'cmendes/znn:600k', 'replicas': 10, 'imageChanges': 1, 'replicasChanges': 10}

{'name': 'kube-znn.173f48db31d6996b', 'type': 'Normal', 'message': '(combined from similar events): Scaled up replica set kube-znn-5c95bd98fb to 5', 'dateevent': '2023-01-31 04:01:32+00:00', 'image': 'cmendes/znn:600k', 'replicas': 10, 'imageChanges': 1, 'replicasChanges': 10}

{'name': 'kube-znn.173f48db31d6996b', 'type': 'Normal', 'message': '(combined from similar events): Scaled down replica set kube-znn-744bbbc54b to 7', 'dateevent': '2023-01-31 04:01:32+00:00', 'image': 'cmendes/znn:600k', 'replicas': 10, 'imageChanges': 1, 'replicasChanges': 10}

{'name': 'kube-znn.173f48db31d6996b', 'type': 'Normal', 'message': '(combined from similar events): Scaled up replica set kube-znn-5c95bd98fb to 6', 'dateevent': '2023-01-31 04:01:32+00:00', 'image': 'cmendes/znn:600k', 'replicas': 10, 'imageChanges': 1, 'replicasChanges': 10}

{'name': 'kube-znn.173f48db31d6996b', 'type': 'Normal', 'message': '(combined from similar events): Scaled down replica set kube-znn-744bbbc54b to 6', 'dateevent': '2023-01-31 04:01:32+00:00', 'image': 'cmendes/znn:600k', 'replicas': 10, 'imageChanges': 1, 'replicasChanges': 10}

{'name': 'kube-znn.173f48db31d6996b', 'type': 'Normal', 'message': '(combined from similar events): Scaled up replica set kube-znn-5c95bd98fb to 7', 'dateevent': '2023-01-31 04:01:32+00:00', 'image': 'cmendes/znn:600k', 'replicas': 10, 'imageChanges': 1, 'replicasChanges': 10}

{'name': 'kube-znn.173f48db31d6996b', 'type': 'Normal', 'message': '(combined from similar events): Scaled down replica set kube-znn-744bbbc54b to 5', 'dateevent': '2023-01-31 04:01:32+00:00', 'image': 'cmendes/znn:600k', 'replicas': 10, 'imageChanges': 1, 'replicasChanges': 10}

{'name': 'kube-znn.173f48db31d6996b', 'type': 'Normal', 'message': '(combined from similar events): Scaled up replica set kube-znn-5c95bd98fb to 8', 'dateevent': '2023-01-31 04:01:32+00:00', 'image': 'cmendes/znn:600k', 'replicas': 10, 'imageChanges': 1, 'replicasChanges': 10}

{'name': 'kube-znn.173f48db31d6996b', 'type': 'Normal', 'message': '(combined from similar events): Scaled down replica set kube-znn-744bbbc54b to 4', 'dateevent': '2023-01-31 04:01:32+00:00', 'image': 'cmendes/znn:600k', 'replicas': 10, 'imageChanges': 1, 'replicasChanges': 10}

{'name': 'kube-znn.173f48db31d6996b', 'type': 'Normal', 'message': '(combined from similar events): Scaled up replica set kube-znn-5c95bd98fb to 9', 'dateevent': '2023-01-31 04:01:32+00:00', 'image': 'cmendes/znn:600k', 'replicas': 10, 'imageChanges': 1, 'replicasChanges': 10}

{'name': 'kube-znn.173f48db31d6996b', 'type': 'Normal', 'message': '(combined from similar events): Scaled down replica set kube-znn-5c95bd98fb to 3', 'dateevent': '2023-01-31 04:01:32+00:00', 'image': 'cmendes/znn:600k', 'replicas': 4, 'imageChanges': 1, 'replicasChanges': 11}

{'name': 'kube-znn.173f48db31d6996b', 'type': 'Normal', 'message': '(combined from similar events): Scaled down replica set kube-znn-744bbbc54b to 2', 'dateevent': '2023-01-31 04:01:32+00:00', 'image': 'cmendes/znn:600k', 'replicas': 4, 'imageChanges': 1, 'replicasChanges': 11}

{'name': 'kube-znn.173f48db31d6996b', 'type': 'Normal', 'message': '(combined from similar events): Scaled down replica set kube-znn-744bbbc54b to 0', 'dateevent': '2023-01-31 04:01:32+00:00', 'image': 'cmendes/znn:600k', 'replicas': 4, 'imageChanges': 1, 'replicasChanges': 11}

{'name': 'kube-znn.173f48db31d6996b', 'type': 'Normal', 'message': '(combined from similar events): Scaled up replica set kube-znn-5c95bd98fb to 4', 'dateevent': '2023-01-31 04:01:32+00:00', 'image': 'cmendes/znn:600k', 'replicas': 4, 'imageChanges': 1, 'replicasChanges': 11}

Reading file: VersionA-Monolithic
Reading file: VersionB-MicroControllers
Reading file: VersionC-WithFailureManagerMetaController
Reading file: VersionC-ZTemp
