Reading file: automatingDataGeneration.sh
Reading file: BLong10
Reading file: BLong10_parte1.7z
Reading file: BLong10_parte2.7z
Reading file: BLong10_parte3.7z
Reading file: BShort10
Reading file: BShort10.7z
Reading file: CLong10
Reading file: CLong10.7z
Reading file: CShort10
Reading file: CShort10.7z
Reading file: Evaluation-ZNN.7z
Reading file: generateLogs140341
Reading file: generateLogs141805
Reading file: generateLogs144106
Reading file: generateLogs165212
Reading file: generateLogs170658
Reading file: generateLogs172134
Reading file: generateLogs173719
Reading file: generateLogs175129
Reading file: generateLogs2.sh
Reading file: k6-kjvfh_tracing_20230131_180005.log
Reading file: kubow-548bb5f4b4-nbj9h_tracing_20230131_180005.log

Kubow data

2023-01-31 21:00:15 : t0:addReplica

2023-01-31 21:00:20 : t0:addReplica

2023-01-31 21:00:25 : t0:addReplica

2023-01-31 21:00:30 : t0:addReplica

2023-01-31 21:00:35 : t0:addReplica

2023-01-31 21:00:40 : t0:addReplica

2023-01-31 21:00:45 : t0:addReplica

2023-01-31 21:00:50 : t0:addReplica

2023-01-31 21:00:55 : t0:addReplica

2023-01-31 21:01:00 : t1:lowerFidelity

2023-01-31 21:01:10 : t1:lowerFidelity

2023-01-31 21:01:15 : t0:activateLowScalabilityHighQuality

2023-01-31 21:01:50 : t0:addReplica

2023-01-31 21:01:55 : t0:addReplica

2023-01-31 21:02:00 : t0:addReplica

2023-01-31 21:02:05 : t0:addReplica

2023-01-31 21:02:10 : t0:addReplica

2023-01-31 21:02:15 : t0:activateLowScalabilityHighQuality

2023-01-31 21:02:50 : t0:addHighScalabilityHighQuality

2023-01-31 21:02:55 : t0:addHighScalabilityHighQuality

2023-01-31 21:03:00 : t0:addHighScalabilityHighQuality

2023-01-31 21:03:05 : t0:addHighScalabilityHighQuality

2023-01-31 21:03:10 : t0:addHighScalabilityHighQuality

2023-01-31 21:03:15 : t0:removeReplica

2023-01-31 21:03:20 : t1:raiseFidelity

2023-01-31 21:03:25 : t0:addHighScalabilityHighQuality

2023-01-31 21:03:30 : t0:addHighScalabilityHighQuality

2023-01-31 21:03:35 : t0:addHighScalabilityHighQuality

2023-01-31 21:03:40 : t0:addReplica

2023-01-31 21:03:45 : t0:addReplica

2023-01-31 21:03:50 : t0:addReplica

2023-01-31 21:03:55 : t0:addReplica

2023-01-31 21:04:00 : t0:addReplica

2023-01-31 21:04:05 : t0:addReplica

2023-01-31 21:04:10 : t0:addReplica

2023-01-31 21:04:15 : t0:addReplica

2023-01-31 21:04:20 : t0:addReplica

2023-01-31 21:04:25 : t1:lowerFidelity

2023-01-31 21:04:30 : t1:lowerFidelity

2023-01-31 21:04:35 : t1:lowerFidelity

2023-01-31 21:04:40 : t1:lowerFidelity

2023-01-31 21:04:45 : t1:lowerFidelity

2023-01-31 21:04:50 : t1:lowerFidelity

2023-01-31 21:04:55 : t1:lowerFidelity

2023-01-31 21:05:00 : t1:lowerFidelity

2023-01-31 21:05:05 : t1:lowerFidelity

2023-01-31 21:05:10 : t1:lowerFidelity

2023-01-31 21:05:15 : t1:lowerFidelity

2023-01-31 21:05:20 : t1:lowerFidelity

2023-01-31 21:05:25 : t1:lowerFidelity

2023-01-31 21:05:30 : t1:lowerFidelity

2023-01-31 21:06:05 : t0:removeReplica

Reading file: README.md
Reading file: summary-trace-znn.log
Reading file: temp
Reading file: temp2701
Reading file: temp3101
Reading file: test
Reading file: tools
Reading file: traceznn_20230131_180005.log

Trace znn data

{'name': 'kube-znn-db.173f8036fa80a76d', 'type': 'Normal', 'message': 'Scaled up replica set kube-znn-db-6dd8968475 to 1', 'dateevent': '2023-01-31 20:56:00+00:00', 'image': 'cmendes/znn:800k', 'replicas': 1, 'imageChanges': 0, 'replicasChanges': 1}

{'name': 'kube-znn.173f8036f8fec382', 'type': 'Normal', 'message': 'Scaled up replica set kube-znn-5fb97667db to 1', 'dateevent': '2023-01-31 20:56:00+00:00', 'image': 'cmendes/znn:800k', 'replicas': 1, 'imageChanges': 0, 'replicasChanges': 1}

{'name': 'kube-znn.173f8072b7a0c1f9', 'type': 'Normal', 'message': 'Scaled up replica set kube-znn-5fb97667db to 2', 'dateevent': '2023-01-31 21:00:16+00:00', 'image': 'cmendes/znn:800k', 'replicas': 2, 'imageChanges': 0, 'replicasChanges': 2}

{'name': 'kube-znn.173f80738f769c62', 'type': 'Normal', 'message': 'Scaled up replica set kube-znn-5fb97667db to 3', 'dateevent': '2023-01-31 21:00:20+00:00', 'image': 'cmendes/znn:800k', 'replicas': 3, 'imageChanges': 0, 'replicasChanges': 3}

{'name': 'kube-znn.173f8074be214c87', 'type': 'Normal', 'message': 'Scaled up replica set kube-znn-5fb97667db to 4', 'dateevent': '2023-01-31 21:00:25+00:00', 'image': 'cmendes/znn:800k', 'replicas': 4, 'imageChanges': 0, 'replicasChanges': 4}

{'name': 'kube-znn.173f8075e4f0c8ec', 'type': 'Normal', 'message': 'Scaled up replica set kube-znn-5fb97667db to 5', 'dateevent': '2023-01-31 21:00:30+00:00', 'image': 'cmendes/znn:800k', 'replicas': 5, 'imageChanges': 0, 'replicasChanges': 5}

{'name': 'kube-znn.173f80770ce93dac', 'type': 'Normal', 'message': 'Scaled up replica set kube-znn-5fb97667db to 6', 'dateevent': '2023-01-31 21:00:35+00:00', 'image': 'cmendes/znn:800k', 'replicas': 6, 'imageChanges': 0, 'replicasChanges': 6}

{'name': 'kube-znn.173f8078382d5d1d', 'type': 'Normal', 'message': 'Scaled up replica set kube-znn-5fb97667db to 7', 'dateevent': '2023-01-31 21:00:40+00:00', 'image': 'cmendes/znn:800k', 'replicas': 7, 'imageChanges': 0, 'replicasChanges': 7}

{'name': 'kube-znn.173f807960765666', 'type': 'Normal', 'message': 'Scaled up replica set kube-znn-5fb97667db to 8', 'dateevent': '2023-01-31 21:00:45+00:00', 'image': 'cmendes/znn:800k', 'replicas': 8, 'imageChanges': 0, 'replicasChanges': 8}

{'name': 'kube-znn.173f807a8b105d28', 'type': 'Normal', 'message': 'Scaled up replica set kube-znn-5fb97667db to 9', 'dateevent': '2023-01-31 21:00:50+00:00', 'image': 'cmendes/znn:800k', 'replicas': 9, 'imageChanges': 0, 'replicasChanges': 9}

{'name': 'kube-znn.173f807bb4d063c1', 'type': 'Normal', 'message': '(combined from similar events): Scaled up replica set kube-znn-5fb97667db to 10', 'dateevent': '2023-01-31 21:00:55+00:00', 'image': 'cmendes/znn:800k', 'replicas': 10, 'imageChanges': 0, 'replicasChanges': 10}

{'name': 'kube-znn.173f807bb4d063c1', 'type': 'Normal', 'message': '(combined from similar events): Scaled up replica set kube-znn-6978979d84 to 3', 'dateevent': '2023-01-31 21:00:55+00:00', 'image': 'cmendes/znn:600k', 'replicas': 10, 'imageChanges': 1, 'replicasChanges': 10}

{'name': 'kube-znn.173f807bb4d063c1', 'type': 'Normal', 'message': '(combined from similar events): Scaled down replica set kube-znn-5fb97667db to 8', 'dateevent': '2023-01-31 21:00:55+00:00', 'image': 'cmendes/znn:600k', 'replicas': 10, 'imageChanges': 1, 'replicasChanges': 10}

{'name': 'kube-znn.173f807bb4d063c1', 'type': 'Normal', 'message': '(combined from similar events): Scaled up replica set kube-znn-6978979d84 to 5', 'dateevent': '2023-01-31 21:00:55+00:00', 'image': 'cmendes/znn:600k', 'replicas': 10, 'imageChanges': 1, 'replicasChanges': 10}

{'name': 'kube-znn.173f807bb4d063c1', 'type': 'Normal', 'message': '(combined from similar events): Scaled down replica set kube-znn-6978979d84 to 0', 'dateevent': '2023-01-31 21:00:55+00:00', 'image': 'cmendes/znn:400k', 'replicas': 10, 'imageChanges': 2, 'replicasChanges': 10}

{'name': 'kube-znn.173f807bb4d063c1', 'type': 'Normal', 'message': '(combined from similar events): Scaled up replica set kube-znn-f8d56c578 to 5', 'dateevent': '2023-01-31 21:00:55+00:00', 'image': 'cmendes/znn:400k', 'replicas': 10, 'imageChanges': 2, 'replicasChanges': 10}

{'name': 'kube-znn.173f807bb4d063c1', 'type': 'Normal', 'message': '(combined from similar events): Scaled down replica set kube-znn-5fb97667db to 4', 'dateevent': '2023-01-31 21:00:55+00:00', 'image': 'cmendes/znn:400k', 'replicas': 5, 'imageChanges': 2, 'replicasChanges': 11}

{'name': 'kube-znn.173f807bb4d063c1', 'type': 'Normal', 'message': '(combined from similar events): Scaled down replica set kube-znn-f8d56c578 to 3', 'dateevent': '2023-01-31 21:00:55+00:00', 'image': 'cmendes/znn:400k', 'replicas': 5, 'imageChanges': 2, 'replicasChanges': 11}

{'name': 'kube-znn.173f807bb4d063c1', 'type': 'Normal', 'message': '(combined from similar events): Scaled down replica set kube-znn-5fb97667db to 3', 'dateevent': '2023-01-31 21:00:55+00:00', 'image': 'cmendes/znn:400k', 'replicas': 5, 'imageChanges': 2, 'replicasChanges': 11}

{'name': 'kube-znn.173f807bb4d063c1', 'type': 'Normal', 'message': '(combined from similar events): Scaled up replica set kube-znn-f8d56c578 to 4', 'dateevent': '2023-01-31 21:00:55+00:00', 'image': 'cmendes/znn:400k', 'replicas': 5, 'imageChanges': 2, 'replicasChanges': 11}

{'name': 'kube-znn.173f807bb4d063c1', 'type': 'Normal', 'message': '(combined from similar events): Scaled down replica set kube-znn-5fb97667db to 2', 'dateevent': '2023-01-31 21:00:55+00:00', 'image': 'cmendes/znn:400k', 'replicas': 5, 'imageChanges': 2, 'replicasChanges': 11}

{'name': 'kube-znn.173f807bb4d063c1', 'type': 'Normal', 'message': '(combined from similar events): Scaled up replica set kube-znn-f8d56c578 to 5', 'dateevent': '2023-01-31 21:00:55+00:00', 'image': 'cmendes/znn:400k', 'replicas': 5, 'imageChanges': 2, 'replicasChanges': 11}

{'name': 'kube-znn.173f807bb4d063c1', 'type': 'Normal', 'message': '(combined from similar events): Scaled down replica set kube-znn-5fb97667db to 1', 'dateevent': '2023-01-31 21:00:55+00:00', 'image': 'cmendes/znn:400k', 'replicas': 5, 'imageChanges': 2, 'replicasChanges': 11}

{'name': 'kube-znn.173f807bb4d063c1', 'type': 'Normal', 'message': '(combined from similar events): Scaled down replica set kube-znn-5fb97667db to 0', 'dateevent': '2023-01-31 21:00:55+00:00', 'image': 'cmendes/znn:400k', 'replicas': 5, 'imageChanges': 2, 'replicasChanges': 11}

{'name': 'kube-znn.173f807bb4d063c1', 'type': 'Normal', 'message': '(combined from similar events): Scaled up replica set kube-znn-6978979d84 to 2', 'dateevent': '2023-01-31 21:00:55+00:00', 'image': 'cmendes/znn:600k', 'replicas': 5, 'imageChanges': 3, 'replicasChanges': 11}

{'name': 'kube-znn.173f807bb4d063c1', 'type': 'Normal', 'message': '(combined from similar events): Scaled down replica set kube-znn-f8d56c578 to 4', 'dateevent': '2023-01-31 21:00:55+00:00', 'image': 'cmendes/znn:600k', 'replicas': 5, 'imageChanges': 3, 'replicasChanges': 11}

{'name': 'kube-znn.173f807bb4d063c1', 'type': 'Normal', 'message': '(combined from similar events): Scaled up replica set kube-znn-6978979d84 to 3', 'dateevent': '2023-01-31 21:00:55+00:00', 'image': 'cmendes/znn:600k', 'replicas': 5, 'imageChanges': 3, 'replicasChanges': 11}

{'name': 'kube-znn.173f807bb4d063c1', 'type': 'Normal', 'message': '(combined from similar events): Scaled down replica set kube-znn-5fb97667db to 4', 'dateevent': '2023-01-31 21:00:55+00:00', 'image': 'cmendes/znn:400k', 'replicas': 10, 'imageChanges': 4, 'replicasChanges': 12}

Reading file: VersionA-Monolithic
Reading file: VersionB-MicroControllers
Reading file: VersionC-WithFailureManagerMetaController
Reading file: VersionC-ZTemp
