root - WARNING - Starting our experiment execution
root - WARNING - 

-----------------------------------------
root - WARNING - General Log - 
root - WARNING - {'name': 'default-server-secret.173fb867c23dfea0', 'type': 'Normal', 'message': 'the special Secret default/default-server-secret was updated', 'dateevent': '2023-02-01 14:05:42+00:00'}
root - WARNING - 

-----------------------------------------
root - WARNING - 

-----------------------------------------
root - WARNING - General Log - 
root - WARNING - {'name': 'failuremanager-ccc6cc495-sl7z2.173fb858a2784a4a', 'type': 'Normal', 'message': 'Successfully assigned default/failuremanager-ccc6cc495-sl7z2 to minikube', 'dateevent': '2023-02-01 14:04:37+00:00'}
root - WARNING - 

-----------------------------------------
root - WARNING - 

-----------------------------------------
root - WARNING - General Log - 
root - WARNING - {'name': 'failuremanager-ccc6cc495-sl7z2.173fb85908fa35c5', 'type': 'Normal', 'message': 'Pulling image "californibrs/failuremanager"', 'dateevent': '2023-02-01 14:04:38+00:00'}
root - WARNING - 

-----------------------------------------
root - WARNING - 

-----------------------------------------
root - WARNING - General Log - 
root - WARNING - {'name': 'failuremanager-ccc6cc495-sl7z2.173fb87113303f3d', 'type': 'Normal', 'message': 'Successfully pulled image "californibrs/failuremanager"', 'dateevent': '2023-02-01 14:06:22+00:00'}
root - WARNING - 

-----------------------------------------
root - WARNING - 

-----------------------------------------
root - WARNING - General Log - 
root - WARNING - {'name': 'failuremanager-ccc6cc495-sl7z2.173fb87221474c1b', 'type': 'Normal', 'message': 'Created container failuremanager', 'dateevent': '2023-02-01 14:06:26+00:00'}
root - WARNING - 

-----------------------------------------
root - WARNING - 

-----------------------------------------
root - WARNING - General Log - 
root - WARNING - {'name': 'failuremanager-ccc6cc495-sl7z2.173fb8722ffdb8fb', 'type': 'Normal', 'message': 'Started container failuremanager', 'dateevent': '2023-02-01 14:06:26+00:00'}
root - WARNING - 

-----------------------------------------
root - WARNING - 

-----------------------------------------
root - WARNING - General Log - 
root - WARNING - {'name': 'failuremanager-ccc6cc495.173fb8589f2f6445', 'type': 'Normal', 'message': 'Created pod: failuremanager-ccc6cc495-sl7z2', 'dateevent': '2023-02-01 14:04:37+00:00'}
root - WARNING - 

-----------------------------------------
root - WARNING - 

-----------------------------------------
root - WARNING - General Log - 
root - WARNING - {'name': 'failuremanager-ingress.173fb867a9164ee6', 'type': 'Normal', 'message': 'Configuration for default/failuremanager-ingress was added or updated', 'dateevent': '2023-02-01 14:05:41+00:00'}
root - WARNING - 

-----------------------------------------
root - WARNING - 

-----------------------------------------
root - WARNING - General Log - 
root - WARNING - {'name': 'failuremanager-ingress.173fb867cae543f1', 'type': 'Normal', 'message': 'Configuration for default/failuremanager-ingress was updated ', 'dateevent': '2023-02-01 14:05:42+00:00'}
root - WARNING - 

-----------------------------------------
root - WARNING - 

-----------------------------------------
root - WARNING - General Log - 
root - WARNING - {'name': 'failuremanager.173fb8589ee5d274', 'type': 'Normal', 'message': 'Scaled up replica set failuremanager-ccc6cc495 to 1', 'dateevent': '2023-02-01 14:04:37+00:00'}
root - WARNING - 

-----------------------------------------
root - WARNING - 

-----------------------------------------
root - WARNING - General Log - 
root - WARNING - {'name': 'failuremonitor-68dd6cfd46-ckhs5.173fb858b6ffd092', 'type': 'Normal', 'message': 'Successfully assigned default/failuremonitor-68dd6cfd46-ckhs5 to minikube', 'dateevent': '2023-02-01 14:04:37+00:00'}
root - WARNING - 

-----------------------------------------
root - WARNING - 

-----------------------------------------
root - WARNING - General Log - 
root - WARNING - {'name': 'failuremonitor-68dd6cfd46-ckhs5.173fb85922d420fc', 'type': 'Normal', 'message': 'Pulling image "californibrs/failuremonitor"', 'dateevent': '2023-02-01 14:04:39+00:00'}
root - WARNING - 

-----------------------------------------
root - WARNING - 

-----------------------------------------
root - WARNING - General Log - 
root - WARNING - {'name': 'failuremonitor-68dd6cfd46-ckhs5.173fb87a76aadcd4', 'type': 'Warning', 'message': 'Failed to pull image "californibrs/failuremonitor": rpc error: code = Unknown desc = Error response from daemon: Get "https://registry-1.docker.io/v2/": dial tcp: lookup registry-1.docker.io on 172.27.176.1:53: read udp 172.27.191.73:48883->172.27.176.1:53: i/o timeout', 'dateevent': '2023-02-01 14:07:02+00:00'}
root - WARNING - 

-----------------------------------------
root - WARNING - 

-----------------------------------------
root - WARNING - General Log - 
root - WARNING - {'name': 'failuremonitor-68dd6cfd46-ckhs5.173fb87a76ab63fa', 'type': 'Warning', 'message': 'Error: ErrImagePull', 'dateevent': '2023-02-01 14:07:02+00:00'}
root - WARNING - 

-----------------------------------------
root - WARNING - 

-----------------------------------------
root - WARNING - General Log - 
root - WARNING - {'name': 'failuremonitor-68dd6cfd46-ckhs5.173fb87a7f050751', 'type': 'Normal', 'message': 'Back-off pulling image "californibrs/failuremonitor"', 'dateevent': '2023-02-01 14:07:02+00:00'}
root - WARNING - 

-----------------------------------------
root - WARNING - 

-----------------------------------------
root - WARNING - General Log - 
root - WARNING - {'name': 'failuremonitor-68dd6cfd46-ckhs5.173fb87a7f05c0da', 'type': 'Warning', 'message': 'Error: ImagePullBackOff', 'dateevent': '2023-02-01 14:07:02+00:00'}
root - WARNING - 

-----------------------------------------
root - WARNING - 

-----------------------------------------
root - WARNING - General Log - 
root - WARNING - {'name': 'failuremonitor-68dd6cfd46-ckhs5.173fb887d605c276', 'type': 'Normal', 'message': 'Successfully pulled image "californibrs/failuremonitor"', 'dateevent': '2023-02-01 14:07:59+00:00'}
root - WARNING - 

-----------------------------------------
root - WARNING - 

-----------------------------------------
root - WARNING - General Log - 
root - WARNING - {'name': 'failuremonitor-68dd6cfd46-ckhs5.173fb88899acc974', 'type': 'Normal', 'message': 'Created container failuremonitor', 'dateevent': '2023-02-01 14:08:03+00:00'}
root - WARNING - 

-----------------------------------------
root - WARNING - 

-----------------------------------------
root - WARNING - General Log - 
root - WARNING - {'name': 'failuremonitor-68dd6cfd46-ckhs5.173fb888a84319c5', 'type': 'Normal', 'message': 'Started container failuremonitor', 'dateevent': '2023-02-01 14:08:03+00:00'}
root - WARNING - 

-----------------------------------------
root - WARNING - 

-----------------------------------------
root - WARNING - General Log - 
root - WARNING - {'name': 'failuremonitor-68dd6cfd46.173fb858b5d39335', 'type': 'Normal', 'message': 'Created pod: failuremonitor-68dd6cfd46-ckhs5', 'dateevent': '2023-02-01 14:04:37+00:00'}
root - WARNING - 

-----------------------------------------
root - WARNING - 

-----------------------------------------
root - WARNING - General Log - 
root - WARNING - {'name': 'failuremonitor.173fb858b58dc504', 'type': 'Normal', 'message': 'Scaled up replica set failuremonitor-68dd6cfd46 to 1', 'dateevent': '2023-02-01 14:04:37+00:00'}
root - WARNING - 

-----------------------------------------
root - WARNING - 

-----------------------------------------
root - WARNING - General Log - 
root - WARNING - {'name': 'grafana-65787bb97f-db227.173fb85708fe97c3', 'type': 'Normal', 'message': 'Successfully assigned default/grafana-65787bb97f-db227 to minikube', 'dateevent': '2023-02-01 14:04:30+00:00'}
root - WARNING - 

-----------------------------------------
root - WARNING - 

-----------------------------------------
root - WARNING - General Log - 
root - WARNING - {'name': 'grafana-65787bb97f-db227.173fb85743ed94f3', 'type': 'Normal', 'message': 'Pulling image "grafana/grafana:6.4.2"', 'dateevent': '2023-02-01 14:04:31+00:00'}
root - WARNING - 

-----------------------------------------
root - WARNING - 

-----------------------------------------
root - WARNING - General Log - 
root - WARNING - {'name': 'grafana-65787bb97f-db227.173fb85b998c5144', 'type': 'Normal', 'message': 'Successfully pulled image "grafana/grafana:6.4.2"', 'dateevent': '2023-02-01 14:04:49+00:00'}
root - WARNING - 

-----------------------------------------
root - WARNING - 

-----------------------------------------
root - WARNING - General Log - 
root - WARNING - {'name': 'grafana-65787bb97f-db227.173fb85c17b960f9', 'type': 'Normal', 'message': 'Created container grafana', 'dateevent': '2023-02-01 14:04:52+00:00'}
root - WARNING - 

-----------------------------------------
root - WARNING - 

-----------------------------------------
root - WARNING - General Log - 
root - WARNING - {'name': 'grafana-65787bb97f-db227.173fb85c2405aebf', 'type': 'Normal', 'message': 'Started container grafana', 'dateevent': '2023-02-01 14:04:52+00:00'}
root - WARNING - 

-----------------------------------------
root - WARNING - 

-----------------------------------------
root - WARNING - General Log - 
root - WARNING - {'name': 'grafana-65787bb97f-db227.173fb85d8ec95058', 'type': 'Warning', 'message': 'Readiness probe failed: Get http://172.17.0.4:3000/api/health: dial tcp 172.17.0.4:3000: connect: connection refused', 'dateevent': '2023-02-01 14:04:58+00:00'}
root - WARNING - 

-----------------------------------------
root - WARNING - 

-----------------------------------------
root - WARNING - General Log - 
root - WARNING - {'name': 'grafana-65787bb97f.173fb8570848d371', 'type': 'Normal', 'message': 'Created pod: grafana-65787bb97f-db227', 'dateevent': '2023-02-01 14:04:30+00:00'}
root - WARNING - 

-----------------------------------------
root - WARNING - 

-----------------------------------------
root - WARNING - General Log - 
root - WARNING - {'name': 'grafana.173fb857068405e6', 'type': 'Normal', 'message': 'Scaled up replica set grafana-65787bb97f to 1', 'dateevent': '2023-02-01 14:04:30+00:00'}
root - WARNING - 

-----------------------------------------
root - WARNING - 

-----------------------------------------
root - WARNING - General Log - 
root - WARNING - {'name': 'ingress-kube-znn.173fb867a2126227', 'type': 'Normal', 'message': 'Configuration for default/ingress-kube-znn was added or updated', 'dateevent': '2023-02-01 14:05:41+00:00'}
root - WARNING - 

-----------------------------------------
root - WARNING - 

-----------------------------------------
root - WARNING - General Log - 
root - WARNING - {'name': 'ingress-kube-znn.173fb867cae558a5', 'type': 'Normal', 'message': 'Configuration for default/ingress-kube-znn was updated ', 'dateevent': '2023-02-01 14:05:42+00:00'}
root - WARNING - 

-----------------------------------------
root - WARNING - 

-----------------------------------------
root - WARNING - General Log - 
root - WARNING - {'name': 'k6-r228n.173fb8891a23ec8e', 'type': 'Normal', 'message': 'Successfully assigned default/k6-r228n to minikube', 'dateevent': '2023-02-01 14:08:05+00:00'}
root - WARNING - 

-----------------------------------------
root - WARNING - 

-----------------------------------------
root - WARNING - General Log - 
root - WARNING - {'name': 'k6-r228n.173fb889511afbd2', 'type': 'Normal', 'message': 'Pulling image "loadimpact/k6"', 'dateevent': '2023-02-01 14:08:06+00:00'}
root - WARNING - 

-----------------------------------------
root - WARNING - 

-----------------------------------------
root - WARNING - General Log - 
root - WARNING - {'name': 'k6-r228n.173fb88a82321eba', 'type': 'Normal', 'message': 'Successfully pulled image "loadimpact/k6"', 'dateevent': '2023-02-01 14:08:11+00:00'}
root - WARNING - 

-----------------------------------------
root - WARNING - 

-----------------------------------------
root - WARNING - General Log - 
root - WARNING - {'name': 'k6-r228n.173fb88a965b1f9c', 'type': 'Normal', 'message': 'Created container k6', 'dateevent': '2023-02-01 14:08:11+00:00'}
root - WARNING - 

-----------------------------------------
root - WARNING - 

-----------------------------------------
root - WARNING - General Log - 
root - WARNING - {'name': 'k6-r228n.173fb88aa54c01d9', 'type': 'Normal', 'message': 'Started container k6', 'dateevent': '2023-02-01 14:08:12+00:00'}
root - WARNING - 

-----------------------------------------
root - WARNING - 

-----------------------------------------
root - WARNING - General Log - 
root - WARNING - {'name': 'k6.173fb88919a8a99f', 'type': 'Normal', 'message': 'Created pod: k6-r228n', 'dateevent': '2023-02-01 14:08:05+00:00'}
root - WARNING - 

-----------------------------------------
root - WARNING - 

-----------------------------------------
root - WARNING - General Log - 
root - WARNING - {'name': 'kube-state-metrics-d4dff4b7c-gr8kc.173fb85709fd9da0', 'type': 'Normal', 'message': 'Successfully assigned default/kube-state-metrics-d4dff4b7c-gr8kc to minikube', 'dateevent': '2023-02-01 14:04:30+00:00'}
root - WARNING - 

-----------------------------------------
root - WARNING - 

-----------------------------------------
root - WARNING - General Log - 
root - WARNING - {'name': 'kube-state-metrics-d4dff4b7c-gr8kc.173fb857470ac315', 'type': 'Normal', 'message': 'Pulling image "quay.io/coreos/kube-state-metrics:v1.9.5"', 'dateevent': '2023-02-01 14:04:31+00:00'}
root - WARNING - 

-----------------------------------------
root - WARNING - 

-----------------------------------------
root - WARNING - General Log - 
root - WARNING - {'name': 'kube-state-metrics-d4dff4b7c-gr8kc.173fb85cf09f9de2', 'type': 'Normal', 'message': 'Successfully pulled image "quay.io/coreos/kube-state-metrics:v1.9.5"', 'dateevent': '2023-02-01 14:04:55+00:00'}
root - WARNING - 

-----------------------------------------
root - WARNING - 

-----------------------------------------
root - WARNING - General Log - 
root - WARNING - {'name': 'kube-state-metrics-d4dff4b7c-gr8kc.173fb85d0ab84ed4', 'type': 'Normal', 'message': 'Created container kube-state-metrics', 'dateevent': '2023-02-01 14:04:56+00:00'}
root - WARNING - 

-----------------------------------------
root - WARNING - 

-----------------------------------------
root - WARNING - General Log - 
root - WARNING - {'name': 'kube-state-metrics-d4dff4b7c-gr8kc.173fb85d16d70a5e', 'type': 'Normal', 'message': 'Started container kube-state-metrics', 'dateevent': '2023-02-01 14:04:56+00:00'}
root - WARNING - 

-----------------------------------------
root - WARNING - 

-----------------------------------------
root - WARNING - General Log - 
root - WARNING - {'name': 'kube-state-metrics-d4dff4b7c.173fb85708c57ac7', 'type': 'Normal', 'message': 'Created pod: kube-state-metrics-d4dff4b7c-gr8kc', 'dateevent': '2023-02-01 14:04:30+00:00'}
root - WARNING - 

-----------------------------------------
root - WARNING - 

-----------------------------------------
root - WARNING - General Log - 
root - WARNING - {'name': 'kube-state-metrics.173fb857084c0c00', 'type': 'Normal', 'message': 'Scaled up replica set kube-state-metrics-d4dff4b7c to 1', 'dateevent': '2023-02-01 14:04:30+00:00'}
root - WARNING - 

-----------------------------------------
root - WARNING - 

-----------------------------------------
root - WARNING - General Log - 
root - WARNING - {'name': 'kube-znn-5fb97667db-nc28s.173fb85773f8b300', 'type': 'Normal', 'message': 'Successfully assigned default/kube-znn-5fb97667db-nc28s to minikube', 'dateevent': '2023-02-01 14:04:32+00:00'}
root - WARNING - 

-----------------------------------------
root - WARNING - 

-----------------------------------------
root - WARNING - General Log - 
root - WARNING - {'name': 'kube-znn-5fb97667db-nc28s.173fb8581f8d1229', 'type': 'Normal', 'message': 'Pulling image "cmendes/znn:800k"', 'dateevent': '2023-02-01 14:04:35+00:00'}
root - WARNING - 

-----------------------------------------
root - WARNING - 

-----------------------------------------
root - WARNING - General Log - 
root - WARNING - {'name': 'kube-znn-5fb97667db-nc28s.173fb86100dfdce1', 'type': 'Normal', 'message': 'Successfully pulled image "cmendes/znn:800k"', 'dateevent': '2023-02-01 14:05:13+00:00'}
root - WARNING - 

-----------------------------------------
root - WARNING - 

-----------------------------------------
root - WARNING - General Log - 
root - WARNING - {'name': 'kube-znn-5fb97667db-nc28s.173fb8616c6131c3', 'type': 'Normal', 'message': 'Created container znn', 'dateevent': '2023-02-01 14:05:14+00:00'}
root - WARNING - 

-----------------------------------------
root - WARNING - 

-----------------------------------------
root - WARNING - General Log - 
root - WARNING - {'name': 'kube-znn-5fb97667db-nc28s.173fb86178ba80d4', 'type': 'Normal', 'message': 'Started container znn', 'dateevent': '2023-02-01 14:05:15+00:00'}
root - WARNING - 

-----------------------------------------
root - WARNING - 

-----------------------------------------
root - WARNING - General Log - 
root - WARNING - {'name': 'kube-znn-5fb97667db-nc28s.173fb8617e7313ce', 'type': 'Normal', 'message': 'Pulling image "openresty/openresty:alpine-fat"', 'dateevent': '2023-02-01 14:05:15+00:00'}
root - WARNING - 

-----------------------------------------
root - WARNING - 

-----------------------------------------
root - WARNING - General Log - 
root - WARNING - {'name': 'kube-znn-5fb97667db-nc28s.173fb87f40169417', 'type': 'Normal', 'message': 'Successfully pulled image "openresty/openresty:alpine-fat"', 'dateevent': '2023-02-01 14:07:23+00:00'}
root - WARNING - 

-----------------------------------------
root - WARNING - 

-----------------------------------------
root - WARNING - General Log - 
root - WARNING - {'name': 'kube-znn-5fb97667db-nc28s.173fb87fba32e440', 'type': 'Normal', 'message': 'Created container nginx', 'dateevent': '2023-02-01 14:07:25+00:00'}
root - WARNING - 

-----------------------------------------
root - WARNING - 

-----------------------------------------
root - WARNING - General Log - 
root - WARNING - {'name': 'kube-znn-5fb97667db-nc28s.173fb87fc6235400', 'type': 'Normal', 'message': 'Started container nginx', 'dateevent': '2023-02-01 14:07:25+00:00'}
root - WARNING - 

-----------------------------------------
root - WARNING - 

-----------------------------------------
root - WARNING - General Log - 
root - WARNING - {'name': 'kube-znn-5fb97667db.173fb857734946a7', 'type': 'Normal', 'message': 'Created pod: kube-znn-5fb97667db-nc28s', 'dateevent': '2023-02-01 14:04:32+00:00'}
root - WARNING - 

-----------------------------------------
root - WARNING - 

-----------------------------------------
root - WARNING - General Log - 
root - WARNING - {'name': 'kube-znn-db-6dd8968475-c4kwc.173fb85775f3c964', 'type': 'Normal', 'message': 'Successfully assigned default/kube-znn-db-6dd8968475-c4kwc to minikube', 'dateevent': '2023-02-01 14:04:32+00:00'}
root - WARNING - 

-----------------------------------------
root - WARNING - 

-----------------------------------------
root - WARNING - General Log - 
root - WARNING - {'name': 'kube-znn-db-6dd8968475-c4kwc.173fb85822049941', 'type': 'Normal', 'message': 'Pulling image "mysql:5.6"', 'dateevent': '2023-02-01 14:04:35+00:00'}
root - WARNING - 

-----------------------------------------
root - WARNING - 

-----------------------------------------
root - WARNING - General Log - 
root - WARNING - {'name': 'kube-znn-db-6dd8968475-c4kwc.173fb86436d0acd8', 'type': 'Normal', 'message': 'Successfully pulled image "mysql:5.6"', 'dateevent': '2023-02-01 14:05:26+00:00'}
root - WARNING - 

-----------------------------------------
root - WARNING - 

-----------------------------------------
root - WARNING - General Log - 
root - WARNING - {'name': 'kube-znn-db-6dd8968475-c4kwc.173fb865786ea872', 'type': 'Normal', 'message': 'Created container mysql', 'dateevent': '2023-02-01 14:05:32+00:00'}
root - WARNING - 

-----------------------------------------
root - WARNING - 

-----------------------------------------
root - WARNING - General Log - 
root - WARNING - {'name': 'kube-znn-db-6dd8968475-c4kwc.173fb86584fe7a08', 'type': 'Normal', 'message': 'Started container mysql', 'dateevent': '2023-02-01 14:05:32+00:00'}
root - WARNING - 

-----------------------------------------
root - WARNING - 

-----------------------------------------
root - WARNING - General Log - 
root - WARNING - {'name': 'kube-znn-db-6dd8968475-c4kwc.173fb866a769280d', 'type': 'Warning', 'message': 'Liveness probe failed: dial tcp 172.17.0.8:3306: connect: connection refused', 'dateevent': '2023-02-01 14:05:37+00:00'}
root - WARNING - 

-----------------------------------------
root - WARNING - 

-----------------------------------------
root - WARNING - General Log - 
root - WARNING - {'name': 'kube-znn-db-6dd8968475.173fb85775b0da0d', 'type': 'Normal', 'message': 'Created pod: kube-znn-db-6dd8968475-c4kwc', 'dateevent': '2023-02-01 14:04:32+00:00'}
root - WARNING - 

-----------------------------------------
root - WARNING - 

-----------------------------------------
root - WARNING - General Log - 
root - WARNING - {'name': 'kube-znn-db.173fb85774101c04', 'type': 'Normal', 'message': 'Scaled up replica set kube-znn-db-6dd8968475 to 1', 'dateevent': '2023-02-01 14:04:32+00:00'}
root - WARNING - 

-----------------------------------------
root - WARNING - 

-----------------------------------------
root - WARNING - 

Captured event for znn: 
root - WARNING - {'name': 'kube-znn-db.173fb85774101c04', 'type': 'Normal', 'message': 'Scaled up replica set kube-znn-db-6dd8968475 to 1', 'dateevent': '2023-02-01 14:04:32+00:00', 'image': 'cmendes/znn:800k', 'replicas': 1, 'imageChanges': 0, 'replicasChanges': 1}
root - WARNING - 

-----------------------------------------
root - WARNING - 

-----------------------------------------
root - WARNING - General Log - 
root - WARNING - {'name': 'kube-znn.173fb857726fe96d', 'type': 'Normal', 'message': 'Scaled up replica set kube-znn-5fb97667db to 1', 'dateevent': '2023-02-01 14:04:32+00:00'}
root - WARNING - 

-----------------------------------------
root - WARNING - 

-----------------------------------------
root - WARNING - 

Captured event for znn: 
root - WARNING - {'name': 'kube-znn.173fb857726fe96d', 'type': 'Normal', 'message': 'Scaled up replica set kube-znn-5fb97667db to 1', 'dateevent': '2023-02-01 14:04:32+00:00', 'image': 'cmendes/znn:800k', 'replicas': 1, 'imageChanges': 0, 'replicasChanges': 1}
root - WARNING - 

-----------------------------------------
root - WARNING - 

-----------------------------------------
root - WARNING - General Log - 
root - WARNING - {'name': 'kubow-548bb5f4b4-8bzjn.173fb8586f12e16d', 'type': 'Normal', 'message': 'Successfully assigned default/kubow-548bb5f4b4-8bzjn to minikube', 'dateevent': '2023-02-01 14:04:36+00:00'}
root - WARNING - 

-----------------------------------------
root - WARNING - 

-----------------------------------------
root - WARNING - General Log - 
root - WARNING - {'name': 'kubow-548bb5f4b4-8bzjn.173fb85910e5acf9', 'type': 'Normal', 'message': 'Pulling image "cmendes/kubow:yellow-2"', 'dateevent': '2023-02-01 14:04:39+00:00'}
root - WARNING - 

-----------------------------------------
root - WARNING - 

-----------------------------------------
root - WARNING - General Log - 
root - WARNING - {'name': 'kubow-548bb5f4b4-8bzjn.173fb87821cc2319', 'type': 'Normal', 'message': 'Successfully pulled image "cmendes/kubow:yellow-2"', 'dateevent': '2023-02-01 14:06:52+00:00'}
root - WARNING - 

-----------------------------------------
root - WARNING - 

-----------------------------------------
root - WARNING - General Log - 
root - WARNING - {'name': 'kubow-548bb5f4b4-8bzjn.173fb878e4178150', 'type': 'Normal', 'message': 'Created container kubow', 'dateevent': '2023-02-01 14:06:55+00:00'}
root - WARNING - 

-----------------------------------------
root - WARNING - 

-----------------------------------------
root - WARNING - General Log - 
root - WARNING - {'name': 'kubow-548bb5f4b4-8bzjn.173fb878f0dceae3', 'type': 'Normal', 'message': 'Started container kubow', 'dateevent': '2023-02-01 14:06:55+00:00'}
root - WARNING - 

-----------------------------------------
root - WARNING - 

-----------------------------------------
root - WARNING - General Log - 
root - WARNING - {'name': 'kubow-548bb5f4b4.173fb8586e71c44b', 'type': 'Normal', 'message': 'Created pod: kubow-548bb5f4b4-8bzjn', 'dateevent': '2023-02-01 14:04:36+00:00'}
root - WARNING - 

-----------------------------------------
root - WARNING - 

-----------------------------------------
root - WARNING - General Log - 
root - WARNING - {'name': 'kubow.173fb8586dc2c69c', 'type': 'Normal', 'message': 'Scaled up replica set kubow-548bb5f4b4 to 1', 'dateevent': '2023-02-01 14:04:36+00:00'}
root - WARNING - 

-----------------------------------------
root - WARNING - 

-----------------------------------------
root - WARNING - General Log - 
root - WARNING - {'name': 'minikube.173fb85119add7e6', 'type': 'Normal', 'message': 'Starting kubelet.', 'dateevent': '2023-02-01 14:04:13+00:00'}
root - WARNING - 

-----------------------------------------
root - WARNING - 

-----------------------------------------
root - WARNING - General Log - 
root - WARNING - {'name': 'minikube.173fb85120846d99', 'type': 'Normal', 'message': 'Node minikube status is now: NodeHasSufficientMemory', 'dateevent': '2023-02-01 14:04:13+00:00'}
root - WARNING - 

-----------------------------------------
root - WARNING - 

-----------------------------------------
root - WARNING - General Log - 
root - WARNING - {'name': 'minikube.173fb8512084efac', 'type': 'Normal', 'message': 'Node minikube status is now: NodeHasNoDiskPressure', 'dateevent': '2023-02-01 14:04:13+00:00'}
root - WARNING - 

-----------------------------------------
root - WARNING - 

-----------------------------------------
root - WARNING - General Log - 
root - WARNING - {'name': 'minikube.173fb85120850528', 'type': 'Normal', 'message': 'Node minikube status is now: NodeHasSufficientPID', 'dateevent': '2023-02-01 14:04:13+00:00'}
root - WARNING - 

-----------------------------------------
root - WARNING - 

-----------------------------------------
root - WARNING - General Log - 
root - WARNING - {'name': 'minikube.173fb85122930f2d', 'type': 'Normal', 'message': 'Updated Node Allocatable limit across pods', 'dateevent': '2023-02-01 14:04:13+00:00'}
root - WARNING - 

-----------------------------------------
root - WARNING - 

-----------------------------------------
root - WARNING - General Log - 
root - WARNING - {'name': 'minikube.173fb8565b06ece3', 'type': 'Normal', 'message': 'Node minikube event: Registered Node minikube in Controller', 'dateevent': '2023-02-01 14:04:27+00:00'}
root - WARNING - 

-----------------------------------------
root - WARNING - 

-----------------------------------------
root - WARNING - General Log - 
root - WARNING - {'name': 'minikube.173fb8569a0153a0', 'type': 'Normal', 'message': 'Starting kube-proxy.', 'dateevent': '2023-02-01 14:04:28+00:00'}
root - WARNING - 

-----------------------------------------
root - WARNING - 

-----------------------------------------
root - WARNING - General Log - 
root - WARNING - {'name': 'nginx-config.173fb867cae51255', 'type': 'Normal', 'message': 'Configuration from default/nginx-config was updated ', 'dateevent': '2023-02-01 14:05:42+00:00'}
root - WARNING - 

-----------------------------------------
root - WARNING - 

-----------------------------------------
root - WARNING - General Log - 
root - WARNING - {'name': 'nginx-ingress-8558d96667-scpmg.173fb85830623aa8', 'type': 'Normal', 'message': 'Successfully assigned default/nginx-ingress-8558d96667-scpmg to minikube', 'dateevent': '2023-02-01 14:04:35+00:00'}
root - WARNING - 

-----------------------------------------
root - WARNING - 

-----------------------------------------
root - WARNING - General Log - 
root - WARNING - {'name': 'nginx-ingress-8558d96667-scpmg.173fb85865baff31', 'type': 'Normal', 'message': 'Pulling image "nginx/nginx-ingress:1.7.0"', 'dateevent': '2023-02-01 14:04:36+00:00'}
root - WARNING - 

-----------------------------------------
root - WARNING - 

-----------------------------------------
root - WARNING - General Log - 
root - WARNING - {'name': 'nginx-ingress-8558d96667-scpmg.173fb86721199621', 'type': 'Normal', 'message': 'Successfully pulled image "nginx/nginx-ingress:1.7.0"', 'dateevent': '2023-02-01 14:05:39+00:00'}
root - WARNING - 

-----------------------------------------
root - WARNING - 

-----------------------------------------
root - WARNING - General Log - 
root - WARNING - {'name': 'nginx-ingress-8558d96667-scpmg.173fb86789e8341e', 'type': 'Normal', 'message': 'Created container nginx-ingress', 'dateevent': '2023-02-01 14:05:41+00:00'}
root - WARNING - 

-----------------------------------------
root - WARNING - 

-----------------------------------------
root - WARNING - General Log - 
root - WARNING - {'name': 'nginx-ingress-8558d96667-scpmg.173fb86796b4fb50', 'type': 'Normal', 'message': 'Started container nginx-ingress', 'dateevent': '2023-02-01 14:05:41+00:00'}
root - WARNING - 

-----------------------------------------
root - WARNING - 

-----------------------------------------
root - WARNING - General Log - 
root - WARNING - {'name': 'nginx-ingress-8558d96667.173fb857ebeb1ac9', 'type': 'Warning', 'message': 'Error creating: pods "nginx-ingress-8558d96667-" is forbidden: error looking up service account default/nginx-ingress: serviceaccount "nginx-ingress" not found', 'dateevent': '2023-02-01 14:04:34+00:00'}
root - WARNING - 

-----------------------------------------
root - WARNING - 

-----------------------------------------
root - WARNING - General Log - 
root - WARNING - {'name': 'nginx-ingress-8558d96667.173fb8583022eda9', 'type': 'Normal', 'message': 'Created pod: nginx-ingress-8558d96667-scpmg', 'dateevent': '2023-02-01 14:04:35+00:00'}
root - WARNING - 

-----------------------------------------
root - WARNING - 

-----------------------------------------
root - WARNING - General Log - 
root - WARNING - {'name': 'nginx-ingress.173fb857e448e827', 'type': 'Normal', 'message': 'Scaled up replica set nginx-ingress-8558d96667 to 1', 'dateevent': '2023-02-01 14:04:34+00:00'}
root - WARNING - 

-----------------------------------------
root - WARNING - 

-----------------------------------------
root - WARNING - General Log - 
root - WARNING - {'name': 'prometheus-ffc965799-vwt6q.173fb8570cd9b140', 'type': 'Normal', 'message': 'Successfully assigned default/prometheus-ffc965799-vwt6q to minikube', 'dateevent': '2023-02-01 14:04:30+00:00'}
root - WARNING - 

-----------------------------------------
root - WARNING - 

-----------------------------------------
root - WARNING - General Log - 
root - WARNING - {'name': 'prometheus-ffc965799-vwt6q.173fb8575895798d', 'type': 'Normal', 'message': 'Pulling image "prom/prometheus:v2.16.0"', 'dateevent': '2023-02-01 14:04:31+00:00'}
root - WARNING - 

-----------------------------------------
root - WARNING - 

-----------------------------------------
root - WARNING - General Log - 
root - WARNING - {'name': 'prometheus-ffc965799-vwt6q.173fb85f10ea88c4', 'type': 'Normal', 'message': 'Successfully pulled image "prom/prometheus:v2.16.0"', 'dateevent': '2023-02-01 14:05:04+00:00'}
root - WARNING - 

-----------------------------------------
root - WARNING - 

-----------------------------------------
root - WARNING - General Log - 
root - WARNING - {'name': 'prometheus-ffc965799-vwt6q.173fb85f5b7e434e', 'type': 'Normal', 'message': 'Created container prometheus', 'dateevent': '2023-02-01 14:05:06+00:00'}
root - WARNING - 

-----------------------------------------
root - WARNING - 

-----------------------------------------
root - WARNING - General Log - 
root - WARNING - {'name': 'prometheus-ffc965799-vwt6q.173fb85f699c08db', 'type': 'Normal', 'message': 'Started container prometheus', 'dateevent': '2023-02-01 14:05:06+00:00'}
root - WARNING - 

-----------------------------------------
root - WARNING - 

-----------------------------------------
root - WARNING - General Log - 
root - WARNING - {'name': 'prometheus-ffc965799.173fb8570c81b7f8', 'type': 'Normal', 'message': 'Created pod: prometheus-ffc965799-vwt6q', 'dateevent': '2023-02-01 14:04:30+00:00'}
root - WARNING - 

-----------------------------------------
root - WARNING - 

-----------------------------------------
root - WARNING - General Log - 
root - WARNING - {'name': 'prometheus.173fb8570b84941b', 'type': 'Normal', 'message': 'Scaled up replica set prometheus-ffc965799 to 1', 'dateevent': '2023-02-01 14:04:30+00:00'}
root - WARNING - 

-----------------------------------------
root - WARNING - 

-----------------------------------------
root - WARNING - General Log - 
root - WARNING - {'name': 'coredns-5644d7b6d9-nrwfl.173fb85649a8a3b3', 'type': 'Warning', 'message': "0/1 nodes are available: 1 node(s) had taints that the pod didn't tolerate.", 'dateevent': '2023-02-01 14:04:27+00:00'}
root - WARNING - 

-----------------------------------------
root - WARNING - 

-----------------------------------------
root - WARNING - General Log - 
root - WARNING - {'name': 'coredns-5644d7b6d9-nrwfl.173fb856a8cd403c', 'type': 'Normal', 'message': 'Successfully assigned kube-system/coredns-5644d7b6d9-nrwfl to minikube', 'dateevent': '2023-02-01 14:04:28+00:00'}
root - WARNING - 

-----------------------------------------
root - WARNING - 

-----------------------------------------
root - WARNING - General Log - 
root - WARNING - {'name': 'coredns-5644d7b6d9-nrwfl.173fb856d2814b01', 'type': 'Normal', 'message': 'Container image "k8s.gcr.io/coredns:1.6.2" already present on machine', 'dateevent': '2023-02-01 14:04:29+00:00'}
root - WARNING - 

-----------------------------------------
root - WARNING - 

-----------------------------------------
root - WARNING - General Log - 
root - WARNING - {'name': 'coredns-5644d7b6d9-nrwfl.173fb856d668da7c', 'type': 'Normal', 'message': 'Created container coredns', 'dateevent': '2023-02-01 14:04:29+00:00'}
root - WARNING - 

-----------------------------------------
root - WARNING - 

-----------------------------------------
root - WARNING - General Log - 
root - WARNING - {'name': 'coredns-5644d7b6d9-nrwfl.173fb856df8eb9f3', 'type': 'Normal', 'message': 'Started container coredns', 'dateevent': '2023-02-01 14:04:29+00:00'}
root - WARNING - 

-----------------------------------------
root - WARNING - 

-----------------------------------------
root - WARNING - General Log - 
root - WARNING - {'name': 'coredns-5644d7b6d9.173fb85649b78856', 'type': 'Normal', 'message': 'Created pod: coredns-5644d7b6d9-nrwfl', 'dateevent': '2023-02-01 14:04:27+00:00'}
root - WARNING - 

-----------------------------------------
root - WARNING - 

-----------------------------------------
root - WARNING - General Log - 
root - WARNING - {'name': 'coredns.173fb8564973817a', 'type': 'Normal', 'message': 'Scaled up replica set coredns-5644d7b6d9 to 1', 'dateevent': '2023-02-01 14:04:27+00:00'}
root - WARNING - 

-----------------------------------------
root - WARNING - 

-----------------------------------------
root - WARNING - General Log - 
root - WARNING - {'name': 'etcd-minikube.173fb85167239ff0', 'type': 'Normal', 'message': 'Container image "k8s.gcr.io/etcd:3.3.15-0" already present on machine', 'dateevent': '2023-02-01 14:04:17+00:00'}
root - WARNING - 

-----------------------------------------
root - WARNING - 

-----------------------------------------
root - WARNING - General Log - 
root - WARNING - {'name': 'etcd-minikube.173fb8516b7d33a4', 'type': 'Normal', 'message': 'Created container etcd', 'dateevent': '2023-02-01 14:04:18+00:00'}
root - WARNING - 

-----------------------------------------
root - WARNING - 

-----------------------------------------
root - WARNING - General Log - 
root - WARNING - {'name': 'etcd-minikube.173fb8517561dfa6', 'type': 'Normal', 'message': 'Started container etcd', 'dateevent': '2023-02-01 14:04:18+00:00'}
root - WARNING - 

-----------------------------------------
root - WARNING - 

-----------------------------------------
root - WARNING - General Log - 
root - WARNING - {'name': 'k8s.io-minikube-hostpath.173fb85ded39747f', 'type': 'Normal', 'message': 'minikube_e9498b07-57ac-40cd-b372-608cd3dc2ba3 became leader', 'dateevent': '2023-02-01 14:04:59+00:00'}
root - WARNING - 

-----------------------------------------
root - WARNING - 

-----------------------------------------
root - WARNING - General Log - 
root - WARNING - {'name': 'kube-apiserver-minikube.173fb8514e04189c', 'type': 'Normal', 'message': 'Container image "k8s.gcr.io/kube-apiserver:v1.16.10" already present on machine', 'dateevent': '2023-02-01 14:04:16+00:00'}
root - WARNING - 

-----------------------------------------
root - WARNING - 

-----------------------------------------
root - WARNING - General Log - 
root - WARNING - {'name': 'kube-apiserver-minikube.173fb851516416ef', 'type': 'Normal', 'message': 'Created container kube-apiserver', 'dateevent': '2023-02-01 14:04:16+00:00'}
root - WARNING - 

-----------------------------------------
root - WARNING - 

-----------------------------------------
root - WARNING - General Log - 
root - WARNING - {'name': 'kube-apiserver-minikube.173fb8515c5c2c5b', 'type': 'Normal', 'message': 'Started container kube-apiserver', 'dateevent': '2023-02-01 14:04:16+00:00'}
root - WARNING - 

-----------------------------------------
root - WARNING - 

-----------------------------------------
root - WARNING - General Log - 
root - WARNING - {'name': 'kube-apiserver-minikube.173fb88379377f57', 'type': 'Warning', 'message': 'Liveness probe failed: HTTP probe failed with statuscode: 500', 'dateevent': '2023-02-01 14:07:41+00:00'}
root - WARNING - 

-----------------------------------------
root - WARNING - 

-----------------------------------------
root - WARNING - General Log - 
root - WARNING - {'name': 'kube-controller-manager-minikube.173fb8515ebbed45', 'type': 'Normal', 'message': 'Container image "k8s.gcr.io/kube-controller-manager:v1.16.10" already present on machine', 'dateevent': '2023-02-01 14:04:17+00:00'}
root - WARNING - 

-----------------------------------------
root - WARNING - 

-----------------------------------------
root - WARNING - General Log - 
root - WARNING - {'name': 'kube-controller-manager-minikube.173fb85163476a03', 'type': 'Normal', 'message': 'Created container kube-controller-manager', 'dateevent': '2023-02-01 14:04:17+00:00'}
root - WARNING - 

-----------------------------------------
root - WARNING - 

-----------------------------------------
root - WARNING - General Log - 
root - WARNING - {'name': 'kube-controller-manager-minikube.173fb8516d703830', 'type': 'Normal', 'message': 'Started container kube-controller-manager', 'dateevent': '2023-02-01 14:04:18+00:00'}
root - WARNING - 

-----------------------------------------
root - WARNING - 

-----------------------------------------
root - WARNING - General Log - 
root - WARNING - {'name': 'kube-proxy-mn6v5.173fb8565d2d3e2d', 'type': 'Normal', 'message': 'Successfully assigned kube-system/kube-proxy-mn6v5 to minikube', 'dateevent': '2023-02-01 14:04:27+00:00'}
root - WARNING - 

-----------------------------------------
root - WARNING - 

-----------------------------------------
root - WARNING - General Log - 
root - WARNING - {'name': 'kube-proxy-mn6v5.173fb85683116bcb', 'type': 'Normal', 'message': 'Container image "k8s.gcr.io/kube-proxy:v1.16.10" already present on machine', 'dateevent': '2023-02-01 14:04:28+00:00'}
root - WARNING - 

-----------------------------------------
root - WARNING - 

-----------------------------------------
root - WARNING - General Log - 
root - WARNING - {'name': 'kube-proxy-mn6v5.173fb85687699bbb', 'type': 'Normal', 'message': 'Created container kube-proxy', 'dateevent': '2023-02-01 14:04:28+00:00'}
root - WARNING - 

-----------------------------------------
root - WARNING - 

-----------------------------------------
root - WARNING - General Log - 
root - WARNING - {'name': 'kube-proxy-mn6v5.173fb8569364fdea', 'type': 'Normal', 'message': 'Started container kube-proxy', 'dateevent': '2023-02-01 14:04:28+00:00'}
root - WARNING - 

-----------------------------------------
root - WARNING - 

-----------------------------------------
root - WARNING - General Log - 
root - WARNING - {'name': 'kube-proxy.173fb8565c8e6c53', 'type': 'Normal', 'message': 'Created pod: kube-proxy-mn6v5', 'dateevent': '2023-02-01 14:04:27+00:00'}
root - WARNING - 

-----------------------------------------
root - WARNING - 

-----------------------------------------
root - WARNING - General Log - 
root - WARNING - {'name': 'kube-scheduler-minikube.173fb851656b2b39', 'type': 'Normal', 'message': 'Container image "k8s.gcr.io/kube-scheduler:v1.16.10" already present on machine', 'dateevent': '2023-02-01 14:04:17+00:00'}
root - WARNING - 

-----------------------------------------
root - WARNING - 

-----------------------------------------
root - WARNING - General Log - 
root - WARNING - {'name': 'kube-scheduler-minikube.173fb85169b99401', 'type': 'Normal', 'message': 'Created container kube-scheduler', 'dateevent': '2023-02-01 14:04:17+00:00'}
root - WARNING - 

-----------------------------------------
root - WARNING - 

-----------------------------------------
root - WARNING - General Log - 
root - WARNING - {'name': 'kube-scheduler-minikube.173fb8517494267c', 'type': 'Normal', 'message': 'Started container kube-scheduler', 'dateevent': '2023-02-01 14:04:18+00:00'}
root - WARNING - 

-----------------------------------------
root - WARNING - 

-----------------------------------------
root - WARNING - General Log - 
root - WARNING - {'name': 'metrics-server-5cf6f65ffd-nhhx9.173fb85706057c8f', 'type': 'Normal', 'message': 'Successfully assigned kube-system/metrics-server-5cf6f65ffd-nhhx9 to minikube', 'dateevent': '2023-02-01 14:04:30+00:00'}
root - WARNING - 

-----------------------------------------
root - WARNING - 

-----------------------------------------
root - WARNING - General Log - 
root - WARNING - {'name': 'metrics-server-5cf6f65ffd-nhhx9.173fb8573bf94676', 'type': 'Normal', 'message': 'Pulling image "k8s.gcr.io/metrics-server-amd64:v0.3.6"', 'dateevent': '2023-02-01 14:04:31+00:00'}
root - WARNING - 

-----------------------------------------
root - WARNING - 

-----------------------------------------
root - WARNING - General Log - 
root - WARNING - {'name': 'metrics-server-5cf6f65ffd-nhhx9.173fb8593525fb71', 'type': 'Normal', 'message': 'Successfully pulled image "k8s.gcr.io/metrics-server-amd64:v0.3.6"', 'dateevent': '2023-02-01 14:04:39+00:00'}
root - WARNING - 

-----------------------------------------
root - WARNING - 

-----------------------------------------
root - WARNING - General Log - 
root - WARNING - {'name': 'metrics-server-5cf6f65ffd-nhhx9.173fb8597eed6ae0', 'type': 'Normal', 'message': 'Created container metrics-server', 'dateevent': '2023-02-01 14:04:40+00:00'}
root - WARNING - 

-----------------------------------------
root - WARNING - 

-----------------------------------------
root - WARNING - General Log - 
root - WARNING - {'name': 'metrics-server-5cf6f65ffd-nhhx9.173fb8598ec6437f', 'type': 'Normal', 'message': 'Started container metrics-server', 'dateevent': '2023-02-01 14:04:41+00:00'}
root - WARNING - 

-----------------------------------------
root - WARNING - 

-----------------------------------------
root - WARNING - General Log - 
root - WARNING - {'name': 'metrics-server-5cf6f65ffd.173fb8570585a3b2', 'type': 'Normal', 'message': 'Created pod: metrics-server-5cf6f65ffd-nhhx9', 'dateevent': '2023-02-01 14:04:30+00:00'}
root - WARNING - 

-----------------------------------------
root - WARNING - 

-----------------------------------------
root - WARNING - General Log - 
root - WARNING - {'name': 'metrics-server.173fb857055355f7', 'type': 'Normal', 'message': 'Scaled up replica set metrics-server-5cf6f65ffd to 1', 'dateevent': '2023-02-01 14:04:30+00:00'}
root - WARNING - 

-----------------------------------------
root - WARNING - 

-----------------------------------------
root - WARNING - General Log - 
root - WARNING - {'name': 'storage-provisioner.173fb853d6922a68', 'type': 'Warning', 'message': "0/1 nodes are available: 1 node(s) had taints that the pod didn't tolerate.", 'dateevent': '2023-02-01 14:04:16+00:00'}
root - WARNING - 

-----------------------------------------
root - WARNING - 

-----------------------------------------
root - WARNING - General Log - 
root - WARNING - {'name': 'storage-provisioner.173fb8565c57bc15', 'type': 'Normal', 'message': 'Successfully assigned kube-system/storage-provisioner to minikube', 'dateevent': '2023-02-01 14:04:27+00:00'}
root - WARNING - 

-----------------------------------------
root - WARNING - 

-----------------------------------------
root - WARNING - General Log - 
root - WARNING - {'name': 'storage-provisioner.173fb856831e2501', 'type': 'Normal', 'message': 'Container image "gcr.io/k8s-minikube/storage-provisioner:v5" already present on machine', 'dateevent': '2023-02-01 14:04:28+00:00'}
root - WARNING - 

-----------------------------------------
root - WARNING - 

-----------------------------------------
root - WARNING - General Log - 
root - WARNING - {'name': 'storage-provisioner.173fb856875da88d', 'type': 'Normal', 'message': 'Created container storage-provisioner', 'dateevent': '2023-02-01 14:04:28+00:00'}
root - WARNING - 

-----------------------------------------
root - WARNING - 

-----------------------------------------
root - WARNING - General Log - 
root - WARNING - {'name': 'storage-provisioner.173fb85693c9ec18', 'type': 'Normal', 'message': 'Started container storage-provisioner', 'dateevent': '2023-02-01 14:04:28+00:00'}
root - WARNING - 

-----------------------------------------
root - WARNING - 

-----------------------------------------
root - WARNING - An exception occurred
root - WARNING - Error: <class 'urllib3.exceptions.ReadTimeoutError'>
root - WARNING - 

-----------------------------------------
root - WARNING - 

Data collection
root - WARNING - Datetime:
root - WARNING - 20230201_111414
root - WARNING - {'name': 'Kube-znn', 'period': 0, 'initialreplicas': 1, 'initialimage': 'cmendes/znn:800k', 'initialreplicasChanges': '0', 'initialimageChanges': '0', 'initialevent': '20230201_110814', 'current_replicas': 1, 'current_image': 'cmendes/znn:800k', 'finalreplicasChanges': 1, 'finalimageChanges': 0, 'finalevent': '20230201_111414'}
root - WARNING - 

-----------------------------------------
root - WARNING - 

-----------------------------------------
root - WARNING - Generating logs for Kubow and K6.
root - WARNING - File k6-r228n_tracing_20230201_110814.loghas been generated.
root - WARNING - File kubow-548bb5f4b4-8bzjn_tracing_20230201_110814.loghas been generated.
root - WARNING - Finished pod stream.
root - WARNING - 

-----------------------------------------
