Reading file: automatingDataGeneration.sh
Reading file: CLong10
Reading file: CLong10.7z
Reading file: Evaluation-ZNN.7z
Reading file: fidelitya-778c6c6b8b-7xrfq_tracing_20230128_194455.log

fidelitya data

2023-01-28 22:48:01 : t0:raiseFidelity

2023-01-28 22:48:06 : t0:raiseFidelity

2023-01-28 22:48:36 : t0:raiseFidelity

2023-01-28 22:48:41 : t0:raiseFidelity

2023-01-28 22:48:46 : t0:raiseFidelity

2023-01-28 22:48:51 : t0:raiseFidelity

2023-01-28 22:48:56 : t0:raiseFidelity

2023-01-28 22:49:01 : t0:raiseFidelity

2023-01-28 22:49:06 : t0:raiseFidelity

2023-01-28 22:49:11 : t0:raiseFidelity

2023-01-28 22:49:16 : t0:raiseFidelity

2023-01-28 22:49:21 : t0:raiseFidelity

2023-01-28 22:49:26 : t0:raiseFidelity

2023-01-28 22:49:31 : t0:raiseFidelity

2023-01-28 22:49:36 : t0:raiseFidelity

2023-01-28 22:49:41 : t0:raiseFidelity

2023-01-28 22:49:46 : t0:raiseFidelity

2023-01-28 22:49:51 : t0:raiseFidelity

2023-01-28 22:49:56 : t0:raiseFidelity

2023-01-28 22:50:01 : t0:raiseFidelity

2023-01-28 22:50:06 : t0:raiseFidelity

2023-01-28 22:50:11 : t0:raiseFidelity

2023-01-28 22:50:16 : t0:raiseFidelity

2023-01-28 22:50:21 : t0:raiseFidelity

2023-01-28 22:50:26 : t0:raiseFidelity

2023-01-28 22:50:31 : t0:raiseFidelity

2023-01-28 22:50:36 : t0:raiseFidelity

2023-01-28 22:50:41 : t0:raiseFidelity

2023-01-28 22:50:46 : t0:raiseFidelity

2023-01-28 22:50:51 : t0:raiseFidelity

2023-01-28 22:50:56 : t0:raiseFidelity

2023-01-28 22:51:01 : t0:raiseFidelity

2023-01-28 22:51:06 : t0:raiseFidelity

2023-01-28 22:51:11 : t0:raiseFidelity

2023-01-28 22:51:16 : t0:raiseFidelity

2023-01-28 22:51:21 : t0:raiseFidelity

2023-01-28 22:51:26 : t0:raiseFidelity

2023-01-28 22:51:31 : t0:raiseFidelity

2023-01-28 22:51:36 : t0:raiseFidelity

2023-01-28 22:51:41 : t0:raiseFidelity

2023-01-28 22:51:46 : t0:raiseFidelity

2023-01-28 22:51:51 : t0:raiseFidelity

2023-01-28 22:51:56 : t0:raiseFidelity

2023-01-28 22:52:01 : t0:raiseFidelity

2023-01-28 22:52:06 : t0:raiseFidelity

2023-01-28 22:52:11 : t0:raiseFidelity

2023-01-28 22:52:16 : t0:raiseFidelity

2023-01-28 22:52:21 : t0:raiseFidelity

2023-01-28 22:52:26 : t0:raiseFidelity

2023-01-28 22:52:31 : t0:raiseFidelity

2023-01-28 22:52:36 : t0:raiseFidelity

2023-01-28 22:52:41 : t0:raiseFidelity

2023-01-28 22:52:46 : t0:raiseFidelity

2023-01-28 22:52:51 : t0:raiseFidelity

2023-01-28 22:52:56 : t0:raiseFidelity

2023-01-28 22:53:01 : t0:raiseFidelity

2023-01-28 22:53:06 : t0:raiseFidelity

2023-01-28 22:53:11 : t0:raiseFidelity

2023-01-28 22:53:16 : t0:raiseFidelity

2023-01-28 22:53:21 : t0:raiseFidelity

2023-01-28 22:53:26 : t0:raiseFidelity

2023-01-28 22:53:31 : t0:raiseFidelity

2023-01-28 22:53:36 : t0:raiseFidelity

2023-01-28 22:53:41 : t0:raiseFidelity

2023-01-28 22:53:46 : t0:raiseFidelity

2023-01-28 22:53:51 : t0:raiseFidelity

2023-01-28 22:53:56 : t0:raiseFidelity

2023-01-28 22:54:01 : t0:raiseFidelity

2023-01-28 22:54:06 : t0:raiseFidelity

2023-01-28 22:54:11 : t0:raiseFidelity

2023-01-28 22:54:16 : t0:raiseFidelity

2023-01-28 22:54:21 : t0:raiseFidelity

2023-01-28 22:54:26 : t0:raiseFidelity

2023-01-28 22:54:31 : t0:raiseFidelity

2023-01-28 22:54:36 : t0:raiseFidelity

2023-01-28 22:54:41 : t0:raiseFidelity

Reading file: generateLogs121929
Reading file: generateLogs124558
Reading file: generateLogs131507
Reading file: generateLogs134342
Reading file: generateLogs140938
Reading file: generateLogs144032
Reading file: generateLogs150618
Reading file: generateLogs153301
Reading file: generateLogs155714
Reading file: generateLogs162553
Reading file: generateLogs164354
Reading file: generateLogs171441
Reading file: generateLogs174448
Reading file: generateLogs181031
Reading file: generateLogs184508
Reading file: generateLogs190356
Reading file: generateLogs192553
Reading file: generateLogs2.sh
Reading file: k6-7lrsq_tracing_20230128_194455.log
Reading file: metacontroller-kubow-8479d7588d-blpw5_tracing_20230128_194455.log

MetaController data

2023-01-28 22:45:46 : t0:activateLowScalabilityHighQuality

2023-01-28 22:46:01 : t0:addLowScalabilityLowQuality

2023-01-28 22:47:31 : t0:addHighScalabilityHighQuality

Reading file: README.md
Reading file: scalabilitya-78d6cbbc7d-5p2dj_tracing_20230128_194455.log

scalabilitya data

2023-01-28 22:48:03 : t0:removeReplica

Reading file: summary-trace-znn.log
Reading file: temp
Reading file: temp2701
Reading file: test
Reading file: tools
Reading file: traceznn_20230128_194455.log

Trace znn data

{'name': 'kube-znn-db.173e999c086dba98', 'type': 'Normal', 'message': 'Scaled up replica set kube-znn-db-6cc48797cf to 1', 'dateevent': '2023-01-28 22:30:06+00:00', 'image': 'cmendes/znn:800k', 'replicas': 1, 'imageChanges': 0, 'replicasChanges': 1}

{'name': 'kube-znn.173e999c06b49393', 'type': 'Normal', 'message': 'Scaled up replica set kube-znn-68bd9d6b5b to 1', 'dateevent': '2023-01-28 22:30:06+00:00', 'image': 'cmendes/znn:800k', 'replicas': 1, 'imageChanges': 0, 'replicasChanges': 1}

{'name': 'kube-znn.173e9a6d5da8ea31', 'type': 'Normal', 'message': 'Scaled up replica set kube-znn-68bd9d6b5b to 2', 'dateevent': '2023-01-28 22:45:05+00:00', 'image': 'cmendes/znn:800k', 'replicas': 2, 'imageChanges': 0, 'replicasChanges': 2}

{'name': 'kube-znn.173e9a6e4452b0ee', 'type': 'Normal', 'message': 'Scaled up replica set kube-znn-68bd9d6b5b to 3', 'dateevent': '2023-01-28 22:45:09+00:00', 'image': 'cmendes/znn:800k', 'replicas': 3, 'imageChanges': 0, 'replicasChanges': 3}

{'name': 'kube-znn.173e9a6f6e889337', 'type': 'Normal', 'message': 'Scaled up replica set kube-znn-68bd9d6b5b to 4', 'dateevent': '2023-01-28 22:45:14+00:00', 'image': 'cmendes/znn:800k', 'replicas': 4, 'imageChanges': 0, 'replicasChanges': 4}

{'name': 'kube-znn.173e9a709590ad14', 'type': 'Normal', 'message': 'Scaled up replica set kube-znn-68bd9d6b5b to 5', 'dateevent': '2023-01-28 22:45:19+00:00', 'image': 'cmendes/znn:800k', 'replicas': 5, 'imageChanges': 0, 'replicasChanges': 5}

{'name': 'kube-znn.173e9a71beac4aaf', 'type': 'Normal', 'message': 'Scaled up replica set kube-znn-68bd9d6b5b to 6', 'dateevent': '2023-01-28 22:45:24+00:00', 'image': 'cmendes/znn:800k', 'replicas': 6, 'imageChanges': 0, 'replicasChanges': 6}

{'name': 'kube-znn.173e9a72eb0c4383', 'type': 'Normal', 'message': 'Scaled up replica set kube-znn-68bd9d6b5b to 7', 'dateevent': '2023-01-28 22:45:29+00:00', 'image': 'cmendes/znn:800k', 'replicas': 7, 'imageChanges': 0, 'replicasChanges': 7}

{'name': 'kube-znn.173e9a7412dcd02f', 'type': 'Normal', 'message': 'Scaled up replica set kube-znn-68bd9d6b5b to 8', 'dateevent': '2023-01-28 22:45:34+00:00', 'image': 'cmendes/znn:800k', 'replicas': 8, 'imageChanges': 0, 'replicasChanges': 8}

{'name': 'kube-znn.173e9a753d652add', 'type': 'Normal', 'message': 'Scaled up replica set kube-znn-68bd9d6b5b to 9', 'dateevent': '2023-01-28 22:45:39+00:00', 'image': 'cmendes/znn:800k', 'replicas': 9, 'imageChanges': 0, 'replicasChanges': 9}

{'name': 'kube-znn.173e9a76672738a2', 'type': 'Normal', 'message': 'Scaled up replica set kube-znn-68bd9d6b5b to 10', 'dateevent': '2023-01-28 22:45:44+00:00', 'image': 'cmendes/znn:800k', 'replicas': 10, 'imageChanges': 0, 'replicasChanges': 10}

{'name': 'kube-znn.173e9a78960472fa', 'type': 'Normal', 'message': '(combined from similar events): Scaled up replica set kube-znn-7cbbf89f8 to 3', 'dateevent': '2023-01-28 22:45:54+00:00', 'image': 'cmendes/znn:600k', 'replicas': 10, 'imageChanges': 1, 'replicasChanges': 10}

{'name': 'kube-znn.173e9a78960472fa', 'type': 'Normal', 'message': '(combined from similar events): Scaled down replica set kube-znn-68bd9d6b5b to 8', 'dateevent': '2023-01-28 22:45:54+00:00', 'image': 'cmendes/znn:600k', 'replicas': 10, 'imageChanges': 1, 'replicasChanges': 10}

{'name': 'kube-znn.173e9a78960472fa', 'type': 'Normal', 'message': '(combined from similar events): Scaled up replica set kube-znn-7cbbf89f8 to 5', 'dateevent': '2023-01-28 22:45:54+00:00', 'image': 'cmendes/znn:600k', 'replicas': 10, 'imageChanges': 1, 'replicasChanges': 10}

{'name': 'kube-znn.173e9a78960472fa', 'type': 'Normal', 'message': '(combined from similar events): Scaled down replica set kube-znn-68bd9d6b5b to 3', 'dateevent': '2023-01-28 22:45:54+00:00', 'image': 'cmendes/znn:600k', 'replicas': 4, 'imageChanges': 1, 'replicasChanges': 11}

{'name': 'kube-znn.173e9a78960472fa', 'type': 'Normal', 'message': '(combined from similar events): Scaled down replica set kube-znn-7cbbf89f8 to 2', 'dateevent': '2023-01-28 22:45:54+00:00', 'image': 'cmendes/znn:600k', 'replicas': 4, 'imageChanges': 1, 'replicasChanges': 11}

{'name': 'kube-znn.173e9a78960472fa', 'type': 'Normal', 'message': '(combined from similar events): Scaled down replica set kube-znn-68bd9d6b5b to 2', 'dateevent': '2023-01-28 22:45:54+00:00', 'image': 'cmendes/znn:200k', 'replicas': 4, 'imageChanges': 2, 'replicasChanges': 11}

{'name': 'kube-znn.173e9a78960472fa', 'type': 'Normal', 'message': '(combined from similar events): Scaled down replica set kube-znn-7cbbf89f8 to 1', 'dateevent': '2023-01-28 22:45:54+00:00', 'image': 'cmendes/znn:200k', 'replicas': 4, 'imageChanges': 2, 'replicasChanges': 11}

{'name': 'kube-znn.173e9a78960472fa', 'type': 'Normal', 'message': '(combined from similar events): Scaled up replica set kube-znn-86cccc748b to 2', 'dateevent': '2023-01-28 22:45:54+00:00', 'image': 'cmendes/znn:200k', 'replicas': 4, 'imageChanges': 2, 'replicasChanges': 11}

{'name': 'kube-znn.173e9a78960472fa', 'type': 'Normal', 'message': '(combined from similar events): Scaled down replica set kube-znn-68bd9d6b5b to 1', 'dateevent': '2023-01-28 22:45:54+00:00', 'image': 'cmendes/znn:200k', 'replicas': 4, 'imageChanges': 2, 'replicasChanges': 11}

{'name': 'kube-znn.173e9a78960472fa', 'type': 'Normal', 'message': '(combined from similar events): Scaled up replica set kube-znn-86cccc748b to 3', 'dateevent': '2023-01-28 22:45:54+00:00', 'image': 'cmendes/znn:200k', 'replicas': 4, 'imageChanges': 2, 'replicasChanges': 11}

{'name': 'kube-znn.173e9a78960472fa', 'type': 'Normal', 'message': '(combined from similar events): Scaled down replica set kube-znn-7cbbf89f8 to 0', 'dateevent': '2023-01-28 22:45:54+00:00', 'image': 'cmendes/znn:800k', 'replicas': 4, 'imageChanges': 3, 'replicasChanges': 11}

{'name': 'kube-znn.173e9a78960472fa', 'type': 'Normal', 'message': '(combined from similar events): Scaled down replica set kube-znn-86cccc748b to 2', 'dateevent': '2023-01-28 22:45:54+00:00', 'image': 'cmendes/znn:800k', 'replicas': 4, 'imageChanges': 3, 'replicasChanges': 11}

{'name': 'kube-znn.173e9a78960472fa', 'type': 'Normal', 'message': '(combined from similar events): Scaled up replica set kube-znn-68bd9d6b5b to 3', 'dateevent': '2023-01-28 22:45:54+00:00', 'image': 'cmendes/znn:800k', 'replicas': 4, 'imageChanges': 3, 'replicasChanges': 11}

{'name': 'kube-znn.173e9a78960472fa', 'type': 'Normal', 'message': '(combined from similar events): Scaled down replica set kube-znn-86cccc748b to 1', 'dateevent': '2023-01-28 22:45:54+00:00', 'image': 'cmendes/znn:800k', 'replicas': 4, 'imageChanges': 3, 'replicasChanges': 11}

{'name': 'kube-znn.173e9a78960472fa', 'type': 'Normal', 'message': '(combined from similar events): Scaled up replica set kube-znn-68bd9d6b5b to 4', 'dateevent': '2023-01-28 22:45:54+00:00', 'image': 'cmendes/znn:800k', 'replicas': 4, 'imageChanges': 3, 'replicasChanges': 11}

{'name': 'kube-znn.173e9a78960472fa', 'type': 'Normal', 'message': '(combined from similar events): Scaled down replica set kube-znn-86cccc748b to 0', 'dateevent': '2023-01-28 22:45:54+00:00', 'image': 'cmendes/znn:800k', 'replicas': 4, 'imageChanges': 3, 'replicasChanges': 11}

Reading file: VersionA-Monolithic
Reading file: VersionB-MicroControllers
Reading file: VersionC-WithFailureManagerMetaController
Reading file: VersionC-ZTemp
