Reading file: automatingDataGeneration.sh
Reading file: BLong10_parte1
Reading file: BLong10_parte1.7z
Reading file: CLong10
Reading file: CLong10.7z
Reading file: CShort10
Reading file: CShort10.7z
Reading file: Evaluation-ZNN.7z
Reading file: fidelitya-5b8dd7f8c7-ldx6k_tracing_20230130_081414.log

fidelitya data

2023-01-30 11:15:32 : t0:lowerFidelity

2023-01-30 11:15:47 : t0:lowerFidelity

2023-01-30 11:16:02 : t0:lowerFidelity

2023-01-30 11:16:17 : t0:addLowQuality

2023-01-30 11:16:22 : t0:removeLowQuality

2023-01-30 11:16:27 INFO  GuavaMasterReportingPort:35 - MODEL: Executing O[strategy-execution-KubeZnnSystem:Acme:ExecutionHistory/strategyExecutionState.null([KubeZnnSystem:Acme, AdapttionTree, ADAPTATION_EXECUTING, ])]

2023-01-30 11:16:32 INFO  GuavaMasterReportingPort:35 - MODEL: Executing O[strategy-execution-KubeZnnSystem:Acme:ExecutionHistory/strategyExecutionState.null([KubeZnnSystem:Acme, AdapttionTree, ADAPTATION_EXECUTING, ])]

2023-01-30 11:16:37 : t0:removeLowQuality

2023-01-30 11:16:42 INFO  GuavaMasterReportingPort:36 - 

2023-01-30 11:16:47 : t0:lowerFidelity

2023-01-30 11:16:52 : t0:lowerFidelity

2023-01-30 11:16:57 : t0:lowerFidelity

2023-01-30 11:17:02 INFO  GuavaMasterReportingPort:35 - MODEL: Executing O[strategy-execution-KubeZnnSystem:Acme:ExecutionHistory/strategyExecutionState.null([KubeZnnSystem:Acme, AdapttionTree, ADAPTATION_EXECUTING, ])]

2023-01-30 11:17:07 : t0:lowerFidelity

2023-01-30 11:17:12 : t0:lowerFidelity

2023-01-30 11:17:17 : t0:lowerFidelity

2023-01-30 11:17:22 : t0:lowerFidelity

2023-01-30 11:17:27 : t0:lowerFidelity

2023-01-30 11:17:32 INFO  GuavaMasterReportingPort:35 - MODEL: Executing O[strategy-execution-KubeZnnSystem:Acme:ExecutionHistory/strategyExecutionState.null([KubeZnnSystem:Acme, AdapttionTree, ADAPTATION_EXECUTING, ])]

2023-01-30 11:17:37 : t0:lowerFidelity

2023-01-30 11:17:42 : t0:lowerFidelity

2023-01-30 11:17:47 INFO  Rainbow:694 - Delegate: master[MODEL]: Executing O[strategy-execution-KubeZnnSystem:Acme:ExecutionHistory/strategyExecutionState.null([KubeZnnSystem:Acme, AdapttionTree, ADAPTATION_EXECUTING, ])]

2023-01-30 11:17:52 : t0:lowerFidelity

2023-01-30 11:17:57 : t0:lowerFidelity

2023-01-30 11:18:02 : t0:lowerFidelity

2023-01-30 11:18:07 : t0:lowerFidelity

2023-01-30 11:18:12 : t0:lowerFidelity

2023-01-30 11:18:17 : t0:lowerFidelity

2023-01-30 11:18:22 : t0:lowerFidelity

2023-01-30 11:18:27 : t0:lowerFidelity

2023-01-30 11:18:32 INFO  GuavaMasterReportingPort:35 - MODEL: Executing O[strategy-execution-KubeZnnSystem:Acme:ExecutionHistory/strategyExecutionState.null([KubeZnnSystem:Acme, AdapttionTree, ADAPTATION_EXECUTING, ])]

2023-01-30 11:18:37 : t0:lowerFidelity

2023-01-30 11:18:42 : t0:lowerFidelity

2023-01-30 11:18:47 : t0:lowerFidelity

2023-01-30 11:18:52 : t0:lowerFidelity

2023-01-30 11:18:57 : t0:lowerFidelity

2023-01-30 11:19:02 : t0:lowerFidelity

2023-01-30 11:19:07 : t0:lowerFidelity

2023-01-30 11:19:12 : t0:lowerFidelity

2023-01-30 11:19:17 : t0:lowerFidelity

2023-01-30 11:19:22 : t0:lowerFidelity

2023-01-30 11:19:27 : t0:lowerFidelity

2023-01-30 11:19:32 : t0:lowerFidelity

2023-01-30 11:19:37 : t0:addLowQuality

2023-01-30 11:20:02 : t0:raiseFidelity

Reading file: generateLogs004521
Reading file: generateLogs011246
Reading file: generateLogs014915
Reading file: generateLogs021127
Reading file: generateLogs023630
Reading file: generateLogs025505
Reading file: generateLogs033700
Reading file: generateLogs080301
Reading file: generateLogs2.sh
Reading file: README.md
Reading file: summary-trace-znn.log
Reading file: temp
Reading file: temp2701
Reading file: test
Reading file: tools
Reading file: traceznn_20230130_081414.log

Trace znn data

{'name': 'kube-znn-db.173f118a2dc10b97', 'type': 'Normal', 'message': 'Scaled up replica set kube-znn-db-558bb5dd64 to 1', 'dateevent': '2023-01-30 11:07:51+00:00', 'image': 'cmendes/znn:800k', 'replicas': 1, 'imageChanges': 0, 'replicasChanges': 1}

{'name': 'kube-znn.173f118a2c7491bb', 'type': 'Normal', 'message': 'Scaled up replica set kube-znn-744bbbc54b to 1', 'dateevent': '2023-01-30 11:07:51+00:00', 'image': 'cmendes/znn:800k', 'replicas': 1, 'imageChanges': 0, 'replicasChanges': 1}

{'name': 'kube-znn.173f11e5698ed754', 'type': 'Normal', 'message': 'Scaled up replica set kube-znn-744bbbc54b to 2', 'dateevent': '2023-01-30 11:14:23+00:00', 'image': 'cmendes/znn:800k', 'replicas': 2, 'imageChanges': 0, 'replicasChanges': 2}

{'name': 'kube-znn.173f11e76d15cd98', 'type': 'Normal', 'message': 'Scaled up replica set kube-znn-744bbbc54b to 3', 'dateevent': '2023-01-30 11:14:32+00:00', 'image': 'cmendes/znn:800k', 'replicas': 3, 'imageChanges': 0, 'replicasChanges': 3}

{'name': 'kube-znn.173f11e897b59509', 'type': 'Normal', 'message': 'Scaled up replica set kube-znn-744bbbc54b to 4', 'dateevent': '2023-01-30 11:14:37+00:00', 'image': 'cmendes/znn:800k', 'replicas': 4, 'imageChanges': 0, 'replicasChanges': 4}

{'name': 'kube-znn.173f11eae9a25d8f', 'type': 'Normal', 'message': 'Scaled up replica set kube-znn-744bbbc54b to 5', 'dateevent': '2023-01-30 11:14:47+00:00', 'image': 'cmendes/znn:800k', 'replicas': 5, 'imageChanges': 0, 'replicasChanges': 5}

{'name': 'kube-znn.173f11ec116955a3', 'type': 'Normal', 'message': 'Scaled up replica set kube-znn-744bbbc54b to 6', 'dateevent': '2023-01-30 11:14:52+00:00', 'image': 'cmendes/znn:800k', 'replicas': 6, 'imageChanges': 0, 'replicasChanges': 6}

{'name': 'kube-znn.173f11ed3eca3a7f', 'type': 'Normal', 'message': 'Scaled up replica set kube-znn-744bbbc54b to 7', 'dateevent': '2023-01-30 11:14:57+00:00', 'image': 'cmendes/znn:800k', 'replicas': 7, 'imageChanges': 0, 'replicasChanges': 7}

{'name': 'kube-znn.173f11ef9163ec9f', 'type': 'Normal', 'message': 'Scaled up replica set kube-znn-744bbbc54b to 8', 'dateevent': '2023-01-30 11:15:07+00:00', 'image': 'cmendes/znn:800k', 'replicas': 8, 'imageChanges': 0, 'replicasChanges': 8}

{'name': 'kube-znn.173f11f1e74e7231', 'type': 'Normal', 'message': 'Scaled up replica set kube-znn-744bbbc54b to 9', 'dateevent': '2023-01-30 11:15:17+00:00', 'image': 'cmendes/znn:800k', 'replicas': 9, 'imageChanges': 0, 'replicasChanges': 9}

{'name': 'kube-znn.173f11f43afeb2ae', 'type': 'Normal', 'message': '(combined from similar events): Scaled up replica set kube-znn-744bbbc54b to 10', 'dateevent': '2023-01-30 11:15:27+00:00', 'image': 'cmendes/znn:800k', 'replicas': 10, 'imageChanges': 0, 'replicasChanges': 10}

{'name': 'kube-znn.173f11f43afeb2ae', 'type': 'Normal', 'message': '(combined from similar events): Scaled up replica set kube-znn-5c95bd98fb to 3', 'dateevent': '2023-01-30 11:15:27+00:00', 'image': 'cmendes/znn:600k', 'replicas': 10, 'imageChanges': 1, 'replicasChanges': 10}

{'name': 'kube-znn.173f11f43afeb2ae', 'type': 'Normal', 'message': '(combined from similar events): Scaled down replica set kube-znn-744bbbc54b to 8', 'dateevent': '2023-01-30 11:15:27+00:00', 'image': 'cmendes/znn:600k', 'replicas': 10, 'imageChanges': 1, 'replicasChanges': 10}

{'name': 'kube-znn.173f11f43afeb2ae', 'type': 'Normal', 'message': '(combined from similar events): Scaled up replica set kube-znn-5c95bd98fb to 5', 'dateevent': '2023-01-30 11:15:27+00:00', 'image': 'cmendes/znn:600k', 'replicas': 10, 'imageChanges': 1, 'replicasChanges': 10}

{'name': 'kube-znn.173f11f43afeb2ae', 'type': 'Normal', 'message': '(combined from similar events): Scaled down replica set kube-znn-744bbbc54b to 4', 'dateevent': '2023-01-30 11:15:27+00:00', 'image': 'cmendes/znn:400k', 'replicas': 10, 'imageChanges': 2, 'replicasChanges': 10}

{'name': 'kube-znn.173f11f43afeb2ae', 'type': 'Normal', 'message': '(combined from similar events): Scaled down replica set kube-znn-5c95bd98fb to 4', 'dateevent': '2023-01-30 11:15:27+00:00', 'image': 'cmendes/znn:400k', 'replicas': 10, 'imageChanges': 2, 'replicasChanges': 10}

{'name': 'kube-znn.173f11f43afeb2ae', 'type': 'Normal', 'message': '(combined from similar events): Scaled up replica set kube-znn-549bfcf578 to 5', 'dateevent': '2023-01-30 11:15:27+00:00', 'image': 'cmendes/znn:400k', 'replicas': 10, 'imageChanges': 2, 'replicasChanges': 10}

{'name': 'kube-znn.173f11f43afeb2ae', 'type': 'Normal', 'message': '(combined from similar events): Scaled down replica set kube-znn-549bfcf578 to 4', 'dateevent': '2023-01-30 11:15:27+00:00', 'image': 'cmendes/znn:600k', 'replicas': 10, 'imageChanges': 3, 'replicasChanges': 10}

{'name': 'kube-znn.173f12082f876f83', 'type': 'Normal', 'message': 'Scaled up replica set kube-znn-5c95bd98fb to 5', 'dateevent': '2023-01-30 11:16:52+00:00', 'image': 'cmendes/znn:600k', 'replicas': 10, 'imageChanges': 3, 'replicasChanges': 10}

{'name': 'kube-znn.173f12083990bfae', 'type': 'Normal', 'message': 'Scaled down replica set kube-znn-5c95bd98fb to 4', 'dateevent': '2023-01-30 11:16:52+00:00', 'image': 'cmendes/znn:400k', 'replicas': 10, 'imageChanges': 4, 'replicasChanges': 10}

{'name': 'kube-znn.173f12083af87759', 'type': 'Normal', 'message': 'Scaled up replica set kube-znn-549bfcf578 to 5', 'dateevent': '2023-01-30 11:16:52+00:00', 'image': 'cmendes/znn:400k', 'replicas': 10, 'imageChanges': 4, 'replicasChanges': 10}

{'name': 'kube-znn.173f1209572d5d00', 'type': 'Normal', 'message': 'Scaled down replica set kube-znn-549bfcf578 to 4', 'dateevent': '2023-01-30 11:16:57+00:00', 'image': 'cmendes/znn:600k', 'replicas': 10, 'imageChanges': 5, 'replicasChanges': 10}

{'name': 'kube-znn.173f12082f876f83', 'type': 'Normal', 'message': 'Scaled up replica set kube-znn-5c95bd98fb to 5', 'dateevent': '2023-01-30 11:16:52+00:00', 'image': 'cmendes/znn:600k', 'replicas': 10, 'imageChanges': 5, 'replicasChanges': 10}

{'name': 'kube-znn.173f12083990bfae', 'type': 'Normal', 'message': 'Scaled down replica set kube-znn-5c95bd98fb to 4', 'dateevent': '2023-01-30 11:16:52+00:00', 'image': 'cmendes/znn:400k', 'replicas': 10, 'imageChanges': 6, 'replicasChanges': 10}

{'name': 'kube-znn.173f12083af87759', 'type': 'Normal', 'message': 'Scaled up replica set kube-znn-549bfcf578 to 5', 'dateevent': '2023-01-30 11:16:52+00:00', 'image': 'cmendes/znn:400k', 'replicas': 10, 'imageChanges': 6, 'replicasChanges': 10}

{'name': 'kube-znn.173f1209572d5d00', 'type': 'Normal', 'message': 'Scaled down replica set kube-znn-549bfcf578 to 4', 'dateevent': '2023-01-30 11:16:57+00:00', 'image': 'cmendes/znn:600k', 'replicas': 10, 'imageChanges': 7, 'replicasChanges': 10}

{'name': 'kube-znn.173f12082f876f83', 'type': 'Normal', 'message': 'Scaled up replica set kube-znn-5c95bd98fb to 5', 'dateevent': '2023-01-30 11:16:52+00:00', 'image': 'cmendes/znn:600k', 'replicas': 10, 'imageChanges': 7, 'replicasChanges': 10}

{'name': 'kube-znn.173f12187a71aad1', 'type': 'Normal', 'message': 'Scaled down replica set kube-znn-549bfcf578 to 0', 'dateevent': '2023-01-30 11:19:27+00:00', 'image': 'cmendes/znn:600k', 'replicas': 10, 'imageChanges': 7, 'replicasChanges': 10}

Reading file: VersionA-Monolithic
Reading file: VersionB-MicroControllers
Reading file: VersionC-WithFailureManagerMetaController
Reading file: VersionC-ZTemp
