Reading file: automatingDataGeneration.sh
Reading file: CLong10
Reading file: CLong10.7z
Reading file: CShort10
Reading file: CShort10.7z
Reading file: Evaluation-ZNN.7z
Reading file: fidelitya-5b8dd7f8c7-wp8tm_tracing_20230129_231947.log

fidelitya data

2023-01-30 02:20:41 : t0:lowerFidelity

2023-01-30 02:20:56 : t0:lowerFidelity

2023-01-30 02:21:11 : t0:lowerFidelity

2023-01-30 02:21:16 : t0:lowerFidelity

2023-01-30 02:21:21 : t0:lowerFidelity

2023-01-30 02:21:26 : t0:lowerFidelity

2023-01-30 02:21:31 : t0:lowerFidelity

2023-01-30 02:21:36 : t0:lowerFidelity

2023-01-30 02:21:41 : t0:lowerFidelity

2023-01-30 02:21:46 : t0:lowerFidelity

2023-01-30 02:21:51 : t0:lowerFidelity

2023-01-30 02:21:56 : t0:lowerFidelity

2023-01-30 02:22:01 : t0:lowerFidelity

2023-01-30 02:22:06 : t0:lowerFidelity

2023-01-30 02:22:11 : t0:lowerFidelity

2023-01-30 02:22:16 : t0:lowerFidelity

2023-01-30 02:22:21 : t0:lowerFidelity

2023-01-30 02:22:26 : t0:lowerFidelity

2023-01-30 02:22:31 : t0:lowerFidelity

2023-01-30 02:22:36 : t0:lowerFidelity

2023-01-30 02:22:41 : t0:lowerFidelity

2023-01-30 02:22:46 : t0:lowerFidelity

2023-01-30 02:22:51 : t0:lowerFidelity

2023-01-30 02:22:56 : t0:lowerFidelity

2023-01-30 02:23:01 : t0:lowerFidelity

2023-01-30 02:23:06 : t0:lowerFidelity

2023-01-30 02:23:11 : t0:lowerFidelity

2023-01-30 02:23:16 : t0:lowerFidelity

2023-01-30 02:23:21 : t0:lowerFidelity

2023-01-30 02:23:26 : t0:lowerFidelity

2023-01-30 02:23:31 : t0:lowerFidelity

2023-01-30 02:23:36 : t0:lowerFidelity

2023-01-30 02:23:41 : t0:lowerFidelity

2023-01-30 02:23:46 : t0:lowerFidelity

2023-01-30 02:23:51 : t0:lowerFidelity

2023-01-30 02:23:56 : t0:lowerFidelity

2023-01-30 02:24:01 : t0:lowerFidelity

2023-01-30 02:24:06 : t0:lowerFidelity

2023-01-30 02:24:11 : t0:lowerFidelity

2023-01-30 02:24:16 : t0:lowerFidelity

2023-01-30 02:24:21 : t0:lowerFidelity

2023-01-30 02:24:26 : t0:lowerFidelity

2023-01-30 02:24:31 : t0:lowerFidelity

2023-01-30 02:24:36 : t0:lowerFidelity

2023-01-30 02:24:41 : t0:lowerFidelity

2023-01-30 02:24:46 : t0:lowerFidelity

2023-01-30 02:24:51 : t0:lowerFidelity

2023-01-30 02:24:56 : t0:lowerFidelity

2023-01-30 02:25:01 : t0:lowerFidelity

2023-01-30 02:25:06 : t0:lowerFidelity

2023-01-30 02:25:11 : t0:lowerFidelity

2023-01-30 02:25:16 : t0:addLowQuality

2023-01-30 02:25:46 : t0:raiseFidelity

Reading file: fidelityb-67c8fc5999-x2zpx_tracing_20230129_231947.log

fidelityb data

Reading file: generateLogs104811
Reading file: generateLogs111449
Reading file: generateLogs115104
Reading file: generateLogs122114
Reading file: generateLogs125158
Reading file: generateLogs131404
Reading file: generateLogs134457
Reading file: generateLogs140932
Reading file: generateLogs144048
Reading file: generateLogs145725
Reading file: generateLogs152330
Reading file: generateLogs155416
Reading file: generateLogs162628
Reading file: generateLogs165146
Reading file: generateLogs172723
Reading file: generateLogs174859
Reading file: generateLogs181909
Reading file: generateLogs184936
Reading file: generateLogs192145
Reading file: generateLogs195734
Reading file: generateLogs2.sh
Reading file: generateLogs202056
Reading file: generateLogs203926
Reading file: generateLogs210932
Reading file: generateLogs215116
Reading file: generateLogs220729
Reading file: generateLogs222808
Reading file: generateLogs230935
Reading file: k6-2w57r_tracing_20230129_231947.log
Reading file: README.md
Reading file: scalabilityb-66d698fc76-fjt9h_tracing_20230129_231947.log

scalabilityb data

2023-01-30 02:21:05 : t0:removeHighScalability

2023-01-30 02:21:09 : t0:removeHighScalability

2023-01-30 02:21:15 : t0:removeHighScalability

2023-01-30 02:21:20 : t0:removeHighScalability

2023-01-30 02:21:25 : t0:removeHighScalability

2023-01-30 02:21:29 : t0:removeHighScalability

2023-01-30 02:21:34 : t0:removeHighScalability

2023-01-30 02:21:39 : t0:removeHighScalability

2023-01-30 02:21:44 : t0:removeHighScalability

2023-01-30 02:21:49 : t0:removeHighScalability

2023-01-30 02:21:54 : t0:removeHighScalability

2023-01-30 02:21:59 : t0:removeHighScalability

2023-01-30 02:22:04 : t0:removeHighScalability

2023-01-30 02:22:09 : t0:removeHighScalability

2023-01-30 02:22:15 : t0:removeHighScalability

2023-01-30 02:22:19 : t0:removeHighScalability

2023-01-30 02:22:24 : t0:removeHighScalability

2023-01-30 02:22:29 : t0:removeHighScalability

2023-01-30 02:22:34 : t0:removeHighScalability

2023-01-30 02:22:39 : t0:removeHighScalability

2023-01-30 02:22:44 : t0:removeHighScalability

2023-01-30 02:22:49 : t0:removeHighScalability

2023-01-30 02:22:54 : t0:removeHighScalability

2023-01-30 02:23:00 : t0:removeHighScalability

2023-01-30 02:23:04 : t0:removeHighScalability

2023-01-30 02:23:09 : t0:removeHighScalability

2023-01-30 02:23:14 : t0:removeHighScalability

2023-01-30 02:23:19 INFO  Rainbow:694 - Delegate: master[EXECUTOR]: [[Rainbow Strategy Executor]]: Executing Strategy deactivateScalabilityA

2023-01-30 02:23:24 : t0:removeHighScalability

2023-01-30 02:23:29 : t0:removeHighScalability

2023-01-30 02:23:34 : t0:removeHighScalability

2023-01-30 02:23:39 : t0:removeHighScalability

2023-01-30 02:23:44 : t0:removeHighScalability

2023-01-30 02:23:49 : t0:removeHighScalability

2023-01-30 02:23:54 : t0:removeHighScalability

2023-01-30 02:23:59 : t0:removeHighScalability

2023-01-30 02:24:04 : t0:removeHighScalability

2023-01-30 02:24:09 : t0:removeHighScalability

2023-01-30 02:24:14 : t0:removeHighScalability

2023-01-30 02:24:19 : t0:removeHighScalability

2023-01-30 02:24:24 : t0:removeHighScalability

2023-01-30 02:24:29 : t0:removeHighScalability

2023-01-30 02:24:34 : t0:removeHighScalability

2023-01-30 02:24:39 : t0:removeHighScalability

2023-01-30 02:24:44 : t0:removeHighScalability

2023-01-30 02:24:49 : t0:removeHighScalability

2023-01-30 02:24:54 : t0:removeHighScalability

2023-01-30 02:24:59 : t0:removeHighScalability

2023-01-30 02:25:04 : t0:removeHighScalability

2023-01-30 02:25:09 : t0:removeHighScalability

2023-01-30 02:25:14 : t0:removeHighScalability

2023-01-30 02:25:44 : t0:removeReplica

Reading file: summary-trace-znn.log
Reading file: temp
Reading file: temp2701
Reading file: test
Reading file: tools
Reading file: traceznn_20230129_231947.log

Trace znn data

{'name': 'kube-znn-db.173ef46a1dc82c3b', 'type': 'Normal', 'message': 'Scaled up replica set kube-znn-db-558bb5dd64 to 1', 'dateevent': '2023-01-30 02:14:08+00:00', 'image': 'cmendes/znn:800k', 'replicas': 1, 'imageChanges': 0, 'replicasChanges': 1}

{'name': 'kube-znn.173ef46a1bcf4239', 'type': 'Normal', 'message': 'Scaled up replica set kube-znn-744bbbc54b to 1', 'dateevent': '2023-01-30 02:14:08+00:00', 'image': 'cmendes/znn:800k', 'replicas': 1, 'imageChanges': 0, 'replicasChanges': 1}

{'name': 'kube-znn.173ef4baceab23de', 'type': 'Normal', 'message': 'Scaled up replica set kube-znn-744bbbc54b to 2', 'dateevent': '2023-01-30 02:19:54+00:00', 'image': 'cmendes/znn:800k', 'replicas': 2, 'imageChanges': 0, 'replicasChanges': 2}

{'name': 'kube-znn.173ef4bbb859816f', 'type': 'Normal', 'message': 'Scaled up replica set kube-znn-744bbbc54b to 3', 'dateevent': '2023-01-30 02:19:58+00:00', 'image': 'cmendes/znn:800k', 'replicas': 3, 'imageChanges': 0, 'replicasChanges': 3}

{'name': 'kube-znn.173ef4bce017ea8a', 'type': 'Normal', 'message': 'Scaled up replica set kube-znn-744bbbc54b to 4', 'dateevent': '2023-01-30 02:20:03+00:00', 'image': 'cmendes/znn:800k', 'replicas': 4, 'imageChanges': 0, 'replicasChanges': 4}

{'name': 'kube-znn.173ef4be0cbfb456', 'type': 'Normal', 'message': 'Scaled up replica set kube-znn-744bbbc54b to 5', 'dateevent': '2023-01-30 02:20:08+00:00', 'image': 'cmendes/znn:800k', 'replicas': 5, 'imageChanges': 0, 'replicasChanges': 5}

{'name': 'kube-znn.173ef4bf335b7d16', 'type': 'Normal', 'message': 'Scaled up replica set kube-znn-744bbbc54b to 6', 'dateevent': '2023-01-30 02:20:13+00:00', 'image': 'cmendes/znn:800k', 'replicas': 6, 'imageChanges': 0, 'replicasChanges': 6}

{'name': 'kube-znn.173ef4c05f26207b', 'type': 'Normal', 'message': 'Scaled up replica set kube-znn-744bbbc54b to 7', 'dateevent': '2023-01-30 02:20:18+00:00', 'image': 'cmendes/znn:800k', 'replicas': 7, 'imageChanges': 0, 'replicasChanges': 7}

{'name': 'kube-znn.173ef4c18888291a', 'type': 'Normal', 'message': 'Scaled up replica set kube-znn-744bbbc54b to 8', 'dateevent': '2023-01-30 02:20:23+00:00', 'image': 'cmendes/znn:800k', 'replicas': 8, 'imageChanges': 0, 'replicasChanges': 8}

{'name': 'kube-znn.173ef4c2b25cc23b', 'type': 'Normal', 'message': 'Scaled up replica set kube-znn-744bbbc54b to 9', 'dateevent': '2023-01-30 02:20:28+00:00', 'image': 'cmendes/znn:800k', 'replicas': 9, 'imageChanges': 0, 'replicasChanges': 9}

{'name': 'kube-znn.173ef4c3dcf7387c', 'type': 'Normal', 'message': '(combined from similar events): Scaled up replica set kube-znn-744bbbc54b to 10', 'dateevent': '2023-01-30 02:20:33+00:00', 'image': 'cmendes/znn:800k', 'replicas': 10, 'imageChanges': 0, 'replicasChanges': 10}

{'name': 'kube-znn.173ef4c3dcf7387c', 'type': 'Normal', 'message': '(combined from similar events): Scaled up replica set kube-znn-5c95bd98fb to 3', 'dateevent': '2023-01-30 02:20:33+00:00', 'image': 'cmendes/znn:600k', 'replicas': 10, 'imageChanges': 1, 'replicasChanges': 10}

{'name': 'kube-znn.173ef4c3dcf7387c', 'type': 'Normal', 'message': '(combined from similar events): Scaled down replica set kube-znn-744bbbc54b to 8', 'dateevent': '2023-01-30 02:20:33+00:00', 'image': 'cmendes/znn:600k', 'replicas': 10, 'imageChanges': 1, 'replicasChanges': 10}

{'name': 'kube-znn.173ef4c3dcf7387c', 'type': 'Normal', 'message': '(combined from similar events): Scaled up replica set kube-znn-5c95bd98fb to 5', 'dateevent': '2023-01-30 02:20:33+00:00', 'image': 'cmendes/znn:600k', 'replicas': 10, 'imageChanges': 1, 'replicasChanges': 10}

{'name': 'kube-znn.173ef4c3dcf7387c', 'type': 'Normal', 'message': '(combined from similar events): Scaled down replica set kube-znn-744bbbc54b to 4', 'dateevent': '2023-01-30 02:20:33+00:00', 'image': 'cmendes/znn:400k', 'replicas': 10, 'imageChanges': 2, 'replicasChanges': 10}

{'name': 'kube-znn.173ef4c3dcf7387c', 'type': 'Normal', 'message': '(combined from similar events): Scaled down replica set kube-znn-5c95bd98fb to 4', 'dateevent': '2023-01-30 02:20:33+00:00', 'image': 'cmendes/znn:400k', 'replicas': 10, 'imageChanges': 2, 'replicasChanges': 10}

{'name': 'kube-znn.173ef4c3dcf7387c', 'type': 'Normal', 'message': '(combined from similar events): Scaled up replica set kube-znn-549bfcf578 to 5', 'dateevent': '2023-01-30 02:20:33+00:00', 'image': 'cmendes/znn:400k', 'replicas': 10, 'imageChanges': 2, 'replicasChanges': 10}

{'name': 'kube-znn.173ef4c3dcf7387c', 'type': 'Normal', 'message': '(combined from similar events): Scaled down replica set kube-znn-549bfcf578 to 2', 'dateevent': '2023-01-30 02:20:33+00:00', 'image': 'cmendes/znn:600k', 'replicas': 10, 'imageChanges': 3, 'replicasChanges': 10}

{'name': 'kube-znn.173ef4c3dcf7387c', 'type': 'Normal', 'message': '(combined from similar events): Scaled up replica set kube-znn-5c95bd98fb to 7', 'dateevent': '2023-01-30 02:20:33+00:00', 'image': 'cmendes/znn:600k', 'replicas': 10, 'imageChanges': 3, 'replicasChanges': 10}

{'name': 'kube-znn.173ef4c3dcf7387c', 'type': 'Normal', 'message': '(combined from similar events): Scaled down replica set kube-znn-5c95bd98fb to 4', 'dateevent': '2023-01-30 02:20:33+00:00', 'image': 'cmendes/znn:400k', 'replicas': 10, 'imageChanges': 4, 'replicasChanges': 10}

{'name': 'kube-znn.173ef4c3dcf7387c', 'type': 'Normal', 'message': '(combined from similar events): Scaled up replica set kube-znn-549bfcf578 to 5', 'dateevent': '2023-01-30 02:20:33+00:00', 'image': 'cmendes/znn:400k', 'replicas': 10, 'imageChanges': 4, 'replicasChanges': 10}

{'name': 'kube-znn.173ef4c3dcf7387c', 'type': 'Normal', 'message': '(combined from similar events): Scaled down replica set kube-znn-549bfcf578 to 1', 'dateevent': '2023-01-30 02:20:33+00:00', 'image': 'cmendes/znn:600k', 'replicas': 10, 'imageChanges': 5, 'replicasChanges': 10}

{'name': 'kube-znn.173ef4c3dcf7387c', 'type': 'Normal', 'message': '(combined from similar events): Scaled up replica set kube-znn-5c95bd98fb to 8', 'dateevent': '2023-01-30 02:20:33+00:00', 'image': 'cmendes/znn:600k', 'replicas': 10, 'imageChanges': 5, 'replicasChanges': 10}

{'name': 'kube-znn.173ef4d051ab7575', 'type': 'Normal', 'message': 'Scaled down replica set kube-znn-5c95bd98fb to 4', 'dateevent': '2023-01-30 02:21:26+00:00', 'image': 'cmendes/znn:400k', 'replicas': 10, 'imageChanges': 6, 'replicasChanges': 10}

{'name': 'kube-znn.173ef4c3dcf7387c', 'type': 'Normal', 'message': '(combined from similar events): Scaled up replica set kube-znn-549bfcf578 to 5', 'dateevent': '2023-01-30 02:20:33+00:00', 'image': 'cmendes/znn:400k', 'replicas': 10, 'imageChanges': 6, 'replicasChanges': 10}

{'name': 'kube-znn.173ef4c3dcf7387c', 'type': 'Normal', 'message': '(combined from similar events): Scaled down replica set kube-znn-549bfcf578 to 0', 'dateevent': '2023-01-30 02:20:33+00:00', 'image': 'cmendes/znn:600k', 'replicas': 10, 'imageChanges': 7, 'replicasChanges': 10}

{'name': 'kube-znn.173ef4c3dcf7387c', 'type': 'Normal', 'message': '(combined from similar events): Scaled up replica set kube-znn-5c95bd98fb to 9', 'dateevent': '2023-01-30 02:20:33+00:00', 'image': 'cmendes/znn:600k', 'replicas': 10, 'imageChanges': 7, 'replicasChanges': 10}

{'name': 'kube-znn.173ef4d29491c417', 'type': 'Normal', 'message': 'Scaled down replica set kube-znn-549bfcf578 to 0', 'dateevent': '2023-01-30 02:24:56+00:00', 'image': 'cmendes/znn:600k', 'replicas': 10, 'imageChanges': 7, 'replicasChanges': 10}

Reading file: VersionA-Monolithic
Reading file: VersionB-MicroControllers
Reading file: VersionC-WithFailureManagerMetaController
Reading file: VersionC-ZTemp
