Reading file: automatingDataGeneration.sh
Reading file: CLong10
Reading file: CLong10.7z
Reading file: CShort10
Reading file: CShort10.7z
Reading file: Evaluation-ZNN.7z
Reading file: fidelitya-5b8dd7f8c7-7tgfl_tracing_20230129_200923.log

fidelitya data

2023-01-29 23:10:18 : t0:lowerFidelity

Reading file: generateLogs104811
Reading file: generateLogs111449
Reading file: generateLogs115104
Reading file: generateLogs122114
Reading file: generateLogs125158
Reading file: generateLogs131404
Reading file: generateLogs134457
Reading file: generateLogs140932
Reading file: generateLogs144048
Reading file: generateLogs145725
Reading file: generateLogs152330
Reading file: generateLogs155416
Reading file: generateLogs162628
Reading file: generateLogs165146
Reading file: generateLogs172723
Reading file: generateLogs174859
Reading file: generateLogs181909
Reading file: generateLogs184936
Reading file: generateLogs192145
Reading file: generateLogs195734
Reading file: generateLogs2.sh
Reading file: k6-78j2z_tracing_20230129_200923.log
Reading file: README.md
Reading file: scalabilityb-66d698fc76-w2rqj_tracing_20230129_200923.log

scalabilityb data

2023-01-29 23:11:04 : t0:removeHighScalability

2023-01-29 23:11:09 : t0:removeHighScalability

2023-01-29 23:11:14 : t0:removeHighScalability

2023-01-29 23:11:19 : t0:removeHighScalability

2023-01-29 23:11:24 : t0:removeHighScalability

2023-01-29 23:11:29 : t0:removeHighScalability

2023-01-29 23:11:34 : t0:removeHighScalability

2023-01-29 23:11:39 : t0:removeHighScalability

2023-01-29 23:11:44 : t0:removeHighScalability

2023-01-29 23:11:49 : t0:removeHighScalability

2023-01-29 23:11:54 : t0:removeHighScalability

2023-01-29 23:11:59 : t0:addHighScalability

2023-01-29 23:12:04 : t0:addHighScalability

2023-01-29 23:12:09 : t0:addHighScalability

2023-01-29 23:12:14 : t0:addHighScalability

2023-01-29 23:12:19 : t0:addHighScalability

2023-01-29 23:12:24 : t0:addHighScalability

2023-01-29 23:12:29 : t0:addHighScalability

2023-01-29 23:12:34 : t0:removeHighScalability

2023-01-29 23:12:39 : t0:removeHighScalability

2023-01-29 23:12:44 : t0:removeHighScalability

2023-01-29 23:12:49 : t0:removeHighScalability

2023-01-29 23:12:54 : t0:removeHighScalability

2023-01-29 23:12:59 : t0:addHighScalability

2023-01-29 23:13:04 : t0:addHighScalability

2023-01-29 23:13:09 : t0:addHighScalability

2023-01-29 23:13:14 : t0:addHighScalability

2023-01-29 23:13:19 : t0:addHighScalability

2023-01-29 23:13:24 : t0:addHighScalability

2023-01-29 23:13:29 : t0:addHighScalability

2023-01-29 23:13:34 : t0:addHighScalability

2023-01-29 23:13:39 : t0:addHighScalability

2023-01-29 23:13:44 : t0:addHighScalability

2023-01-29 23:13:49 : t0:addHighScalability

2023-01-29 23:13:54 : t0:addHighScalability

2023-01-29 23:13:59 : t0:addHighScalability

2023-01-29 23:14:04 : t0:removeHighScalability

2023-01-29 23:14:09 : t0:removeHighScalability

2023-01-29 23:14:14 : t0:removeHighScalability

2023-01-29 23:14:19 : t0:removeHighScalability

2023-01-29 23:14:24 : t0:removeHighScalability

2023-01-29 23:14:29 : t0:addHighScalability

2023-01-29 23:14:34 : t0:addHighScalability

2023-01-29 23:14:39 : t0:removeHighScalability

2023-01-29 23:14:44 : t0:removeHighScalability

2023-01-29 23:14:49 : t0:removeReplica

2023-01-29 23:15:19 : t0:removeReplica

2023-01-29 23:15:24 : t0:removeReplica

2023-01-29 23:15:29 : t0:removeReplica

2023-01-29 23:15:34 : t0:removeReplica

2023-01-29 23:15:39 : t0:removeReplica

2023-01-29 23:15:44 : t0:removeReplica

2023-01-29 23:15:49 : t0:removeReplica

2023-01-29 23:15:54 : t0:removeReplica

2023-01-29 23:15:59 : t0:removeReplica

2023-01-29 23:16:04 : t0:removeReplica

2023-01-29 23:16:09 : t0:removeReplica

2023-01-29 23:16:14 : t0:removeReplica

2023-01-29 23:16:19 : t0:removeReplica

2023-01-29 23:16:24 : t0:removeReplica

2023-01-29 23:16:29 : t0:removeReplica

2023-01-29 23:16:34 : t0:removeReplica

2023-01-29 23:16:39 : t0:removeReplica

2023-01-29 23:16:44 : t0:removeReplica

2023-01-29 23:16:49 : t0:removeReplica

2023-01-29 23:16:54 : t0:removeReplica

2023-01-29 23:16:59 : t0:removeReplica

2023-01-29 23:17:04 : t0:removeReplica

2023-01-29 23:17:09 INFO  Rainbow:694 - Delegate: master[EXECUTOR]: [[Rainbow Strategy Executor]]: Executing Strategy ReduceCost

2023-01-29 23:17:14 : t0:removeReplica

2023-01-29 23:17:19 : t0:removeReplica

2023-01-29 23:17:24 : t0:removeReplica

2023-01-29 23:17:29 : t0:removeReplica

2023-01-29 23:17:34 : t0:removeReplica

2023-01-29 23:17:39 : t0:removeReplica

2023-01-29 23:17:44 : t0:removeReplica

2023-01-29 23:17:49 : t0:removeReplica

2023-01-29 23:17:54 : t0:removeReplica

2023-01-29 23:17:59 : t0:removeReplica

2023-01-29 23:18:04 : t0:removeReplica

2023-01-29 23:18:09 : t0:removeReplica

2023-01-29 23:18:14 : t0:removeReplica

2023-01-29 23:18:19 : t0:removeReplica

2023-01-29 23:18:24 : t0:removeReplica

2023-01-29 23:18:29 : t0:removeReplica

2023-01-29 23:18:34 : t0:removeReplica

2023-01-29 23:18:39 : t0:removeReplica

2023-01-29 23:18:44 : t0:removeReplica

2023-01-29 23:18:49 : t0:removeReplica

2023-01-29 23:18:54 : t0:removeReplica

2023-01-29 23:18:59 : t0:removeReplica

2023-01-29 23:19:04 : t0:removeReplica

2023-01-29 23:19:09 : t0:removeReplica

2023-01-29 23:19:14 : t0:removeReplica

2023-01-29 23:19:19 : t0:removeReplica

2023-01-29 23:19:24 : t0:removeReplica

2023-01-29 23:19:29 : t0:removeReplica

2023-01-29 23:19:34 : t0:removeReplica

2023-01-29 23:19:39 : t0:removeReplica

2023-01-29 23:19:44 : t0:removeReplica

2023-01-29 23:19:49 : t0:removeReplica

2023-01-29 23:19:54 : t0:removeReplica

2023-01-29 23:19:59 : t0:removeReplica

2023-01-29 23:20:04 : t0:removeReplica

2023-01-29 23:20:09 : t0:removeReplica

2023-01-29 23:20:14 : t0:removeReplica

2023-01-29 23:20:19 : t0:removeReplica

2023-01-29 23:20:24 : t0:removeReplica

2023-01-29 23:20:29 : t0:removeReplica

2023-01-29 23:20:34 : t0:removeReplica

2023-01-29 23:20:39 : t0:removeReplica

2023-01-29 23:20:44 : t0:removeReplica

2023-01-29 23:20:49 : t0:removeReplica

2023-01-29 23:20:54 : t0:removeReplica

Reading file: summary-trace-znn.log
Reading file: temp
Reading file: temp2701
Reading file: test
Reading file: tools
Reading file: traceznn_20230129_200923.log

Trace znn data

{'name': 'kube-znn-db.173ee9eafce096ed', 'type': 'Normal', 'message': 'Scaled up replica set kube-znn-db-558bb5dd64 to 1', 'dateevent': '2023-01-29 23:01:46+00:00', 'image': 'cmendes/znn:800k', 'replicas': 1, 'imageChanges': 0, 'replicasChanges': 1}

{'name': 'kube-znn.173ee9eafc4e20f8', 'type': 'Normal', 'message': 'Scaled up replica set kube-znn-744bbbc54b to 1', 'dateevent': '2023-01-29 23:01:46+00:00', 'image': 'cmendes/znn:800k', 'replicas': 1, 'imageChanges': 0, 'replicasChanges': 1}

{'name': 'kube-znn.173eea575b081645', 'type': 'Normal', 'message': 'Scaled up replica set kube-znn-744bbbc54b to 2', 'dateevent': '2023-01-29 23:09:32+00:00', 'image': 'cmendes/znn:800k', 'replicas': 2, 'imageChanges': 0, 'replicasChanges': 2}

{'name': 'kube-znn.173eea595dc6fdbc', 'type': 'Normal', 'message': 'Scaled up replica set kube-znn-744bbbc54b to 3', 'dateevent': '2023-01-29 23:09:40+00:00', 'image': 'cmendes/znn:800k', 'replicas': 3, 'imageChanges': 0, 'replicasChanges': 3}

{'name': 'kube-znn.173eea5a852a6ccd', 'type': 'Normal', 'message': 'Scaled up replica set kube-znn-744bbbc54b to 4', 'dateevent': '2023-01-29 23:09:45+00:00', 'image': 'cmendes/znn:800k', 'replicas': 4, 'imageChanges': 0, 'replicasChanges': 4}

{'name': 'kube-znn.173eea5bab674582', 'type': 'Normal', 'message': 'Scaled up replica set kube-znn-744bbbc54b to 5', 'dateevent': '2023-01-29 23:09:50+00:00', 'image': 'cmendes/znn:800k', 'replicas': 5, 'imageChanges': 0, 'replicasChanges': 5}

{'name': 'kube-znn.173eea5cd47e5bc0', 'type': 'Normal', 'message': 'Scaled up replica set kube-znn-744bbbc54b to 6', 'dateevent': '2023-01-29 23:09:55+00:00', 'image': 'cmendes/znn:800k', 'replicas': 6, 'imageChanges': 0, 'replicasChanges': 6}

{'name': 'kube-znn.173eea5dfec4edf2', 'type': 'Normal', 'message': 'Scaled up replica set kube-znn-744bbbc54b to 7', 'dateevent': '2023-01-29 23:10:00+00:00', 'image': 'cmendes/znn:800k', 'replicas': 7, 'imageChanges': 0, 'replicasChanges': 7}

{'name': 'kube-znn.173eea5f2b360413', 'type': 'Normal', 'message': 'Scaled up replica set kube-znn-744bbbc54b to 8', 'dateevent': '2023-01-29 23:10:05+00:00', 'image': 'cmendes/znn:800k', 'replicas': 8, 'imageChanges': 0, 'replicasChanges': 8}

{'name': 'kube-znn.173eea60539c636d', 'type': 'Normal', 'message': 'Scaled up replica set kube-znn-744bbbc54b to 9', 'dateevent': '2023-01-29 23:10:10+00:00', 'image': 'cmendes/znn:800k', 'replicas': 9, 'imageChanges': 0, 'replicasChanges': 9}

{'name': 'kube-znn.173eea617c5e8273', 'type': 'Normal', 'message': '(combined from similar events): Scaled up replica set kube-znn-744bbbc54b to 10', 'dateevent': '2023-01-29 23:10:15+00:00', 'image': 'cmendes/znn:800k', 'replicas': 10, 'imageChanges': 0, 'replicasChanges': 10}

{'name': 'kube-znn.173eea617c5e8273', 'type': 'Normal', 'message': '(combined from similar events): Scaled up replica set kube-znn-5c95bd98fb to 3', 'dateevent': '2023-01-29 23:10:15+00:00', 'image': 'cmendes/znn:600k', 'replicas': 10, 'imageChanges': 1, 'replicasChanges': 10}

{'name': 'kube-znn.173eea617c5e8273', 'type': 'Normal', 'message': '(combined from similar events): Scaled down replica set kube-znn-744bbbc54b to 8', 'dateevent': '2023-01-29 23:10:15+00:00', 'image': 'cmendes/znn:600k', 'replicas': 10, 'imageChanges': 1, 'replicasChanges': 10}

{'name': 'kube-znn.173eea617c5e8273', 'type': 'Normal', 'message': '(combined from similar events): Scaled up replica set kube-znn-5c95bd98fb to 5', 'dateevent': '2023-01-29 23:10:15+00:00', 'image': 'cmendes/znn:600k', 'replicas': 10, 'imageChanges': 1, 'replicasChanges': 10}

{'name': 'kube-znn.173eea617c5e8273', 'type': 'Normal', 'message': '(combined from similar events): Scaled down replica set kube-znn-744bbbc54b to 7', 'dateevent': '2023-01-29 23:10:15+00:00', 'image': 'cmendes/znn:600k', 'replicas': 10, 'imageChanges': 1, 'replicasChanges': 10}

{'name': 'kube-znn.173eea617c5e8273', 'type': 'Normal', 'message': '(combined from similar events): Scaled up replica set kube-znn-5c95bd98fb to 6', 'dateevent': '2023-01-29 23:10:15+00:00', 'image': 'cmendes/znn:600k', 'replicas': 10, 'imageChanges': 1, 'replicasChanges': 10}

{'name': 'kube-znn.173eea617c5e8273', 'type': 'Normal', 'message': '(combined from similar events): Scaled down replica set kube-znn-744bbbc54b to 6', 'dateevent': '2023-01-29 23:10:15+00:00', 'image': 'cmendes/znn:600k', 'replicas': 10, 'imageChanges': 1, 'replicasChanges': 10}

{'name': 'kube-znn.173eea617c5e8273', 'type': 'Normal', 'message': '(combined from similar events): Scaled up replica set kube-znn-5c95bd98fb to 7', 'dateevent': '2023-01-29 23:10:15+00:00', 'image': 'cmendes/znn:600k', 'replicas': 10, 'imageChanges': 1, 'replicasChanges': 10}

{'name': 'kube-znn.173eea617c5e8273', 'type': 'Normal', 'message': '(combined from similar events): Scaled down replica set kube-znn-744bbbc54b to 5', 'dateevent': '2023-01-29 23:10:15+00:00', 'image': 'cmendes/znn:600k', 'replicas': 10, 'imageChanges': 1, 'replicasChanges': 10}

{'name': 'kube-znn.173eea617c5e8273', 'type': 'Normal', 'message': '(combined from similar events): Scaled up replica set kube-znn-5c95bd98fb to 8', 'dateevent': '2023-01-29 23:10:15+00:00', 'image': 'cmendes/znn:600k', 'replicas': 10, 'imageChanges': 1, 'replicasChanges': 10}

{'name': 'kube-znn.173eea617c5e8273', 'type': 'Normal', 'message': '(combined from similar events): Scaled down replica set kube-znn-5c95bd98fb to 3', 'dateevent': '2023-01-29 23:10:15+00:00', 'image': 'cmendes/znn:600k', 'replicas': 4, 'imageChanges': 1, 'replicasChanges': 11}

{'name': 'kube-znn.173eea617c5e8273', 'type': 'Normal', 'message': '(combined from similar events): Scaled down replica set kube-znn-744bbbc54b to 2', 'dateevent': '2023-01-29 23:10:15+00:00', 'image': 'cmendes/znn:600k', 'replicas': 4, 'imageChanges': 1, 'replicasChanges': 11}

{'name': 'kube-znn.173eea617c5e8273', 'type': 'Normal', 'message': '(combined from similar events): Scaled down replica set kube-znn-744bbbc54b to 0', 'dateevent': '2023-01-29 23:10:15+00:00', 'image': 'cmendes/znn:600k', 'replicas': 4, 'imageChanges': 1, 'replicasChanges': 11}

{'name': 'kube-znn.173eea617c5e8273', 'type': 'Normal', 'message': '(combined from similar events): Scaled up replica set kube-znn-5c95bd98fb to 4', 'dateevent': '2023-01-29 23:10:15+00:00', 'image': 'cmendes/znn:600k', 'replicas': 4, 'imageChanges': 1, 'replicasChanges': 11}

Reading file: VersionA-Monolithic
Reading file: VersionB-MicroControllers
Reading file: VersionC-WithFailureManagerMetaController
Reading file: VersionC-ZTemp
