root - WARNING - Starting our experiment execution
root - WARNING - 

-----------------------------------------
root - WARNING - General Log - 
root - WARNING - {'name': 'default-server-secret.173f9261830853ba', 'type': 'Normal', 'message': 'the special Secret default/default-server-secret was updated', 'dateevent': '2023-02-01 02:28:53+00:00'}
root - WARNING - 

-----------------------------------------
root - WARNING - 

-----------------------------------------
root - WARNING - General Log - 
root - WARNING - {'name': 'failuremanager-ccc6cc495-2nwcn.173f9253a8eae89e', 'type': 'Normal', 'message': 'Successfully assigned default/failuremanager-ccc6cc495-2nwcn to minikube', 'dateevent': '2023-02-01 02:27:54+00:00'}
root - WARNING - 

-----------------------------------------
root - WARNING - 

-----------------------------------------
root - WARNING - General Log - 
root - WARNING - {'name': 'failuremanager-ccc6cc495-2nwcn.173f9253d397da4e', 'type': 'Normal', 'message': 'Pulling image "californibrs/failuremanager"', 'dateevent': '2023-02-01 02:27:55+00:00'}
root - WARNING - 

-----------------------------------------
root - WARNING - 

-----------------------------------------
root - WARNING - General Log - 
root - WARNING - {'name': 'failuremanager-ccc6cc495-2nwcn.173f926caa9004e5', 'type': 'Normal', 'message': 'Successfully pulled image "californibrs/failuremanager"', 'dateevent': '2023-02-01 02:29:41+00:00'}
root - WARNING - 

-----------------------------------------
root - WARNING - 

-----------------------------------------
root - WARNING - General Log - 
root - WARNING - {'name': 'failuremanager-ccc6cc495-2nwcn.173f926cda4e49ee', 'type': 'Normal', 'message': 'Created container failuremanager', 'dateevent': '2023-02-01 02:29:42+00:00'}
root - WARNING - 

-----------------------------------------
root - WARNING - 

-----------------------------------------
root - WARNING - General Log - 
root - WARNING - {'name': 'failuremanager-ccc6cc495-2nwcn.173f926ce5b39dcf', 'type': 'Normal', 'message': 'Started container failuremanager', 'dateevent': '2023-02-01 02:29:42+00:00'}
root - WARNING - 

-----------------------------------------
root - WARNING - 

-----------------------------------------
root - WARNING - General Log - 
root - WARNING - {'name': 'failuremanager-ccc6cc495.173f9253a8a48911', 'type': 'Normal', 'message': 'Created pod: failuremanager-ccc6cc495-2nwcn', 'dateevent': '2023-02-01 02:27:54+00:00'}
root - WARNING - 

-----------------------------------------
root - WARNING - 

-----------------------------------------
root - WARNING - General Log - 
root - WARNING - {'name': 'failuremanager-ingress.173f92617a3b530d', 'type': 'Normal', 'message': 'Configuration for default/failuremanager-ingress was added or updated', 'dateevent': '2023-02-01 02:28:53+00:00'}
root - WARNING - 

-----------------------------------------
root - WARNING - 

-----------------------------------------
root - WARNING - General Log - 
root - WARNING - {'name': 'failuremanager-ingress.173f92618b9c6b81', 'type': 'Normal', 'message': 'Configuration for default/failuremanager-ingress was updated ', 'dateevent': '2023-02-01 02:28:54+00:00'}
root - WARNING - 

-----------------------------------------
root - WARNING - 

-----------------------------------------
root - WARNING - General Log - 
root - WARNING - {'name': 'failuremanager.173f9253a8062c07', 'type': 'Normal', 'message': 'Scaled up replica set failuremanager-ccc6cc495 to 1', 'dateevent': '2023-02-01 02:27:54+00:00'}
root - WARNING - 

-----------------------------------------
root - WARNING - 

-----------------------------------------
root - WARNING - General Log - 
root - WARNING - {'name': 'failuremonitor-68dd6cfd46-qv66h.173f9253acd27235', 'type': 'Normal', 'message': 'Successfully assigned default/failuremonitor-68dd6cfd46-qv66h to minikube', 'dateevent': '2023-02-01 02:27:54+00:00'}
root - WARNING - 

-----------------------------------------
root - WARNING - 

-----------------------------------------
root - WARNING - General Log - 
root - WARNING - {'name': 'failuremonitor-68dd6cfd46-qv66h.173f9253dddc97d5', 'type': 'Normal', 'message': 'Pulling image "californibrs/failuremonitor"', 'dateevent': '2023-02-01 02:27:55+00:00'}
root - WARNING - 

-----------------------------------------
root - WARNING - 

-----------------------------------------
root - WARNING - General Log - 
root - WARNING - {'name': 'failuremonitor-68dd6cfd46-qv66h.173f927521a7c186', 'type': 'Normal', 'message': 'Successfully pulled image "californibrs/failuremonitor"', 'dateevent': '2023-02-01 02:30:18+00:00'}
root - WARNING - 

-----------------------------------------
root - WARNING - 

-----------------------------------------
root - WARNING - General Log - 
root - WARNING - {'name': 'failuremonitor-68dd6cfd46-qv66h.173f9275901866b7', 'type': 'Normal', 'message': 'Created container failuremonitor', 'dateevent': '2023-02-01 02:30:20+00:00'}
root - WARNING - 

-----------------------------------------
root - WARNING - 

-----------------------------------------
root - WARNING - General Log - 
root - WARNING - {'name': 'failuremonitor-68dd6cfd46-qv66h.173f92759c6c0c09', 'type': 'Normal', 'message': 'Started container failuremonitor', 'dateevent': '2023-02-01 02:30:20+00:00'}
root - WARNING - 

-----------------------------------------
root - WARNING - 

-----------------------------------------
root - WARNING - General Log - 
root - WARNING - {'name': 'failuremonitor-68dd6cfd46.173f9253abd36857', 'type': 'Normal', 'message': 'Created pod: failuremonitor-68dd6cfd46-qv66h', 'dateevent': '2023-02-01 02:27:54+00:00'}
root - WARNING - 

-----------------------------------------
root - WARNING - 

-----------------------------------------
root - WARNING - General Log - 
root - WARNING - {'name': 'failuremonitor.173f9253ab266b56', 'type': 'Normal', 'message': 'Scaled up replica set failuremonitor-68dd6cfd46 to 1', 'dateevent': '2023-02-01 02:27:54+00:00'}
root - WARNING - 

-----------------------------------------
root - WARNING - 

-----------------------------------------
root - WARNING - General Log - 
root - WARNING - {'name': 'grafana-65787bb97f-r9qz7.173f925297c0803c', 'type': 'Normal', 'message': 'Successfully assigned default/grafana-65787bb97f-r9qz7 to minikube', 'dateevent': '2023-02-01 02:27:49+00:00'}
root - WARNING - 

-----------------------------------------
root - WARNING - 

-----------------------------------------
root - WARNING - General Log - 
root - WARNING - {'name': 'grafana-65787bb97f-r9qz7.173f9252d53cbad4', 'type': 'Normal', 'message': 'Pulling image "grafana/grafana:6.4.2"', 'dateevent': '2023-02-01 02:27:50+00:00'}
root - WARNING - 

-----------------------------------------
root - WARNING - 

-----------------------------------------
root - WARNING - General Log - 
root - WARNING - {'name': 'grafana-65787bb97f-r9qz7.173f925693c1fc4f', 'type': 'Normal', 'message': 'Successfully pulled image "grafana/grafana:6.4.2"', 'dateevent': '2023-02-01 02:28:06+00:00'}
root - WARNING - 

-----------------------------------------
root - WARNING - 

-----------------------------------------
root - WARNING - General Log - 
root - WARNING - {'name': 'grafana-65787bb97f-r9qz7.173f9256e217f245', 'type': 'Normal', 'message': 'Created container grafana', 'dateevent': '2023-02-01 02:28:08+00:00'}
root - WARNING - 

-----------------------------------------
root - WARNING - 

-----------------------------------------
root - WARNING - General Log - 
root - WARNING - {'name': 'grafana-65787bb97f-r9qz7.173f9256ed3e0c3f', 'type': 'Normal', 'message': 'Started container grafana', 'dateevent': '2023-02-01 02:28:08+00:00'}
root - WARNING - 

-----------------------------------------
root - WARNING - 

-----------------------------------------
root - WARNING - General Log - 
root - WARNING - {'name': 'grafana-65787bb97f.173f925295fa5908', 'type': 'Normal', 'message': 'Created pod: grafana-65787bb97f-r9qz7', 'dateevent': '2023-02-01 02:27:49+00:00'}
root - WARNING - 

-----------------------------------------
root - WARNING - 

-----------------------------------------
root - WARNING - General Log - 
root - WARNING - {'name': 'grafana.173f925294a094c1', 'type': 'Normal', 'message': 'Scaled up replica set grafana-65787bb97f to 1', 'dateevent': '2023-02-01 02:27:49+00:00'}
root - WARNING - 

-----------------------------------------
root - WARNING - 

-----------------------------------------
root - WARNING - General Log - 
root - WARNING - {'name': 'ingress-kube-znn.173f926172fb11bd', 'type': 'Normal', 'message': 'Configuration for default/ingress-kube-znn was added or updated', 'dateevent': '2023-02-01 02:28:53+00:00'}
root - WARNING - 

-----------------------------------------
root - WARNING - 

-----------------------------------------
root - WARNING - General Log - 
root - WARNING - {'name': 'ingress-kube-znn.173f92618b9c51b9', 'type': 'Normal', 'message': 'Configuration for default/ingress-kube-znn was updated ', 'dateevent': '2023-02-01 02:28:54+00:00'}
root - WARNING - 

-----------------------------------------
root - WARNING - 

-----------------------------------------
root - WARNING - General Log - 
root - WARNING - {'name': 'k6-d56g5.173f928aba7e6dab', 'type': 'Normal', 'message': 'Successfully assigned default/k6-d56g5 to minikube', 'dateevent': '2023-02-01 02:31:50+00:00'}
root - WARNING - 

-----------------------------------------
root - WARNING - 

-----------------------------------------
root - WARNING - General Log - 
root - WARNING - {'name': 'k6-d56g5.173f928aeefe96bb', 'type': 'Normal', 'message': 'Pulling image "loadimpact/k6"', 'dateevent': '2023-02-01 02:31:51+00:00'}
root - WARNING - 

-----------------------------------------
root - WARNING - 

-----------------------------------------
root - WARNING - General Log - 
root - WARNING - {'name': 'k6-d56g5.173f928bdd4e4ff4', 'type': 'Normal', 'message': 'Successfully pulled image "loadimpact/k6"', 'dateevent': '2023-02-01 02:31:55+00:00'}
root - WARNING - 

-----------------------------------------
root - WARNING - 

-----------------------------------------
root - WARNING - General Log - 
root - WARNING - {'name': 'k6-d56g5.173f928bf67eb637', 'type': 'Normal', 'message': 'Created container k6', 'dateevent': '2023-02-01 02:31:56+00:00'}
root - WARNING - 

-----------------------------------------
root - WARNING - 

-----------------------------------------
root - WARNING - General Log - 
root - WARNING - {'name': 'k6-d56g5.173f928c056e69f7', 'type': 'Normal', 'message': 'Started container k6', 'dateevent': '2023-02-01 02:31:56+00:00'}
root - WARNING - 

-----------------------------------------
root - WARNING - 

-----------------------------------------
root - WARNING - General Log - 
root - WARNING - {'name': 'k6.173f928aba5725a9', 'type': 'Normal', 'message': 'Created pod: k6-d56g5', 'dateevent': '2023-02-01 02:31:50+00:00'}
root - WARNING - 

-----------------------------------------
root - WARNING - 

-----------------------------------------
root - WARNING - General Log - 
root - WARNING - {'name': 'kube-state-metrics-d4dff4b7c-vh6h7.173f92529a6b9ab4', 'type': 'Normal', 'message': 'Successfully assigned default/kube-state-metrics-d4dff4b7c-vh6h7 to minikube', 'dateevent': '2023-02-01 02:27:49+00:00'}
root - WARNING - 

-----------------------------------------
root - WARNING - 

-----------------------------------------
root - WARNING - General Log - 
root - WARNING - {'name': 'kube-state-metrics-d4dff4b7c-vh6h7.173f9252da64bebb', 'type': 'Normal', 'message': 'Pulling image "quay.io/coreos/kube-state-metrics:v1.9.5"', 'dateevent': '2023-02-01 02:27:50+00:00'}
root - WARNING - 

-----------------------------------------
root - WARNING - 

-----------------------------------------
root - WARNING - General Log - 
root - WARNING - {'name': 'kube-state-metrics-d4dff4b7c-vh6h7.173f9257bcc90ea1', 'type': 'Normal', 'message': 'Successfully pulled image "quay.io/coreos/kube-state-metrics:v1.9.5"', 'dateevent': '2023-02-01 02:28:11+00:00'}
root - WARNING - 

-----------------------------------------
root - WARNING - 

-----------------------------------------
root - WARNING - General Log - 
root - WARNING - {'name': 'kube-state-metrics-d4dff4b7c-vh6h7.173f9257cc2fa029', 'type': 'Normal', 'message': 'Created container kube-state-metrics', 'dateevent': '2023-02-01 02:28:12+00:00'}
root - WARNING - 

-----------------------------------------
root - WARNING - 

-----------------------------------------
root - WARNING - General Log - 
root - WARNING - {'name': 'kube-state-metrics-d4dff4b7c-vh6h7.173f9257d796f523', 'type': 'Normal', 'message': 'Started container kube-state-metrics', 'dateevent': '2023-02-01 02:28:12+00:00'}
root - WARNING - 

-----------------------------------------
root - WARNING - 

-----------------------------------------
root - WARNING - General Log - 
root - WARNING - {'name': 'kube-state-metrics-d4dff4b7c.173f9252990b1e35', 'type': 'Normal', 'message': 'Created pod: kube-state-metrics-d4dff4b7c-vh6h7', 'dateevent': '2023-02-01 02:27:49+00:00'}
root - WARNING - 

-----------------------------------------
root - WARNING - 

-----------------------------------------
root - WARNING - General Log - 
root - WARNING - {'name': 'kube-state-metrics.173f925297b44aa0', 'type': 'Normal', 'message': 'Scaled up replica set kube-state-metrics-d4dff4b7c to 1', 'dateevent': '2023-02-01 02:27:49+00:00'}
root - WARNING - 

-----------------------------------------
root - WARNING - 

-----------------------------------------
root - WARNING - General Log - 
root - WARNING - {'name': 'kube-znn-5fb97667db-kc7vj.173f92530c830b00', 'type': 'Normal', 'message': 'Successfully assigned default/kube-znn-5fb97667db-kc7vj to minikube', 'dateevent': '2023-02-01 02:27:51+00:00'}
root - WARNING - 

-----------------------------------------
root - WARNING - 

-----------------------------------------
root - WARNING - General Log - 
root - WARNING - {'name': 'kube-znn-5fb97667db-kc7vj.173f92534a1f4d57', 'type': 'Normal', 'message': 'Pulling image "cmendes/znn:800k"', 'dateevent': '2023-02-01 02:27:52+00:00'}
root - WARNING - 

-----------------------------------------
root - WARNING - 

-----------------------------------------
root - WARNING - General Log - 
root - WARNING - {'name': 'kube-znn-5fb97667db-kc7vj.173f925b239e2dc2', 'type': 'Normal', 'message': 'Successfully pulled image "cmendes/znn:800k"', 'dateevent': '2023-02-01 02:28:26+00:00'}
root - WARNING - 

-----------------------------------------
root - WARNING - 

-----------------------------------------
root - WARNING - General Log - 
root - WARNING - {'name': 'kube-znn-5fb97667db-kc7vj.173f925bcbe22b30', 'type': 'Normal', 'message': 'Created container znn', 'dateevent': '2023-02-01 02:28:29+00:00'}
root - WARNING - 

-----------------------------------------
root - WARNING - 

-----------------------------------------
root - WARNING - General Log - 
root - WARNING - {'name': 'kube-znn-5fb97667db-kc7vj.173f925bdbb26de9', 'type': 'Normal', 'message': 'Started container znn', 'dateevent': '2023-02-01 02:28:29+00:00'}
root - WARNING - 

-----------------------------------------
root - WARNING - 

-----------------------------------------
root - WARNING - General Log - 
root - WARNING - {'name': 'kube-znn-5fb97667db-kc7vj.173f925be30353dc', 'type': 'Normal', 'message': 'Pulling image "openresty/openresty:alpine-fat"', 'dateevent': '2023-02-01 02:28:29+00:00'}
root - WARNING - 

-----------------------------------------
root - WARNING - 

-----------------------------------------
root - WARNING - General Log - 
root - WARNING - {'name': 'kube-znn-5fb97667db-kc7vj.173f9282d6605a3f', 'type': 'Warning', 'message': 'Failed to pull image "openresty/openresty:alpine-fat": rpc error: code = Unknown desc = Error response from daemon: Get "https://registry-1.docker.io/v2/": dial tcp: lookup registry-1.docker.io on 172.27.176.1:53: read udp 172.27.179.21:47628->172.27.176.1:53: i/o timeout', 'dateevent': '2023-02-01 02:31:17+00:00'}
root - WARNING - 

-----------------------------------------
root - WARNING - 

-----------------------------------------
root - WARNING - General Log - 
root - WARNING - {'name': 'kube-znn-5fb97667db-kc7vj.173f9282d66103c5', 'type': 'Warning', 'message': 'Error: ErrImagePull', 'dateevent': '2023-02-01 02:31:17+00:00'}
root - WARNING - 

-----------------------------------------
root - WARNING - 

-----------------------------------------
root - WARNING - General Log - 
root - WARNING - {'name': 'kube-znn-5fb97667db-kc7vj.173f9283047897bf', 'type': 'Normal', 'message': 'Back-off pulling image "openresty/openresty:alpine-fat"', 'dateevent': '2023-02-01 02:31:17+00:00'}
root - WARNING - 

-----------------------------------------
root - WARNING - 

-----------------------------------------
root - WARNING - General Log - 
root - WARNING - {'name': 'kube-znn-5fb97667db-kc7vj.173f92830478cda6', 'type': 'Warning', 'message': 'Error: ImagePullBackOff', 'dateevent': '2023-02-01 02:31:17+00:00'}
root - WARNING - 

-----------------------------------------
root - WARNING - 

-----------------------------------------
root - WARNING - General Log - 
root - WARNING - {'name': 'kube-znn-5fb97667db-kc7vj.173f928a12d7c331', 'type': 'Normal', 'message': 'Successfully pulled image "openresty/openresty:alpine-fat"', 'dateevent': '2023-02-01 02:31:48+00:00'}
root - WARNING - 

-----------------------------------------
root - WARNING - 

-----------------------------------------
root - WARNING - General Log - 
root - WARNING - {'name': 'kube-znn-5fb97667db-kc7vj.173f928a484f48f3', 'type': 'Normal', 'message': 'Created container nginx', 'dateevent': '2023-02-01 02:31:49+00:00'}
root - WARNING - 

-----------------------------------------
root - WARNING - 

-----------------------------------------
root - WARNING - General Log - 
root - WARNING - {'name': 'kube-znn-5fb97667db-kc7vj.173f928a563c9b15', 'type': 'Normal', 'message': 'Started container nginx', 'dateevent': '2023-02-01 02:31:49+00:00'}
root - WARNING - 

-----------------------------------------
root - WARNING - 

-----------------------------------------
root - WARNING - General Log - 
root - WARNING - {'name': 'kube-znn-5fb97667db.173f92530c29b9c6', 'type': 'Normal', 'message': 'Created pod: kube-znn-5fb97667db-kc7vj', 'dateevent': '2023-02-01 02:27:51+00:00'}
root - WARNING - 

-----------------------------------------
root - WARNING - 

-----------------------------------------
root - WARNING - General Log - 
root - WARNING - {'name': 'kube-znn-db-6dd8968475-xqvrg.173f92530dfdbc02', 'type': 'Normal', 'message': 'Successfully assigned default/kube-znn-db-6dd8968475-xqvrg to minikube', 'dateevent': '2023-02-01 02:27:51+00:00'}
root - WARNING - 

-----------------------------------------
root - WARNING - 

-----------------------------------------
root - WARNING - General Log - 
root - WARNING - {'name': 'kube-znn-db-6dd8968475-xqvrg.173f925361788c21', 'type': 'Normal', 'message': 'Pulling image "mysql:5.6"', 'dateevent': '2023-02-01 02:27:53+00:00'}
root - WARNING - 

-----------------------------------------
root - WARNING - 

-----------------------------------------
root - WARNING - General Log - 
root - WARNING - {'name': 'kube-znn-db-6dd8968475-xqvrg.173f925e862a46fa', 'type': 'Normal', 'message': 'Successfully pulled image "mysql:5.6"', 'dateevent': '2023-02-01 02:28:41+00:00'}
root - WARNING - 

-----------------------------------------
root - WARNING - 

-----------------------------------------
root - WARNING - General Log - 
root - WARNING - {'name': 'kube-znn-db-6dd8968475-xqvrg.173f925f36dbd4be', 'type': 'Normal', 'message': 'Created container mysql', 'dateevent': '2023-02-01 02:28:44+00:00'}
root - WARNING - 

-----------------------------------------
root - WARNING - 

-----------------------------------------
root - WARNING - General Log - 
root - WARNING - {'name': 'kube-znn-db-6dd8968475-xqvrg.173f925f42ebd813', 'type': 'Normal', 'message': 'Started container mysql', 'dateevent': '2023-02-01 02:28:44+00:00'}
root - WARNING - 

-----------------------------------------
root - WARNING - 

-----------------------------------------
root - WARNING - General Log - 
root - WARNING - {'name': 'kube-znn-db-6dd8968475-xqvrg.173f926065b061f5', 'type': 'Warning', 'message': 'Liveness probe failed: dial tcp 172.17.0.8:3306: connect: connection refused', 'dateevent': '2023-02-01 02:28:49+00:00'}
root - WARNING - 

-----------------------------------------
root - WARNING - 

-----------------------------------------
root - WARNING - General Log - 
root - WARNING - {'name': 'kube-znn-db-6dd8968475.173f92530dd9d12b', 'type': 'Normal', 'message': 'Created pod: kube-znn-db-6dd8968475-xqvrg', 'dateevent': '2023-02-01 02:27:51+00:00'}
root - WARNING - 

-----------------------------------------
root - WARNING - 

-----------------------------------------
root - WARNING - General Log - 
root - WARNING - {'name': 'kube-znn-db.173f92530d14b60c', 'type': 'Normal', 'message': 'Scaled up replica set kube-znn-db-6dd8968475 to 1', 'dateevent': '2023-02-01 02:27:51+00:00'}
root - WARNING - 

-----------------------------------------
root - WARNING - 

-----------------------------------------
root - WARNING - 

Captured event for znn: 
root - WARNING - {'name': 'kube-znn-db.173f92530d14b60c', 'type': 'Normal', 'message': 'Scaled up replica set kube-znn-db-6dd8968475 to 1', 'dateevent': '2023-02-01 02:27:51+00:00', 'image': 'cmendes/znn:800k', 'replicas': 1, 'imageChanges': 0, 'replicasChanges': 1}
root - WARNING - 

-----------------------------------------
root - WARNING - 

-----------------------------------------
root - WARNING - General Log - 
root - WARNING - {'name': 'kube-znn.173f92530be93ed0', 'type': 'Normal', 'message': 'Scaled up replica set kube-znn-5fb97667db to 1', 'dateevent': '2023-02-01 02:27:51+00:00'}
root - WARNING - 

-----------------------------------------
root - WARNING - 

-----------------------------------------
root - WARNING - 

Captured event for znn: 
root - WARNING - {'name': 'kube-znn.173f92530be93ed0', 'type': 'Normal', 'message': 'Scaled up replica set kube-znn-5fb97667db to 1', 'dateevent': '2023-02-01 02:27:51+00:00', 'image': 'cmendes/znn:800k', 'replicas': 1, 'imageChanges': 0, 'replicasChanges': 1}
root - WARNING - 

-----------------------------------------
root - WARNING - 

-----------------------------------------
root - WARNING - General Log - 
root - WARNING - {'name': 'kubow-548bb5f4b4-jpvhp.173f925392f36b04', 'type': 'Normal', 'message': 'Successfully assigned default/kubow-548bb5f4b4-jpvhp to minikube', 'dateevent': '2023-02-01 02:27:54+00:00'}
root - WARNING - 

-----------------------------------------
root - WARNING - 

-----------------------------------------
root - WARNING - General Log - 
root - WARNING - {'name': 'kubow-548bb5f4b4-jpvhp.173f9253e69bbd59', 'type': 'Normal', 'message': 'Pulling image "cmendes/kubow:yellow-2"', 'dateevent': '2023-02-01 02:27:55+00:00'}
root - WARNING - 

-----------------------------------------
root - WARNING - 

-----------------------------------------
root - WARNING - General Log - 
root - WARNING - {'name': 'kubow-548bb5f4b4-jpvhp.173f92808145a0da', 'type': 'Normal', 'message': 'Successfully pulled image "cmendes/kubow:yellow-2"', 'dateevent': '2023-02-01 02:31:07+00:00'}
root - WARNING - 

-----------------------------------------
root - WARNING - 

-----------------------------------------
root - WARNING - General Log - 
root - WARNING - {'name': 'kubow-548bb5f4b4-jpvhp.173f9280fa7cbc9e', 'type': 'Normal', 'message': 'Created container kubow', 'dateevent': '2023-02-01 02:31:09+00:00'}
root - WARNING - 

-----------------------------------------
root - WARNING - 

-----------------------------------------
root - WARNING - General Log - 
root - WARNING - {'name': 'kubow-548bb5f4b4-jpvhp.173f92810b5413d3', 'type': 'Normal', 'message': 'Started container kubow', 'dateevent': '2023-02-01 02:31:09+00:00'}
root - WARNING - 

-----------------------------------------
root - WARNING - 

-----------------------------------------
root - WARNING - General Log - 
root - WARNING - {'name': 'kubow-548bb5f4b4.173f92539239970f', 'type': 'Normal', 'message': 'Created pod: kubow-548bb5f4b4-jpvhp', 'dateevent': '2023-02-01 02:27:54+00:00'}
root - WARNING - 

-----------------------------------------
root - WARNING - 

-----------------------------------------
root - WARNING - General Log - 
root - WARNING - {'name': 'kubow.173f925391f07c52', 'type': 'Normal', 'message': 'Scaled up replica set kubow-548bb5f4b4 to 1', 'dateevent': '2023-02-01 02:27:54+00:00'}
root - WARNING - 

-----------------------------------------
root - WARNING - 

-----------------------------------------
root - WARNING - General Log - 
root - WARNING - {'name': 'minikube.173f924be53c2949', 'type': 'Normal', 'message': 'Node minikube status is now: NodeHasSufficientMemory', 'dateevent': '2023-02-01 02:27:27+00:00'}
root - WARNING - 

-----------------------------------------
root - WARNING - 

-----------------------------------------
root - WARNING - General Log - 
root - WARNING - {'name': 'minikube.173f924be53c925a', 'type': 'Normal', 'message': 'Node minikube status is now: NodeHasNoDiskPressure', 'dateevent': '2023-02-01 02:27:28+00:00'}
root - WARNING - 

-----------------------------------------
root - WARNING - 

-----------------------------------------
root - WARNING - General Log - 
root - WARNING - {'name': 'minikube.173f924be53ca131', 'type': 'Normal', 'message': 'Node minikube status is now: NodeHasSufficientPID', 'dateevent': '2023-02-01 02:27:28+00:00'}
root - WARNING - 

-----------------------------------------
root - WARNING - 

-----------------------------------------
root - WARNING - General Log - 
root - WARNING - {'name': 'minikube.173f925172fd240f', 'type': 'Normal', 'message': 'Node minikube event: Registered Node minikube in Controller', 'dateevent': '2023-02-01 02:27:44+00:00'}
root - WARNING - 

-----------------------------------------
root - WARNING - 

-----------------------------------------
root - WARNING - General Log - 
root - WARNING - {'name': 'minikube.173f9251ad1fd278', 'type': 'Normal', 'message': 'Starting kube-proxy.', 'dateevent': '2023-02-01 02:27:45+00:00'}
root - WARNING - 

-----------------------------------------
root - WARNING - 

-----------------------------------------
root - WARNING - General Log - 
root - WARNING - {'name': 'nginx-config.173f92618b9c24cd', 'type': 'Normal', 'message': 'Configuration from default/nginx-config was updated ', 'dateevent': '2023-02-01 02:28:54+00:00'}
root - WARNING - 

-----------------------------------------
root - WARNING - 

-----------------------------------------
root - WARNING - General Log - 
root - WARNING - {'name': 'nginx-ingress-8558d96667-lvqwt.173f92532bd4c8a8', 'type': 'Normal', 'message': 'Successfully assigned default/nginx-ingress-8558d96667-lvqwt to minikube', 'dateevent': '2023-02-01 02:27:52+00:00'}
root - WARNING - 

-----------------------------------------
root - WARNING - 

-----------------------------------------
root - WARNING - General Log - 
root - WARNING - {'name': 'nginx-ingress-8558d96667-lvqwt.173f92536d05a18f', 'type': 'Normal', 'message': 'Pulling image "nginx/nginx-ingress:1.7.0"', 'dateevent': '2023-02-01 02:27:53+00:00'}
root - WARNING - 

-----------------------------------------
root - WARNING - 

-----------------------------------------
root - WARNING - General Log - 
root - WARNING - {'name': 'nginx-ingress-8558d96667-lvqwt.173f9260e9fe88cb', 'type': 'Normal', 'message': 'Successfully pulled image "nginx/nginx-ingress:1.7.0"', 'dateevent': '2023-02-01 02:28:51+00:00'}
root - WARNING - 

-----------------------------------------
root - WARNING - 

-----------------------------------------
root - WARNING - General Log - 
root - WARNING - {'name': 'nginx-ingress-8558d96667-lvqwt.173f9261534ecd34', 'type': 'Normal', 'message': 'Created container nginx-ingress', 'dateevent': '2023-02-01 02:28:53+00:00'}
root - WARNING - 

-----------------------------------------
root - WARNING - 

-----------------------------------------
root - WARNING - General Log - 
root - WARNING - {'name': 'nginx-ingress-8558d96667-lvqwt.173f926160ae21fc', 'type': 'Normal', 'message': 'Started container nginx-ingress', 'dateevent': '2023-02-01 02:28:53+00:00'}
root - WARNING - 

-----------------------------------------
root - WARNING - 

-----------------------------------------
root - WARNING - General Log - 
root - WARNING - {'name': 'nginx-ingress-8558d96667.173f9253269bd222', 'type': 'Warning', 'message': 'Error creating: pods "nginx-ingress-8558d96667-" is forbidden: error looking up service account default/nginx-ingress: serviceaccount "nginx-ingress" not found', 'dateevent': '2023-02-01 02:27:52+00:00'}
root - WARNING - 

-----------------------------------------
root - WARNING - 

-----------------------------------------
root - WARNING - General Log - 
root - WARNING - {'name': 'nginx-ingress-8558d96667.173f92532b2a6750', 'type': 'Normal', 'message': 'Created pod: nginx-ingress-8558d96667-lvqwt', 'dateevent': '2023-02-01 02:27:52+00:00'}
root - WARNING - 

-----------------------------------------
root - WARNING - 

-----------------------------------------
root - WARNING - General Log - 
root - WARNING - {'name': 'nginx-ingress.173f92532648d2c3', 'type': 'Normal', 'message': 'Scaled up replica set nginx-ingress-8558d96667 to 1', 'dateevent': '2023-02-01 02:27:52+00:00'}
root - WARNING - 

-----------------------------------------
root - WARNING - 

-----------------------------------------
root - WARNING - General Log - 
root - WARNING - {'name': 'prometheus-ffc965799-xhtlf.173f92529bd15f79', 'type': 'Normal', 'message': 'Successfully assigned default/prometheus-ffc965799-xhtlf to minikube', 'dateevent': '2023-02-01 02:27:49+00:00'}
root - WARNING - 

-----------------------------------------
root - WARNING - 

-----------------------------------------
root - WARNING - General Log - 
root - WARNING - {'name': 'prometheus-ffc965799-xhtlf.173f9252e0629f99', 'type': 'Normal', 'message': 'Pulling image "prom/prometheus:v2.16.0"', 'dateevent': '2023-02-01 02:27:51+00:00'}
root - WARNING - 

-----------------------------------------
root - WARNING - 

-----------------------------------------
root - WARNING - General Log - 
root - WARNING - {'name': 'prometheus-ffc965799-xhtlf.173f92599627e9cc', 'type': 'Normal', 'message': 'Successfully pulled image "prom/prometheus:v2.16.0"', 'dateevent': '2023-02-01 02:28:19+00:00'}
root - WARNING - 

-----------------------------------------
root - WARNING - 

-----------------------------------------
root - WARNING - General Log - 
root - WARNING - {'name': 'prometheus-ffc965799-xhtlf.173f9259caa0c75e', 'type': 'Normal', 'message': 'Created container prometheus', 'dateevent': '2023-02-01 02:28:20+00:00'}
root - WARNING - 

-----------------------------------------
root - WARNING - 

-----------------------------------------
root - WARNING - General Log - 
root - WARNING - {'name': 'prometheus-ffc965799-xhtlf.173f9259d6b5a610', 'type': 'Normal', 'message': 'Started container prometheus', 'dateevent': '2023-02-01 02:28:20+00:00'}
root - WARNING - 

-----------------------------------------
root - WARNING - 

-----------------------------------------
root - WARNING - General Log - 
root - WARNING - {'name': 'prometheus-ffc965799.173f92529a014524', 'type': 'Normal', 'message': 'Created pod: prometheus-ffc965799-xhtlf', 'dateevent': '2023-02-01 02:27:49+00:00'}
root - WARNING - 

-----------------------------------------
root - WARNING - 

-----------------------------------------
root - WARNING - General Log - 
root - WARNING - {'name': 'prometheus.173f92529a143488', 'type': 'Normal', 'message': 'Scaled up replica set prometheus-ffc965799 to 1', 'dateevent': '2023-02-01 02:27:49+00:00'}
root - WARNING - 

-----------------------------------------
root - WARNING - 

-----------------------------------------
root - WARNING - General Log - 
root - WARNING - {'name': 'coredns-5644d7b6d9-kftkd.173f92516a6dc3c4', 'type': 'Warning', 'message': "0/1 nodes are available: 1 node(s) had taints that the pod didn't tolerate.", 'dateevent': '2023-02-01 02:27:44+00:00'}
root - WARNING - 

-----------------------------------------
root - WARNING - 

-----------------------------------------
root - WARNING - General Log - 
root - WARNING - {'name': 'coredns-5644d7b6d9-kftkd.173f9251b204f21e', 'type': 'Normal', 'message': 'Successfully assigned kube-system/coredns-5644d7b6d9-kftkd to minikube', 'dateevent': '2023-02-01 02:27:45+00:00'}
root - WARNING - 

-----------------------------------------
root - WARNING - 

-----------------------------------------
root - WARNING - General Log - 
root - WARNING - {'name': 'coredns-5644d7b6d9-kftkd.173f9251d9f7411f', 'type': 'Normal', 'message': 'Container image "k8s.gcr.io/coredns:1.6.2" already present on machine', 'dateevent': '2023-02-01 02:27:46+00:00'}
root - WARNING - 

-----------------------------------------
root - WARNING - 

-----------------------------------------
root - WARNING - General Log - 
root - WARNING - {'name': 'coredns-5644d7b6d9-kftkd.173f9251ddb34f80', 'type': 'Normal', 'message': 'Created container coredns', 'dateevent': '2023-02-01 02:27:46+00:00'}
root - WARNING - 

-----------------------------------------
root - WARNING - 

-----------------------------------------
root - WARNING - General Log - 
root - WARNING - {'name': 'coredns-5644d7b6d9-kftkd.173f9251e7ac8377', 'type': 'Normal', 'message': 'Started container coredns', 'dateevent': '2023-02-01 02:27:46+00:00'}
root - WARNING - 

-----------------------------------------
root - WARNING - 

-----------------------------------------
root - WARNING - General Log - 
root - WARNING - {'name': 'coredns-5644d7b6d9.173f92516a6f7429', 'type': 'Normal', 'message': 'Created pod: coredns-5644d7b6d9-kftkd', 'dateevent': '2023-02-01 02:27:44+00:00'}
root - WARNING - 

-----------------------------------------
root - WARNING - 

-----------------------------------------
root - WARNING - General Log - 
root - WARNING - {'name': 'coredns.173f92516743ecb0', 'type': 'Normal', 'message': 'Scaled up replica set coredns-5644d7b6d9 to 1', 'dateevent': '2023-02-01 02:27:44+00:00'}
root - WARNING - 

-----------------------------------------
root - WARNING - 

-----------------------------------------
root - WARNING - General Log - 
root - WARNING - {'name': 'etcd-minikube.173f924c215d22ef', 'type': 'Normal', 'message': 'Container image "k8s.gcr.io/etcd:3.3.15-0" already present on machine', 'dateevent': '2023-02-01 02:27:30+00:00'}
root - WARNING - 

-----------------------------------------
root - WARNING - 

-----------------------------------------
root - WARNING - General Log - 
root - WARNING - {'name': 'etcd-minikube.173f924c270f7a90', 'type': 'Normal', 'message': 'Created container etcd', 'dateevent': '2023-02-01 02:27:31+00:00'}
root - WARNING - 

-----------------------------------------
root - WARNING - 

-----------------------------------------
root - WARNING - General Log - 
root - WARNING - {'name': 'etcd-minikube.173f924c32df5ab7', 'type': 'Normal', 'message': 'Started container etcd', 'dateevent': '2023-02-01 02:27:32+00:00'}
root - WARNING - 

-----------------------------------------
root - WARNING - 

-----------------------------------------
root - WARNING - General Log - 
root - WARNING - {'name': 'k8s.io-minikube-hostpath.173f9258fa43f03f', 'type': 'Normal', 'message': 'minikube_b8c3a335-c322-471d-b8ae-b16ec3732661 became leader', 'dateevent': '2023-02-01 02:28:17+00:00'}
root - WARNING - 

-----------------------------------------
root - WARNING - 

-----------------------------------------
root - WARNING - General Log - 
root - WARNING - {'name': 'kube-apiserver-minikube.173f924c22945f78', 'type': 'Normal', 'message': 'Container image "k8s.gcr.io/kube-apiserver:v1.16.10" already present on machine', 'dateevent': '2023-02-01 02:27:31+00:00'}
root - WARNING - 

-----------------------------------------
root - WARNING - 

-----------------------------------------
root - WARNING - General Log - 
root - WARNING - {'name': 'kube-apiserver-minikube.173f924c28f5c2fe', 'type': 'Normal', 'message': 'Created container kube-apiserver', 'dateevent': '2023-02-01 02:27:32+00:00'}
root - WARNING - 

-----------------------------------------
root - WARNING - 

-----------------------------------------
root - WARNING - General Log - 
root - WARNING - {'name': 'kube-apiserver-minikube.173f924c370c7aed', 'type': 'Normal', 'message': 'Started container kube-apiserver', 'dateevent': '2023-02-01 02:27:33+00:00'}
root - WARNING - 

-----------------------------------------
root - WARNING - 

-----------------------------------------
root - WARNING - General Log - 
root - WARNING - {'name': 'kube-controller-manager-minikube.173f924c2284faeb', 'type': 'Normal', 'message': 'Container image "k8s.gcr.io/kube-controller-manager:v1.16.10" already present on machine', 'dateevent': '2023-02-01 02:27:31+00:00'}
root - WARNING - 

-----------------------------------------
root - WARNING - 

-----------------------------------------
root - WARNING - General Log - 
root - WARNING - {'name': 'kube-controller-manager-minikube.173f924c27b9a563', 'type': 'Normal', 'message': 'Created container kube-controller-manager', 'dateevent': '2023-02-01 02:27:32+00:00'}
root - WARNING - 

-----------------------------------------
root - WARNING - 

-----------------------------------------
root - WARNING - General Log - 
root - WARNING - {'name': 'kube-controller-manager-minikube.173f924c37045f00', 'type': 'Normal', 'message': 'Started container kube-controller-manager', 'dateevent': '2023-02-01 02:27:32+00:00'}
root - WARNING - 

-----------------------------------------
root - WARNING - 

-----------------------------------------
root - WARNING - General Log - 
root - WARNING - {'name': 'kube-proxy-nth7k.173f925174bf61ff', 'type': 'Normal', 'message': 'Successfully assigned kube-system/kube-proxy-nth7k to minikube', 'dateevent': '2023-02-01 02:27:44+00:00'}
root - WARNING - 

-----------------------------------------
root - WARNING - 

-----------------------------------------
root - WARNING - General Log - 
root - WARNING - {'name': 'kube-proxy-nth7k.173f92519ab32abb', 'type': 'Normal', 'message': 'Container image "k8s.gcr.io/kube-proxy:v1.16.10" already present on machine', 'dateevent': '2023-02-01 02:27:45+00:00'}
root - WARNING - 

-----------------------------------------
root - WARNING - 

-----------------------------------------
root - WARNING - General Log - 
root - WARNING - {'name': 'kube-proxy-nth7k.173f92519f8dd5fa', 'type': 'Normal', 'message': 'Created container kube-proxy', 'dateevent': '2023-02-01 02:27:45+00:00'}
root - WARNING - 

-----------------------------------------
root - WARNING - 

-----------------------------------------
root - WARNING - General Log - 
root - WARNING - {'name': 'kube-proxy-nth7k.173f9251a8324844', 'type': 'Normal', 'message': 'Started container kube-proxy', 'dateevent': '2023-02-01 02:27:45+00:00'}
root - WARNING - 

-----------------------------------------
root - WARNING - 

-----------------------------------------
root - WARNING - General Log - 
root - WARNING - {'name': 'kube-proxy.173f925173d6786d', 'type': 'Normal', 'message': 'Created pod: kube-proxy-nth7k', 'dateevent': '2023-02-01 02:27:44+00:00'}
root - WARNING - 

-----------------------------------------
root - WARNING - 

-----------------------------------------
root - WARNING - General Log - 
root - WARNING - {'name': 'kube-scheduler-minikube.173f924c22c283bf', 'type': 'Normal', 'message': 'Container image "k8s.gcr.io/kube-scheduler:v1.16.10" already present on machine', 'dateevent': '2023-02-01 02:27:31+00:00'}
root - WARNING - 

-----------------------------------------
root - WARNING - 

-----------------------------------------
root - WARNING - General Log - 
root - WARNING - {'name': 'kube-scheduler-minikube.173f924c271055ad', 'type': 'Normal', 'message': 'Created container kube-scheduler', 'dateevent': '2023-02-01 02:27:31+00:00'}
root - WARNING - 

-----------------------------------------
root - WARNING - 

-----------------------------------------
root - WARNING - General Log - 
root - WARNING - {'name': 'kube-scheduler-minikube.173f924c36deba3f', 'type': 'Normal', 'message': 'Started container kube-scheduler', 'dateevent': '2023-02-01 02:27:32+00:00'}
root - WARNING - 

-----------------------------------------
root - WARNING - 

-----------------------------------------
root - WARNING - General Log - 
root - WARNING - {'name': 'metrics-server-5cf6f65ffd-6wj7j.173f925294a4bc5e', 'type': 'Normal', 'message': 'Successfully assigned kube-system/metrics-server-5cf6f65ffd-6wj7j to minikube', 'dateevent': '2023-02-01 02:27:49+00:00'}
root - WARNING - 

-----------------------------------------
root - WARNING - 

-----------------------------------------
root - WARNING - General Log - 
root - WARNING - {'name': 'metrics-server-5cf6f65ffd-6wj7j.173f9252c9ef5a4c', 'type': 'Normal', 'message': 'Pulling image "k8s.gcr.io/metrics-server-amd64:v0.3.6"', 'dateevent': '2023-02-01 02:27:50+00:00'}
root - WARNING - 

-----------------------------------------
root - WARNING - 

-----------------------------------------
root - WARNING - General Log - 
root - WARNING - {'name': 'metrics-server-5cf6f65ffd-6wj7j.173f9254383964d4', 'type': 'Normal', 'message': 'Successfully pulled image "k8s.gcr.io/metrics-server-amd64:v0.3.6"', 'dateevent': '2023-02-01 02:27:56+00:00'}
root - WARNING - 

-----------------------------------------
root - WARNING - 

-----------------------------------------
root - WARNING - General Log - 
root - WARNING - {'name': 'metrics-server-5cf6f65ffd-6wj7j.173f925447ef3671', 'type': 'Normal', 'message': 'Created container metrics-server', 'dateevent': '2023-02-01 02:27:57+00:00'}
root - WARNING - 

-----------------------------------------
root - WARNING - 

-----------------------------------------
root - WARNING - General Log - 
root - WARNING - {'name': 'metrics-server-5cf6f65ffd-6wj7j.173f925452950de7', 'type': 'Normal', 'message': 'Started container metrics-server', 'dateevent': '2023-02-01 02:27:57+00:00'}
root - WARNING - 

-----------------------------------------
root - WARNING - 

-----------------------------------------
root - WARNING - General Log - 
root - WARNING - {'name': 'metrics-server-5cf6f65ffd.173f925294579d4d', 'type': 'Normal', 'message': 'Created pod: metrics-server-5cf6f65ffd-6wj7j', 'dateevent': '2023-02-01 02:27:49+00:00'}
root - WARNING - 

-----------------------------------------
root - WARNING - 

-----------------------------------------
root - WARNING - General Log - 
root - WARNING - {'name': 'metrics-server.173f925293be9b2b', 'type': 'Normal', 'message': 'Scaled up replica set metrics-server-5cf6f65ffd to 1', 'dateevent': '2023-02-01 02:27:49+00:00'}
root - WARNING - 

-----------------------------------------
root - WARNING - 

-----------------------------------------
root - WARNING - General Log - 
root - WARNING - {'name': 'storage-provisioner.173f924ea78b17cf', 'type': 'Warning', 'message': "0/1 nodes are available: 1 node(s) had taints that the pod didn't tolerate.", 'dateevent': '2023-02-01 02:27:32+00:00'}
root - WARNING - 

-----------------------------------------
root - WARNING - 

-----------------------------------------
root - WARNING - General Log - 
root - WARNING - {'name': 'storage-provisioner.173f92517491910b', 'type': 'Normal', 'message': 'Successfully assigned kube-system/storage-provisioner to minikube', 'dateevent': '2023-02-01 02:27:44+00:00'}
root - WARNING - 

-----------------------------------------
root - WARNING - 

-----------------------------------------
root - WARNING - General Log - 
root - WARNING - {'name': 'storage-provisioner.173f92519a723671', 'type': 'Normal', 'message': 'Container image "gcr.io/k8s-minikube/storage-provisioner:v5" already present on machine', 'dateevent': '2023-02-01 02:27:45+00:00'}
root - WARNING - 

-----------------------------------------
root - WARNING - 

-----------------------------------------
root - WARNING - General Log - 
root - WARNING - {'name': 'storage-provisioner.173f92519ec7897c', 'type': 'Normal', 'message': 'Created container storage-provisioner', 'dateevent': '2023-02-01 02:27:45+00:00'}
root - WARNING - 

-----------------------------------------
root - WARNING - 

-----------------------------------------
root - WARNING - General Log - 
root - WARNING - {'name': 'storage-provisioner.173f9251a993f5a4', 'type': 'Normal', 'message': 'Started container storage-provisioner', 'dateevent': '2023-02-01 02:27:45+00:00'}
root - WARNING - 

-----------------------------------------
root - WARNING - 

-----------------------------------------
root - WARNING - An exception occurred
root - WARNING - Error: <class 'urllib3.exceptions.ReadTimeoutError'>
root - WARNING - 

-----------------------------------------
root - WARNING - 

Data collection
root - WARNING - Datetime:
root - WARNING - 20230131_233759
root - WARNING - {'name': 'Kube-znn', 'period': 0, 'initialreplicas': 1, 'initialimage': 'cmendes/znn:800k', 'initialreplicasChanges': '0', 'initialimageChanges': '0', 'initialevent': '20230131_233158', 'current_replicas': 1, 'current_image': 'cmendes/znn:800k', 'finalreplicasChanges': 1, 'finalimageChanges': 0, 'finalevent': '20230131_233759'}
root - WARNING - 

-----------------------------------------
root - WARNING - 

-----------------------------------------
root - WARNING - Generating logs for Kubow and K6.
root - WARNING - File k6-d56g5_tracing_20230131_233158.loghas been generated.
root - WARNING - File kubow-548bb5f4b4-jpvhp_tracing_20230131_233158.loghas been generated.
root - WARNING - Finished pod stream.
root - WARNING - 

-----------------------------------------
