Reading file: automatingDataGeneration.sh
Reading file: CLong10
Reading file: CLong10.7z
Reading file: CShort10
Reading file: CShort10.7z
Reading file: Evaluation-ZNN.7z
Reading file: fidelitya-5b8dd7f8c7-gff7g_tracing_20230129_194604.log

fidelitya data

2023-01-29 22:49:09 : t0:removeLowQuality

2023-01-29 22:49:14 : t0:removeLowQuality

2023-01-29 22:49:19 : t0:removeLowQuality

2023-01-29 22:49:24 : t0:removeLowQuality

2023-01-29 22:49:29 : t0:removeLowQuality

2023-01-29 22:49:34 : t0:removeLowQuality

2023-01-29 22:49:39 : t0:removeLowQuality

2023-01-29 22:49:44 : t0:removeLowQuality

2023-01-29 22:49:49 : t0:removeLowQuality

2023-01-29 22:49:54 : t0:raiseFidelity

2023-01-29 22:49:59 : t0:raiseFidelity

2023-01-29 22:50:04 : t0:removeLowQuality

2023-01-29 22:50:09 : t0:removeLowQuality

2023-01-29 22:50:34 : t0:removeLowQuality

2023-01-29 22:51:29 : t0:removeLowQuality

2023-01-29 22:51:34 : t0:raiseFidelity

2023-01-29 22:51:39 : t0:raiseFidelity

2023-01-29 22:52:09 : t0:raiseFidelity

2023-01-29 22:52:14 : t0:raiseFidelity

2023-01-29 22:52:19 : t0:raiseFidelity

2023-01-29 22:52:24 : t0:raiseFidelity

2023-01-29 22:52:29 : t0:raiseFidelity

2023-01-29 22:52:34 : t0:raiseFidelity

2023-01-29 22:52:39 : t0:raiseFidelity

2023-01-29 22:52:44 : t0:raiseFidelity

2023-01-29 22:52:49 : t0:raiseFidelity

2023-01-29 22:52:54 : t0:raiseFidelity

2023-01-29 22:52:59 : t0:raiseFidelity

2023-01-29 22:53:04 : t0:raiseFidelity

2023-01-29 22:53:09 : t0:raiseFidelity

2023-01-29 22:53:14 : t0:raiseFidelity

2023-01-29 22:53:19 : t0:raiseFidelity

2023-01-29 22:53:24 : t0:raiseFidelity

2023-01-29 22:53:29 : t0:raiseFidelity

2023-01-29 22:53:34 : t0:raiseFidelity

2023-01-29 22:53:39 : t0:raiseFidelity

2023-01-29 22:53:44 : t0:raiseFidelity

2023-01-29 22:53:49 : t0:raiseFidelity

2023-01-29 22:53:54 : t0:raiseFidelity

2023-01-29 22:53:59 : t0:raiseFidelity

2023-01-29 22:54:04 : t0:raiseFidelity

2023-01-29 22:54:09 : t0:raiseFidelity

2023-01-29 22:54:14 : t0:raiseFidelity

2023-01-29 22:54:19 : t0:raiseFidelity

2023-01-29 22:54:24 : t0:raiseFidelity

2023-01-29 22:54:29 : t0:raiseFidelity

2023-01-29 22:54:34 : t0:raiseFidelity

2023-01-29 22:54:39 : t0:raiseFidelity

2023-01-29 22:54:44 : t0:raiseFidelity

2023-01-29 22:54:49 : t0:raiseFidelity

2023-01-29 22:54:54 : t0:raiseFidelity

2023-01-29 22:54:59 : t0:raiseFidelity

2023-01-29 22:55:04 : t0:raiseFidelity

2023-01-29 22:55:09 : t0:raiseFidelity

2023-01-29 22:55:14 : t0:raiseFidelity

2023-01-29 22:55:19 : t0:raiseFidelity

2023-01-29 22:55:24 : t0:raiseFidelity

2023-01-29 22:55:29 : t0:raiseFidelity

2023-01-29 22:55:34 : t0:raiseFidelity

2023-01-29 22:55:39 : t0:raiseFidelity

2023-01-29 22:55:44 : t0:raiseFidelity

2023-01-29 22:55:49 : t0:raiseFidelity

2023-01-29 22:55:54 : t0:raiseFidelity

2023-01-29 22:55:59 : t0:raiseFidelity

2023-01-29 22:56:04 : t0:raiseFidelity

2023-01-29 22:56:09 : t0:raiseFidelity

2023-01-29 22:56:14 : t0:raiseFidelity

2023-01-29 22:56:19 : t0:raiseFidelity

2023-01-29 22:56:24 : t0:raiseFidelity

2023-01-29 22:56:29 : t0:raiseFidelity

2023-01-29 22:56:34 : t0:raiseFidelity

2023-01-29 22:56:39 : t0:raiseFidelity

2023-01-29 22:56:44 : t0:raiseFidelity

2023-01-29 22:56:49 : t0:raiseFidelity

2023-01-29 22:56:54 : t0:raiseFidelity

2023-01-29 22:56:59 : t0:raiseFidelity

2023-01-29 22:57:04 : t0:raiseFidelity

2023-01-29 22:57:09 : t0:raiseFidelity

2023-01-29 22:57:14 : t0:raiseFidelity

2023-01-29 22:57:19 : t0:raiseFidelity

2023-01-29 22:57:24 : t0:raiseFidelity

2023-01-29 22:57:29 : t0:raiseFidelity

Reading file: generateLogs104811
Reading file: generateLogs111449
Reading file: generateLogs115104
Reading file: generateLogs122114
Reading file: generateLogs125158
Reading file: generateLogs131404
Reading file: generateLogs134457
Reading file: generateLogs140932
Reading file: generateLogs144048
Reading file: generateLogs145725
Reading file: generateLogs152330
Reading file: generateLogs155416
Reading file: generateLogs162628
Reading file: generateLogs165146
Reading file: generateLogs172723
Reading file: generateLogs174859
Reading file: generateLogs181909
Reading file: generateLogs184936
Reading file: generateLogs192145
Reading file: generateLogs2.sh
Reading file: k6-n69ll_tracing_20230129_194604.log
Reading file: README.md
Reading file: scalabilityb-66d698fc76-np7mg_tracing_20230129_194604.log

scalabilityb data

2023-01-29 22:51:02 : t0:removeHighScalability

2023-01-29 22:51:07 : t0:removeHighScalability

2023-01-29 22:51:12 : t0:removeHighScalability

2023-01-29 22:51:17 : t0:removeHighScalability

2023-01-29 22:51:22 : t0:removeHighScalability

2023-01-29 22:51:27 : t0:removeHighScalability

2023-01-29 22:51:32 : t0:removeReplica

Reading file: summary-trace-znn.log
Reading file: temp
Reading file: temp2701
Reading file: test
Reading file: tools
Reading file: traceznn_20230129_194604.log

Trace znn data

{'name': 'kube-znn-db.173ee7f84c881ce6', 'type': 'Normal', 'message': 'Scaled up replica set kube-znn-db-558bb5dd64 to 1', 'dateevent': '2023-01-29 22:26:05+00:00', 'image': 'cmendes/znn:800k', 'replicas': 1, 'imageChanges': 0, 'replicasChanges': 1}

{'name': 'kube-znn.173ee7f84af89da3', 'type': 'Normal', 'message': 'Scaled up replica set kube-znn-744bbbc54b to 1', 'dateevent': '2023-01-29 22:26:05+00:00', 'image': 'cmendes/znn:800k', 'replicas': 1, 'imageChanges': 0, 'replicasChanges': 1}

{'name': 'kube-znn.173ee91182459c11', 'type': 'Normal', 'message': 'Scaled up replica set kube-znn-744bbbc54b to 2', 'dateevent': '2023-01-29 22:46:12+00:00', 'image': 'cmendes/znn:800k', 'replicas': 2, 'imageChanges': 0, 'replicasChanges': 2}

{'name': 'kube-znn.173ee912600ebbf4', 'type': 'Normal', 'message': 'Scaled up replica set kube-znn-744bbbc54b to 3', 'dateevent': '2023-01-29 22:46:16+00:00', 'image': 'cmendes/znn:800k', 'replicas': 3, 'imageChanges': 0, 'replicasChanges': 3}

{'name': 'kube-znn.173ee913849c4bc3', 'type': 'Normal', 'message': 'Scaled up replica set kube-znn-744bbbc54b to 4', 'dateevent': '2023-01-29 22:46:21+00:00', 'image': 'cmendes/znn:800k', 'replicas': 4, 'imageChanges': 0, 'replicasChanges': 4}

{'name': 'kube-znn.173ee914afbbab19', 'type': 'Normal', 'message': 'Scaled up replica set kube-znn-744bbbc54b to 5', 'dateevent': '2023-01-29 22:46:26+00:00', 'image': 'cmendes/znn:800k', 'replicas': 5, 'imageChanges': 0, 'replicasChanges': 5}

{'name': 'kube-znn.173ee915d97a0bc9', 'type': 'Normal', 'message': 'Scaled up replica set kube-znn-744bbbc54b to 6', 'dateevent': '2023-01-29 22:46:31+00:00', 'image': 'cmendes/znn:800k', 'replicas': 6, 'imageChanges': 0, 'replicasChanges': 6}

{'name': 'kube-znn.173ee9170368999a', 'type': 'Normal', 'message': 'Scaled up replica set kube-znn-744bbbc54b to 7', 'dateevent': '2023-01-29 22:46:36+00:00', 'image': 'cmendes/znn:800k', 'replicas': 7, 'imageChanges': 0, 'replicasChanges': 7}

{'name': 'kube-znn.173ee9182bf2764b', 'type': 'Normal', 'message': 'Scaled up replica set kube-znn-744bbbc54b to 8', 'dateevent': '2023-01-29 22:46:41+00:00', 'image': 'cmendes/znn:800k', 'replicas': 8, 'imageChanges': 0, 'replicasChanges': 8}

{'name': 'kube-znn.173ee91955c17541', 'type': 'Normal', 'message': 'Scaled up replica set kube-znn-744bbbc54b to 9', 'dateevent': '2023-01-29 22:46:46+00:00', 'image': 'cmendes/znn:800k', 'replicas': 9, 'imageChanges': 0, 'replicasChanges': 9}

{'name': 'kube-znn.173ee91a7eaa32dc', 'type': 'Normal', 'message': 'Scaled up replica set kube-znn-744bbbc54b to 10', 'dateevent': '2023-01-29 22:46:51+00:00', 'image': 'cmendes/znn:800k', 'replicas': 10, 'imageChanges': 0, 'replicasChanges': 10}

{'name': 'kube-znn.173ee91b921f806f', 'type': 'Normal', 'message': '(combined from similar events): Scaled up replica set kube-znn-5c95bd98fb to 3', 'dateevent': '2023-01-29 22:46:56+00:00', 'image': 'cmendes/znn:600k', 'replicas': 10, 'imageChanges': 1, 'replicasChanges': 10}

{'name': 'kube-znn.173ee91b921f806f', 'type': 'Normal', 'message': '(combined from similar events): Scaled down replica set kube-znn-744bbbc54b to 8', 'dateevent': '2023-01-29 22:46:56+00:00', 'image': 'cmendes/znn:600k', 'replicas': 10, 'imageChanges': 1, 'replicasChanges': 10}

{'name': 'kube-znn.173ee91b921f806f', 'type': 'Normal', 'message': '(combined from similar events): Scaled up replica set kube-znn-5c95bd98fb to 5', 'dateevent': '2023-01-29 22:46:56+00:00', 'image': 'cmendes/znn:600k', 'replicas': 10, 'imageChanges': 1, 'replicasChanges': 10}

{'name': 'kube-znn.173ee91b921f806f', 'type': 'Normal', 'message': '(combined from similar events): Scaled down replica set kube-znn-744bbbc54b to 3', 'dateevent': '2023-01-29 22:46:56+00:00', 'image': 'cmendes/znn:600k', 'replicas': 4, 'imageChanges': 1, 'replicasChanges': 11}

{'name': 'kube-znn.173ee91b921f806f', 'type': 'Normal', 'message': '(combined from similar events): Scaled down replica set kube-znn-5c95bd98fb to 2', 'dateevent': '2023-01-29 22:46:56+00:00', 'image': 'cmendes/znn:600k', 'replicas': 4, 'imageChanges': 1, 'replicasChanges': 11}

{'name': 'kube-znn.173ee91b921f806f', 'type': 'Normal', 'message': '(combined from similar events): Scaled down replica set kube-znn-744bbbc54b to 2', 'dateevent': '2023-01-29 22:46:56+00:00', 'image': 'cmendes/znn:600k', 'replicas': 4, 'imageChanges': 1, 'replicasChanges': 11}

{'name': 'kube-znn.173ee91b921f806f', 'type': 'Normal', 'message': '(combined from similar events): Scaled up replica set kube-znn-5c95bd98fb to 3', 'dateevent': '2023-01-29 22:46:56+00:00', 'image': 'cmendes/znn:600k', 'replicas': 4, 'imageChanges': 1, 'replicasChanges': 11}

{'name': 'kube-znn.173ee91b921f806f', 'type': 'Normal', 'message': '(combined from similar events): Scaled down replica set kube-znn-744bbbc54b to 1', 'dateevent': '2023-01-29 22:46:56+00:00', 'image': 'cmendes/znn:600k', 'replicas': 4, 'imageChanges': 1, 'replicasChanges': 11}

{'name': 'kube-znn.173ee91b921f806f', 'type': 'Normal', 'message': '(combined from similar events): Scaled up replica set kube-znn-5c95bd98fb to 4', 'dateevent': '2023-01-29 22:46:56+00:00', 'image': 'cmendes/znn:600k', 'replicas': 4, 'imageChanges': 1, 'replicasChanges': 11}

{'name': 'kube-znn.173ee91b921f806f', 'type': 'Normal', 'message': '(combined from similar events): Scaled down replica set kube-znn-744bbbc54b to 0', 'dateevent': '2023-01-29 22:46:56+00:00', 'image': 'cmendes/znn:600k', 'replicas': 4, 'imageChanges': 1, 'replicasChanges': 11}

{'name': 'kube-znn.173ee91b921f806f', 'type': 'Normal', 'message': '(combined from similar events): Scaled up replica set kube-znn-744bbbc54b to 1', 'dateevent': '2023-01-29 22:46:56+00:00', 'image': 'cmendes/znn:800k', 'replicas': 4, 'imageChanges': 2, 'replicasChanges': 11}

{'name': 'kube-znn.173ee91b921f806f', 'type': 'Normal', 'message': '(combined from similar events): Scaled down replica set kube-znn-5c95bd98fb to 3', 'dateevent': '2023-01-29 22:46:56+00:00', 'image': 'cmendes/znn:800k', 'replicas': 4, 'imageChanges': 2, 'replicasChanges': 11}

{'name': 'kube-znn.173ee91182459c11', 'type': 'Normal', 'message': 'Scaled up replica set kube-znn-744bbbc54b to 2', 'dateevent': '2023-01-29 22:46:12+00:00', 'image': 'cmendes/znn:800k', 'replicas': 4, 'imageChanges': 2, 'replicasChanges': 11}

{'name': 'kube-znn.173ee91b921f806f', 'type': 'Normal', 'message': '(combined from similar events): Scaled down replica set kube-znn-5c95bd98fb to 2', 'dateevent': '2023-01-29 22:46:56+00:00', 'image': 'cmendes/znn:800k', 'replicas': 4, 'imageChanges': 2, 'replicasChanges': 11}

{'name': 'kube-znn.173ee912600ebbf4', 'type': 'Normal', 'message': 'Scaled up replica set kube-znn-744bbbc54b to 3', 'dateevent': '2023-01-29 22:46:16+00:00', 'image': 'cmendes/znn:800k', 'replicas': 4, 'imageChanges': 2, 'replicasChanges': 11}

{'name': 'kube-znn.173ee91b921f806f', 'type': 'Normal', 'message': '(combined from similar events): Scaled down replica set kube-znn-5c95bd98fb to 1', 'dateevent': '2023-01-29 22:46:56+00:00', 'image': 'cmendes/znn:800k', 'replicas': 4, 'imageChanges': 2, 'replicasChanges': 11}

{'name': 'kube-znn.173ee91b921f806f', 'type': 'Normal', 'message': '(combined from similar events): Scaled down replica set kube-znn-744bbbc54b to 0', 'dateevent': '2023-01-29 22:46:56+00:00', 'image': 'cmendes/znn:800k', 'replicas': 0, 'imageChanges': 2, 'replicasChanges': 12}

Reading file: VersionA-Monolithic
Reading file: VersionB-MicroControllers
Reading file: VersionC-WithFailureManagerMetaController
Reading file: VersionC-ZTemp
