Reading file: automatingDataGeneration.sh
Reading file: BLong10
Reading file: BLong10_parte1.7z
Reading file: BLong10_parte2.7z
Reading file: BLong10_parte3.7z
Reading file: BShort10
Reading file: BShort10.7z
Reading file: CLong10
Reading file: CLong10.7z
Reading file: CShort10
Reading file: CShort10.7z
Reading file: Evaluation-ZNN.7z
Reading file: generateLogs140341
Reading file: generateLogs141805
Reading file: generateLogs144106
Reading file: generateLogs165212
Reading file: generateLogs170658
Reading file: generateLogs172134
Reading file: generateLogs173719
Reading file: generateLogs175129
Reading file: generateLogs180606
Reading file: generateLogs182644
Reading file: generateLogs184100
Reading file: generateLogs190122
Reading file: generateLogs192036
Reading file: generateLogs193534
Reading file: generateLogs195105
Reading file: generateLogs2.sh
Reading file: generateLogs200634
Reading file: generateLogs202058
Reading file: k6-wnclz_tracing_20230131_202940.log
Reading file: kubow-548bb5f4b4-gq62v_tracing_20230131_202940.log

Kubow data

2023-01-31 23:29:47 : t0:addReplica

2023-01-31 23:29:52 : t0:addReplica

2023-01-31 23:29:57 : t0:addReplica

2023-01-31 23:30:02 : t0:addReplica

2023-01-31 23:30:07 : t0:addReplica

2023-01-31 23:30:12 : t0:addReplica

2023-01-31 23:30:17 : t0:addReplica

2023-01-31 23:30:22 : t0:addReplica

2023-01-31 23:30:27 : t0:addReplica

2023-01-31 23:30:32 : t1:lowerFidelity

2023-01-31 23:30:37 : t1:lowerFidelity

2023-01-31 23:30:42 : t0:activateLowScalabilityHighQuality

2023-01-31 23:31:17 : t0:addReplica

2023-01-31 23:31:22 : t0:addReplica

2023-01-31 23:31:27 : t0:addReplica

2023-01-31 23:31:32 : t0:addReplica

2023-01-31 23:31:37 : t0:addReplica

2023-01-31 23:31:42 : t0:activateLowScalabilityHighQuality

2023-01-31 23:31:52 : t0:addReplica

2023-01-31 23:31:57 : t0:addReplica

2023-01-31 23:32:02 : t0:addReplica

2023-01-31 23:32:07 : t0:addReplica

2023-01-31 23:32:17 : t0:addHighScalabilityHighQuality

2023-01-31 23:32:22 : t0:addHighScalabilityHighQuality

2023-01-31 23:32:27 : t0:addHighScalabilityHighQuality

2023-01-31 23:32:32 : t0:addHighScalabilityHighQuality

2023-01-31 23:32:37 : t1:raiseFidelity

2023-01-31 23:32:52 : t0:addHighScalabilityHighQuality

2023-01-31 23:32:57 : t0:addHighScalabilityHighQuality

2023-01-31 23:33:02 : t0:addReplica

2023-01-31 23:33:07 : t0:addReplica

2023-01-31 23:33:12 : t0:addReplica

2023-01-31 23:33:17 : t0:addReplica

2023-01-31 23:33:22 : t1:lowerFidelity

2023-01-31 23:33:27 : t0:activateLowScalabilityHighQuality

2023-01-31 23:33:47 : t0:addReplica

2023-01-31 23:33:52 : t0:addReplica

2023-01-31 23:33:57 : t0:addReplica

2023-01-31 23:34:02 : t0:addReplica

2023-01-31 23:34:07 : t0:addHighScalabilityHighQuality

2023-01-31 23:34:12 : t0:addHighScalabilityHighQuality

2023-01-31 23:34:17 : t0:addHighScalabilityHighQuality

2023-01-31 23:34:22 : t0:addHighScalabilityHighQuality

2023-01-31 23:34:27 : t0:addHighScalabilityHighQuality

2023-01-31 23:34:32 : t0:addHighScalabilityHighQuality

2023-01-31 23:34:37 : t1:raiseFidelity

2023-01-31 23:35:07 : t0:removeReplica

2023-01-31 23:35:22 : t1:raiseFidelity

Reading file: README.md
Reading file: summary-trace-znn.log
Reading file: temp
Reading file: temp2701
Reading file: temp3101
Reading file: test
Reading file: tools
Reading file: traceznn_20230131_202940.log

Trace znn data

{'name': 'kube-znn-db.173f88600f58fe37', 'type': 'Normal', 'message': 'Scaled up replica set kube-znn-db-6dd8968475 to 1', 'dateevent': '2023-01-31 23:25:32+00:00', 'image': 'cmendes/znn:800k', 'replicas': 1, 'imageChanges': 0, 'replicasChanges': 1}

{'name': 'kube-znn.173f88600d2ae088', 'type': 'Normal', 'message': 'Scaled up replica set kube-znn-5fb97667db to 1', 'dateevent': '2023-01-31 23:25:32+00:00', 'image': 'cmendes/znn:800k', 'replicas': 1, 'imageChanges': 0, 'replicasChanges': 1}

{'name': 'kube-znn.173f889bcde5bfd5', 'type': 'Normal', 'message': 'Scaled up replica set kube-znn-5fb97667db to 2', 'dateevent': '2023-01-31 23:29:49+00:00', 'image': 'cmendes/znn:800k', 'replicas': 2, 'imageChanges': 0, 'replicasChanges': 2}

{'name': 'kube-znn.173f889ca55b8b34', 'type': 'Normal', 'message': 'Scaled up replica set kube-znn-5fb97667db to 3', 'dateevent': '2023-01-31 23:29:52+00:00', 'image': 'cmendes/znn:800k', 'replicas': 3, 'imageChanges': 0, 'replicasChanges': 3}

{'name': 'kube-znn.173f889dd0b42cc0', 'type': 'Normal', 'message': 'Scaled up replica set kube-znn-5fb97667db to 4', 'dateevent': '2023-01-31 23:29:57+00:00', 'image': 'cmendes/znn:800k', 'replicas': 4, 'imageChanges': 0, 'replicasChanges': 4}

{'name': 'kube-znn.173f889ef99e16cf', 'type': 'Normal', 'message': 'Scaled up replica set kube-znn-5fb97667db to 5', 'dateevent': '2023-01-31 23:30:02+00:00', 'image': 'cmendes/znn:800k', 'replicas': 5, 'imageChanges': 0, 'replicasChanges': 5}

{'name': 'kube-znn.173f88a04211d9fd', 'type': 'Normal', 'message': 'Scaled up replica set kube-znn-5fb97667db to 6', 'dateevent': '2023-01-31 23:30:08+00:00', 'image': 'cmendes/znn:800k', 'replicas': 6, 'imageChanges': 0, 'replicasChanges': 6}

{'name': 'kube-znn.173f88a14ca3fcaa', 'type': 'Normal', 'message': 'Scaled up replica set kube-znn-5fb97667db to 7', 'dateevent': '2023-01-31 23:30:12+00:00', 'image': 'cmendes/znn:800k', 'replicas': 7, 'imageChanges': 0, 'replicasChanges': 7}

{'name': 'kube-znn.173f88a2783422cf', 'type': 'Normal', 'message': 'Scaled up replica set kube-znn-5fb97667db to 8', 'dateevent': '2023-01-31 23:30:17+00:00', 'image': 'cmendes/znn:800k', 'replicas': 8, 'imageChanges': 0, 'replicasChanges': 8}

{'name': 'kube-znn.173f88a3a50139fb', 'type': 'Normal', 'message': 'Scaled up replica set kube-znn-5fb97667db to 9', 'dateevent': '2023-01-31 23:30:22+00:00', 'image': 'cmendes/znn:800k', 'replicas': 9, 'imageChanges': 0, 'replicasChanges': 9}

{'name': 'kube-znn.173f88a4ca37d218', 'type': 'Normal', 'message': '(combined from similar events): Scaled up replica set kube-znn-5fb97667db to 10', 'dateevent': '2023-01-31 23:30:27+00:00', 'image': 'cmendes/znn:800k', 'replicas': 10, 'imageChanges': 0, 'replicasChanges': 10}

{'name': 'kube-znn.173f88a4ca37d218', 'type': 'Normal', 'message': '(combined from similar events): Scaled up replica set kube-znn-6978979d84 to 3', 'dateevent': '2023-01-31 23:30:27+00:00', 'image': 'cmendes/znn:600k', 'replicas': 10, 'imageChanges': 1, 'replicasChanges': 10}

{'name': 'kube-znn.173f88a4ca37d218', 'type': 'Normal', 'message': '(combined from similar events): Scaled down replica set kube-znn-5fb97667db to 9', 'dateevent': '2023-01-31 23:30:27+00:00', 'image': 'cmendes/znn:600k', 'replicas': 10, 'imageChanges': 1, 'replicasChanges': 10}

{'name': 'kube-znn.173f88a4ca37d218', 'type': 'Normal', 'message': '(combined from similar events): Scaled down replica set kube-znn-5fb97667db to 8', 'dateevent': '2023-01-31 23:30:27+00:00', 'image': 'cmendes/znn:600k', 'replicas': 10, 'imageChanges': 1, 'replicasChanges': 10}

{'name': 'kube-znn.173f88a4ca37d218', 'type': 'Normal', 'message': '(combined from similar events): Scaled up replica set kube-znn-6978979d84 to 5', 'dateevent': '2023-01-31 23:30:27+00:00', 'image': 'cmendes/znn:600k', 'replicas': 10, 'imageChanges': 1, 'replicasChanges': 10}

{'name': 'kube-znn.173f88a4ca37d218', 'type': 'Normal', 'message': '(combined from similar events): Scaled down replica set kube-znn-6978979d84 to 0', 'dateevent': '2023-01-31 23:30:27+00:00', 'image': 'cmendes/znn:400k', 'replicas': 10, 'imageChanges': 2, 'replicasChanges': 10}

{'name': 'kube-znn.173f88a4ca37d218', 'type': 'Normal', 'message': '(combined from similar events): Scaled up replica set kube-znn-f8d56c578 to 5', 'dateevent': '2023-01-31 23:30:27+00:00', 'image': 'cmendes/znn:400k', 'replicas': 10, 'imageChanges': 2, 'replicasChanges': 10}

{'name': 'kube-znn.173f88a4ca37d218', 'type': 'Normal', 'message': '(combined from similar events): Scaled down replica set kube-znn-5fb97667db to 4', 'dateevent': '2023-01-31 23:30:27+00:00', 'image': 'cmendes/znn:400k', 'replicas': 5, 'imageChanges': 2, 'replicasChanges': 11}

{'name': 'kube-znn.173f88a4ca37d218', 'type': 'Normal', 'message': '(combined from similar events): Scaled down replica set kube-znn-f8d56c578 to 3', 'dateevent': '2023-01-31 23:30:27+00:00', 'image': 'cmendes/znn:400k', 'replicas': 5, 'imageChanges': 2, 'replicasChanges': 11}

{'name': 'kube-znn.173f88a4ca37d218', 'type': 'Normal', 'message': '(combined from similar events): Scaled down replica set kube-znn-5fb97667db to 3', 'dateevent': '2023-01-31 23:30:27+00:00', 'image': 'cmendes/znn:400k', 'replicas': 5, 'imageChanges': 2, 'replicasChanges': 11}

{'name': 'kube-znn.173f88a4ca37d218', 'type': 'Normal', 'message': '(combined from similar events): Scaled up replica set kube-znn-f8d56c578 to 4', 'dateevent': '2023-01-31 23:30:27+00:00', 'image': 'cmendes/znn:400k', 'replicas': 5, 'imageChanges': 2, 'replicasChanges': 11}

{'name': 'kube-znn.173f88a4ca37d218', 'type': 'Normal', 'message': '(combined from similar events): Scaled down replica set kube-znn-5fb97667db to 2', 'dateevent': '2023-01-31 23:30:27+00:00', 'image': 'cmendes/znn:400k', 'replicas': 5, 'imageChanges': 2, 'replicasChanges': 11}

{'name': 'kube-znn.173f88a4ca37d218', 'type': 'Normal', 'message': '(combined from similar events): Scaled up replica set kube-znn-f8d56c578 to 5', 'dateevent': '2023-01-31 23:30:27+00:00', 'image': 'cmendes/znn:400k', 'replicas': 5, 'imageChanges': 2, 'replicasChanges': 11}

{'name': 'kube-znn.173f88a4ca37d218', 'type': 'Normal', 'message': '(combined from similar events): Scaled down replica set kube-znn-5fb97667db to 1', 'dateevent': '2023-01-31 23:30:27+00:00', 'image': 'cmendes/znn:400k', 'replicas': 5, 'imageChanges': 2, 'replicasChanges': 11}

{'name': 'kube-znn.173f88a4ca37d218', 'type': 'Normal', 'message': '(combined from similar events): Scaled down replica set kube-znn-5fb97667db to 0', 'dateevent': '2023-01-31 23:30:27+00:00', 'image': 'cmendes/znn:400k', 'replicas': 5, 'imageChanges': 2, 'replicasChanges': 11}

{'name': 'kube-znn.173f88a4ca37d218', 'type': 'Normal', 'message': '(combined from similar events): Scaled up replica set kube-znn-6978979d84 to 2', 'dateevent': '2023-01-31 23:30:27+00:00', 'image': 'cmendes/znn:600k', 'replicas': 5, 'imageChanges': 3, 'replicasChanges': 11}

{'name': 'kube-znn.173f88a4ca37d218', 'type': 'Normal', 'message': '(combined from similar events): Scaled down replica set kube-znn-f8d56c578 to 4', 'dateevent': '2023-01-31 23:30:27+00:00', 'image': 'cmendes/znn:600k', 'replicas': 5, 'imageChanges': 3, 'replicasChanges': 11}

Reading file: VersionA-Monolithic
Reading file: VersionB-MicroControllers
Reading file: VersionC-WithFailureManagerMetaController
Reading file: VersionC-ZTemp
