Reading file: ALong10
Reading file: ALong10.7z
Reading file: automatingDataGeneration.sh
Reading file: BLong10
Reading file: BLong10_parte1.7z
Reading file: BLong10_parte2.7z
Reading file: BLong10_parte3.7z
Reading file: BShort10
Reading file: BShort10.7z
Reading file: CLong10
Reading file: CLong10.7z
Reading file: CShort10
Reading file: CShort10.7z
Reading file: Evaluation-ZNN.7z
Reading file: generateLogs001310
Reading file: generateLogs002901
Reading file: generateLogs004339
Reading file: generateLogs005901
Reading file: generateLogs011406
Reading file: generateLogs012752
Reading file: generateLogs014157
Reading file: generateLogs020228
Reading file: generateLogs022133
Reading file: generateLogs023519
Reading file: generateLogs2.sh
Reading file: k6-dv7cb_tracing_20230201_024302.log
Reading file: kubow-548bb5f4b4-45rw2_tracing_20230201_024302.log

Kubow data

2023-02-01 05:43:11 : t0:addReplica

2023-02-01 05:43:21 : t0:addReplica

2023-02-01 05:43:26 : t0:addReplica

2023-02-01 05:43:31 : t0:addReplica

2023-02-01 05:43:36 : t0:addReplica

2023-02-01 05:43:41 : t0:addReplica

2023-02-01 05:43:46 : t0:addReplica

2023-02-01 05:43:51 : t0:addReplica

2023-02-01 05:43:56 : t0:addReplica

2023-02-01 05:44:01 : t1:lowerFidelity

2023-02-01 05:44:11 : t1:lowerFidelity

2023-02-01 05:44:16 : t0:activateLowScalabilityHighQuality

2023-02-01 05:44:36 : t0:addReplica

2023-02-01 05:44:41 : t0:addReplica

2023-02-01 05:44:46 : t0:addReplica

2023-02-01 05:44:51 : t0:addReplica

2023-02-01 05:44:56 : t0:addReplica

2023-02-01 05:45:01 : t1:lowerFidelity

2023-02-01 05:45:06 : t0:addHighScalabilityHighQuality

2023-02-01 05:45:11 : t0:activateLowScalabilityHighQuality

2023-02-01 05:45:16 : t0:addReplica

2023-02-01 05:45:21 : t0:addReplica

2023-02-01 05:45:26 : t0:addReplica

2023-02-01 05:45:31 : t0:addReplica

2023-02-01 05:45:36 : t0:addReplica

2023-02-01 05:45:41 : t0:addReplica

2023-02-01 05:45:46 : t0:addReplica

2023-02-01 05:45:51 : t0:addReplica

2023-02-01 05:45:56 : t1:lowerFidelity

2023-02-01 05:46:01 : t1:lowerFidelity

2023-02-01 05:46:06 : t0:activateLowScalabilityHighQuality

2023-02-01 05:46:11 : t0:addReplica

2023-02-01 05:46:41 : t0:addHighScalabilityHighQuality

2023-02-01 05:46:46 : t0:addHighScalabilityHighQuality

2023-02-01 05:46:51 : t0:addHighScalabilityHighQuality

2023-02-01 05:46:56 : t0:addHighScalabilityHighQuality

2023-02-01 05:47:01 : t0:addHighScalabilityHighQuality

2023-02-01 05:47:06 : t0:addHighScalabilityHighQuality

2023-02-01 05:47:11 : t0:addHighScalabilityHighQuality

2023-02-01 05:47:16 : t0:removeReplica

2023-02-01 05:47:21 : t0:removeReplica

2023-02-01 05:47:26 : t0:addHighScalabilityHighQuality

2023-02-01 05:47:31 : t0:addHighScalabilityHighQuality

2023-02-01 05:47:36 : t0:addHighScalabilityHighQuality

2023-02-01 05:47:41 : t0:addHighScalabilityHighQuality

2023-02-01 05:47:46 : t0:addHighScalabilityHighQuality

2023-02-01 05:47:51 : t0:addHighScalabilityHighQuality

2023-02-01 05:47:56 : t1:raiseFidelity

2023-02-01 05:48:01 : t1:raiseFidelity

2023-02-01 05:48:36 : t1:raiseFidelity

2023-02-01 05:48:41 : t1:raiseFidelity

2023-02-01 05:49:16 : t1:raiseFidelity

Reading file: README.md
Reading file: summary-trace-znn.log
Reading file: temp
Reading file: temp2701
Reading file: temp3101
Reading file: test
Reading file: tools
Reading file: traceznn_20230201_024302.log

Trace znn data

{'name': 'kube-znn-db.173f9cc37f74943d', 'type': 'Normal', 'message': 'Scaled up replica set kube-znn-db-6dd8968475 to 1', 'dateevent': '2023-02-01 05:39:09+00:00', 'image': 'cmendes/znn:800k', 'replicas': 1, 'imageChanges': 0, 'replicasChanges': 1}

{'name': 'kube-znn.173f9cc37e6e5c57', 'type': 'Normal', 'message': 'Scaled up replica set kube-znn-5fb97667db to 1', 'dateevent': '2023-02-01 05:39:09+00:00', 'image': 'cmendes/znn:800k', 'replicas': 1, 'imageChanges': 0, 'replicasChanges': 1}

{'name': 'kube-znn.173f9cfc1752cf21', 'type': 'Normal', 'message': 'Scaled up replica set kube-znn-5fb97667db to 2', 'dateevent': '2023-02-01 05:43:12+00:00', 'image': 'cmendes/znn:800k', 'replicas': 2, 'imageChanges': 0, 'replicasChanges': 2}

{'name': 'kube-znn.173f9cfe0b950ee6', 'type': 'Normal', 'message': 'Scaled up replica set kube-znn-5fb97667db to 3', 'dateevent': '2023-02-01 05:43:21+00:00', 'image': 'cmendes/znn:800k', 'replicas': 3, 'imageChanges': 0, 'replicasChanges': 3}

{'name': 'kube-znn.173f9cff3791b703', 'type': 'Normal', 'message': 'Scaled up replica set kube-znn-5fb97667db to 4', 'dateevent': '2023-02-01 05:43:26+00:00', 'image': 'cmendes/znn:800k', 'replicas': 4, 'imageChanges': 0, 'replicasChanges': 4}

{'name': 'kube-znn.173f9d005c1b1d74', 'type': 'Normal', 'message': 'Scaled up replica set kube-znn-5fb97667db to 5', 'dateevent': '2023-02-01 05:43:31+00:00', 'image': 'cmendes/znn:800k', 'replicas': 5, 'imageChanges': 0, 'replicasChanges': 5}

{'name': 'kube-znn.173f9d0184e94b2d', 'type': 'Normal', 'message': 'Scaled up replica set kube-znn-5fb97667db to 6', 'dateevent': '2023-02-01 05:43:36+00:00', 'image': 'cmendes/znn:800k', 'replicas': 6, 'imageChanges': 0, 'replicasChanges': 6}

{'name': 'kube-znn.173f9d02ad273048', 'type': 'Normal', 'message': 'Scaled up replica set kube-znn-5fb97667db to 7', 'dateevent': '2023-02-01 05:43:41+00:00', 'image': 'cmendes/znn:800k', 'replicas': 7, 'imageChanges': 0, 'replicasChanges': 7}

{'name': 'kube-znn.173f9d03d940a250', 'type': 'Normal', 'message': 'Scaled up replica set kube-znn-5fb97667db to 8', 'dateevent': '2023-02-01 05:43:46+00:00', 'image': 'cmendes/znn:800k', 'replicas': 8, 'imageChanges': 0, 'replicasChanges': 8}

{'name': 'kube-znn.173f9d050315f898', 'type': 'Normal', 'message': 'Scaled up replica set kube-znn-5fb97667db to 9', 'dateevent': '2023-02-01 05:43:51+00:00', 'image': 'cmendes/znn:800k', 'replicas': 9, 'imageChanges': 0, 'replicasChanges': 9}

{'name': 'kube-znn.173f9d062e6e9757', 'type': 'Normal', 'message': '(combined from similar events): Scaled up replica set kube-znn-5fb97667db to 10', 'dateevent': '2023-02-01 05:43:56+00:00', 'image': 'cmendes/znn:800k', 'replicas': 10, 'imageChanges': 0, 'replicasChanges': 10}

{'name': 'kube-znn.173f9d062e6e9757', 'type': 'Normal', 'message': '(combined from similar events): Scaled up replica set kube-znn-6978979d84 to 3', 'dateevent': '2023-02-01 05:43:56+00:00', 'image': 'cmendes/znn:600k', 'replicas': 10, 'imageChanges': 1, 'replicasChanges': 10}

{'name': 'kube-znn.173f9d062e6e9757', 'type': 'Normal', 'message': '(combined from similar events): Scaled down replica set kube-znn-5fb97667db to 9', 'dateevent': '2023-02-01 05:43:56+00:00', 'image': 'cmendes/znn:600k', 'replicas': 10, 'imageChanges': 1, 'replicasChanges': 10}

{'name': 'kube-znn.173f9d062e6e9757', 'type': 'Normal', 'message': '(combined from similar events): Scaled down replica set kube-znn-5fb97667db to 8', 'dateevent': '2023-02-01 05:43:56+00:00', 'image': 'cmendes/znn:600k', 'replicas': 10, 'imageChanges': 1, 'replicasChanges': 10}

{'name': 'kube-znn.173f9d062e6e9757', 'type': 'Normal', 'message': '(combined from similar events): Scaled up replica set kube-znn-6978979d84 to 5', 'dateevent': '2023-02-01 05:43:56+00:00', 'image': 'cmendes/znn:600k', 'replicas': 10, 'imageChanges': 1, 'replicasChanges': 10}

{'name': 'kube-znn.173f9d062e6e9757', 'type': 'Normal', 'message': '(combined from similar events): Scaled down replica set kube-znn-5fb97667db to 7', 'dateevent': '2023-02-01 05:43:56+00:00', 'image': 'cmendes/znn:600k', 'replicas': 10, 'imageChanges': 1, 'replicasChanges': 10}

{'name': 'kube-znn.173f9d062e6e9757', 'type': 'Normal', 'message': '(combined from similar events): Scaled up replica set kube-znn-6978979d84 to 6', 'dateevent': '2023-02-01 05:43:56+00:00', 'image': 'cmendes/znn:600k', 'replicas': 10, 'imageChanges': 1, 'replicasChanges': 10}

{'name': 'kube-znn.173f9d062e6e9757', 'type': 'Normal', 'message': '(combined from similar events): Scaled down replica set kube-znn-6978979d84 to 1', 'dateevent': '2023-02-01 05:43:56+00:00', 'image': 'cmendes/znn:400k', 'replicas': 10, 'imageChanges': 2, 'replicasChanges': 10}

{'name': 'kube-znn.173f9d062e6e9757', 'type': 'Normal', 'message': '(combined from similar events): Scaled up replica set kube-znn-f8d56c578 to 5', 'dateevent': '2023-02-01 05:43:56+00:00', 'image': 'cmendes/znn:400k', 'replicas': 10, 'imageChanges': 2, 'replicasChanges': 10}

{'name': 'kube-znn.173f9d062e6e9757', 'type': 'Normal', 'message': '(combined from similar events): Scaled down replica set kube-znn-5fb97667db to 3', 'dateevent': '2023-02-01 05:43:56+00:00', 'image': 'cmendes/znn:400k', 'replicas': 5, 'imageChanges': 2, 'replicasChanges': 11}

{'name': 'kube-znn.173f9d062e6e9757', 'type': 'Normal', 'message': '(combined from similar events): Scaled down replica set kube-znn-f8d56c578 to 3', 'dateevent': '2023-02-01 05:43:56+00:00', 'image': 'cmendes/znn:400k', 'replicas': 5, 'imageChanges': 2, 'replicasChanges': 11}

{'name': 'kube-znn.173f9d062e6e9757', 'type': 'Normal', 'message': '(combined from similar events): Scaled down replica set kube-znn-5fb97667db to 2', 'dateevent': '2023-02-01 05:43:56+00:00', 'image': 'cmendes/znn:400k', 'replicas': 5, 'imageChanges': 2, 'replicasChanges': 11}

{'name': 'kube-znn.173f9d062e6e9757', 'type': 'Normal', 'message': '(combined from similar events): Scaled up replica set kube-znn-f8d56c578 to 4', 'dateevent': '2023-02-01 05:43:56+00:00', 'image': 'cmendes/znn:400k', 'replicas': 5, 'imageChanges': 2, 'replicasChanges': 11}

{'name': 'kube-znn.173f9d062e6e9757', 'type': 'Normal', 'message': '(combined from similar events): Scaled down replica set kube-znn-5fb97667db to 1', 'dateevent': '2023-02-01 05:43:56+00:00', 'image': 'cmendes/znn:400k', 'replicas': 5, 'imageChanges': 2, 'replicasChanges': 11}

{'name': 'kube-znn.173f9d0e38a75ac4', 'type': 'Normal', 'message': 'Scaled up replica set kube-znn-f8d56c578 to 5', 'dateevent': '2023-02-01 05:44:30+00:00', 'image': 'cmendes/znn:400k', 'replicas': 5, 'imageChanges': 2, 'replicasChanges': 11}

{'name': 'kube-znn.173f9d062e6e9757', 'type': 'Normal', 'message': '(combined from similar events): Scaled down replica set kube-znn-5fb97667db to 0', 'dateevent': '2023-02-01 05:43:56+00:00', 'image': 'cmendes/znn:400k', 'replicas': 5, 'imageChanges': 2, 'replicasChanges': 11}

{'name': 'kube-znn.173f9d062e6e9757', 'type': 'Normal', 'message': '(combined from similar events): Scaled down replica set kube-znn-6978979d84 to 0', 'dateevent': '2023-02-01 05:43:56+00:00', 'image': 'cmendes/znn:400k', 'replicas': 5, 'imageChanges': 2, 'replicasChanges': 11}

{'name': 'kube-znn.173f9d3e0cf9336e', 'type': 'Normal', 'message': 'Scaled up replica set kube-znn-6978979d84 to 1', 'dateevent': '2023-02-01 05:49:16+00:00', 'image': 'cmendes/znn:600k', 'replicas': 1, 'imageChanges': 3, 'replicasChanges': 12}

Reading file: VersionA-Monolithic
Reading file: VersionB-MicroControllers
Reading file: VersionC-WithFailureManagerMetaController
Reading file: VersionC-ZTemp
