root - WARNING - Starting our experiment execution
root - WARNING - 

-----------------------------------------
root - WARNING - General Log - 
root - WARNING - {'name': 'default-server-secret.173fc499b21ba174', 'type': 'Normal', 'message': 'the special Secret default/default-server-secret was updated', 'dateevent': '2023-02-01 17:49:10+00:00'}
root - WARNING - 

-----------------------------------------
root - WARNING - 

-----------------------------------------
root - WARNING - General Log - 
root - WARNING - {'name': 'failuremanager-ccc6cc495-xqbwk.173fc48c1e0450ca', 'type': 'Normal', 'message': 'Successfully assigned default/failuremanager-ccc6cc495-xqbwk to minikube', 'dateevent': '2023-02-01 17:48:12+00:00'}
root - WARNING - 

-----------------------------------------
root - WARNING - 

-----------------------------------------
root - WARNING - General Log - 
root - WARNING - {'name': 'failuremanager-ccc6cc495-xqbwk.173fc48c44be0161', 'type': 'Normal', 'message': 'Pulling image "californibrs/failuremanager"', 'dateevent': '2023-02-01 17:48:13+00:00'}
root - WARNING - 

-----------------------------------------
root - WARNING - 

-----------------------------------------
root - WARNING - General Log - 
root - WARNING - {'name': 'failuremanager-ccc6cc495-xqbwk.173fc4a45d3c5af3', 'type': 'Normal', 'message': 'Successfully pulled image "californibrs/failuremanager"', 'dateevent': '2023-02-01 17:49:56+00:00'}
root - WARNING - 

-----------------------------------------
root - WARNING - 

-----------------------------------------
root - WARNING - General Log - 
root - WARNING - {'name': 'failuremanager-ccc6cc495-xqbwk.173fc4a48f652716', 'type': 'Normal', 'message': 'Created container failuremanager', 'dateevent': '2023-02-01 17:49:57+00:00'}
root - WARNING - 

-----------------------------------------
root - WARNING - 

-----------------------------------------
root - WARNING - General Log - 
root - WARNING - {'name': 'failuremanager-ccc6cc495-xqbwk.173fc4a49a8b6672', 'type': 'Normal', 'message': 'Started container failuremanager', 'dateevent': '2023-02-01 17:49:57+00:00'}
root - WARNING - 

-----------------------------------------
root - WARNING - 

-----------------------------------------
root - WARNING - General Log - 
root - WARNING - {'name': 'failuremanager-ccc6cc495.173fc48c1dc11c1b', 'type': 'Normal', 'message': 'Created pod: failuremanager-ccc6cc495-xqbwk', 'dateevent': '2023-02-01 17:48:12+00:00'}
root - WARNING - 

-----------------------------------------
root - WARNING - 

-----------------------------------------
root - WARNING - General Log - 
root - WARNING - {'name': 'failuremanager-ingress.173fc499a14f989b', 'type': 'Normal', 'message': 'Configuration for default/failuremanager-ingress was added or updated', 'dateevent': '2023-02-01 17:49:10+00:00'}
root - WARNING - 

-----------------------------------------
root - WARNING - 

-----------------------------------------
root - WARNING - General Log - 
root - WARNING - {'name': 'failuremanager-ingress.173fc499bacc2210', 'type': 'Normal', 'message': 'Configuration for default/failuremanager-ingress was updated ', 'dateevent': '2023-02-01 17:49:10+00:00'}
root - WARNING - 

-----------------------------------------
root - WARNING - 

-----------------------------------------
root - WARNING - General Log - 
root - WARNING - {'name': 'failuremanager.173fc48c1d806a51', 'type': 'Normal', 'message': 'Scaled up replica set failuremanager-ccc6cc495 to 1', 'dateevent': '2023-02-01 17:48:12+00:00'}
root - WARNING - 

-----------------------------------------
root - WARNING - 

-----------------------------------------
root - WARNING - General Log - 
root - WARNING - {'name': 'failuremonitor-68dd6cfd46-vlc2z.173fc48c21733644', 'type': 'Normal', 'message': 'Successfully assigned default/failuremonitor-68dd6cfd46-vlc2z to minikube', 'dateevent': '2023-02-01 17:48:12+00:00'}
root - WARNING - 

-----------------------------------------
root - WARNING - 

-----------------------------------------
root - WARNING - General Log - 
root - WARNING - {'name': 'failuremonitor-68dd6cfd46-vlc2z.173fc48c58aef958', 'type': 'Normal', 'message': 'Pulling image "californibrs/failuremonitor"', 'dateevent': '2023-02-01 17:48:13+00:00'}
root - WARNING - 

-----------------------------------------
root - WARNING - 

-----------------------------------------
root - WARNING - General Log - 
root - WARNING - {'name': 'failuremonitor-68dd6cfd46-vlc2z.173fc4acad1a6a94', 'type': 'Normal', 'message': 'Successfully pulled image "californibrs/failuremonitor"', 'dateevent': '2023-02-01 17:50:32+00:00'}
root - WARNING - 

-----------------------------------------
root - WARNING - 

-----------------------------------------
root - WARNING - General Log - 
root - WARNING - {'name': 'failuremonitor-68dd6cfd46-vlc2z.173fc4ad2b5a1173', 'type': 'Normal', 'message': 'Created container failuremonitor', 'dateevent': '2023-02-01 17:50:34+00:00'}
root - WARNING - 

-----------------------------------------
root - WARNING - 

-----------------------------------------
root - WARNING - General Log - 
root - WARNING - {'name': 'failuremonitor-68dd6cfd46-vlc2z.173fc4ad3698652e', 'type': 'Normal', 'message': 'Started container failuremonitor', 'dateevent': '2023-02-01 17:50:34+00:00'}
root - WARNING - 

-----------------------------------------
root - WARNING - 

-----------------------------------------
root - WARNING - General Log - 
root - WARNING - {'name': 'failuremonitor-68dd6cfd46.173fc48c20f49d73', 'type': 'Normal', 'message': 'Created pod: failuremonitor-68dd6cfd46-vlc2z', 'dateevent': '2023-02-01 17:48:12+00:00'}
root - WARNING - 

-----------------------------------------
root - WARNING - 

-----------------------------------------
root - WARNING - General Log - 
root - WARNING - {'name': 'failuremonitor.173fc48c209b77d3', 'type': 'Normal', 'message': 'Scaled up replica set failuremonitor-68dd6cfd46 to 1', 'dateevent': '2023-02-01 17:48:12+00:00'}
root - WARNING - 

-----------------------------------------
root - WARNING - 

-----------------------------------------
root - WARNING - General Log - 
root - WARNING - {'name': 'grafana-65787bb97f-2jqnw.173fc48b1d690279', 'type': 'Normal', 'message': 'Successfully assigned default/grafana-65787bb97f-2jqnw to minikube', 'dateevent': '2023-02-01 17:48:08+00:00'}
root - WARNING - 

-----------------------------------------
root - WARNING - 

-----------------------------------------
root - WARNING - General Log - 
root - WARNING - {'name': 'grafana-65787bb97f-2jqnw.173fc48b5d76ca24', 'type': 'Normal', 'message': 'Pulling image "grafana/grafana:6.4.2"', 'dateevent': '2023-02-01 17:48:09+00:00'}
root - WARNING - 

-----------------------------------------
root - WARNING - 

-----------------------------------------
root - WARNING - General Log - 
root - WARNING - {'name': 'grafana-65787bb97f-2jqnw.173fc4905672ff94', 'type': 'Normal', 'message': 'Successfully pulled image "grafana/grafana:6.4.2"', 'dateevent': '2023-02-01 17:48:30+00:00'}
root - WARNING - 

-----------------------------------------
root - WARNING - 

-----------------------------------------
root - WARNING - General Log - 
root - WARNING - {'name': 'grafana-65787bb97f-2jqnw.173fc490a2d79301', 'type': 'Normal', 'message': 'Created container grafana', 'dateevent': '2023-02-01 17:48:31+00:00'}
root - WARNING - 

-----------------------------------------
root - WARNING - 

-----------------------------------------
root - WARNING - General Log - 
root - WARNING - {'name': 'grafana-65787bb97f-2jqnw.173fc490ad1f3a2d', 'type': 'Normal', 'message': 'Started container grafana', 'dateevent': '2023-02-01 17:48:32+00:00'}
root - WARNING - 

-----------------------------------------
root - WARNING - 

-----------------------------------------
root - WARNING - General Log - 
root - WARNING - {'name': 'grafana-65787bb97f-2jqnw.173fc4911ee9039b', 'type': 'Warning', 'message': 'Readiness probe failed: Get http://172.17.0.4:3000/api/health: dial tcp 172.17.0.4:3000: connect: connection refused', 'dateevent': '2023-02-01 17:48:33+00:00'}
root - WARNING - 

-----------------------------------------
root - WARNING - 

-----------------------------------------
root - WARNING - General Log - 
root - WARNING - {'name': 'grafana-65787bb97f.173fc48b1cb5e184', 'type': 'Normal', 'message': 'Created pod: grafana-65787bb97f-2jqnw', 'dateevent': '2023-02-01 17:48:08+00:00'}
root - WARNING - 

-----------------------------------------
root - WARNING - 

-----------------------------------------
root - WARNING - General Log - 
root - WARNING - {'name': 'grafana.173fc48b1abf98f7', 'type': 'Normal', 'message': 'Scaled up replica set grafana-65787bb97f to 1', 'dateevent': '2023-02-01 17:48:08+00:00'}
root - WARNING - 

-----------------------------------------
root - WARNING - 

-----------------------------------------
root - WARNING - General Log - 
root - WARNING - {'name': 'ingress-kube-znn.173fc499a98ae7c2', 'type': 'Normal', 'message': 'Configuration for default/ingress-kube-znn was added or updated', 'dateevent': '2023-02-01 17:49:10+00:00'}
root - WARNING - 

-----------------------------------------
root - WARNING - 

-----------------------------------------
root - WARNING - General Log - 
root - WARNING - {'name': 'ingress-kube-znn.173fc499bacc3407', 'type': 'Normal', 'message': 'Configuration for default/ingress-kube-znn was updated ', 'dateevent': '2023-02-01 17:49:10+00:00'}
root - WARNING - 

-----------------------------------------
root - WARNING - 

-----------------------------------------
root - WARNING - General Log - 
root - WARNING - {'name': 'k6-wxcqv.173fc4c5fa166396', 'type': 'Normal', 'message': 'Successfully assigned default/k6-wxcqv to minikube', 'dateevent': '2023-02-01 17:52:20+00:00'}
root - WARNING - 

-----------------------------------------
root - WARNING - 

-----------------------------------------
root - WARNING - General Log - 
root - WARNING - {'name': 'k6-wxcqv.173fc4c62cbc6619', 'type': 'Normal', 'message': 'Pulling image "loadimpact/k6"', 'dateevent': '2023-02-01 17:52:21+00:00'}
root - WARNING - 

-----------------------------------------
root - WARNING - 

-----------------------------------------
root - WARNING - General Log - 
root - WARNING - {'name': 'k6-wxcqv.173fc4c882d93188', 'type': 'Warning', 'message': 'Failed to pull image "loadimpact/k6": rpc error: code = Unknown desc = Error response from daemon: Get "https://registry-1.docker.io/v2/": dial tcp: lookup registry-1.docker.io on 172.27.176.1:53: read udp 172.27.184.37:60146->172.27.176.1:53: i/o timeout', 'dateevent': '2023-02-01 17:52:31+00:00'}
root - WARNING - 

-----------------------------------------
root - WARNING - 

-----------------------------------------
root - WARNING - General Log - 
root - WARNING - {'name': 'k6-wxcqv.173fc4c882d995ec', 'type': 'Warning', 'message': 'Error: ErrImagePull', 'dateevent': '2023-02-01 17:52:31+00:00'}
root - WARNING - 

-----------------------------------------
root - WARNING - 

-----------------------------------------
root - WARNING - General Log - 
root - WARNING - {'name': 'k6-wxcqv.173fc4c8a91e26fd', 'type': 'Normal', 'message': 'Back-off pulling image "loadimpact/k6"', 'dateevent': '2023-02-01 17:52:32+00:00'}
root - WARNING - 

-----------------------------------------
root - WARNING - 

-----------------------------------------
root - WARNING - General Log - 
root - WARNING - {'name': 'k6-wxcqv.173fc4c8a91ebe8c', 'type': 'Warning', 'message': 'Error: ImagePullBackOff', 'dateevent': '2023-02-01 17:52:32+00:00'}
root - WARNING - 

-----------------------------------------
root - WARNING - 

-----------------------------------------
root - WARNING - General Log - 
root - WARNING - {'name': 'k6-wxcqv.173fc4cc3c0389db', 'type': 'Normal', 'message': 'Successfully pulled image "loadimpact/k6"', 'dateevent': '2023-02-01 17:52:47+00:00'}
root - WARNING - 

-----------------------------------------
root - WARNING - 

-----------------------------------------
root - WARNING - General Log - 
root - WARNING - {'name': 'k6-wxcqv.173fc4cc5d0bfdf2', 'type': 'Normal', 'message': 'Created container k6', 'dateevent': '2023-02-01 17:52:48+00:00'}
root - WARNING - 

-----------------------------------------
root - WARNING - 

-----------------------------------------
root - WARNING - General Log - 
root - WARNING - {'name': 'k6-wxcqv.173fc4cc6e928ac1', 'type': 'Normal', 'message': 'Started container k6', 'dateevent': '2023-02-01 17:52:48+00:00'}
root - WARNING - 

-----------------------------------------
root - WARNING - 

-----------------------------------------
root - WARNING - General Log - 
root - WARNING - {'name': 'k6.173fc4c5f986b11f', 'type': 'Normal', 'message': 'Created pod: k6-wxcqv', 'dateevent': '2023-02-01 17:52:20+00:00'}
root - WARNING - 

-----------------------------------------
root - WARNING - 

-----------------------------------------
root - WARNING - General Log - 
root - WARNING - {'name': 'kube-state-metrics-d4dff4b7c-mzfzr.173fc48b1e1ea921', 'type': 'Normal', 'message': 'Successfully assigned default/kube-state-metrics-d4dff4b7c-mzfzr to minikube', 'dateevent': '2023-02-01 17:48:08+00:00'}
root - WARNING - 

-----------------------------------------
root - WARNING - 

-----------------------------------------
root - WARNING - General Log - 
root - WARNING - {'name': 'kube-state-metrics-d4dff4b7c-mzfzr.173fc48b5cd4f8cc', 'type': 'Normal', 'message': 'Pulling image "quay.io/coreos/kube-state-metrics:v1.9.5"', 'dateevent': '2023-02-01 17:48:09+00:00'}
root - WARNING - 

-----------------------------------------
root - WARNING - 

-----------------------------------------
root - WARNING - General Log - 
root - WARNING - {'name': 'kube-state-metrics-d4dff4b7c-mzfzr.173fc48dde64a868', 'type': 'Normal', 'message': 'Successfully pulled image "quay.io/coreos/kube-state-metrics:v1.9.5"', 'dateevent': '2023-02-01 17:48:20+00:00'}
root - WARNING - 

-----------------------------------------
root - WARNING - 

-----------------------------------------
root - WARNING - General Log - 
root - WARNING - {'name': 'kube-state-metrics-d4dff4b7c-mzfzr.173fc48ded9aaf2d', 'type': 'Normal', 'message': 'Created container kube-state-metrics', 'dateevent': '2023-02-01 17:48:20+00:00'}
root - WARNING - 

-----------------------------------------
root - WARNING - 

-----------------------------------------
root - WARNING - General Log - 
root - WARNING - {'name': 'kube-state-metrics-d4dff4b7c-mzfzr.173fc48df8086d9e', 'type': 'Normal', 'message': 'Started container kube-state-metrics', 'dateevent': '2023-02-01 17:48:20+00:00'}
root - WARNING - 

-----------------------------------------
root - WARNING - 

-----------------------------------------
root - WARNING - General Log - 
root - WARNING - {'name': 'kube-state-metrics-d4dff4b7c.173fc48b1d694289', 'type': 'Normal', 'message': 'Created pod: kube-state-metrics-d4dff4b7c-mzfzr', 'dateevent': '2023-02-01 17:48:08+00:00'}
root - WARNING - 

-----------------------------------------
root - WARNING - 

-----------------------------------------
root - WARNING - General Log - 
root - WARNING - {'name': 'kube-state-metrics.173fc48b1cfb3719', 'type': 'Normal', 'message': 'Scaled up replica set kube-state-metrics-d4dff4b7c to 1', 'dateevent': '2023-02-01 17:48:08+00:00'}
root - WARNING - 

-----------------------------------------
root - WARNING - 

-----------------------------------------
root - WARNING - General Log - 
root - WARNING - {'name': 'kube-znn-5fb97667db-vfch5.173fc48b85441fd7', 'type': 'Normal', 'message': 'Successfully assigned default/kube-znn-5fb97667db-vfch5 to minikube', 'dateevent': '2023-02-01 17:48:09+00:00'}
root - WARNING - 

-----------------------------------------
root - WARNING - 

-----------------------------------------
root - WARNING - General Log - 
root - WARNING - {'name': 'kube-znn-5fb97667db-vfch5.173fc48bb5a938f3', 'type': 'Normal', 'message': 'Pulling image "cmendes/znn:800k"', 'dateevent': '2023-02-01 17:48:10+00:00'}
root - WARNING - 

-----------------------------------------
root - WARNING - 

-----------------------------------------
root - WARNING - General Log - 
root - WARNING - {'name': 'kube-znn-5fb97667db-vfch5.173fc493d556ad8f', 'type': 'Normal', 'message': 'Successfully pulled image "cmendes/znn:800k"', 'dateevent': '2023-02-01 17:48:45+00:00'}
root - WARNING - 

-----------------------------------------
root - WARNING - 

-----------------------------------------
root - WARNING - General Log - 
root - WARNING - {'name': 'kube-znn-5fb97667db-vfch5.173fc493f6f3c703', 'type': 'Normal', 'message': 'Created container znn', 'dateevent': '2023-02-01 17:48:46+00:00'}
root - WARNING - 

-----------------------------------------
root - WARNING - 

-----------------------------------------
root - WARNING - General Log - 
root - WARNING - {'name': 'kube-znn-5fb97667db-vfch5.173fc4940248bd3e', 'type': 'Normal', 'message': 'Started container znn', 'dateevent': '2023-02-01 17:48:46+00:00'}
root - WARNING - 

-----------------------------------------
root - WARNING - 

-----------------------------------------
root - WARNING - General Log - 
root - WARNING - {'name': 'kube-znn-5fb97667db-vfch5.173fc4940a113ae0', 'type': 'Normal', 'message': 'Pulling image "openresty/openresty:alpine-fat"', 'dateevent': '2023-02-01 17:48:46+00:00'}
root - WARNING - 

-----------------------------------------
root - WARNING - 

-----------------------------------------
root - WARNING - General Log - 
root - WARNING - {'name': 'kube-znn-5fb97667db-vfch5.173fc4b157a5c476', 'type': 'Warning', 'message': 'Failed to pull image "openresty/openresty:alpine-fat": rpc error: code = Unknown desc = Error response from daemon: Get "https://registry-1.docker.io/v2/": dial tcp: lookup registry-1.docker.io on 172.27.176.1:53: read udp 172.27.184.37:55652->172.27.176.1:53: i/o timeout', 'dateevent': '2023-02-01 17:50:52+00:00'}
root - WARNING - 

-----------------------------------------
root - WARNING - 

-----------------------------------------
root - WARNING - General Log - 
root - WARNING - {'name': 'kube-znn-5fb97667db-vfch5.173fc4b157a60fd9', 'type': 'Warning', 'message': 'Error: ErrImagePull', 'dateevent': '2023-02-01 17:50:52+00:00'}
root - WARNING - 

-----------------------------------------
root - WARNING - 

-----------------------------------------
root - WARNING - General Log - 
root - WARNING - {'name': 'kube-znn-5fb97667db-vfch5.173fc4b16b55b2b6', 'type': 'Normal', 'message': 'Back-off pulling image "openresty/openresty:alpine-fat"', 'dateevent': '2023-02-01 17:50:52+00:00'}
root - WARNING - 

-----------------------------------------
root - WARNING - 

-----------------------------------------
root - WARNING - General Log - 
root - WARNING - {'name': 'kube-znn-5fb97667db-vfch5.173fc4b16b564ef4', 'type': 'Warning', 'message': 'Error: ImagePullBackOff', 'dateevent': '2023-02-01 17:50:52+00:00'}
root - WARNING - 

-----------------------------------------
root - WARNING - 

-----------------------------------------
root - WARNING - General Log - 
root - WARNING - {'name': 'kube-znn-5fb97667db-vfch5.173fc4bb6feafa7b', 'type': 'Warning', 'message': 'Failed to pull image "openresty/openresty:alpine-fat": rpc error: code = Unknown desc = Error response from daemon: Get "https://registry-1.docker.io/v2/": dial tcp: lookup registry-1.docker.io on 172.27.176.1:53: read udp 172.27.184.37:41155->172.27.176.1:53: i/o timeout', 'dateevent': '2023-02-01 17:51:35+00:00'}
root - WARNING - 

-----------------------------------------
root - WARNING - 

-----------------------------------------
root - WARNING - General Log - 
root - WARNING - {'name': 'kube-znn-5fb97667db-vfch5.173fc4c524bdd609', 'type': 'Normal', 'message': 'Successfully pulled image "openresty/openresty:alpine-fat"', 'dateevent': '2023-02-01 17:52:17+00:00'}
root - WARNING - 

-----------------------------------------
root - WARNING - 

-----------------------------------------
root - WARNING - General Log - 
root - WARNING - {'name': 'kube-znn-5fb97667db-vfch5.173fc4c548eb0e5f', 'type': 'Normal', 'message': 'Created container nginx', 'dateevent': '2023-02-01 17:52:18+00:00'}
root - WARNING - 

-----------------------------------------
root - WARNING - 

-----------------------------------------
root - WARNING - General Log - 
root - WARNING - {'name': 'kube-znn-5fb97667db-vfch5.173fc4c557f6e732', 'type': 'Normal', 'message': 'Started container nginx', 'dateevent': '2023-02-01 17:52:18+00:00'}
root - WARNING - 

-----------------------------------------
root - WARNING - 

-----------------------------------------
root - WARNING - General Log - 
root - WARNING - {'name': 'kube-znn-5fb97667db.173fc48b853da768', 'type': 'Normal', 'message': 'Created pod: kube-znn-5fb97667db-vfch5', 'dateevent': '2023-02-01 17:48:09+00:00'}
root - WARNING - 

-----------------------------------------
root - WARNING - 

-----------------------------------------
root - WARNING - General Log - 
root - WARNING - {'name': 'kube-znn-db-6dd8968475-98czf.173fc48b86e23770', 'type': 'Normal', 'message': 'Successfully assigned default/kube-znn-db-6dd8968475-98czf to minikube', 'dateevent': '2023-02-01 17:48:09+00:00'}
root - WARNING - 

-----------------------------------------
root - WARNING - 

-----------------------------------------
root - WARNING - General Log - 
root - WARNING - {'name': 'kube-znn-db-6dd8968475-98czf.173fc48bc549b2c6', 'type': 'Normal', 'message': 'Pulling image "mysql:5.6"', 'dateevent': '2023-02-01 17:48:10+00:00'}
root - WARNING - 

-----------------------------------------
root - WARNING - 

-----------------------------------------
root - WARNING - General Log - 
root - WARNING - {'name': 'kube-znn-db-6dd8968475-98czf.173fc496ebe13079', 'type': 'Normal', 'message': 'Successfully pulled image "mysql:5.6"', 'dateevent': '2023-02-01 17:48:58+00:00'}
root - WARNING - 

-----------------------------------------
root - WARNING - 

-----------------------------------------
root - WARNING - General Log - 
root - WARNING - {'name': 'kube-znn-db-6dd8968475-98czf.173fc4976e855146', 'type': 'Normal', 'message': 'Created container mysql', 'dateevent': '2023-02-01 17:49:01+00:00'}
root - WARNING - 

-----------------------------------------
root - WARNING - 

-----------------------------------------
root - WARNING - General Log - 
root - WARNING - {'name': 'kube-znn-db-6dd8968475-98czf.173fc4977adbacb3', 'type': 'Normal', 'message': 'Started container mysql', 'dateevent': '2023-02-01 17:49:01+00:00'}
root - WARNING - 

-----------------------------------------
root - WARNING - 

-----------------------------------------
root - WARNING - General Log - 
root - WARNING - {'name': 'kube-znn-db-6dd8968475-98czf.173fc497e5563c4d', 'type': 'Warning', 'message': 'Liveness probe failed: dial tcp 172.17.0.8:3306: connect: connection refused', 'dateevent': '2023-02-01 17:49:03+00:00'}
root - WARNING - 

-----------------------------------------
root - WARNING - 

-----------------------------------------
root - WARNING - General Log - 
root - WARNING - {'name': 'kube-znn-db-6dd8968475.173fc48b8683288e', 'type': 'Normal', 'message': 'Created pod: kube-znn-db-6dd8968475-98czf', 'dateevent': '2023-02-01 17:48:09+00:00'}
root - WARNING - 

-----------------------------------------
root - WARNING - 

-----------------------------------------
root - WARNING - General Log - 
root - WARNING - {'name': 'kube-znn-db.173fc48b85aba4dc', 'type': 'Normal', 'message': 'Scaled up replica set kube-znn-db-6dd8968475 to 1', 'dateevent': '2023-02-01 17:48:09+00:00'}
root - WARNING - 

-----------------------------------------
root - WARNING - 

-----------------------------------------
root - WARNING - 

Captured event for znn: 
root - WARNING - {'name': 'kube-znn-db.173fc48b85aba4dc', 'type': 'Normal', 'message': 'Scaled up replica set kube-znn-db-6dd8968475 to 1', 'dateevent': '2023-02-01 17:48:09+00:00', 'image': 'cmendes/znn:800k', 'replicas': 1, 'imageChanges': 0, 'replicasChanges': 1}
root - WARNING - 

-----------------------------------------
root - WARNING - 

-----------------------------------------
root - WARNING - General Log - 
root - WARNING - {'name': 'kube-znn.173fc48b843a9bc6', 'type': 'Normal', 'message': 'Scaled up replica set kube-znn-5fb97667db to 1', 'dateevent': '2023-02-01 17:48:09+00:00'}
root - WARNING - 

-----------------------------------------
root - WARNING - 

-----------------------------------------
root - WARNING - 

Captured event for znn: 
root - WARNING - {'name': 'kube-znn.173fc48b843a9bc6', 'type': 'Normal', 'message': 'Scaled up replica set kube-znn-5fb97667db to 1', 'dateevent': '2023-02-01 17:48:09+00:00', 'image': 'cmendes/znn:800k', 'replicas': 1, 'imageChanges': 0, 'replicasChanges': 1}
root - WARNING - 

-----------------------------------------
root - WARNING - 

-----------------------------------------
root - WARNING - General Log - 
root - WARNING - {'name': 'kubow-548bb5f4b4-796k7.173fc48c08770bab', 'type': 'Normal', 'message': 'Successfully assigned default/kubow-548bb5f4b4-796k7 to minikube', 'dateevent': '2023-02-01 17:48:12+00:00'}
root - WARNING - 

-----------------------------------------
root - WARNING - 

-----------------------------------------
root - WARNING - General Log - 
root - WARNING - {'name': 'kubow-548bb5f4b4-796k7.173fc48c628c3b01', 'type': 'Normal', 'message': 'Pulling image "cmendes/kubow:yellow-2"', 'dateevent': '2023-02-01 17:48:13+00:00'}
root - WARNING - 

-----------------------------------------
root - WARNING - 

-----------------------------------------
root - WARNING - General Log - 
root - WARNING - {'name': 'kubow-548bb5f4b4-796k7.173fc4af02637ad2', 'type': 'Warning', 'message': 'Failed to pull image "cmendes/kubow:yellow-2": rpc error: code = Unknown desc = Error response from daemon: Get "https://registry-1.docker.io/v2/": dial tcp: lookup registry-1.docker.io on 172.27.176.1:53: read udp 172.27.184.37:55103->172.27.176.1:53: i/o timeout', 'dateevent': '2023-02-01 17:50:42+00:00'}
root - WARNING - 

-----------------------------------------
root - WARNING - 

-----------------------------------------
root - WARNING - General Log - 
root - WARNING - {'name': 'kubow-548bb5f4b4-796k7.173fc4af026444c4', 'type': 'Warning', 'message': 'Error: ErrImagePull', 'dateevent': '2023-02-01 17:50:42+00:00'}
root - WARNING - 

-----------------------------------------
root - WARNING - 

-----------------------------------------
root - WARNING - General Log - 
root - WARNING - {'name': 'kubow-548bb5f4b4-796k7.173fc4af0eff477a', 'type': 'Normal', 'message': 'Back-off pulling image "cmendes/kubow:yellow-2"', 'dateevent': '2023-02-01 17:50:42+00:00'}
root - WARNING - 

-----------------------------------------
root - WARNING - 

-----------------------------------------
root - WARNING - General Log - 
root - WARNING - {'name': 'kubow-548bb5f4b4-796k7.173fc4af0f000c57', 'type': 'Warning', 'message': 'Error: ImagePullBackOff', 'dateevent': '2023-02-01 17:50:42+00:00'}
root - WARNING - 

-----------------------------------------
root - WARNING - 

-----------------------------------------
root - WARNING - General Log - 
root - WARNING - {'name': 'kubow-548bb5f4b4-796k7.173fc4b91a60398c', 'type': 'Normal', 'message': 'Successfully pulled image "cmendes/kubow:yellow-2"', 'dateevent': '2023-02-01 17:51:25+00:00'}
root - WARNING - 

-----------------------------------------
root - WARNING - 

-----------------------------------------
root - WARNING - General Log - 
root - WARNING - {'name': 'kubow-548bb5f4b4-796k7.173fc4ba3f071dde', 'type': 'Normal', 'message': 'Created container kubow', 'dateevent': '2023-02-01 17:51:30+00:00'}
root - WARNING - 

-----------------------------------------
root - WARNING - 

-----------------------------------------
root - WARNING - General Log - 
root - WARNING - {'name': 'kubow-548bb5f4b4-796k7.173fc4ba4d748aec', 'type': 'Normal', 'message': 'Started container kubow', 'dateevent': '2023-02-01 17:51:30+00:00'}
root - WARNING - 

-----------------------------------------
root - WARNING - 

-----------------------------------------
root - WARNING - General Log - 
root - WARNING - {'name': 'kubow-548bb5f4b4.173fc48c0848c0ab', 'type': 'Normal', 'message': 'Created pod: kubow-548bb5f4b4-796k7', 'dateevent': '2023-02-01 17:48:12+00:00'}
root - WARNING - 

-----------------------------------------
root - WARNING - 

-----------------------------------------
root - WARNING - General Log - 
root - WARNING - {'name': 'kubow.173fc48c07f0a6fc', 'type': 'Normal', 'message': 'Scaled up replica set kubow-548bb5f4b4 to 1', 'dateevent': '2023-02-01 17:48:12+00:00'}
root - WARNING - 

-----------------------------------------
root - WARNING - 

-----------------------------------------
root - WARNING - General Log - 
root - WARNING - {'name': 'minikube.173fc483d90eabfd', 'type': 'Normal', 'message': 'Node minikube status is now: NodeHasSufficientMemory', 'dateevent': '2023-02-01 17:47:47+00:00'}
root - WARNING - 

-----------------------------------------
root - WARNING - 

-----------------------------------------
root - WARNING - General Log - 
root - WARNING - {'name': 'minikube.173fc483d90ecad8', 'type': 'Normal', 'message': 'Node minikube status is now: NodeHasNoDiskPressure', 'dateevent': '2023-02-01 17:47:46+00:00'}
root - WARNING - 

-----------------------------------------
root - WARNING - 

-----------------------------------------
root - WARNING - General Log - 
root - WARNING - {'name': 'minikube.173fc483d90edd98', 'type': 'Normal', 'message': 'Node minikube status is now: NodeHasSufficientPID', 'dateevent': '2023-02-01 17:47:47+00:00'}
root - WARNING - 

-----------------------------------------
root - WARNING - 

-----------------------------------------
root - WARNING - General Log - 
root - WARNING - {'name': 'minikube.173fc489e1db54df', 'type': 'Normal', 'message': 'Node minikube event: Registered Node minikube in Controller', 'dateevent': '2023-02-01 17:48:02+00:00'}
root - WARNING - 

-----------------------------------------
root - WARNING - 

-----------------------------------------
root - WARNING - General Log - 
root - WARNING - {'name': 'minikube.173fc48a167d0520', 'type': 'Normal', 'message': 'Starting kube-proxy.', 'dateevent': '2023-02-01 17:48:03+00:00'}
root - WARNING - 

-----------------------------------------
root - WARNING - 

-----------------------------------------
root - WARNING - General Log - 
root - WARNING - {'name': 'nginx-config.173fc499bacb937d', 'type': 'Normal', 'message': 'Configuration from default/nginx-config was updated ', 'dateevent': '2023-02-01 17:49:10+00:00'}
root - WARNING - 

-----------------------------------------
root - WARNING - 

-----------------------------------------
root - WARNING - General Log - 
root - WARNING - {'name': 'nginx-ingress-8558d96667-696hm.173fc48ba2cd0528', 'type': 'Normal', 'message': 'Successfully assigned default/nginx-ingress-8558d96667-696hm to minikube', 'dateevent': '2023-02-01 17:48:10+00:00'}
root - WARNING - 

-----------------------------------------
root - WARNING - 

-----------------------------------------
root - WARNING - General Log - 
root - WARNING - {'name': 'nginx-ingress-8558d96667-696hm.173fc48bdd869114', 'type': 'Normal', 'message': 'Pulling image "nginx/nginx-ingress:1.7.0"', 'dateevent': '2023-02-01 17:48:11+00:00'}
root - WARNING - 

-----------------------------------------
root - WARNING - 

-----------------------------------------
root - WARNING - General Log - 
root - WARNING - {'name': 'nginx-ingress-8558d96667-696hm.173fc499229962aa', 'type': 'Normal', 'message': 'Successfully pulled image "nginx/nginx-ingress:1.7.0"', 'dateevent': '2023-02-01 17:49:08+00:00'}
root - WARNING - 

-----------------------------------------
root - WARNING - 

-----------------------------------------
root - WARNING - General Log - 
root - WARNING - {'name': 'nginx-ingress-8558d96667-696hm.173fc4998a488caf', 'type': 'Normal', 'message': 'Created container nginx-ingress', 'dateevent': '2023-02-01 17:49:10+00:00'}
root - WARNING - 

-----------------------------------------
root - WARNING - 

-----------------------------------------
root - WARNING - General Log - 
root - WARNING - {'name': 'nginx-ingress-8558d96667-696hm.173fc499967aec36', 'type': 'Normal', 'message': 'Started container nginx-ingress', 'dateevent': '2023-02-01 17:49:10+00:00'}
root - WARNING - 

-----------------------------------------
root - WARNING - 

-----------------------------------------
root - WARNING - General Log - 
root - WARNING - {'name': 'nginx-ingress-8558d96667.173fc48b9d569664', 'type': 'Warning', 'message': 'Error creating: pods "nginx-ingress-8558d96667-" is forbidden: error looking up service account default/nginx-ingress: serviceaccount "nginx-ingress" not found', 'dateevent': '2023-02-01 17:48:10+00:00'}
root - WARNING - 

-----------------------------------------
root - WARNING - 

-----------------------------------------
root - WARNING - General Log - 
root - WARNING - {'name': 'nginx-ingress-8558d96667.173fc48ba25ec660', 'type': 'Normal', 'message': 'Created pod: nginx-ingress-8558d96667-696hm', 'dateevent': '2023-02-01 17:48:10+00:00'}
root - WARNING - 

-----------------------------------------
root - WARNING - 

-----------------------------------------
root - WARNING - General Log - 
root - WARNING - {'name': 'nginx-ingress.173fc48b9cb7cbcf', 'type': 'Normal', 'message': 'Scaled up replica set nginx-ingress-8558d96667 to 1', 'dateevent': '2023-02-01 17:48:10+00:00'}
root - WARNING - 

-----------------------------------------
root - WARNING - 

-----------------------------------------
root - WARNING - General Log - 
root - WARNING - {'name': 'prometheus-ffc965799-f8bxx.173fc48b20e55146', 'type': 'Normal', 'message': 'Successfully assigned default/prometheus-ffc965799-f8bxx to minikube', 'dateevent': '2023-02-01 17:48:08+00:00'}
root - WARNING - 

-----------------------------------------
root - WARNING - 

-----------------------------------------
root - WARNING - General Log - 
root - WARNING - {'name': 'prometheus-ffc965799-f8bxx.173fc48b5f2d9339', 'type': 'Normal', 'message': 'Pulling image "prom/prometheus:v2.16.0"', 'dateevent': '2023-02-01 17:48:09+00:00'}
root - WARNING - 

-----------------------------------------
root - WARNING - 

-----------------------------------------
root - WARNING - General Log - 
root - WARNING - {'name': 'prometheus-ffc965799-f8bxx.173fc49246a31b85', 'type': 'Normal', 'message': 'Successfully pulled image "prom/prometheus:v2.16.0"', 'dateevent': '2023-02-01 17:48:38+00:00'}
root - WARNING - 

-----------------------------------------
root - WARNING - 

-----------------------------------------
root - WARNING - General Log - 
root - WARNING - {'name': 'prometheus-ffc965799-f8bxx.173fc492764ac67f', 'type': 'Normal', 'message': 'Created container prometheus', 'dateevent': '2023-02-01 17:48:39+00:00'}
root - WARNING - 

-----------------------------------------
root - WARNING - 

-----------------------------------------
root - WARNING - General Log - 
root - WARNING - {'name': 'prometheus-ffc965799-f8bxx.173fc4928258e463', 'type': 'Normal', 'message': 'Started container prometheus', 'dateevent': '2023-02-01 17:48:39+00:00'}
root - WARNING - 

-----------------------------------------
root - WARNING - 

-----------------------------------------
root - WARNING - General Log - 
root - WARNING - {'name': 'prometheus-ffc965799.173fc48b1fa9b9f0', 'type': 'Normal', 'message': 'Created pod: prometheus-ffc965799-f8bxx', 'dateevent': '2023-02-01 17:48:08+00:00'}
root - WARNING - 

-----------------------------------------
root - WARNING - 

-----------------------------------------
root - WARNING - General Log - 
root - WARNING - {'name': 'prometheus.173fc48b1f17dde3', 'type': 'Normal', 'message': 'Scaled up replica set prometheus-ffc965799 to 1', 'dateevent': '2023-02-01 17:48:08+00:00'}
root - WARNING - 

-----------------------------------------
root - WARNING - 

-----------------------------------------
root - WARNING - General Log - 
root - WARNING - {'name': 'coredns-5644d7b6d9-hmsm5.173fc489d933e7e0', 'type': 'Warning', 'message': "0/1 nodes are available: 1 node(s) had taints that the pod didn't tolerate.", 'dateevent': '2023-02-01 17:48:02+00:00'}
root - WARNING - 

-----------------------------------------
root - WARNING - 

-----------------------------------------
root - WARNING - General Log - 
root - WARNING - {'name': 'coredns-5644d7b6d9-hmsm5.173fc48a2432caf7', 'type': 'Normal', 'message': 'Successfully assigned kube-system/coredns-5644d7b6d9-hmsm5 to minikube', 'dateevent': '2023-02-01 17:48:03+00:00'}
root - WARNING - 

-----------------------------------------
root - WARNING - 

-----------------------------------------
root - WARNING - General Log - 
root - WARNING - {'name': 'coredns-5644d7b6d9-hmsm5.173fc48a4a5f9d9c', 'type': 'Normal', 'message': 'Container image "k8s.gcr.io/coredns:1.6.2" already present on machine', 'dateevent': '2023-02-01 17:48:04+00:00'}
root - WARNING - 

-----------------------------------------
root - WARNING - 

-----------------------------------------
root - WARNING - General Log - 
root - WARNING - {'name': 'coredns-5644d7b6d9-hmsm5.173fc48a50c0ecd5', 'type': 'Normal', 'message': 'Created container coredns', 'dateevent': '2023-02-01 17:48:04+00:00'}
root - WARNING - 

-----------------------------------------
root - WARNING - 

-----------------------------------------
root - WARNING - General Log - 
root - WARNING - {'name': 'coredns-5644d7b6d9-hmsm5.173fc48a59ba3da0', 'type': 'Normal', 'message': 'Started container coredns', 'dateevent': '2023-02-01 17:48:04+00:00'}
root - WARNING - 

-----------------------------------------
root - WARNING - 

-----------------------------------------
root - WARNING - General Log - 
root - WARNING - {'name': 'coredns-5644d7b6d9.173fc489d956b4d6', 'type': 'Normal', 'message': 'Created pod: coredns-5644d7b6d9-hmsm5', 'dateevent': '2023-02-01 17:48:02+00:00'}
root - WARNING - 

-----------------------------------------
root - WARNING - 

-----------------------------------------
root - WARNING - General Log - 
root - WARNING - {'name': 'coredns.173fc489d7decdd2', 'type': 'Normal', 'message': 'Scaled up replica set coredns-5644d7b6d9 to 1', 'dateevent': '2023-02-01 17:48:02+00:00'}
root - WARNING - 

-----------------------------------------
root - WARNING - 

-----------------------------------------
root - WARNING - General Log - 
root - WARNING - {'name': 'etcd-minikube.173fc484db0a4124', 'type': 'Normal', 'message': 'Container image "k8s.gcr.io/etcd:3.3.15-0" already present on machine', 'dateevent': '2023-02-01 17:47:50+00:00'}
root - WARNING - 

-----------------------------------------
root - WARNING - 

-----------------------------------------
root - WARNING - General Log - 
root - WARNING - {'name': 'etcd-minikube.173fc484dfaf4ea2', 'type': 'Normal', 'message': 'Created container etcd', 'dateevent': '2023-02-01 17:47:51+00:00'}
root - WARNING - 

-----------------------------------------
root - WARNING - 

-----------------------------------------
root - WARNING - General Log - 
root - WARNING - {'name': 'etcd-minikube.173fc484edfce89d', 'type': 'Normal', 'message': 'Started container etcd', 'dateevent': '2023-02-01 17:47:52+00:00'}
root - WARNING - 

-----------------------------------------
root - WARNING - 

-----------------------------------------
root - WARNING - General Log - 
root - WARNING - {'name': 'k8s.io-minikube-hostpath.173fc49139da702d', 'type': 'Normal', 'message': 'minikube_95a62d7c-a36d-4059-804e-cbb635dff96b became leader', 'dateevent': '2023-02-01 17:48:34+00:00'}
root - WARNING - 

-----------------------------------------
root - WARNING - 

-----------------------------------------
root - WARNING - General Log - 
root - WARNING - {'name': 'kube-apiserver-minikube.173fc484d9ba6966', 'type': 'Normal', 'message': 'Container image "k8s.gcr.io/kube-apiserver:v1.16.10" already present on machine', 'dateevent': '2023-02-01 17:47:50+00:00'}
root - WARNING - 

-----------------------------------------
root - WARNING - 

-----------------------------------------
root - WARNING - General Log - 
root - WARNING - {'name': 'kube-apiserver-minikube.173fc484dfae368f', 'type': 'Normal', 'message': 'Created container kube-apiserver', 'dateevent': '2023-02-01 17:47:50+00:00'}
root - WARNING - 

-----------------------------------------
root - WARNING - 

-----------------------------------------
root - WARNING - General Log - 
root - WARNING - {'name': 'kube-apiserver-minikube.173fc484eddf4b0b', 'type': 'Normal', 'message': 'Started container kube-apiserver', 'dateevent': '2023-02-01 17:47:51+00:00'}
root - WARNING - 

-----------------------------------------
root - WARNING - 

-----------------------------------------
root - WARNING - General Log - 
root - WARNING - {'name': 'kube-controller-manager-minikube.173fc484d96177b1', 'type': 'Normal', 'message': 'Container image "k8s.gcr.io/kube-controller-manager:v1.16.10" already present on machine', 'dateevent': '2023-02-01 17:47:50+00:00'}
root - WARNING - 

-----------------------------------------
root - WARNING - 

-----------------------------------------
root - WARNING - General Log - 
root - WARNING - {'name': 'kube-controller-manager-minikube.173fc484de3e3b8c', 'type': 'Normal', 'message': 'Created container kube-controller-manager', 'dateevent': '2023-02-01 17:47:50+00:00'}
root - WARNING - 

-----------------------------------------
root - WARNING - 

-----------------------------------------
root - WARNING - General Log - 
root - WARNING - {'name': 'kube-controller-manager-minikube.173fc484e7c66451', 'type': 'Normal', 'message': 'Started container kube-controller-manager', 'dateevent': '2023-02-01 17:47:51+00:00'}
root - WARNING - 

-----------------------------------------
root - WARNING - 

-----------------------------------------
root - WARNING - General Log - 
root - WARNING - {'name': 'kube-proxy-mqvpp.173fc489e2fa1161', 'type': 'Normal', 'message': 'Successfully assigned kube-system/kube-proxy-mqvpp to minikube', 'dateevent': '2023-02-01 17:48:02+00:00'}
root - WARNING - 

-----------------------------------------
root - WARNING - 

-----------------------------------------
root - WARNING - General Log - 
root - WARNING - {'name': 'kube-proxy-mqvpp.173fc48a0620a634', 'type': 'Normal', 'message': 'Container image "k8s.gcr.io/kube-proxy:v1.16.10" already present on machine', 'dateevent': '2023-02-01 17:48:03+00:00'}
root - WARNING - 

-----------------------------------------
root - WARNING - 

-----------------------------------------
root - WARNING - General Log - 
root - WARNING - {'name': 'kube-proxy-mqvpp.173fc48a09fa7fbf', 'type': 'Normal', 'message': 'Created container kube-proxy', 'dateevent': '2023-02-01 17:48:03+00:00'}
root - WARNING - 

-----------------------------------------
root - WARNING - 

-----------------------------------------
root - WARNING - General Log - 
root - WARNING - {'name': 'kube-proxy-mqvpp.173fc48a11da8a5f', 'type': 'Normal', 'message': 'Started container kube-proxy', 'dateevent': '2023-02-01 17:48:03+00:00'}
root - WARNING - 

-----------------------------------------
root - WARNING - 

-----------------------------------------
root - WARNING - General Log - 
root - WARNING - {'name': 'kube-proxy.173fc489e2892477', 'type': 'Normal', 'message': 'Created pod: kube-proxy-mqvpp', 'dateevent': '2023-02-01 17:48:02+00:00'}
root - WARNING - 

-----------------------------------------
root - WARNING - 

-----------------------------------------
root - WARNING - General Log - 
root - WARNING - {'name': 'kube-scheduler-minikube.173fc484d9390c86', 'type': 'Normal', 'message': 'Container image "k8s.gcr.io/kube-scheduler:v1.16.10" already present on machine', 'dateevent': '2023-02-01 17:47:49+00:00'}
root - WARNING - 

-----------------------------------------
root - WARNING - 

-----------------------------------------
root - WARNING - General Log - 
root - WARNING - {'name': 'kube-scheduler-minikube.173fc484dfae750f', 'type': 'Normal', 'message': 'Created container kube-scheduler', 'dateevent': '2023-02-01 17:47:51+00:00'}
root - WARNING - 

-----------------------------------------
root - WARNING - 

-----------------------------------------
root - WARNING - General Log - 
root - WARNING - {'name': 'kube-scheduler-minikube.173fc484ed529e7f', 'type': 'Normal', 'message': 'Started container kube-scheduler', 'dateevent': '2023-02-01 17:47:51+00:00'}
root - WARNING - 

-----------------------------------------
root - WARNING - 

-----------------------------------------
root - WARNING - General Log - 
root - WARNING - {'name': 'metrics-server-5cf6f65ffd-976v7.173fc48b1b4c4f2c', 'type': 'Normal', 'message': 'Successfully assigned kube-system/metrics-server-5cf6f65ffd-976v7 to minikube', 'dateevent': '2023-02-01 17:48:08+00:00'}
root - WARNING - 

-----------------------------------------
root - WARNING - 

-----------------------------------------
root - WARNING - General Log - 
root - WARNING - {'name': 'metrics-server-5cf6f65ffd-976v7.173fc48b4f10b09a', 'type': 'Normal', 'message': 'Pulling image "k8s.gcr.io/metrics-server-amd64:v0.3.6"', 'dateevent': '2023-02-01 17:48:09+00:00'}
root - WARNING - 

-----------------------------------------
root - WARNING - 

-----------------------------------------
root - WARNING - General Log - 
root - WARNING - {'name': 'metrics-server-5cf6f65ffd-976v7.173fc48cac818930', 'type': 'Normal', 'message': 'Successfully pulled image "k8s.gcr.io/metrics-server-amd64:v0.3.6"', 'dateevent': '2023-02-01 17:48:14+00:00'}
root - WARNING - 

-----------------------------------------
root - WARNING - 

-----------------------------------------
root - WARNING - General Log - 
root - WARNING - {'name': 'metrics-server-5cf6f65ffd-976v7.173fc48cc0b20153', 'type': 'Normal', 'message': 'Created container metrics-server', 'dateevent': '2023-02-01 17:48:15+00:00'}
root - WARNING - 

-----------------------------------------
root - WARNING - 

-----------------------------------------
root - WARNING - General Log - 
root - WARNING - {'name': 'metrics-server-5cf6f65ffd-976v7.173fc48ccd3622e9', 'type': 'Normal', 'message': 'Started container metrics-server', 'dateevent': '2023-02-01 17:48:15+00:00'}
root - WARNING - 

-----------------------------------------
root - WARNING - 

-----------------------------------------
root - WARNING - General Log - 
root - WARNING - {'name': 'metrics-server-5cf6f65ffd.173fc48b1a73d86b', 'type': 'Normal', 'message': 'Created pod: metrics-server-5cf6f65ffd-976v7', 'dateevent': '2023-02-01 17:48:08+00:00'}
root - WARNING - 

-----------------------------------------
root - WARNING - 

-----------------------------------------
root - WARNING - General Log - 
root - WARNING - {'name': 'metrics-server.173fc48b1a430fc5', 'type': 'Normal', 'message': 'Scaled up replica set metrics-server-5cf6f65ffd to 1', 'dateevent': '2023-02-01 17:48:08+00:00'}
root - WARNING - 

-----------------------------------------
root - WARNING - 

-----------------------------------------
root - WARNING - General Log - 
root - WARNING - {'name': 'storage-provisioner.173fc48744f70390', 'type': 'Warning', 'message': "0/1 nodes are available: 1 node(s) had taints that the pod didn't tolerate.", 'dateevent': '2023-02-01 17:47:51+00:00'}
root - WARNING - 

-----------------------------------------
root - WARNING - 

-----------------------------------------
root - WARNING - General Log - 
root - WARNING - {'name': 'storage-provisioner.173fc489e284f498', 'type': 'Normal', 'message': 'Successfully assigned kube-system/storage-provisioner to minikube', 'dateevent': '2023-02-01 17:48:02+00:00'}
root - WARNING - 

-----------------------------------------
root - WARNING - 

-----------------------------------------
root - WARNING - General Log - 
root - WARNING - {'name': 'storage-provisioner.173fc48a05e946d8', 'type': 'Normal', 'message': 'Container image "gcr.io/k8s-minikube/storage-provisioner:v5" already present on machine', 'dateevent': '2023-02-01 17:48:03+00:00'}
root - WARNING - 

-----------------------------------------
root - WARNING - 

-----------------------------------------
root - WARNING - General Log - 
root - WARNING - {'name': 'storage-provisioner.173fc48a09fb1817', 'type': 'Normal', 'message': 'Created container storage-provisioner', 'dateevent': '2023-02-01 17:48:03+00:00'}
root - WARNING - 

-----------------------------------------
root - WARNING - 

-----------------------------------------
root - WARNING - General Log - 
root - WARNING - {'name': 'storage-provisioner.173fc48a135a14dd', 'type': 'Normal', 'message': 'Started container storage-provisioner', 'dateevent': '2023-02-01 17:48:03+00:00'}
root - WARNING - 

-----------------------------------------
root - WARNING - 

-----------------------------------------
root - WARNING - An exception occurred
root - WARNING - Error: <class 'urllib3.exceptions.ReadTimeoutError'>
root - WARNING - 

-----------------------------------------
root - WARNING - 

Data collection
root - WARNING - Datetime:
root - WARNING - 20230201_145851
root - WARNING - {'name': 'Kube-znn', 'period': 0, 'initialreplicas': 1, 'initialimage': 'cmendes/znn:800k', 'initialreplicasChanges': '0', 'initialimageChanges': '0', 'initialevent': '20230201_145250', 'current_replicas': 1, 'current_image': 'cmendes/znn:800k', 'finalreplicasChanges': 1, 'finalimageChanges': 0, 'finalevent': '20230201_145851'}
root - WARNING - 

-----------------------------------------
root - WARNING - 

-----------------------------------------
root - WARNING - Generating logs for Kubow and K6.
root - WARNING - File k6-wxcqv_tracing_20230201_145250.loghas been generated.
root - WARNING - File kubow-548bb5f4b4-796k7_tracing_20230201_145250.loghas been generated.
root - WARNING - Finished pod stream.
root - WARNING - 

-----------------------------------------
