Reading file: automatingDataGeneration.sh
Reading file: CLong10
Reading file: CLong10.7z
Reading file: Evaluation-ZNN.7z
Reading file: fidelitya-778c6c6b8b-58m6l_tracing_20230128_231748.log

fidelitya data

2023-01-29 02:20:10 : t0:raiseFidelity

2023-01-29 02:20:15 : t0:raiseFidelity

2023-01-29 02:20:45 : t0:raiseFidelity

2023-01-29 02:20:50 : t0:raiseFidelity

2023-01-29 02:20:55 : t0:raiseFidelity

2023-01-29 02:21:00 : t0:raiseFidelity

2023-01-29 02:21:05 : t0:raiseFidelity

2023-01-29 02:21:10 : t0:raiseFidelity

2023-01-29 02:21:15 : t0:raiseFidelity

2023-01-29 02:21:20 : t0:raiseFidelity

2023-01-29 02:21:25 : t0:raiseFidelity

2023-01-29 02:21:30 : t0:raiseFidelity

2023-01-29 02:21:35 : t0:raiseFidelity

2023-01-29 02:21:40 : t0:raiseFidelity

2023-01-29 02:21:45 : t0:raiseFidelity

2023-01-29 02:21:50 : t0:raiseFidelity

2023-01-29 02:21:55 : t0:raiseFidelity

2023-01-29 02:22:00 : t0:raiseFidelity

2023-01-29 02:22:05 : t0:raiseFidelity

2023-01-29 02:22:10 : t0:raiseFidelity

2023-01-29 02:22:15 : t0:raiseFidelity

2023-01-29 02:22:20 : t0:raiseFidelity

2023-01-29 02:22:25 : t0:raiseFidelity

2023-01-29 02:22:30 : t0:raiseFidelity

2023-01-29 02:22:35 : t0:raiseFidelity

2023-01-29 02:22:40 : t0:raiseFidelity

2023-01-29 02:22:45 : t0:raiseFidelity

2023-01-29 02:22:50 : t0:raiseFidelity

2023-01-29 02:22:55 : t0:raiseFidelity

2023-01-29 02:23:00 : t0:raiseFidelity

2023-01-29 02:23:05 : t0:raiseFidelity

2023-01-29 02:23:10 : t0:raiseFidelity

2023-01-29 02:23:15 : t0:raiseFidelity

2023-01-29 02:23:20 : t0:raiseFidelity

2023-01-29 02:23:25 : t0:raiseFidelity

2023-01-29 02:23:30 : t0:raiseFidelity

2023-01-29 02:23:35 : t0:raiseFidelity

2023-01-29 02:23:40 : t0:raiseFidelity

2023-01-29 02:23:45 : t0:raiseFidelity

2023-01-29 02:23:50 : t0:raiseFidelity

2023-01-29 02:23:55 : t0:raiseFidelity

2023-01-29 02:24:00 : t0:raiseFidelity

2023-01-29 02:24:05 : t0:raiseFidelity

2023-01-29 02:24:10 : t0:raiseFidelity

2023-01-29 02:24:15 : t0:raiseFidelity

2023-01-29 02:24:20 : t0:raiseFidelity

2023-01-29 02:24:25 : t0:raiseFidelity

2023-01-29 02:24:30 : t0:raiseFidelity

Reading file: generateLogs121929
Reading file: generateLogs124558
Reading file: generateLogs131507
Reading file: generateLogs134342
Reading file: generateLogs140938
Reading file: generateLogs144032
Reading file: generateLogs150618
Reading file: generateLogs153301
Reading file: generateLogs155714
Reading file: generateLogs162553
Reading file: generateLogs164354
Reading file: generateLogs171441
Reading file: generateLogs174448
Reading file: generateLogs181031
Reading file: generateLogs184508
Reading file: generateLogs190356
Reading file: generateLogs192553
Reading file: generateLogs195446
Reading file: generateLogs2.sh
Reading file: generateLogs202030
Reading file: generateLogs205105
Reading file: generateLogs211405
Reading file: generateLogs214402
Reading file: generateLogs221119
Reading file: generateLogs225030
Reading file: generateLogs230943
Reading file: k6-rw54f_tracing_20230128_231748.log
Reading file: metacontroller-kubow-8479d7588d-4zmjw_tracing_20230128_231748.log

MetaController data

2023-01-29 02:18:39 : t0:activateLowScalabilityHighQuality

2023-01-29 02:18:49 : t0:addLowScalabilityLowQuality

2023-01-29 02:19:39 : t0:addHighScalabilityHighQuality

Reading file: README.md
Reading file: scalabilitya-78d6cbbc7d-tzv5r_tracing_20230128_231748.log

scalabilitya data

2023-01-29 02:20:08 : t0:addReplica

Reading file: summary-trace-znn.log
Reading file: temp
Reading file: temp2701
Reading file: test
Reading file: tools
Reading file: traceznn_20230128_231748.log

Trace znn data

{'name': 'kube-znn-db.173ea5d2a0439558', 'type': 'Normal', 'message': 'Scaled up replica set kube-znn-db-6cc48797cf to 1', 'dateevent': '2023-01-29 02:13:55+00:00', 'image': 'cmendes/znn:800k', 'replicas': 1, 'imageChanges': 0, 'replicasChanges': 1}

{'name': 'kube-znn.173ea5d29ea4aa48', 'type': 'Normal', 'message': 'Scaled up replica set kube-znn-68bd9d6b5b to 1', 'dateevent': '2023-01-29 02:13:55+00:00', 'image': 'cmendes/znn:800k', 'replicas': 1, 'imageChanges': 0, 'replicasChanges': 1}

{'name': 'kube-znn.173ea60abae3c26d', 'type': 'Normal', 'message': 'Scaled up replica set kube-znn-68bd9d6b5b to 2', 'dateevent': '2023-01-29 02:17:56+00:00', 'image': 'cmendes/znn:800k', 'replicas': 2, 'imageChanges': 0, 'replicasChanges': 2}

{'name': 'kube-znn.173ea60b9d43e9da', 'type': 'Normal', 'message': 'Scaled up replica set kube-znn-68bd9d6b5b to 3', 'dateevent': '2023-01-29 02:18:00+00:00', 'image': 'cmendes/znn:800k', 'replicas': 3, 'imageChanges': 0, 'replicasChanges': 3}

{'name': 'kube-znn.173ea60cc83c3da0', 'type': 'Normal', 'message': 'Scaled up replica set kube-znn-68bd9d6b5b to 4', 'dateevent': '2023-01-29 02:18:05+00:00', 'image': 'cmendes/znn:800k', 'replicas': 4, 'imageChanges': 0, 'replicasChanges': 4}

{'name': 'kube-znn.173ea60df17be59d', 'type': 'Normal', 'message': 'Scaled up replica set kube-znn-68bd9d6b5b to 5', 'dateevent': '2023-01-29 02:18:10+00:00', 'image': 'cmendes/znn:800k', 'replicas': 5, 'imageChanges': 0, 'replicasChanges': 5}

{'name': 'kube-znn.173ea60f183ab797', 'type': 'Normal', 'message': 'Scaled up replica set kube-znn-68bd9d6b5b to 6', 'dateevent': '2023-01-29 02:18:15+00:00', 'image': 'cmendes/znn:800k', 'replicas': 6, 'imageChanges': 0, 'replicasChanges': 6}

{'name': 'kube-znn.173ea61044159f8a', 'type': 'Normal', 'message': 'Scaled up replica set kube-znn-68bd9d6b5b to 7', 'dateevent': '2023-01-29 02:18:20+00:00', 'image': 'cmendes/znn:800k', 'replicas': 7, 'imageChanges': 0, 'replicasChanges': 7}

{'name': 'kube-znn.173ea6116f7d5b90', 'type': 'Normal', 'message': 'Scaled up replica set kube-znn-68bd9d6b5b to 8', 'dateevent': '2023-01-29 02:18:25+00:00', 'image': 'cmendes/znn:800k', 'replicas': 8, 'imageChanges': 0, 'replicasChanges': 8}

{'name': 'kube-znn.173ea61299d6a485', 'type': 'Normal', 'message': 'Scaled up replica set kube-znn-68bd9d6b5b to 9', 'dateevent': '2023-01-29 02:18:30+00:00', 'image': 'cmendes/znn:800k', 'replicas': 9, 'imageChanges': 0, 'replicasChanges': 9}

{'name': 'kube-znn.173ea613c02be985', 'type': 'Normal', 'message': '(combined from similar events): Scaled up replica set kube-znn-68bd9d6b5b to 10', 'dateevent': '2023-01-29 02:18:35+00:00', 'image': 'cmendes/znn:800k', 'replicas': 10, 'imageChanges': 0, 'replicasChanges': 10}

{'name': 'kube-znn.173ea613c02be985', 'type': 'Normal', 'message': '(combined from similar events): Scaled up replica set kube-znn-7cbbf89f8 to 3', 'dateevent': '2023-01-29 02:18:35+00:00', 'image': 'cmendes/znn:600k', 'replicas': 10, 'imageChanges': 1, 'replicasChanges': 10}

{'name': 'kube-znn.173ea613c02be985', 'type': 'Normal', 'message': '(combined from similar events): Scaled down replica set kube-znn-68bd9d6b5b to 8', 'dateevent': '2023-01-29 02:18:35+00:00', 'image': 'cmendes/znn:600k', 'replicas': 10, 'imageChanges': 1, 'replicasChanges': 10}

{'name': 'kube-znn.173ea613c02be985', 'type': 'Normal', 'message': '(combined from similar events): Scaled up replica set kube-znn-7cbbf89f8 to 5', 'dateevent': '2023-01-29 02:18:35+00:00', 'image': 'cmendes/znn:600k', 'replicas': 10, 'imageChanges': 1, 'replicasChanges': 10}

{'name': 'kube-znn.173ea613c02be985', 'type': 'Normal', 'message': '(combined from similar events): Scaled down replica set kube-znn-68bd9d6b5b to 3', 'dateevent': '2023-01-29 02:18:35+00:00', 'image': 'cmendes/znn:600k', 'replicas': 4, 'imageChanges': 1, 'replicasChanges': 11}

{'name': 'kube-znn.173ea613c02be985', 'type': 'Normal', 'message': '(combined from similar events): Scaled down replica set kube-znn-7cbbf89f8 to 2', 'dateevent': '2023-01-29 02:18:35+00:00', 'image': 'cmendes/znn:600k', 'replicas': 4, 'imageChanges': 1, 'replicasChanges': 11}

{'name': 'kube-znn.173ea613c02be985', 'type': 'Normal', 'message': '(combined from similar events): Scaled down replica set kube-znn-68bd9d6b5b to 2', 'dateevent': '2023-01-29 02:18:35+00:00', 'image': 'cmendes/znn:600k', 'replicas': 4, 'imageChanges': 1, 'replicasChanges': 11}

{'name': 'kube-znn.173ea62744332a80', 'type': 'Normal', 'message': 'Scaled up replica set kube-znn-7cbbf89f8 to 3', 'dateevent': '2023-01-29 02:19:59+00:00', 'image': 'cmendes/znn:600k', 'replicas': 4, 'imageChanges': 1, 'replicasChanges': 11}

{'name': 'kube-znn.173ea613c02be985', 'type': 'Normal', 'message': '(combined from similar events): Scaled down replica set kube-znn-68bd9d6b5b to 1', 'dateevent': '2023-01-29 02:18:35+00:00', 'image': 'cmendes/znn:600k', 'replicas': 4, 'imageChanges': 1, 'replicasChanges': 11}

{'name': 'kube-znn.173ea613c02be985', 'type': 'Normal', 'message': '(combined from similar events): Scaled up replica set kube-znn-7cbbf89f8 to 4', 'dateevent': '2023-01-29 02:18:35+00:00', 'image': 'cmendes/znn:600k', 'replicas': 4, 'imageChanges': 1, 'replicasChanges': 11}

{'name': 'kube-znn.173ea613c02be985', 'type': 'Normal', 'message': '(combined from similar events): Scaled up replica set kube-znn-7cbbf89f8 to 6', 'dateevent': '2023-01-29 02:18:35+00:00', 'image': 'cmendes/znn:600k', 'replicas': 6, 'imageChanges': 1, 'replicasChanges': 12}

{'name': 'kube-znn.173ea613c02be985', 'type': 'Normal', 'message': '(combined from similar events): Scaled up replica set kube-znn-68bd9d6b5b to 2', 'dateevent': '2023-01-29 02:18:35+00:00', 'image': 'cmendes/znn:600k', 'replicas': 6, 'imageChanges': 1, 'replicasChanges': 12}

{'name': 'kube-znn.173ea613c02be985', 'type': 'Normal', 'message': '(combined from similar events): Scaled down replica set kube-znn-7cbbf89f8 to 4', 'dateevent': '2023-01-29 02:18:35+00:00', 'image': 'cmendes/znn:800k', 'replicas': 6, 'imageChanges': 2, 'replicasChanges': 12}

{'name': 'kube-znn.173ea60cc83c3da0', 'type': 'Normal', 'message': 'Scaled up replica set kube-znn-68bd9d6b5b to 4', 'dateevent': '2023-01-29 02:18:05+00:00', 'image': 'cmendes/znn:800k', 'replicas': 6, 'imageChanges': 2, 'replicasChanges': 12}

Reading file: VersionA-Monolithic
Reading file: VersionB-MicroControllers
Reading file: VersionC-WithFailureManagerMetaController
Reading file: VersionC-ZTemp
