Reading file: automatingDataGeneration.sh
Reading file: BLong10_parte1
Reading file: BLong10_parte1.7z
Reading file: BLong10_parte2
Reading file: BLong10_parte2.7z
Reading file: CLong10
Reading file: CLong10.7z
Reading file: CShort10
Reading file: CShort10.7z
Reading file: Evaluation-ZNN.7z
Reading file: fidelitya-5b8dd7f8c7-ddxr9_tracing_20230130_105500.log

fidelitya data

2023-01-30 13:55:51 : t0:lowerFidelity

Reading file: generateLogs091749
Reading file: generateLogs093903
Reading file: generateLogs095708
Reading file: generateLogs2.sh
Reading file: k6-zb6rg_tracing_20230130_105500.log
Reading file: README.md
Reading file: scalabilityb-66d698fc76-kxdw6_tracing_20230130_105500.log

scalabilityb data

2023-01-30 13:57:52 : t0:removeHighScalability

2023-01-30 13:57:57 : t0:addHighScalability

2023-01-30 13:58:02 : t0:addHighScalability

2023-01-30 13:58:07 : t0:addHighScalability

2023-01-30 13:58:12 : t0:removeHighScalability

2023-01-30 13:58:17 : t0:removeHighScalability

2023-01-30 13:58:22 : t0:removeHighScalability

2023-01-30 13:58:27 : t0:removeHighScalability

2023-01-30 13:58:32 : t0:removeHighScalability

2023-01-30 13:58:37 : t0:removeHighScalability

2023-01-30 13:58:42 : t0:removeHighScalability

2023-01-30 13:58:47 : t0:removeHighScalability

2023-01-30 13:58:52 : t0:addHighScalability

2023-01-30 13:58:57 : t0:addHighScalability

2023-01-30 13:59:02 : t0:addHighScalability

2023-01-30 13:59:07 : t0:addHighScalability

2023-01-30 13:59:12 : t0:addHighScalability

2023-01-30 13:59:17 : t0:addHighScalability

2023-01-30 13:59:22 : t0:addHighScalability

2023-01-30 13:59:27 : t0:addHighScalability

2023-01-30 13:59:32 : t0:addHighScalability

2023-01-30 13:59:37 : t0:removeHighScalability

2023-01-30 13:59:42 : t0:removeHighScalability

2023-01-30 13:59:47 : t0:removeHighScalability

2023-01-30 13:59:52 : t0:removeHighScalability

2023-01-30 13:59:57 : t0:removeHighScalability

2023-01-30 14:00:02 : t0:removeHighScalability

2023-01-30 14:00:07 : t0:addHighScalability

2023-01-30 14:00:12 : t0:removeHighScalability

2023-01-30 14:00:17 : t0:removeHighScalability

2023-01-30 14:00:22 : t0:removeHighScalability

2023-01-30 14:00:27 : t0:removeHighScalability

2023-01-30 14:00:32 : t0:removeReplica

2023-01-30 14:01:07 : t0:removeReplica

2023-01-30 14:01:12 : t0:removeReplica

2023-01-30 14:01:17 : t0:removeReplica

2023-01-30 14:01:22 : t0:removeReplica

2023-01-30 14:01:27 : t0:removeReplica

2023-01-30 14:01:32 : t0:removeReplica

2023-01-30 14:01:37 : t0:removeReplica

2023-01-30 14:01:42 : t0:removeReplica

2023-01-30 14:01:47 : t0:removeReplica

2023-01-30 14:01:52 : t0:removeReplica

2023-01-30 14:01:57 : t0:removeReplica

2023-01-30 14:02:02 : t0:removeReplica

2023-01-30 14:02:07 : t0:removeReplica

2023-01-30 14:02:12 : t0:removeReplica

2023-01-30 14:02:17 : t0:removeReplica

2023-01-30 14:02:22 : t0:removeReplica

2023-01-30 14:02:27 : t0:removeReplica

2023-01-30 14:02:32 : t0:removeReplica

2023-01-30 14:02:37 : t0:removeReplica

2023-01-30 14:02:42 : t0:removeReplica

2023-01-30 14:02:47 : t0:removeReplica

2023-01-30 14:02:52 : t0:removeReplica

2023-01-30 14:02:57 : t0:removeReplica

2023-01-30 14:03:02 : t0:removeReplica

2023-01-30 14:03:07 : t0:removeReplica

2023-01-30 14:03:12 : t0:removeReplica

2023-01-30 14:03:17 : t0:removeReplica

2023-01-30 14:03:22 : t0:removeReplica

2023-01-30 14:03:27 : t0:removeReplica

2023-01-30 14:03:32 : t0:removeReplica

2023-01-30 14:03:37 : t0:removeReplica

2023-01-30 14:03:42 : t0:removeReplica

2023-01-30 14:03:47 : t0:removeReplica

2023-01-30 14:03:52 : t0:removeReplica

2023-01-30 14:03:57 : t0:removeReplica

2023-01-30 14:04:02 : t0:removeReplica

2023-01-30 14:04:07 : t0:removeReplica

2023-01-30 14:04:12 : t0:removeReplica

2023-01-30 14:04:17 : t0:removeReplica

2023-01-30 14:04:22 : t0:removeReplica

2023-01-30 14:04:27 : t0:removeReplica

2023-01-30 14:04:32 : t0:removeReplica

2023-01-30 14:04:37 : t0:removeReplica

2023-01-30 14:04:42 : t0:removeReplica

2023-01-30 14:04:47 : t0:removeReplica

2023-01-30 14:04:52 : t0:removeReplica

2023-01-30 14:04:57 : t0:removeReplica

2023-01-30 14:05:02 : t0:removeReplica

2023-01-30 14:05:07 : t0:removeReplica

2023-01-30 14:05:12 : t0:removeReplica

2023-01-30 14:05:17 : t0:removeReplica

2023-01-30 14:05:22 : t0:removeReplica

2023-01-30 14:05:27 : t0:removeReplica

2023-01-30 14:05:32 : t0:removeReplica

2023-01-30 14:05:37 : t0:removeReplica

2023-01-30 14:05:42 : t0:removeReplica

2023-01-30 14:05:47 : t0:removeReplica

2023-01-30 14:05:52 : t0:removeReplica

2023-01-30 14:05:57 : t0:removeReplica

2023-01-30 14:06:02 : t0:removeReplica

2023-01-30 14:06:07 : t0:removeReplica

2023-01-30 14:06:12 : t0:removeReplica

2023-01-30 14:06:17 : t0:removeReplica

2023-01-30 14:06:22 : t0:removeReplica

2023-01-30 14:06:27 : t0:removeReplica

2023-01-30 14:06:32 : t0:removeReplica

2023-01-30 14:06:37 : t0:removeReplica

Reading file: summary-trace-znn.log
Reading file: temp
Reading file: temp2701
Reading file: test
Reading file: tools
Reading file: traceznn_20230130_103931.log

Trace znn data

{'name': 'kube-znn-db.173f17bcde168034', 'type': 'Normal', 'message': 'Scaled up replica set kube-znn-db-558bb5dd64 to 1', 'dateevent': '2023-01-30 13:01:26+00:00', 'image': 'cmendes/znn:800k', 'replicas': 1, 'imageChanges': 0, 'replicasChanges': 1}

{'name': 'kube-znn.173f17bcdc5f7868', 'type': 'Normal', 'message': 'Scaled up replica set kube-znn-744bbbc54b to 1', 'dateevent': '2023-01-30 13:01:26+00:00', 'image': 'cmendes/znn:800k', 'replicas': 1, 'imageChanges': 0, 'replicasChanges': 1}

Reading file: traceznn_20230130_105500.log

Trace znn data

{'name': 'kube-znn-db.173f1a53a9c09c49', 'type': 'Normal', 'message': 'Scaled up replica set kube-znn-db-558bb5dd64 to 1', 'dateevent': '2023-01-30 13:48:53+00:00', 'image': 'cmendes/znn:800k', 'replicas': 1, 'imageChanges': 0, 'replicasChanges': 1}

{'name': 'kube-znn.173f1a53a8c8fd9a', 'type': 'Normal', 'message': 'Scaled up replica set kube-znn-744bbbc54b to 1', 'dateevent': '2023-01-30 13:48:53+00:00', 'image': 'cmendes/znn:800k', 'replicas': 1, 'imageChanges': 0, 'replicasChanges': 1}

{'name': 'kube-znn.173f1aab08ae1541', 'type': 'Normal', 'message': 'Scaled up replica set kube-znn-744bbbc54b to 2', 'dateevent': '2023-01-30 13:55:08+00:00', 'image': 'cmendes/znn:800k', 'replicas': 2, 'imageChanges': 0, 'replicasChanges': 2}

{'name': 'kube-znn.173f1aabdff4a1d4', 'type': 'Normal', 'message': 'Scaled up replica set kube-znn-744bbbc54b to 3', 'dateevent': '2023-01-30 13:55:11+00:00', 'image': 'cmendes/znn:800k', 'replicas': 3, 'imageChanges': 0, 'replicasChanges': 3}

{'name': 'kube-znn.173f1aad0e8232b3', 'type': 'Normal', 'message': 'Scaled up replica set kube-znn-744bbbc54b to 4', 'dateevent': '2023-01-30 13:55:16+00:00', 'image': 'cmendes/znn:800k', 'replicas': 4, 'imageChanges': 0, 'replicasChanges': 4}

{'name': 'kube-znn.173f1aae34655335', 'type': 'Normal', 'message': 'Scaled up replica set kube-znn-744bbbc54b to 5', 'dateevent': '2023-01-30 13:55:21+00:00', 'image': 'cmendes/znn:800k', 'replicas': 5, 'imageChanges': 0, 'replicasChanges': 5}

{'name': 'kube-znn.173f1aaf5de9ac7e', 'type': 'Normal', 'message': 'Scaled up replica set kube-znn-744bbbc54b to 6', 'dateevent': '2023-01-30 13:55:26+00:00', 'image': 'cmendes/znn:800k', 'replicas': 6, 'imageChanges': 0, 'replicasChanges': 6}

{'name': 'kube-znn.173f1ab086a8043e', 'type': 'Normal', 'message': 'Scaled up replica set kube-znn-744bbbc54b to 7', 'dateevent': '2023-01-30 13:55:31+00:00', 'image': 'cmendes/znn:800k', 'replicas': 7, 'imageChanges': 0, 'replicasChanges': 7}

{'name': 'kube-znn.173f1ab1b1cbf763', 'type': 'Normal', 'message': 'Scaled up replica set kube-znn-744bbbc54b to 8', 'dateevent': '2023-01-30 13:55:36+00:00', 'image': 'cmendes/znn:800k', 'replicas': 8, 'imageChanges': 0, 'replicasChanges': 8}

{'name': 'kube-znn.173f1ab2dc5a955e', 'type': 'Normal', 'message': 'Scaled up replica set kube-znn-744bbbc54b to 9', 'dateevent': '2023-01-30 13:55:41+00:00', 'image': 'cmendes/znn:800k', 'replicas': 9, 'imageChanges': 0, 'replicasChanges': 9}

{'name': 'kube-znn.173f1ab4060e047f', 'type': 'Normal', 'message': '(combined from similar events): Scaled up replica set kube-znn-744bbbc54b to 10', 'dateevent': '2023-01-30 13:55:46+00:00', 'image': 'cmendes/znn:800k', 'replicas': 10, 'imageChanges': 0, 'replicasChanges': 10}

{'name': 'kube-znn.173f1ab4060e047f', 'type': 'Normal', 'message': '(combined from similar events): Scaled up replica set kube-znn-5c95bd98fb to 3', 'dateevent': '2023-01-30 13:55:46+00:00', 'image': 'cmendes/znn:600k', 'replicas': 10, 'imageChanges': 1, 'replicasChanges': 10}

{'name': 'kube-znn.173f1ab4060e047f', 'type': 'Normal', 'message': '(combined from similar events): Scaled down replica set kube-znn-744bbbc54b to 8', 'dateevent': '2023-01-30 13:55:46+00:00', 'image': 'cmendes/znn:600k', 'replicas': 10, 'imageChanges': 1, 'replicasChanges': 10}

{'name': 'kube-znn.173f1ab4060e047f', 'type': 'Normal', 'message': '(combined from similar events): Scaled up replica set kube-znn-5c95bd98fb to 5', 'dateevent': '2023-01-30 13:55:46+00:00', 'image': 'cmendes/znn:600k', 'replicas': 10, 'imageChanges': 1, 'replicasChanges': 10}

{'name': 'kube-znn.173f1ab4060e047f', 'type': 'Normal', 'message': '(combined from similar events): Scaled down replica set kube-znn-744bbbc54b to 7', 'dateevent': '2023-01-30 13:55:46+00:00', 'image': 'cmendes/znn:600k', 'replicas': 10, 'imageChanges': 1, 'replicasChanges': 10}

{'name': 'kube-znn.173f1ab4060e047f', 'type': 'Normal', 'message': '(combined from similar events): Scaled up replica set kube-znn-5c95bd98fb to 6', 'dateevent': '2023-01-30 13:55:46+00:00', 'image': 'cmendes/znn:600k', 'replicas': 10, 'imageChanges': 1, 'replicasChanges': 10}

{'name': 'kube-znn.173f1ab4060e047f', 'type': 'Normal', 'message': '(combined from similar events): Scaled down replica set kube-znn-744bbbc54b to 6', 'dateevent': '2023-01-30 13:55:46+00:00', 'image': 'cmendes/znn:600k', 'replicas': 10, 'imageChanges': 1, 'replicasChanges': 10}

{'name': 'kube-znn.173f1ab4060e047f', 'type': 'Normal', 'message': '(combined from similar events): Scaled up replica set kube-znn-5c95bd98fb to 7', 'dateevent': '2023-01-30 13:55:46+00:00', 'image': 'cmendes/znn:600k', 'replicas': 10, 'imageChanges': 1, 'replicasChanges': 10}

{'name': 'kube-znn.173f1ab4060e047f', 'type': 'Normal', 'message': '(combined from similar events): Scaled down replica set kube-znn-5c95bd98fb to 3', 'dateevent': '2023-01-30 13:55:46+00:00', 'image': 'cmendes/znn:600k', 'replicas': 4, 'imageChanges': 1, 'replicasChanges': 11}

{'name': 'kube-znn.173f1ab4060e047f', 'type': 'Normal', 'message': '(combined from similar events): Scaled down replica set kube-znn-744bbbc54b to 2', 'dateevent': '2023-01-30 13:55:46+00:00', 'image': 'cmendes/znn:600k', 'replicas': 4, 'imageChanges': 1, 'replicasChanges': 11}

{'name': 'kube-znn.173f1ab4060e047f', 'type': 'Normal', 'message': '(combined from similar events): Scaled down replica set kube-znn-744bbbc54b to 1', 'dateevent': '2023-01-30 13:55:46+00:00', 'image': 'cmendes/znn:600k', 'replicas': 4, 'imageChanges': 1, 'replicasChanges': 11}

{'name': 'kube-znn.173f1ab4060e047f', 'type': 'Normal', 'message': '(combined from similar events): Scaled up replica set kube-znn-5c95bd98fb to 4', 'dateevent': '2023-01-30 13:55:46+00:00', 'image': 'cmendes/znn:600k', 'replicas': 4, 'imageChanges': 1, 'replicasChanges': 11}

{'name': 'kube-znn.173f1ab4060e047f', 'type': 'Normal', 'message': '(combined from similar events): Scaled down replica set kube-znn-744bbbc54b to 0', 'dateevent': '2023-01-30 13:55:46+00:00', 'image': 'cmendes/znn:600k', 'replicas': 4, 'imageChanges': 1, 'replicasChanges': 11}

Reading file: VersionA-Monolithic
Reading file: VersionB-MicroControllers
Reading file: VersionC-WithFailureManagerMetaController
Reading file: VersionC-ZTemp
