root - WARNING - Starting our experiment execution
root - WARNING - 

-----------------------------------------
root - WARNING - General Log - 
root - WARNING - {'name': 'default-server-secret.173f19997a91c7af', 'type': 'Normal', 'message': 'the special Secret default/default-server-secret was updated', 'dateevent': '2023-01-30 13:35:33+00:00'}
root - WARNING - 

-----------------------------------------
root - WARNING - 

-----------------------------------------
root - WARNING - General Log - 
root - WARNING - {'name': 'failuremanager-5447786f55-wrl5x.173f17be933835f8', 'type': 'Normal', 'message': 'Successfully assigned default/failuremanager-5447786f55-wrl5x to minikube', 'dateevent': '2023-01-30 13:01:33+00:00'}
root - WARNING - 

-----------------------------------------
root - WARNING - 

-----------------------------------------
root - WARNING - General Log - 
root - WARNING - {'name': 'failuremanager-5447786f55-wrl5x.173f17bebc89f46f', 'type': 'Normal', 'message': 'Pulling image "californibrs/failuremanager"', 'dateevent': '2023-01-30 13:01:34+00:00'}
root - WARNING - 

-----------------------------------------
root - WARNING - 

-----------------------------------------
root - WARNING - General Log - 
root - WARNING - {'name': 'failuremanager-5447786f55-wrl5x.173f17f31147d467', 'type': 'Normal', 'message': 'Successfully pulled image "californibrs/failuremanager"', 'dateevent': '2023-01-30 13:05:19+00:00'}
root - WARNING - 

-----------------------------------------
root - WARNING - 

-----------------------------------------
root - WARNING - General Log - 
root - WARNING - {'name': 'failuremanager-5447786f55-wrl5x.173f17f3e5706441', 'type': 'Normal', 'message': 'Created container failuremanager', 'dateevent': '2023-01-30 13:05:22+00:00'}
root - WARNING - 

-----------------------------------------
root - WARNING - 

-----------------------------------------
root - WARNING - General Log - 
root - WARNING - {'name': 'failuremanager-5447786f55-wrl5x.173f17f3f19cff0f', 'type': 'Normal', 'message': 'Started container failuremanager', 'dateevent': '2023-01-30 13:05:22+00:00'}
root - WARNING - 

-----------------------------------------
root - WARNING - 

-----------------------------------------
root - WARNING - General Log - 
root - WARNING - {'name': 'failuremanager-5447786f55.173f17be928c6622', 'type': 'Normal', 'message': 'Created pod: failuremanager-5447786f55-wrl5x', 'dateevent': '2023-01-30 13:01:33+00:00'}
root - WARNING - 

-----------------------------------------
root - WARNING - 

-----------------------------------------
root - WARNING - General Log - 
root - WARNING - {'name': 'failuremanager-ingress.173f1999616650ad', 'type': 'Normal', 'message': 'Configuration for default/failuremanager-ingress was added or updated', 'dateevent': '2023-01-30 13:35:32+00:00'}
root - WARNING - 

-----------------------------------------
root - WARNING - 

-----------------------------------------
root - WARNING - General Log - 
root - WARNING - {'name': 'failuremanager-ingress.173f19998328fa04', 'type': 'Normal', 'message': 'Configuration for default/failuremanager-ingress was updated ', 'dateevent': '2023-01-30 13:35:33+00:00'}
root - WARNING - 

-----------------------------------------
root - WARNING - 

-----------------------------------------
root - WARNING - General Log - 
root - WARNING - {'name': 'failuremanager.173f17be91df239a', 'type': 'Normal', 'message': 'Scaled up replica set failuremanager-5447786f55 to 1', 'dateevent': '2023-01-30 13:01:33+00:00'}
root - WARNING - 

-----------------------------------------
root - WARNING - 

-----------------------------------------
root - WARNING - General Log - 
root - WARNING - {'name': 'failuremonitor-747764f996-jsnjp.173f17bea082e137', 'type': 'Normal', 'message': 'Successfully assigned default/failuremonitor-747764f996-jsnjp to minikube', 'dateevent': '2023-01-30 13:01:33+00:00'}
root - WARNING - 

-----------------------------------------
root - WARNING - 

-----------------------------------------
root - WARNING - General Log - 
root - WARNING - {'name': 'failuremonitor-747764f996-jsnjp.173f17bed4fd2a03', 'type': 'Normal', 'message': 'Pulling image "californibrs/failuremonitor"', 'dateevent': '2023-01-30 13:01:34+00:00'}
root - WARNING - 

-----------------------------------------
root - WARNING - 

-----------------------------------------
root - WARNING - General Log - 
root - WARNING - {'name': 'failuremonitor-747764f996-jsnjp.173f1802edd658b4', 'type': 'Normal', 'message': 'Successfully pulled image "californibrs/failuremonitor"', 'dateevent': '2023-01-30 13:06:27+00:00'}
root - WARNING - 

-----------------------------------------
root - WARNING - 

-----------------------------------------
root - WARNING - General Log - 
root - WARNING - {'name': 'failuremonitor-747764f996-jsnjp.173f180347cfd99a', 'type': 'Normal', 'message': 'Created container failuremonitor', 'dateevent': '2023-01-30 13:06:28+00:00'}
root - WARNING - 

-----------------------------------------
root - WARNING - 

-----------------------------------------
root - WARNING - General Log - 
root - WARNING - {'name': 'failuremonitor-747764f996-jsnjp.173f1803561a4c77', 'type': 'Normal', 'message': 'Started container failuremonitor', 'dateevent': '2023-01-30 13:06:29+00:00'}
root - WARNING - 

-----------------------------------------
root - WARNING - 

-----------------------------------------
root - WARNING - General Log - 
root - WARNING - {'name': 'failuremonitor-747764f996.173f17be97a972a4', 'type': 'Warning', 'message': 'Error creating: pods "failuremonitor-747764f996-" is forbidden: error looking up service account default/kubow-user: serviceaccount "kubow-user" not found', 'dateevent': '2023-01-30 13:01:33+00:00'}
root - WARNING - 

-----------------------------------------
root - WARNING - 

-----------------------------------------
root - WARNING - General Log - 
root - WARNING - {'name': 'failuremonitor-747764f996.173f17bea02f71b3', 'type': 'Normal', 'message': 'Created pod: failuremonitor-747764f996-jsnjp', 'dateevent': '2023-01-30 13:01:33+00:00'}
root - WARNING - 

-----------------------------------------
root - WARNING - 

-----------------------------------------
root - WARNING - General Log - 
root - WARNING - {'name': 'failuremonitor.173f17be9763cb89', 'type': 'Normal', 'message': 'Scaled up replica set failuremonitor-747764f996 to 1', 'dateevent': '2023-01-30 13:01:33+00:00'}
root - WARNING - 

-----------------------------------------
root - WARNING - 

-----------------------------------------
root - WARNING - General Log - 
root - WARNING - {'name': 'fidelitya-5b8dd7f8c7-mgndf.173f17bd60256e40', 'type': 'Normal', 'message': 'Successfully assigned default/fidelitya-5b8dd7f8c7-mgndf to minikube', 'dateevent': '2023-01-30 13:01:28+00:00'}
root - WARNING - 

-----------------------------------------
root - WARNING - 

-----------------------------------------
root - WARNING - General Log - 
root - WARNING - {'name': 'fidelitya-5b8dd7f8c7-mgndf.173f17bdacf482ac', 'type': 'Normal', 'message': 'Pulling image "cmendes/kubow:yellow-2"', 'dateevent': '2023-01-30 13:01:29+00:00'}
root - WARNING - 

-----------------------------------------
root - WARNING - 

-----------------------------------------
root - WARNING - General Log - 
root - WARNING - {'name': 'fidelitya-5b8dd7f8c7-mgndf.173f17d73a5941aa', 'type': 'Warning', 'message': 'Failed to pull image "cmendes/kubow:yellow-2": rpc error: code = Unknown desc = Error response from daemon: Get "https://registry-1.docker.io/v2/": dial tcp: lookup registry-1.docker.io on 172.27.176.1:53: read udp 172.27.181.78:52446->172.27.176.1:53: i/o timeout', 'dateevent': '2023-01-30 13:03:19+00:00'}
root - WARNING - 

-----------------------------------------
root - WARNING - 

-----------------------------------------
root - WARNING - General Log - 
root - WARNING - {'name': 'fidelitya-5b8dd7f8c7-mgndf.173f17d73a5a18e2', 'type': 'Warning', 'message': 'Error: ErrImagePull', 'dateevent': '2023-01-30 13:03:19+00:00'}
root - WARNING - 

-----------------------------------------
root - WARNING - 

-----------------------------------------
root - WARNING - General Log - 
root - WARNING - {'name': 'fidelitya-5b8dd7f8c7-mgndf.173f17d76fba402a', 'type': 'Normal', 'message': 'Back-off pulling image "cmendes/kubow:yellow-2"', 'dateevent': '2023-01-30 13:03:20+00:00'}
root - WARNING - 

-----------------------------------------
root - WARNING - 

-----------------------------------------
root - WARNING - General Log - 
root - WARNING - {'name': 'fidelitya-5b8dd7f8c7-mgndf.173f17d76fbb6d51', 'type': 'Warning', 'message': 'Error: ImagePullBackOff', 'dateevent': '2023-01-30 13:03:20+00:00'}
root - WARNING - 

-----------------------------------------
root - WARNING - 

-----------------------------------------
root - WARNING - General Log - 
root - WARNING - {'name': 'fidelitya-5b8dd7f8c7-mgndf.173f18114f7c5b3d', 'type': 'Normal', 'message': 'Successfully pulled image "cmendes/kubow:yellow-2"', 'dateevent': '2023-01-30 13:07:29+00:00'}
root - WARNING - 

-----------------------------------------
root - WARNING - 

-----------------------------------------
root - WARNING - General Log - 
root - WARNING - {'name': 'fidelitya-5b8dd7f8c7-mgndf.173f181192458edc', 'type': 'Normal', 'message': 'Created container kubow', 'dateevent': '2023-01-30 13:07:30+00:00'}
root - WARNING - 

-----------------------------------------
root - WARNING - 

-----------------------------------------
root - WARNING - General Log - 
root - WARNING - {'name': 'fidelitya-5b8dd7f8c7-mgndf.173f1811a1c5f323', 'type': 'Normal', 'message': 'Started container kubow', 'dateevent': '2023-01-30 13:07:30+00:00'}
root - WARNING - 

-----------------------------------------
root - WARNING - 

-----------------------------------------
root - WARNING - General Log - 
root - WARNING - {'name': 'fidelitya-5b8dd7f8c7.173f17bd5f8cd77d', 'type': 'Normal', 'message': 'Created pod: fidelitya-5b8dd7f8c7-mgndf', 'dateevent': '2023-01-30 13:01:28+00:00'}
root - WARNING - 

-----------------------------------------
root - WARNING - 

-----------------------------------------
root - WARNING - General Log - 
root - WARNING - {'name': 'fidelitya.173f17bd5ec9226c', 'type': 'Normal', 'message': 'Scaled up replica set fidelitya-5b8dd7f8c7 to 1', 'dateevent': '2023-01-30 13:01:28+00:00'}
root - WARNING - 

-----------------------------------------
root - WARNING - 

-----------------------------------------
root - WARNING - 

Captured event for Metacontroller and microcontrollers: 
root - WARNING - 

 MetaController has adapted the microcontrollers.
root - WARNING - {'name': 'fidelitya.173f17bd5ec9226c', 'type': 'Normal', 'message': 'Scaled up replica set fidelitya-5b8dd7f8c7 to 1', 'dateevent': '2023-01-30 13:01:28+00:00'}
root - WARNING - 

-----------------------------------------
root - WARNING - 

-----------------------------------------
root - WARNING - General Log - 
root - WARNING - {'name': 'grafana-84cfffc84f-tj8xq.173f17bc74a72fed', 'type': 'Normal', 'message': 'Successfully assigned default/grafana-84cfffc84f-tj8xq to minikube', 'dateevent': '2023-01-30 13:01:24+00:00'}
root - WARNING - 

-----------------------------------------
root - WARNING - 

-----------------------------------------
root - WARNING - General Log - 
root - WARNING - {'name': 'grafana-84cfffc84f-tj8xq.173f17bcb6383d68', 'type': 'Normal', 'message': 'Pulling image "grafana/grafana:6.4.2"', 'dateevent': '2023-01-30 13:01:25+00:00'}
root - WARNING - 

-----------------------------------------
root - WARNING - 

-----------------------------------------
root - WARNING - General Log - 
root - WARNING - {'name': 'grafana-84cfffc84f-tj8xq.173f17c5ca07c3c3', 'type': 'Normal', 'message': 'Successfully pulled image "grafana/grafana:6.4.2"', 'dateevent': '2023-01-30 13:02:04+00:00'}
root - WARNING - 

-----------------------------------------
root - WARNING - 

-----------------------------------------
root - WARNING - General Log - 
root - WARNING - {'name': 'grafana-84cfffc84f-tj8xq.173f17c680fb0080', 'type': 'Normal', 'message': 'Created container grafana', 'dateevent': '2023-01-30 13:02:07+00:00'}
root - WARNING - 

-----------------------------------------
root - WARNING - 

-----------------------------------------
root - WARNING - General Log - 
root - WARNING - {'name': 'grafana-84cfffc84f-tj8xq.173f17c68f71592f', 'type': 'Normal', 'message': 'Started container grafana', 'dateevent': '2023-01-30 13:02:07+00:00'}
root - WARNING - 

-----------------------------------------
root - WARNING - 

-----------------------------------------
root - WARNING - General Log - 
root - WARNING - {'name': 'grafana-84cfffc84f-tj8xq.173f17c828cbc092', 'type': 'Warning', 'message': 'Readiness probe failed: Get http://172.17.0.4:3000/api/health: dial tcp 172.17.0.4:3000: connect: connection refused', 'dateevent': '2023-01-30 13:02:14+00:00'}
root - WARNING - 

-----------------------------------------
root - WARNING - 

-----------------------------------------
root - WARNING - General Log - 
root - WARNING - {'name': 'grafana-84cfffc84f.173f17bc7448465f', 'type': 'Normal', 'message': 'Created pod: grafana-84cfffc84f-tj8xq', 'dateevent': '2023-01-30 13:01:24+00:00'}
root - WARNING - 

-----------------------------------------
root - WARNING - 

-----------------------------------------
root - WARNING - General Log - 
root - WARNING - {'name': 'grafana.173f17bc72aa1198', 'type': 'Normal', 'message': 'Scaled up replica set grafana-84cfffc84f to 1', 'dateevent': '2023-01-30 13:01:24+00:00'}
root - WARNING - 

-----------------------------------------
root - WARNING - 

-----------------------------------------
root - WARNING - General Log - 
root - WARNING - {'name': 'ingress-kube-znn.173f19995910d01a', 'type': 'Normal', 'message': 'Configuration for default/ingress-kube-znn was added or updated', 'dateevent': '2023-01-30 13:35:32+00:00'}
root - WARNING - 

-----------------------------------------
root - WARNING - 

-----------------------------------------
root - WARNING - General Log - 
root - WARNING - {'name': 'ingress-kube-znn.173f19998328ede8', 'type': 'Normal', 'message': 'Configuration for default/ingress-kube-znn was updated ', 'dateevent': '2023-01-30 13:35:33+00:00'}
root - WARNING - 

-----------------------------------------
root - WARNING - 

-----------------------------------------
root - WARNING - General Log - 
root - WARNING - {'name': 'k6-5ffwg.173f19cdf4c8aaea', 'type': 'Normal', 'message': 'Successfully assigned default/k6-5ffwg to minikube', 'dateevent': '2023-01-30 13:39:18+00:00'}
root - WARNING - 

-----------------------------------------
root - WARNING - 

-----------------------------------------
root - WARNING - General Log - 
root - WARNING - {'name': 'k6-5ffwg.173f19ce30635b12', 'type': 'Normal', 'message': 'Pulling image "loadimpact/k6"', 'dateevent': '2023-01-30 13:39:19+00:00'}
root - WARNING - 

-----------------------------------------
root - WARNING - 

-----------------------------------------
root - WARNING - General Log - 
root - WARNING - {'name': 'k6-5ffwg.173f19d045f85d54', 'type': 'Normal', 'message': 'Successfully pulled image "loadimpact/k6"', 'dateevent': '2023-01-30 13:39:28+00:00'}
root - WARNING - 

-----------------------------------------
root - WARNING - 

-----------------------------------------
root - WARNING - General Log - 
root - WARNING - {'name': 'k6-5ffwg.173f19d05c249804', 'type': 'Normal', 'message': 'Created container k6', 'dateevent': '2023-01-30 13:39:29+00:00'}
root - WARNING - 

-----------------------------------------
root - WARNING - 

-----------------------------------------
root - WARNING - General Log - 
root - WARNING - {'name': 'k6-5ffwg.173f19d06b49afba', 'type': 'Normal', 'message': 'Started container k6', 'dateevent': '2023-01-30 13:39:29+00:00'}
root - WARNING - 

-----------------------------------------
root - WARNING - 

-----------------------------------------
root - WARNING - General Log - 
root - WARNING - {'name': 'k6.173f19cdf40514b2', 'type': 'Normal', 'message': 'Created pod: k6-5ffwg', 'dateevent': '2023-01-30 13:39:18+00:00'}
root - WARNING - 

-----------------------------------------
root - WARNING - 

-----------------------------------------
root - WARNING - General Log - 
root - WARNING - {'name': 'kube-state-metrics-6579fc54cc-j7hh6.173f17bc7652df5b', 'type': 'Normal', 'message': 'Successfully assigned default/kube-state-metrics-6579fc54cc-j7hh6 to minikube', 'dateevent': '2023-01-30 13:01:24+00:00'}
root - WARNING - 

-----------------------------------------
root - WARNING - 

-----------------------------------------
root - WARNING - General Log - 
root - WARNING - {'name': 'kube-state-metrics-6579fc54cc-j7hh6.173f17bcb68b6fde', 'type': 'Normal', 'message': 'Pulling image "quay.io/coreos/kube-state-metrics:v1.9.5"', 'dateevent': '2023-01-30 13:01:25+00:00'}
root - WARNING - 

-----------------------------------------
root - WARNING - 

-----------------------------------------
root - WARNING - General Log - 
root - WARNING - {'name': 'kube-state-metrics-6579fc54cc-j7hh6.173f17c7447797ba', 'type': 'Normal', 'message': 'Successfully pulled image "quay.io/coreos/kube-state-metrics:v1.9.5"', 'dateevent': '2023-01-30 13:02:11+00:00'}
root - WARNING - 

-----------------------------------------
root - WARNING - 

-----------------------------------------
root - WARNING - General Log - 
root - WARNING - {'name': 'kube-state-metrics-6579fc54cc-j7hh6.173f17c78ce00c41', 'type': 'Normal', 'message': 'Created container kube-state-metrics', 'dateevent': '2023-01-30 13:02:12+00:00'}
root - WARNING - 

-----------------------------------------
root - WARNING - 

-----------------------------------------
root - WARNING - General Log - 
root - WARNING - {'name': 'kube-state-metrics-6579fc54cc-j7hh6.173f17c7a126b08d', 'type': 'Normal', 'message': 'Started container kube-state-metrics', 'dateevent': '2023-01-30 13:02:12+00:00'}
root - WARNING - 

-----------------------------------------
root - WARNING - 

-----------------------------------------
root - WARNING - General Log - 
root - WARNING - {'name': 'kube-state-metrics-6579fc54cc.173f17bc75437c89', 'type': 'Normal', 'message': 'Created pod: kube-state-metrics-6579fc54cc-j7hh6', 'dateevent': '2023-01-30 13:01:24+00:00'}
root - WARNING - 

-----------------------------------------
root - WARNING - 

-----------------------------------------
root - WARNING - General Log - 
root - WARNING - {'name': 'kube-state-metrics.173f17bc743f3304', 'type': 'Normal', 'message': 'Scaled up replica set kube-state-metrics-6579fc54cc to 1', 'dateevent': '2023-01-30 13:01:24+00:00'}
root - WARNING - 

-----------------------------------------
root - WARNING - 

-----------------------------------------
root - WARNING - General Log - 
root - WARNING - {'name': 'kube-znn-744bbbc54b-j7v6n.173f17bcde04ea68', 'type': 'Normal', 'message': 'Successfully assigned default/kube-znn-744bbbc54b-j7v6n to minikube', 'dateevent': '2023-01-30 13:01:26+00:00'}
root - WARNING - 

-----------------------------------------
root - WARNING - 

-----------------------------------------
root - WARNING - General Log - 
root - WARNING - {'name': 'kube-znn-744bbbc54b-j7v6n.173f17bd1fdd077f', 'type': 'Warning', 'message': 'MountVolume.SetUp failed for volume "default-token-s52pn" : failed to sync secret cache: timed out waiting for the condition', 'dateevent': '2023-01-30 13:01:27+00:00'}
root - WARNING - 

-----------------------------------------
root - WARNING - 

-----------------------------------------
root - WARNING - General Log - 
root - WARNING - {'name': 'kube-znn-744bbbc54b-j7v6n.173f17bd1fde9844', 'type': 'Warning', 'message': 'MountVolume.SetUp failed for volume "nginx-config-volume" : failed to sync configmap cache: timed out waiting for the condition', 'dateevent': '2023-01-30 13:01:27+00:00'}
root - WARNING - 

-----------------------------------------
root - WARNING - 

-----------------------------------------
root - WARNING - General Log - 
root - WARNING - {'name': 'kube-znn-744bbbc54b-j7v6n.173f17bd66faad9e', 'type': 'Normal', 'message': 'Pulling image "cmendes/znn:800k"', 'dateevent': '2023-01-30 13:01:28+00:00'}
root - WARNING - 

-----------------------------------------
root - WARNING - 

-----------------------------------------
root - WARNING - General Log - 
root - WARNING - {'name': 'kube-znn-744bbbc54b-j7v6n.173f17cbcfc86b98', 'type': 'Warning', 'message': 'Failed to pull image "cmendes/znn:800k": rpc error: code = Unknown desc = Error response from daemon: Get "https://registry-1.docker.io/v2/": dial tcp: lookup registry-1.docker.io on 172.27.176.1:53: read udp 172.27.181.78:43588->172.27.176.1:53: i/o timeout', 'dateevent': '2023-01-30 13:02:30+00:00'}
root - WARNING - 

-----------------------------------------
root - WARNING - 

-----------------------------------------
root - WARNING - General Log - 
root - WARNING - {'name': 'kube-znn-744bbbc54b-j7v6n.173f17cbcfc8d573', 'type': 'Warning', 'message': 'Error: ErrImagePull', 'dateevent': '2023-01-30 13:02:30+00:00'}
root - WARNING - 

-----------------------------------------
root - WARNING - 

-----------------------------------------
root - WARNING - General Log - 
root - WARNING - {'name': 'kube-znn-744bbbc54b-j7v6n.173f17cbcfed04fe', 'type': 'Normal', 'message': 'Pulling image "openresty/openresty:alpine-fat"', 'dateevent': '2023-01-30 13:02:30+00:00'}
root - WARNING - 

-----------------------------------------
root - WARNING - 

-----------------------------------------
root - WARNING - General Log - 
root - WARNING - {'name': 'kube-znn-744bbbc54b-j7v6n.173f180980821e18', 'type': 'Normal', 'message': 'Successfully pulled image "openresty/openresty:alpine-fat"', 'dateevent': '2023-01-30 13:06:55+00:00'}
root - WARNING - 

-----------------------------------------
root - WARNING - 

-----------------------------------------
root - WARNING - General Log - 
root - WARNING - {'name': 'kube-znn-744bbbc54b-j7v6n.173f1809c0ff135b', 'type': 'Normal', 'message': 'Created container nginx', 'dateevent': '2023-01-30 13:06:56+00:00'}
root - WARNING - 

-----------------------------------------
root - WARNING - 

-----------------------------------------
root - WARNING - General Log - 
root - WARNING - {'name': 'kube-znn-744bbbc54b-j7v6n.173f1809d133a248', 'type': 'Normal', 'message': 'Started container nginx', 'dateevent': '2023-01-30 13:06:56+00:00'}
root - WARNING - 

-----------------------------------------
root - WARNING - 

-----------------------------------------
root - WARNING - General Log - 
root - WARNING - {'name': 'kube-znn-744bbbc54b-j7v6n.173f180a230f67bd', 'type': 'Warning', 'message': 'Readiness probe failed: HTTP probe failed with statuscode: 502', 'dateevent': '2023-01-30 13:06:58+00:00'}
root - WARNING - 

-----------------------------------------
root - WARNING - 

-----------------------------------------
root - WARNING - General Log - 
root - WARNING - {'name': 'kube-znn-744bbbc54b-j7v6n.173f180b7e4e7daf', 'type': 'Warning', 'message': 'Liveness probe failed: HTTP probe failed with statuscode: 502', 'dateevent': '2023-01-30 13:07:04+00:00'}
root - WARNING - 

-----------------------------------------
root - WARNING - 

-----------------------------------------
root - WARNING - General Log - 
root - WARNING - {'name': 'kube-znn-744bbbc54b-j7v6n.173f186b14beb621', 'type': 'Normal', 'message': 'Back-off pulling image "cmendes/znn:800k"', 'dateevent': '2023-01-30 13:16:37+00:00'}
root - WARNING - 

-----------------------------------------
root - WARNING - 

-----------------------------------------
root - WARNING - General Log - 
root - WARNING - {'name': 'kube-znn-744bbbc54b-j7v6n.173f19a78a9be9a3', 'type': 'Normal', 'message': 'Successfully pulled image "cmendes/znn:800k"', 'dateevent': '2023-01-30 13:36:33+00:00'}
root - WARNING - 

-----------------------------------------
root - WARNING - 

-----------------------------------------
root - WARNING - General Log - 
root - WARNING - {'name': 'kube-znn-744bbbc54b.173f17bcdd3986af', 'type': 'Normal', 'message': 'Created pod: kube-znn-744bbbc54b-j7v6n', 'dateevent': '2023-01-30 13:01:26+00:00'}
root - WARNING - 

-----------------------------------------
root - WARNING - 

-----------------------------------------
root - WARNING - General Log - 
root - WARNING - {'name': 'kube-znn-db-558bb5dd64-2pvtl.173f17bce1af33d4', 'type': 'Normal', 'message': 'Successfully assigned default/kube-znn-db-558bb5dd64-2pvtl to minikube', 'dateevent': '2023-01-30 13:01:26+00:00'}
root - WARNING - 

-----------------------------------------
root - WARNING - 

-----------------------------------------
root - WARNING - General Log - 
root - WARNING - {'name': 'kube-znn-db-558bb5dd64-2pvtl.173f17bd25dbc39c', 'type': 'Warning', 'message': 'MountVolume.SetUp failed for volume "init-db-config" : failed to sync configmap cache: timed out waiting for the condition', 'dateevent': '2023-01-30 13:01:27+00:00'}
root - WARNING - 

-----------------------------------------
root - WARNING - 

-----------------------------------------
root - WARNING - General Log - 
root - WARNING - {'name': 'kube-znn-db-558bb5dd64-2pvtl.173f17bd25dbe340', 'type': 'Warning', 'message': 'MountVolume.SetUp failed for volume "default-token-s52pn" : failed to sync secret cache: timed out waiting for the condition', 'dateevent': '2023-01-30 13:01:27+00:00'}
root - WARNING - 

-----------------------------------------
root - WARNING - 

-----------------------------------------
root - WARNING - General Log - 
root - WARNING - {'name': 'kube-znn-db-558bb5dd64-2pvtl.173f17bd6bd48ac6', 'type': 'Normal', 'message': 'Pulling image "mysql:5.6"', 'dateevent': '2023-01-30 13:01:28+00:00'}
root - WARNING - 

-----------------------------------------
root - WARNING - 

-----------------------------------------
root - WARNING - General Log - 
root - WARNING - {'name': 'kube-znn-db-558bb5dd64-2pvtl.173f17d179c220fe', 'type': 'Normal', 'message': 'Successfully pulled image "mysql:5.6"', 'dateevent': '2023-01-30 13:02:54+00:00'}
root - WARNING - 

-----------------------------------------
root - WARNING - 

-----------------------------------------
root - WARNING - General Log - 
root - WARNING - {'name': 'kube-znn-db-558bb5dd64-2pvtl.173f17d1f34ec850', 'type': 'Normal', 'message': 'Created container mysql', 'dateevent': '2023-01-30 13:02:56+00:00'}
root - WARNING - 

-----------------------------------------
root - WARNING - 

-----------------------------------------
root - WARNING - General Log - 
root - WARNING - {'name': 'kube-znn-db-558bb5dd64-2pvtl.173f17d1fecba7de', 'type': 'Normal', 'message': 'Started container mysql', 'dateevent': '2023-01-30 13:02:57+00:00'}
root - WARNING - 

-----------------------------------------
root - WARNING - 

-----------------------------------------
root - WARNING - General Log - 
root - WARNING - {'name': 'kube-znn-db-558bb5dd64-2pvtl.173f17d336ea60fa', 'type': 'Warning', 'message': 'Liveness probe failed: dial tcp 172.17.0.8:3306: connect: connection refused', 'dateevent': '2023-01-30 13:03:02+00:00'}
root - WARNING - 

-----------------------------------------
root - WARNING - 

-----------------------------------------
root - WARNING - General Log - 
root - WARNING - {'name': 'kube-znn-db-558bb5dd64.173f17bcdf78dbcd', 'type': 'Normal', 'message': 'Created pod: kube-znn-db-558bb5dd64-2pvtl', 'dateevent': '2023-01-30 13:01:26+00:00'}
root - WARNING - 

-----------------------------------------
root - WARNING - 

-----------------------------------------
root - WARNING - General Log - 
root - WARNING - {'name': 'kube-znn-db.173f17bcde168034', 'type': 'Normal', 'message': 'Scaled up replica set kube-znn-db-558bb5dd64 to 1', 'dateevent': '2023-01-30 13:01:26+00:00'}
root - WARNING - 

-----------------------------------------
root - WARNING - 

-----------------------------------------
root - WARNING - 

Captured event for znn: 
root - WARNING - {'name': 'kube-znn-db.173f17bcde168034', 'type': 'Normal', 'message': 'Scaled up replica set kube-znn-db-558bb5dd64 to 1', 'dateevent': '2023-01-30 13:01:26+00:00', 'image': 'cmendes/znn:800k', 'replicas': 1, 'imageChanges': 0, 'replicasChanges': 1}
root - WARNING - 

-----------------------------------------
root - WARNING - 

-----------------------------------------
root - WARNING - General Log - 
root - WARNING - {'name': 'kube-znn.173f17bcdc5f7868', 'type': 'Normal', 'message': 'Scaled up replica set kube-znn-744bbbc54b to 1', 'dateevent': '2023-01-30 13:01:26+00:00'}
root - WARNING - 

-----------------------------------------
root - WARNING - 

-----------------------------------------
root - WARNING - 

Captured event for znn: 
root - WARNING - {'name': 'kube-znn.173f17bcdc5f7868', 'type': 'Normal', 'message': 'Scaled up replica set kube-znn-744bbbc54b to 1', 'dateevent': '2023-01-30 13:01:26+00:00', 'image': 'cmendes/znn:800k', 'replicas': 1, 'imageChanges': 0, 'replicasChanges': 1}
root - WARNING - 

-----------------------------------------
root - WARNING - 

-----------------------------------------
root - WARNING - General Log - 
root - WARNING - {'name': 'minikube.173f17b5bdd93bcd', 'type': 'Normal', 'message': 'Node minikube status is now: NodeHasSufficientMemory', 'dateevent': '2023-01-30 13:01:03+00:00'}
root - WARNING - 

-----------------------------------------
root - WARNING - 

-----------------------------------------
root - WARNING - General Log - 
root - WARNING - {'name': 'minikube.173f17b5bdd9b8cb', 'type': 'Normal', 'message': 'Node minikube status is now: NodeHasNoDiskPressure', 'dateevent': '2023-01-30 13:01:03+00:00'}
root - WARNING - 

-----------------------------------------
root - WARNING - 

-----------------------------------------
root - WARNING - General Log - 
root - WARNING - {'name': 'minikube.173f17b5bdd9c996', 'type': 'Normal', 'message': 'Node minikube status is now: NodeHasSufficientPID', 'dateevent': '2023-01-30 13:01:03+00:00'}
root - WARNING - 

-----------------------------------------
root - WARNING - 

-----------------------------------------
root - WARNING - General Log - 
root - WARNING - {'name': 'minikube.173f17bb2a2c4b5d', 'type': 'Normal', 'message': 'Node minikube event: Registered Node minikube in Controller', 'dateevent': '2023-01-30 13:01:19+00:00'}
root - WARNING - 

-----------------------------------------
root - WARNING - 

-----------------------------------------
root - WARNING - General Log - 
root - WARNING - {'name': 'minikube.173f17bba32b3b62', 'type': 'Normal', 'message': 'Starting kube-proxy.', 'dateevent': '2023-01-30 13:01:21+00:00'}
root - WARNING - 

-----------------------------------------
root - WARNING - 

-----------------------------------------
root - WARNING - General Log - 
root - WARNING - {'name': 'nginx-config.173f19998328cc51', 'type': 'Normal', 'message': 'Configuration from default/nginx-config was updated ', 'dateevent': '2023-01-30 13:35:33+00:00'}
root - WARNING - 

-----------------------------------------
root - WARNING - 

-----------------------------------------
root - WARNING - General Log - 
root - WARNING - {'name': 'nginx-ingress-7f5885d87c-llslp.173f17bcff29ed9f', 'type': 'Normal', 'message': 'Successfully assigned default/nginx-ingress-7f5885d87c-llslp to minikube', 'dateevent': '2023-01-30 13:01:26+00:00'}
root - WARNING - 

-----------------------------------------
root - WARNING - 

-----------------------------------------
root - WARNING - General Log - 
root - WARNING - {'name': 'nginx-ingress-7f5885d87c-llslp.173f17bd43cde26a', 'type': 'Warning', 'message': 'MountVolume.SetUp failed for volume "nginx-ingress-token-ttzht" : failed to sync secret cache: timed out waiting for the condition', 'dateevent': '2023-01-30 13:01:28+00:00'}
root - WARNING - 

-----------------------------------------
root - WARNING - 

-----------------------------------------
root - WARNING - General Log - 
root - WARNING - {'name': 'nginx-ingress-7f5885d87c-llslp.173f17bd848deb14', 'type': 'Normal', 'message': 'Pulling image "nginx/nginx-ingress:1.7.0"', 'dateevent': '2023-01-30 13:01:29+00:00'}
root - WARNING - 

-----------------------------------------
root - WARNING - 

-----------------------------------------
root - WARNING - General Log - 
root - WARNING - {'name': 'nginx-ingress-7f5885d87c-llslp.173f17d4e5679f1f', 'type': 'Warning', 'message': 'Failed to pull image "nginx/nginx-ingress:1.7.0": rpc error: code = Unknown desc = Error response from daemon: Head "https://registry-1.docker.io/v2/nginx/nginx-ingress/manifests/1.7.0": Get "https://auth.docker.io/token?scope=repository%3Anginx%2Fnginx-ingress%3Apull&service=registry.docker.io": dial tcp: lookup auth.docker.io on 172.27.176.1:53: read udp 172.27.181.78:40912->172.27.176.1:53: i/o timeout', 'dateevent': '2023-01-30 13:03:09+00:00'}
root - WARNING - 

-----------------------------------------
root - WARNING - 

-----------------------------------------
root - WARNING - General Log - 
root - WARNING - {'name': 'nginx-ingress-7f5885d87c-llslp.173f17d4e567da1a', 'type': 'Warning', 'message': 'Error: ErrImagePull', 'dateevent': '2023-01-30 13:03:09+00:00'}
root - WARNING - 

-----------------------------------------
root - WARNING - 

-----------------------------------------
root - WARNING - General Log - 
root - WARNING - {'name': 'nginx-ingress-7f5885d87c-llslp.173f17d51500ea6b', 'type': 'Normal', 'message': 'Back-off pulling image "nginx/nginx-ingress:1.7.0"', 'dateevent': '2023-01-30 13:03:10+00:00'}
root - WARNING - 

-----------------------------------------
root - WARNING - 

-----------------------------------------
root - WARNING - General Log - 
root - WARNING - {'name': 'nginx-ingress-7f5885d87c-llslp.173f17d515019ee0', 'type': 'Warning', 'message': 'Error: ImagePullBackOff', 'dateevent': '2023-01-30 13:03:10+00:00'}
root - WARNING - 

-----------------------------------------
root - WARNING - 

-----------------------------------------
root - WARNING - General Log - 
root - WARNING - {'name': 'nginx-ingress-7f5885d87c-llslp.173f180ed9c0b835', 'type': 'Warning', 'message': 'Failed to pull image "nginx/nginx-ingress:1.7.0": rpc error: code = Unknown desc = Error response from daemon: Head "https://registry-1.docker.io/v2/nginx/nginx-ingress/manifests/1.7.0": Get "https://auth.docker.io/token?scope=repository%3Anginx%2Fnginx-ingress%3Apull&service=registry.docker.io": dial tcp: lookup auth.docker.io on 172.27.176.1:53: read udp 172.27.181.78:43973->172.27.176.1:53: i/o timeout', 'dateevent': '2023-01-30 13:07:18+00:00'}
root - WARNING - 

-----------------------------------------
root - WARNING - 

-----------------------------------------
root - WARNING - General Log - 
root - WARNING - {'name': 'nginx-ingress-7f5885d87c-llslp.173f186d258e2c02', 'type': 'Warning', 'message': 'Failed to pull image "nginx/nginx-ingress:1.7.0": rpc error: code = Unknown desc = Error response from daemon: Get "https://registry-1.docker.io/v2/": dial tcp: lookup registry-1.docker.io on 172.27.176.1:53: read udp 172.27.181.78:57688->172.27.176.1:53: i/o timeout', 'dateevent': '2023-01-30 13:14:03+00:00'}
root - WARNING - 

-----------------------------------------
root - WARNING - 

-----------------------------------------
root - WARNING - General Log - 
root - WARNING - {'name': 'nginx-ingress-7f5885d87c-llslp.173f187d096ebea8', 'type': 'Warning', 'message': 'Failed to pull image "nginx/nginx-ingress:1.7.0": rpc error: code = Unknown desc = Error response from daemon: Get "https://registry-1.docker.io/v2/": dial tcp: lookup registry-1.docker.io on 172.27.176.1:53: read udp 172.27.181.78:58907->172.27.176.1:53: i/o timeout', 'dateevent': '2023-01-30 13:15:11+00:00'}
root - WARNING - 

-----------------------------------------
root - WARNING - 

-----------------------------------------
root - WARNING - General Log - 
root - WARNING - {'name': 'nginx-ingress-7f5885d87c.173f17bcf9d6620f', 'type': 'Warning', 'message': 'Error creating: pods "nginx-ingress-7f5885d87c-" is forbidden: error looking up service account default/nginx-ingress: serviceaccount "nginx-ingress" not found', 'dateevent': '2023-01-30 13:01:26+00:00'}
root - WARNING - 

-----------------------------------------
root - WARNING - 

-----------------------------------------
root - WARNING - General Log - 
root - WARNING - {'name': 'nginx-ingress-7f5885d87c.173f17bcfe5ff52b', 'type': 'Normal', 'message': 'Created pod: nginx-ingress-7f5885d87c-llslp', 'dateevent': '2023-01-30 13:01:26+00:00'}
root - WARNING - 

-----------------------------------------
root - WARNING - 

-----------------------------------------
root - WARNING - General Log - 
root - WARNING - {'name': 'nginx-ingress.173f17bcf91f5080', 'type': 'Normal', 'message': 'Scaled up replica set nginx-ingress-7f5885d87c to 1', 'dateevent': '2023-01-30 13:01:26+00:00'}
root - WARNING - 

-----------------------------------------
root - WARNING - 

-----------------------------------------
root - WARNING - General Log - 
root - WARNING - {'name': 'prometheus-7d59995979-km24l.173f17bc787d18ed', 'type': 'Normal', 'message': 'Successfully assigned default/prometheus-7d59995979-km24l to minikube', 'dateevent': '2023-01-30 13:01:24+00:00'}
root - WARNING - 

-----------------------------------------
root - WARNING - 

-----------------------------------------
root - WARNING - General Log - 
root - WARNING - {'name': 'prometheus-7d59995979-km24l.173f17bcb88f2622', 'type': 'Normal', 'message': 'Pulling image "prom/prometheus:v2.16.0"', 'dateevent': '2023-01-30 13:01:25+00:00'}
root - WARNING - 

-----------------------------------------
root - WARNING - 

-----------------------------------------
root - WARNING - General Log - 
root - WARNING - {'name': 'prometheus-7d59995979-km24l.173f17c978b45ba9', 'type': 'Normal', 'message': 'Successfully pulled image "prom/prometheus:v2.16.0"', 'dateevent': '2023-01-30 13:02:20+00:00'}
root - WARNING - 

-----------------------------------------
root - WARNING - 

-----------------------------------------
root - WARNING - General Log - 
root - WARNING - {'name': 'prometheus-7d59995979-km24l.173f17c9d1afa300', 'type': 'Normal', 'message': 'Created container prometheus', 'dateevent': '2023-01-30 13:02:21+00:00'}
root - WARNING - 

-----------------------------------------
root - WARNING - 

-----------------------------------------
root - WARNING - General Log - 
root - WARNING - {'name': 'prometheus-7d59995979-km24l.173f17c9df352774', 'type': 'Normal', 'message': 'Started container prometheus', 'dateevent': '2023-01-30 13:02:22+00:00'}
root - WARNING - 

-----------------------------------------
root - WARNING - 

-----------------------------------------
root - WARNING - General Log - 
root - WARNING - {'name': 'prometheus-7d59995979.173f17bc77ad7ae7', 'type': 'Normal', 'message': 'Created pod: prometheus-7d59995979-km24l', 'dateevent': '2023-01-30 13:01:24+00:00'}
root - WARNING - 

-----------------------------------------
root - WARNING - 

-----------------------------------------
root - WARNING - General Log - 
root - WARNING - {'name': 'prometheus.173f17bc76e1a8b8', 'type': 'Normal', 'message': 'Scaled up replica set prometheus-7d59995979 to 1', 'dateevent': '2023-01-30 13:01:24+00:00'}
root - WARNING - 

-----------------------------------------
root - WARNING - 

-----------------------------------------
root - WARNING - General Log - 
root - WARNING - {'name': 'scalabilitya-858689ddbc-b5fp6.173f17bdc002b8dd', 'type': 'Normal', 'message': 'Successfully assigned default/scalabilitya-858689ddbc-b5fp6 to minikube', 'dateevent': '2023-01-30 13:01:30+00:00'}
root - WARNING - 

-----------------------------------------
root - WARNING - 

-----------------------------------------
root - WARNING - 

Captured event for Metacontroller and microcontrollers: 
root - WARNING - 

 MetaController has adapted the microcontrollers.
root - WARNING - {'name': 'scalabilitya-858689ddbc-b5fp6.173f17bdc002b8dd', 'type': 'Normal', 'message': 'Successfully assigned default/scalabilitya-858689ddbc-b5fp6 to minikube', 'dateevent': '2023-01-30 13:01:30+00:00'}
root - WARNING - 

-----------------------------------------
root - WARNING - 

-----------------------------------------
root - WARNING - General Log - 
root - WARNING - {'name': 'scalabilitya-858689ddbc-b5fp6.173f17be0c22f991', 'type': 'Normal', 'message': 'Pulling image "cmendes/kubow:yellow-2"', 'dateevent': '2023-01-30 13:01:31+00:00'}
root - WARNING - 

-----------------------------------------
root - WARNING - 

-----------------------------------------
root - WARNING - 

Captured event for Metacontroller and microcontrollers: 
root - WARNING - 

 MetaController has adapted the microcontrollers.
root - WARNING - {'name': 'scalabilitya-858689ddbc-b5fp6.173f17be0c22f991', 'type': 'Normal', 'message': 'Pulling image "cmendes/kubow:yellow-2"', 'dateevent': '2023-01-30 13:01:31+00:00'}
root - WARNING - 

-----------------------------------------
root - WARNING - 

-----------------------------------------
root - WARNING - General Log - 
root - WARNING - {'name': 'scalabilitya-858689ddbc-b5fp6.173f17e5fa9a0675', 'type': 'Normal', 'message': 'Successfully pulled image "cmendes/kubow:yellow-2"', 'dateevent': '2023-01-30 13:04:22+00:00'}
root - WARNING - 

-----------------------------------------
root - WARNING - 

-----------------------------------------
root - WARNING - 

Captured event for Metacontroller and microcontrollers: 
root - WARNING - 

 MetaController has adapted the microcontrollers.
root - WARNING - {'name': 'scalabilitya-858689ddbc-b5fp6.173f17e5fa9a0675', 'type': 'Normal', 'message': 'Successfully pulled image "cmendes/kubow:yellow-2"', 'dateevent': '2023-01-30 13:04:22+00:00'}
root - WARNING - 

-----------------------------------------
root - WARNING - 

-----------------------------------------
root - WARNING - General Log - 
root - WARNING - {'name': 'scalabilitya-858689ddbc-b5fp6.173f17e6b6a9478d', 'type': 'Normal', 'message': 'Created container kubow', 'dateevent': '2023-01-30 13:04:26+00:00'}
root - WARNING - 

-----------------------------------------
root - WARNING - 

-----------------------------------------
root - WARNING - 

Captured event for Metacontroller and microcontrollers: 
root - WARNING - 

 MetaController has adapted the microcontrollers.
root - WARNING - {'name': 'scalabilitya-858689ddbc-b5fp6.173f17e6b6a9478d', 'type': 'Normal', 'message': 'Created container kubow', 'dateevent': '2023-01-30 13:04:26+00:00'}
root - WARNING - 

-----------------------------------------
root - WARNING - 

-----------------------------------------
root - WARNING - General Log - 
root - WARNING - {'name': 'scalabilitya-858689ddbc-b5fp6.173f17e6c3775505', 'type': 'Normal', 'message': 'Started container kubow', 'dateevent': '2023-01-30 13:04:26+00:00'}
root - WARNING - 

-----------------------------------------
root - WARNING - 

-----------------------------------------
root - WARNING - 

Captured event for Metacontroller and microcontrollers: 
root - WARNING - 

 MetaController has adapted the microcontrollers.
root - WARNING - {'name': 'scalabilitya-858689ddbc-b5fp6.173f17e6c3775505', 'type': 'Normal', 'message': 'Started container kubow', 'dateevent': '2023-01-30 13:04:26+00:00'}
root - WARNING - 

-----------------------------------------
root - WARNING - 

-----------------------------------------
root - WARNING - General Log - 
root - WARNING - {'name': 'scalabilitya-858689ddbc.173f17bdbf9c6537', 'type': 'Normal', 'message': 'Created pod: scalabilitya-858689ddbc-b5fp6', 'dateevent': '2023-01-30 13:01:30+00:00'}
root - WARNING - 

-----------------------------------------
root - WARNING - 

-----------------------------------------
root - WARNING - 

Captured event for Metacontroller and microcontrollers: 
root - WARNING - 

 MetaController has adapted the microcontrollers.
root - WARNING - {'name': 'scalabilitya-858689ddbc.173f17bdbf9c6537', 'type': 'Normal', 'message': 'Created pod: scalabilitya-858689ddbc-b5fp6', 'dateevent': '2023-01-30 13:01:30+00:00'}
root - WARNING - 

-----------------------------------------
root - WARNING - 

-----------------------------------------
root - WARNING - General Log - 
root - WARNING - {'name': 'scalabilitya.173f17bdbef492e9', 'type': 'Normal', 'message': 'Scaled up replica set scalabilitya-858689ddbc to 1', 'dateevent': '2023-01-30 13:01:30+00:00'}
root - WARNING - 

-----------------------------------------
root - WARNING - 

-----------------------------------------
root - WARNING - 

Captured event for Metacontroller and microcontrollers: 
root - WARNING - 

 MetaController has adapted the microcontrollers.
root - WARNING - {'name': 'scalabilitya.173f17bdbef492e9', 'type': 'Normal', 'message': 'Scaled up replica set scalabilitya-858689ddbc to 1', 'dateevent': '2023-01-30 13:01:30+00:00'}
root - WARNING - 

-----------------------------------------
root - WARNING - 

-----------------------------------------
root - WARNING - General Log - 
root - WARNING - {'name': 'coredns-5644d7b6d9-jvxqs.173f17bb2dbda083', 'type': 'Normal', 'message': 'Successfully assigned kube-system/coredns-5644d7b6d9-jvxqs to minikube', 'dateevent': '2023-01-30 13:01:19+00:00'}
root - WARNING - 

-----------------------------------------
root - WARNING - 

-----------------------------------------
root - WARNING - General Log - 
root - WARNING - {'name': 'coredns-5644d7b6d9-jvxqs.173f17bb54ff2dbf', 'type': 'Normal', 'message': 'Container image "k8s.gcr.io/coredns:1.6.2" already present on machine', 'dateevent': '2023-01-30 13:01:19+00:00'}
root - WARNING - 

-----------------------------------------
root - WARNING - 

-----------------------------------------
root - WARNING - General Log - 
root - WARNING - {'name': 'coredns-5644d7b6d9-jvxqs.173f17bb584f3857', 'type': 'Normal', 'message': 'Created container coredns', 'dateevent': '2023-01-30 13:01:19+00:00'}
root - WARNING - 

-----------------------------------------
root - WARNING - 

-----------------------------------------
root - WARNING - General Log - 
root - WARNING - {'name': 'coredns-5644d7b6d9-jvxqs.173f17bb613c5765', 'type': 'Normal', 'message': 'Started container coredns', 'dateevent': '2023-01-30 13:01:19+00:00'}
root - WARNING - 

-----------------------------------------
root - WARNING - 

-----------------------------------------
root - WARNING - General Log - 
root - WARNING - {'name': 'coredns-5644d7b6d9-jvxqs.173f17bb9f69c8b5', 'type': 'Warning', 'message': 'Readiness probe failed: HTTP probe failed with statuscode: 503', 'dateevent': '2023-01-30 13:01:21+00:00'}
root - WARNING - 

-----------------------------------------
root - WARNING - 

-----------------------------------------
root - WARNING - General Log - 
root - WARNING - {'name': 'coredns-5644d7b6d9.173f17bb2d8e9415', 'type': 'Normal', 'message': 'Created pod: coredns-5644d7b6d9-jvxqs', 'dateevent': '2023-01-30 13:01:19+00:00'}
root - WARNING - 

-----------------------------------------
root - WARNING - 

-----------------------------------------
root - WARNING - General Log - 
root - WARNING - {'name': 'coredns.173f17bb2d238ec2', 'type': 'Normal', 'message': 'Scaled up replica set coredns-5644d7b6d9 to 1', 'dateevent': '2023-01-30 13:01:19+00:00'}
root - WARNING - 

-----------------------------------------
root - WARNING - 

-----------------------------------------
root - WARNING - General Log - 
root - WARNING - {'name': 'etcd-minikube.173f17b62f505b98', 'type': 'Normal', 'message': 'Container image "k8s.gcr.io/etcd:3.3.15-0" already present on machine', 'dateevent': '2023-01-30 13:01:06+00:00'}
root - WARNING - 

-----------------------------------------
root - WARNING - 

-----------------------------------------
root - WARNING - General Log - 
root - WARNING - {'name': 'etcd-minikube.173f17b634a9ab8e', 'type': 'Normal', 'message': 'Created container etcd', 'dateevent': '2023-01-30 13:01:07+00:00'}
root - WARNING - 

-----------------------------------------
root - WARNING - 

-----------------------------------------
root - WARNING - General Log - 
root - WARNING - {'name': 'etcd-minikube.173f17b64223f7c5', 'type': 'Normal', 'message': 'Started container etcd', 'dateevent': '2023-01-30 13:01:08+00:00'}
root - WARNING - 

-----------------------------------------
root - WARNING - 

-----------------------------------------
root - WARNING - General Log - 
root - WARNING - {'name': 'k8s.io-minikube-hostpath.173f17c2bf80ed4f', 'type': 'Normal', 'message': 'minikube_3e0b5651-2b8c-4b5b-b318-a6e0c54d7623 became leader', 'dateevent': '2023-01-30 13:01:51+00:00'}
root - WARNING - 

-----------------------------------------
root - WARNING - 

-----------------------------------------
root - WARNING - General Log - 
root - WARNING - {'name': 'kube-apiserver-minikube.173f17b631a43476', 'type': 'Normal', 'message': 'Container image "k8s.gcr.io/kube-apiserver:v1.16.10" already present on machine', 'dateevent': '2023-01-30 13:01:06+00:00'}
root - WARNING - 

-----------------------------------------
root - WARNING - 

-----------------------------------------
root - WARNING - General Log - 
root - WARNING - {'name': 'kube-apiserver-minikube.173f17b636875075', 'type': 'Normal', 'message': 'Created container kube-apiserver', 'dateevent': '2023-01-30 13:01:07+00:00'}
root - WARNING - 

-----------------------------------------
root - WARNING - 

-----------------------------------------
root - WARNING - General Log - 
root - WARNING - {'name': 'kube-apiserver-minikube.173f17b6437ff865', 'type': 'Normal', 'message': 'Started container kube-apiserver', 'dateevent': '2023-01-30 13:01:08+00:00'}
root - WARNING - 

-----------------------------------------
root - WARNING - 

-----------------------------------------
root - WARNING - General Log - 
root - WARNING - {'name': 'kube-controller-manager-minikube.173f17b62fee1e30', 'type': 'Normal', 'message': 'Container image "k8s.gcr.io/kube-controller-manager:v1.16.10" already present on machine', 'dateevent': '2023-01-30 13:01:06+00:00'}
root - WARNING - 

-----------------------------------------
root - WARNING - 

-----------------------------------------
root - WARNING - General Log - 
root - WARNING - {'name': 'kube-controller-manager-minikube.173f17b634a9bb92', 'type': 'Normal', 'message': 'Created container kube-controller-manager', 'dateevent': '2023-01-30 13:01:07+00:00'}
root - WARNING - 

-----------------------------------------
root - WARNING - 

-----------------------------------------
root - WARNING - General Log - 
root - WARNING - {'name': 'kube-controller-manager-minikube.173f17b64328a6e5', 'type': 'Normal', 'message': 'Started container kube-controller-manager', 'dateevent': '2023-01-30 13:01:08+00:00'}
root - WARNING - 

-----------------------------------------
root - WARNING - 

-----------------------------------------
root - WARNING - General Log - 
root - WARNING - {'name': 'kube-proxy-x5j6p.173f17bb3c5b55f8', 'type': 'Normal', 'message': 'Successfully assigned kube-system/kube-proxy-x5j6p to minikube', 'dateevent': '2023-01-30 13:01:19+00:00'}
root - WARNING - 

-----------------------------------------
root - WARNING - 

-----------------------------------------
root - WARNING - General Log - 
root - WARNING - {'name': 'kube-proxy-x5j6p.173f17bb931e9320', 'type': 'Normal', 'message': 'Container image "k8s.gcr.io/kube-proxy:v1.16.10" already present on machine', 'dateevent': '2023-01-30 13:01:20+00:00'}
root - WARNING - 

-----------------------------------------
root - WARNING - 

-----------------------------------------
root - WARNING - General Log - 
root - WARNING - {'name': 'kube-proxy-x5j6p.173f17bb96d044ed', 'type': 'Normal', 'message': 'Created container kube-proxy', 'dateevent': '2023-01-30 13:01:20+00:00'}
root - WARNING - 

-----------------------------------------
root - WARNING - 

-----------------------------------------
root - WARNING - General Log - 
root - WARNING - {'name': 'kube-proxy-x5j6p.173f17bb9e2a1895', 'type': 'Normal', 'message': 'Started container kube-proxy', 'dateevent': '2023-01-30 13:01:20+00:00'}
root - WARNING - 

-----------------------------------------
root - WARNING - 

-----------------------------------------
root - WARNING - General Log - 
root - WARNING - {'name': 'kube-proxy.173f17bb3bb6e02a', 'type': 'Normal', 'message': 'Created pod: kube-proxy-x5j6p', 'dateevent': '2023-01-30 13:01:19+00:00'}
root - WARNING - 

-----------------------------------------
root - WARNING - 

-----------------------------------------
root - WARNING - General Log - 
root - WARNING - {'name': 'kube-scheduler-minikube.173f17b62e8016a9', 'type': 'Normal', 'message': 'Container image "k8s.gcr.io/kube-scheduler:v1.16.10" already present on machine', 'dateevent': '2023-01-30 13:01:06+00:00'}
root - WARNING - 

-----------------------------------------
root - WARNING - 

-----------------------------------------
root - WARNING - General Log - 
root - WARNING - {'name': 'kube-scheduler-minikube.173f17b63474243a', 'type': 'Normal', 'message': 'Created container kube-scheduler', 'dateevent': '2023-01-30 13:01:07+00:00'}
root - WARNING - 

-----------------------------------------
root - WARNING - 

-----------------------------------------
root - WARNING - General Log - 
root - WARNING - {'name': 'kube-scheduler-minikube.173f17b6415f2f41', 'type': 'Normal', 'message': 'Started container kube-scheduler', 'dateevent': '2023-01-30 13:01:07+00:00'}
root - WARNING - 

-----------------------------------------
root - WARNING - 

-----------------------------------------
root - WARNING - General Log - 
root - WARNING - {'name': 'metrics-server-9c97ff6d4-bwpgs.173f17bc7312853f', 'type': 'Normal', 'message': 'Successfully assigned kube-system/metrics-server-9c97ff6d4-bwpgs to minikube', 'dateevent': '2023-01-30 13:01:24+00:00'}
root - WARNING - 

-----------------------------------------
root - WARNING - 

-----------------------------------------
root - WARNING - General Log - 
root - WARNING - {'name': 'metrics-server-9c97ff6d4-bwpgs.173f17bca818a351', 'type': 'Normal', 'message': 'Pulling image "k8s.gcr.io/metrics-server-amd64:v0.3.6"', 'dateevent': '2023-01-30 13:01:25+00:00'}
root - WARNING - 

-----------------------------------------
root - WARNING - 

-----------------------------------------
root - WARNING - General Log - 
root - WARNING - {'name': 'metrics-server-9c97ff6d4-bwpgs.173f17c24eef38fb', 'type': 'Normal', 'message': 'Successfully pulled image "k8s.gcr.io/metrics-server-amd64:v0.3.6"', 'dateevent': '2023-01-30 13:01:49+00:00'}
root - WARNING - 

-----------------------------------------
root - WARNING - 

-----------------------------------------
root - WARNING - General Log - 
root - WARNING - {'name': 'metrics-server-9c97ff6d4-bwpgs.173f17c261f62b55', 'type': 'Normal', 'message': 'Created container metrics-server', 'dateevent': '2023-01-30 13:01:50+00:00'}
root - WARNING - 

-----------------------------------------
root - WARNING - 

-----------------------------------------
root - WARNING - General Log - 
root - WARNING - {'name': 'metrics-server-9c97ff6d4-bwpgs.173f17c2702305e3', 'type': 'Normal', 'message': 'Started container metrics-server', 'dateevent': '2023-01-30 13:01:50+00:00'}
root - WARNING - 

-----------------------------------------
root - WARNING - 

-----------------------------------------
root - WARNING - General Log - 
root - WARNING - {'name': 'metrics-server-9c97ff6d4.173f17bc728d4854', 'type': 'Normal', 'message': 'Created pod: metrics-server-9c97ff6d4-bwpgs', 'dateevent': '2023-01-30 13:01:24+00:00'}
root - WARNING - 

-----------------------------------------
root - WARNING - 

-----------------------------------------
root - WARNING - General Log - 
root - WARNING - {'name': 'metrics-server.173f17bc71d53ae6', 'type': 'Normal', 'message': 'Scaled up replica set metrics-server-9c97ff6d4 to 1', 'dateevent': '2023-01-30 13:01:24+00:00'}
root - WARNING - 

-----------------------------------------
root - WARNING - 

-----------------------------------------
root - WARNING - General Log - 
root - WARNING - {'name': 'storage-provisioner.173f17b89cb8b08b', 'type': 'Warning', 'message': "0/1 nodes are available: 1 node(s) had taints that the pod didn't tolerate.", 'dateevent': '2023-01-30 13:01:08+00:00'}
root - WARNING - 

-----------------------------------------
root - WARNING - 

-----------------------------------------
root - WARNING - General Log - 
root - WARNING - {'name': 'storage-provisioner.173f17bb2ac1e6fb', 'type': 'Normal', 'message': 'Successfully assigned kube-system/storage-provisioner to minikube', 'dateevent': '2023-01-30 13:01:19+00:00'}
root - WARNING - 

-----------------------------------------
root - WARNING - 

-----------------------------------------
root - WARNING - General Log - 
root - WARNING - {'name': 'storage-provisioner.173f17bb8077897e', 'type': 'Normal', 'message': 'Container image "gcr.io/k8s-minikube/storage-provisioner:v5" already present on machine', 'dateevent': '2023-01-30 13:01:20+00:00'}
root - WARNING - 

-----------------------------------------
root - WARNING - 

-----------------------------------------
root - WARNING - General Log - 
root - WARNING - {'name': 'storage-provisioner.173f17bb846f30bd', 'type': 'Normal', 'message': 'Created container storage-provisioner', 'dateevent': '2023-01-30 13:01:20+00:00'}
root - WARNING - 

-----------------------------------------
root - WARNING - 

-----------------------------------------
root - WARNING - General Log - 
root - WARNING - {'name': 'storage-provisioner.173f17bb8f12a9c1', 'type': 'Normal', 'message': 'Started container storage-provisioner', 'dateevent': '2023-01-30 13:01:20+00:00'}
root - WARNING - 

-----------------------------------------
