Reading file: automatingDataGeneration.sh
Reading file: CLong10
Reading file: CLong10.7z
Reading file: Evaluation-ZNN.7z
Reading file: fidelitya-778c6c6b8b-5mtfp_tracing_20230129_075829.log

fidelitya data

2023-01-29 11:00:59 : t0:raiseFidelity

2023-01-29 11:01:04 : t0:raiseFidelity

2023-01-29 11:01:34 : t0:raiseFidelity

2023-01-29 11:01:39 : t0:raiseFidelity

2023-01-29 11:01:44 : t0:raiseFidelity

2023-01-29 11:01:49 : t0:raiseFidelity

2023-01-29 11:01:54 : t0:raiseFidelity

2023-01-29 11:01:59 : t0:raiseFidelity

2023-01-29 11:02:04 : t0:raiseFidelity

2023-01-29 11:02:09 : t0:raiseFidelity

2023-01-29 11:02:14 : t0:raiseFidelity

2023-01-29 11:02:19 : t0:raiseFidelity

2023-01-29 11:02:24 : t0:raiseFidelity

2023-01-29 11:02:29 : t0:raiseFidelity

2023-01-29 11:02:34 : t0:raiseFidelity

2023-01-29 11:02:39 : t0:raiseFidelity

2023-01-29 11:02:44 : t0:raiseFidelity

2023-01-29 11:02:49 : t0:raiseFidelity

2023-01-29 11:02:54 : t0:raiseFidelity

2023-01-29 11:02:59 : t0:raiseFidelity

2023-01-29 11:03:04 : t0:raiseFidelity

2023-01-29 11:03:09 : t0:raiseFidelity

2023-01-29 11:03:14 : t0:raiseFidelity

2023-01-29 11:03:19 : t0:raiseFidelity

2023-01-29 11:03:24 : t0:raiseFidelity

2023-01-29 11:03:29 : t0:raiseFidelity

2023-01-29 11:03:34 : t0:raiseFidelity

2023-01-29 11:03:39 : t0:raiseFidelity

2023-01-29 11:03:44 : t0:raiseFidelity

2023-01-29 11:03:49 : t0:raiseFidelity

2023-01-29 11:03:54 : t0:raiseFidelity

2023-01-29 11:03:59 : t0:raiseFidelity

2023-01-29 11:04:04 : t0:raiseFidelity

2023-01-29 11:04:09 : t0:raiseFidelity

2023-01-29 11:04:14 : t0:raiseFidelity

2023-01-29 11:04:19 : t0:raiseFidelity

2023-01-29 11:04:24 : t0:raiseFidelity

2023-01-29 11:04:29 : t0:raiseFidelity

2023-01-29 11:04:34 : t0:raiseFidelity

2023-01-29 11:04:39 : t0:raiseFidelity

2023-01-29 11:04:44 : t0:raiseFidelity

2023-01-29 11:04:49 : t0:raiseFidelity

2023-01-29 11:04:54 : t0:raiseFidelity

2023-01-29 11:04:59 : t0:raiseFidelity

2023-01-29 11:05:04 : t0:raiseFidelity

2023-01-29 11:05:09 : t0:raiseFidelity

2023-01-29 11:05:14 : t0:raiseFidelity

2023-01-29 11:05:19 : t0:raiseFidelity

2023-01-29 11:05:24 : t0:raiseFidelity

2023-01-29 11:05:29 : t0:raiseFidelity

2023-01-29 11:05:34 : t0:raiseFidelity

2023-01-29 11:05:39 : t0:raiseFidelity

2023-01-29 11:05:44 : t0:raiseFidelity

2023-01-29 11:05:49 : t0:raiseFidelity

2023-01-29 11:05:54 : t0:raiseFidelity

2023-01-29 11:05:59 : t0:raiseFidelity

2023-01-29 11:06:04 : t0:raiseFidelity

2023-01-29 11:06:09 : t0:raiseFidelity

2023-01-29 11:06:14 : t0:raiseFidelity

2023-01-29 11:06:19 : t0:raiseFidelity

2023-01-29 11:06:24 : t0:raiseFidelity

2023-01-29 11:06:29 : t0:raiseFidelity

2023-01-29 11:06:34 : t0:raiseFidelity

2023-01-29 11:06:39 : t0:raiseFidelity

2023-01-29 11:06:44 : t0:raiseFidelity

2023-01-29 11:06:49 : t0:raiseFidelity

2023-01-29 11:06:54 : t0:raiseFidelity

2023-01-29 11:06:59 : t0:raiseFidelity

2023-01-29 11:07:04 : t0:raiseFidelity

2023-01-29 11:07:09 : t0:raiseFidelity

2023-01-29 11:07:14 : t0:raiseFidelity

2023-01-29 11:07:19 : t0:raiseFidelity

2023-01-29 11:07:24 : t0:raiseFidelity

2023-01-29 11:07:29 : t0:raiseFidelity

2023-01-29 11:07:34 : t0:raiseFidelity

2023-01-29 11:07:39 : t0:raiseFidelity

Reading file: generateLogs002528
Reading file: generateLogs005657
Reading file: generateLogs011949
Reading file: generateLogs015458
Reading file: generateLogs022424
Reading file: generateLogs025408
Reading file: generateLogs032409
Reading file: generateLogs034605
Reading file: generateLogs041624
Reading file: generateLogs044544
Reading file: generateLogs051646
Reading file: generateLogs054708
Reading file: generateLogs061637
Reading file: generateLogs064759
Reading file: generateLogs071655
Reading file: generateLogs074608
Reading file: generateLogs121929
Reading file: generateLogs124558
Reading file: generateLogs131507
Reading file: generateLogs134342
Reading file: generateLogs140938
Reading file: generateLogs144032
Reading file: generateLogs150618
Reading file: generateLogs153301
Reading file: generateLogs155714
Reading file: generateLogs162553
Reading file: generateLogs164354
Reading file: generateLogs171441
Reading file: generateLogs174448
Reading file: generateLogs181031
Reading file: generateLogs184508
Reading file: generateLogs190356
Reading file: generateLogs192553
Reading file: generateLogs195446
Reading file: generateLogs2.sh
Reading file: generateLogs202030
Reading file: generateLogs205105
Reading file: generateLogs211405
Reading file: generateLogs214402
Reading file: generateLogs221119
Reading file: generateLogs225030
Reading file: generateLogs230943
Reading file: generateLogs232434
Reading file: k6-4tmhk_tracing_20230129_075829.log
Reading file: metacontroller-kubow-8479d7588d-8hcsk_tracing_20230129_075829.log

MetaController data

2023-01-29 10:59:18 : t0:activateLowScalabilityHighQuality

2023-01-29 10:59:28 : t0:addLowScalabilityLowQuality

2023-01-29 11:00:28 : t0:addHighScalabilityHighQuality

Reading file: README.md
Reading file: scalabilitya-78d6cbbc7d-gtrb7_tracing_20230129_075829.log

scalabilitya data

2023-01-29 11:00:56 : t0:removeReplica

2023-01-29 11:01:31 : t0:removeReplica

Reading file: summary-trace-znn.log
Reading file: temp
Reading file: temp2701
Reading file: test
Reading file: tools
Reading file: traceznn_20230129_075829.log

Trace znn data

{'name': 'kube-znn-db.173ec205cb3d17a6', 'type': 'Normal', 'message': 'Scaled up replica set kube-znn-db-6cc48797cf to 1', 'dateevent': '2023-01-29 10:50:41+00:00', 'image': 'cmendes/znn:800k', 'replicas': 2, 'imageChanges': 0, 'replicasChanges': 1}

{'name': 'kube-znn.173ec205c998fde7', 'type': 'Normal', 'message': 'Scaled up replica set kube-znn-68bd9d6b5b to 1', 'dateevent': '2023-01-29 10:50:41+00:00', 'image': 'cmendes/znn:800k', 'replicas': 2, 'imageChanges': 0, 'replicasChanges': 1}

{'name': 'kube-znn.173ec250f87e2d9b', 'type': 'Normal', 'message': 'Scaled up replica set kube-znn-68bd9d6b5b to 2', 'dateevent': '2023-01-29 10:56:04+00:00', 'image': 'cmendes/znn:800k', 'replicas': 2, 'imageChanges': 0, 'replicasChanges': 1}

{'name': 'kube-znn.173ec252d3c97ff1', 'type': 'Normal', 'message': 'Scaled up replica set kube-znn-68bd9d6b5b to 3', 'dateevent': '2023-01-29 10:56:12+00:00', 'image': 'cmendes/znn:800k', 'replicas': 2, 'imageChanges': 0, 'replicasChanges': 1}

{'name': 'kube-znn.173ec253ff15933e', 'type': 'Normal', 'message': 'Scaled up replica set kube-znn-68bd9d6b5b to 4', 'dateevent': '2023-01-29 10:56:17+00:00', 'image': 'cmendes/znn:800k', 'replicas': 2, 'imageChanges': 0, 'replicasChanges': 1}

{'name': 'kube-znn.173ec25c233292b4', 'type': 'Normal', 'message': 'Scaled down replica set kube-znn-68bd9d6b5b to 3', 'dateevent': '2023-01-29 10:56:52+00:00', 'image': 'cmendes/znn:800k', 'replicas': 2, 'imageChanges': 0, 'replicasChanges': 1}

{'name': 'kube-znn.173ec25d47d6becb', 'type': 'Normal', 'message': 'Scaled down replica set kube-znn-68bd9d6b5b to 2', 'dateevent': '2023-01-29 10:56:57+00:00', 'image': 'cmendes/znn:800k', 'replicas': 2, 'imageChanges': 0, 'replicasChanges': 1}

{'name': 'kube-znn.173ec252d3c97ff1', 'type': 'Normal', 'message': 'Scaled up replica set kube-znn-68bd9d6b5b to 3', 'dateevent': '2023-01-29 10:56:12+00:00', 'image': 'cmendes/znn:800k', 'replicas': 3, 'imageChanges': 0, 'replicasChanges': 2}

{'name': 'kube-znn.173ec253ff15933e', 'type': 'Normal', 'message': 'Scaled up replica set kube-znn-68bd9d6b5b to 4', 'dateevent': '2023-01-29 10:56:17+00:00', 'image': 'cmendes/znn:800k', 'replicas': 4, 'imageChanges': 0, 'replicasChanges': 3}

{'name': 'kube-znn.173ec276e4282381', 'type': 'Normal', 'message': 'Scaled up replica set kube-znn-68bd9d6b5b to 5', 'dateevent': '2023-01-29 10:58:47+00:00', 'image': 'cmendes/znn:800k', 'replicas': 5, 'imageChanges': 0, 'replicasChanges': 4}

{'name': 'kube-znn.173ec2780b31cbb5', 'type': 'Normal', 'message': 'Scaled up replica set kube-znn-68bd9d6b5b to 6', 'dateevent': '2023-01-29 10:58:52+00:00', 'image': 'cmendes/znn:800k', 'replicas': 6, 'imageChanges': 0, 'replicasChanges': 5}

{'name': 'kube-znn.173ec279361bc1e1', 'type': 'Normal', 'message': 'Scaled up replica set kube-znn-68bd9d6b5b to 7', 'dateevent': '2023-01-29 10:58:57+00:00', 'image': 'cmendes/znn:800k', 'replicas': 7, 'imageChanges': 0, 'replicasChanges': 6}

{'name': 'kube-znn.173ec27a5f816f2e', 'type': 'Normal', 'message': '(combined from similar events): Scaled up replica set kube-znn-68bd9d6b5b to 8', 'dateevent': '2023-01-29 10:59:02+00:00', 'image': 'cmendes/znn:800k', 'replicas': 8, 'imageChanges': 0, 'replicasChanges': 7}

{'name': 'kube-znn.173ec27a5f816f2e', 'type': 'Normal', 'message': '(combined from similar events): Scaled up replica set kube-znn-68bd9d6b5b to 9', 'dateevent': '2023-01-29 10:59:02+00:00', 'image': 'cmendes/znn:800k', 'replicas': 9, 'imageChanges': 0, 'replicasChanges': 8}

{'name': 'kube-znn.173ec27a5f816f2e', 'type': 'Normal', 'message': '(combined from similar events): Scaled up replica set kube-znn-68bd9d6b5b to 10', 'dateevent': '2023-01-29 10:59:02+00:00', 'image': 'cmendes/znn:800k', 'replicas': 10, 'imageChanges': 0, 'replicasChanges': 9}

{'name': 'kube-znn.173ec27a5f816f2e', 'type': 'Normal', 'message': '(combined from similar events): Scaled up replica set kube-znn-7cbbf89f8 to 3', 'dateevent': '2023-01-29 10:59:02+00:00', 'image': 'cmendes/znn:600k', 'replicas': 10, 'imageChanges': 1, 'replicasChanges': 9}

{'name': 'kube-znn.173ec27a5f816f2e', 'type': 'Normal', 'message': '(combined from similar events): Scaled down replica set kube-znn-68bd9d6b5b to 8', 'dateevent': '2023-01-29 10:59:02+00:00', 'image': 'cmendes/znn:600k', 'replicas': 10, 'imageChanges': 1, 'replicasChanges': 9}

{'name': 'kube-znn.173ec27a5f816f2e', 'type': 'Normal', 'message': '(combined from similar events): Scaled up replica set kube-znn-7cbbf89f8 to 5', 'dateevent': '2023-01-29 10:59:02+00:00', 'image': 'cmendes/znn:600k', 'replicas': 10, 'imageChanges': 1, 'replicasChanges': 9}

{'name': 'kube-znn.173ec27a5f816f2e', 'type': 'Normal', 'message': '(combined from similar events): Scaled down replica set kube-znn-68bd9d6b5b to 3', 'dateevent': '2023-01-29 10:59:02+00:00', 'image': 'cmendes/znn:600k', 'replicas': 4, 'imageChanges': 1, 'replicasChanges': 10}

{'name': 'kube-znn.173ec27a5f816f2e', 'type': 'Normal', 'message': '(combined from similar events): Scaled down replica set kube-znn-7cbbf89f8 to 2', 'dateevent': '2023-01-29 10:59:02+00:00', 'image': 'cmendes/znn:600k', 'replicas': 4, 'imageChanges': 1, 'replicasChanges': 10}

{'name': 'kube-znn.173ec27a5f816f2e', 'type': 'Normal', 'message': '(combined from similar events): Scaled down replica set kube-znn-68bd9d6b5b to 2', 'dateevent': '2023-01-29 10:59:02+00:00', 'image': 'cmendes/znn:600k', 'replicas': 4, 'imageChanges': 1, 'replicasChanges': 10}

{'name': 'kube-znn.173ec27a5f816f2e', 'type': 'Normal', 'message': '(combined from similar events): Scaled up replica set kube-znn-7cbbf89f8 to 3', 'dateevent': '2023-01-29 10:59:02+00:00', 'image': 'cmendes/znn:600k', 'replicas': 4, 'imageChanges': 1, 'replicasChanges': 10}

{'name': 'kube-znn.173ec27a5f816f2e', 'type': 'Normal', 'message': '(combined from similar events): Scaled down replica set kube-znn-68bd9d6b5b to 1', 'dateevent': '2023-01-29 10:59:02+00:00', 'image': 'cmendes/znn:600k', 'replicas': 4, 'imageChanges': 1, 'replicasChanges': 10}

{'name': 'kube-znn.173ec2993713b06a', 'type': 'Normal', 'message': 'Scaled down replica set kube-znn-7cbbf89f8 to 2', 'dateevent': '2023-01-29 11:01:14+00:00', 'image': 'cmendes/znn:800k', 'replicas': 3, 'imageChanges': 2, 'replicasChanges': 11}

Reading file: VersionA-Monolithic
Reading file: VersionB-MicroControllers
Reading file: VersionC-WithFailureManagerMetaController
Reading file: VersionC-ZTemp
