Reading file: automatingDataGeneration.sh
Reading file: Evaluation-ZNN.7z
Reading file: fidelityb-657db6797b-b98bf_tracing_20230128_100439.log

fidelityb data

Reading file: generateLogs010303
Reading file: generateLogs011848
Reading file: generateLogs013516
Reading file: generateLogs015211
Reading file: generateLogs021333
Reading file: generateLogs022946
Reading file: generateLogs034502
Reading file: generateLogs040003
Reading file: generateLogs041638
Reading file: generateLogs043804
Reading file: generateLogs045333
Reading file: generateLogs051434
Reading file: generateLogs054504
Reading file: generateLogs062405
Reading file: generateLogs064819
Reading file: generateLogs072114
Reading file: generateLogs075652
Reading file: generateLogs081937
Reading file: generateLogs085225
Reading file: generateLogs091930
Reading file: generateLogs094249
Reading file: generateLogs171220
Reading file: generateLogs172658
Reading file: generateLogs174232
Reading file: generateLogs175703
Reading file: generateLogs181216
Reading file: generateLogs182733
Reading file: generateLogs184131
Reading file: generateLogs185550
Reading file: generateLogs190935
Reading file: generateLogs193004
Reading file: generateLogs194516
Reading file: generateLogs2.sh
Reading file: generateLogs200355
Reading file: generateLogs202827
Reading file: generateLogs205357
Reading file: generateLogs211928
Reading file: generateLogs214056
Reading file: generateLogs221057
Reading file: generateLogs224228
Reading file: generateLogs230828
Reading file: generateLogs233838
Reading file: generateLogs235802
Reading file: k6-zg9rx_tracing_20230128_100439.log
Reading file: metacontroller-kubow-8479d7588d-fsmtb_tracing_20230128_100439.log

MetaController data

2023-01-28 13:05:31 : t0:activateLowScalabilityHighQuality

2023-01-28 13:05:41 : t0:addLowScalabilityLowQuality

2023-01-28 13:06:56 : t0:activateLowScalabilityHighQuality

2023-01-28 13:07:06 : t0:addLowScalabilityLowQuality

2023-01-28 13:07:41 : t0:activateLowScalabilityHighQuality

2023-01-28 13:07:46 : t0:addLowScalabilityLowQuality

2023-01-28 13:08:26 : t0:activateLowScalabilityHighQuality

2023-01-28 13:08:41 : t0:addLowScalabilityLowQuality

2023-01-28 13:09:21 : t0:activateLowScalabilityHighQuality

2023-01-28 13:09:31 : t0:addLowScalabilityLowQuality

2023-01-28 13:10:11 : t0:activateLowScalabilityHighQuality

2023-01-28 13:10:21 : t0:addLowScalabilityLowQuality

Reading file: README.md
Reading file: scalabilityb-b6769c8b6-j6dzq_tracing_20230128_100439.log

scalabilityb data

2023-01-28 13:06:07 : t0:removeReplica

Reading file: summary-trace-znn.log
Reading file: temp
Reading file: temp2701
Reading file: test
Reading file: tools
Reading file: traceznn_20230128_100439.log

Trace znn data

{'name': 'kube-znn-db.173e79c705bb2469', 'type': 'Normal', 'message': 'Scaled up replica set kube-znn-db-6cc48797cf to 1', 'dateevent': '2023-01-28 12:46:47+00:00', 'image': 'cmendes/znn:800k', 'replicas': 1, 'imageChanges': 0, 'replicasChanges': 1}

{'name': 'kube-znn.173e79c7042e673b', 'type': 'Normal', 'message': 'Scaled up replica set kube-znn-68bd9d6b5b to 1', 'dateevent': '2023-01-28 12:46:47+00:00', 'image': 'cmendes/znn:800k', 'replicas': 1, 'imageChanges': 0, 'replicasChanges': 1}

{'name': 'kube-znn.173e7ac26c2b8ee9', 'type': 'Normal', 'message': 'Scaled up replica set kube-znn-68bd9d6b5b to 2', 'dateevent': '2023-01-28 13:04:46+00:00', 'image': 'cmendes/znn:800k', 'replicas': 2, 'imageChanges': 0, 'replicasChanges': 2}

{'name': 'kube-znn.173e7ac348ffe4d7', 'type': 'Normal', 'message': 'Scaled up replica set kube-znn-68bd9d6b5b to 3', 'dateevent': '2023-01-28 13:04:50+00:00', 'image': 'cmendes/znn:800k', 'replicas': 3, 'imageChanges': 0, 'replicasChanges': 3}

{'name': 'kube-znn.173e7ac474bb73e1', 'type': 'Normal', 'message': 'Scaled up replica set kube-znn-68bd9d6b5b to 4', 'dateevent': '2023-01-28 13:04:55+00:00', 'image': 'cmendes/znn:800k', 'replicas': 4, 'imageChanges': 0, 'replicasChanges': 4}

{'name': 'kube-znn.173e7ac59f5f95b5', 'type': 'Normal', 'message': 'Scaled up replica set kube-znn-68bd9d6b5b to 5', 'dateevent': '2023-01-28 13:05:00+00:00', 'image': 'cmendes/znn:800k', 'replicas': 5, 'imageChanges': 0, 'replicasChanges': 5}

{'name': 'kube-znn.173e7ac6c723eba3', 'type': 'Normal', 'message': 'Scaled up replica set kube-znn-68bd9d6b5b to 6', 'dateevent': '2023-01-28 13:05:05+00:00', 'image': 'cmendes/znn:800k', 'replicas': 6, 'imageChanges': 0, 'replicasChanges': 6}

{'name': 'kube-znn.173e7ac7f01adbd9', 'type': 'Normal', 'message': 'Scaled up replica set kube-znn-68bd9d6b5b to 7', 'dateevent': '2023-01-28 13:05:10+00:00', 'image': 'cmendes/znn:800k', 'replicas': 7, 'imageChanges': 0, 'replicasChanges': 7}

{'name': 'kube-znn.173e7ac91a6d5277', 'type': 'Normal', 'message': 'Scaled up replica set kube-znn-68bd9d6b5b to 8', 'dateevent': '2023-01-28 13:05:15+00:00', 'image': 'cmendes/znn:800k', 'replicas': 8, 'imageChanges': 0, 'replicasChanges': 8}

{'name': 'kube-znn.173e7aca4a591572', 'type': 'Normal', 'message': 'Scaled up replica set kube-znn-68bd9d6b5b to 9', 'dateevent': '2023-01-28 13:05:20+00:00', 'image': 'cmendes/znn:800k', 'replicas': 9, 'imageChanges': 0, 'replicasChanges': 9}

{'name': 'kube-znn.173e7acb708be731', 'type': 'Normal', 'message': 'Scaled up replica set kube-znn-68bd9d6b5b to 10', 'dateevent': '2023-01-28 13:05:25+00:00', 'image': 'cmendes/znn:800k', 'replicas': 10, 'imageChanges': 0, 'replicasChanges': 10}

{'name': 'kube-znn.173e7accd421e275', 'type': 'Normal', 'message': '(combined from similar events): Scaled up replica set kube-znn-7cbbf89f8 to 3', 'dateevent': '2023-01-28 13:05:31+00:00', 'image': 'cmendes/znn:600k', 'replicas': 10, 'imageChanges': 1, 'replicasChanges': 10}

{'name': 'kube-znn.173e7accd421e275', 'type': 'Normal', 'message': '(combined from similar events): Scaled down replica set kube-znn-68bd9d6b5b to 8', 'dateevent': '2023-01-28 13:05:31+00:00', 'image': 'cmendes/znn:600k', 'replicas': 10, 'imageChanges': 1, 'replicasChanges': 10}

{'name': 'kube-znn.173e7accd421e275', 'type': 'Normal', 'message': '(combined from similar events): Scaled up replica set kube-znn-7cbbf89f8 to 5', 'dateevent': '2023-01-28 13:05:31+00:00', 'image': 'cmendes/znn:600k', 'replicas': 10, 'imageChanges': 1, 'replicasChanges': 10}

{'name': 'kube-znn.173e7accd421e275', 'type': 'Normal', 'message': '(combined from similar events): Scaled down replica set kube-znn-68bd9d6b5b to 3', 'dateevent': '2023-01-28 13:05:31+00:00', 'image': 'cmendes/znn:600k', 'replicas': 4, 'imageChanges': 1, 'replicasChanges': 11}

{'name': 'kube-znn.173e7accd421e275', 'type': 'Normal', 'message': '(combined from similar events): Scaled down replica set kube-znn-7cbbf89f8 to 2', 'dateevent': '2023-01-28 13:05:31+00:00', 'image': 'cmendes/znn:600k', 'replicas': 4, 'imageChanges': 1, 'replicasChanges': 11}

{'name': 'kube-znn.173e7accd421e275', 'type': 'Normal', 'message': '(combined from similar events): Scaled up replica set kube-znn-68bd9d6b5b to 8', 'dateevent': '2023-01-28 13:05:31+00:00', 'image': 'cmendes/znn:200k', 'replicas': 10, 'imageChanges': 2, 'replicasChanges': 12}

{'name': 'kube-znn.173e7ad5cbab630a', 'type': 'Normal', 'message': 'Scaled up replica set kube-znn-7cbbf89f8 to 5', 'dateevent': '2023-01-28 13:06:10+00:00', 'image': 'cmendes/znn:200k', 'replicas': 10, 'imageChanges': 2, 'replicasChanges': 12}

{'name': 'kube-znn.173e7ad5d04f2a45', 'type': 'Normal', 'message': 'Scaled down replica set kube-znn-68bd9d6b5b to 3', 'dateevent': '2023-01-28 13:06:10+00:00', 'image': 'cmendes/znn:200k', 'replicas': 10, 'imageChanges': 2, 'replicasChanges': 12}

{'name': 'kube-znn.173e7accd421e275', 'type': 'Normal', 'message': '(combined from similar events): Scaled up replica set kube-znn-86cccc748b to 5', 'dateevent': '2023-01-28 13:05:31+00:00', 'image': 'cmendes/znn:200k', 'replicas': 10, 'imageChanges': 2, 'replicasChanges': 12}

{'name': 'kube-znn.173e7accd421e275', 'type': 'Normal', 'message': '(combined from similar events): Scaled down replica set kube-znn-68bd9d6b5b to 1', 'dateevent': '2023-01-28 13:05:31+00:00', 'image': 'cmendes/znn:100k', 'replicas': 10, 'imageChanges': 3, 'replicasChanges': 12}

{'name': 'kube-znn.173e7ad7bb450cb8', 'type': 'Normal', 'message': 'Scaled down replica set kube-znn-7cbbf89f8 to 2', 'dateevent': '2023-01-28 13:06:18+00:00', 'image': 'cmendes/znn:100k', 'replicas': 10, 'imageChanges': 3, 'replicasChanges': 12}

{'name': 'kube-znn.173e7accd421e275', 'type': 'Normal', 'message': '(combined from similar events): Scaled up replica set kube-znn-7995d9b499 to 5', 'dateevent': '2023-01-28 13:05:31+00:00', 'image': 'cmendes/znn:100k', 'replicas': 10, 'imageChanges': 3, 'replicasChanges': 12}

{'name': 'kube-znn.173e7accd421e275', 'type': 'Normal', 'message': '(combined from similar events): Scaled down replica set kube-znn-7cbbf89f8 to 0', 'dateevent': '2023-01-28 13:05:31+00:00', 'image': 'cmendes/znn:20k', 'replicas': 10, 'imageChanges': 4, 'replicasChanges': 12}

{'name': 'kube-znn.173e7accd421e275', 'type': 'Normal', 'message': '(combined from similar events): Scaled down replica set kube-znn-86cccc748b to 2', 'dateevent': '2023-01-28 13:05:31+00:00', 'image': 'cmendes/znn:20k', 'replicas': 10, 'imageChanges': 4, 'replicasChanges': 12}

{'name': 'kube-znn.173e7accd421e275', 'type': 'Normal', 'message': '(combined from similar events): Scaled up replica set kube-znn-6b7655774 to 5', 'dateevent': '2023-01-28 13:05:31+00:00', 'image': 'cmendes/znn:20k', 'replicas': 10, 'imageChanges': 4, 'replicasChanges': 12}

{'name': 'kube-znn.173e7accd421e275', 'type': 'Normal', 'message': '(combined from similar events): Scaled down replica set kube-znn-68bd9d6b5b to 0', 'dateevent': '2023-01-28 13:05:31+00:00', 'image': 'cmendes/znn:200k', 'replicas': 10, 'imageChanges': 5, 'replicasChanges': 12}

Reading file: VersionA-Monolithic
Reading file: VersionB-MicroControllers
Reading file: VersionC-WithFailureManagerMetaController
Reading file: VersionC-ZTemp
