Reading file: automatingDataGeneration.sh
Reading file: Evaluation-ZNN.7z
Reading file: fidelitya-778c6c6b8b-vwbb8_tracing_20230127_182110.log

fidelitya data

2023-01-27 21:23:30 : t0:raiseFidelity

2023-01-27 21:26:35 : t0:raiseFidelity

2023-01-27 21:26:40 : t0:raiseFidelity

2023-01-27 21:26:45 : t0:raiseFidelity

2023-01-27 21:26:50 : t0:raiseFidelity

2023-01-27 21:26:55 : t0:raiseFidelity

2023-01-27 21:27:00 : t0:raiseFidelity

2023-01-27 21:27:05 : t0:raiseFidelity

2023-01-27 21:27:10 : t0:raiseFidelity

2023-01-27 21:27:15 : t0:raiseFidelity

2023-01-27 21:27:20 : t0:raiseFidelity

2023-01-27 21:27:25 : t0:raiseFidelity

2023-01-27 21:27:30 : t0:raiseFidelity

Reading file: generateLogs171220
Reading file: generateLogs172658
Reading file: generateLogs174232
Reading file: generateLogs175703
Reading file: generateLogs181216
Reading file: generateLogs2.sh
Reading file: k6-5xvxm_tracing_20230127_182110.log
Reading file: metacontroller-kubow-8479d7588d-wn45k_tracing_20230127_182110.log

MetaController data

2023-01-27 21:21:58 : t0:activateLowScalabilityHighQuality

2023-01-27 21:22:08 : t0:addLowScalabilityLowQuality

2023-01-27 21:22:53 : t0:addHighScalabilityHighQuality

Reading file: README.md
Reading file: scalabilitya-78d6cbbc7d-zflch_tracing_20230127_182110.log

scalabilitya data

2023-01-27 21:23:13 : t0:removeReplica

2023-01-27 21:23:43 : t0:addReplica

Reading file: summary-trace-znn.log
Reading file: temp
Reading file: temp2701
Reading file: test
Reading file: tools
Reading file: traceznn_20230127_182110.log

Trace znn data

{'name': 'kube-znn-db.173e47028e9264c2', 'type': 'Normal', 'message': 'Scaled up replica set kube-znn-db-6cc48797cf to 1', 'dateevent': '2023-01-27 21:16:27+00:00', 'image': 'cmendes/znn:800k', 'replicas': 4, 'imageChanges': 0, 'replicasChanges': 1}

{'name': 'kube-znn.173e47028d47cf2e', 'type': 'Normal', 'message': 'Scaled up replica set kube-znn-68bd9d6b5b to 1', 'dateevent': '2023-01-27 21:16:27+00:00', 'image': 'cmendes/znn:800k', 'replicas': 4, 'imageChanges': 0, 'replicasChanges': 1}

{'name': 'kube-znn.173e472fb3fd204d', 'type': 'Normal', 'message': 'Scaled up replica set kube-znn-68bd9d6b5b to 2', 'dateevent': '2023-01-27 21:19:41+00:00', 'image': 'cmendes/znn:800k', 'replicas': 4, 'imageChanges': 0, 'replicasChanges': 1}

{'name': 'kube-znn.173e47307ef72a6e', 'type': 'Normal', 'message': 'Scaled up replica set kube-znn-68bd9d6b5b to 3', 'dateevent': '2023-01-27 21:19:45+00:00', 'image': 'cmendes/znn:800k', 'replicas': 4, 'imageChanges': 0, 'replicasChanges': 1}

{'name': 'kube-znn.173e4731ae6ce77a', 'type': 'Normal', 'message': 'Scaled up replica set kube-znn-68bd9d6b5b to 4', 'dateevent': '2023-01-27 21:19:50+00:00', 'image': 'cmendes/znn:800k', 'replicas': 4, 'imageChanges': 0, 'replicasChanges': 1}

{'name': 'kube-znn.173e4732d280e943', 'type': 'Normal', 'message': 'Scaled up replica set kube-znn-68bd9d6b5b to 5', 'dateevent': '2023-01-27 21:19:55+00:00', 'image': 'cmendes/znn:800k', 'replicas': 4, 'imageChanges': 0, 'replicasChanges': 1}

{'name': 'kube-znn.173e4733f7005d3d', 'type': 'Normal', 'message': 'Scaled up replica set kube-znn-68bd9d6b5b to 6', 'dateevent': '2023-01-27 21:19:59+00:00', 'image': 'cmendes/znn:800k', 'replicas': 4, 'imageChanges': 0, 'replicasChanges': 1}

{'name': 'kube-znn.173e473c1d0c5192', 'type': 'Normal', 'message': 'Scaled down replica set kube-znn-68bd9d6b5b to 5', 'dateevent': '2023-01-27 21:20:34+00:00', 'image': 'cmendes/znn:800k', 'replicas': 4, 'imageChanges': 0, 'replicasChanges': 1}

{'name': 'kube-znn.173e473d4802246a', 'type': 'Normal', 'message': 'Scaled down replica set kube-znn-68bd9d6b5b to 4', 'dateevent': '2023-01-27 21:20:39+00:00', 'image': 'cmendes/znn:800k', 'replicas': 4, 'imageChanges': 0, 'replicasChanges': 1}

{'name': 'kube-znn.173e47456c9dbb76', 'type': 'Normal', 'message': 'Scaled down replica set kube-znn-68bd9d6b5b to 3', 'dateevent': '2023-01-27 21:21:14+00:00', 'image': 'cmendes/znn:800k', 'replicas': 3, 'imageChanges': 0, 'replicasChanges': 2}

{'name': 'kube-znn.173e4731ae6ce77a', 'type': 'Normal', 'message': 'Scaled up replica set kube-znn-68bd9d6b5b to 4', 'dateevent': '2023-01-27 21:19:50+00:00', 'image': 'cmendes/znn:800k', 'replicas': 4, 'imageChanges': 0, 'replicasChanges': 3}

{'name': 'kube-znn.173e4732d280e943', 'type': 'Normal', 'message': 'Scaled up replica set kube-znn-68bd9d6b5b to 5', 'dateevent': '2023-01-27 21:19:55+00:00', 'image': 'cmendes/znn:800k', 'replicas': 5, 'imageChanges': 0, 'replicasChanges': 4}

{'name': 'kube-znn.173e4733f7005d3d', 'type': 'Normal', 'message': 'Scaled up replica set kube-znn-68bd9d6b5b to 6', 'dateevent': '2023-01-27 21:19:59+00:00', 'image': 'cmendes/znn:800k', 'replicas': 6, 'imageChanges': 0, 'replicasChanges': 5}

{'name': 'kube-znn.173e474b3ccd6233', 'type': 'Normal', 'message': '(combined from similar events): Scaled up replica set kube-znn-68bd9d6b5b to 7', 'dateevent': '2023-01-27 21:21:39+00:00', 'image': 'cmendes/znn:800k', 'replicas': 7, 'imageChanges': 0, 'replicasChanges': 6}

{'name': 'kube-znn.173e474b3ccd6233', 'type': 'Normal', 'message': '(combined from similar events): Scaled up replica set kube-znn-68bd9d6b5b to 8', 'dateevent': '2023-01-27 21:21:39+00:00', 'image': 'cmendes/znn:800k', 'replicas': 8, 'imageChanges': 0, 'replicasChanges': 7}

{'name': 'kube-znn.173e474b3ccd6233', 'type': 'Normal', 'message': '(combined from similar events): Scaled up replica set kube-znn-68bd9d6b5b to 9', 'dateevent': '2023-01-27 21:21:39+00:00', 'image': 'cmendes/znn:800k', 'replicas': 9, 'imageChanges': 0, 'replicasChanges': 8}

{'name': 'kube-znn.173e474b3ccd6233', 'type': 'Normal', 'message': '(combined from similar events): Scaled up replica set kube-znn-68bd9d6b5b to 10', 'dateevent': '2023-01-27 21:21:39+00:00', 'image': 'cmendes/znn:800k', 'replicas': 10, 'imageChanges': 0, 'replicasChanges': 9}

{'name': 'kube-znn.173e474b3ccd6233', 'type': 'Normal', 'message': '(combined from similar events): Scaled up replica set kube-znn-7cbbf89f8 to 3', 'dateevent': '2023-01-27 21:21:39+00:00', 'image': 'cmendes/znn:600k', 'replicas': 10, 'imageChanges': 1, 'replicasChanges': 9}

{'name': 'kube-znn.173e474b3ccd6233', 'type': 'Normal', 'message': '(combined from similar events): Scaled down replica set kube-znn-68bd9d6b5b to 8', 'dateevent': '2023-01-27 21:21:39+00:00', 'image': 'cmendes/znn:600k', 'replicas': 10, 'imageChanges': 1, 'replicasChanges': 9}

{'name': 'kube-znn.173e474b3ccd6233', 'type': 'Normal', 'message': '(combined from similar events): Scaled up replica set kube-znn-7cbbf89f8 to 5', 'dateevent': '2023-01-27 21:21:39+00:00', 'image': 'cmendes/znn:600k', 'replicas': 10, 'imageChanges': 1, 'replicasChanges': 9}

{'name': 'kube-znn.173e47456c9dbb76', 'type': 'Normal', 'message': 'Scaled down replica set kube-znn-68bd9d6b5b to 3', 'dateevent': '2023-01-27 21:21:14+00:00', 'image': 'cmendes/znn:600k', 'replicas': 4, 'imageChanges': 1, 'replicasChanges': 10}

{'name': 'kube-znn.173e474b3ccd6233', 'type': 'Normal', 'message': '(combined from similar events): Scaled down replica set kube-znn-7cbbf89f8 to 2', 'dateevent': '2023-01-27 21:21:39+00:00', 'image': 'cmendes/znn:600k', 'replicas': 4, 'imageChanges': 1, 'replicasChanges': 10}

{'name': 'kube-znn.173e474b3ccd6233', 'type': 'Normal', 'message': '(combined from similar events): Scaled down replica set kube-znn-7cbbf89f8 to 1', 'dateevent': '2023-01-27 21:21:39+00:00', 'image': 'cmendes/znn:800k', 'replicas': 4, 'imageChanges': 2, 'replicasChanges': 10}

{'name': 'kube-znn.173e474b3ccd6233', 'type': 'Normal', 'message': '(combined from similar events): Scaled up replica set kube-znn-68bd9d6b5b to 4', 'dateevent': '2023-01-27 21:21:39+00:00', 'image': 'cmendes/znn:800k', 'replicas': 4, 'imageChanges': 2, 'replicasChanges': 10}

{'name': 'kube-znn.173e474b3ccd6233', 'type': 'Normal', 'message': '(combined from similar events): Scaled up replica set kube-znn-68bd9d6b5b to 6', 'dateevent': '2023-01-27 21:21:39+00:00', 'image': 'cmendes/znn:800k', 'replicas': 6, 'imageChanges': 2, 'replicasChanges': 11}

{'name': 'kube-znn.173e474b3ccd6233', 'type': 'Normal', 'message': '(combined from similar events): Scaled up replica set kube-znn-7cbbf89f8 to 2', 'dateevent': '2023-01-27 21:21:39+00:00', 'image': 'cmendes/znn:800k', 'replicas': 6, 'imageChanges': 2, 'replicasChanges': 11}

Reading file: VersionA-Monolithic
Reading file: VersionB-MicroControllers
Reading file: VersionC-WithFailureManagerMetaController
Reading file: VersionC-ZTemp
