Reading file: automatingDataGeneration.sh
Reading file: CLong10
Reading file: CLong10.7z
Reading file: Evaluation-ZNN.7z
Reading file: fidelitya-778c6c6b8b-26s6q_tracing_20230128_191856.log

fidelitya data

2023-01-28 22:21:25 : t0:raiseFidelity

2023-01-28 22:22:00 : t0:raiseFidelity

2023-01-28 22:22:05 : t0:raiseFidelity

2023-01-28 22:22:10 : t0:raiseFidelity

2023-01-28 22:22:15 : t0:raiseFidelity

2023-01-28 22:22:20 : t0:raiseFidelity

2023-01-28 22:22:25 : t0:raiseFidelity

2023-01-28 22:22:30 : t0:raiseFidelity

2023-01-28 22:22:35 : t0:raiseFidelity

2023-01-28 22:22:40 : t0:raiseFidelity

2023-01-28 22:22:45 : t0:raiseFidelity

2023-01-28 22:22:50 : t0:raiseFidelity

2023-01-28 22:22:55 : t0:raiseFidelity

2023-01-28 22:23:00 : t0:raiseFidelity

2023-01-28 22:23:05 : t0:raiseFidelity

2023-01-28 22:23:10 : t0:raiseFidelity

2023-01-28 22:23:15 : t0:raiseFidelity

2023-01-28 22:23:20 : t0:raiseFidelity

2023-01-28 22:23:25 : t0:raiseFidelity

2023-01-28 22:23:30 : t0:raiseFidelity

2023-01-28 22:23:35 : t0:raiseFidelity

2023-01-28 22:23:40 : t0:raiseFidelity

2023-01-28 22:23:45 : t0:raiseFidelity

2023-01-28 22:23:50 : t0:raiseFidelity

2023-01-28 22:23:55 : t0:raiseFidelity

2023-01-28 22:24:00 : t0:raiseFidelity

2023-01-28 22:24:05 : t0:raiseFidelity

2023-01-28 22:24:10 : t0:raiseFidelity

2023-01-28 22:24:15 : t0:raiseFidelity

2023-01-28 22:24:20 : t0:raiseFidelity

2023-01-28 22:24:25 : t0:raiseFidelity

2023-01-28 22:24:30 : t0:raiseFidelity

2023-01-28 22:24:35 : t0:raiseFidelity

2023-01-28 22:24:40 : t0:raiseFidelity

2023-01-28 22:24:45 : t0:raiseFidelity

2023-01-28 22:24:50 : t0:raiseFidelity

2023-01-28 22:24:55 : t0:raiseFidelity

2023-01-28 22:25:00 : t0:raiseFidelity

2023-01-28 22:25:05 : t0:raiseFidelity

2023-01-28 22:25:10 : t0:raiseFidelity

2023-01-28 22:25:15 : t0:raiseFidelity

2023-01-28 22:25:20 : t0:raiseFidelity

2023-01-28 22:25:25 : t0:raiseFidelity

2023-01-28 22:25:30 : t0:raiseFidelity

2023-01-28 22:25:35 : t0:raiseFidelity

2023-01-28 22:25:40 : t0:raiseFidelity

2023-01-28 22:25:45 : t0:raiseFidelity

2023-01-28 22:25:50 : t0:raiseFidelity

Reading file: generateLogs121929
Reading file: generateLogs124558
Reading file: generateLogs131507
Reading file: generateLogs134342
Reading file: generateLogs140938
Reading file: generateLogs144032
Reading file: generateLogs150618
Reading file: generateLogs153301
Reading file: generateLogs155714
Reading file: generateLogs162553
Reading file: generateLogs164354
Reading file: generateLogs171441
Reading file: generateLogs174448
Reading file: generateLogs181031
Reading file: generateLogs184508
Reading file: generateLogs190356
Reading file: generateLogs2.sh
Reading file: k6-9rpcs_tracing_20230128_191856.log
Reading file: metacontroller-kubow-8479d7588d-crpwn_tracing_20230128_191856.log

MetaController data

2023-01-28 22:19:46 : t0:activateLowScalabilityHighQuality

2023-01-28 22:19:56 : t0:addLowScalabilityLowQuality

2023-01-28 22:20:56 : t0:addHighScalabilityHighQuality

Reading file: README.md
Reading file: scalabilitya-78d6cbbc7d-48p97_tracing_20230128_191856.log

scalabilitya data

2023-01-28 22:21:24 : t0:addReplica

Reading file: summary-trace-znn.log
Reading file: temp
Reading file: temp2701
Reading file: test
Reading file: tools
Reading file: traceznn_20230128_191856.log

Trace znn data

{'name': 'kube-znn-db.173e986ae5b7a702', 'type': 'Normal', 'message': 'Scaled up replica set kube-znn-db-6cc48797cf to 1', 'dateevent': '2023-01-28 22:08:16+00:00', 'image': 'cmendes/znn:800k', 'replicas': 1, 'imageChanges': 0, 'replicasChanges': 1}

{'name': 'kube-znn.173e986ae48fd949', 'type': 'Normal', 'message': 'Scaled up replica set kube-znn-68bd9d6b5b to 1', 'dateevent': '2023-01-28 22:08:16+00:00', 'image': 'cmendes/znn:800k', 'replicas': 1, 'imageChanges': 0, 'replicasChanges': 1}

{'name': 'kube-znn.173e99015d5102e9', 'type': 'Normal', 'message': 'Scaled up replica set kube-znn-68bd9d6b5b to 2', 'dateevent': '2023-01-28 22:19:02+00:00', 'image': 'cmendes/znn:800k', 'replicas': 2, 'imageChanges': 0, 'replicasChanges': 2}

{'name': 'kube-znn.173e99023ea7185d', 'type': 'Normal', 'message': 'Scaled up replica set kube-znn-68bd9d6b5b to 3', 'dateevent': '2023-01-28 22:19:06+00:00', 'image': 'cmendes/znn:800k', 'replicas': 3, 'imageChanges': 0, 'replicasChanges': 3}

{'name': 'kube-znn.173e990368ae076f', 'type': 'Normal', 'message': 'Scaled up replica set kube-znn-68bd9d6b5b to 4', 'dateevent': '2023-01-28 22:19:11+00:00', 'image': 'cmendes/znn:800k', 'replicas': 4, 'imageChanges': 0, 'replicasChanges': 4}

{'name': 'kube-znn.173e99049766db34', 'type': 'Normal', 'message': 'Scaled up replica set kube-znn-68bd9d6b5b to 5', 'dateevent': '2023-01-28 22:19:16+00:00', 'image': 'cmendes/znn:800k', 'replicas': 5, 'imageChanges': 0, 'replicasChanges': 5}

{'name': 'kube-znn.173e9905bb359e64', 'type': 'Normal', 'message': 'Scaled up replica set kube-znn-68bd9d6b5b to 6', 'dateevent': '2023-01-28 22:19:21+00:00', 'image': 'cmendes/znn:800k', 'replicas': 6, 'imageChanges': 0, 'replicasChanges': 6}

{'name': 'kube-znn.173e9906e7d6b6f4', 'type': 'Normal', 'message': 'Scaled up replica set kube-znn-68bd9d6b5b to 7', 'dateevent': '2023-01-28 22:19:26+00:00', 'image': 'cmendes/znn:800k', 'replicas': 7, 'imageChanges': 0, 'replicasChanges': 7}

{'name': 'kube-znn.173e99080f63fa26', 'type': 'Normal', 'message': 'Scaled up replica set kube-znn-68bd9d6b5b to 8', 'dateevent': '2023-01-28 22:19:31+00:00', 'image': 'cmendes/znn:800k', 'replicas': 8, 'imageChanges': 0, 'replicasChanges': 8}

{'name': 'kube-znn.173e99093bd6176a', 'type': 'Normal', 'message': 'Scaled up replica set kube-znn-68bd9d6b5b to 9', 'dateevent': '2023-01-28 22:19:36+00:00', 'image': 'cmendes/znn:800k', 'replicas': 9, 'imageChanges': 0, 'replicasChanges': 9}

{'name': 'kube-znn.173e990a63a629d6', 'type': 'Normal', 'message': 'Scaled up replica set kube-znn-68bd9d6b5b to 10', 'dateevent': '2023-01-28 22:19:41+00:00', 'image': 'cmendes/znn:800k', 'replicas': 10, 'imageChanges': 0, 'replicasChanges': 10}

{'name': 'kube-znn.173e990b5dd94f0b', 'type': 'Normal', 'message': '(combined from similar events): Scaled up replica set kube-znn-7cbbf89f8 to 3', 'dateevent': '2023-01-28 22:19:45+00:00', 'image': 'cmendes/znn:600k', 'replicas': 10, 'imageChanges': 1, 'replicasChanges': 10}

{'name': 'kube-znn.173e990b5dd94f0b', 'type': 'Normal', 'message': '(combined from similar events): Scaled down replica set kube-znn-68bd9d6b5b to 8', 'dateevent': '2023-01-28 22:19:45+00:00', 'image': 'cmendes/znn:600k', 'replicas': 10, 'imageChanges': 1, 'replicasChanges': 10}

{'name': 'kube-znn.173e990b5dd94f0b', 'type': 'Normal', 'message': '(combined from similar events): Scaled up replica set kube-znn-7cbbf89f8 to 5', 'dateevent': '2023-01-28 22:19:45+00:00', 'image': 'cmendes/znn:600k', 'replicas': 10, 'imageChanges': 1, 'replicasChanges': 10}

{'name': 'kube-znn.173e990b5dd94f0b', 'type': 'Normal', 'message': '(combined from similar events): Scaled down replica set kube-znn-68bd9d6b5b to 3', 'dateevent': '2023-01-28 22:19:45+00:00', 'image': 'cmendes/znn:600k', 'replicas': 4, 'imageChanges': 1, 'replicasChanges': 11}

{'name': 'kube-znn.173e990b5dd94f0b', 'type': 'Normal', 'message': '(combined from similar events): Scaled down replica set kube-znn-7cbbf89f8 to 2', 'dateevent': '2023-01-28 22:19:45+00:00', 'image': 'cmendes/znn:600k', 'replicas': 4, 'imageChanges': 1, 'replicasChanges': 11}

{'name': 'kube-znn.173e990b5dd94f0b', 'type': 'Normal', 'message': '(combined from similar events): Scaled down replica set kube-znn-68bd9d6b5b to 2', 'dateevent': '2023-01-28 22:19:45+00:00', 'image': 'cmendes/znn:600k', 'replicas': 4, 'imageChanges': 1, 'replicasChanges': 11}

{'name': 'kube-znn.173e991edf811f49', 'type': 'Normal', 'message': 'Scaled up replica set kube-znn-7cbbf89f8 to 3', 'dateevent': '2023-01-28 22:21:09+00:00', 'image': 'cmendes/znn:600k', 'replicas': 4, 'imageChanges': 1, 'replicasChanges': 11}

{'name': 'kube-znn.173e990b5dd94f0b', 'type': 'Normal', 'message': '(combined from similar events): Scaled down replica set kube-znn-68bd9d6b5b to 1', 'dateevent': '2023-01-28 22:19:45+00:00', 'image': 'cmendes/znn:600k', 'replicas': 4, 'imageChanges': 1, 'replicasChanges': 11}

{'name': 'kube-znn.173e990b5dd94f0b', 'type': 'Normal', 'message': '(combined from similar events): Scaled up replica set kube-znn-7cbbf89f8 to 4', 'dateevent': '2023-01-28 22:19:45+00:00', 'image': 'cmendes/znn:600k', 'replicas': 4, 'imageChanges': 1, 'replicasChanges': 11}

{'name': 'kube-znn.173e990b5dd94f0b', 'type': 'Normal', 'message': '(combined from similar events): Scaled up replica set kube-znn-7cbbf89f8 to 6', 'dateevent': '2023-01-28 22:19:45+00:00', 'image': 'cmendes/znn:600k', 'replicas': 6, 'imageChanges': 1, 'replicasChanges': 12}

{'name': 'kube-znn.173e99015d5102e9', 'type': 'Normal', 'message': 'Scaled up replica set kube-znn-68bd9d6b5b to 2', 'dateevent': '2023-01-28 22:19:02+00:00', 'image': 'cmendes/znn:600k', 'replicas': 6, 'imageChanges': 1, 'replicasChanges': 12}

{'name': 'kube-znn.173e990b5dd94f0b', 'type': 'Normal', 'message': '(combined from similar events): Scaled down replica set kube-znn-7cbbf89f8 to 4', 'dateevent': '2023-01-28 22:19:45+00:00', 'image': 'cmendes/znn:800k', 'replicas': 6, 'imageChanges': 2, 'replicasChanges': 12}

{'name': 'kube-znn.173e990b5dd94f0b', 'type': 'Normal', 'message': '(combined from similar events): Scaled up replica set kube-znn-68bd9d6b5b to 4', 'dateevent': '2023-01-28 22:19:45+00:00', 'image': 'cmendes/znn:800k', 'replicas': 6, 'imageChanges': 2, 'replicasChanges': 12}

Reading file: VersionA-Monolithic
Reading file: VersionB-MicroControllers
Reading file: VersionC-WithFailureManagerMetaController
Reading file: VersionC-ZTemp
