Reading file: automatingDataGeneration.sh
Reading file: BLong10
Reading file: BLong10_parte1.7z
Reading file: BLong10_parte2.7z
Reading file: BLong10_parte3.7z
Reading file: BShort10
Reading file: BShort10.7z
Reading file: CLong10
Reading file: CLong10.7z
Reading file: CShort10
Reading file: CShort10.7z
Reading file: Evaluation-ZNN.7z
Reading file: fidelitya-5b8dd7f8c7-dvgvk_tracing_20230130_231426.log

fidelitya data

2023-01-31 02:15:18 : t0:lowerFidelity

2023-01-31 02:15:33 : t0:lowerFidelity

2023-01-31 02:15:48 : t0:lowerFidelity

2023-01-31 02:16:03 : t0:lowerFidelity

2023-01-31 02:16:53 : t0:raiseFidelity

2023-01-31 02:16:58 : t0:raiseFidelity

2023-01-31 02:17:28 : t0:raiseFidelity

2023-01-31 02:17:33 : t0:raiseFidelity

2023-01-31 02:17:38 : t0:raiseFidelity

2023-01-31 02:17:43 : t0:raiseFidelity

2023-01-31 02:17:48 : t0:raiseFidelity

2023-01-31 02:17:53 : t0:raiseFidelity

2023-01-31 02:17:58 : t0:raiseFidelity

2023-01-31 02:18:03 : t0:raiseFidelity

2023-01-31 02:18:08 : t0:raiseFidelity

2023-01-31 02:18:13 : t0:raiseFidelity

2023-01-31 02:18:18 : t0:raiseFidelity

2023-01-31 02:18:23 : t0:raiseFidelity

2023-01-31 02:18:28 : t0:raiseFidelity

2023-01-31 02:18:33 : t0:raiseFidelity

2023-01-31 02:18:38 : t0:raiseFidelity

2023-01-31 02:18:43 : t0:raiseFidelity

2023-01-31 02:18:48 : t0:raiseFidelity

2023-01-31 02:18:53 : t0:raiseFidelity

2023-01-31 02:18:58 : t0:raiseFidelity

2023-01-31 02:19:03 : t0:raiseFidelity

2023-01-31 02:19:08 : t0:raiseFidelity

2023-01-31 02:19:13 : t0:raiseFidelity

2023-01-31 02:19:18 : t0:raiseFidelity

2023-01-31 02:19:23 : t0:raiseFidelity

2023-01-31 02:19:28 : t0:raiseFidelity

2023-01-31 02:19:33 : t0:raiseFidelity

2023-01-31 02:19:38 : t0:raiseFidelity

2023-01-31 02:19:43 : t0:raiseFidelity

2023-01-31 02:19:48 : t0:raiseFidelity

2023-01-31 02:19:53 : t0:raiseFidelity

2023-01-31 02:19:58 : t0:raiseFidelity

2023-01-31 02:20:03 : t0:raiseFidelity

2023-01-31 02:20:08 : t0:raiseFidelity

2023-01-31 02:20:13 : t0:raiseFidelity

2023-01-31 02:20:18 : t0:raiseFidelity

2023-01-31 02:20:23 : t0:raiseFidelity

2023-01-31 02:20:28 : t0:raiseFidelity

2023-01-31 02:20:33 : t0:raiseFidelity

2023-01-31 02:20:38 : t0:raiseFidelity

2023-01-31 02:20:43 : t0:raiseFidelity

2023-01-31 02:20:48 : t0:raiseFidelity

2023-01-31 02:20:53 : t0:raiseFidelity

2023-01-31 02:20:58 : t0:raiseFidelity

2023-01-31 02:21:03 : t0:raiseFidelity

2023-01-31 02:21:08 : t0:raiseFidelity

2023-01-31 02:21:13 : t0:raiseFidelity

2023-01-31 02:21:18 : t0:raiseFidelity

2023-01-31 02:21:23 : t0:raiseFidelity

2023-01-31 02:21:28 : t0:raiseFidelity

2023-01-31 02:21:33 : t0:raiseFidelity

2023-01-31 02:21:38 : t0:raiseFidelity

2023-01-31 02:21:43 : t0:raiseFidelity

2023-01-31 02:21:48 : t0:raiseFidelity

2023-01-31 02:21:53 : t0:raiseFidelity

2023-01-31 02:21:58 : t0:raiseFidelity

2023-01-31 02:22:03 : t0:raiseFidelity

2023-01-31 02:22:08 : t0:raiseFidelity

2023-01-31 02:22:13 : t0:raiseFidelity

2023-01-31 02:22:18 : t0:raiseFidelity

2023-01-31 02:22:23 : t0:raiseFidelity

2023-01-31 02:22:28 : t0:raiseFidelity

2023-01-31 02:22:33 : t0:raiseFidelity

2023-01-31 02:22:38 : t0:raiseFidelity

2023-01-31 02:22:43 : t0:raiseFidelity

2023-01-31 02:22:48 : t0:raiseFidelity

2023-01-31 02:22:53 : t0:raiseFidelity

2023-01-31 02:22:58 : t0:raiseFidelity

2023-01-31 02:23:03 : t0:raiseFidelity

Reading file: generateLogs2.sh
Reading file: generateLogs225909
Reading file: k6-8r9k9_tracing_20230130_231426.log
Reading file: README.md
Reading file: scalabilityb-66d698fc76-vhbx9_tracing_20230130_231426.log

scalabilityb data

2023-01-31 02:15:59 : t0:removeHighScalability

2023-01-31 02:16:04 : t0:adjustReplicas

2023-01-31 02:17:29 : t0:removeReplica

2023-01-31 02:17:34 : t0:removeReplica

2023-01-31 02:17:39 : t0:removeReplica

2023-01-31 02:17:44 : t0:removeReplica

2023-01-31 02:17:49 : t0:removeReplica

2023-01-31 02:17:54 : t0:removeReplica

2023-01-31 02:17:59 : t0:removeReplica

2023-01-31 02:18:04 : t0:removeReplica

2023-01-31 02:18:09 : t0:removeReplica

2023-01-31 02:18:14 : t0:removeReplica

2023-01-31 02:18:19 : t0:removeReplica

2023-01-31 02:18:24 : t0:removeReplica

2023-01-31 02:18:29 : t0:removeReplica

2023-01-31 02:18:34 : t0:removeReplica

2023-01-31 02:18:39 : t0:removeReplica

2023-01-31 02:18:44 : t0:removeReplica

2023-01-31 02:18:49 : t0:removeReplica

2023-01-31 02:18:54 : t0:removeReplica

2023-01-31 02:18:59 : t0:removeReplica

2023-01-31 02:19:04 : t0:removeReplica

2023-01-31 02:19:09 : t0:removeReplica

2023-01-31 02:19:14 : t0:removeReplica

2023-01-31 02:19:19 : t0:removeReplica

2023-01-31 02:19:24 : t0:removeReplica

2023-01-31 02:19:29 : t0:removeReplica

2023-01-31 02:19:34 : t0:removeReplica

2023-01-31 02:19:39 : t0:removeReplica

2023-01-31 02:19:44 : t0:removeReplica

2023-01-31 02:19:49 : t0:removeReplica

2023-01-31 02:19:54 : t0:removeReplica

2023-01-31 02:19:59 : t0:removeReplica

2023-01-31 02:20:04 : t0:removeReplica

2023-01-31 02:20:09 : t0:removeReplica

2023-01-31 02:20:14 : t0:removeReplica

2023-01-31 02:20:19 : t0:removeReplica

2023-01-31 02:20:24 : t0:removeReplica

2023-01-31 02:20:29 : t0:removeReplica

2023-01-31 02:20:34 : t0:removeReplica

2023-01-31 02:20:39 : t0:removeReplica

2023-01-31 02:20:44 : t0:removeReplica

2023-01-31 02:20:49 : t0:removeReplica

2023-01-31 02:20:54 : t0:removeReplica

2023-01-31 02:20:59 : t0:removeReplica

2023-01-31 02:21:04 : t0:removeReplica

2023-01-31 02:21:09 : t0:removeReplica

2023-01-31 02:21:14 : t0:removeReplica

2023-01-31 02:21:19 : t0:removeReplica

2023-01-31 02:21:24 : t0:removeReplica

2023-01-31 02:21:29 : t0:removeReplica

2023-01-31 02:21:34 : t0:removeReplica

2023-01-31 02:21:39 : t0:removeReplica

2023-01-31 02:21:44 : t0:removeReplica

2023-01-31 02:21:49 : t0:removeReplica

2023-01-31 02:21:54 : t0:removeReplica

2023-01-31 02:21:59 : t0:removeReplica

2023-01-31 02:22:04 : t0:removeReplica

2023-01-31 02:22:09 : t0:removeReplica

2023-01-31 02:22:14 : t0:removeReplica

2023-01-31 02:22:19 : t0:removeReplica

2023-01-31 02:22:24 : t0:removeReplica

2023-01-31 02:22:29 : t0:removeReplica

2023-01-31 02:22:34 : t0:removeReplica

2023-01-31 02:22:39 : t0:removeReplica

2023-01-31 02:22:44 : t0:removeReplica

2023-01-31 02:22:49 : t0:removeReplica

2023-01-31 02:22:54 : t0:removeReplica

2023-01-31 02:22:59 : t0:removeReplica

2023-01-31 02:23:04 : t0:removeReplica

Reading file: summary-trace-znn.log
Reading file: temp
Reading file: temp2701
Reading file: test
Reading file: tools
Reading file: traceznn_20230130_231426.log

Trace znn data

{'name': 'kube-znn-db.173f426975417771', 'type': 'Normal', 'message': 'Scaled up replica set kube-znn-db-558bb5dd64 to 1', 'dateevent': '2023-01-31 02:03:27+00:00', 'image': 'cmendes/znn:800k', 'replicas': 1, 'imageChanges': 0, 'replicasChanges': 1}

{'name': 'kube-znn.173f42697452e43e', 'type': 'Normal', 'message': 'Scaled up replica set kube-znn-744bbbc54b to 1', 'dateevent': '2023-01-31 02:03:27+00:00', 'image': 'cmendes/znn:800k', 'replicas': 1, 'imageChanges': 0, 'replicasChanges': 1}

{'name': 'kube-znn.173f43053bacf58a', 'type': 'Normal', 'message': 'Scaled up replica set kube-znn-744bbbc54b to 2', 'dateevent': '2023-01-31 02:14:36+00:00', 'image': 'cmendes/znn:800k', 'replicas': 2, 'imageChanges': 0, 'replicasChanges': 2}

{'name': 'kube-znn.173f43062352c7af', 'type': 'Normal', 'message': 'Scaled up replica set kube-znn-744bbbc54b to 3', 'dateevent': '2023-01-31 02:14:40+00:00', 'image': 'cmendes/znn:800k', 'replicas': 3, 'imageChanges': 0, 'replicasChanges': 3}

{'name': 'kube-znn.173f43074cf14a8a', 'type': 'Normal', 'message': 'Scaled up replica set kube-znn-744bbbc54b to 4', 'dateevent': '2023-01-31 02:14:45+00:00', 'image': 'cmendes/znn:800k', 'replicas': 4, 'imageChanges': 0, 'replicasChanges': 4}

{'name': 'kube-znn.173f430871f8a598', 'type': 'Normal', 'message': 'Scaled up replica set kube-znn-744bbbc54b to 5', 'dateevent': '2023-01-31 02:14:49+00:00', 'image': 'cmendes/znn:800k', 'replicas': 5, 'imageChanges': 0, 'replicasChanges': 5}

{'name': 'kube-znn.173f43099a550459', 'type': 'Normal', 'message': 'Scaled up replica set kube-znn-744bbbc54b to 6', 'dateevent': '2023-01-31 02:14:54+00:00', 'image': 'cmendes/znn:800k', 'replicas': 6, 'imageChanges': 0, 'replicasChanges': 6}

{'name': 'kube-znn.173f430ac7917e8d', 'type': 'Normal', 'message': 'Scaled up replica set kube-znn-744bbbc54b to 7', 'dateevent': '2023-01-31 02:14:59+00:00', 'image': 'cmendes/znn:800k', 'replicas': 7, 'imageChanges': 0, 'replicasChanges': 7}

{'name': 'kube-znn.173f430bed77b6e2', 'type': 'Normal', 'message': 'Scaled up replica set kube-znn-744bbbc54b to 8', 'dateevent': '2023-01-31 02:15:04+00:00', 'image': 'cmendes/znn:800k', 'replicas': 8, 'imageChanges': 0, 'replicasChanges': 8}

{'name': 'kube-znn.173f430d1a64c70d', 'type': 'Normal', 'message': 'Scaled up replica set kube-znn-744bbbc54b to 9', 'dateevent': '2023-01-31 02:15:09+00:00', 'image': 'cmendes/znn:800k', 'replicas': 9, 'imageChanges': 0, 'replicasChanges': 9}

{'name': 'kube-znn.173f430e42c0e262', 'type': 'Normal', 'message': 'Scaled up replica set kube-znn-744bbbc54b to 10', 'dateevent': '2023-01-31 02:15:14+00:00', 'image': 'cmendes/znn:800k', 'replicas': 10, 'imageChanges': 0, 'replicasChanges': 10}

{'name': 'kube-znn.173f430f5c289c06', 'type': 'Normal', 'message': '(combined from similar events): Scaled up replica set kube-znn-5c95bd98fb to 3', 'dateevent': '2023-01-31 02:15:19+00:00', 'image': 'cmendes/znn:600k', 'replicas': 10, 'imageChanges': 1, 'replicasChanges': 10}

{'name': 'kube-znn.173f430f5c289c06', 'type': 'Normal', 'message': '(combined from similar events): Scaled down replica set kube-znn-744bbbc54b to 8', 'dateevent': '2023-01-31 02:15:19+00:00', 'image': 'cmendes/znn:600k', 'replicas': 10, 'imageChanges': 1, 'replicasChanges': 10}

{'name': 'kube-znn.173f430f5c289c06', 'type': 'Normal', 'message': '(combined from similar events): Scaled up replica set kube-znn-5c95bd98fb to 5', 'dateevent': '2023-01-31 02:15:19+00:00', 'image': 'cmendes/znn:600k', 'replicas': 10, 'imageChanges': 1, 'replicasChanges': 10}

{'name': 'kube-znn.173f430f5c289c06', 'type': 'Normal', 'message': '(combined from similar events): Scaled down replica set kube-znn-744bbbc54b to 3', 'dateevent': '2023-01-31 02:15:19+00:00', 'image': 'cmendes/znn:600k', 'replicas': 4, 'imageChanges': 1, 'replicasChanges': 11}

{'name': 'kube-znn.173f430f5c289c06', 'type': 'Normal', 'message': '(combined from similar events): Scaled down replica set kube-znn-5c95bd98fb to 2', 'dateevent': '2023-01-31 02:15:19+00:00', 'image': 'cmendes/znn:600k', 'replicas': 4, 'imageChanges': 1, 'replicasChanges': 11}

{'name': 'kube-znn.173f430f5c289c06', 'type': 'Normal', 'message': '(combined from similar events): Scaled down replica set kube-znn-744bbbc54b to 2', 'dateevent': '2023-01-31 02:15:19+00:00', 'image': 'cmendes/znn:600k', 'replicas': 4, 'imageChanges': 1, 'replicasChanges': 11}

{'name': 'kube-znn.173f431e80bff7bd', 'type': 'Normal', 'message': 'Scaled up replica set kube-znn-5c95bd98fb to 3', 'dateevent': '2023-01-31 02:16:24+00:00', 'image': 'cmendes/znn:600k', 'replicas': 4, 'imageChanges': 1, 'replicasChanges': 11}

{'name': 'kube-znn.173f430f5c289c06', 'type': 'Normal', 'message': '(combined from similar events): Scaled down replica set kube-znn-744bbbc54b to 1', 'dateevent': '2023-01-31 02:15:19+00:00', 'image': 'cmendes/znn:600k', 'replicas': 4, 'imageChanges': 1, 'replicasChanges': 11}

{'name': 'kube-znn.173f430f5c289c06', 'type': 'Normal', 'message': '(combined from similar events): Scaled up replica set kube-znn-5c95bd98fb to 4', 'dateevent': '2023-01-31 02:15:19+00:00', 'image': 'cmendes/znn:600k', 'replicas': 4, 'imageChanges': 1, 'replicasChanges': 11}

{'name': 'kube-znn.173f430f5c289c06', 'type': 'Normal', 'message': '(combined from similar events): Scaled down replica set kube-znn-744bbbc54b to 0', 'dateevent': '2023-01-31 02:15:19+00:00', 'image': 'cmendes/znn:600k', 'replicas': 4, 'imageChanges': 1, 'replicasChanges': 11}

{'name': 'kube-znn.173f430f5c289c06', 'type': 'Normal', 'message': '(combined from similar events): Scaled up replica set kube-znn-744bbbc54b to 1', 'dateevent': '2023-01-31 02:15:19+00:00', 'image': 'cmendes/znn:800k', 'replicas': 4, 'imageChanges': 2, 'replicasChanges': 11}

{'name': 'kube-znn.173f430f5c289c06', 'type': 'Normal', 'message': '(combined from similar events): Scaled down replica set kube-znn-5c95bd98fb to 3', 'dateevent': '2023-01-31 02:15:19+00:00', 'image': 'cmendes/znn:800k', 'replicas': 4, 'imageChanges': 2, 'replicasChanges': 11}

{'name': 'kube-znn.173f430f5c289c06', 'type': 'Normal', 'message': '(combined from similar events): Scaled up replica set kube-znn-744bbbc54b to 2', 'dateevent': '2023-01-31 02:15:19+00:00', 'image': 'cmendes/znn:800k', 'replicas': 4, 'imageChanges': 2, 'replicasChanges': 11}

{'name': 'kube-znn.173f430f5c289c06', 'type': 'Normal', 'message': '(combined from similar events): Scaled down replica set kube-znn-5c95bd98fb to 2', 'dateevent': '2023-01-31 02:15:19+00:00', 'image': 'cmendes/znn:800k', 'replicas': 4, 'imageChanges': 2, 'replicasChanges': 11}

{'name': 'kube-znn.173f430f5c289c06', 'type': 'Normal', 'message': '(combined from similar events): Scaled up replica set kube-znn-744bbbc54b to 3', 'dateevent': '2023-01-31 02:15:19+00:00', 'image': 'cmendes/znn:800k', 'replicas': 4, 'imageChanges': 2, 'replicasChanges': 11}

{'name': 'kube-znn.173f430f5c289c06', 'type': 'Normal', 'message': '(combined from similar events): Scaled down replica set kube-znn-5c95bd98fb to 1', 'dateevent': '2023-01-31 02:15:19+00:00', 'image': 'cmendes/znn:800k', 'replicas': 4, 'imageChanges': 2, 'replicasChanges': 11}

Reading file: VersionA-Monolithic
Reading file: VersionB-MicroControllers
Reading file: VersionC-WithFailureManagerMetaController
Reading file: VersionC-ZTemp
