Reading file: automatingDataGeneration.sh
Reading file: BLong10
Reading file: BLong10_parte1.7z
Reading file: BLong10_parte2.7z
Reading file: BLong10_parte3.7z
Reading file: CLong10
Reading file: CLong10.7z
Reading file: CShort10
Reading file: CShort10.7z
Reading file: Evaluation-ZNN.7z
Reading file: fidelitya-5b8dd7f8c7-wqqfj_tracing_20230130_181738.log

fidelitya data

2023-01-30 21:18:24 : t0:lowerFidelity

Reading file: generateLogs120703
Reading file: generateLogs122741
Reading file: generateLogs124617
Reading file: generateLogs130307
Reading file: generateLogs131938
Reading file: generateLogs133541
Reading file: generateLogs135143
Reading file: generateLogs154208
Reading file: generateLogs160135
Reading file: generateLogs161929
Reading file: generateLogs163848
Reading file: generateLogs165709
Reading file: generateLogs171309
Reading file: generateLogs173945
Reading file: generateLogs180757
Reading file: generateLogs2.sh
Reading file: k6-4724s_tracing_20230130_181738.log
Reading file: README.md
Reading file: scalabilityb-66d698fc76-kptsq_tracing_20230130_181738.log

scalabilityb data

2023-01-30 21:19:43 : t0:removeHighScalability

2023-01-30 21:19:48 : t0:removeHighScalability

2023-01-30 21:19:53 : t0:removeHighScalability

2023-01-30 21:19:58 : t0:removeHighScalability

2023-01-30 21:20:03 : t0:removeReplica

2023-01-30 21:20:08 : t0:removeReplica

2023-01-30 21:20:38 : t0:removeReplica

2023-01-30 21:20:43 : t0:removeReplica

2023-01-30 21:20:48 : t0:removeReplica

2023-01-30 21:20:53 : t0:removeReplica

2023-01-30 21:20:58 : t0:removeReplica

2023-01-30 21:21:03 : t0:removeReplica

2023-01-30 21:21:08 : t0:removeReplica

2023-01-30 21:21:13 : t0:removeReplica

2023-01-30 21:21:18 : t0:removeReplica

2023-01-30 21:21:23 : t0:removeReplica

2023-01-30 21:21:28 : t0:removeReplica

2023-01-30 21:21:33 : t0:removeReplica

2023-01-30 21:21:38 : t0:removeReplica

2023-01-30 21:21:43 : t0:removeReplica

2023-01-30 21:21:48 : t0:removeReplica

2023-01-30 21:21:53 : t0:removeReplica

2023-01-30 21:21:58 : t0:removeReplica

2023-01-30 21:22:03 : t0:removeReplica

2023-01-30 21:22:08 : t0:removeReplica

2023-01-30 21:22:13 : t0:removeReplica

2023-01-30 21:22:18 : t0:removeReplica

2023-01-30 21:22:23 : t0:removeReplica

2023-01-30 21:22:28 : t0:removeReplica

2023-01-30 21:22:33 : t0:removeReplica

2023-01-30 21:22:38 : t0:removeReplica

2023-01-30 21:22:43 : t0:removeReplica

2023-01-30 21:22:48 : t0:removeReplica

2023-01-30 21:22:53 : t0:removeReplica

2023-01-30 21:22:58 : t0:removeReplica

2023-01-30 21:23:03 : t0:removeReplica

2023-01-30 21:23:08 : t0:removeReplica

2023-01-30 21:23:13 : t0:removeReplica

2023-01-30 21:23:18 : t0:removeReplica

2023-01-30 21:23:23 : t0:removeReplica

2023-01-30 21:23:28 : t0:removeReplica

2023-01-30 21:23:33 : t0:removeReplica

2023-01-30 21:23:38 : t0:removeReplica

2023-01-30 21:23:43 : t0:removeReplica

2023-01-30 21:23:48 : t0:removeReplica

2023-01-30 21:23:53 : t0:removeReplica

2023-01-30 21:23:58 : t0:removeReplica

2023-01-30 21:24:03 : t0:removeReplica

2023-01-30 21:24:08 : t0:removeReplica

2023-01-30 21:24:13 : t0:removeReplica

2023-01-30 21:24:18 : t0:removeReplica

2023-01-30 21:24:23 : t0:removeReplica

2023-01-30 21:24:28 : t0:removeReplica

2023-01-30 21:24:33 : t0:removeReplica

2023-01-30 21:24:38 : t0:removeReplica

2023-01-30 21:24:43 : t0:removeReplica

2023-01-30 21:24:48 : t0:removeReplica

2023-01-30 21:24:53 : t0:removeReplica

2023-01-30 21:24:58 : t0:removeReplica

2023-01-30 21:25:03 : t0:removeReplica

2023-01-30 21:25:08 : t0:removeReplica

2023-01-30 21:25:13 : t0:removeReplica

2023-01-30 21:25:18 : t0:removeReplica

2023-01-30 21:25:23 : t0:removeReplica

2023-01-30 21:25:28 : t0:removeReplica

2023-01-30 21:25:33 : t0:removeReplica

2023-01-30 21:25:38 : t0:removeReplica

2023-01-30 21:25:43 : t0:removeReplica

2023-01-30 21:25:48 : t0:removeReplica

2023-01-30 21:25:53 : t0:removeReplica

2023-01-30 21:25:58 : t0:removeReplica

2023-01-30 21:26:03 : t0:removeReplica

2023-01-30 21:26:08 : t0:removeReplica

2023-01-30 21:26:13 : t0:removeReplica

2023-01-30 21:26:18 : t0:removeReplica

2023-01-30 21:26:23 : t0:removeReplica

2023-01-30 21:26:28 : t0:removeReplica

2023-01-30 21:26:33 : t0:removeReplica

2023-01-30 21:26:38 : t0:removeReplica

2023-01-30 21:26:43 : t0:removeReplica

2023-01-30 21:26:48 : t0:removeReplica

2023-01-30 21:26:53 : t0:removeReplica

2023-01-30 21:26:58 : t0:removeReplica

2023-01-30 21:27:03 : t0:removeReplica

2023-01-30 21:27:08 : t0:removeReplica

2023-01-30 21:27:13 : t0:removeReplica

2023-01-30 21:27:18 : t0:removeReplica

2023-01-30 21:27:23 : t0:removeReplica

Reading file: summary-trace-znn.log
Reading file: temp
Reading file: temp2701
Reading file: test
Reading file: tools
Reading file: traceznn_20230130_181738.log

Trace znn data

{'name': 'kube-znn-db.173f3287398243fe', 'type': 'Normal', 'message': 'Scaled up replica set kube-znn-db-558bb5dd64 to 1', 'dateevent': '2023-01-30 21:12:22+00:00', 'image': 'cmendes/znn:800k', 'replicas': 3, 'imageChanges': 0, 'replicasChanges': 1}

{'name': 'kube-znn.173f3287385d0241', 'type': 'Normal', 'message': 'Scaled up replica set kube-znn-744bbbc54b to 1', 'dateevent': '2023-01-30 21:12:22+00:00', 'image': 'cmendes/znn:800k', 'replicas': 3, 'imageChanges': 0, 'replicasChanges': 1}

{'name': 'kube-znn.173f32c607bdea51', 'type': 'Normal', 'message': 'Scaled up replica set kube-znn-744bbbc54b to 2', 'dateevent': '2023-01-30 21:16:52+00:00', 'image': 'cmendes/znn:800k', 'replicas': 3, 'imageChanges': 0, 'replicasChanges': 1}

{'name': 'kube-znn.173f32c6f2cf50a7', 'type': 'Normal', 'message': 'Scaled up replica set kube-znn-744bbbc54b to 3', 'dateevent': '2023-01-30 21:16:56+00:00', 'image': 'cmendes/znn:800k', 'replicas': 3, 'imageChanges': 0, 'replicasChanges': 1}

{'name': 'kube-znn.173f32c803cc8aca', 'type': 'Normal', 'message': 'Scaled up replica set kube-znn-744bbbc54b to 4', 'dateevent': '2023-01-30 21:17:01+00:00', 'image': 'cmendes/znn:800k', 'replicas': 3, 'imageChanges': 0, 'replicasChanges': 1}

{'name': 'kube-znn.173f32d028889250', 'type': 'Normal', 'message': 'Scaled down replica set kube-znn-744bbbc54b to 3', 'dateevent': '2023-01-30 21:17:36+00:00', 'image': 'cmendes/znn:800k', 'replicas': 3, 'imageChanges': 0, 'replicasChanges': 1}

{'name': 'kube-znn.173f32d13f74bfa9', 'type': 'Normal', 'message': 'Scaled down replica set kube-znn-744bbbc54b to 2', 'dateevent': '2023-01-30 21:17:40+00:00', 'image': 'cmendes/znn:800k', 'replicas': 2, 'imageChanges': 0, 'replicasChanges': 2}

{'name': 'kube-znn.173f32c6f2cf50a7', 'type': 'Normal', 'message': 'Scaled up replica set kube-znn-744bbbc54b to 3', 'dateevent': '2023-01-30 21:16:56+00:00', 'image': 'cmendes/znn:800k', 'replicas': 3, 'imageChanges': 0, 'replicasChanges': 3}

{'name': 'kube-znn.173f32c803cc8aca', 'type': 'Normal', 'message': 'Scaled up replica set kube-znn-744bbbc54b to 4', 'dateevent': '2023-01-30 21:17:01+00:00', 'image': 'cmendes/znn:800k', 'replicas': 4, 'imageChanges': 0, 'replicasChanges': 4}

{'name': 'kube-znn.173f32d4be883363', 'type': 'Normal', 'message': 'Scaled up replica set kube-znn-744bbbc54b to 5', 'dateevent': '2023-01-30 21:17:55+00:00', 'image': 'cmendes/znn:800k', 'replicas': 5, 'imageChanges': 0, 'replicasChanges': 5}

{'name': 'kube-znn.173f32d5e9f55e71', 'type': 'Normal', 'message': 'Scaled up replica set kube-znn-744bbbc54b to 6', 'dateevent': '2023-01-30 21:18:00+00:00', 'image': 'cmendes/znn:800k', 'replicas': 6, 'imageChanges': 0, 'replicasChanges': 6}

{'name': 'kube-znn.173f32d710db2574', 'type': 'Normal', 'message': 'Scaled up replica set kube-znn-744bbbc54b to 7', 'dateevent': '2023-01-30 21:18:05+00:00', 'image': 'cmendes/znn:800k', 'replicas': 7, 'imageChanges': 0, 'replicasChanges': 7}

{'name': 'kube-znn.173f32d83cd1a521', 'type': 'Normal', 'message': '(combined from similar events): Scaled up replica set kube-znn-744bbbc54b to 8', 'dateevent': '2023-01-30 21:18:10+00:00', 'image': 'cmendes/znn:800k', 'replicas': 8, 'imageChanges': 0, 'replicasChanges': 8}

{'name': 'kube-znn.173f32d83cd1a521', 'type': 'Normal', 'message': '(combined from similar events): Scaled up replica set kube-znn-744bbbc54b to 9', 'dateevent': '2023-01-30 21:18:10+00:00', 'image': 'cmendes/znn:800k', 'replicas': 9, 'imageChanges': 0, 'replicasChanges': 9}

{'name': 'kube-znn.173f32d83cd1a521', 'type': 'Normal', 'message': '(combined from similar events): Scaled up replica set kube-znn-744bbbc54b to 10', 'dateevent': '2023-01-30 21:18:10+00:00', 'image': 'cmendes/znn:800k', 'replicas': 10, 'imageChanges': 0, 'replicasChanges': 10}

{'name': 'kube-znn.173f32d83cd1a521', 'type': 'Normal', 'message': '(combined from similar events): Scaled up replica set kube-znn-5c95bd98fb to 3', 'dateevent': '2023-01-30 21:18:10+00:00', 'image': 'cmendes/znn:600k', 'replicas': 10, 'imageChanges': 1, 'replicasChanges': 10}

{'name': 'kube-znn.173f32d83cd1a521', 'type': 'Normal', 'message': '(combined from similar events): Scaled down replica set kube-znn-744bbbc54b to 8', 'dateevent': '2023-01-30 21:18:10+00:00', 'image': 'cmendes/znn:600k', 'replicas': 10, 'imageChanges': 1, 'replicasChanges': 10}

{'name': 'kube-znn.173f32d83cd1a521', 'type': 'Normal', 'message': '(combined from similar events): Scaled up replica set kube-znn-5c95bd98fb to 5', 'dateevent': '2023-01-30 21:18:10+00:00', 'image': 'cmendes/znn:600k', 'replicas': 10, 'imageChanges': 1, 'replicasChanges': 10}

{'name': 'kube-znn.173f32d83cd1a521', 'type': 'Normal', 'message': '(combined from similar events): Scaled down replica set kube-znn-744bbbc54b to 7', 'dateevent': '2023-01-30 21:18:10+00:00', 'image': 'cmendes/znn:600k', 'replicas': 10, 'imageChanges': 1, 'replicasChanges': 10}

{'name': 'kube-znn.173f32d83cd1a521', 'type': 'Normal', 'message': '(combined from similar events): Scaled up replica set kube-znn-5c95bd98fb to 6', 'dateevent': '2023-01-30 21:18:10+00:00', 'image': 'cmendes/znn:600k', 'replicas': 10, 'imageChanges': 1, 'replicasChanges': 10}

{'name': 'kube-znn.173f32d83cd1a521', 'type': 'Normal', 'message': '(combined from similar events): Scaled down replica set kube-znn-744bbbc54b to 6', 'dateevent': '2023-01-30 21:18:10+00:00', 'image': 'cmendes/znn:600k', 'replicas': 10, 'imageChanges': 1, 'replicasChanges': 10}

{'name': 'kube-znn.173f32d83cd1a521', 'type': 'Normal', 'message': '(combined from similar events): Scaled up replica set kube-znn-5c95bd98fb to 7', 'dateevent': '2023-01-30 21:18:10+00:00', 'image': 'cmendes/znn:600k', 'replicas': 10, 'imageChanges': 1, 'replicasChanges': 10}

{'name': 'kube-znn.173f32d83cd1a521', 'type': 'Normal', 'message': '(combined from similar events): Scaled down replica set kube-znn-5c95bd98fb to 3', 'dateevent': '2023-01-30 21:18:10+00:00', 'image': 'cmendes/znn:600k', 'replicas': 4, 'imageChanges': 1, 'replicasChanges': 11}

{'name': 'kube-znn.173f32d13f74bfa9', 'type': 'Normal', 'message': 'Scaled down replica set kube-znn-744bbbc54b to 2', 'dateevent': '2023-01-30 21:17:40+00:00', 'image': 'cmendes/znn:600k', 'replicas': 4, 'imageChanges': 1, 'replicasChanges': 11}

{'name': 'kube-znn.173f32d83cd1a521', 'type': 'Normal', 'message': '(combined from similar events): Scaled down replica set kube-znn-744bbbc54b to 1', 'dateevent': '2023-01-30 21:18:10+00:00', 'image': 'cmendes/znn:600k', 'replicas': 4, 'imageChanges': 1, 'replicasChanges': 11}

{'name': 'kube-znn.173f32d83cd1a521', 'type': 'Normal', 'message': '(combined from similar events): Scaled up replica set kube-znn-5c95bd98fb to 4', 'dateevent': '2023-01-30 21:18:10+00:00', 'image': 'cmendes/znn:600k', 'replicas': 4, 'imageChanges': 1, 'replicasChanges': 11}

{'name': 'kube-znn.173f32d83cd1a521', 'type': 'Normal', 'message': '(combined from similar events): Scaled down replica set kube-znn-744bbbc54b to 0', 'dateevent': '2023-01-30 21:18:10+00:00', 'image': 'cmendes/znn:600k', 'replicas': 4, 'imageChanges': 1, 'replicasChanges': 11}

Reading file: VersionA-Monolithic
Reading file: VersionB-MicroControllers
Reading file: VersionC-WithFailureManagerMetaController
Reading file: VersionC-ZTemp
