Reading file: automatingDataGeneration.sh
Reading file: BLong10
Reading file: BLong10_parte1.7z
Reading file: BLong10_parte2.7z
Reading file: BLong10_parte3.7z
Reading file: CLong10
Reading file: CLong10.7z
Reading file: CShort10
Reading file: CShort10.7z
Reading file: Evaluation-ZNN.7z
Reading file: fidelitya-5b8dd7f8c7-7twf7_tracing_20230130_223138.log

fidelitya data

2023-01-31 01:32:31 INFO  GuavaMasterReportingPort:35 - MODEL: Executing O[strategy-execution-KubeZnnSystem:Acme:ExecutionHistory/strategyExecutionState.null([KubeZnnSystem:Acme, AdapttionTree, ADAPTATION_EXECUTING, ])]

Reading file: generateLogs120703
Reading file: generateLogs122741
Reading file: generateLogs124617
Reading file: generateLogs130307
Reading file: generateLogs131938
Reading file: generateLogs133541
Reading file: generateLogs135143
Reading file: generateLogs154208
Reading file: generateLogs160135
Reading file: generateLogs161929
Reading file: generateLogs163848
Reading file: generateLogs165709
Reading file: generateLogs171309
Reading file: generateLogs173945
Reading file: generateLogs180757
Reading file: generateLogs182726
Reading file: generateLogs185422
Reading file: generateLogs192616
Reading file: generateLogs194343
Reading file: generateLogs2.sh
Reading file: generateLogs201445
Reading file: generateLogs204306
Reading file: generateLogs211035
Reading file: generateLogs213121
Reading file: generateLogs215558
Reading file: k6-xb5dk_tracing_20230130_223138.log
Reading file: README.md
Reading file: scalabilityb-66d698fc76-xcx4j_tracing_20230130_223138.log

scalabilityb data

2023-01-31 01:33:12 : t0:removeHighScalability

2023-01-31 01:33:17 : t0:removeHighScalability

2023-01-31 01:33:22 : t0:removeHighScalability

2023-01-31 01:33:27 : t0:removeHighScalability

2023-01-31 01:33:32 : t0:removeHighScalability

2023-01-31 01:33:37 : t0:removeHighScalability

2023-01-31 01:33:42 : t0:removeHighScalability

2023-01-31 01:33:47 : t0:removeHighScalability

2023-01-31 01:33:52 : t0:removeHighScalability

2023-01-31 01:33:57 : t0:removeHighScalability

2023-01-31 01:34:02 : t0:removeHighScalability

2023-01-31 01:34:07 : t0:removeReplica

2023-01-31 01:34:12 : t0:removeReplica

2023-01-31 01:34:42 : t0:removeReplica

2023-01-31 01:34:47 : t0:removeReplica

2023-01-31 01:34:52 : t0:removeReplica

2023-01-31 01:34:57 : t0:removeReplica

2023-01-31 01:35:02 : t0:removeReplica

2023-01-31 01:35:07 : t0:removeReplica

2023-01-31 01:35:12 : t0:removeReplica

2023-01-31 01:35:17 : t0:removeReplica

2023-01-31 01:35:22 : t0:removeReplica

2023-01-31 01:35:27 : t0:removeReplica

2023-01-31 01:35:32 : t0:removeReplica

2023-01-31 01:35:37 : t0:removeReplica

2023-01-31 01:35:42 : t0:removeReplica

2023-01-31 01:35:47 : t0:removeReplica

2023-01-31 01:35:52 : t0:removeReplica

2023-01-31 01:35:57 : t0:removeReplica

2023-01-31 01:36:02 : t0:removeReplica

2023-01-31 01:36:07 : t0:removeReplica

2023-01-31 01:36:12 : t0:removeReplica

2023-01-31 01:36:17 : t0:removeReplica

2023-01-31 01:36:22 : t0:removeReplica

2023-01-31 01:36:27 : t0:removeReplica

2023-01-31 01:36:32 : t0:removeReplica

2023-01-31 01:36:37 : t0:removeReplica

2023-01-31 01:36:42 : t0:removeReplica

2023-01-31 01:36:47 : t0:removeReplica

2023-01-31 01:36:52 : t0:removeReplica

2023-01-31 01:36:57 : t0:removeReplica

2023-01-31 01:37:02 : t0:removeReplica

2023-01-31 01:37:07 : t0:removeReplica

2023-01-31 01:37:12 : t0:removeReplica

2023-01-31 01:37:17 : t0:removeReplica

2023-01-31 01:37:22 : t0:removeReplica

2023-01-31 01:37:27 : t0:removeReplica

2023-01-31 01:37:32 : t0:removeReplica

2023-01-31 01:37:37 : t0:removeReplica

2023-01-31 01:37:42 : t0:removeReplica

2023-01-31 01:37:47 : t0:removeReplica

2023-01-31 01:37:52 : t0:removeReplica

2023-01-31 01:37:57 : t0:removeReplica

2023-01-31 01:38:02 : t0:removeReplica

2023-01-31 01:38:07 : t0:removeReplica

2023-01-31 01:38:12 : t0:removeReplica

2023-01-31 01:38:17 : t0:removeReplica

2023-01-31 01:38:22 : t0:removeReplica

2023-01-31 01:38:27 : t0:removeReplica

2023-01-31 01:38:32 : t0:removeReplica

2023-01-31 01:38:37 : t0:removeReplica

2023-01-31 01:38:42 : t0:removeReplica

2023-01-31 01:38:47 : t0:removeReplica

2023-01-31 01:38:52 : t0:removeReplica

2023-01-31 01:38:57 : t0:removeReplica

2023-01-31 01:39:02 : t0:removeReplica

2023-01-31 01:39:07 : t0:removeReplica

2023-01-31 01:39:12 : t0:removeReplica

2023-01-31 01:39:17 : t0:removeReplica

2023-01-31 01:39:22 : t0:removeReplica

2023-01-31 01:39:27 : t0:removeReplica

2023-01-31 01:39:32 : t0:removeReplica

2023-01-31 01:39:37 : t0:removeReplica

2023-01-31 01:39:42 : t0:removeReplica

2023-01-31 01:39:47 : t0:removeReplica

2023-01-31 01:39:52 : t0:removeReplica

2023-01-31 01:39:57 : t0:removeReplica

2023-01-31 01:40:02 : t0:removeReplica

2023-01-31 01:40:07 : t0:removeReplica

2023-01-31 01:40:12 : t0:removeReplica

Reading file: summary-trace-znn.log
Reading file: temp
Reading file: temp2701
Reading file: test
Reading file: tools
Reading file: traceznn_20230130_223138.log

Trace znn data

{'name': 'kube-znn-db.173f3ef0b9bd2bd6', 'type': 'Normal', 'message': 'Scaled up replica set kube-znn-db-558bb5dd64 to 1', 'dateevent': '2023-01-31 00:59:50+00:00', 'image': 'cmendes/znn:800k', 'replicas': 1, 'imageChanges': 0, 'replicasChanges': 1}

{'name': 'kube-znn.173f3ef0b929d12b', 'type': 'Normal', 'message': 'Scaled up replica set kube-znn-744bbbc54b to 1', 'dateevent': '2023-01-31 00:59:50+00:00', 'image': 'cmendes/znn:800k', 'replicas': 1, 'imageChanges': 0, 'replicasChanges': 1}

{'name': 'kube-znn.173f40af4ee62aec', 'type': 'Normal', 'message': 'Scaled up replica set kube-znn-744bbbc54b to 2', 'dateevent': '2023-01-31 01:31:48+00:00', 'image': 'cmendes/znn:800k', 'replicas': 2, 'imageChanges': 0, 'replicasChanges': 2}

{'name': 'kube-znn.173f40b02cce2de7', 'type': 'Normal', 'message': 'Scaled up replica set kube-znn-744bbbc54b to 3', 'dateevent': '2023-01-31 01:31:51+00:00', 'image': 'cmendes/znn:800k', 'replicas': 3, 'imageChanges': 0, 'replicasChanges': 3}

{'name': 'kube-znn.173f40b1573025bf', 'type': 'Normal', 'message': 'Scaled up replica set kube-znn-744bbbc54b to 4', 'dateevent': '2023-01-31 01:31:56+00:00', 'image': 'cmendes/znn:800k', 'replicas': 4, 'imageChanges': 0, 'replicasChanges': 4}

{'name': 'kube-znn.173f40b28573aa01', 'type': 'Normal', 'message': 'Scaled up replica set kube-znn-744bbbc54b to 5', 'dateevent': '2023-01-31 01:32:01+00:00', 'image': 'cmendes/znn:800k', 'replicas': 5, 'imageChanges': 0, 'replicasChanges': 5}

{'name': 'kube-znn.173f40b3a836b69c', 'type': 'Normal', 'message': 'Scaled up replica set kube-znn-744bbbc54b to 6', 'dateevent': '2023-01-31 01:32:06+00:00', 'image': 'cmendes/znn:800k', 'replicas': 6, 'imageChanges': 0, 'replicasChanges': 6}

{'name': 'kube-znn.173f40b4d3974411', 'type': 'Normal', 'message': 'Scaled up replica set kube-znn-744bbbc54b to 7', 'dateevent': '2023-01-31 01:32:11+00:00', 'image': 'cmendes/znn:800k', 'replicas': 7, 'imageChanges': 0, 'replicasChanges': 7}

{'name': 'kube-znn.173f40b5fd7382e8', 'type': 'Normal', 'message': 'Scaled up replica set kube-znn-744bbbc54b to 8', 'dateevent': '2023-01-31 01:32:16+00:00', 'image': 'cmendes/znn:800k', 'replicas': 8, 'imageChanges': 0, 'replicasChanges': 8}

{'name': 'kube-znn.173f40b7277d3533', 'type': 'Normal', 'message': 'Scaled up replica set kube-znn-744bbbc54b to 9', 'dateevent': '2023-01-31 01:32:21+00:00', 'image': 'cmendes/znn:800k', 'replicas': 9, 'imageChanges': 0, 'replicasChanges': 9}

{'name': 'kube-znn.173f40b84fd3af15', 'type': 'Normal', 'message': 'Scaled up replica set kube-znn-744bbbc54b to 10', 'dateevent': '2023-01-31 01:32:26+00:00', 'image': 'cmendes/znn:800k', 'replicas': 10, 'imageChanges': 0, 'replicasChanges': 10}

{'name': 'kube-znn.173f40b9ca1e866b', 'type': 'Normal', 'message': '(combined from similar events): Scaled up replica set kube-znn-5c95bd98fb to 3', 'dateevent': '2023-01-31 01:32:33+00:00', 'image': 'cmendes/znn:600k', 'replicas': 10, 'imageChanges': 1, 'replicasChanges': 10}

{'name': 'kube-znn.173f40b9ca1e866b', 'type': 'Normal', 'message': '(combined from similar events): Scaled down replica set kube-znn-744bbbc54b to 8', 'dateevent': '2023-01-31 01:32:33+00:00', 'image': 'cmendes/znn:600k', 'replicas': 10, 'imageChanges': 1, 'replicasChanges': 10}

{'name': 'kube-znn.173f40b9ca1e866b', 'type': 'Normal', 'message': '(combined from similar events): Scaled up replica set kube-znn-5c95bd98fb to 5', 'dateevent': '2023-01-31 01:32:33+00:00', 'image': 'cmendes/znn:600k', 'replicas': 10, 'imageChanges': 1, 'replicasChanges': 10}

{'name': 'kube-znn.173f40b9ca1e866b', 'type': 'Normal', 'message': '(combined from similar events): Scaled down replica set kube-znn-744bbbc54b to 7', 'dateevent': '2023-01-31 01:32:33+00:00', 'image': 'cmendes/znn:600k', 'replicas': 10, 'imageChanges': 1, 'replicasChanges': 10}

{'name': 'kube-znn.173f40b9ca1e866b', 'type': 'Normal', 'message': '(combined from similar events): Scaled up replica set kube-znn-5c95bd98fb to 6', 'dateevent': '2023-01-31 01:32:33+00:00', 'image': 'cmendes/znn:600k', 'replicas': 10, 'imageChanges': 1, 'replicasChanges': 10}

{'name': 'kube-znn.173f40b9ca1e866b', 'type': 'Normal', 'message': '(combined from similar events): Scaled down replica set kube-znn-744bbbc54b to 6', 'dateevent': '2023-01-31 01:32:33+00:00', 'image': 'cmendes/znn:600k', 'replicas': 10, 'imageChanges': 1, 'replicasChanges': 10}

{'name': 'kube-znn.173f40b9ca1e866b', 'type': 'Normal', 'message': '(combined from similar events): Scaled up replica set kube-znn-5c95bd98fb to 7', 'dateevent': '2023-01-31 01:32:33+00:00', 'image': 'cmendes/znn:600k', 'replicas': 10, 'imageChanges': 1, 'replicasChanges': 10}

{'name': 'kube-znn.173f40b9ca1e866b', 'type': 'Normal', 'message': '(combined from similar events): Scaled down replica set kube-znn-744bbbc54b to 5', 'dateevent': '2023-01-31 01:32:33+00:00', 'image': 'cmendes/znn:600k', 'replicas': 10, 'imageChanges': 1, 'replicasChanges': 10}

{'name': 'kube-znn.173f40b9ca1e866b', 'type': 'Normal', 'message': '(combined from similar events): Scaled up replica set kube-znn-5c95bd98fb to 8', 'dateevent': '2023-01-31 01:32:33+00:00', 'image': 'cmendes/znn:600k', 'replicas': 10, 'imageChanges': 1, 'replicasChanges': 10}

{'name': 'kube-znn.173f40b9ca1e866b', 'type': 'Normal', 'message': '(combined from similar events): Scaled down replica set kube-znn-744bbbc54b to 4', 'dateevent': '2023-01-31 01:32:33+00:00', 'image': 'cmendes/znn:600k', 'replicas': 10, 'imageChanges': 1, 'replicasChanges': 10}

{'name': 'kube-znn.173f40b9ca1e866b', 'type': 'Normal', 'message': '(combined from similar events): Scaled up replica set kube-znn-5c95bd98fb to 9', 'dateevent': '2023-01-31 01:32:33+00:00', 'image': 'cmendes/znn:600k', 'replicas': 10, 'imageChanges': 1, 'replicasChanges': 10}

{'name': 'kube-znn.173f40b9ca1e866b', 'type': 'Normal', 'message': '(combined from similar events): Scaled down replica set kube-znn-5c95bd98fb to 3', 'dateevent': '2023-01-31 01:32:33+00:00', 'image': 'cmendes/znn:600k', 'replicas': 4, 'imageChanges': 1, 'replicasChanges': 11}

{'name': 'kube-znn.173f40b9ca1e866b', 'type': 'Normal', 'message': '(combined from similar events): Scaled down replica set kube-znn-744bbbc54b to 2', 'dateevent': '2023-01-31 01:32:33+00:00', 'image': 'cmendes/znn:600k', 'replicas': 4, 'imageChanges': 1, 'replicasChanges': 11}

{'name': 'kube-znn.173f40b9ca1e866b', 'type': 'Normal', 'message': '(combined from similar events): Scaled down replica set kube-znn-744bbbc54b to 0', 'dateevent': '2023-01-31 01:32:33+00:00', 'image': 'cmendes/znn:600k', 'replicas': 4, 'imageChanges': 1, 'replicasChanges': 11}

{'name': 'kube-znn.173f40b9ca1e866b', 'type': 'Normal', 'message': '(combined from similar events): Scaled up replica set kube-znn-5c95bd98fb to 4', 'dateevent': '2023-01-31 01:32:33+00:00', 'image': 'cmendes/znn:600k', 'replicas': 4, 'imageChanges': 1, 'replicasChanges': 11}

Reading file: VersionA-Monolithic
Reading file: VersionB-MicroControllers
Reading file: VersionC-WithFailureManagerMetaController
Reading file: VersionC-ZTemp
