Reading file: ALong10
Reading file: ALong10.7z
Reading file: AShort10
Reading file: automatingDataGeneration.sh
Reading file: BLong10
Reading file: BLong10_parte1.7z
Reading file: BLong10_parte2.7z
Reading file: BLong10_parte3.7z
Reading file: BShort10
Reading file: BShort10.7z
Reading file: CLong10
Reading file: CLong10.7z
Reading file: CShort10
Reading file: CShort10.7z
Reading file: Evaluation-ZNN.7z
Reading file: generateLogs135131
Reading file: generateLogs141128
Reading file: generateLogs142807
Reading file: generateLogs144250
Reading file: generateLogs145851
Reading file: generateLogs151926
Reading file: generateLogs2.sh
Reading file: k6-tdvfp_tracing_20230201_152731.log
Reading file: kubow-548bb5f4b4-bwcld_tracing_20230201_152731.log

Kubow data

2023-02-01 18:27:27 : t0:addReplica

2023-02-01 18:27:36 : t0:addReplica

2023-02-01 18:27:41 : t0:addReplica

2023-02-01 18:27:46 : t0:addReplica

2023-02-01 18:27:51 : t0:addReplica

2023-02-01 18:27:56 : t0:addReplica

2023-02-01 18:28:01 : t0:addReplica

2023-02-01 18:28:06 : t0:addReplica

2023-02-01 18:28:11 : t0:addReplica

2023-02-01 18:28:16 : t1:lowerFidelity

2023-02-01 18:28:26 : t1:lowerFidelity

2023-02-01 18:28:31 : t0:activateLowScalabilityHighQuality

2023-02-01 18:28:51 : t0:addReplica

2023-02-01 18:28:56 : t0:addReplica

2023-02-01 18:29:01 : t0:addReplica

2023-02-01 18:29:06 : t0:addReplica

2023-02-01 18:29:11 : t0:addReplica

2023-02-01 18:29:16 : t0:activateLowScalabilityHighQuality

2023-02-01 18:29:21 : t0:addReplica

2023-02-01 18:29:26 : t0:addHighScalabilityHighQuality

2023-02-01 18:29:31 : t0:addHighScalabilityHighQuality

2023-02-01 18:29:36 : t0:addHighScalabilityHighQuality

2023-02-01 18:29:41 : t0:addHighScalabilityHighQuality

2023-02-01 18:29:46 : t0:addHighScalabilityHighQuality

2023-02-01 18:29:56 : t1:raiseFidelity

2023-02-01 18:30:01 : t1:raiseFidelity

2023-02-01 18:30:36 : t0:removeReplica

2023-02-01 18:30:41 : t1:raiseFidelity

2023-02-01 18:31:16 : t0:removeReplica

2023-02-01 18:31:21 : t1:raiseFidelity

2023-02-01 18:31:56 : t1:raiseFidelity

2023-02-01 18:32:01 : t1:raiseFidelity

2023-02-01 18:32:36 : t1:raiseFidelity

2023-02-01 18:32:41 : t1:raiseFidelity

2023-02-01 18:33:16 : t1:raiseFidelity

2023-02-01 18:33:21 : t1:raiseFidelity

2023-02-01 18:33:56 : t1:raiseFidelity

Reading file: README.md
Reading file: summary-trace-znn.log
Reading file: temp
Reading file: temp2701
Reading file: temp3101
Reading file: test
Reading file: tools
Reading file: traceznn_20230201_152731.log

Trace znn data

{'name': 'kube-znn-db.173fc67e87a84ace', 'type': 'Normal', 'message': 'Scaled up replica set kube-znn-db-6dd8968475 to 1', 'dateevent': '2023-02-01 18:23:53+00:00', 'image': 'cmendes/znn:800k', 'replicas': 2, 'imageChanges': 0, 'replicasChanges': 1}

{'name': 'kube-znn.173fc67e869f4d21', 'type': 'Normal', 'message': 'Scaled up replica set kube-znn-5fb97667db to 1', 'dateevent': '2023-02-01 18:23:53+00:00', 'image': 'cmendes/znn:800k', 'replicas': 2, 'imageChanges': 0, 'replicasChanges': 1}

{'name': 'kube-znn.173fc6b0ee17d206', 'type': 'Normal', 'message': 'Scaled up replica set kube-znn-5fb97667db to 2', 'dateevent': '2023-02-01 18:27:29+00:00', 'image': 'cmendes/znn:800k', 'replicas': 2, 'imageChanges': 0, 'replicasChanges': 1}

{'name': 'kube-znn.173fc6b2b224d191', 'type': 'Normal', 'message': 'Scaled up replica set kube-znn-5fb97667db to 3', 'dateevent': '2023-02-01 18:27:37+00:00', 'image': 'cmendes/znn:800k', 'replicas': 3, 'imageChanges': 0, 'replicasChanges': 2}

{'name': 'kube-znn.173fc6b3d6a8b033', 'type': 'Normal', 'message': 'Scaled up replica set kube-znn-5fb97667db to 4', 'dateevent': '2023-02-01 18:27:42+00:00', 'image': 'cmendes/znn:800k', 'replicas': 4, 'imageChanges': 0, 'replicasChanges': 3}

{'name': 'kube-znn.173fc6b4fcb97406', 'type': 'Normal', 'message': 'Scaled up replica set kube-znn-5fb97667db to 5', 'dateevent': '2023-02-01 18:27:47+00:00', 'image': 'cmendes/znn:800k', 'replicas': 5, 'imageChanges': 0, 'replicasChanges': 4}

{'name': 'kube-znn.173fc6b6274d05ca', 'type': 'Normal', 'message': 'Scaled up replica set kube-znn-5fb97667db to 6', 'dateevent': '2023-02-01 18:27:52+00:00', 'image': 'cmendes/znn:800k', 'replicas': 6, 'imageChanges': 0, 'replicasChanges': 5}

{'name': 'kube-znn.173fc6b7513eb74c', 'type': 'Normal', 'message': 'Scaled up replica set kube-znn-5fb97667db to 7', 'dateevent': '2023-02-01 18:27:57+00:00', 'image': 'cmendes/znn:800k', 'replicas': 7, 'imageChanges': 0, 'replicasChanges': 6}

{'name': 'kube-znn.173fc6b87a0235f3', 'type': 'Normal', 'message': 'Scaled up replica set kube-znn-5fb97667db to 8', 'dateevent': '2023-02-01 18:28:02+00:00', 'image': 'cmendes/znn:800k', 'replicas': 8, 'imageChanges': 0, 'replicasChanges': 7}

{'name': 'kube-znn.173fc6b9a61fcf33', 'type': 'Normal', 'message': 'Scaled up replica set kube-znn-5fb97667db to 9', 'dateevent': '2023-02-01 18:28:07+00:00', 'image': 'cmendes/znn:800k', 'replicas': 9, 'imageChanges': 0, 'replicasChanges': 8}

{'name': 'kube-znn.173fc6bacdd24e69', 'type': 'Normal', 'message': '(combined from similar events): Scaled up replica set kube-znn-5fb97667db to 10', 'dateevent': '2023-02-01 18:28:12+00:00', 'image': 'cmendes/znn:800k', 'replicas': 10, 'imageChanges': 0, 'replicasChanges': 9}

{'name': 'kube-znn.173fc6bacdd24e69', 'type': 'Normal', 'message': '(combined from similar events): Scaled up replica set kube-znn-6978979d84 to 3', 'dateevent': '2023-02-01 18:28:12+00:00', 'image': 'cmendes/znn:600k', 'replicas': 10, 'imageChanges': 1, 'replicasChanges': 9}

{'name': 'kube-znn.173fc6bacdd24e69', 'type': 'Normal', 'message': '(combined from similar events): Scaled down replica set kube-znn-5fb97667db to 9', 'dateevent': '2023-02-01 18:28:12+00:00', 'image': 'cmendes/znn:600k', 'replicas': 10, 'imageChanges': 1, 'replicasChanges': 9}

{'name': 'kube-znn.173fc6bacdd24e69', 'type': 'Normal', 'message': '(combined from similar events): Scaled down replica set kube-znn-5fb97667db to 8', 'dateevent': '2023-02-01 18:28:12+00:00', 'image': 'cmendes/znn:600k', 'replicas': 10, 'imageChanges': 1, 'replicasChanges': 9}

{'name': 'kube-znn.173fc6bacdd24e69', 'type': 'Normal', 'message': '(combined from similar events): Scaled up replica set kube-znn-6978979d84 to 5', 'dateevent': '2023-02-01 18:28:12+00:00', 'image': 'cmendes/znn:600k', 'replicas': 10, 'imageChanges': 1, 'replicasChanges': 9}

{'name': 'kube-znn.173fc6bacdd24e69', 'type': 'Normal', 'message': '(combined from similar events): Scaled down replica set kube-znn-6978979d84 to 0', 'dateevent': '2023-02-01 18:28:12+00:00', 'image': 'cmendes/znn:400k', 'replicas': 10, 'imageChanges': 2, 'replicasChanges': 9}

{'name': 'kube-znn.173fc6bacdd24e69', 'type': 'Normal', 'message': '(combined from similar events): Scaled up replica set kube-znn-f8d56c578 to 5', 'dateevent': '2023-02-01 18:28:12+00:00', 'image': 'cmendes/znn:400k', 'replicas': 10, 'imageChanges': 2, 'replicasChanges': 9}

{'name': 'kube-znn.173fc6bacdd24e69', 'type': 'Normal', 'message': '(combined from similar events): Scaled down replica set kube-znn-5fb97667db to 4', 'dateevent': '2023-02-01 18:28:12+00:00', 'image': 'cmendes/znn:400k', 'replicas': 5, 'imageChanges': 2, 'replicasChanges': 10}

{'name': 'kube-znn.173fc6bacdd24e69', 'type': 'Normal', 'message': '(combined from similar events): Scaled down replica set kube-znn-f8d56c578 to 3', 'dateevent': '2023-02-01 18:28:12+00:00', 'image': 'cmendes/znn:400k', 'replicas': 5, 'imageChanges': 2, 'replicasChanges': 10}

{'name': 'kube-znn.173fc6bacdd24e69', 'type': 'Normal', 'message': '(combined from similar events): Scaled down replica set kube-znn-5fb97667db to 3', 'dateevent': '2023-02-01 18:28:12+00:00', 'image': 'cmendes/znn:400k', 'replicas': 5, 'imageChanges': 2, 'replicasChanges': 10}

{'name': 'kube-znn.173fc6bacdd24e69', 'type': 'Normal', 'message': '(combined from similar events): Scaled up replica set kube-znn-f8d56c578 to 4', 'dateevent': '2023-02-01 18:28:12+00:00', 'image': 'cmendes/znn:400k', 'replicas': 5, 'imageChanges': 2, 'replicasChanges': 10}

{'name': 'kube-znn.173fc6bacdd24e69', 'type': 'Normal', 'message': '(combined from similar events): Scaled down replica set kube-znn-5fb97667db to 2', 'dateevent': '2023-02-01 18:28:12+00:00', 'image': 'cmendes/znn:400k', 'replicas': 5, 'imageChanges': 2, 'replicasChanges': 10}

{'name': 'kube-znn.173fc6c2753d0112', 'type': 'Normal', 'message': 'Scaled up replica set kube-znn-f8d56c578 to 5', 'dateevent': '2023-02-01 18:28:44+00:00', 'image': 'cmendes/znn:400k', 'replicas': 5, 'imageChanges': 2, 'replicasChanges': 10}

{'name': 'kube-znn.173fc6bacdd24e69', 'type': 'Normal', 'message': '(combined from similar events): Scaled down replica set kube-znn-5fb97667db to 1', 'dateevent': '2023-02-01 18:28:12+00:00', 'image': 'cmendes/znn:400k', 'replicas': 5, 'imageChanges': 2, 'replicasChanges': 10}

{'name': 'kube-znn.173fc6bacdd24e69', 'type': 'Normal', 'message': '(combined from similar events): Scaled down replica set kube-znn-5fb97667db to 0', 'dateevent': '2023-02-01 18:28:12+00:00', 'image': 'cmendes/znn:400k', 'replicas': 5, 'imageChanges': 2, 'replicasChanges': 10}

{'name': 'kube-znn.173fc6bacdd24e69', 'type': 'Normal', 'message': '(combined from similar events): Scaled up replica set kube-znn-6978979d84 to 2', 'dateevent': '2023-02-01 18:28:12+00:00', 'image': 'cmendes/znn:600k', 'replicas': 5, 'imageChanges': 3, 'replicasChanges': 10}

{'name': 'kube-znn.173fc6bacdd24e69', 'type': 'Normal', 'message': '(combined from similar events): Scaled up replica set kube-znn-f8d56c578 to 7', 'dateevent': '2023-02-01 18:28:12+00:00', 'image': 'cmendes/znn:400k', 'replicas': 7, 'imageChanges': 4, 'replicasChanges': 11}

{'name': 'kube-znn.173fc6d33e7bab38', 'type': 'Normal', 'message': 'Scaled up replica set kube-znn-6978979d84 to 1', 'dateevent': '2023-02-01 18:33:56+00:00', 'image': 'cmendes/znn:600k', 'replicas': 1, 'imageChanges': 5, 'replicasChanges': 12}

Reading file: VersionA-Monolithic
Reading file: VersionB-MicroControllers
Reading file: VersionC-WithFailureManagerMetaController
Reading file: VersionC-ZTemp
