Reading file: ALong10
Reading file: ALong10.7z
Reading file: automatingDataGeneration.sh
Reading file: BLong10
Reading file: BLong10_parte1.7z
Reading file: BLong10_parte2.7z
Reading file: BLong10_parte3.7z
Reading file: BShort10
Reading file: BShort10.7z
Reading file: CLong10
Reading file: CLong10.7z
Reading file: CShort10
Reading file: CShort10.7z
Reading file: Evaluation-ZNN.7z
Reading file: generateLogs042622
Reading file: generateLogs044028
Reading file: generateLogs045504
Reading file: generateLogs050915
Reading file: generateLogs052859
Reading file: generateLogs054249
Reading file: generateLogs055651
Reading file: generateLogs061455
Reading file: generateLogs062921
Reading file: generateLogs064348
Reading file: generateLogs2.sh
Reading file: k6-cvlcz_tracing_20230201_065336.log
Reading file: kubow-548bb5f4b4-dmphj_tracing_20230201_065336.log

Kubow data

2023-02-01 09:53:41 : t0:addReplica

2023-02-01 09:53:46 : t0:addReplica

2023-02-01 09:53:51 : t0:addReplica

2023-02-01 09:53:56 : t0:addReplica

2023-02-01 09:54:01 : t0:addReplica

2023-02-01 09:54:06 : t0:addReplica

2023-02-01 09:54:11 : t0:addReplica

2023-02-01 09:54:16 : t0:addReplica

2023-02-01 09:54:21 : t0:addReplica

2023-02-01 09:54:26 : t1:lowerFidelity

2023-02-01 09:54:36 : t1:lowerFidelity

2023-02-01 09:54:41 : t0:activateLowScalabilityHighQuality

2023-02-01 09:55:01 : t0:addReplica

2023-02-01 09:55:06 : t0:addReplica

2023-02-01 09:55:11 : t0:addReplica

2023-02-01 09:55:16 : t0:addReplica

2023-02-01 09:55:21 : t0:addReplica

2023-02-01 09:55:26 : t1:lowerFidelity

2023-02-01 09:55:31 : t0:activateLowScalabilityHighQuality

2023-02-01 09:55:36 : t0:addReplica

2023-02-01 09:55:41 : t0:addReplica

2023-02-01 09:55:46 : t0:addReplica

2023-02-01 09:55:51 : t0:addReplica

2023-02-01 09:56:26 : t1:raiseFidelity

2023-02-01 09:56:31 : t0:removeReplica

2023-02-01 09:57:06 : t1:raiseFidelity

2023-02-01 09:57:11 : t1:raiseFidelity

2023-02-01 09:57:46 : t1:raiseFidelity

2023-02-01 09:57:51 : t0:removeReplica

2023-02-01 09:58:26 : t1:raiseFidelity

2023-02-01 09:58:31 : t1:raiseFidelity

2023-02-01 09:59:06 : t0:removeReplica

2023-02-01 09:59:11 : t0:removeReplica

2023-02-01 09:59:46 : t1:raiseFidelity

Reading file: README.md
Reading file: summary-trace-znn.log
Reading file: temp
Reading file: temp2701
Reading file: temp3101
Reading file: test
Reading file: tools
Reading file: traceznn_20230201_065336.log

Trace znn data

{'name': 'kube-znn-db.173faa6236accb3d', 'type': 'Normal', 'message': 'Scaled up replica set kube-znn-db-6dd8968475 to 1', 'dateevent': '2023-02-01 09:48:45+00:00', 'image': 'cmendes/znn:800k', 'replicas': 1, 'imageChanges': 0, 'replicasChanges': 1}

{'name': 'kube-znn.173faa6235eb8f23', 'type': 'Normal', 'message': 'Scaled up replica set kube-znn-5fb97667db to 1', 'dateevent': '2023-02-01 09:48:45+00:00', 'image': 'cmendes/znn:800k', 'replicas': 1, 'imageChanges': 0, 'replicasChanges': 1}

{'name': 'kube-znn.173faaa76f05db72', 'type': 'Normal', 'message': 'Scaled up replica set kube-znn-5fb97667db to 2', 'dateevent': '2023-02-01 09:53:42+00:00', 'image': 'cmendes/znn:800k', 'replicas': 2, 'imageChanges': 0, 'replicasChanges': 2}

{'name': 'kube-znn.173faaa84b898b9b', 'type': 'Normal', 'message': 'Scaled up replica set kube-znn-5fb97667db to 3', 'dateevent': '2023-02-01 09:53:46+00:00', 'image': 'cmendes/znn:800k', 'replicas': 3, 'imageChanges': 0, 'replicasChanges': 3}

{'name': 'kube-znn.173faaa9767b0090', 'type': 'Normal', 'message': 'Scaled up replica set kube-znn-5fb97667db to 4', 'dateevent': '2023-02-01 09:53:51+00:00', 'image': 'cmendes/znn:800k', 'replicas': 4, 'imageChanges': 0, 'replicasChanges': 4}

{'name': 'kube-znn.173faaaa9ed674cb', 'type': 'Normal', 'message': 'Scaled up replica set kube-znn-5fb97667db to 5', 'dateevent': '2023-02-01 09:53:56+00:00', 'image': 'cmendes/znn:800k', 'replicas': 5, 'imageChanges': 0, 'replicasChanges': 5}

{'name': 'kube-znn.173faaabc87a4b15', 'type': 'Normal', 'message': 'Scaled up replica set kube-znn-5fb97667db to 6', 'dateevent': '2023-02-01 09:54:01+00:00', 'image': 'cmendes/znn:800k', 'replicas': 6, 'imageChanges': 0, 'replicasChanges': 6}

{'name': 'kube-znn.173faaacf191a5a1', 'type': 'Normal', 'message': 'Scaled up replica set kube-znn-5fb97667db to 7', 'dateevent': '2023-02-01 09:54:06+00:00', 'image': 'cmendes/znn:800k', 'replicas': 7, 'imageChanges': 0, 'replicasChanges': 7}

{'name': 'kube-znn.173faaae1d2f7541', 'type': 'Normal', 'message': 'Scaled up replica set kube-znn-5fb97667db to 8', 'dateevent': '2023-02-01 09:54:11+00:00', 'image': 'cmendes/znn:800k', 'replicas': 8, 'imageChanges': 0, 'replicasChanges': 8}

{'name': 'kube-znn.173faaaf4d2986d4', 'type': 'Normal', 'message': 'Scaled up replica set kube-znn-5fb97667db to 9', 'dateevent': '2023-02-01 09:54:16+00:00', 'image': 'cmendes/znn:800k', 'replicas': 9, 'imageChanges': 0, 'replicasChanges': 9}

{'name': 'kube-znn.173faab071bebd79', 'type': 'Normal', 'message': '(combined from similar events): Scaled up replica set kube-znn-5fb97667db to 10', 'dateevent': '2023-02-01 09:54:21+00:00', 'image': 'cmendes/znn:800k', 'replicas': 10, 'imageChanges': 0, 'replicasChanges': 10}

{'name': 'kube-znn.173faab071bebd79', 'type': 'Normal', 'message': '(combined from similar events): Scaled up replica set kube-znn-6978979d84 to 3', 'dateevent': '2023-02-01 09:54:21+00:00', 'image': 'cmendes/znn:600k', 'replicas': 10, 'imageChanges': 1, 'replicasChanges': 10}

{'name': 'kube-znn.173faab071bebd79', 'type': 'Normal', 'message': '(combined from similar events): Scaled down replica set kube-znn-5fb97667db to 8', 'dateevent': '2023-02-01 09:54:21+00:00', 'image': 'cmendes/znn:600k', 'replicas': 10, 'imageChanges': 1, 'replicasChanges': 10}

{'name': 'kube-znn.173faab071bebd79', 'type': 'Normal', 'message': '(combined from similar events): Scaled up replica set kube-znn-6978979d84 to 5', 'dateevent': '2023-02-01 09:54:21+00:00', 'image': 'cmendes/znn:600k', 'replicas': 10, 'imageChanges': 1, 'replicasChanges': 10}

{'name': 'kube-znn.173faab071bebd79', 'type': 'Normal', 'message': '(combined from similar events): Scaled down replica set kube-znn-6978979d84 to 0', 'dateevent': '2023-02-01 09:54:21+00:00', 'image': 'cmendes/znn:400k', 'replicas': 10, 'imageChanges': 2, 'replicasChanges': 10}

{'name': 'kube-znn.173faab071bebd79', 'type': 'Normal', 'message': '(combined from similar events): Scaled up replica set kube-znn-f8d56c578 to 5', 'dateevent': '2023-02-01 09:54:21+00:00', 'image': 'cmendes/znn:400k', 'replicas': 10, 'imageChanges': 2, 'replicasChanges': 10}

{'name': 'kube-znn.173faab071bebd79', 'type': 'Normal', 'message': '(combined from similar events): Scaled down replica set kube-znn-5fb97667db to 4', 'dateevent': '2023-02-01 09:54:21+00:00', 'image': 'cmendes/znn:400k', 'replicas': 5, 'imageChanges': 2, 'replicasChanges': 11}

{'name': 'kube-znn.173faab071bebd79', 'type': 'Normal', 'message': '(combined from similar events): Scaled down replica set kube-znn-f8d56c578 to 3', 'dateevent': '2023-02-01 09:54:21+00:00', 'image': 'cmendes/znn:400k', 'replicas': 5, 'imageChanges': 2, 'replicasChanges': 11}

{'name': 'kube-znn.173faab071bebd79', 'type': 'Normal', 'message': '(combined from similar events): Scaled down replica set kube-znn-5fb97667db to 3', 'dateevent': '2023-02-01 09:54:21+00:00', 'image': 'cmendes/znn:400k', 'replicas': 5, 'imageChanges': 2, 'replicasChanges': 11}

{'name': 'kube-znn.173faab071bebd79', 'type': 'Normal', 'message': '(combined from similar events): Scaled up replica set kube-znn-f8d56c578 to 4', 'dateevent': '2023-02-01 09:54:21+00:00', 'image': 'cmendes/znn:400k', 'replicas': 5, 'imageChanges': 2, 'replicasChanges': 11}

{'name': 'kube-znn.173faab071bebd79', 'type': 'Normal', 'message': '(combined from similar events): Scaled down replica set kube-znn-5fb97667db to 2', 'dateevent': '2023-02-01 09:54:21+00:00', 'image': 'cmendes/znn:400k', 'replicas': 5, 'imageChanges': 2, 'replicasChanges': 11}

{'name': 'kube-znn.173faab8209f3957', 'type': 'Normal', 'message': 'Scaled up replica set kube-znn-f8d56c578 to 5', 'dateevent': '2023-02-01 09:54:54+00:00', 'image': 'cmendes/znn:400k', 'replicas': 5, 'imageChanges': 2, 'replicasChanges': 11}

{'name': 'kube-znn.173faab071bebd79', 'type': 'Normal', 'message': '(combined from similar events): Scaled down replica set kube-znn-5fb97667db to 1', 'dateevent': '2023-02-01 09:54:21+00:00', 'image': 'cmendes/znn:400k', 'replicas': 5, 'imageChanges': 2, 'replicasChanges': 11}

{'name': 'kube-znn.173faab071bebd79', 'type': 'Normal', 'message': '(combined from similar events): Scaled down replica set kube-znn-5fb97667db to 0', 'dateevent': '2023-02-01 09:54:21+00:00', 'image': 'cmendes/znn:400k', 'replicas': 5, 'imageChanges': 2, 'replicasChanges': 11}

{'name': 'kube-znn.173faab071bebd79', 'type': 'Normal', 'message': '(combined from similar events): Scaled up replica set kube-znn-6978979d84 to 2', 'dateevent': '2023-02-01 09:54:21+00:00', 'image': 'cmendes/znn:600k', 'replicas': 5, 'imageChanges': 3, 'replicasChanges': 11}

{'name': 'kube-znn.173faab071bebd79', 'type': 'Normal', 'message': '(combined from similar events): Scaled down replica set kube-znn-f8d56c578 to 4', 'dateevent': '2023-02-01 09:54:21+00:00', 'image': 'cmendes/znn:400k', 'replicas': 5, 'imageChanges': 4, 'replicasChanges': 11}

{'name': 'kube-znn.173faab8209f3957', 'type': 'Normal', 'message': 'Scaled up replica set kube-znn-f8d56c578 to 5', 'dateevent': '2023-02-01 09:54:54+00:00', 'image': 'cmendes/znn:400k', 'replicas': 5, 'imageChanges': 4, 'replicasChanges': 11}

{'name': 'kube-znn.173faaeaa6aca5ad', 'type': 'Normal', 'message': 'Scaled down replica set kube-znn-5fb97667db to 5', 'dateevent': '2023-02-01 09:59:06+00:00', 'image': 'cmendes/znn:800k', 'replicas': 5, 'imageChanges': 5, 'replicasChanges': 11}

Reading file: VersionA-Monolithic
Reading file: VersionB-MicroControllers
Reading file: VersionC-WithFailureManagerMetaController
Reading file: VersionC-ZTemp
