Reading file: automatingDataGeneration.sh
Reading file: Evaluation-ZNN.7z
Reading file: fidelitya-778c6c6b8b-tz96m_tracing_20230127_233232.log

fidelitya data

2023-01-28 02:36:57 : t0:raiseFidelity

2023-01-28 02:37:32 : t0:raiseFidelity

2023-01-28 02:37:37 : t0:raiseFidelity

2023-01-28 02:37:42 : t0:raiseFidelity

2023-01-28 02:38:12 : t0:raiseFidelity

2023-01-28 02:38:17 : t0:raiseFidelity

2023-01-28 02:38:22 : t0:raiseFidelity

2023-01-28 02:38:27 : t0:raiseFidelity

2023-01-28 02:38:32 : t0:raiseFidelity

Reading file: generateLogs171220
Reading file: generateLogs172658
Reading file: generateLogs174232
Reading file: generateLogs175703
Reading file: generateLogs181216
Reading file: generateLogs182733
Reading file: generateLogs184131
Reading file: generateLogs185550
Reading file: generateLogs190935
Reading file: generateLogs193004
Reading file: generateLogs194516
Reading file: generateLogs2.sh
Reading file: generateLogs200355
Reading file: generateLogs202827
Reading file: generateLogs205357
Reading file: generateLogs211928
Reading file: generateLogs214056
Reading file: generateLogs221057
Reading file: generateLogs224228
Reading file: generateLogs230828
Reading file: k6-lpfjs_tracing_20230127_233232.log
Reading file: metacontroller-kubow-8479d7588d-hvn4n_tracing_20230127_233232.log

MetaController data

2023-01-28 02:33:24 : t0:activateLowScalabilityHighQuality

2023-01-28 02:33:34 : t0:addLowScalabilityLowQuality

2023-01-28 02:35:09 : t0:addHighScalabilityHighQuality

Reading file: README.md
Reading file: scalabilitya-78d6cbbc7d-h8qbk_tracing_20230127_233232.log

scalabilitya data

2023-01-28 02:35:31 : t0:removeReplica

2023-01-28 02:35:41 : t0:addReplica

2023-01-28 02:35:46 : t0:addReplica

2023-01-28 02:37:36 : t0:removeReplica

Reading file: summary-trace-znn.log
Reading file: temp
Reading file: temp2701
Reading file: test
Reading file: tools
Reading file: traceznn_20230127_233232.log

Trace znn data

{'name': 'kube-znn-db.173e572a77129ddb', 'type': 'Normal', 'message': 'Scaled up replica set kube-znn-db-6cc48797cf to 1', 'dateevent': '2023-01-28 02:12:31+00:00', 'image': 'cmendes/znn:800k', 'replicas': 1, 'imageChanges': 0, 'replicasChanges': 1}

{'name': 'kube-znn.173e572a75c0c3a1', 'type': 'Normal', 'message': 'Scaled up replica set kube-znn-68bd9d6b5b to 1', 'dateevent': '2023-01-28 02:12:31+00:00', 'image': 'cmendes/znn:800k', 'replicas': 1, 'imageChanges': 0, 'replicasChanges': 1}

{'name': 'kube-znn.173e584477878139', 'type': 'Normal', 'message': 'Scaled up replica set kube-znn-68bd9d6b5b to 2', 'dateevent': '2023-01-28 02:32:42+00:00', 'image': 'cmendes/znn:800k', 'replicas': 2, 'imageChanges': 0, 'replicasChanges': 2}

{'name': 'kube-znn.173e58455ae4db38', 'type': 'Normal', 'message': 'Scaled up replica set kube-znn-68bd9d6b5b to 3', 'dateevent': '2023-01-28 02:32:46+00:00', 'image': 'cmendes/znn:800k', 'replicas': 3, 'imageChanges': 0, 'replicasChanges': 3}

{'name': 'kube-znn.173e58467fdf66c3', 'type': 'Normal', 'message': 'Scaled up replica set kube-znn-68bd9d6b5b to 4', 'dateevent': '2023-01-28 02:32:51+00:00', 'image': 'cmendes/znn:800k', 'replicas': 4, 'imageChanges': 0, 'replicasChanges': 4}

{'name': 'kube-znn.173e5847a992c68b', 'type': 'Normal', 'message': 'Scaled up replica set kube-znn-68bd9d6b5b to 5', 'dateevent': '2023-01-28 02:32:56+00:00', 'image': 'cmendes/znn:800k', 'replicas': 5, 'imageChanges': 0, 'replicasChanges': 5}

{'name': 'kube-znn.173e5848d19d4356', 'type': 'Normal', 'message': 'Scaled up replica set kube-znn-68bd9d6b5b to 6', 'dateevent': '2023-01-28 02:33:01+00:00', 'image': 'cmendes/znn:800k', 'replicas': 6, 'imageChanges': 0, 'replicasChanges': 6}

{'name': 'kube-znn.173e5849fc00f23f', 'type': 'Normal', 'message': 'Scaled up replica set kube-znn-68bd9d6b5b to 7', 'dateevent': '2023-01-28 02:33:06+00:00', 'image': 'cmendes/znn:800k', 'replicas': 7, 'imageChanges': 0, 'replicasChanges': 7}

{'name': 'kube-znn.173e584b26fd7aea', 'type': 'Normal', 'message': 'Scaled up replica set kube-znn-68bd9d6b5b to 8', 'dateevent': '2023-01-28 02:33:11+00:00', 'image': 'cmendes/znn:800k', 'replicas': 8, 'imageChanges': 0, 'replicasChanges': 8}

{'name': 'kube-znn.173e584c50c560f8', 'type': 'Normal', 'message': 'Scaled up replica set kube-znn-68bd9d6b5b to 9', 'dateevent': '2023-01-28 02:33:16+00:00', 'image': 'cmendes/znn:800k', 'replicas': 9, 'imageChanges': 0, 'replicasChanges': 9}

{'name': 'kube-znn.173e584d7c1db59f', 'type': 'Normal', 'message': 'Scaled up replica set kube-znn-68bd9d6b5b to 10', 'dateevent': '2023-01-28 02:33:21+00:00', 'image': 'cmendes/znn:800k', 'replicas': 10, 'imageChanges': 0, 'replicasChanges': 10}

{'name': 'kube-znn.173e584ed4ac229e', 'type': 'Normal', 'message': '(combined from similar events): Scaled up replica set kube-znn-7cbbf89f8 to 3', 'dateevent': '2023-01-28 02:33:27+00:00', 'image': 'cmendes/znn:600k', 'replicas': 10, 'imageChanges': 1, 'replicasChanges': 10}

{'name': 'kube-znn.173e584ed4ac229e', 'type': 'Normal', 'message': '(combined from similar events): Scaled down replica set kube-znn-68bd9d6b5b to 8', 'dateevent': '2023-01-28 02:33:27+00:00', 'image': 'cmendes/znn:600k', 'replicas': 10, 'imageChanges': 1, 'replicasChanges': 10}

{'name': 'kube-znn.173e584ed4ac229e', 'type': 'Normal', 'message': '(combined from similar events): Scaled up replica set kube-znn-7cbbf89f8 to 5', 'dateevent': '2023-01-28 02:33:27+00:00', 'image': 'cmendes/znn:600k', 'replicas': 10, 'imageChanges': 1, 'replicasChanges': 10}

{'name': 'kube-znn.173e584ed4ac229e', 'type': 'Normal', 'message': '(combined from similar events): Scaled down replica set kube-znn-68bd9d6b5b to 3', 'dateevent': '2023-01-28 02:33:27+00:00', 'image': 'cmendes/znn:600k', 'replicas': 4, 'imageChanges': 1, 'replicasChanges': 11}

{'name': 'kube-znn.173e584ed4ac229e', 'type': 'Normal', 'message': '(combined from similar events): Scaled down replica set kube-znn-7cbbf89f8 to 2', 'dateevent': '2023-01-28 02:33:27+00:00', 'image': 'cmendes/znn:600k', 'replicas': 4, 'imageChanges': 1, 'replicasChanges': 11}

{'name': 'kube-znn.173e584ed4ac229e', 'type': 'Normal', 'message': '(combined from similar events): Scaled down replica set kube-znn-68bd9d6b5b to 2', 'dateevent': '2023-01-28 02:33:27+00:00', 'image': 'cmendes/znn:600k', 'replicas': 4, 'imageChanges': 1, 'replicasChanges': 11}

{'name': 'kube-znn.173e584ed4ac229e', 'type': 'Normal', 'message': '(combined from similar events): Scaled up replica set kube-znn-7cbbf89f8 to 3', 'dateevent': '2023-01-28 02:33:27+00:00', 'image': 'cmendes/znn:600k', 'replicas': 4, 'imageChanges': 1, 'replicasChanges': 11}

{'name': 'kube-znn.173e584ed4ac229e', 'type': 'Normal', 'message': '(combined from similar events): Scaled down replica set kube-znn-68bd9d6b5b to 1', 'dateevent': '2023-01-28 02:33:27+00:00', 'image': 'cmendes/znn:600k', 'replicas': 4, 'imageChanges': 1, 'replicasChanges': 11}

{'name': 'kube-znn.173e584ed4ac229e', 'type': 'Normal', 'message': '(combined from similar events): Scaled up replica set kube-znn-7cbbf89f8 to 4', 'dateevent': '2023-01-28 02:33:27+00:00', 'image': 'cmendes/znn:600k', 'replicas': 4, 'imageChanges': 1, 'replicasChanges': 11}

{'name': 'kube-znn.173e584ed4ac229e', 'type': 'Normal', 'message': '(combined from similar events): Scaled down replica set kube-znn-68bd9d6b5b to 0', 'dateevent': '2023-01-28 02:33:27+00:00', 'image': 'cmendes/znn:600k', 'replicas': 4, 'imageChanges': 1, 'replicasChanges': 11}

{'name': 'kube-znn.173e584ed4ac229e', 'type': 'Normal', 'message': '(combined from similar events): Scaled down replica set kube-znn-7cbbf89f8 to 3', 'dateevent': '2023-01-28 02:33:27+00:00', 'image': 'cmendes/znn:600k', 'replicas': 3, 'imageChanges': 1, 'replicasChanges': 12}

{'name': 'kube-znn.173e584ed4ac229e', 'type': 'Normal', 'message': '(combined from similar events): Scaled up replica set kube-znn-7cbbf89f8 to 4', 'dateevent': '2023-01-28 02:33:27+00:00', 'image': 'cmendes/znn:600k', 'replicas': 4, 'imageChanges': 1, 'replicasChanges': 13}

{'name': 'kube-znn.173e584ed4ac229e', 'type': 'Normal', 'message': '(combined from similar events): Scaled up replica set kube-znn-7cbbf89f8 to 5', 'dateevent': '2023-01-28 02:33:27+00:00', 'image': 'cmendes/znn:600k', 'replicas': 5, 'imageChanges': 1, 'replicasChanges': 14}

{'name': 'kube-znn.173e584ed4ac229e', 'type': 'Normal', 'message': '(combined from similar events): Scaled up replica set kube-znn-68bd9d6b5b to 2', 'dateevent': '2023-01-28 02:33:27+00:00', 'image': 'cmendes/znn:800k', 'replicas': 5, 'imageChanges': 2, 'replicasChanges': 14}

{'name': 'kube-znn.173e584ed4ac229e', 'type': 'Normal', 'message': '(combined from similar events): Scaled down replica set kube-znn-7cbbf89f8 to 4', 'dateevent': '2023-01-28 02:33:27+00:00', 'image': 'cmendes/znn:800k', 'replicas': 5, 'imageChanges': 2, 'replicasChanges': 14}

{'name': 'kube-znn.173e584ed4ac229e', 'type': 'Normal', 'message': '(combined from similar events): Scaled up replica set kube-znn-68bd9d6b5b to 3', 'dateevent': '2023-01-28 02:33:27+00:00', 'image': 'cmendes/znn:800k', 'replicas': 5, 'imageChanges': 2, 'replicasChanges': 14}

Reading file: VersionA-Monolithic
Reading file: VersionB-MicroControllers
Reading file: VersionC-WithFailureManagerMetaController
Reading file: VersionC-ZTemp
