Reading file: automatingDataGeneration.sh
Reading file: BLong10
Reading file: BLong10_parte1.7z
Reading file: BLong10_parte2.7z
Reading file: BLong10_parte3.7z
Reading file: BShort10
Reading file: BShort10.7z
Reading file: CLong10
Reading file: CLong10.7z
Reading file: CShort10
Reading file: CShort10.7z
Reading file: Evaluation-ZNN.7z
Reading file: fidelitya-5b8dd7f8c7-4jf55_tracing_20230131_080952.log

fidelitya data

2023-01-31 11:10:58 : t0:lowerFidelity

2023-01-31 11:11:13 : t0:lowerFidelity

2023-01-31 11:11:28 : t0:lowerFidelity

2023-01-31 11:11:43 : t0:lowerFidelity

2023-01-31 11:12:18 : t0:removeLowQuality

2023-01-31 11:12:23 : t0:raiseFidelity

2023-01-31 11:12:28 : t0:raiseFidelity

2023-01-31 11:12:58 : t0:raiseFidelity

2023-01-31 11:13:03 : t0:raiseFidelity

2023-01-31 11:13:08 : t0:raiseFidelity

2023-01-31 11:13:13 : t0:raiseFidelity

2023-01-31 11:13:18 : t0:raiseFidelity

2023-01-31 11:13:23 : t0:raiseFidelity

2023-01-31 11:13:28 : t0:raiseFidelity

2023-01-31 11:13:33 : t0:raiseFidelity

2023-01-31 11:13:38 : t0:raiseFidelity

2023-01-31 11:13:43 : t0:raiseFidelity

2023-01-31 11:13:48 : t0:raiseFidelity

2023-01-31 11:13:53 : t0:raiseFidelity

2023-01-31 11:13:58 : t0:raiseFidelity

2023-01-31 11:14:03 : t0:raiseFidelity

2023-01-31 11:14:08 : t0:raiseFidelity

2023-01-31 11:14:13 : t0:raiseFidelity

2023-01-31 11:14:18 : t0:raiseFidelity

2023-01-31 11:14:23 : t0:raiseFidelity

2023-01-31 11:14:28 : t0:raiseFidelity

2023-01-31 11:14:33 : t0:raiseFidelity

2023-01-31 11:14:38 : t0:raiseFidelity

2023-01-31 11:14:43 : t0:raiseFidelity

2023-01-31 11:14:48 : t0:raiseFidelity

2023-01-31 11:14:53 : t0:raiseFidelity

2023-01-31 11:14:58 : t0:raiseFidelity

2023-01-31 11:15:03 : t0:raiseFidelity

2023-01-31 11:15:08 : t0:raiseFidelity

2023-01-31 11:15:13 : t0:raiseFidelity

2023-01-31 11:15:18 : t0:raiseFidelity

2023-01-31 11:15:23 : t0:raiseFidelity

2023-01-31 11:15:28 : t0:raiseFidelity

2023-01-31 11:15:33 : t0:raiseFidelity

2023-01-31 11:15:38 : t0:raiseFidelity

2023-01-31 11:15:43 : t0:raiseFidelity

2023-01-31 11:15:48 : t0:raiseFidelity

2023-01-31 11:15:53 : t0:raiseFidelity

2023-01-31 11:15:58 : t0:raiseFidelity

2023-01-31 11:16:03 : t0:raiseFidelity

2023-01-31 11:16:08 : t0:raiseFidelity

2023-01-31 11:16:13 : t0:raiseFidelity

2023-01-31 11:16:18 : t0:raiseFidelity

2023-01-31 11:16:23 : t0:raiseFidelity

2023-01-31 11:16:28 : t0:raiseFidelity

2023-01-31 11:16:33 : t0:raiseFidelity

2023-01-31 11:16:38 : t0:raiseFidelity

2023-01-31 11:16:43 : t0:raiseFidelity

2023-01-31 11:16:48 : t0:raiseFidelity

2023-01-31 11:16:53 : t0:raiseFidelity

2023-01-31 11:16:58 : t0:raiseFidelity

2023-01-31 11:17:03 : t0:raiseFidelity

2023-01-31 11:17:08 : t0:raiseFidelity

2023-01-31 11:17:13 : t0:raiseFidelity

2023-01-31 11:17:18 : t0:raiseFidelity

2023-01-31 11:17:23 : t0:raiseFidelity

2023-01-31 11:17:28 : t0:raiseFidelity

2023-01-31 11:17:33 : t0:raiseFidelity

2023-01-31 11:17:38 : t0:raiseFidelity

2023-01-31 11:17:43 : t0:raiseFidelity

2023-01-31 11:17:48 : t0:raiseFidelity

2023-01-31 11:17:53 : t0:raiseFidelity

2023-01-31 11:17:58 : t0:raiseFidelity

2023-01-31 11:18:03 : t0:raiseFidelity

2023-01-31 11:18:08 : t0:raiseFidelity

2023-01-31 11:18:13 : t0:raiseFidelity

2023-01-31 11:18:18 : t0:raiseFidelity

2023-01-31 11:18:23 : t0:raiseFidelity

2023-01-31 11:18:28 : t0:raiseFidelity

2023-01-31 11:18:33 : t0:raiseFidelity

2023-01-31 11:18:38 : t0:raiseFidelity

Reading file: generateLogs001506
Reading file: generateLogs004452
Reading file: generateLogs010914
Reading file: generateLogs013758
Reading file: generateLogs015943
Reading file: generateLogs023320
Reading file: generateLogs030632
Reading file: generateLogs032357
Reading file: generateLogs034829
Reading file: generateLogs041225
Reading file: generateLogs044038
Reading file: generateLogs050203
Reading file: generateLogs054414
Reading file: generateLogs055827
Reading file: generateLogs063714
Reading file: generateLogs070751
Reading file: generateLogs073212
Reading file: generateLogs080119
Reading file: generateLogs2.sh
Reading file: generateLogs225909
Reading file: generateLogs232306
Reading file: generateLogs234622
Reading file: k6-9rswq_tracing_20230131_080952.log
Reading file: README.md
Reading file: scalabilityb-66d698fc76-5qjkw_tracing_20230131_080952.log

scalabilityb data

2023-01-31 11:11:35 : t0:removeHighScalability

2023-01-31 11:11:40 : t0:adjustReplicas

2023-01-31 11:13:00 : t0:removeReplica

2023-01-31 11:13:05 : t0:removeReplica

2023-01-31 11:13:10 : t0:removeReplica

2023-01-31 11:13:15 : t0:removeReplica

2023-01-31 11:13:20 : t0:removeReplica

2023-01-31 11:13:25 : t0:removeReplica

2023-01-31 11:13:30 : t0:removeReplica

2023-01-31 11:13:35 : t0:removeReplica

2023-01-31 11:13:40 : t0:removeReplica

2023-01-31 11:13:45 : t0:removeReplica

2023-01-31 11:13:50 : t0:removeReplica

2023-01-31 11:13:55 : t0:removeReplica

2023-01-31 11:14:00 : t0:removeReplica

2023-01-31 11:14:05 : t0:removeReplica

2023-01-31 11:14:10 : t0:removeReplica

2023-01-31 11:14:15 : t0:removeReplica

2023-01-31 11:14:20 : t0:removeReplica

2023-01-31 11:14:25 : t0:removeReplica

2023-01-31 11:14:30 : t0:removeReplica

2023-01-31 11:14:35 : t0:removeReplica

2023-01-31 11:14:40 : t0:removeReplica

2023-01-31 11:14:45 : t0:removeReplica

2023-01-31 11:14:50 : t0:removeReplica

2023-01-31 11:14:55 : t0:removeReplica

2023-01-31 11:15:00 : t0:removeReplica

2023-01-31 11:15:05 : t0:removeReplica

2023-01-31 11:15:10 : t0:removeReplica

2023-01-31 11:15:15 : t0:removeReplica

2023-01-31 11:15:20 : t0:removeReplica

2023-01-31 11:15:25 : t0:removeReplica

2023-01-31 11:15:30 : t0:removeReplica

2023-01-31 11:15:35 : t0:removeReplica

2023-01-31 11:15:40 : t0:removeReplica

2023-01-31 11:15:45 : t0:removeReplica

2023-01-31 11:15:50 : t0:removeReplica

2023-01-31 11:15:55 : t0:removeReplica

2023-01-31 11:16:00 : t0:removeReplica

2023-01-31 11:16:05 : t0:removeReplica

2023-01-31 11:16:10 : t0:removeReplica

2023-01-31 11:16:15 : t0:removeReplica

2023-01-31 11:16:20 : t0:removeReplica

2023-01-31 11:16:25 : t0:removeReplica

2023-01-31 11:16:30 : t0:removeReplica

2023-01-31 11:16:35 : t0:removeReplica

2023-01-31 11:16:40 : t0:removeReplica

2023-01-31 11:16:45 : t0:removeReplica

2023-01-31 11:16:50 : t0:removeReplica

2023-01-31 11:16:55 : t0:removeReplica

2023-01-31 11:17:00 : t0:removeReplica

2023-01-31 11:17:05 : t0:removeReplica

2023-01-31 11:17:10 : t0:removeReplica

2023-01-31 11:17:15 : t0:removeReplica

2023-01-31 11:17:20 : t0:removeReplica

2023-01-31 11:17:25 : t0:removeReplica

2023-01-31 11:17:30 : t0:removeReplica

2023-01-31 11:17:35 : t0:removeReplica

2023-01-31 11:17:40 : t0:removeReplica

2023-01-31 11:17:45 : t0:removeReplica

2023-01-31 11:17:50 : t0:removeReplica

2023-01-31 11:17:55 : t0:removeReplica

2023-01-31 11:18:00 : t0:removeReplica

2023-01-31 11:18:05 : t0:removeReplica

2023-01-31 11:18:10 : t0:removeReplica

2023-01-31 11:18:15 : t0:removeReplica

2023-01-31 11:18:20 : t0:removeReplica

2023-01-31 11:18:25 : t0:removeReplica

2023-01-31 11:18:30 : t0:removeReplica

2023-01-31 11:18:35 : t0:removeReplica

2023-01-31 11:18:40 : t0:removeReplica

Reading file: summary-trace-znn.log
Reading file: temp
Reading file: temp2701
Reading file: test
Reading file: tools
Reading file: traceznn_20230131_080952.log

Trace znn data

{'name': 'kube-znn-db.173f5ffff267a39e', 'type': 'Normal', 'message': 'Scaled up replica set kube-znn-db-558bb5dd64 to 1', 'dateevent': '2023-01-31 11:05:39+00:00', 'image': 'cmendes/znn:800k', 'replicas': 1, 'imageChanges': 0, 'replicasChanges': 1}

{'name': 'kube-znn.173f5ffff1674ba3', 'type': 'Normal', 'message': 'Scaled up replica set kube-znn-744bbbc54b to 1', 'dateevent': '2023-01-31 11:05:39+00:00', 'image': 'cmendes/znn:800k', 'replicas': 1, 'imageChanges': 0, 'replicasChanges': 1}

{'name': 'kube-znn.173f603e7167df4f', 'type': 'Normal', 'message': 'Scaled up replica set kube-znn-744bbbc54b to 2', 'dateevent': '2023-01-31 11:10:07+00:00', 'image': 'cmendes/znn:800k', 'replicas': 2, 'imageChanges': 0, 'replicasChanges': 2}

{'name': 'kube-znn.173f604072c08dd3', 'type': 'Normal', 'message': 'Scaled up replica set kube-znn-744bbbc54b to 3', 'dateevent': '2023-01-31 11:10:16+00:00', 'image': 'cmendes/znn:800k', 'replicas': 3, 'imageChanges': 0, 'replicasChanges': 3}

{'name': 'kube-znn.173f60419c08d5cd', 'type': 'Normal', 'message': 'Scaled up replica set kube-znn-744bbbc54b to 4', 'dateevent': '2023-01-31 11:10:21+00:00', 'image': 'cmendes/znn:800k', 'replicas': 4, 'imageChanges': 0, 'replicasChanges': 4}

{'name': 'kube-znn.173f6042c6f1a911', 'type': 'Normal', 'message': 'Scaled up replica set kube-znn-744bbbc54b to 5', 'dateevent': '2023-01-31 11:10:26+00:00', 'image': 'cmendes/znn:800k', 'replicas': 5, 'imageChanges': 0, 'replicasChanges': 5}

{'name': 'kube-znn.173f6043f080155f', 'type': 'Normal', 'message': 'Scaled up replica set kube-znn-744bbbc54b to 6', 'dateevent': '2023-01-31 11:10:31+00:00', 'image': 'cmendes/znn:800k', 'replicas': 6, 'imageChanges': 0, 'replicasChanges': 6}

{'name': 'kube-znn.173f60451756efa5', 'type': 'Normal', 'message': 'Scaled up replica set kube-znn-744bbbc54b to 7', 'dateevent': '2023-01-31 11:10:36+00:00', 'image': 'cmendes/znn:800k', 'replicas': 7, 'imageChanges': 0, 'replicasChanges': 7}

{'name': 'kube-znn.173f604643ca5039', 'type': 'Normal', 'message': 'Scaled up replica set kube-znn-744bbbc54b to 8', 'dateevent': '2023-01-31 11:10:41+00:00', 'image': 'cmendes/znn:800k', 'replicas': 8, 'imageChanges': 0, 'replicasChanges': 8}

{'name': 'kube-znn.173f60476eb4c115', 'type': 'Normal', 'message': 'Scaled up replica set kube-znn-744bbbc54b to 9', 'dateevent': '2023-01-31 11:10:46+00:00', 'image': 'cmendes/znn:800k', 'replicas': 9, 'imageChanges': 0, 'replicasChanges': 9}

{'name': 'kube-znn.173f6048979a8fc4', 'type': 'Normal', 'message': '(combined from similar events): Scaled up replica set kube-znn-744bbbc54b to 10', 'dateevent': '2023-01-31 11:10:51+00:00', 'image': 'cmendes/znn:800k', 'replicas': 10, 'imageChanges': 0, 'replicasChanges': 10}

{'name': 'kube-znn.173f6048979a8fc4', 'type': 'Normal', 'message': '(combined from similar events): Scaled up replica set kube-znn-5c95bd98fb to 3', 'dateevent': '2023-01-31 11:10:51+00:00', 'image': 'cmendes/znn:600k', 'replicas': 10, 'imageChanges': 1, 'replicasChanges': 10}

{'name': 'kube-znn.173f6048979a8fc4', 'type': 'Normal', 'message': '(combined from similar events): Scaled down replica set kube-znn-744bbbc54b to 8', 'dateevent': '2023-01-31 11:10:51+00:00', 'image': 'cmendes/znn:600k', 'replicas': 10, 'imageChanges': 1, 'replicasChanges': 10}

{'name': 'kube-znn.173f6048979a8fc4', 'type': 'Normal', 'message': '(combined from similar events): Scaled up replica set kube-znn-5c95bd98fb to 5', 'dateevent': '2023-01-31 11:10:51+00:00', 'image': 'cmendes/znn:600k', 'replicas': 10, 'imageChanges': 1, 'replicasChanges': 10}

{'name': 'kube-znn.173f6048979a8fc4', 'type': 'Normal', 'message': '(combined from similar events): Scaled down replica set kube-znn-744bbbc54b to 3', 'dateevent': '2023-01-31 11:10:51+00:00', 'image': 'cmendes/znn:600k', 'replicas': 4, 'imageChanges': 1, 'replicasChanges': 11}

{'name': 'kube-znn.173f6048979a8fc4', 'type': 'Normal', 'message': '(combined from similar events): Scaled down replica set kube-znn-5c95bd98fb to 2', 'dateevent': '2023-01-31 11:10:51+00:00', 'image': 'cmendes/znn:600k', 'replicas': 4, 'imageChanges': 1, 'replicasChanges': 11}

{'name': 'kube-znn.173f6048979a8fc4', 'type': 'Normal', 'message': '(combined from similar events): Scaled down replica set kube-znn-744bbbc54b to 2', 'dateevent': '2023-01-31 11:10:51+00:00', 'image': 'cmendes/znn:600k', 'replicas': 4, 'imageChanges': 1, 'replicasChanges': 11}

{'name': 'kube-znn.173f6057f8a963a7', 'type': 'Normal', 'message': 'Scaled up replica set kube-znn-5c95bd98fb to 3', 'dateevent': '2023-01-31 11:11:57+00:00', 'image': 'cmendes/znn:600k', 'replicas': 4, 'imageChanges': 1, 'replicasChanges': 11}

{'name': 'kube-znn.173f6048979a8fc4', 'type': 'Normal', 'message': '(combined from similar events): Scaled down replica set kube-znn-744bbbc54b to 1', 'dateevent': '2023-01-31 11:10:51+00:00', 'image': 'cmendes/znn:600k', 'replicas': 4, 'imageChanges': 1, 'replicasChanges': 11}

{'name': 'kube-znn.173f6048979a8fc4', 'type': 'Normal', 'message': '(combined from similar events): Scaled up replica set kube-znn-5c95bd98fb to 4', 'dateevent': '2023-01-31 11:10:51+00:00', 'image': 'cmendes/znn:600k', 'replicas': 4, 'imageChanges': 1, 'replicasChanges': 11}

{'name': 'kube-znn.173f6048979a8fc4', 'type': 'Normal', 'message': '(combined from similar events): Scaled down replica set kube-znn-744bbbc54b to 0', 'dateevent': '2023-01-31 11:10:51+00:00', 'image': 'cmendes/znn:600k', 'replicas': 4, 'imageChanges': 1, 'replicasChanges': 11}

{'name': 'kube-znn.173f6048979a8fc4', 'type': 'Normal', 'message': '(combined from similar events): Scaled up replica set kube-znn-744bbbc54b to 1', 'dateevent': '2023-01-31 11:10:51+00:00', 'image': 'cmendes/znn:800k', 'replicas': 4, 'imageChanges': 2, 'replicasChanges': 11}

{'name': 'kube-znn.173f6048979a8fc4', 'type': 'Normal', 'message': '(combined from similar events): Scaled down replica set kube-znn-5c95bd98fb to 3', 'dateevent': '2023-01-31 11:10:51+00:00', 'image': 'cmendes/znn:800k', 'replicas': 4, 'imageChanges': 2, 'replicasChanges': 11}

{'name': 'kube-znn.173f6048979a8fc4', 'type': 'Normal', 'message': '(combined from similar events): Scaled up replica set kube-znn-744bbbc54b to 2', 'dateevent': '2023-01-31 11:10:51+00:00', 'image': 'cmendes/znn:800k', 'replicas': 4, 'imageChanges': 2, 'replicasChanges': 11}

{'name': 'kube-znn.173f6048979a8fc4', 'type': 'Normal', 'message': '(combined from similar events): Scaled down replica set kube-znn-5c95bd98fb to 2', 'dateevent': '2023-01-31 11:10:51+00:00', 'image': 'cmendes/znn:800k', 'replicas': 4, 'imageChanges': 2, 'replicasChanges': 11}

{'name': 'kube-znn.173f6048979a8fc4', 'type': 'Normal', 'message': '(combined from similar events): Scaled up replica set kube-znn-744bbbc54b to 3', 'dateevent': '2023-01-31 11:10:51+00:00', 'image': 'cmendes/znn:800k', 'replicas': 4, 'imageChanges': 2, 'replicasChanges': 11}

{'name': 'kube-znn.173f6048979a8fc4', 'type': 'Normal', 'message': '(combined from similar events): Scaled down replica set kube-znn-5c95bd98fb to 1', 'dateevent': '2023-01-31 11:10:51+00:00', 'image': 'cmendes/znn:800k', 'replicas': 4, 'imageChanges': 2, 'replicasChanges': 11}

Reading file: VersionA-Monolithic
Reading file: VersionB-MicroControllers
Reading file: VersionC-WithFailureManagerMetaController
Reading file: VersionC-ZTemp
