Reading file: automatingDataGeneration.sh
Reading file: CLong10
Reading file: CLong10.7z
Reading file: Evaluation-ZNN.7z
Reading file: fidelitya-778c6c6b8b-r5t4g_tracing_20230129_050529.log

fidelitya data

2023-01-29 08:09:32 : t0:raiseFidelity

2023-01-29 08:09:37 : t0:raiseFidelity

2023-01-29 08:10:07 : t0:raiseFidelity

2023-01-29 08:10:12 : t0:raiseFidelity

2023-01-29 08:10:17 : t0:raiseFidelity

2023-01-29 08:10:22 : t0:raiseFidelity

2023-01-29 08:10:27 : t0:raiseFidelity

2023-01-29 08:10:32 : t0:raiseFidelity

2023-01-29 08:10:37 : t0:raiseFidelity

2023-01-29 08:10:42 : t0:raiseFidelity

2023-01-29 08:10:47 : t0:raiseFidelity

2023-01-29 08:10:52 : t0:raiseFidelity

2023-01-29 08:10:57 : t0:raiseFidelity

2023-01-29 08:11:02 : t0:raiseFidelity

2023-01-29 08:11:07 : t0:raiseFidelity

2023-01-29 08:11:12 : t0:raiseFidelity

2023-01-29 08:11:17 : t0:raiseFidelity

2023-01-29 08:11:22 : t0:raiseFidelity

2023-01-29 08:11:27 : t0:raiseFidelity

2023-01-29 08:11:32 : t0:raiseFidelity

2023-01-29 08:11:37 : t0:raiseFidelity

2023-01-29 08:11:42 : t0:raiseFidelity

2023-01-29 08:11:47 : t0:raiseFidelity

2023-01-29 08:11:52 : t0:raiseFidelity

2023-01-29 08:11:57 : t0:raiseFidelity

2023-01-29 08:12:02 : t0:raiseFidelity

2023-01-29 08:12:07 : t0:raiseFidelity

2023-01-29 08:12:12 : t0:raiseFidelity

2023-01-29 08:12:17 : t0:raiseFidelity

2023-01-29 08:12:22 : t0:raiseFidelity

2023-01-29 08:12:27 : t0:raiseFidelity

2023-01-29 08:12:32 : t0:raiseFidelity

2023-01-29 08:12:37 : t0:raiseFidelity

2023-01-29 08:12:42 : t0:raiseFidelity

2023-01-29 08:12:47 : t0:raiseFidelity

2023-01-29 08:12:52 : t0:raiseFidelity

2023-01-29 08:12:57 : t0:raiseFidelity

2023-01-29 08:13:02 : t0:raiseFidelity

2023-01-29 08:13:07 : t0:raiseFidelity

2023-01-29 08:13:12 : t0:raiseFidelity

2023-01-29 08:13:17 : t0:raiseFidelity

2023-01-29 08:13:22 : t0:raiseFidelity

2023-01-29 08:13:27 : t0:raiseFidelity

2023-01-29 08:13:32 : t0:raiseFidelity

2023-01-29 08:13:37 : t0:raiseFidelity

2023-01-29 08:13:42 : t0:raiseFidelity

2023-01-29 08:13:47 : t0:raiseFidelity

2023-01-29 08:13:52 : t0:raiseFidelity

2023-01-29 08:13:57 : t0:raiseFidelity

2023-01-29 08:14:02 : t0:raiseFidelity

2023-01-29 08:14:07 : t0:raiseFidelity

2023-01-29 08:14:12 : t0:raiseFidelity

2023-01-29 08:14:17 : t0:raiseFidelity

2023-01-29 08:14:22 : t0:raiseFidelity

2023-01-29 08:14:27 : t0:raiseFidelity

2023-01-29 08:14:32 : t0:raiseFidelity

2023-01-29 08:14:37 : t0:raiseFidelity

2023-01-29 08:14:42 : t0:raiseFidelity

2023-01-29 08:14:47 : t0:raiseFidelity

2023-01-29 08:14:52 : t0:raiseFidelity

2023-01-29 08:14:57 : t0:raiseFidelity

2023-01-29 08:15:02 : t0:raiseFidelity

2023-01-29 08:15:07 : t0:raiseFidelity

2023-01-29 08:15:12 : t0:raiseFidelity

2023-01-29 08:15:17 : t0:raiseFidelity

2023-01-29 08:15:22 : t0:raiseFidelity

2023-01-29 08:15:27 : t0:raiseFidelity

2023-01-29 08:15:32 : t0:raiseFidelity

2023-01-29 08:15:37 : t0:raiseFidelity

2023-01-29 08:15:42 : t0:raiseFidelity

2023-01-29 08:15:47 : t0:raiseFidelity

2023-01-29 08:15:52 : t0:raiseFidelity

2023-01-29 08:15:57 : t0:raiseFidelity

2023-01-29 08:16:02 : t0:raiseFidelity

2023-01-29 08:16:07 : t0:raiseFidelity

2023-01-29 08:16:12 : t0:raiseFidelity

2023-01-29 08:16:17 : t0:raiseFidelity

2023-01-29 08:16:22 : t0:raiseFidelity

2023-01-29 08:16:27 : t0:raiseFidelity

2023-01-29 08:16:32 : t0:raiseFidelity

2023-01-29 08:16:37 : t0:raiseFidelity

2023-01-29 08:16:42 : t0:raiseFidelity

Reading file: generateLogs002528
Reading file: generateLogs005657
Reading file: generateLogs011949
Reading file: generateLogs015458
Reading file: generateLogs022424
Reading file: generateLogs025408
Reading file: generateLogs032409
Reading file: generateLogs034605
Reading file: generateLogs041624
Reading file: generateLogs044544
Reading file: generateLogs121929
Reading file: generateLogs124558
Reading file: generateLogs131507
Reading file: generateLogs134342
Reading file: generateLogs140938
Reading file: generateLogs144032
Reading file: generateLogs150618
Reading file: generateLogs153301
Reading file: generateLogs155714
Reading file: generateLogs162553
Reading file: generateLogs164354
Reading file: generateLogs171441
Reading file: generateLogs174448
Reading file: generateLogs181031
Reading file: generateLogs184508
Reading file: generateLogs190356
Reading file: generateLogs192553
Reading file: generateLogs195446
Reading file: generateLogs2.sh
Reading file: generateLogs202030
Reading file: generateLogs205105
Reading file: generateLogs211405
Reading file: generateLogs214402
Reading file: generateLogs221119
Reading file: generateLogs225030
Reading file: generateLogs230943
Reading file: generateLogs232434
Reading file: k6-49htj_tracing_20230129_050529.log
Reading file: metacontroller-kubow-8479d7588d-g2shj_tracing_20230129_050529.log

MetaController data

2023-01-29 08:06:23 : t0:activateLowScalabilityHighQuality

2023-01-29 08:06:33 : t0:addLowScalabilityLowQuality

2023-01-29 08:07:23 : t0:activateLowScalabilityHighQuality

2023-01-29 08:07:33 : t0:addLowScalabilityLowQuality

2023-01-29 08:08:43 : t0:addHighScalabilityHighQuality

Reading file: README.md
Reading file: scalabilitya-78d6cbbc7d-pdbl6_tracing_20230129_050529.log

scalabilitya data

2023-01-29 08:09:26 : t0:removeReplica

Reading file: summary-trace-znn.log
Reading file: temp
Reading file: temp2701
Reading file: test
Reading file: tools
Reading file: traceznn_20230129_050529.log

Trace znn data

{'name': 'kube-znn-db.173eb82490f84d14', 'type': 'Normal', 'message': 'Scaled up replica set kube-znn-db-6cc48797cf to 1', 'dateevent': '2023-01-29 07:49:38+00:00', 'image': 'cmendes/znn:800k', 'replicas': 2, 'imageChanges': 0, 'replicasChanges': 1}

{'name': 'kube-znn.173eb8248fa480ae', 'type': 'Normal', 'message': 'Scaled up replica set kube-znn-68bd9d6b5b to 1', 'dateevent': '2023-01-29 07:49:38+00:00', 'image': 'cmendes/znn:800k', 'replicas': 2, 'imageChanges': 0, 'replicasChanges': 1}

{'name': 'kube-znn.173eb8ecdeb02df3', 'type': 'Normal', 'message': 'Scaled up replica set kube-znn-68bd9d6b5b to 2', 'dateevent': '2023-01-29 08:03:58+00:00', 'image': 'cmendes/znn:800k', 'replicas': 2, 'imageChanges': 0, 'replicasChanges': 1}

{'name': 'kube-znn.173eb8edc17bd80a', 'type': 'Normal', 'message': 'Scaled up replica set kube-znn-68bd9d6b5b to 3', 'dateevent': '2023-01-29 08:04:02+00:00', 'image': 'cmendes/znn:800k', 'replicas': 2, 'imageChanges': 0, 'replicasChanges': 1}

{'name': 'kube-znn.173eb8eec53616c3', 'type': 'Normal', 'message': 'Scaled up replica set kube-znn-68bd9d6b5b to 4', 'dateevent': '2023-01-29 08:04:07+00:00', 'image': 'cmendes/znn:800k', 'replicas': 2, 'imageChanges': 0, 'replicasChanges': 1}

{'name': 'kube-znn.173eb8f03fd469de', 'type': 'Normal', 'message': 'Scaled up replica set kube-znn-68bd9d6b5b to 5', 'dateevent': '2023-01-29 08:04:13+00:00', 'image': 'cmendes/znn:800k', 'replicas': 2, 'imageChanges': 0, 'replicasChanges': 1}

{'name': 'kube-znn.173eb8f807201a46', 'type': 'Normal', 'message': 'Scaled down replica set kube-znn-68bd9d6b5b to 4', 'dateevent': '2023-01-29 08:04:46+00:00', 'image': 'cmendes/znn:800k', 'replicas': 2, 'imageChanges': 0, 'replicasChanges': 1}

{'name': 'kube-znn.173eb8f92f44bd56', 'type': 'Normal', 'message': 'Scaled down replica set kube-znn-68bd9d6b5b to 3', 'dateevent': '2023-01-29 08:04:51+00:00', 'image': 'cmendes/znn:800k', 'replicas': 2, 'imageChanges': 0, 'replicasChanges': 1}

{'name': 'kube-znn.173eb90159f188df', 'type': 'Normal', 'message': 'Scaled down replica set kube-znn-68bd9d6b5b to 2', 'dateevent': '2023-01-29 08:05:26+00:00', 'image': 'cmendes/znn:800k', 'replicas': 2, 'imageChanges': 0, 'replicasChanges': 1}

{'name': 'kube-znn.173eb9027df7d581', 'type': 'Normal', 'message': 'Scaled down replica set kube-znn-68bd9d6b5b to 1', 'dateevent': '2023-01-29 08:05:31+00:00', 'image': 'cmendes/znn:800k', 'replicas': 1, 'imageChanges': 0, 'replicasChanges': 2}

{'name': 'kube-znn.173eb8ecdeb02df3', 'type': 'Normal', 'message': 'Scaled up replica set kube-znn-68bd9d6b5b to 2', 'dateevent': '2023-01-29 08:03:58+00:00', 'image': 'cmendes/znn:800k', 'replicas': 2, 'imageChanges': 0, 'replicasChanges': 3}

{'name': 'kube-znn.173eb8edc17bd80a', 'type': 'Normal', 'message': 'Scaled up replica set kube-znn-68bd9d6b5b to 3', 'dateevent': '2023-01-29 08:04:02+00:00', 'image': 'cmendes/znn:800k', 'replicas': 3, 'imageChanges': 0, 'replicasChanges': 4}

{'name': 'kube-znn.173eb8eec53616c3', 'type': 'Normal', 'message': 'Scaled up replica set kube-znn-68bd9d6b5b to 4', 'dateevent': '2023-01-29 08:04:07+00:00', 'image': 'cmendes/znn:800k', 'replicas': 4, 'imageChanges': 0, 'replicasChanges': 5}

{'name': 'kube-znn.173eb8f03fd469de', 'type': 'Normal', 'message': 'Scaled up replica set kube-znn-68bd9d6b5b to 5', 'dateevent': '2023-01-29 08:04:13+00:00', 'image': 'cmendes/znn:800k', 'replicas': 5, 'imageChanges': 0, 'replicasChanges': 6}

{'name': 'kube-znn.173eb9084ea7f826', 'type': 'Normal', 'message': 'Scaled up replica set kube-znn-68bd9d6b5b to 6', 'dateevent': '2023-01-29 08:05:56+00:00', 'image': 'cmendes/znn:800k', 'replicas': 6, 'imageChanges': 0, 'replicasChanges': 7}

{'name': 'kube-znn.173eb90978604d48', 'type': 'Normal', 'message': '(combined from similar events): Scaled up replica set kube-znn-68bd9d6b5b to 7', 'dateevent': '2023-01-29 08:06:01+00:00', 'image': 'cmendes/znn:800k', 'replicas': 7, 'imageChanges': 0, 'replicasChanges': 8}

{'name': 'kube-znn.173eb90978604d48', 'type': 'Normal', 'message': '(combined from similar events): Scaled up replica set kube-znn-68bd9d6b5b to 8', 'dateevent': '2023-01-29 08:06:01+00:00', 'image': 'cmendes/znn:800k', 'replicas': 8, 'imageChanges': 0, 'replicasChanges': 9}

{'name': 'kube-znn.173eb90978604d48', 'type': 'Normal', 'message': '(combined from similar events): Scaled up replica set kube-znn-68bd9d6b5b to 9', 'dateevent': '2023-01-29 08:06:01+00:00', 'image': 'cmendes/znn:800k', 'replicas': 9, 'imageChanges': 0, 'replicasChanges': 10}

{'name': 'kube-znn.173eb90978604d48', 'type': 'Normal', 'message': '(combined from similar events): Scaled up replica set kube-znn-68bd9d6b5b to 10', 'dateevent': '2023-01-29 08:06:01+00:00', 'image': 'cmendes/znn:800k', 'replicas': 10, 'imageChanges': 0, 'replicasChanges': 11}

{'name': 'kube-znn.173eb90978604d48', 'type': 'Normal', 'message': '(combined from similar events): Scaled up replica set kube-znn-7cbbf89f8 to 3', 'dateevent': '2023-01-29 08:06:01+00:00', 'image': 'cmendes/znn:600k', 'replicas': 10, 'imageChanges': 1, 'replicasChanges': 11}

{'name': 'kube-znn.173eb90978604d48', 'type': 'Normal', 'message': '(combined from similar events): Scaled down replica set kube-znn-68bd9d6b5b to 8', 'dateevent': '2023-01-29 08:06:01+00:00', 'image': 'cmendes/znn:600k', 'replicas': 10, 'imageChanges': 1, 'replicasChanges': 11}

{'name': 'kube-znn.173eb90978604d48', 'type': 'Normal', 'message': '(combined from similar events): Scaled up replica set kube-znn-7cbbf89f8 to 5', 'dateevent': '2023-01-29 08:06:01+00:00', 'image': 'cmendes/znn:600k', 'replicas': 10, 'imageChanges': 1, 'replicasChanges': 11}

{'name': 'kube-znn.173eb90978604d48', 'type': 'Normal', 'message': '(combined from similar events): Scaled down replica set kube-znn-68bd9d6b5b to 4', 'dateevent': '2023-01-29 08:06:01+00:00', 'image': 'cmendes/znn:100k', 'replicas': 10, 'imageChanges': 2, 'replicasChanges': 11}

{'name': 'kube-znn.173eb90978604d48', 'type': 'Normal', 'message': '(combined from similar events): Scaled down replica set kube-znn-7cbbf89f8 to 4', 'dateevent': '2023-01-29 08:06:01+00:00', 'image': 'cmendes/znn:100k', 'replicas': 10, 'imageChanges': 2, 'replicasChanges': 11}

{'name': 'kube-znn.173eb90978604d48', 'type': 'Normal', 'message': '(combined from similar events): Scaled up replica set kube-znn-7995d9b499 to 5', 'dateevent': '2023-01-29 08:06:01+00:00', 'image': 'cmendes/znn:100k', 'replicas': 10, 'imageChanges': 2, 'replicasChanges': 11}

{'name': 'kube-znn.173eb90978604d48', 'type': 'Normal', 'message': '(combined from similar events): Scaled down replica set kube-znn-7995d9b499 to 1', 'dateevent': '2023-01-29 08:06:01+00:00', 'image': 'cmendes/znn:100k', 'replicas': 4, 'imageChanges': 2, 'replicasChanges': 12}

{'name': 'kube-znn.173eb90159f188df', 'type': 'Normal', 'message': 'Scaled down replica set kube-znn-68bd9d6b5b to 2', 'dateevent': '2023-01-29 08:05:26+00:00', 'image': 'cmendes/znn:100k', 'replicas': 4, 'imageChanges': 2, 'replicasChanges': 12}

{'name': 'kube-znn.173eb90978604d48', 'type': 'Normal', 'message': '(combined from similar events): Scaled down replica set kube-znn-7995d9b499 to 0', 'dateevent': '2023-01-29 08:06:01+00:00', 'image': 'cmendes/znn:200k', 'replicas': 4, 'imageChanges': 3, 'replicasChanges': 12}

Reading file: VersionA-Monolithic
Reading file: VersionB-MicroControllers
Reading file: VersionC-WithFailureManagerMetaController
Reading file: VersionC-ZTemp
