Reading file: automatingDataGeneration.sh
Reading file: CLong10
Reading file: CLong10.7z
Reading file: Evaluation-ZNN.7z
Reading file: fidelitya-778c6c6b8b-vlwd6_tracing_20230129_004522.log

fidelitya data

2023-01-29 03:49:22 : t0:raiseFidelity

2023-01-29 03:49:27 : t0:raiseFidelity

2023-01-29 03:49:32 : t0:raiseFidelity

2023-01-29 03:50:02 : t0:raiseFidelity

2023-01-29 03:50:07 : t0:raiseFidelity

2023-01-29 03:50:12 : t0:raiseFidelity

2023-01-29 03:50:17 : t0:raiseFidelity

2023-01-29 03:50:22 : t0:raiseFidelity

2023-01-29 03:50:57 : t0:raiseFidelity

2023-01-29 03:51:02 : t0:raiseFidelity

2023-01-29 03:51:32 : t0:raiseFidelity

2023-01-29 03:51:37 : t0:raiseFidelity

2023-01-29 03:51:42 : t0:raiseFidelity

2023-01-29 03:51:47 : t0:raiseFidelity

2023-01-29 03:51:52 : t0:raiseFidelity

2023-01-29 03:51:57 : t0:raiseFidelity

2023-01-29 03:52:02 : t0:raiseFidelity

2023-01-29 03:52:07 : t0:raiseFidelity

2023-01-29 03:52:12 : t0:raiseFidelity

2023-01-29 03:52:17 : t0:raiseFidelity

2023-01-29 03:52:22 : t0:raiseFidelity

2023-01-29 03:52:27 : t0:raiseFidelity

2023-01-29 03:52:32 : t0:raiseFidelity

2023-01-29 03:52:37 : t0:raiseFidelity

2023-01-29 03:52:42 : t0:raiseFidelity

2023-01-29 03:52:47 : t0:raiseFidelity

2023-01-29 03:52:52 : t0:raiseFidelity

2023-01-29 03:52:57 : t0:raiseFidelity

2023-01-29 03:53:02 : t0:raiseFidelity

2023-01-29 03:53:07 : t0:raiseFidelity

2023-01-29 03:53:12 : t0:raiseFidelity

2023-01-29 03:53:17 : t0:raiseFidelity

2023-01-29 03:53:22 : t0:raiseFidelity

2023-01-29 03:53:27 : t0:raiseFidelity

2023-01-29 03:53:32 : t0:raiseFidelity

2023-01-29 03:53:37 : t0:raiseFidelity

2023-01-29 03:53:42 : t0:raiseFidelity

2023-01-29 03:53:47 : t0:raiseFidelity

2023-01-29 03:53:52 : t0:raiseFidelity

2023-01-29 03:53:57 : t0:raiseFidelity

2023-01-29 03:54:02 : t0:raiseFidelity

2023-01-29 03:54:07 : t0:raiseFidelity

2023-01-29 03:54:12 : t0:raiseFidelity

2023-01-29 03:54:17 : t0:raiseFidelity

2023-01-29 03:54:22 : t0:raiseFidelity

2023-01-29 03:54:27 : t0:raiseFidelity

2023-01-29 03:54:32 : t0:raiseFidelity

2023-01-29 03:54:37 : t0:raiseFidelity

2023-01-29 03:54:42 : t0:raiseFidelity

2023-01-29 03:54:47 : t0:raiseFidelity

2023-01-29 03:54:52 : t0:raiseFidelity

2023-01-29 03:54:57 : t0:raiseFidelity

2023-01-29 03:55:02 : t0:raiseFidelity

2023-01-29 03:55:07 : t0:raiseFidelity

2023-01-29 03:55:12 : t0:raiseFidelity

2023-01-29 03:55:17 : t0:raiseFidelity

2023-01-29 03:55:22 : t0:raiseFidelity

2023-01-29 03:55:27 : t0:raiseFidelity

2023-01-29 03:55:32 : t0:raiseFidelity

2023-01-29 03:55:37 : t0:raiseFidelity

2023-01-29 03:55:42 : t0:raiseFidelity

2023-01-29 03:55:47 : t0:raiseFidelity

2023-01-29 03:55:52 : t0:raiseFidelity

2023-01-29 03:55:57 : t0:raiseFidelity

2023-01-29 03:56:02 : t0:raiseFidelity

2023-01-29 03:56:07 : t0:raiseFidelity

2023-01-29 03:56:12 : t0:raiseFidelity

2023-01-29 03:56:17 : t0:raiseFidelity

2023-01-29 03:56:22 : t0:raiseFidelity

2023-01-29 03:56:27 : t0:raiseFidelity

2023-01-29 03:56:32 : t0:raiseFidelity

2023-01-29 03:56:37 : t0:raiseFidelity

2023-01-29 03:56:42 : t0:raiseFidelity

2023-01-29 03:56:47 : t0:raiseFidelity

2023-01-29 03:56:52 : t0:raiseFidelity

Reading file: generateLogs002528
Reading file: generateLogs121929
Reading file: generateLogs124558
Reading file: generateLogs131507
Reading file: generateLogs134342
Reading file: generateLogs140938
Reading file: generateLogs144032
Reading file: generateLogs150618
Reading file: generateLogs153301
Reading file: generateLogs155714
Reading file: generateLogs162553
Reading file: generateLogs164354
Reading file: generateLogs171441
Reading file: generateLogs174448
Reading file: generateLogs181031
Reading file: generateLogs184508
Reading file: generateLogs190356
Reading file: generateLogs192553
Reading file: generateLogs195446
Reading file: generateLogs2.sh
Reading file: generateLogs202030
Reading file: generateLogs205105
Reading file: generateLogs211405
Reading file: generateLogs214402
Reading file: generateLogs221119
Reading file: generateLogs225030
Reading file: generateLogs230943
Reading file: generateLogs232434
Reading file: k6-qm9dg_tracing_20230129_004522.log
Reading file: metacontroller-kubow-8479d7588d-vpsxb_tracing_20230129_004522.log

MetaController data

2023-01-29 03:46:22 : t0:activateLowScalabilityHighQuality

2023-01-29 03:46:32 : t0:addLowScalabilityLowQuality

2023-01-29 03:48:52 : t0:addHighScalabilityHighQuality

Reading file: README.md
Reading file: scalabilitya-78d6cbbc7d-8snpk_tracing_20230129_004522.log

scalabilitya data

2023-01-29 03:49:14 : t0:removeReplica

2023-01-29 03:50:14 : t0:removeReplica

2023-01-29 03:50:19 : t0:removeReplica

2023-01-29 03:50:54 : t0:removeReplica

Reading file: summary-trace-znn.log
Reading file: temp
Reading file: temp2701
Reading file: test
Reading file: tools
Reading file: traceznn_20230129_004522.log

Trace znn data

{'name': 'kube-znn-db.173ea9fc3a59cfc4', 'type': 'Normal', 'message': 'Scaled up replica set kube-znn-db-6cc48797cf to 1', 'dateevent': '2023-01-29 03:30:12+00:00', 'image': 'cmendes/znn:800k', 'replicas': 1, 'imageChanges': 0, 'replicasChanges': 1}

{'name': 'kube-znn.173ea9fc386ecda8', 'type': 'Normal', 'message': 'Scaled up replica set kube-znn-68bd9d6b5b to 1', 'dateevent': '2023-01-29 03:30:12+00:00', 'image': 'cmendes/znn:800k', 'replicas': 1, 'imageChanges': 0, 'replicasChanges': 1}

{'name': 'kube-znn.173eaad300afae63', 'type': 'Normal', 'message': 'Scaled up replica set kube-znn-68bd9d6b5b to 2', 'dateevent': '2023-01-29 03:45:34+00:00', 'image': 'cmendes/znn:800k', 'replicas': 2, 'imageChanges': 0, 'replicasChanges': 2}

{'name': 'kube-znn.173eaad508802cf7', 'type': 'Normal', 'message': 'Scaled up replica set kube-znn-68bd9d6b5b to 3', 'dateevent': '2023-01-29 03:45:43+00:00', 'image': 'cmendes/znn:800k', 'replicas': 3, 'imageChanges': 0, 'replicasChanges': 3}

{'name': 'kube-znn.173eaad63292c04e', 'type': 'Normal', 'message': 'Scaled up replica set kube-znn-68bd9d6b5b to 4', 'dateevent': '2023-01-29 03:45:48+00:00', 'image': 'cmendes/znn:800k', 'replicas': 4, 'imageChanges': 0, 'replicasChanges': 4}

{'name': 'kube-znn.173eaad75ba07db1', 'type': 'Normal', 'message': 'Scaled up replica set kube-znn-68bd9d6b5b to 5', 'dateevent': '2023-01-29 03:45:53+00:00', 'image': 'cmendes/znn:800k', 'replicas': 5, 'imageChanges': 0, 'replicasChanges': 5}

{'name': 'kube-znn.173eaad884965989', 'type': 'Normal', 'message': 'Scaled up replica set kube-znn-68bd9d6b5b to 6', 'dateevent': '2023-01-29 03:45:58+00:00', 'image': 'cmendes/znn:800k', 'replicas': 6, 'imageChanges': 0, 'replicasChanges': 6}

{'name': 'kube-znn.173eaad9aed6b236', 'type': 'Normal', 'message': 'Scaled up replica set kube-znn-68bd9d6b5b to 7', 'dateevent': '2023-01-29 03:46:03+00:00', 'image': 'cmendes/znn:800k', 'replicas': 7, 'imageChanges': 0, 'replicasChanges': 7}

{'name': 'kube-znn.173eaadad8a0496e', 'type': 'Normal', 'message': 'Scaled up replica set kube-znn-68bd9d6b5b to 8', 'dateevent': '2023-01-29 03:46:08+00:00', 'image': 'cmendes/znn:800k', 'replicas': 8, 'imageChanges': 0, 'replicasChanges': 8}

{'name': 'kube-znn.173eaadc03faad36', 'type': 'Normal', 'message': 'Scaled up replica set kube-znn-68bd9d6b5b to 9', 'dateevent': '2023-01-29 03:46:13+00:00', 'image': 'cmendes/znn:800k', 'replicas': 9, 'imageChanges': 0, 'replicasChanges': 9}

{'name': 'kube-znn.173eaadd2d287bd2', 'type': 'Normal', 'message': 'Scaled up replica set kube-znn-68bd9d6b5b to 10', 'dateevent': '2023-01-29 03:46:18+00:00', 'image': 'cmendes/znn:800k', 'replicas': 10, 'imageChanges': 0, 'replicasChanges': 10}

{'name': 'kube-znn.173eaade697ef3e6', 'type': 'Normal', 'message': '(combined from similar events): Scaled up replica set kube-znn-7cbbf89f8 to 3', 'dateevent': '2023-01-29 03:46:23+00:00', 'image': 'cmendes/znn:600k', 'replicas': 10, 'imageChanges': 1, 'replicasChanges': 10}

{'name': 'kube-znn.173eaade697ef3e6', 'type': 'Normal', 'message': '(combined from similar events): Scaled down replica set kube-znn-68bd9d6b5b to 8', 'dateevent': '2023-01-29 03:46:23+00:00', 'image': 'cmendes/znn:600k', 'replicas': 10, 'imageChanges': 1, 'replicasChanges': 10}

{'name': 'kube-znn.173eaade697ef3e6', 'type': 'Normal', 'message': '(combined from similar events): Scaled up replica set kube-znn-7cbbf89f8 to 5', 'dateevent': '2023-01-29 03:46:23+00:00', 'image': 'cmendes/znn:600k', 'replicas': 10, 'imageChanges': 1, 'replicasChanges': 10}

{'name': 'kube-znn.173eaade697ef3e6', 'type': 'Normal', 'message': '(combined from similar events): Scaled down replica set kube-znn-68bd9d6b5b to 3', 'dateevent': '2023-01-29 03:46:23+00:00', 'image': 'cmendes/znn:100k', 'replicas': 10, 'imageChanges': 2, 'replicasChanges': 10}

{'name': 'kube-znn.173eaade697ef3e6', 'type': 'Normal', 'message': '(combined from similar events): Scaled up replica set kube-znn-7995d9b499 to 5', 'dateevent': '2023-01-29 03:46:23+00:00', 'image': 'cmendes/znn:100k', 'replicas': 10, 'imageChanges': 2, 'replicasChanges': 10}

{'name': 'kube-znn.173eaade697ef3e6', 'type': 'Normal', 'message': '(combined from similar events): Scaled down replica set kube-znn-7cbbf89f8 to 2', 'dateevent': '2023-01-29 03:46:23+00:00', 'image': 'cmendes/znn:100k', 'replicas': 4, 'imageChanges': 2, 'replicasChanges': 11}

{'name': 'kube-znn.173eaade697ef3e6', 'type': 'Normal', 'message': '(combined from similar events): Scaled down replica set kube-znn-7995d9b499 to 2', 'dateevent': '2023-01-29 03:46:23+00:00', 'image': 'cmendes/znn:100k', 'replicas': 4, 'imageChanges': 2, 'replicasChanges': 11}

{'name': 'kube-znn.173eaade697ef3e6', 'type': 'Normal', 'message': '(combined from similar events): Scaled down replica set kube-znn-68bd9d6b5b to 1', 'dateevent': '2023-01-29 03:46:23+00:00', 'image': 'cmendes/znn:100k', 'replicas': 4, 'imageChanges': 2, 'replicasChanges': 11}

{'name': 'kube-znn.173eaade697ef3e6', 'type': 'Normal', 'message': '(combined from similar events): Scaled down replica set kube-znn-7cbbf89f8 to 0', 'dateevent': '2023-01-29 03:46:23+00:00', 'image': 'cmendes/znn:200k', 'replicas': 4, 'imageChanges': 3, 'replicasChanges': 11}

{'name': 'kube-znn.173eaade697ef3e6', 'type': 'Normal', 'message': '(combined from similar events): Scaled up replica set kube-znn-86cccc748b to 2', 'dateevent': '2023-01-29 03:46:23+00:00', 'image': 'cmendes/znn:200k', 'replicas': 4, 'imageChanges': 3, 'replicasChanges': 11}

{'name': 'kube-znn.173eaade697ef3e6', 'type': 'Normal', 'message': '(combined from similar events): Scaled down replica set kube-znn-86cccc748b to 0', 'dateevent': '2023-01-29 03:46:23+00:00', 'image': 'cmendes/znn:800k', 'replicas': 4, 'imageChanges': 4, 'replicasChanges': 11}

{'name': 'kube-znn.173eaade697ef3e6', 'type': 'Normal', 'message': '(combined from similar events): Scaled up replica set kube-znn-68bd9d6b5b to 3', 'dateevent': '2023-01-29 03:46:23+00:00', 'image': 'cmendes/znn:800k', 'replicas': 4, 'imageChanges': 4, 'replicasChanges': 11}

{'name': 'kube-znn.173eaade697ef3e6', 'type': 'Normal', 'message': '(combined from similar events): Scaled down replica set kube-znn-7995d9b499 to 1', 'dateevent': '2023-01-29 03:46:23+00:00', 'image': 'cmendes/znn:800k', 'replicas': 4, 'imageChanges': 4, 'replicasChanges': 11}

{'name': 'kube-znn.173eaade697ef3e6', 'type': 'Normal', 'message': '(combined from similar events): Scaled up replica set kube-znn-68bd9d6b5b to 4', 'dateevent': '2023-01-29 03:46:23+00:00', 'image': 'cmendes/znn:800k', 'replicas': 4, 'imageChanges': 4, 'replicasChanges': 11}

{'name': 'kube-znn.173eaade697ef3e6', 'type': 'Normal', 'message': '(combined from similar events): Scaled down replica set kube-znn-7995d9b499 to 0', 'dateevent': '2023-01-29 03:46:23+00:00', 'image': 'cmendes/znn:800k', 'replicas': 4, 'imageChanges': 4, 'replicasChanges': 11}

{'name': 'kube-znn.173eab1441855fd4', 'type': 'Normal', 'message': 'Scaled down replica set kube-znn-68bd9d6b5b to 3', 'dateevent': '2023-01-29 03:50:14+00:00', 'image': 'cmendes/znn:800k', 'replicas': 3, 'imageChanges': 4, 'replicasChanges': 12}

{'name': 'kube-znn.173eaade697ef3e6', 'type': 'Normal', 'message': '(combined from similar events): Scaled down replica set kube-znn-68bd9d6b5b to 1', 'dateevent': '2023-01-29 03:46:23+00:00', 'image': 'cmendes/znn:800k', 'replicas': 1, 'imageChanges': 4, 'replicasChanges': 13}

Reading file: VersionA-Monolithic
Reading file: VersionB-MicroControllers
Reading file: VersionC-WithFailureManagerMetaController
Reading file: VersionC-ZTemp
