Reading file: ALong10
Reading file: ALong10.7z
Reading file: automatingDataGeneration.sh
Reading file: BLong10
Reading file: BLong10_parte1.7z
Reading file: BLong10_parte2.7z
Reading file: BLong10_parte3.7z
Reading file: BShort10
Reading file: BShort10.7z
Reading file: CLong10
Reading file: CLong10.7z
Reading file: CShort10
Reading file: CShort10.7z
Reading file: Evaluation-ZNN.7z
Reading file: generateLogs001310
Reading file: generateLogs002901
Reading file: generateLogs004339
Reading file: generateLogs005901
Reading file: generateLogs011406
Reading file: generateLogs012752
Reading file: generateLogs014157
Reading file: generateLogs020228
Reading file: generateLogs022133
Reading file: generateLogs2.sh
Reading file: k6-6q7lw_tracing_20230201_022919.log
Reading file: kubow-548bb5f4b4-9gkfd_tracing_20230201_022919.log

Kubow data

2023-02-01 05:28:45 : t0:addHighScalabilityHighQuality

Reading file: README.md
Reading file: summary-trace-znn.log
Reading file: temp
Reading file: temp2701
Reading file: temp3101
Reading file: test
Reading file: tools
Reading file: traceznn_20230201_022919.log

Trace znn data

{'name': 'kube-znn-db.173f9c05199ae0bb', 'type': 'Normal', 'message': 'Scaled up replica set kube-znn-db-6dd8968475 to 1', 'dateevent': '2023-02-01 05:25:32+00:00', 'image': 'cmendes/znn:800k', 'replicas': 1, 'imageChanges': 0, 'replicasChanges': 1}

{'name': 'kube-znn.173f9c05177f743e', 'type': 'Normal', 'message': 'Scaled up replica set kube-znn-5fb97667db to 1', 'dateevent': '2023-02-01 05:25:32+00:00', 'image': 'cmendes/znn:800k', 'replicas': 1, 'imageChanges': 0, 'replicasChanges': 1}

Reading file: VersionA-Monolithic
Reading file: VersionB-MicroControllers
Reading file: VersionC-WithFailureManagerMetaController
Reading file: VersionC-ZTemp
