Reading file: automatingDataGeneration.sh
Reading file: Evaluation-ZNN.7z
Reading file: fidelitya-778c6c6b8b-v4m84_tracing_20230128_064213.log

fidelitya data

2023-01-28 09:46:35 : t0:raiseFidelity

2023-01-28 09:46:40 : t0:raiseFidelity

2023-01-28 09:47:15 : t0:raiseFidelity

2023-01-28 09:47:20 : t0:raiseFidelity

2023-01-28 09:47:55 : t0:raiseFidelity

2023-01-28 09:48:00 : t0:raiseFidelity

Reading file: generateLogs010303
Reading file: generateLogs011848
Reading file: generateLogs013516
Reading file: generateLogs015211
Reading file: generateLogs021333
Reading file: generateLogs022946
Reading file: generateLogs034502
Reading file: generateLogs040003
Reading file: generateLogs041638
Reading file: generateLogs043804
Reading file: generateLogs045333
Reading file: generateLogs051434
Reading file: generateLogs054504
Reading file: generateLogs062405
Reading file: generateLogs171220
Reading file: generateLogs172658
Reading file: generateLogs174232
Reading file: generateLogs175703
Reading file: generateLogs181216
Reading file: generateLogs182733
Reading file: generateLogs184131
Reading file: generateLogs185550
Reading file: generateLogs190935
Reading file: generateLogs193004
Reading file: generateLogs194516
Reading file: generateLogs2.sh
Reading file: generateLogs200355
Reading file: generateLogs202827
Reading file: generateLogs205357
Reading file: generateLogs211928
Reading file: generateLogs214056
Reading file: generateLogs221057
Reading file: generateLogs224228
Reading file: generateLogs230828
Reading file: generateLogs233838
Reading file: generateLogs235802
Reading file: k6-n5dt5_tracing_20230128_064213.log
Reading file: metacontroller-kubow-8479d7588d-drwf5_tracing_20230128_064213.log

MetaController data

2023-01-28 09:43:05 : t0:activateLowScalabilityHighQuality

2023-01-28 09:43:20 : t0:addLowScalabilityLowQuality

2023-01-28 09:44:00 : t0:activateLowScalabilityHighQuality

2023-01-28 09:44:05 : t0:addHighScalabilityHighQuality

2023-01-28 09:44:10 : t0:addLowScalabilityLowQuality

2023-01-28 09:45:15 : t0:addHighScalabilityHighQuality

Reading file: README.md
Reading file: scalabilitya-78d6cbbc7d-pgbq9_tracing_20230128_064213.log

scalabilitya data

2023-01-28 09:45:43 : t0:removeReplica

Reading file: summary-trace-znn.log
Reading file: temp
Reading file: temp2701
Reading file: test
Reading file: tools
Reading file: traceznn_20230128_064213.log

Trace znn data

{'name': 'kube-znn-db.173e6ef14e0a3a32', 'type': 'Normal', 'message': 'Scaled up replica set kube-znn-db-6cc48797cf to 1', 'dateevent': '2023-01-28 09:28:14+00:00', 'image': 'cmendes/znn:800k', 'replicas': 1, 'imageChanges': 0, 'replicasChanges': 1}

{'name': 'kube-znn.173e6ef14d1abe7d', 'type': 'Normal', 'message': 'Scaled up replica set kube-znn-68bd9d6b5b to 1', 'dateevent': '2023-01-28 09:28:14+00:00', 'image': 'cmendes/znn:800k', 'replicas': 1, 'imageChanges': 0, 'replicasChanges': 1}

{'name': 'kube-znn.173e6fb6b48783e3', 'type': 'Normal', 'message': 'Scaled up replica set kube-znn-68bd9d6b5b to 2', 'dateevent': '2023-01-28 09:42:21+00:00', 'image': 'cmendes/znn:800k', 'replicas': 2, 'imageChanges': 0, 'replicasChanges': 2}

{'name': 'kube-znn.173e6fb79fc52eba', 'type': 'Normal', 'message': 'Scaled up replica set kube-znn-68bd9d6b5b to 3', 'dateevent': '2023-01-28 09:42:25+00:00', 'image': 'cmendes/znn:800k', 'replicas': 3, 'imageChanges': 0, 'replicasChanges': 3}

{'name': 'kube-znn.173e6fb8c878fd6d', 'type': 'Normal', 'message': 'Scaled up replica set kube-znn-68bd9d6b5b to 4', 'dateevent': '2023-01-28 09:42:30+00:00', 'image': 'cmendes/znn:800k', 'replicas': 4, 'imageChanges': 0, 'replicasChanges': 4}

{'name': 'kube-znn.173e6fb9f1b93496', 'type': 'Normal', 'message': 'Scaled up replica set kube-znn-68bd9d6b5b to 5', 'dateevent': '2023-01-28 09:42:35+00:00', 'image': 'cmendes/znn:800k', 'replicas': 5, 'imageChanges': 0, 'replicasChanges': 5}

{'name': 'kube-znn.173e6fbb1a0b5d8f', 'type': 'Normal', 'message': 'Scaled up replica set kube-znn-68bd9d6b5b to 6', 'dateevent': '2023-01-28 09:42:40+00:00', 'image': 'cmendes/znn:800k', 'replicas': 6, 'imageChanges': 0, 'replicasChanges': 6}

{'name': 'kube-znn.173e6fbc4377df4c', 'type': 'Normal', 'message': 'Scaled up replica set kube-znn-68bd9d6b5b to 7', 'dateevent': '2023-01-28 09:42:45+00:00', 'image': 'cmendes/znn:800k', 'replicas': 7, 'imageChanges': 0, 'replicasChanges': 7}

{'name': 'kube-znn.173e6fbd7037ed23', 'type': 'Normal', 'message': 'Scaled up replica set kube-znn-68bd9d6b5b to 8', 'dateevent': '2023-01-28 09:42:50+00:00', 'image': 'cmendes/znn:800k', 'replicas': 8, 'imageChanges': 0, 'replicasChanges': 8}

{'name': 'kube-znn.173e6fbe98ad9b3f', 'type': 'Normal', 'message': 'Scaled up replica set kube-znn-68bd9d6b5b to 9', 'dateevent': '2023-01-28 09:42:55+00:00', 'image': 'cmendes/znn:800k', 'replicas': 9, 'imageChanges': 0, 'replicasChanges': 9}

{'name': 'kube-znn.173e6fbfc2af041b', 'type': 'Normal', 'message': 'Scaled up replica set kube-znn-68bd9d6b5b to 10', 'dateevent': '2023-01-28 09:43:00+00:00', 'image': 'cmendes/znn:800k', 'replicas': 10, 'imageChanges': 0, 'replicasChanges': 10}

{'name': 'kube-znn.173e6fc1b86c9676', 'type': 'Normal', 'message': '(combined from similar events): Scaled up replica set kube-znn-7cbbf89f8 to 3', 'dateevent': '2023-01-28 09:43:09+00:00', 'image': 'cmendes/znn:600k', 'replicas': 10, 'imageChanges': 1, 'replicasChanges': 10}

{'name': 'kube-znn.173e6fc1b86c9676', 'type': 'Normal', 'message': '(combined from similar events): Scaled down replica set kube-znn-68bd9d6b5b to 8', 'dateevent': '2023-01-28 09:43:09+00:00', 'image': 'cmendes/znn:600k', 'replicas': 10, 'imageChanges': 1, 'replicasChanges': 10}

{'name': 'kube-znn.173e6fc1b86c9676', 'type': 'Normal', 'message': '(combined from similar events): Scaled up replica set kube-znn-7cbbf89f8 to 5', 'dateevent': '2023-01-28 09:43:09+00:00', 'image': 'cmendes/znn:600k', 'replicas': 10, 'imageChanges': 1, 'replicasChanges': 10}

{'name': 'kube-znn.173e6fc1b86c9676', 'type': 'Normal', 'message': '(combined from similar events): Scaled down replica set kube-znn-68bd9d6b5b to 3', 'dateevent': '2023-01-28 09:43:09+00:00', 'image': 'cmendes/znn:100k', 'replicas': 10, 'imageChanges': 2, 'replicasChanges': 10}

{'name': 'kube-znn.173e6fc1b86c9676', 'type': 'Normal', 'message': '(combined from similar events): Scaled up replica set kube-znn-7995d9b499 to 5', 'dateevent': '2023-01-28 09:43:09+00:00', 'image': 'cmendes/znn:100k', 'replicas': 10, 'imageChanges': 2, 'replicasChanges': 10}

{'name': 'kube-znn.173e6fc1b86c9676', 'type': 'Normal', 'message': '(combined from similar events): Scaled down replica set kube-znn-7cbbf89f8 to 2', 'dateevent': '2023-01-28 09:43:09+00:00', 'image': 'cmendes/znn:100k', 'replicas': 4, 'imageChanges': 2, 'replicasChanges': 11}

{'name': 'kube-znn.173e6fc1b86c9676', 'type': 'Normal', 'message': '(combined from similar events): Scaled down replica set kube-znn-7995d9b499 to 2', 'dateevent': '2023-01-28 09:43:09+00:00', 'image': 'cmendes/znn:100k', 'replicas': 4, 'imageChanges': 2, 'replicasChanges': 11}

{'name': 'kube-znn.173e6fc1b86c9676', 'type': 'Normal', 'message': '(combined from similar events): Scaled down replica set kube-znn-68bd9d6b5b to 1', 'dateevent': '2023-01-28 09:43:09+00:00', 'image': 'cmendes/znn:100k', 'replicas': 4, 'imageChanges': 2, 'replicasChanges': 11}

{'name': 'kube-znn.173e6fc1b86c9676', 'type': 'Normal', 'message': '(combined from similar events): Scaled down replica set kube-znn-7cbbf89f8 to 1', 'dateevent': '2023-01-28 09:43:09+00:00', 'image': 'cmendes/znn:20k', 'replicas': 4, 'imageChanges': 3, 'replicasChanges': 11}

{'name': 'kube-znn.173e6fc1b86c9676', 'type': 'Normal', 'message': '(combined from similar events): Scaled down replica set kube-znn-7995d9b499 to 1', 'dateevent': '2023-01-28 09:43:09+00:00', 'image': 'cmendes/znn:20k', 'replicas': 4, 'imageChanges': 3, 'replicasChanges': 11}

{'name': 'kube-znn.173e6fc1b86c9676', 'type': 'Normal', 'message': '(combined from similar events): Scaled up replica set kube-znn-6b7655774 to 2', 'dateevent': '2023-01-28 09:43:09+00:00', 'image': 'cmendes/znn:20k', 'replicas': 4, 'imageChanges': 3, 'replicasChanges': 11}

{'name': 'kube-znn.173e6fc1b86c9676', 'type': 'Normal', 'message': '(combined from similar events): Scaled down replica set kube-znn-68bd9d6b5b to 0', 'dateevent': '2023-01-28 09:43:09+00:00', 'image': 'cmendes/znn:20k', 'replicas': 4, 'imageChanges': 3, 'replicasChanges': 11}

{'name': 'kube-znn.173e6fc1b86c9676', 'type': 'Normal', 'message': '(combined from similar events): Scaled up replica set kube-znn-6b7655774 to 3', 'dateevent': '2023-01-28 09:43:09+00:00', 'image': 'cmendes/znn:20k', 'replicas': 4, 'imageChanges': 3, 'replicasChanges': 11}

{'name': 'kube-znn.173e6fc1b86c9676', 'type': 'Normal', 'message': '(combined from similar events): Scaled down replica set kube-znn-7cbbf89f8 to 0', 'dateevent': '2023-01-28 09:43:09+00:00', 'image': 'cmendes/znn:20k', 'replicas': 4, 'imageChanges': 3, 'replicasChanges': 11}

{'name': 'kube-znn.173e6fc1b86c9676', 'type': 'Normal', 'message': '(combined from similar events): Scaled up replica set kube-znn-6b7655774 to 4', 'dateevent': '2023-01-28 09:43:09+00:00', 'image': 'cmendes/znn:20k', 'replicas': 4, 'imageChanges': 3, 'replicasChanges': 11}

{'name': 'kube-znn.173e6fc1b86c9676', 'type': 'Normal', 'message': '(combined from similar events): Scaled down replica set kube-znn-7995d9b499 to 0', 'dateevent': '2023-01-28 09:43:09+00:00', 'image': 'cmendes/znn:20k', 'replicas': 4, 'imageChanges': 3, 'replicasChanges': 11}

{'name': 'kube-znn.173e6ff2e029f383', 'type': 'Normal', 'message': 'Scaled down replica set kube-znn-68bd9d6b5b to 0', 'dateevent': '2023-01-28 09:47:55+00:00', 'image': 'cmendes/znn:600k', 'replicas': 4, 'imageChanges': 4, 'replicasChanges': 11}

Reading file: VersionA-Monolithic
Reading file: VersionB-MicroControllers
Reading file: VersionC-WithFailureManagerMetaController
Reading file: VersionC-ZTemp
