Reading file: automatingDataGeneration.sh
Reading file: BLong10
Reading file: BLong10_parte1.7z
Reading file: BLong10_parte2.7z
Reading file: BLong10_parte3.7z
Reading file: BShort10
Reading file: BShort10.7z
Reading file: CLong10
Reading file: CLong10.7z
Reading file: CShort10
Reading file: CShort10.7z
Reading file: Evaluation-ZNN.7z
Reading file: fidelitya-5b8dd7f8c7-8gx9l_tracing_20230131_033955.log

fidelitya data

2023-01-31 06:40:49 : t0:lowerFidelity

Reading file: generateLogs001506
Reading file: generateLogs004452
Reading file: generateLogs010914
Reading file: generateLogs013758
Reading file: generateLogs015943
Reading file: generateLogs023320
Reading file: generateLogs030632
Reading file: generateLogs032357
Reading file: generateLogs2.sh
Reading file: generateLogs225909
Reading file: generateLogs232306
Reading file: generateLogs234622
Reading file: k6-88kvn_tracing_20230131_033955.log
Reading file: README.md
Reading file: scalabilityb-66d698fc76-vfqpt_tracing_20230131_033955.log

scalabilityb data

2023-01-31 06:41:17 : t0:removeHighScalability

2023-01-31 06:41:22 : t0:removeHighScalability

2023-01-31 06:41:27 : t0:removeHighScalability

2023-01-31 06:41:32 : t0:removeHighScalability

2023-01-31 06:41:37 : t0:removeHighScalability

2023-01-31 06:41:42 : t0:removeHighScalability

2023-01-31 06:41:47 : t0:removeHighScalability

2023-01-31 06:41:52 : t0:removeHighScalability

2023-01-31 06:41:57 : t0:removeHighScalability

2023-01-31 06:42:02 : t0:removeHighScalability

2023-01-31 06:42:07 : t0:removeHighScalability

2023-01-31 06:42:12 : t0:removeHighScalability

2023-01-31 06:42:17 : t0:removeHighScalability

2023-01-31 06:42:22 : t0:removeReplica

2023-01-31 06:42:27 : t0:removeReplica

2023-01-31 06:42:57 : t0:removeReplica

2023-01-31 06:43:02 : t0:removeReplica

2023-01-31 06:43:07 : t0:removeReplica

2023-01-31 06:43:12 : t0:removeReplica

2023-01-31 06:43:17 : t0:removeReplica

2023-01-31 06:43:22 : t0:removeReplica

2023-01-31 06:43:27 : t0:removeReplica

2023-01-31 06:43:32 : t0:removeReplica

2023-01-31 06:43:37 : t0:removeReplica

2023-01-31 06:43:42 : t0:removeReplica

2023-01-31 06:43:47 : t0:removeReplica

2023-01-31 06:43:52 : t0:removeReplica

2023-01-31 06:43:57 : t0:removeReplica

2023-01-31 06:44:02 : t0:removeReplica

2023-01-31 06:44:07 : t0:removeReplica

2023-01-31 06:44:12 : t0:removeReplica

2023-01-31 06:44:17 : t0:removeReplica

2023-01-31 06:44:22 : t0:removeReplica

2023-01-31 06:44:27 : t0:removeReplica

2023-01-31 06:44:32 : t0:removeReplica

2023-01-31 06:44:37 : t0:removeReplica

2023-01-31 06:44:42 : t0:removeReplica

2023-01-31 06:44:47 : t0:removeReplica

2023-01-31 06:44:52 : t0:removeReplica

2023-01-31 06:44:57 : t0:removeReplica

2023-01-31 06:45:02 : t0:removeReplica

2023-01-31 06:45:07 : t0:removeReplica

2023-01-31 06:45:12 : t0:removeReplica

2023-01-31 06:45:17 : t0:removeReplica

2023-01-31 06:45:22 : t0:removeReplica

2023-01-31 06:45:27 : t0:removeReplica

2023-01-31 06:45:32 : t0:removeReplica

2023-01-31 06:45:37 : t0:removeReplica

2023-01-31 06:45:42 : t0:removeReplica

2023-01-31 06:45:47 : t0:removeReplica

2023-01-31 06:45:52 : t0:removeReplica

2023-01-31 06:45:57 : t0:removeReplica

2023-01-31 06:46:02 : t0:removeReplica

2023-01-31 06:46:07 : t0:removeReplica

2023-01-31 06:46:12 : t0:removeReplica

2023-01-31 06:46:17 : t0:removeReplica

2023-01-31 06:46:22 : t0:removeReplica

2023-01-31 06:46:27 : t0:removeReplica

2023-01-31 06:46:32 : t0:removeReplica

2023-01-31 06:46:37 : t0:removeReplica

2023-01-31 06:46:42 : t0:removeReplica

2023-01-31 06:46:47 : t0:removeReplica

2023-01-31 06:46:52 : t0:removeReplica

2023-01-31 06:46:57 : t0:removeReplica

2023-01-31 06:47:02 : t0:removeReplica

2023-01-31 06:47:07 : t0:removeReplica

2023-01-31 06:47:12 : t0:removeReplica

2023-01-31 06:47:17 : t0:removeReplica

2023-01-31 06:47:22 : t0:removeReplica

2023-01-31 06:47:27 : t0:removeReplica

2023-01-31 06:47:32 : t0:removeReplica

2023-01-31 06:47:37 : t0:removeReplica

2023-01-31 06:47:42 : t0:removeReplica

2023-01-31 06:47:47 : t0:removeReplica

2023-01-31 06:47:52 : t0:removeReplica

2023-01-31 06:47:57 : t0:removeReplica

2023-01-31 06:48:02 : t0:removeReplica

2023-01-31 06:48:07 : t0:removeReplica

2023-01-31 06:48:12 : t0:removeReplica

2023-01-31 06:48:17 : t0:removeReplica

2023-01-31 06:48:22 : t0:removeReplica

2023-01-31 06:48:27 : t0:removeReplica

Reading file: summary-trace-znn.log
Reading file: temp
Reading file: temp2701
Reading file: test
Reading file: tools
Reading file: traceznn_20230131_033955.log

Trace znn data

{'name': 'kube-znn-db.173f50ddc0d9dbc5', 'type': 'Normal', 'message': 'Scaled up replica set kube-znn-db-558bb5dd64 to 1', 'dateevent': '2023-01-31 06:28:19+00:00', 'image': 'cmendes/znn:800k', 'replicas': 1, 'imageChanges': 0, 'replicasChanges': 1}

{'name': 'kube-znn.173f50ddbfb81794', 'type': 'Normal', 'message': 'Scaled up replica set kube-znn-744bbbc54b to 1', 'dateevent': '2023-01-31 06:28:19+00:00', 'image': 'cmendes/znn:800k', 'replicas': 1, 'imageChanges': 0, 'replicasChanges': 1}

{'name': 'kube-znn.173f51825783c6ea', 'type': 'Normal', 'message': 'Scaled up replica set kube-znn-744bbbc54b to 2', 'dateevent': '2023-01-31 06:40:06+00:00', 'image': 'cmendes/znn:800k', 'replicas': 2, 'imageChanges': 0, 'replicasChanges': 2}

{'name': 'kube-znn.173f518339ecb4e2', 'type': 'Normal', 'message': 'Scaled up replica set kube-znn-744bbbc54b to 3', 'dateevent': '2023-01-31 06:40:10+00:00', 'image': 'cmendes/znn:800k', 'replicas': 3, 'imageChanges': 0, 'replicasChanges': 3}

{'name': 'kube-znn.173f5184629a3e66', 'type': 'Normal', 'message': 'Scaled up replica set kube-znn-744bbbc54b to 4', 'dateevent': '2023-01-31 06:40:15+00:00', 'image': 'cmendes/znn:800k', 'replicas': 4, 'imageChanges': 0, 'replicasChanges': 4}

{'name': 'kube-znn.173f51858d1356c5', 'type': 'Normal', 'message': 'Scaled up replica set kube-znn-744bbbc54b to 5', 'dateevent': '2023-01-31 06:40:20+00:00', 'image': 'cmendes/znn:800k', 'replicas': 5, 'imageChanges': 0, 'replicasChanges': 5}

{'name': 'kube-znn.173f5186b76cd788', 'type': 'Normal', 'message': 'Scaled up replica set kube-znn-744bbbc54b to 6', 'dateevent': '2023-01-31 06:40:25+00:00', 'image': 'cmendes/znn:800k', 'replicas': 6, 'imageChanges': 0, 'replicasChanges': 6}

{'name': 'kube-znn.173f5187e2b3ab75', 'type': 'Normal', 'message': 'Scaled up replica set kube-znn-744bbbc54b to 7', 'dateevent': '2023-01-31 06:40:30+00:00', 'image': 'cmendes/znn:800k', 'replicas': 7, 'imageChanges': 0, 'replicasChanges': 7}

{'name': 'kube-znn.173f518909dd94ad', 'type': 'Normal', 'message': 'Scaled up replica set kube-znn-744bbbc54b to 8', 'dateevent': '2023-01-31 06:40:35+00:00', 'image': 'cmendes/znn:800k', 'replicas': 8, 'imageChanges': 0, 'replicasChanges': 8}

{'name': 'kube-znn.173f518a35583518', 'type': 'Normal', 'message': 'Scaled up replica set kube-znn-744bbbc54b to 9', 'dateevent': '2023-01-31 06:40:40+00:00', 'image': 'cmendes/znn:800k', 'replicas': 9, 'imageChanges': 0, 'replicasChanges': 9}

{'name': 'kube-znn.173f518b5e995155', 'type': 'Normal', 'message': 'Scaled up replica set kube-znn-744bbbc54b to 10', 'dateevent': '2023-01-31 06:40:45+00:00', 'image': 'cmendes/znn:800k', 'replicas': 10, 'imageChanges': 0, 'replicasChanges': 10}

{'name': 'kube-znn.173f518ca1abe1c1', 'type': 'Normal', 'message': '(combined from similar events): Scaled up replica set kube-znn-5c95bd98fb to 3', 'dateevent': '2023-01-31 06:40:50+00:00', 'image': 'cmendes/znn:600k', 'replicas': 10, 'imageChanges': 1, 'replicasChanges': 10}

{'name': 'kube-znn.173f518ca1abe1c1', 'type': 'Normal', 'message': '(combined from similar events): Scaled down replica set kube-znn-744bbbc54b to 8', 'dateevent': '2023-01-31 06:40:50+00:00', 'image': 'cmendes/znn:600k', 'replicas': 10, 'imageChanges': 1, 'replicasChanges': 10}

{'name': 'kube-znn.173f518ca1abe1c1', 'type': 'Normal', 'message': '(combined from similar events): Scaled up replica set kube-znn-5c95bd98fb to 5', 'dateevent': '2023-01-31 06:40:50+00:00', 'image': 'cmendes/znn:600k', 'replicas': 10, 'imageChanges': 1, 'replicasChanges': 10}

{'name': 'kube-znn.173f518ca1abe1c1', 'type': 'Normal', 'message': '(combined from similar events): Scaled down replica set kube-znn-744bbbc54b to 7', 'dateevent': '2023-01-31 06:40:50+00:00', 'image': 'cmendes/znn:600k', 'replicas': 10, 'imageChanges': 1, 'replicasChanges': 10}

{'name': 'kube-znn.173f518ca1abe1c1', 'type': 'Normal', 'message': '(combined from similar events): Scaled up replica set kube-znn-5c95bd98fb to 6', 'dateevent': '2023-01-31 06:40:50+00:00', 'image': 'cmendes/znn:600k', 'replicas': 10, 'imageChanges': 1, 'replicasChanges': 10}

{'name': 'kube-znn.173f518ca1abe1c1', 'type': 'Normal', 'message': '(combined from similar events): Scaled down replica set kube-znn-744bbbc54b to 6', 'dateevent': '2023-01-31 06:40:50+00:00', 'image': 'cmendes/znn:600k', 'replicas': 10, 'imageChanges': 1, 'replicasChanges': 10}

{'name': 'kube-znn.173f518ca1abe1c1', 'type': 'Normal', 'message': '(combined from similar events): Scaled up replica set kube-znn-5c95bd98fb to 7', 'dateevent': '2023-01-31 06:40:50+00:00', 'image': 'cmendes/znn:600k', 'replicas': 10, 'imageChanges': 1, 'replicasChanges': 10}

{'name': 'kube-znn.173f518ca1abe1c1', 'type': 'Normal', 'message': '(combined from similar events): Scaled down replica set kube-znn-744bbbc54b to 5', 'dateevent': '2023-01-31 06:40:50+00:00', 'image': 'cmendes/znn:600k', 'replicas': 10, 'imageChanges': 1, 'replicasChanges': 10}

{'name': 'kube-znn.173f518ca1abe1c1', 'type': 'Normal', 'message': '(combined from similar events): Scaled up replica set kube-znn-5c95bd98fb to 8', 'dateevent': '2023-01-31 06:40:50+00:00', 'image': 'cmendes/znn:600k', 'replicas': 10, 'imageChanges': 1, 'replicasChanges': 10}

{'name': 'kube-znn.173f518ca1abe1c1', 'type': 'Normal', 'message': '(combined from similar events): Scaled down replica set kube-znn-5c95bd98fb to 3', 'dateevent': '2023-01-31 06:40:50+00:00', 'image': 'cmendes/znn:600k', 'replicas': 4, 'imageChanges': 1, 'replicasChanges': 11}

{'name': 'kube-znn.173f518ca1abe1c1', 'type': 'Normal', 'message': '(combined from similar events): Scaled down replica set kube-znn-744bbbc54b to 2', 'dateevent': '2023-01-31 06:40:50+00:00', 'image': 'cmendes/znn:600k', 'replicas': 4, 'imageChanges': 1, 'replicasChanges': 11}

{'name': 'kube-znn.173f518ca1abe1c1', 'type': 'Normal', 'message': '(combined from similar events): Scaled down replica set kube-znn-744bbbc54b to 0', 'dateevent': '2023-01-31 06:40:50+00:00', 'image': 'cmendes/znn:600k', 'replicas': 4, 'imageChanges': 1, 'replicasChanges': 11}

{'name': 'kube-znn.173f518ca1abe1c1', 'type': 'Normal', 'message': '(combined from similar events): Scaled up replica set kube-znn-5c95bd98fb to 4', 'dateevent': '2023-01-31 06:40:50+00:00', 'image': 'cmendes/znn:600k', 'replicas': 4, 'imageChanges': 1, 'replicasChanges': 11}

Reading file: VersionA-Monolithic
Reading file: VersionB-MicroControllers
Reading file: VersionC-WithFailureManagerMetaController
Reading file: VersionC-ZTemp
