Reading file: automatingDataGeneration.sh
Reading file: CLong10
Reading file: CLong10.7z
Reading file: Evaluation-ZNN.7z
Reading file: fidelitya-778c6c6b8b-6krbp_tracing_20230129_024409.log

fidelitya data

2023-01-29 05:47:15 : t0:raiseFidelity

2023-01-29 05:47:50 : t0:raiseFidelity

2023-01-29 05:47:55 : t0:raiseFidelity

2023-01-29 05:48:00 : t0:raiseFidelity

2023-01-29 05:48:05 : t0:raiseFidelity

2023-01-29 05:48:10 : t0:raiseFidelity

2023-01-29 05:48:15 : t0:raiseFidelity

2023-01-29 05:48:20 : t0:raiseFidelity

2023-01-29 05:48:25 : t0:raiseFidelity

2023-01-29 05:48:30 : t0:raiseFidelity

2023-01-29 05:48:35 : t0:raiseFidelity

2023-01-29 05:48:40 : t0:raiseFidelity

2023-01-29 05:48:45 : t0:raiseFidelity

2023-01-29 05:48:50 : t0:raiseFidelity

2023-01-29 05:48:55 : t0:raiseFidelity

2023-01-29 05:49:00 : t0:raiseFidelity

2023-01-29 05:49:05 : t0:raiseFidelity

2023-01-29 05:49:10 : t0:raiseFidelity

2023-01-29 05:49:15 : t0:raiseFidelity

2023-01-29 05:49:20 : t0:raiseFidelity

2023-01-29 05:49:25 : t0:raiseFidelity

2023-01-29 05:49:30 : t0:raiseFidelity

2023-01-29 05:49:35 : t0:raiseFidelity

2023-01-29 05:49:40 : t0:raiseFidelity

2023-01-29 05:49:45 : t0:raiseFidelity

2023-01-29 05:49:50 : t0:raiseFidelity

2023-01-29 05:49:55 : t0:raiseFidelity

2023-01-29 05:50:00 : t0:raiseFidelity

2023-01-29 05:50:05 : t0:raiseFidelity

2023-01-29 05:50:10 : t0:raiseFidelity

2023-01-29 05:50:15 : t0:raiseFidelity

2023-01-29 05:50:20 : t0:raiseFidelity

2023-01-29 05:50:25 : t0:raiseFidelity

2023-01-29 05:50:30 : t0:raiseFidelity

2023-01-29 05:50:35 : t0:raiseFidelity

2023-01-29 05:50:40 : t0:raiseFidelity

2023-01-29 05:50:45 : t0:raiseFidelity

2023-01-29 05:50:50 : t0:raiseFidelity

2023-01-29 05:50:55 : t0:raiseFidelity

2023-01-29 05:51:00 : t0:raiseFidelity

2023-01-29 05:51:05 : t0:raiseFidelity

2023-01-29 05:51:10 : t0:raiseFidelity

2023-01-29 05:51:15 : t0:raiseFidelity

2023-01-29 05:51:20 : t0:raiseFidelity

2023-01-29 05:51:25 : t0:raiseFidelity

2023-01-29 05:51:30 INFO  Rainbow:694 - Delegate: master[MODEL]: Executing O[strategy-execution-KubeZnnSystem:Acme:ExecutionHistory/strategyExecutionState.null([KubeZnnSystem:Acme, AdapttionTree, ADAPTATION_EXECUTING, ])]

2023-01-29 05:51:35 : t0:raiseFidelity

2023-01-29 05:51:40 : t0:raiseFidelity

2023-01-29 05:51:45 : t0:raiseFidelity

2023-01-29 05:51:50 : t0:raiseFidelity

2023-01-29 05:51:55 : t0:raiseFidelity

2023-01-29 05:52:00 : t0:raiseFidelity

2023-01-29 05:52:05 : t0:raiseFidelity

2023-01-29 05:52:10 INFO  Rainbow:694 - Delegate: master[MODEL]: Executing O[strategy-execution-KubeZnnSystem:Acme:ExecutionHistory/strategyExecutionState.null([KubeZnnSystem:Acme, AdapttionTree, ADAPTATION_EXECUTING, ])]

2023-01-29 05:52:15 : t0:raiseFidelity

2023-01-29 05:52:20 : t0:raiseFidelity

2023-01-29 05:52:25 : t0:raiseFidelity

2023-01-29 05:52:30 : t0:raiseFidelity

2023-01-29 05:52:35 : t0:raiseFidelity

2023-01-29 05:52:40 : t0:raiseFidelity

2023-01-29 05:52:45 : t0:raiseFidelity

2023-01-29 05:52:50 : t0:raiseFidelity

2023-01-29 05:52:55 : t0:raiseFidelity

2023-01-29 05:53:00 : t0:raiseFidelity

2023-01-29 05:53:05 : t0:raiseFidelity

2023-01-29 05:53:10 : t0:raiseFidelity

2023-01-29 05:53:15 : t0:raiseFidelity

2023-01-29 05:53:20 : t0:raiseFidelity

2023-01-29 05:53:25 : t0:raiseFidelity

2023-01-29 05:53:30 : t0:raiseFidelity

2023-01-29 05:53:35 : t0:raiseFidelity

2023-01-29 05:53:40 : t0:raiseFidelity

2023-01-29 05:53:45 : t0:raiseFidelity

2023-01-29 05:53:50 : t0:raiseFidelity

2023-01-29 05:53:55 INFO  Rainbow:694 - Delegate: master[MODEL]: Executing O[strategy-execution-KubeZnnSystem:Acme:ExecutionHistory/strategyExecutionState.null([KubeZnnSystem:Acme, AdapttionTree, ADAPTATION_EXECUTING, ])]

2023-01-29 05:54:00 : t0:raiseFidelity

2023-01-29 05:54:05 : t0:raiseFidelity

Reading file: generateLogs002528
Reading file: generateLogs005657
Reading file: generateLogs011949
Reading file: generateLogs015458
Reading file: generateLogs022424
Reading file: generateLogs121929
Reading file: generateLogs124558
Reading file: generateLogs131507
Reading file: generateLogs134342
Reading file: generateLogs140938
Reading file: generateLogs144032
Reading file: generateLogs150618
Reading file: generateLogs153301
Reading file: generateLogs155714
Reading file: generateLogs162553
Reading file: generateLogs164354
Reading file: generateLogs171441
Reading file: generateLogs174448
Reading file: generateLogs181031
Reading file: generateLogs184508
Reading file: generateLogs190356
Reading file: generateLogs192553
Reading file: generateLogs195446
Reading file: generateLogs2.sh
Reading file: generateLogs202030
Reading file: generateLogs205105
Reading file: generateLogs211405
Reading file: generateLogs214402
Reading file: generateLogs221119
Reading file: generateLogs225030
Reading file: generateLogs230943
Reading file: generateLogs232434
Reading file: k6-8xzhb_tracing_20230129_024409.log
Reading file: metacontroller-kubow-8479d7588d-2vftz_tracing_20230129_024409.log

MetaController data

2023-01-29 05:44:58 : t0:activateLowScalabilityHighQuality

2023-01-29 05:45:08 : t0:addLowScalabilityLowQuality

2023-01-29 05:46:43 : t0:addHighScalabilityHighQuality

Reading file: README.md
Reading file: scalabilitya-78d6cbbc7d-7f8tj_tracing_20230129_024409.log

scalabilitya data

2023-01-29 05:47:15 : t0:removeReplica

Reading file: summary-trace-znn.log
Reading file: temp
Reading file: temp2701
Reading file: test
Reading file: tools
Reading file: traceznn_20230129_024409.log

Trace znn data

{'name': 'kube-znn-db.173eb074499b9c97', 'type': 'Normal', 'message': 'Scaled up replica set kube-znn-db-6cc48797cf to 1', 'dateevent': '2023-01-29 05:28:44+00:00', 'image': 'cmendes/znn:800k', 'replicas': 1, 'imageChanges': 0, 'replicasChanges': 1}

{'name': 'kube-znn.173eb074486e14f5', 'type': 'Normal', 'message': 'Scaled up replica set kube-znn-68bd9d6b5b to 1', 'dateevent': '2023-01-29 05:28:44+00:00', 'image': 'cmendes/znn:800k', 'replicas': 1, 'imageChanges': 0, 'replicasChanges': 1}

{'name': 'kube-znn.173eb14d7bac3fc4', 'type': 'Normal', 'message': 'Scaled up replica set kube-znn-68bd9d6b5b to 2', 'dateevent': '2023-01-29 05:44:17+00:00', 'image': 'cmendes/znn:800k', 'replicas': 2, 'imageChanges': 0, 'replicasChanges': 2}

{'name': 'kube-znn.173eb14e6567833f', 'type': 'Normal', 'message': 'Scaled up replica set kube-znn-68bd9d6b5b to 3', 'dateevent': '2023-01-29 05:44:21+00:00', 'image': 'cmendes/znn:800k', 'replicas': 3, 'imageChanges': 0, 'replicasChanges': 3}

{'name': 'kube-znn.173eb14f927d25db', 'type': 'Normal', 'message': 'Scaled up replica set kube-znn-68bd9d6b5b to 4', 'dateevent': '2023-01-29 05:44:26+00:00', 'image': 'cmendes/znn:800k', 'replicas': 4, 'imageChanges': 0, 'replicasChanges': 4}

{'name': 'kube-znn.173eb150b830873e', 'type': 'Normal', 'message': 'Scaled up replica set kube-znn-68bd9d6b5b to 5', 'dateevent': '2023-01-29 05:44:31+00:00', 'image': 'cmendes/znn:800k', 'replicas': 5, 'imageChanges': 0, 'replicasChanges': 5}

{'name': 'kube-znn.173eb151e0747b79', 'type': 'Normal', 'message': 'Scaled up replica set kube-znn-68bd9d6b5b to 6', 'dateevent': '2023-01-29 05:44:36+00:00', 'image': 'cmendes/znn:800k', 'replicas': 6, 'imageChanges': 0, 'replicasChanges': 6}

{'name': 'kube-znn.173eb1530d8edeeb', 'type': 'Normal', 'message': 'Scaled up replica set kube-znn-68bd9d6b5b to 7', 'dateevent': '2023-01-29 05:44:41+00:00', 'image': 'cmendes/znn:800k', 'replicas': 7, 'imageChanges': 0, 'replicasChanges': 7}

{'name': 'kube-znn.173eb15433b8bdb0', 'type': 'Normal', 'message': 'Scaled up replica set kube-znn-68bd9d6b5b to 8', 'dateevent': '2023-01-29 05:44:46+00:00', 'image': 'cmendes/znn:800k', 'replicas': 8, 'imageChanges': 0, 'replicasChanges': 8}

{'name': 'kube-znn.173eb1555eed8653', 'type': 'Normal', 'message': 'Scaled up replica set kube-znn-68bd9d6b5b to 9', 'dateevent': '2023-01-29 05:44:51+00:00', 'image': 'cmendes/znn:800k', 'replicas': 9, 'imageChanges': 0, 'replicasChanges': 9}

{'name': 'kube-znn.173eb15687abd57e', 'type': 'Normal', 'message': 'Scaled up replica set kube-znn-68bd9d6b5b to 10', 'dateevent': '2023-01-29 05:44:56+00:00', 'image': 'cmendes/znn:800k', 'replicas': 10, 'imageChanges': 0, 'replicasChanges': 10}

{'name': 'kube-znn.173eb157c4b7f0bf', 'type': 'Normal', 'message': '(combined from similar events): Scaled up replica set kube-znn-7cbbf89f8 to 3', 'dateevent': '2023-01-29 05:45:01+00:00', 'image': 'cmendes/znn:600k', 'replicas': 10, 'imageChanges': 1, 'replicasChanges': 10}

{'name': 'kube-znn.173eb157c4b7f0bf', 'type': 'Normal', 'message': '(combined from similar events): Scaled down replica set kube-znn-68bd9d6b5b to 8', 'dateevent': '2023-01-29 05:45:01+00:00', 'image': 'cmendes/znn:600k', 'replicas': 10, 'imageChanges': 1, 'replicasChanges': 10}

{'name': 'kube-znn.173eb157c4b7f0bf', 'type': 'Normal', 'message': '(combined from similar events): Scaled up replica set kube-znn-7cbbf89f8 to 5', 'dateevent': '2023-01-29 05:45:01+00:00', 'image': 'cmendes/znn:600k', 'replicas': 10, 'imageChanges': 1, 'replicasChanges': 10}

{'name': 'kube-znn.173eb157c4b7f0bf', 'type': 'Normal', 'message': '(combined from similar events): Scaled down replica set kube-znn-68bd9d6b5b to 7', 'dateevent': '2023-01-29 05:45:01+00:00', 'image': 'cmendes/znn:600k', 'replicas': 10, 'imageChanges': 1, 'replicasChanges': 10}

{'name': 'kube-znn.173eb157c4b7f0bf', 'type': 'Normal', 'message': '(combined from similar events): Scaled up replica set kube-znn-7cbbf89f8 to 6', 'dateevent': '2023-01-29 05:45:01+00:00', 'image': 'cmendes/znn:600k', 'replicas': 10, 'imageChanges': 1, 'replicasChanges': 10}

{'name': 'kube-znn.173eb157c4b7f0bf', 'type': 'Normal', 'message': '(combined from similar events): Scaled down replica set kube-znn-68bd9d6b5b to 3', 'dateevent': '2023-01-29 05:45:01+00:00', 'image': 'cmendes/znn:600k', 'replicas': 4, 'imageChanges': 1, 'replicasChanges': 11}

{'name': 'kube-znn.173eb157c4b7f0bf', 'type': 'Normal', 'message': '(combined from similar events): Scaled down replica set kube-znn-7cbbf89f8 to 2', 'dateevent': '2023-01-29 05:45:01+00:00', 'image': 'cmendes/znn:600k', 'replicas': 4, 'imageChanges': 1, 'replicasChanges': 11}

{'name': 'kube-znn.173eb157c4b7f0bf', 'type': 'Normal', 'message': '(combined from similar events): Scaled down replica set kube-znn-68bd9d6b5b to 2', 'dateevent': '2023-01-29 05:45:01+00:00', 'image': 'cmendes/znn:600k', 'replicas': 4, 'imageChanges': 1, 'replicasChanges': 11}

{'name': 'kube-znn.173eb15d3d036e2f', 'type': 'Normal', 'message': 'Scaled up replica set kube-znn-7cbbf89f8 to 3', 'dateevent': '2023-01-29 05:45:25+00:00', 'image': 'cmendes/znn:600k', 'replicas': 4, 'imageChanges': 1, 'replicasChanges': 11}

{'name': 'kube-znn.173eb157c4b7f0bf', 'type': 'Normal', 'message': '(combined from similar events): Scaled down replica set kube-znn-68bd9d6b5b to 1', 'dateevent': '2023-01-29 05:45:01+00:00', 'image': 'cmendes/znn:600k', 'replicas': 4, 'imageChanges': 1, 'replicasChanges': 11}

{'name': 'kube-znn.173eb157c4b7f0bf', 'type': 'Normal', 'message': '(combined from similar events): Scaled up replica set kube-znn-7cbbf89f8 to 4', 'dateevent': '2023-01-29 05:45:01+00:00', 'image': 'cmendes/znn:600k', 'replicas': 4, 'imageChanges': 1, 'replicasChanges': 11}

{'name': 'kube-znn.173eb157c4b7f0bf', 'type': 'Normal', 'message': '(combined from similar events): Scaled down replica set kube-znn-68bd9d6b5b to 0', 'dateevent': '2023-01-29 05:45:01+00:00', 'image': 'cmendes/znn:600k', 'replicas': 4, 'imageChanges': 1, 'replicasChanges': 11}

{'name': 'kube-znn.173eb157c4b7f0bf', 'type': 'Normal', 'message': '(combined from similar events): Scaled up replica set kube-znn-86cccc748b to 1', 'dateevent': '2023-01-29 05:45:01+00:00', 'image': 'cmendes/znn:200k', 'replicas': 4, 'imageChanges': 2, 'replicasChanges': 11}

{'name': 'kube-znn.173eb157c4b7f0bf', 'type': 'Normal', 'message': '(combined from similar events): Scaled down replica set kube-znn-7cbbf89f8 to 3', 'dateevent': '2023-01-29 05:45:01+00:00', 'image': 'cmendes/znn:200k', 'replicas': 4, 'imageChanges': 2, 'replicasChanges': 11}

{'name': 'kube-znn.173eb157c4b7f0bf', 'type': 'Normal', 'message': '(combined from similar events): Scaled up replica set kube-znn-86cccc748b to 2', 'dateevent': '2023-01-29 05:45:01+00:00', 'image': 'cmendes/znn:200k', 'replicas': 4, 'imageChanges': 2, 'replicasChanges': 11}

{'name': 'kube-znn.173eb1748aca9b93', 'type': 'Normal', 'message': 'Scaled down replica set kube-znn-7cbbf89f8 to 2', 'dateevent': '2023-01-29 05:47:05+00:00', 'image': 'cmendes/znn:200k', 'replicas': 4, 'imageChanges': 2, 'replicasChanges': 11}

Reading file: VersionA-Monolithic
Reading file: VersionB-MicroControllers
Reading file: VersionC-WithFailureManagerMetaController
Reading file: VersionC-ZTemp
