Reading file: automatingDataGeneration.sh
Reading file: BLong10_parte1
Reading file: BLong10_parte1.7z
Reading file: BLong10_parte2
Reading file: BLong10_parte2.7z
Reading file: BLong10_parte3
Reading file: BLong10_parte3.7z
Reading file: CLong10
Reading file: CLong10.7z
Reading file: CShort10
Reading file: CShort10.7z
Reading file: Evaluation-ZNN.7z
Reading file: fidelitya-5b8dd7f8c7-mm8rv_tracing_20230130_115818.log

fidelitya data

2023-01-30 14:59:17 : t0:lowerFidelity

2023-01-30 14:59:32 : t0:lowerFidelity

2023-01-30 14:59:47 : t0:lowerFidelity

2023-01-30 15:00:47 : t0:raiseFidelity

2023-01-30 15:00:52 : t0:raiseFidelity

2023-01-30 15:01:22 : t0:raiseFidelity

2023-01-30 15:01:27 : t0:raiseFidelity

2023-01-30 15:01:32 : t0:raiseFidelity

2023-01-30 15:01:37 : t0:raiseFidelity

2023-01-30 15:01:42 : t0:raiseFidelity

2023-01-30 15:01:47 : t0:raiseFidelity

2023-01-30 15:01:52 INFO  Rainbow:694 - Delegate: master[EXECUTOR]: Visiting execution leaf

2023-01-30 15:01:57 INFO  GuavaMasterReportingPort:35 - MODEL: Executing O[strategy-execution-KubeZnnSystem:Acme:ExecutionHistory/strategyExecutionState.null([KubeZnnSystem:Acme, AdapttionTree, ADAPTATION_EXECUTING, ])]

2023-01-30 15:02:02 : t0:raiseFidelity

2023-01-30 15:02:07 : t0:raiseFidelity

2023-01-30 15:02:12 : t0:raiseFidelity

2023-01-30 15:02:17 : t0:raiseFidelity

2023-01-30 15:02:22 : t0:raiseFidelity

2023-01-30 15:02:27 : t0:raiseFidelity

2023-01-30 15:02:32 : t0:raiseFidelity

2023-01-30 15:02:37 : t0:raiseFidelity

2023-01-30 15:02:42 : t0:raiseFidelity

2023-01-30 15:02:47 : t0:raiseFidelity

2023-01-30 15:02:52 : t0:raiseFidelity

2023-01-30 15:02:57 : t0:raiseFidelity

2023-01-30 15:03:02 : t0:raiseFidelity

2023-01-30 15:03:07 : t0:raiseFidelity

2023-01-30 15:03:12 : t0:raiseFidelity

2023-01-30 15:03:17 : t0:raiseFidelity

2023-01-30 15:03:22 : t0:raiseFidelity

2023-01-30 15:03:27 : t0:raiseFidelity

2023-01-30 15:03:32 : t0:raiseFidelity

2023-01-30 15:03:37 : t0:raiseFidelity

2023-01-30 15:03:42 : t0:raiseFidelity

2023-01-30 15:03:47 : t0:raiseFidelity

2023-01-30 15:03:52 : t0:raiseFidelity

2023-01-30 15:03:57 : t0:raiseFidelity

2023-01-30 15:04:02 INFO  Rainbow:694 - Delegate: master[MODEL]: Executing O[strategy-execution-KubeZnnSystem:Acme:ExecutionHistory/strategyExecutionState.null([KubeZnnSystem:Acme, AdapttionTree, ADAPTATION_EXECUTING, ])]

2023-01-30 15:04:07 : t0:raiseFidelity

2023-01-30 15:04:12 : t0:raiseFidelity

2023-01-30 15:04:17 : t0:raiseFidelity

2023-01-30 15:04:22 : t0:raiseFidelity

2023-01-30 15:04:27 : t0:raiseFidelity

2023-01-30 15:04:32 : t0:raiseFidelity

2023-01-30 15:04:37 : t0:raiseFidelity

2023-01-30 15:04:42 : t0:raiseFidelity

2023-01-30 15:04:47 : t0:raiseFidelity

2023-01-30 15:04:52 : t0:raiseFidelity

2023-01-30 15:04:57 : t0:raiseFidelity

2023-01-30 15:05:02 : t0:raiseFidelity

2023-01-30 15:05:07 : t0:raiseFidelity

2023-01-30 15:05:12 : t0:raiseFidelity

2023-01-30 15:05:17 : t0:raiseFidelity

2023-01-30 15:05:22 : t0:raiseFidelity

2023-01-30 15:05:27 : t0:raiseFidelity

2023-01-30 15:05:32 : t0:raiseFidelity

2023-01-30 15:05:37 : t0:raiseFidelity

2023-01-30 15:05:42 : t0:raiseFidelity

2023-01-30 15:05:47 : t0:raiseFidelity

2023-01-30 15:05:52 : t0:raiseFidelity

2023-01-30 15:05:57 : t0:raiseFidelity

2023-01-30 15:06:02 : t0:raiseFidelity

2023-01-30 15:06:07 : t0:raiseFidelity

2023-01-30 15:06:12 : t0:raiseFidelity

2023-01-30 15:06:17 : t0:raiseFidelity

2023-01-30 15:06:22 : t0:raiseFidelity

2023-01-30 15:06:27 : t0:raiseFidelity

2023-01-30 15:06:32 : t0:raiseFidelity

2023-01-30 15:06:37 : t0:raiseFidelity

2023-01-30 15:06:42 : t0:raiseFidelity

2023-01-30 15:06:47 : t0:raiseFidelity

2023-01-30 15:06:52 : t0:raiseFidelity

2023-01-30 15:06:57 : t0:raiseFidelity

Reading file: generateLogs2.sh
Reading file: k6-8fgq8_tracing_20230130_115818.log
Reading file: kube-state-metrics-6579fc54cc-fnk6z_tracing_20230130_115818.log
Reading file: README.md
Reading file: scalabilityb-66d698fc76-94wtd_tracing_20230130_115818.log

scalabilityb data

2023-01-30 14:59:53 : t0:removeHighScalability

2023-01-30 14:59:58 : t0:adjustReplicas

2023-01-30 15:01:23 : t0:removeReplica

2023-01-30 15:01:28 : t0:removeReplica

2023-01-30 15:01:33 : t0:removeReplica

2023-01-30 15:01:38 : t0:removeReplica

2023-01-30 15:01:43 : t0:removeReplica

2023-01-30 15:01:48 : t0:removeReplica

2023-01-30 15:01:53 : t0:removeReplica

2023-01-30 15:01:58 : t0:removeReplica

2023-01-30 15:02:03 : t0:removeReplica

2023-01-30 15:02:08 : t0:removeReplica

2023-01-30 15:02:13 : t0:removeReplica

2023-01-30 15:02:18 : t0:removeReplica

2023-01-30 15:02:23 : t0:removeReplica

2023-01-30 15:02:28 : t0:removeReplica

2023-01-30 15:02:33 : t0:removeReplica

2023-01-30 15:02:38 : t0:removeReplica

2023-01-30 15:02:43 : t0:removeReplica

2023-01-30 15:02:48 : t0:removeReplica

2023-01-30 15:02:53 : t0:removeReplica

2023-01-30 15:02:58 : t0:removeReplica

2023-01-30 15:03:03 : t0:removeReplica

2023-01-30 15:03:08 : t0:removeReplica

2023-01-30 15:03:13 : t0:removeReplica

2023-01-30 15:03:18 : t0:removeReplica

2023-01-30 15:03:23 : t0:removeReplica

2023-01-30 15:03:28 : t0:removeReplica

2023-01-30 15:03:33 : t0:removeReplica

2023-01-30 15:03:38 : t0:removeReplica

2023-01-30 15:03:43 : t0:removeReplica

2023-01-30 15:03:48 : t0:removeReplica

2023-01-30 15:03:53 : t0:removeReplica

2023-01-30 15:03:58 : t0:removeReplica

2023-01-30 15:04:03 : t0:removeReplica

2023-01-30 15:04:08 : t0:removeReplica

2023-01-30 15:04:13 : t0:removeReplica

2023-01-30 15:04:18 : t0:removeReplica

2023-01-30 15:04:23 : t0:removeReplica

2023-01-30 15:04:28 : t0:removeReplica

2023-01-30 15:04:33 : t0:removeReplica

2023-01-30 15:04:38 : t0:removeReplica

2023-01-30 15:04:43 : t0:removeReplica

2023-01-30 15:04:48 : t0:removeReplica

2023-01-30 15:04:53 : t0:removeReplica

2023-01-30 15:04:58 : t0:removeReplica

2023-01-30 15:05:03 : t0:removeReplica

2023-01-30 15:05:08 : t0:removeReplica

2023-01-30 15:05:13 : t0:removeReplica

2023-01-30 15:05:18 : t0:removeReplica

2023-01-30 15:05:23 : t0:removeReplica

2023-01-30 15:05:28 : t0:removeReplica

2023-01-30 15:05:33 : t0:removeReplica

2023-01-30 15:05:38 : t0:removeReplica

2023-01-30 15:05:43 : t0:removeReplica

2023-01-30 15:05:48 : t0:removeReplica

2023-01-30 15:05:53 : t0:removeReplica

2023-01-30 15:05:58 : t0:removeReplica

2023-01-30 15:06:03 : t0:removeReplica

2023-01-30 15:06:08 : t0:removeReplica

2023-01-30 15:06:13 : t0:removeReplica

2023-01-30 15:06:18 : t0:removeReplica

2023-01-30 15:06:23 : t0:removeReplica

2023-01-30 15:06:28 : t0:removeReplica

2023-01-30 15:06:33 : t0:removeReplica

2023-01-30 15:06:38 : t0:removeReplica

2023-01-30 15:06:43 : t0:removeReplica

2023-01-30 15:06:48 : t0:removeReplica

2023-01-30 15:06:53 : t0:removeReplica

2023-01-30 15:06:58 : t0:removeReplica

Reading file: summary-trace-znn.log
Reading file: temp
Reading file: temp2701
Reading file: test
Reading file: tools
Reading file: traceznn_20230130_115818.log

Trace znn data

{'name': 'kube-znn-db.173f1dbd84e8a8b7', 'type': 'Normal', 'message': 'Scaled up replica set kube-znn-db-558bb5dd64 to 1', 'dateevent': '2023-01-30 14:51:26+00:00', 'image': 'cmendes/znn:800k', 'replicas': 1, 'imageChanges': 0, 'replicasChanges': 1}

{'name': 'kube-znn.173f1dbd83b4edcf', 'type': 'Normal', 'message': 'Scaled up replica set kube-znn-744bbbc54b to 1', 'dateevent': '2023-01-30 14:51:26+00:00', 'image': 'cmendes/znn:800k', 'replicas': 1, 'imageChanges': 0, 'replicasChanges': 1}

{'name': 'kube-znn.173f1e20b0184bb9', 'type': 'Normal', 'message': 'Scaled up replica set kube-znn-744bbbc54b to 2', 'dateevent': '2023-01-30 14:58:32+00:00', 'image': 'cmendes/znn:800k', 'replicas': 2, 'imageChanges': 0, 'replicasChanges': 2}

{'name': 'kube-znn.173f1e218b42b6cb', 'type': 'Normal', 'message': 'Scaled up replica set kube-znn-744bbbc54b to 3', 'dateevent': '2023-01-30 14:58:35+00:00', 'image': 'cmendes/znn:800k', 'replicas': 3, 'imageChanges': 0, 'replicasChanges': 3}

{'name': 'kube-znn.173f1e22b5838130', 'type': 'Normal', 'message': 'Scaled up replica set kube-znn-744bbbc54b to 4', 'dateevent': '2023-01-30 14:58:40+00:00', 'image': 'cmendes/znn:800k', 'replicas': 4, 'imageChanges': 0, 'replicasChanges': 4}

{'name': 'kube-znn.173f1e23e0a8b1f9', 'type': 'Normal', 'message': 'Scaled up replica set kube-znn-744bbbc54b to 5', 'dateevent': '2023-01-30 14:58:45+00:00', 'image': 'cmendes/znn:800k', 'replicas': 5, 'imageChanges': 0, 'replicasChanges': 5}

{'name': 'kube-znn.173f1e2505624d69', 'type': 'Normal', 'message': 'Scaled up replica set kube-znn-744bbbc54b to 6', 'dateevent': '2023-01-30 14:58:50+00:00', 'image': 'cmendes/znn:800k', 'replicas': 6, 'imageChanges': 0, 'replicasChanges': 6}

{'name': 'kube-znn.173f1e262cbf6f6f', 'type': 'Normal', 'message': 'Scaled up replica set kube-znn-744bbbc54b to 7', 'dateevent': '2023-01-30 14:58:55+00:00', 'image': 'cmendes/znn:800k', 'replicas': 7, 'imageChanges': 0, 'replicasChanges': 7}

{'name': 'kube-znn.173f1e2758f6202e', 'type': 'Normal', 'message': 'Scaled up replica set kube-znn-744bbbc54b to 8', 'dateevent': '2023-01-30 14:59:00+00:00', 'image': 'cmendes/znn:800k', 'replicas': 8, 'imageChanges': 0, 'replicasChanges': 8}

{'name': 'kube-znn.173f1e2882f75ee9', 'type': 'Normal', 'message': 'Scaled up replica set kube-znn-744bbbc54b to 9', 'dateevent': '2023-01-30 14:59:05+00:00', 'image': 'cmendes/znn:800k', 'replicas': 9, 'imageChanges': 0, 'replicasChanges': 9}

{'name': 'kube-znn.173f1e29ad9c1998', 'type': 'Normal', 'message': '(combined from similar events): Scaled up replica set kube-znn-744bbbc54b to 10', 'dateevent': '2023-01-30 14:59:10+00:00', 'image': 'cmendes/znn:800k', 'replicas': 10, 'imageChanges': 0, 'replicasChanges': 10}

{'name': 'kube-znn.173f1e29ad9c1998', 'type': 'Normal', 'message': '(combined from similar events): Scaled up replica set kube-znn-5c95bd98fb to 3', 'dateevent': '2023-01-30 14:59:10+00:00', 'image': 'cmendes/znn:600k', 'replicas': 10, 'imageChanges': 1, 'replicasChanges': 10}

{'name': 'kube-znn.173f1e29ad9c1998', 'type': 'Normal', 'message': '(combined from similar events): Scaled down replica set kube-znn-744bbbc54b to 8', 'dateevent': '2023-01-30 14:59:10+00:00', 'image': 'cmendes/znn:600k', 'replicas': 10, 'imageChanges': 1, 'replicasChanges': 10}

{'name': 'kube-znn.173f1e29ad9c1998', 'type': 'Normal', 'message': '(combined from similar events): Scaled up replica set kube-znn-5c95bd98fb to 5', 'dateevent': '2023-01-30 14:59:10+00:00', 'image': 'cmendes/znn:600k', 'replicas': 10, 'imageChanges': 1, 'replicasChanges': 10}

{'name': 'kube-znn.173f1e29ad9c1998', 'type': 'Normal', 'message': '(combined from similar events): Scaled down replica set kube-znn-744bbbc54b to 3', 'dateevent': '2023-01-30 14:59:10+00:00', 'image': 'cmendes/znn:600k', 'replicas': 4, 'imageChanges': 1, 'replicasChanges': 11}

{'name': 'kube-znn.173f1e29ad9c1998', 'type': 'Normal', 'message': '(combined from similar events): Scaled down replica set kube-znn-5c95bd98fb to 2', 'dateevent': '2023-01-30 14:59:10+00:00', 'image': 'cmendes/znn:600k', 'replicas': 4, 'imageChanges': 1, 'replicasChanges': 11}

{'name': 'kube-znn.173f1e29ad9c1998', 'type': 'Normal', 'message': '(combined from similar events): Scaled down replica set kube-znn-744bbbc54b to 2', 'dateevent': '2023-01-30 14:59:10+00:00', 'image': 'cmendes/znn:600k', 'replicas': 4, 'imageChanges': 1, 'replicasChanges': 11}

{'name': 'kube-znn.173f1e3b1cc0821a', 'type': 'Normal', 'message': 'Scaled up replica set kube-znn-5c95bd98fb to 3', 'dateevent': '2023-01-30 15:00:25+00:00', 'image': 'cmendes/znn:600k', 'replicas': 4, 'imageChanges': 1, 'replicasChanges': 11}

{'name': 'kube-znn.173f1e29ad9c1998', 'type': 'Normal', 'message': '(combined from similar events): Scaled down replica set kube-znn-744bbbc54b to 1', 'dateevent': '2023-01-30 14:59:10+00:00', 'image': 'cmendes/znn:600k', 'replicas': 4, 'imageChanges': 1, 'replicasChanges': 11}

{'name': 'kube-znn.173f1e29ad9c1998', 'type': 'Normal', 'message': '(combined from similar events): Scaled up replica set kube-znn-5c95bd98fb to 4', 'dateevent': '2023-01-30 14:59:10+00:00', 'image': 'cmendes/znn:600k', 'replicas': 4, 'imageChanges': 1, 'replicasChanges': 11}

{'name': 'kube-znn.173f1e29ad9c1998', 'type': 'Normal', 'message': '(combined from similar events): Scaled down replica set kube-znn-744bbbc54b to 0', 'dateevent': '2023-01-30 14:59:10+00:00', 'image': 'cmendes/znn:600k', 'replicas': 4, 'imageChanges': 1, 'replicasChanges': 11}

{'name': 'kube-znn.173f1e29ad9c1998', 'type': 'Normal', 'message': '(combined from similar events): Scaled up replica set kube-znn-744bbbc54b to 1', 'dateevent': '2023-01-30 14:59:10+00:00', 'image': 'cmendes/znn:800k', 'replicas': 4, 'imageChanges': 2, 'replicasChanges': 11}

{'name': 'kube-znn.173f1e29ad9c1998', 'type': 'Normal', 'message': '(combined from similar events): Scaled down replica set kube-znn-5c95bd98fb to 3', 'dateevent': '2023-01-30 14:59:10+00:00', 'image': 'cmendes/znn:800k', 'replicas': 4, 'imageChanges': 2, 'replicasChanges': 11}

{'name': 'kube-znn.173f1e29ad9c1998', 'type': 'Normal', 'message': '(combined from similar events): Scaled up replica set kube-znn-744bbbc54b to 2', 'dateevent': '2023-01-30 14:59:10+00:00', 'image': 'cmendes/znn:800k', 'replicas': 4, 'imageChanges': 2, 'replicasChanges': 11}

{'name': 'kube-znn.173f1e29ad9c1998', 'type': 'Normal', 'message': '(combined from similar events): Scaled down replica set kube-znn-5c95bd98fb to 2', 'dateevent': '2023-01-30 14:59:10+00:00', 'image': 'cmendes/znn:800k', 'replicas': 4, 'imageChanges': 2, 'replicasChanges': 11}

{'name': 'kube-znn.173f1e29ad9c1998', 'type': 'Normal', 'message': '(combined from similar events): Scaled up replica set kube-znn-744bbbc54b to 3', 'dateevent': '2023-01-30 14:59:10+00:00', 'image': 'cmendes/znn:800k', 'replicas': 4, 'imageChanges': 2, 'replicasChanges': 11}

{'name': 'kube-znn.173f1e29ad9c1998', 'type': 'Normal', 'message': '(combined from similar events): Scaled down replica set kube-znn-5c95bd98fb to 1', 'dateevent': '2023-01-30 14:59:10+00:00', 'image': 'cmendes/znn:800k', 'replicas': 4, 'imageChanges': 2, 'replicasChanges': 11}

Reading file: VersionA-Monolithic
Reading file: VersionB-MicroControllers
Reading file: VersionC-WithFailureManagerMetaController
Reading file: VersionC-ZTemp
