Reading file: automatingDataGeneration.sh
Reading file: BLong10
Reading file: BLong10_parte1.7z
Reading file: BLong10_parte2.7z
Reading file: BLong10_parte3.7z
Reading file: CLong10
Reading file: CLong10.7z
Reading file: CShort10
Reading file: CShort10.7z
Reading file: Evaluation-ZNN.7z
Reading file: fidelitya-5b8dd7f8c7-q9bxr_tracing_20230130_200726.log

fidelitya data

2023-01-30 23:08:15 : t0:lowerFidelity

2023-01-30 23:08:30 : t0:lowerFidelity

2023-01-30 23:08:45 : t0:lowerFidelity

2023-01-30 23:09:00 : t0:lowerFidelity

2023-01-30 23:09:15 : t0:lowerFidelity

2023-01-30 23:09:25 : t0:lowerFidelity

2023-01-30 23:09:30 : t0:lowerFidelity

2023-01-30 23:09:35 : t0:lowerFidelity

2023-01-30 23:09:40 : t0:addLowQuality

2023-01-30 23:09:45 : t0:addLowQuality

2023-01-30 23:09:50 : t0:addLowQuality

2023-01-30 23:10:10 : t0:raiseFidelity

2023-01-30 23:10:15 : t0:raiseFidelity

2023-01-30 23:10:50 : t0:raiseFidelity

2023-01-30 23:10:55 : t0:raiseFidelity

2023-01-30 23:11:00 : t0:raiseFidelity

2023-01-30 23:11:05 : t0:raiseFidelity

2023-01-30 23:11:10 : t0:raiseFidelity

2023-01-30 23:11:15 : t0:raiseFidelity

2023-01-30 23:11:20 : t0:raiseFidelity

2023-01-30 23:11:25 : t0:raiseFidelity

2023-01-30 23:11:30 : t0:raiseFidelity

2023-01-30 23:11:35 : t0:raiseFidelity

2023-01-30 23:11:40 : t0:raiseFidelity

2023-01-30 23:11:45 : t0:raiseFidelity

2023-01-30 23:11:50 : t0:raiseFidelity

2023-01-30 23:11:55 : t0:raiseFidelity

2023-01-30 23:12:00 : t0:raiseFidelity

2023-01-30 23:12:05 : t0:raiseFidelity

2023-01-30 23:12:10 : t0:raiseFidelity

2023-01-30 23:12:15 : t0:raiseFidelity

2023-01-30 23:12:20 : t0:raiseFidelity

2023-01-30 23:12:25 : t0:raiseFidelity

2023-01-30 23:12:30 : t0:raiseFidelity

2023-01-30 23:12:35 : t0:raiseFidelity

2023-01-30 23:12:40 : t0:raiseFidelity

2023-01-30 23:12:45 : t0:raiseFidelity

2023-01-30 23:12:50 : t0:raiseFidelity

2023-01-30 23:12:55 : t0:raiseFidelity

2023-01-30 23:13:00 : t0:raiseFidelity

2023-01-30 23:13:05 : t0:raiseFidelity

2023-01-30 23:13:10 : t0:raiseFidelity

2023-01-30 23:13:15 : t0:raiseFidelity

2023-01-30 23:13:20 : t0:raiseFidelity

2023-01-30 23:13:25 : t0:raiseFidelity

2023-01-30 23:13:30 : t0:raiseFidelity

2023-01-30 23:13:35 : t0:raiseFidelity

2023-01-30 23:13:40 : t0:raiseFidelity

2023-01-30 23:13:45 : t0:raiseFidelity

2023-01-30 23:13:50 : t0:raiseFidelity

2023-01-30 23:13:55 : t0:raiseFidelity

2023-01-30 23:14:00 : t0:raiseFidelity

2023-01-30 23:14:05 : t0:raiseFidelity

2023-01-30 23:14:10 : t0:raiseFidelity

2023-01-30 23:14:15 : t0:raiseFidelity

2023-01-30 23:14:20 : t0:raiseFidelity

2023-01-30 23:14:25 : t0:raiseFidelity

2023-01-30 23:14:30 : t0:raiseFidelity

2023-01-30 23:14:35 : t0:raiseFidelity

2023-01-30 23:14:40 : t0:raiseFidelity

Reading file: fidelityb-67c8fc5999-mzs4z_tracing_20230130_200726.log

fidelityb data

Reading file: generateLogs120703
Reading file: generateLogs122741
Reading file: generateLogs124617
Reading file: generateLogs130307
Reading file: generateLogs131938
Reading file: generateLogs133541
Reading file: generateLogs135143
Reading file: generateLogs154208
Reading file: generateLogs160135
Reading file: generateLogs161929
Reading file: generateLogs163848
Reading file: generateLogs165709
Reading file: generateLogs171309
Reading file: generateLogs173945
Reading file: generateLogs180757
Reading file: generateLogs182726
Reading file: generateLogs185422
Reading file: generateLogs192616
Reading file: generateLogs194343
Reading file: generateLogs2.sh
Reading file: k6-kx48x_tracing_20230130_200726.log
Reading file: README.md
Reading file: scalabilitya-858689ddbc-rj8rt_tracing_20230130_200726.log

scalabilitya data

Reading file: scalabilityb-66d698fc76-sjj7z_tracing_20230130_200726.log

scalabilityb data

2023-01-30 23:10:14 : t0:removeReplica

2023-01-30 23:10:49 : t0:removeReplica

2023-01-30 23:10:54 : t0:removeReplica

2023-01-30 23:10:59 : t0:removeReplica

2023-01-30 23:11:04 : t0:removeReplica

2023-01-30 23:11:09 : t0:removeReplica

2023-01-30 23:11:14 : t0:removeReplica

2023-01-30 23:11:19 : t0:removeReplica

2023-01-30 23:11:24 : t0:removeReplica

2023-01-30 23:11:29 : t0:removeReplica

2023-01-30 23:11:34 : t0:removeReplica

2023-01-30 23:11:39 : t0:removeReplica

2023-01-30 23:11:44 : t0:removeReplica

2023-01-30 23:11:49 : t0:removeReplica

2023-01-30 23:11:54 : t0:removeReplica

2023-01-30 23:11:59 : t0:removeReplica

2023-01-30 23:12:04 : t0:removeReplica

2023-01-30 23:12:09 : t0:removeReplica

2023-01-30 23:12:14 : t0:removeReplica

2023-01-30 23:12:19 : t0:removeReplica

2023-01-30 23:12:24 : t0:removeReplica

2023-01-30 23:12:29 : t0:removeReplica

2023-01-30 23:12:34 : t0:removeReplica

2023-01-30 23:12:39 : t0:removeReplica

2023-01-30 23:12:44 : t0:removeReplica

2023-01-30 23:12:49 : t0:removeReplica

2023-01-30 23:12:54 : t0:removeReplica

2023-01-30 23:12:59 : t0:removeReplica

2023-01-30 23:13:04 : t0:removeReplica

2023-01-30 23:13:09 : t0:removeReplica

2023-01-30 23:13:14 : t0:removeReplica

2023-01-30 23:13:19 : t0:removeReplica

2023-01-30 23:13:24 : t0:removeReplica

2023-01-30 23:13:29 : t0:removeReplica

2023-01-30 23:13:34 : t0:removeReplica

2023-01-30 23:13:39 : t0:removeReplica

2023-01-30 23:13:44 : t0:removeReplica

2023-01-30 23:13:49 : t0:removeReplica

2023-01-30 23:13:54 : t0:removeReplica

2023-01-30 23:13:59 : t0:removeReplica

2023-01-30 23:14:04 : t0:removeReplica

2023-01-30 23:14:09 : t0:removeReplica

2023-01-30 23:14:14 : t0:removeReplica

2023-01-30 23:14:19 : t0:removeReplica

2023-01-30 23:14:24 : t0:removeReplica

2023-01-30 23:14:29 : t0:removeReplica

2023-01-30 23:14:34 : t0:removeReplica

2023-01-30 23:14:39 : t0:removeReplica

Reading file: summary-trace-znn.log
Reading file: temp
Reading file: temp2701
Reading file: test
Reading file: tools
Reading file: traceznn_20230130_200726.log

Trace znn data

{'name': 'kube-znn-db.173f37c068e18a81', 'type': 'Normal', 'message': 'Scaled up replica set kube-znn-db-558bb5dd64 to 1', 'dateevent': '2023-01-30 22:48:05+00:00', 'image': 'cmendes/znn:800k', 'replicas': 1, 'imageChanges': 0, 'replicasChanges': 1}

{'name': 'kube-znn.173f37c067ef4a55', 'type': 'Normal', 'message': 'Scaled up replica set kube-znn-744bbbc54b to 1', 'dateevent': '2023-01-30 22:48:05+00:00', 'image': 'cmendes/znn:800k', 'replicas': 1, 'imageChanges': 0, 'replicasChanges': 1}

{'name': 'kube-znn.173f38d00f24f8c3', 'type': 'Normal', 'message': 'Scaled up replica set kube-znn-744bbbc54b to 2', 'dateevent': '2023-01-30 23:07:32+00:00', 'image': 'cmendes/znn:800k', 'replicas': 2, 'imageChanges': 0, 'replicasChanges': 2}

{'name': 'kube-znn.173f38d0eba2d75b', 'type': 'Normal', 'message': 'Scaled up replica set kube-znn-744bbbc54b to 3', 'dateevent': '2023-01-30 23:07:36+00:00', 'image': 'cmendes/znn:800k', 'replicas': 3, 'imageChanges': 0, 'replicasChanges': 3}

{'name': 'kube-znn.173f38d2165beba3', 'type': 'Normal', 'message': 'Scaled up replica set kube-znn-744bbbc54b to 4', 'dateevent': '2023-01-30 23:07:41+00:00', 'image': 'cmendes/znn:800k', 'replicas': 4, 'imageChanges': 0, 'replicasChanges': 4}

{'name': 'kube-znn.173f38d33fd34dce', 'type': 'Normal', 'message': 'Scaled up replica set kube-znn-744bbbc54b to 5', 'dateevent': '2023-01-30 23:07:46+00:00', 'image': 'cmendes/znn:800k', 'replicas': 5, 'imageChanges': 0, 'replicasChanges': 5}

{'name': 'kube-znn.173f38d468dfa13f', 'type': 'Normal', 'message': 'Scaled up replica set kube-znn-744bbbc54b to 6', 'dateevent': '2023-01-30 23:07:51+00:00', 'image': 'cmendes/znn:800k', 'replicas': 6, 'imageChanges': 0, 'replicasChanges': 6}

{'name': 'kube-znn.173f38d592d30ae2', 'type': 'Normal', 'message': 'Scaled up replica set kube-znn-744bbbc54b to 7', 'dateevent': '2023-01-30 23:07:56+00:00', 'image': 'cmendes/znn:800k', 'replicas': 7, 'imageChanges': 0, 'replicasChanges': 7}

{'name': 'kube-znn.173f38d6bf18b361', 'type': 'Normal', 'message': 'Scaled up replica set kube-znn-744bbbc54b to 8', 'dateevent': '2023-01-30 23:08:01+00:00', 'image': 'cmendes/znn:800k', 'replicas': 8, 'imageChanges': 0, 'replicasChanges': 8}

{'name': 'kube-znn.173f38d7effe167d', 'type': 'Normal', 'message': 'Scaled up replica set kube-znn-744bbbc54b to 9', 'dateevent': '2023-01-30 23:08:06+00:00', 'image': 'cmendes/znn:800k', 'replicas': 9, 'imageChanges': 0, 'replicasChanges': 9}

{'name': 'kube-znn.173f38d91118960f', 'type': 'Normal', 'message': 'Scaled up replica set kube-znn-744bbbc54b to 10', 'dateevent': '2023-01-30 23:08:11+00:00', 'image': 'cmendes/znn:800k', 'replicas': 10, 'imageChanges': 0, 'replicasChanges': 10}

{'name': 'kube-znn.173f38da4731635f', 'type': 'Normal', 'message': '(combined from similar events): Scaled up replica set kube-znn-5c95bd98fb to 3', 'dateevent': '2023-01-30 23:08:16+00:00', 'image': 'cmendes/znn:600k', 'replicas': 10, 'imageChanges': 1, 'replicasChanges': 10}

{'name': 'kube-znn.173f38da4731635f', 'type': 'Normal', 'message': '(combined from similar events): Scaled down replica set kube-znn-744bbbc54b to 8', 'dateevent': '2023-01-30 23:08:16+00:00', 'image': 'cmendes/znn:600k', 'replicas': 10, 'imageChanges': 1, 'replicasChanges': 10}

{'name': 'kube-znn.173f38da4731635f', 'type': 'Normal', 'message': '(combined from similar events): Scaled up replica set kube-znn-5c95bd98fb to 5', 'dateevent': '2023-01-30 23:08:16+00:00', 'image': 'cmendes/znn:600k', 'replicas': 10, 'imageChanges': 1, 'replicasChanges': 10}

{'name': 'kube-znn.173f38da4731635f', 'type': 'Normal', 'message': '(combined from similar events): Scaled down replica set kube-znn-744bbbc54b to 5', 'dateevent': '2023-01-30 23:08:16+00:00', 'image': 'cmendes/znn:400k', 'replicas': 10, 'imageChanges': 2, 'replicasChanges': 10}

{'name': 'kube-znn.173f38da4731635f', 'type': 'Normal', 'message': '(combined from similar events): Scaled down replica set kube-znn-5c95bd98fb to 3', 'dateevent': '2023-01-30 23:08:16+00:00', 'image': 'cmendes/znn:400k', 'replicas': 10, 'imageChanges': 2, 'replicasChanges': 10}

{'name': 'kube-znn.173f38da4731635f', 'type': 'Normal', 'message': '(combined from similar events): Scaled up replica set kube-znn-549bfcf578 to 5', 'dateevent': '2023-01-30 23:08:16+00:00', 'image': 'cmendes/znn:400k', 'replicas': 10, 'imageChanges': 2, 'replicasChanges': 10}

{'name': 'kube-znn.173f38da4731635f', 'type': 'Normal', 'message': '(combined from similar events): Scaled down replica set kube-znn-744bbbc54b to 4', 'dateevent': '2023-01-30 23:08:16+00:00', 'image': 'cmendes/znn:600k', 'replicas': 10, 'imageChanges': 3, 'replicasChanges': 10}

{'name': 'kube-znn.173f38da4731635f', 'type': 'Normal', 'message': '(combined from similar events): Scaled down replica set kube-znn-549bfcf578 to 4', 'dateevent': '2023-01-30 23:08:16+00:00', 'image': 'cmendes/znn:600k', 'replicas': 10, 'imageChanges': 3, 'replicasChanges': 10}

{'name': 'kube-znn.173f38da4731635f', 'type': 'Normal', 'message': '(combined from similar events): Scaled up replica set kube-znn-5c95bd98fb to 5', 'dateevent': '2023-01-30 23:08:16+00:00', 'image': 'cmendes/znn:600k', 'replicas': 10, 'imageChanges': 3, 'replicasChanges': 10}

{'name': 'kube-znn.173f38da4731635f', 'type': 'Normal', 'message': '(combined from similar events): Scaled down replica set kube-znn-5c95bd98fb to 4', 'dateevent': '2023-01-30 23:08:16+00:00', 'image': 'cmendes/znn:400k', 'replicas': 10, 'imageChanges': 4, 'replicasChanges': 10}

{'name': 'kube-znn.173f38da4731635f', 'type': 'Normal', 'message': '(combined from similar events): Scaled up replica set kube-znn-549bfcf578 to 5', 'dateevent': '2023-01-30 23:08:16+00:00', 'image': 'cmendes/znn:400k', 'replicas': 10, 'imageChanges': 4, 'replicasChanges': 10}

{'name': 'kube-znn.173f38da4731635f', 'type': 'Normal', 'message': '(combined from similar events): Scaled down replica set kube-znn-549bfcf578 to 4', 'dateevent': '2023-01-30 23:08:16+00:00', 'image': 'cmendes/znn:600k', 'replicas': 10, 'imageChanges': 5, 'replicasChanges': 10}

{'name': 'kube-znn.173f38ec94012eaf', 'type': 'Normal', 'message': 'Scaled up replica set kube-znn-5c95bd98fb to 5', 'dateevent': '2023-01-30 23:09:35+00:00', 'image': 'cmendes/znn:600k', 'replicas': 10, 'imageChanges': 5, 'replicasChanges': 10}

{'name': 'kube-znn.173f38da4731635f', 'type': 'Normal', 'message': '(combined from similar events): Scaled down replica set kube-znn-5c95bd98fb to 4', 'dateevent': '2023-01-30 23:08:16+00:00', 'image': 'cmendes/znn:400k', 'replicas': 10, 'imageChanges': 6, 'replicasChanges': 10}

{'name': 'kube-znn.173f38ec9b4c1857', 'type': 'Normal', 'message': 'Scaled up replica set kube-znn-549bfcf578 to 5', 'dateevent': '2023-01-30 23:09:35+00:00', 'image': 'cmendes/znn:400k', 'replicas': 10, 'imageChanges': 6, 'replicasChanges': 10}

{'name': 'kube-znn.173f38da4731635f', 'type': 'Normal', 'message': '(combined from similar events): Scaled down replica set kube-znn-5c95bd98fb to 0', 'dateevent': '2023-01-30 23:08:16+00:00', 'image': 'cmendes/znn:800k', 'replicas': 10, 'imageChanges': 7, 'replicasChanges': 10}

Reading file: VersionA-Monolithic
Reading file: VersionB-MicroControllers
Reading file: VersionC-WithFailureManagerMetaController
Reading file: VersionC-ZTemp
