Reading file: automatingDataGeneration.sh
Reading file: BLong10
Reading file: BLong10_parte1.7z
Reading file: BLong10_parte2.7z
Reading file: BLong10_parte3.7z
Reading file: BShort10
Reading file: BShort10.7z
Reading file: CLong10
Reading file: CLong10.7z
Reading file: CShort10
Reading file: CShort10.7z
Reading file: Evaluation-ZNN.7z
Reading file: generateLogs140341
Reading file: generateLogs141805
Reading file: generateLogs144106
Reading file: generateLogs165212
Reading file: generateLogs170658
Reading file: generateLogs172134
Reading file: generateLogs2.sh
Reading file: k6-7b4wf_tracing_20230131_173118.log
Reading file: kubow-548bb5f4b4-n7jq8_tracing_20230131_173118.log

Kubow data

2023-01-31 20:31:24 : t0:addReplica

2023-01-31 20:31:29 : t0:addReplica

2023-01-31 20:31:34 : t0:addReplica

2023-01-31 20:31:39 : t0:addReplica

2023-01-31 20:31:44 : t0:addReplica

2023-01-31 20:31:49 : t0:addReplica

2023-01-31 20:31:54 : t0:addReplica

2023-01-31 20:31:59 : t0:addReplica

2023-01-31 20:32:04 : t0:addReplica

2023-01-31 20:32:09 : t1:lowerFidelity

2023-01-31 20:32:19 : t1:lowerFidelity

2023-01-31 20:32:24 : t0:activateLowScalabilityHighQuality

2023-01-31 20:32:49 : t0:addReplica

2023-01-31 20:32:54 : t0:addReplica

2023-01-31 20:32:59 : t0:addReplica

2023-01-31 20:33:04 : t0:addReplica

2023-01-31 20:33:09 : t0:addReplica

2023-01-31 20:33:14 : t0:addHighScalabilityHighQuality

2023-01-31 20:33:19 : t1:lowerFidelity

2023-01-31 20:33:24 : t0:addHighScalabilityHighQuality

2023-01-31 20:33:29 : t0:activateLowScalabilityHighQuality

2023-01-31 20:33:59 : t0:addHighScalabilityHighQuality

2023-01-31 20:34:04 : t0:addHighScalabilityHighQuality

2023-01-31 20:34:09 : t0:addHighScalabilityHighQuality

2023-01-31 20:34:14 : t0:addHighScalabilityHighQuality

2023-01-31 20:34:19 : t0:addHighScalabilityHighQuality

2023-01-31 20:34:24 : t0:addHighScalabilityHighQuality

2023-01-31 20:34:29 : t0:addHighScalabilityHighQuality

2023-01-31 20:34:34 : t0:addHighScalabilityHighQuality

2023-01-31 20:34:39 : t0:addHighScalabilityHighQuality

2023-01-31 20:34:44 : t0:removeReplica

2023-01-31 20:34:49 : t1:raiseFidelity

2023-01-31 20:35:09 : t0:addReplica

2023-01-31 20:35:14 : t0:addReplica

2023-01-31 20:35:19 : t0:addReplica

2023-01-31 20:35:24 : t0:addReplica

2023-01-31 20:35:29 : t0:addReplica

2023-01-31 20:35:34 : t0:addReplica

2023-01-31 20:35:39 : t0:addReplica

2023-01-31 20:35:44 : t0:addReplica

2023-01-31 20:35:49 : t0:addReplica

2023-01-31 20:35:54 : t1:lowerFidelity

2023-01-31 20:35:59 : t1:lowerFidelity

2023-01-31 20:36:04 : t1:lowerFidelity

2023-01-31 20:36:09 : t1:lowerFidelity

2023-01-31 20:36:14 : t1:lowerFidelity

2023-01-31 20:36:19 : t1:lowerFidelity

2023-01-31 20:36:24 INFO  Rainbow:694 - Delegate: master[EXECUTOR]: [[Rainbow Strategy Executor]]: Executing Strategy ImproveSlo

2023-01-31 20:36:29 : t1:lowerFidelity

2023-01-31 20:36:34 : t1:lowerFidelity

2023-01-31 20:36:39 : t1:lowerFidelity

2023-01-31 20:36:44 : t0:addLowScalabilityLowQuality

Reading file: metrics-server-5cf6f65ffd-hk647_tracing_20230131_173118.log
Reading file: README.md
Reading file: summary-trace-znn.log
Reading file: temp
Reading file: temp2701
Reading file: temp3101
Reading file: test
Reading file: tools
Reading file: traceznn_20230131_173118.log

Trace znn data

{'name': 'kube-znn-db.173f7e9c03d42406', 'type': 'Normal', 'message': 'Scaled up replica set kube-znn-db-6dd8968475 to 1', 'dateevent': '2023-01-31 20:26:34+00:00', 'image': 'cmendes/znn:800k', 'replicas': 1, 'imageChanges': 0, 'replicasChanges': 1}

{'name': 'kube-znn.173f7e9c02cb3f28', 'type': 'Normal', 'message': 'Scaled up replica set kube-znn-5fb97667db to 1', 'dateevent': '2023-01-31 20:26:34+00:00', 'image': 'cmendes/znn:800k', 'replicas': 1, 'imageChanges': 0, 'replicasChanges': 1}

{'name': 'kube-znn.173f7edfd4c49cb6', 'type': 'Normal', 'message': 'Scaled up replica set kube-znn-5fb97667db to 2', 'dateevent': '2023-01-31 20:31:26+00:00', 'image': 'cmendes/znn:800k', 'replicas': 2, 'imageChanges': 0, 'replicasChanges': 2}

{'name': 'kube-znn.173f7ee0b1440dbd', 'type': 'Normal', 'message': 'Scaled up replica set kube-znn-5fb97667db to 3', 'dateevent': '2023-01-31 20:31:29+00:00', 'image': 'cmendes/znn:800k', 'replicas': 3, 'imageChanges': 0, 'replicasChanges': 3}

{'name': 'kube-znn.173f7ee1db55ecad', 'type': 'Normal', 'message': 'Scaled up replica set kube-znn-5fb97667db to 4', 'dateevent': '2023-01-31 20:31:34+00:00', 'image': 'cmendes/znn:800k', 'replicas': 4, 'imageChanges': 0, 'replicasChanges': 4}

{'name': 'kube-znn.173f7ee302eeeb52', 'type': 'Normal', 'message': 'Scaled up replica set kube-znn-5fb97667db to 5', 'dateevent': '2023-01-31 20:31:39+00:00', 'image': 'cmendes/znn:800k', 'replicas': 5, 'imageChanges': 0, 'replicasChanges': 5}

{'name': 'kube-znn.173f7ee42a194103', 'type': 'Normal', 'message': 'Scaled up replica set kube-znn-5fb97667db to 6', 'dateevent': '2023-01-31 20:31:44+00:00', 'image': 'cmendes/znn:800k', 'replicas': 6, 'imageChanges': 0, 'replicasChanges': 6}

{'name': 'kube-znn.173f7ee5567bb4fd', 'type': 'Normal', 'message': 'Scaled up replica set kube-znn-5fb97667db to 7', 'dateevent': '2023-01-31 20:31:49+00:00', 'image': 'cmendes/znn:800k', 'replicas': 7, 'imageChanges': 0, 'replicasChanges': 7}

{'name': 'kube-znn.173f7ee67df0dd01', 'type': 'Normal', 'message': 'Scaled up replica set kube-znn-5fb97667db to 8', 'dateevent': '2023-01-31 20:31:54+00:00', 'image': 'cmendes/znn:800k', 'replicas': 8, 'imageChanges': 0, 'replicasChanges': 8}

{'name': 'kube-znn.173f7ee7a848a2e5', 'type': 'Normal', 'message': 'Scaled up replica set kube-znn-5fb97667db to 9', 'dateevent': '2023-01-31 20:31:59+00:00', 'image': 'cmendes/znn:800k', 'replicas': 9, 'imageChanges': 0, 'replicasChanges': 9}

{'name': 'kube-znn.173f7ee8d456ef15', 'type': 'Normal', 'message': '(combined from similar events): Scaled up replica set kube-znn-5fb97667db to 10', 'dateevent': '2023-01-31 20:32:04+00:00', 'image': 'cmendes/znn:800k', 'replicas': 10, 'imageChanges': 0, 'replicasChanges': 10}

{'name': 'kube-znn.173f7ee8d456ef15', 'type': 'Normal', 'message': '(combined from similar events): Scaled up replica set kube-znn-6978979d84 to 3', 'dateevent': '2023-01-31 20:32:04+00:00', 'image': 'cmendes/znn:600k', 'replicas': 10, 'imageChanges': 1, 'replicasChanges': 10}

{'name': 'kube-znn.173f7ee8d456ef15', 'type': 'Normal', 'message': '(combined from similar events): Scaled down replica set kube-znn-5fb97667db to 9', 'dateevent': '2023-01-31 20:32:04+00:00', 'image': 'cmendes/znn:600k', 'replicas': 10, 'imageChanges': 1, 'replicasChanges': 10}

{'name': 'kube-znn.173f7ee8d456ef15', 'type': 'Normal', 'message': '(combined from similar events): Scaled down replica set kube-znn-5fb97667db to 8', 'dateevent': '2023-01-31 20:32:04+00:00', 'image': 'cmendes/znn:600k', 'replicas': 10, 'imageChanges': 1, 'replicasChanges': 10}

{'name': 'kube-znn.173f7ee8d456ef15', 'type': 'Normal', 'message': '(combined from similar events): Scaled up replica set kube-znn-6978979d84 to 5', 'dateevent': '2023-01-31 20:32:04+00:00', 'image': 'cmendes/znn:600k', 'replicas': 10, 'imageChanges': 1, 'replicasChanges': 10}

{'name': 'kube-znn.173f7ee8d456ef15', 'type': 'Normal', 'message': '(combined from similar events): Scaled down replica set kube-znn-6978979d84 to 0', 'dateevent': '2023-01-31 20:32:04+00:00', 'image': 'cmendes/znn:400k', 'replicas': 10, 'imageChanges': 2, 'replicasChanges': 10}

{'name': 'kube-znn.173f7ee8d456ef15', 'type': 'Normal', 'message': '(combined from similar events): Scaled up replica set kube-znn-f8d56c578 to 5', 'dateevent': '2023-01-31 20:32:04+00:00', 'image': 'cmendes/znn:400k', 'replicas': 10, 'imageChanges': 2, 'replicasChanges': 10}

{'name': 'kube-znn.173f7ee8d456ef15', 'type': 'Normal', 'message': '(combined from similar events): Scaled down replica set kube-znn-5fb97667db to 4', 'dateevent': '2023-01-31 20:32:04+00:00', 'image': 'cmendes/znn:400k', 'replicas': 5, 'imageChanges': 2, 'replicasChanges': 11}

{'name': 'kube-znn.173f7ee8d456ef15', 'type': 'Normal', 'message': '(combined from similar events): Scaled down replica set kube-znn-f8d56c578 to 3', 'dateevent': '2023-01-31 20:32:04+00:00', 'image': 'cmendes/znn:400k', 'replicas': 5, 'imageChanges': 2, 'replicasChanges': 11}

{'name': 'kube-znn.173f7ee8d456ef15', 'type': 'Normal', 'message': '(combined from similar events): Scaled down replica set kube-znn-5fb97667db to 3', 'dateevent': '2023-01-31 20:32:04+00:00', 'image': 'cmendes/znn:400k', 'replicas': 5, 'imageChanges': 2, 'replicasChanges': 11}

{'name': 'kube-znn.173f7ee8d456ef15', 'type': 'Normal', 'message': '(combined from similar events): Scaled up replica set kube-znn-f8d56c578 to 4', 'dateevent': '2023-01-31 20:32:04+00:00', 'image': 'cmendes/znn:400k', 'replicas': 5, 'imageChanges': 2, 'replicasChanges': 11}

{'name': 'kube-znn.173f7ee8d456ef15', 'type': 'Normal', 'message': '(combined from similar events): Scaled down replica set kube-znn-5fb97667db to 2', 'dateevent': '2023-01-31 20:32:04+00:00', 'image': 'cmendes/znn:400k', 'replicas': 5, 'imageChanges': 2, 'replicasChanges': 11}

{'name': 'kube-znn.173f7ef05166536b', 'type': 'Normal', 'message': 'Scaled up replica set kube-znn-f8d56c578 to 5', 'dateevent': '2023-01-31 20:32:37+00:00', 'image': 'cmendes/znn:400k', 'replicas': 5, 'imageChanges': 2, 'replicasChanges': 11}

{'name': 'kube-znn.173f7ee8d456ef15', 'type': 'Normal', 'message': '(combined from similar events): Scaled down replica set kube-znn-5fb97667db to 1', 'dateevent': '2023-01-31 20:32:04+00:00', 'image': 'cmendes/znn:400k', 'replicas': 5, 'imageChanges': 2, 'replicasChanges': 11}

{'name': 'kube-znn.173f7ee8d456ef15', 'type': 'Normal', 'message': '(combined from similar events): Scaled down replica set kube-znn-5fb97667db to 0', 'dateevent': '2023-01-31 20:32:04+00:00', 'image': 'cmendes/znn:400k', 'replicas': 5, 'imageChanges': 2, 'replicasChanges': 11}

{'name': 'kube-znn.173f7ee8d456ef15', 'type': 'Normal', 'message': '(combined from similar events): Scaled up replica set kube-znn-6978979d84 to 2', 'dateevent': '2023-01-31 20:32:04+00:00', 'image': 'cmendes/znn:600k', 'replicas': 5, 'imageChanges': 3, 'replicasChanges': 11}

{'name': 'kube-znn.173f7ee8d456ef15', 'type': 'Normal', 'message': '(combined from similar events): Scaled down replica set kube-znn-f8d56c578 to 4', 'dateevent': '2023-01-31 20:32:04+00:00', 'image': 'cmendes/znn:600k', 'replicas': 5, 'imageChanges': 3, 'replicasChanges': 11}

{'name': 'kube-znn.173f7f243bebc34f', 'type': 'Normal', 'message': 'Scaled down replica set kube-znn-6978979d84 to 0', 'dateevent': '2023-01-31 20:36:34+00:00', 'image': 'cmendes/znn:400k', 'replicas': 10, 'imageChanges': 4, 'replicasChanges': 12}

Reading file: VersionA-Monolithic
Reading file: VersionB-MicroControllers
Reading file: VersionC-WithFailureManagerMetaController
Reading file: VersionC-ZTemp
