Reading file: automatingDataGeneration.sh
Reading file: BLong10_parte1
Reading file: BLong10_parte1.7z
Reading file: CLong10
Reading file: CLong10.7z
Reading file: CShort10
Reading file: CShort10.7z
Reading file: Evaluation-ZNN.7z
Reading file: fidelitya-5b8dd7f8c7-vdscp_tracing_20230130_015952.log

fidelitya data

2023-01-30 05:01:21 : t0:lowerFidelity

2023-01-30 05:01:36 : t0:lowerFidelity

2023-01-30 05:01:51 : t0:lowerFidelity

2023-01-30 05:03:51 : t0:removeLowQuality

2023-01-30 05:03:56 : t0:removeLowQuality

2023-01-30 05:04:01 : t0:removeLowQuality

2023-01-30 05:04:06 : t0:removeLowQuality

2023-01-30 05:04:11 : t0:removeLowQuality

2023-01-30 05:04:16 : t0:removeLowQuality

2023-01-30 05:04:21 : t0:removeLowQuality

2023-01-30 05:04:26 : t0:removeLowQuality

2023-01-30 05:04:31 : t0:raiseFidelity

2023-01-30 05:04:36 : t0:raiseFidelity

2023-01-30 05:04:41 : t0:removeLowQuality

2023-01-30 05:04:46 : t0:removeLowQuality

2023-01-30 05:05:11 : t0:removeLowQuality

2023-01-30 05:05:16 : t0:raiseFidelity

2023-01-30 05:05:21 : t0:raiseFidelity

2023-01-30 05:05:26 : t0:raiseFidelity

2023-01-30 05:05:31 : t0:raiseFidelity

2023-01-30 05:05:36 : t0:raiseFidelity

2023-01-30 05:05:41 : t0:raiseFidelity

2023-01-30 05:05:46 : t0:raiseFidelity

2023-01-30 05:05:51 : t0:raiseFidelity

2023-01-30 05:05:56 : t0:raiseFidelity

2023-01-30 05:06:01 : t0:raiseFidelity

2023-01-30 05:06:06 : t0:raiseFidelity

2023-01-30 05:06:11 : t0:raiseFidelity

2023-01-30 05:06:16 : t0:raiseFidelity

2023-01-30 05:06:21 : t0:raiseFidelity

2023-01-30 05:06:26 : t0:raiseFidelity

2023-01-30 05:06:31 : t0:raiseFidelity

2023-01-30 05:06:36 : t0:raiseFidelity

2023-01-30 05:06:41 : t0:raiseFidelity

2023-01-30 05:06:46 : t0:raiseFidelity

2023-01-30 05:06:51 : t0:raiseFidelity

2023-01-30 05:06:56 : t0:raiseFidelity

2023-01-30 05:07:01 : t0:raiseFidelity

2023-01-30 05:07:06 : t0:raiseFidelity

2023-01-30 05:07:11 : t0:raiseFidelity

2023-01-30 05:07:16 : t0:raiseFidelity

2023-01-30 05:07:21 : t0:raiseFidelity

2023-01-30 05:07:26 : t0:raiseFidelity

2023-01-30 05:07:31 : t0:raiseFidelity

2023-01-30 05:07:36 : t0:raiseFidelity

2023-01-30 05:07:41 : t0:raiseFidelity

2023-01-30 05:07:46 : t0:raiseFidelity

2023-01-30 05:07:51 : t0:raiseFidelity

2023-01-30 05:07:56 : t0:raiseFidelity

2023-01-30 05:08:01 : t0:raiseFidelity

2023-01-30 05:08:06 : t0:raiseFidelity

2023-01-30 05:08:11 : t0:raiseFidelity

2023-01-30 05:08:16 : t0:raiseFidelity

2023-01-30 05:08:21 : t0:raiseFidelity

2023-01-30 05:08:26 : t0:raiseFidelity

2023-01-30 05:08:31 : t0:raiseFidelity

2023-01-30 05:08:36 : t0:raiseFidelity

2023-01-30 05:08:41 : t0:raiseFidelity

2023-01-30 05:08:46 : t0:raiseFidelity

2023-01-30 05:08:51 : t0:raiseFidelity

2023-01-30 05:08:56 : t0:raiseFidelity

2023-01-30 05:09:01 : t0:raiseFidelity

2023-01-30 05:09:06 : t0:raiseFidelity

2023-01-30 05:09:11 : t0:raiseFidelity

2023-01-30 05:09:16 : t0:raiseFidelity

2023-01-30 05:09:21 : t0:raiseFidelity

2023-01-30 05:09:26 : t0:raiseFidelity

2023-01-30 05:09:31 : t0:raiseFidelity

2023-01-30 05:09:36 : t0:raiseFidelity

2023-01-30 05:09:41 : t0:raiseFidelity

2023-01-30 05:09:46 : t0:raiseFidelity

2023-01-30 05:09:51 : t0:raiseFidelity

2023-01-30 05:09:56 : t0:raiseFidelity

2023-01-30 05:10:01 : t0:raiseFidelity

2023-01-30 05:10:06 : t0:raiseFidelity

2023-01-30 05:10:11 : t0:raiseFidelity

2023-01-30 05:10:16 : t0:raiseFidelity

2023-01-30 05:10:21 : t0:raiseFidelity

2023-01-30 05:10:26 : t0:raiseFidelity

2023-01-30 05:10:31 : t0:raiseFidelity

2023-01-30 05:10:36 : t0:raiseFidelity

2023-01-30 05:10:41 : t0:raiseFidelity

2023-01-30 05:10:46 : t0:raiseFidelity

2023-01-30 05:10:51 : t0:raiseFidelity

2023-01-30 05:10:56 : t0:raiseFidelity

2023-01-30 05:11:01 : t0:raiseFidelity

2023-01-30 05:11:06 : t0:raiseFidelity

2023-01-30 05:11:11 : t0:raiseFidelity

2023-01-30 05:11:16 : t0:raiseFidelity

2023-01-30 05:11:21 : t0:raiseFidelity

Reading file: generateLogs004521
Reading file: generateLogs011246
Reading file: generateLogs014915
Reading file: generateLogs2.sh
Reading file: k6-hggn4_tracing_20230130_015952.log
Reading file: README.md
Reading file: scalabilityb-66d698fc76-r7dz2_tracing_20230130_015952.log

scalabilityb data

2023-01-30 05:01:52 : t0:removeHighScalability

2023-01-30 05:01:57 : t0:removeHighScalability

2023-01-30 05:02:02 : t0:removeHighScalability

2023-01-30 05:02:07 : t0:removeHighScalability

2023-01-30 05:02:12 : t0:removeHighScalability

2023-01-30 05:02:17 : t0:removeHighScalability

2023-01-30 05:02:22 : t0:removeHighScalability

2023-01-30 05:02:27 : t0:removeHighScalability

2023-01-30 05:02:32 : t0:removeHighScalability

2023-01-30 05:02:37 : t0:removeHighScalability

2023-01-30 05:02:42 : t0:removeHighScalability

2023-01-30 05:02:47 : t0:removeHighScalability

2023-01-30 05:02:52 : t0:removeHighScalability

2023-01-30 05:02:57 : t0:removeHighScalability

2023-01-30 05:03:02 : t0:removeHighScalability

2023-01-30 05:03:07 : t0:removeHighScalability

2023-01-30 05:03:12 : t0:removeHighScalability

2023-01-30 05:03:17 : t0:addHighScalability

2023-01-30 05:03:22 : t0:addHighScalability

2023-01-30 05:03:27 : t0:addHighScalability

2023-01-30 05:03:32 : t0:addHighScalability

2023-01-30 05:03:37 : t0:addHighScalability

2023-01-30 05:03:42 : t0:addHighScalability

2023-01-30 05:03:47 : t0:addHighScalability

2023-01-30 05:03:52 : t0:addHighScalability

2023-01-30 05:03:57 : t0:addHighScalability

2023-01-30 05:04:02 : t0:addHighScalability

2023-01-30 05:04:07 : t0:addHighScalability

2023-01-30 05:04:12 : t0:addHighScalability

2023-01-30 05:04:17 : t0:addHighScalability

2023-01-30 05:04:22 : t0:addHighScalability

2023-01-30 05:04:27 : t0:addHighScalability

2023-01-30 05:04:32 : t0:removeReplica

2023-01-30 05:04:37 : t0:removeReplica

2023-01-30 05:04:42 : t0:removeHighScalability

2023-01-30 05:04:47 : t0:removeHighScalability

2023-01-30 05:04:52 : t0:removeHighScalability

2023-01-30 05:04:57 : t0:removeHighScalability

2023-01-30 05:05:02 : t0:removeHighScalability

2023-01-30 05:05:07 : t0:removeHighScalability

2023-01-30 05:05:12 : t0:removeHighScalability

2023-01-30 05:05:17 : t0:removeReplica

2023-01-30 05:05:22 : t0:removeReplica

2023-01-30 05:05:27 : t0:removeReplica

2023-01-30 05:05:32 : t0:removeReplica

2023-01-30 05:05:37 : t0:removeReplica

2023-01-30 05:05:42 : t0:removeReplica

2023-01-30 05:05:47 : t0:removeReplica

2023-01-30 05:05:52 : t0:removeReplica

2023-01-30 05:05:57 : t0:removeReplica

2023-01-30 05:06:02 : t0:removeReplica

2023-01-30 05:06:07 : t0:removeReplica

2023-01-30 05:06:12 : t0:removeReplica

2023-01-30 05:06:17 : t0:removeReplica

2023-01-30 05:06:22 : t0:removeReplica

2023-01-30 05:06:27 : t0:removeReplica

2023-01-30 05:06:32 : t0:removeReplica

2023-01-30 05:06:37 : t0:removeReplica

2023-01-30 05:06:42 : t0:removeReplica

2023-01-30 05:06:47 : t0:removeReplica

2023-01-30 05:06:52 : t0:removeReplica

2023-01-30 05:06:57 : t0:removeReplica

2023-01-30 05:07:02 : t0:removeReplica

2023-01-30 05:07:07 : t0:removeReplica

2023-01-30 05:07:12 : t0:removeReplica

2023-01-30 05:07:17 : t0:removeReplica

2023-01-30 05:07:22 : t0:removeReplica

2023-01-30 05:07:27 : t0:removeReplica

2023-01-30 05:07:32 : t0:removeReplica

2023-01-30 05:07:37 : t0:removeReplica

2023-01-30 05:07:42 : t0:removeReplica

2023-01-30 05:07:47 : t0:removeReplica

2023-01-30 05:07:52 : t0:removeReplica

2023-01-30 05:07:57 : t0:removeReplica

2023-01-30 05:08:02 : t0:removeReplica

2023-01-30 05:08:07 : t0:removeReplica

2023-01-30 05:08:12 : t0:removeReplica

2023-01-30 05:08:17 : t0:removeReplica

2023-01-30 05:08:22 : t0:removeReplica

2023-01-30 05:08:27 : t0:removeReplica

2023-01-30 05:08:32 : t0:removeReplica

2023-01-30 05:08:37 : t0:removeReplica

2023-01-30 05:08:42 : t0:removeReplica

2023-01-30 05:08:47 : t0:removeReplica

2023-01-30 05:08:52 : t0:removeReplica

2023-01-30 05:08:57 : t0:removeReplica

2023-01-30 05:09:02 : t0:removeReplica

2023-01-30 05:09:07 : t0:removeReplica

2023-01-30 05:09:12 : t0:removeReplica

2023-01-30 05:09:17 : t0:removeReplica

2023-01-30 05:09:22 : t0:removeReplica

2023-01-30 05:09:27 : t0:removeReplica

2023-01-30 05:09:32 : t0:removeReplica

2023-01-30 05:09:37 : t0:removeReplica

2023-01-30 05:09:42 : t0:removeReplica

2023-01-30 05:09:47 : t0:removeReplica

2023-01-30 05:09:52 : t0:removeReplica

2023-01-30 05:09:57 : t0:removeReplica

2023-01-30 05:10:02 : t0:removeReplica

2023-01-30 05:10:07 : t0:removeReplica

2023-01-30 05:10:12 : t0:removeReplica

2023-01-30 05:10:17 : t0:removeReplica

2023-01-30 05:10:22 : t0:removeReplica

2023-01-30 05:10:27 : t0:removeReplica

2023-01-30 05:10:32 : t0:removeReplica

2023-01-30 05:10:37 : t0:removeReplica

2023-01-30 05:10:42 : t0:removeReplica

2023-01-30 05:10:47 : t0:removeReplica

2023-01-30 05:10:52 : t0:removeReplica

2023-01-30 05:10:57 : t0:removeReplica

2023-01-30 05:11:02 : t0:removeReplica

2023-01-30 05:11:07 : t0:removeReplica

2023-01-30 05:11:12 : t0:removeReplica

2023-01-30 05:11:17 : t0:removeReplica

2023-01-30 05:11:22 : t0:removeReplica

Reading file: scalabilityb-66d698fc76-rkkh4_tracing_20230130_015952.log

scalabilityb data

2023-01-30 05:01:54 : t0:removeHighScalability

2023-01-30 05:01:59 : t0:adjustReplicas

2023-01-30 05:03:39 : t0:addHighScalability

2023-01-30 05:03:44 : t0:addHighScalability

2023-01-30 05:03:49 : t0:addHighScalability

2023-01-30 05:03:54 : t0:addHighScalability

2023-01-30 05:03:59 : t0:addHighScalability

2023-01-30 05:04:04 : t0:addHighScalability

2023-01-30 05:04:09 : t0:addHighScalability

2023-01-30 05:04:14 : t0:addHighScalability

2023-01-30 05:04:19 : t0:addHighScalability

2023-01-30 05:04:24 : t0:addHighScalability

2023-01-30 05:04:29 : t0:addHighScalability

2023-01-30 05:04:34 : t0:removeReplica

2023-01-30 05:04:39 : t0:removeReplica

2023-01-30 05:04:44 : t0:removeHighScalability

2023-01-30 05:04:49 : t0:removeHighScalability

2023-01-30 05:04:54 : t0:removeHighScalability

2023-01-30 05:04:59 : t0:removeHighScalability

2023-01-30 05:05:04 : t0:removeHighScalability

2023-01-30 05:05:09 : t0:removeHighScalability

2023-01-30 05:05:14 : t0:removeReplica

2023-01-30 05:05:19 : t0:removeReplica

2023-01-30 05:05:24 : t0:removeReplica

2023-01-30 05:05:29 : t0:removeReplica

2023-01-30 05:05:34 : t0:removeReplica

2023-01-30 05:05:39 : t0:removeReplica

2023-01-30 05:05:44 : t0:removeReplica

2023-01-30 05:05:49 : t0:removeReplica

2023-01-30 05:05:54 : t0:removeReplica

2023-01-30 05:05:59 : t0:removeReplica

2023-01-30 05:06:04 : t0:removeReplica

2023-01-30 05:06:09 : t0:removeReplica

2023-01-30 05:06:14 : t0:removeReplica

2023-01-30 05:06:19 : t0:removeReplica

2023-01-30 05:06:24 : t0:removeReplica

2023-01-30 05:06:29 : t0:removeReplica

2023-01-30 05:06:34 : t0:removeReplica

2023-01-30 05:06:39 : t0:removeReplica

2023-01-30 05:06:44 : t0:removeReplica

2023-01-30 05:06:49 : t0:removeReplica

2023-01-30 05:06:54 : t0:removeReplica

2023-01-30 05:06:59 : t0:removeReplica

2023-01-30 05:07:04 : t0:removeReplica

2023-01-30 05:07:09 : t0:removeReplica

2023-01-30 05:07:14 : t0:removeReplica

2023-01-30 05:07:19 : t0:removeReplica

2023-01-30 05:07:24 : t0:removeReplica

2023-01-30 05:07:29 : t0:removeReplica

2023-01-30 05:07:34 : t0:removeReplica

2023-01-30 05:07:39 : t0:removeReplica

2023-01-30 05:07:44 : t0:removeReplica

2023-01-30 05:07:49 : t0:removeReplica

2023-01-30 05:07:54 : t0:removeReplica

2023-01-30 05:07:59 : t0:removeReplica

2023-01-30 05:08:04 : t0:removeReplica

2023-01-30 05:08:09 : t0:removeReplica

2023-01-30 05:08:14 : t0:removeReplica

2023-01-30 05:08:19 : t0:removeReplica

2023-01-30 05:08:24 : t0:removeReplica

2023-01-30 05:08:29 : t0:removeReplica

2023-01-30 05:08:34 : t0:removeReplica

2023-01-30 05:08:39 : t0:removeReplica

2023-01-30 05:08:44 : t0:removeReplica

2023-01-30 05:08:49 : t0:removeReplica

2023-01-30 05:08:54 : t0:removeReplica

2023-01-30 05:08:59 : t0:removeReplica

2023-01-30 05:09:04 : t0:removeReplica

2023-01-30 05:09:09 : t0:removeReplica

2023-01-30 05:09:14 : t0:removeReplica

2023-01-30 05:09:19 : t0:removeReplica

2023-01-30 05:09:24 : t0:removeReplica

2023-01-30 05:09:29 : t0:removeReplica

2023-01-30 05:09:34 : t0:removeReplica

2023-01-30 05:09:39 : t0:removeReplica

2023-01-30 05:09:44 : t0:removeReplica

2023-01-30 05:09:49 : t0:removeReplica

2023-01-30 05:09:54 : t0:removeReplica

2023-01-30 05:09:59 : t0:removeReplica

2023-01-30 05:10:04 : t0:removeReplica

2023-01-30 05:10:09 : t0:removeReplica

2023-01-30 05:10:14 : t0:removeReplica

2023-01-30 05:10:19 : t0:removeReplica

2023-01-30 05:10:24 : t0:removeReplica

2023-01-30 05:10:29 : t0:removeReplica

2023-01-30 05:10:34 : t0:removeReplica

2023-01-30 05:10:39 : t0:removeReplica

2023-01-30 05:10:44 : t0:removeReplica

2023-01-30 05:10:49 : t0:removeReplica

2023-01-30 05:10:54 : t0:removeReplica

2023-01-30 05:10:59 : t0:removeReplica

2023-01-30 05:11:04 : t0:removeReplica

2023-01-30 05:11:09 : t0:removeReplica

2023-01-30 05:11:14 : t0:removeReplica

2023-01-30 05:11:19 : t0:removeReplica

2023-01-30 05:11:24 : t0:removeReplica

Reading file: summary-trace-znn.log
Reading file: temp
Reading file: temp2701
Reading file: test
Reading file: tools
Reading file: traceznn_20230130_015952.log

Trace znn data

{'name': 'kube-znn-db.173efd1dba52e9c0', 'type': 'Normal', 'message': 'Scaled up replica set kube-znn-db-558bb5dd64 to 1', 'dateevent': '2023-01-30 04:53:35+00:00', 'image': 'cmendes/znn:800k', 'replicas': 1, 'imageChanges': 0, 'replicasChanges': 1}

{'name': 'kube-znn.173efd1db9790e5c', 'type': 'Normal', 'message': 'Scaled up replica set kube-znn-744bbbc54b to 1', 'dateevent': '2023-01-30 04:53:35+00:00', 'image': 'cmendes/znn:800k', 'replicas': 1, 'imageChanges': 0, 'replicasChanges': 1}

{'name': 'kube-znn.173efd78a893152f', 'type': 'Normal', 'message': 'Scaled up replica set kube-znn-744bbbc54b to 2', 'dateevent': '2023-01-30 05:00:06+00:00', 'image': 'cmendes/znn:800k', 'replicas': 2, 'imageChanges': 0, 'replicasChanges': 2}

{'name': 'kube-znn.173efd7aa409762c', 'type': 'Normal', 'message': 'Scaled up replica set kube-znn-744bbbc54b to 3', 'dateevent': '2023-01-30 05:00:14+00:00', 'image': 'cmendes/znn:800k', 'replicas': 3, 'imageChanges': 0, 'replicasChanges': 3}

{'name': 'kube-znn.173efd7cfc56641a', 'type': 'Normal', 'message': 'Scaled up replica set kube-znn-744bbbc54b to 4', 'dateevent': '2023-01-30 05:00:24+00:00', 'image': 'cmendes/znn:800k', 'replicas': 4, 'imageChanges': 0, 'replicasChanges': 4}

{'name': 'kube-znn.173efd7f509c0a1c', 'type': 'Normal', 'message': 'Scaled up replica set kube-znn-744bbbc54b to 5', 'dateevent': '2023-01-30 05:00:34+00:00', 'image': 'cmendes/znn:800k', 'replicas': 5, 'imageChanges': 0, 'replicasChanges': 5}

{'name': 'kube-znn.173efd81a1c8337b', 'type': 'Normal', 'message': 'Scaled up replica set kube-znn-744bbbc54b to 6', 'dateevent': '2023-01-30 05:00:44+00:00', 'image': 'cmendes/znn:800k', 'replicas': 6, 'imageChanges': 0, 'replicasChanges': 6}

{'name': 'kube-znn.173efd83f0e530f6', 'type': 'Normal', 'message': 'Scaled up replica set kube-znn-744bbbc54b to 7', 'dateevent': '2023-01-30 05:00:54+00:00', 'image': 'cmendes/znn:800k', 'replicas': 7, 'imageChanges': 0, 'replicasChanges': 7}

{'name': 'kube-znn.173efd851ce517f3', 'type': 'Normal', 'message': 'Scaled up replica set kube-znn-744bbbc54b to 8', 'dateevent': '2023-01-30 05:00:59+00:00', 'image': 'cmendes/znn:800k', 'replicas': 8, 'imageChanges': 0, 'replicasChanges': 8}

{'name': 'kube-znn.173efd864aaedc57', 'type': 'Normal', 'message': 'Scaled up replica set kube-znn-744bbbc54b to 9', 'dateevent': '2023-01-30 05:01:04+00:00', 'image': 'cmendes/znn:800k', 'replicas': 9, 'imageChanges': 0, 'replicasChanges': 9}

{'name': 'kube-znn.173efd889bb7c94d', 'type': 'Normal', 'message': '(combined from similar events): Scaled up replica set kube-znn-744bbbc54b to 10', 'dateevent': '2023-01-30 05:01:14+00:00', 'image': 'cmendes/znn:800k', 'replicas': 10, 'imageChanges': 0, 'replicasChanges': 10}

{'name': 'kube-znn.173efd889bb7c94d', 'type': 'Normal', 'message': '(combined from similar events): Scaled up replica set kube-znn-5c95bd98fb to 3', 'dateevent': '2023-01-30 05:01:14+00:00', 'image': 'cmendes/znn:600k', 'replicas': 10, 'imageChanges': 1, 'replicasChanges': 10}

{'name': 'kube-znn.173efd889bb7c94d', 'type': 'Normal', 'message': '(combined from similar events): Scaled down replica set kube-znn-744bbbc54b to 8', 'dateevent': '2023-01-30 05:01:14+00:00', 'image': 'cmendes/znn:600k', 'replicas': 10, 'imageChanges': 1, 'replicasChanges': 10}

{'name': 'kube-znn.173efd889bb7c94d', 'type': 'Normal', 'message': '(combined from similar events): Scaled up replica set kube-znn-5c95bd98fb to 5', 'dateevent': '2023-01-30 05:01:14+00:00', 'image': 'cmendes/znn:600k', 'replicas': 10, 'imageChanges': 1, 'replicasChanges': 10}

{'name': 'kube-znn.173efd889bb7c94d', 'type': 'Normal', 'message': '(combined from similar events): Scaled down replica set kube-znn-744bbbc54b to 3', 'dateevent': '2023-01-30 05:01:14+00:00', 'image': 'cmendes/znn:600k', 'replicas': 4, 'imageChanges': 1, 'replicasChanges': 11}

{'name': 'kube-znn.173efd889bb7c94d', 'type': 'Normal', 'message': '(combined from similar events): Scaled down replica set kube-znn-5c95bd98fb to 2', 'dateevent': '2023-01-30 05:01:14+00:00', 'image': 'cmendes/znn:600k', 'replicas': 4, 'imageChanges': 1, 'replicasChanges': 11}

{'name': 'kube-znn.173efd889bb7c94d', 'type': 'Normal', 'message': '(combined from similar events): Scaled down replica set kube-znn-744bbbc54b to 2', 'dateevent': '2023-01-30 05:01:14+00:00', 'image': 'cmendes/znn:600k', 'replicas': 4, 'imageChanges': 1, 'replicasChanges': 11}

{'name': 'kube-znn.173efd999c94ef28', 'type': 'Normal', 'message': 'Scaled up replica set kube-znn-5c95bd98fb to 3', 'dateevent': '2023-01-30 05:02:27+00:00', 'image': 'cmendes/znn:600k', 'replicas': 4, 'imageChanges': 1, 'replicasChanges': 11}

{'name': 'kube-znn.173efd889bb7c94d', 'type': 'Normal', 'message': '(combined from similar events): Scaled down replica set kube-znn-744bbbc54b to 1', 'dateevent': '2023-01-30 05:01:14+00:00', 'image': 'cmendes/znn:600k', 'replicas': 4, 'imageChanges': 1, 'replicasChanges': 11}

{'name': 'kube-znn.173efd889bb7c94d', 'type': 'Normal', 'message': '(combined from similar events): Scaled up replica set kube-znn-5c95bd98fb to 4', 'dateevent': '2023-01-30 05:01:14+00:00', 'image': 'cmendes/znn:600k', 'replicas': 4, 'imageChanges': 1, 'replicasChanges': 11}

{'name': 'kube-znn.173efd889bb7c94d', 'type': 'Normal', 'message': '(combined from similar events): Scaled down replica set kube-znn-744bbbc54b to 0', 'dateevent': '2023-01-30 05:01:14+00:00', 'image': 'cmendes/znn:600k', 'replicas': 4, 'imageChanges': 1, 'replicasChanges': 11}

{'name': 'kube-znn.173efd889bb7c94d', 'type': 'Normal', 'message': '(combined from similar events): Scaled up replica set kube-znn-744bbbc54b to 1', 'dateevent': '2023-01-30 05:01:14+00:00', 'image': 'cmendes/znn:800k', 'replicas': 4, 'imageChanges': 2, 'replicasChanges': 11}

{'name': 'kube-znn.173efd889bb7c94d', 'type': 'Normal', 'message': '(combined from similar events): Scaled down replica set kube-znn-5c95bd98fb to 3', 'dateevent': '2023-01-30 05:01:14+00:00', 'image': 'cmendes/znn:800k', 'replicas': 4, 'imageChanges': 2, 'replicasChanges': 11}

{'name': 'kube-znn.173efd889bb7c94d', 'type': 'Normal', 'message': '(combined from similar events): Scaled up replica set kube-znn-744bbbc54b to 2', 'dateevent': '2023-01-30 05:01:14+00:00', 'image': 'cmendes/znn:800k', 'replicas': 4, 'imageChanges': 2, 'replicasChanges': 11}

{'name': 'kube-znn.173efd889bb7c94d', 'type': 'Normal', 'message': '(combined from similar events): Scaled down replica set kube-znn-5c95bd98fb to 2', 'dateevent': '2023-01-30 05:01:14+00:00', 'image': 'cmendes/znn:800k', 'replicas': 4, 'imageChanges': 2, 'replicasChanges': 11}

{'name': 'kube-znn.173efd889bb7c94d', 'type': 'Normal', 'message': '(combined from similar events): Scaled up replica set kube-znn-744bbbc54b to 3', 'dateevent': '2023-01-30 05:01:14+00:00', 'image': 'cmendes/znn:800k', 'replicas': 4, 'imageChanges': 2, 'replicasChanges': 11}

{'name': 'kube-znn.173efd889bb7c94d', 'type': 'Normal', 'message': '(combined from similar events): Scaled down replica set kube-znn-5c95bd98fb to 1', 'dateevent': '2023-01-30 05:01:14+00:00', 'image': 'cmendes/znn:800k', 'replicas': 4, 'imageChanges': 2, 'replicasChanges': 11}

{'name': 'kube-znn.173efd889bb7c94d', 'type': 'Normal', 'message': '(combined from similar events): Scaled down replica set kube-znn-5c95bd98fb to 0', 'dateevent': '2023-01-30 05:01:14+00:00', 'image': 'cmendes/znn:800k', 'replicas': 4, 'imageChanges': 2, 'replicasChanges': 11}

Reading file: VersionA-Monolithic
Reading file: VersionB-MicroControllers
Reading file: VersionC-WithFailureManagerMetaController
Reading file: VersionC-ZTemp
