Reading file: automatingDataGeneration.sh
Reading file: BLong10
Reading file: BLong10_parte1.7z
Reading file: BLong10_parte2.7z
Reading file: BLong10_parte3.7z
Reading file: BShort10
Reading file: BShort10.7z
Reading file: CLong10
Reading file: CLong10.7z
Reading file: CShort10
Reading file: CShort10.7z
Reading file: Evaluation-ZNN.7z
Reading file: generateLogs140341
Reading file: generateLogs141805
Reading file: generateLogs144106
Reading file: generateLogs165212
Reading file: generateLogs2.sh
Reading file: k6-vhzvk_tracing_20230131_170056.log
Reading file: kubow-548bb5f4b4-2bpbc_tracing_20230131_170056.log

Kubow data

2023-01-31 20:01:36 : t0:addReplica

2023-01-31 20:01:41 : t0:addReplica

2023-01-31 20:01:46 : t0:addReplica

2023-01-31 20:01:51 : t0:addReplica

2023-01-31 20:01:56 : t0:addReplica

2023-01-31 20:02:01 : t0:addReplica

2023-01-31 20:02:06 : t0:addReplica

2023-01-31 20:02:11 : t0:addReplica

2023-01-31 20:02:16 : t0:addReplica

2023-01-31 20:02:21 : t1:lowerFidelity

2023-01-31 20:02:31 : t1:lowerFidelity

2023-01-31 20:02:36 : t1:lowerFidelity

2023-01-31 20:02:41 : t1:lowerFidelity

2023-01-31 20:02:46 : t1:lowerFidelity

2023-01-31 20:02:51 : t1:lowerFidelity

2023-01-31 20:02:56 : t1:lowerFidelity

2023-01-31 20:03:01 : t1:lowerFidelity

2023-01-31 20:03:06 : t1:lowerFidelity

2023-01-31 20:03:11 : t1:lowerFidelity

2023-01-31 20:03:16 : t1:lowerFidelity

2023-01-31 20:03:21 : t0:addLowScalabilityLowQuality

2023-01-31 20:04:06 : t1:raiseFidelity

2023-01-31 20:04:11 : t1:raiseFidelity

2023-01-31 20:04:51 : t0:addHighScalabilityHighQuality

2023-01-31 20:04:56 : t1:raiseFidelity

2023-01-31 20:05:01 : t1:raiseFidelity

2023-01-31 20:05:06 : t0:addHighScalabilityHighQuality

2023-01-31 20:05:11 : t0:addReplica

2023-01-31 20:05:16 : t0:addReplica

2023-01-31 20:05:21 : t0:addReplica

2023-01-31 20:05:26 : t0:addReplica

2023-01-31 20:05:31 : t0:addReplica

2023-01-31 20:05:36 : t1:lowerFidelity

2023-01-31 20:05:41 : t1:lowerFidelity

2023-01-31 20:05:46 : t1:lowerFidelity

2023-01-31 20:05:51 : t1:lowerFidelity

2023-01-31 20:05:56 : t1:lowerFidelity

2023-01-31 20:06:01 : t1:lowerFidelity

2023-01-31 20:06:06 : t1:lowerFidelity

2023-01-31 20:06:11 : t1:lowerFidelity

2023-01-31 20:06:16 : t1:lowerFidelity

2023-01-31 20:06:21 : t1:lowerFidelity

2023-01-31 20:06:26 : t1:lowerFidelity

2023-01-31 20:06:31 : t1:lowerFidelity

2023-01-31 20:06:36 : t1:lowerFidelity

2023-01-31 20:06:41 : t1:lowerFidelity

2023-01-31 20:06:46 : t0:addLowScalabilityLowQuality

Reading file: nginx-ingress-8558d96667-hszk6_tracing_20230131_170056.log
Reading file: README.md
Reading file: summary-trace-znn.log
Reading file: temp
Reading file: temp2701
Reading file: temp3101
Reading file: test
Reading file: tools
Reading file: traceznn_20230131_170056.log

Trace znn data

{'name': 'kube-znn-db.173f7cf9fa350870', 'type': 'Normal', 'message': 'Scaled up replica set kube-znn-db-6dd8968475 to 1', 'dateevent': '2023-01-31 19:56:39+00:00', 'image': 'cmendes/znn:800k', 'replicas': 1, 'imageChanges': 0, 'replicasChanges': 1}

{'name': 'kube-znn.173f7cf9f8948ee6', 'type': 'Normal', 'message': 'Scaled up replica set kube-znn-5fb97667db to 1', 'dateevent': '2023-01-31 19:56:39+00:00', 'image': 'cmendes/znn:800k', 'replicas': 1, 'imageChanges': 0, 'replicasChanges': 1}

{'name': 'kube-znn.173f7d3f66bd9865', 'type': 'Normal', 'message': 'Scaled up replica set kube-znn-5fb97667db to 2', 'dateevent': '2023-01-31 20:01:37+00:00', 'image': 'cmendes/znn:800k', 'replicas': 2, 'imageChanges': 0, 'replicasChanges': 2}

{'name': 'kube-znn.173f7d4042c2cb9b', 'type': 'Normal', 'message': 'Scaled up replica set kube-znn-5fb97667db to 3', 'dateevent': '2023-01-31 20:01:41+00:00', 'image': 'cmendes/znn:800k', 'replicas': 3, 'imageChanges': 0, 'replicasChanges': 3}

{'name': 'kube-znn.173f7d41692bec37', 'type': 'Normal', 'message': 'Scaled up replica set kube-znn-5fb97667db to 4', 'dateevent': '2023-01-31 20:01:46+00:00', 'image': 'cmendes/znn:800k', 'replicas': 4, 'imageChanges': 0, 'replicasChanges': 4}

{'name': 'kube-znn.173f7d4291cc3837', 'type': 'Normal', 'message': 'Scaled up replica set kube-znn-5fb97667db to 5', 'dateevent': '2023-01-31 20:01:51+00:00', 'image': 'cmendes/znn:800k', 'replicas': 5, 'imageChanges': 0, 'replicasChanges': 5}

{'name': 'kube-znn.173f7d43bd8cbdd1', 'type': 'Normal', 'message': 'Scaled up replica set kube-znn-5fb97667db to 6', 'dateevent': '2023-01-31 20:01:56+00:00', 'image': 'cmendes/znn:800k', 'replicas': 6, 'imageChanges': 0, 'replicasChanges': 6}

{'name': 'kube-znn.173f7d44e68aac41', 'type': 'Normal', 'message': 'Scaled up replica set kube-znn-5fb97667db to 7', 'dateevent': '2023-01-31 20:02:01+00:00', 'image': 'cmendes/znn:800k', 'replicas': 7, 'imageChanges': 0, 'replicasChanges': 7}

{'name': 'kube-znn.173f7d461014d68f', 'type': 'Normal', 'message': 'Scaled up replica set kube-znn-5fb97667db to 8', 'dateevent': '2023-01-31 20:02:06+00:00', 'image': 'cmendes/znn:800k', 'replicas': 8, 'imageChanges': 0, 'replicasChanges': 8}

{'name': 'kube-znn.173f7d473b80a85e', 'type': 'Normal', 'message': 'Scaled up replica set kube-znn-5fb97667db to 9', 'dateevent': '2023-01-31 20:02:11+00:00', 'image': 'cmendes/znn:800k', 'replicas': 9, 'imageChanges': 0, 'replicasChanges': 9}

{'name': 'kube-znn.173f7d486468e01d', 'type': 'Normal', 'message': '(combined from similar events): Scaled up replica set kube-znn-5fb97667db to 10', 'dateevent': '2023-01-31 20:02:16+00:00', 'image': 'cmendes/znn:800k', 'replicas': 10, 'imageChanges': 0, 'replicasChanges': 10}

{'name': 'kube-znn.173f7d486468e01d', 'type': 'Normal', 'message': '(combined from similar events): Scaled up replica set kube-znn-6978979d84 to 3', 'dateevent': '2023-01-31 20:02:16+00:00', 'image': 'cmendes/znn:600k', 'replicas': 10, 'imageChanges': 1, 'replicasChanges': 10}

{'name': 'kube-znn.173f7d486468e01d', 'type': 'Normal', 'message': '(combined from similar events): Scaled down replica set kube-znn-5fb97667db to 8', 'dateevent': '2023-01-31 20:02:16+00:00', 'image': 'cmendes/znn:600k', 'replicas': 10, 'imageChanges': 1, 'replicasChanges': 10}

{'name': 'kube-znn.173f7d486468e01d', 'type': 'Normal', 'message': '(combined from similar events): Scaled up replica set kube-znn-6978979d84 to 5', 'dateevent': '2023-01-31 20:02:16+00:00', 'image': 'cmendes/znn:600k', 'replicas': 10, 'imageChanges': 1, 'replicasChanges': 10}

{'name': 'kube-znn.173f7d486468e01d', 'type': 'Normal', 'message': '(combined from similar events): Scaled down replica set kube-znn-5fb97667db to 7', 'dateevent': '2023-01-31 20:02:16+00:00', 'image': 'cmendes/znn:600k', 'replicas': 10, 'imageChanges': 1, 'replicasChanges': 10}

{'name': 'kube-znn.173f7d486468e01d', 'type': 'Normal', 'message': '(combined from similar events): Scaled up replica set kube-znn-6978979d84 to 6', 'dateevent': '2023-01-31 20:02:16+00:00', 'image': 'cmendes/znn:600k', 'replicas': 10, 'imageChanges': 1, 'replicasChanges': 10}

{'name': 'kube-znn.173f7d486468e01d', 'type': 'Normal', 'message': '(combined from similar events): Scaled down replica set kube-znn-5fb97667db to 6', 'dateevent': '2023-01-31 20:02:16+00:00', 'image': 'cmendes/znn:600k', 'replicas': 10, 'imageChanges': 1, 'replicasChanges': 10}

{'name': 'kube-znn.173f7d486468e01d', 'type': 'Normal', 'message': '(combined from similar events): Scaled up replica set kube-znn-6978979d84 to 7', 'dateevent': '2023-01-31 20:02:16+00:00', 'image': 'cmendes/znn:600k', 'replicas': 10, 'imageChanges': 1, 'replicasChanges': 10}

{'name': 'kube-znn.173f7d486468e01d', 'type': 'Normal', 'message': '(combined from similar events): Scaled down replica set kube-znn-6978979d84 to 2', 'dateevent': '2023-01-31 20:02:16+00:00', 'image': 'cmendes/znn:400k', 'replicas': 10, 'imageChanges': 2, 'replicasChanges': 10}

{'name': 'kube-znn.173f7d486468e01d', 'type': 'Normal', 'message': '(combined from similar events): Scaled up replica set kube-znn-f8d56c578 to 5', 'dateevent': '2023-01-31 20:02:16+00:00', 'image': 'cmendes/znn:400k', 'replicas': 10, 'imageChanges': 2, 'replicasChanges': 10}

{'name': 'kube-znn.173f7d486468e01d', 'type': 'Normal', 'message': '(combined from similar events): Scaled down replica set kube-znn-f8d56c578 to 0', 'dateevent': '2023-01-31 20:02:16+00:00', 'image': 'cmendes/znn:600k', 'replicas': 10, 'imageChanges': 3, 'replicasChanges': 10}

{'name': 'kube-znn.173f7d4d0dba4363', 'type': 'Normal', 'message': 'Scaled up replica set kube-znn-6978979d84 to 7', 'dateevent': '2023-01-31 20:02:36+00:00', 'image': 'cmendes/znn:600k', 'replicas': 10, 'imageChanges': 3, 'replicasChanges': 10}

{'name': 'kube-znn.173f7d4d1c3d6628', 'type': 'Normal', 'message': 'Scaled down replica set kube-znn-6978979d84 to 2', 'dateevent': '2023-01-31 20:02:36+00:00', 'image': 'cmendes/znn:400k', 'replicas': 10, 'imageChanges': 4, 'replicasChanges': 10}

{'name': 'kube-znn.173f7d4d1d2b159c', 'type': 'Normal', 'message': 'Scaled up replica set kube-znn-f8d56c578 to 5', 'dateevent': '2023-01-31 20:02:36+00:00', 'image': 'cmendes/znn:400k', 'replicas': 10, 'imageChanges': 4, 'replicasChanges': 10}

{'name': 'kube-znn.173f7d486468e01d', 'type': 'Normal', 'message': '(combined from similar events): Scaled down replica set kube-znn-f8d56c578 to 0', 'dateevent': '2023-01-31 20:02:16+00:00', 'image': 'cmendes/znn:600k', 'replicas': 10, 'imageChanges': 5, 'replicasChanges': 10}

{'name': 'kube-znn.173f7d4d0dba4363', 'type': 'Normal', 'message': 'Scaled up replica set kube-znn-6978979d84 to 7', 'dateevent': '2023-01-31 20:02:36+00:00', 'image': 'cmendes/znn:600k', 'replicas': 10, 'imageChanges': 5, 'replicasChanges': 10}

{'name': 'kube-znn.173f7d4d1c3d6628', 'type': 'Normal', 'message': 'Scaled down replica set kube-znn-6978979d84 to 2', 'dateevent': '2023-01-31 20:02:36+00:00', 'image': 'cmendes/znn:400k', 'replicas': 10, 'imageChanges': 6, 'replicasChanges': 10}

{'name': 'kube-znn.173f7d508bc856cd', 'type': 'Normal', 'message': 'Scaled down replica set kube-znn-f8d56c578 to 0', 'dateevent': '2023-01-31 20:06:41+00:00', 'image': 'cmendes/znn:600k', 'replicas': 10, 'imageChanges': 7, 'replicasChanges': 10}

Reading file: VersionA-Monolithic
Reading file: VersionB-MicroControllers
Reading file: VersionC-WithFailureManagerMetaController
Reading file: VersionC-ZTemp
