Reading file: automatingDataGeneration.sh
Reading file: BLong10
Reading file: BLong10_parte1.7z
Reading file: BLong10_parte2.7z
Reading file: BLong10_parte3.7z
Reading file: BShort10
Reading file: BShort10.7z
Reading file: CLong10
Reading file: CLong10.7z
Reading file: CShort10
Reading file: CShort10.7z
Reading file: Evaluation-ZNN.7z
Reading file: fidelityb-67c8fc5999-fss8d_tracing_20230131_065719.log

fidelityb data

2023-01-31 10:00:06 : t0:removeHighQuality

2023-01-31 10:00:11 : t0:removeHighQuality

2023-01-31 10:00:41 : t0:raiseFidelity

2023-01-31 10:00:46 : t0:raiseFidelity

2023-01-31 10:01:16 : t0:raiseFidelity

2023-01-31 10:01:21 : t0:raiseFidelity

2023-01-31 10:01:26 : t0:raiseFidelity

2023-01-31 10:01:31 : t0:raiseFidelity

2023-01-31 10:01:36 : t0:raiseFidelity

2023-01-31 10:01:41 : t0:raiseFidelity

2023-01-31 10:01:46 : t0:raiseFidelity

2023-01-31 10:01:51 : t0:raiseFidelity

2023-01-31 10:02:26 : t0:raiseFidelity

2023-01-31 10:02:31 : t0:raiseFidelity

2023-01-31 10:02:36 : t0:raiseFidelity

2023-01-31 10:02:41 : t0:raiseFidelity

2023-01-31 10:02:46 : t0:raiseFidelity

2023-01-31 10:02:51 : t0:raiseFidelity

2023-01-31 10:02:56 : t0:raiseFidelity

2023-01-31 10:03:01 : t0:raiseFidelity

2023-01-31 10:03:06 : t0:raiseFidelity

2023-01-31 10:03:11 : t0:raiseFidelity

2023-01-31 10:03:16 : t0:raiseFidelity

2023-01-31 10:03:21 : t0:raiseFidelity

2023-01-31 10:03:26 INFO  Rainbow:694 - Delegate: master[EXECUTOR]: Visiting execution leaf

2023-01-31 10:03:31 : t0:raiseFidelity

2023-01-31 10:03:36 : t0:raiseFidelity

2023-01-31 10:03:41 : t0:raiseFidelity

2023-01-31 10:03:46 : t0:raiseFidelity

2023-01-31 10:03:51 : t0:raiseFidelity

2023-01-31 10:03:56 : t0:raiseFidelity

2023-01-31 10:04:01 : t0:raiseFidelity

2023-01-31 10:04:06 : t0:raiseFidelity

2023-01-31 10:04:11 : t0:raiseFidelity

2023-01-31 10:04:16 : t0:raiseFidelity

2023-01-31 10:04:21 : t0:raiseFidelity

2023-01-31 10:04:26 : t0:raiseFidelity

2023-01-31 10:04:31 : t0:raiseFidelity

2023-01-31 10:04:36 : t0:raiseFidelity

2023-01-31 10:04:41 : t0:raiseFidelity

2023-01-31 10:04:46 : t0:raiseFidelity

2023-01-31 10:04:51 : t0:raiseFidelity

2023-01-31 10:04:56 : t0:raiseFidelity

2023-01-31 10:05:01 : t0:raiseFidelity

2023-01-31 10:05:06 : t0:raiseFidelity

2023-01-31 10:05:11 : t0:raiseFidelity

2023-01-31 10:05:16 : t0:raiseFidelity

2023-01-31 10:05:21 : t0:raiseFidelity

2023-01-31 10:05:26 : t0:raiseFidelity

2023-01-31 10:05:31 : t0:raiseFidelity

2023-01-31 10:05:36 : t0:raiseFidelity

2023-01-31 10:05:41 : t0:raiseFidelity

2023-01-31 10:05:46 : t0:raiseFidelity

2023-01-31 10:05:51 : t0:raiseFidelity

2023-01-31 10:05:56 : t0:raiseFidelity

2023-01-31 10:06:01 : t0:raiseFidelity

2023-01-31 10:06:06 : t0:raiseFidelity

2023-01-31 10:06:11 : t0:raiseFidelity

2023-01-31 10:06:16 : t0:raiseFidelity

2023-01-31 10:06:21 : t0:raiseFidelity

2023-01-31 10:06:26 : t0:raiseFidelity

2023-01-31 10:06:31 : t0:raiseFidelity

2023-01-31 10:06:36 : t0:raiseFidelity

2023-01-31 10:06:41 : t0:raiseFidelity

2023-01-31 10:06:46 : t0:raiseFidelity

2023-01-31 10:06:51 : t0:raiseFidelity

2023-01-31 10:06:56 : t0:raiseFidelity

2023-01-31 10:07:01 : t0:raiseFidelity

2023-01-31 10:07:06 : t0:raiseFidelity

2023-01-31 10:07:11 : t0:raiseFidelity

2023-01-31 10:07:16 : t0:raiseFidelity

2023-01-31 10:07:21 : t0:raiseFidelity

2023-01-31 10:07:26 : t0:raiseFidelity

2023-01-31 10:07:31 : t0:raiseFidelity

2023-01-31 10:07:36 : t0:raiseFidelity

2023-01-31 10:07:41 : t0:raiseFidelity

2023-01-31 10:07:46 : t0:raiseFidelity

Reading file: generateLogs001506
Reading file: generateLogs004452
Reading file: generateLogs010914
Reading file: generateLogs013758
Reading file: generateLogs015943
Reading file: generateLogs023320
Reading file: generateLogs030632
Reading file: generateLogs032357
Reading file: generateLogs034829
Reading file: generateLogs041225
Reading file: generateLogs044038
Reading file: generateLogs050203
Reading file: generateLogs054414
Reading file: generateLogs055827
Reading file: generateLogs063714
Reading file: generateLogs2.sh
Reading file: generateLogs225909
Reading file: generateLogs232306
Reading file: generateLogs234622
Reading file: k6-vr8qc_tracing_20230131_065719.log
Reading file: README.md
Reading file: scalabilitya-858689ddbc-9mhx2_tracing_20230131_065719.log

scalabilitya data

2023-01-31 10:00:38 : t0:removeReplica

2023-01-31 10:01:43 : t0:removeReplica

2023-01-31 10:01:48 : t0:removeReplica

Reading file: scalabilityb-66d698fc76-49c9m_tracing_20230131_065719.log

scalabilityb data

2023-01-31 10:00:04 : t0:removeReplica

2023-01-31 10:00:39 : t0:removeReplica

2023-01-31 10:00:44 : t0:removeReplica

2023-01-31 10:01:14 : t0:removeReplica

2023-01-31 10:01:19 : t0:removeReplica

2023-01-31 10:01:24 : t0:removeReplica

2023-01-31 10:01:29 : t0:removeReplica

2023-01-31 10:01:34 : t0:removeReplica

2023-01-31 10:01:39 : t0:removeReplica

2023-01-31 10:01:44 : t0:removeReplica

2023-01-31 10:01:49 : t0:removeReplica

Reading file: summary-trace-znn.log
Reading file: temp
Reading file: temp2701
Reading file: test
Reading file: tools
Reading file: traceznn_20230131_065719.log

Trace znn data

{'name': 'kube-znn-db.173f5b70f525a92d', 'type': 'Normal', 'message': 'Scaled up replica set kube-znn-db-558bb5dd64 to 1', 'dateevent': '2023-01-31 09:42:07+00:00', 'image': 'cmendes/znn:800k', 'replicas': 1, 'imageChanges': 0, 'replicasChanges': 1}

{'name': 'kube-znn.173f5b70f42ecff5', 'type': 'Normal', 'message': 'Scaled up replica set kube-znn-744bbbc54b to 1', 'dateevent': '2023-01-31 09:42:07+00:00', 'image': 'cmendes/znn:800k', 'replicas': 1, 'imageChanges': 0, 'replicasChanges': 1}

{'name': 'kube-znn.173f5c48d0520ed4', 'type': 'Normal', 'message': 'Scaled up replica set kube-znn-744bbbc54b to 2', 'dateevent': '2023-01-31 09:57:34+00:00', 'image': 'cmendes/znn:800k', 'replicas': 2, 'imageChanges': 0, 'replicasChanges': 2}

{'name': 'kube-znn.173f5c49a6c01dfd', 'type': 'Normal', 'message': 'Scaled up replica set kube-znn-744bbbc54b to 3', 'dateevent': '2023-01-31 09:57:37+00:00', 'image': 'cmendes/znn:800k', 'replicas': 3, 'imageChanges': 0, 'replicasChanges': 3}

{'name': 'kube-znn.173f5c4ad15ee7b0', 'type': 'Normal', 'message': 'Scaled up replica set kube-znn-744bbbc54b to 4', 'dateevent': '2023-01-31 09:57:42+00:00', 'image': 'cmendes/znn:800k', 'replicas': 4, 'imageChanges': 0, 'replicasChanges': 4}

{'name': 'kube-znn.173f5c4bfb5deb83', 'type': 'Normal', 'message': 'Scaled up replica set kube-znn-744bbbc54b to 5', 'dateevent': '2023-01-31 09:57:47+00:00', 'image': 'cmendes/znn:800k', 'replicas': 5, 'imageChanges': 0, 'replicasChanges': 5}

{'name': 'kube-znn.173f5c4d23fa2e31', 'type': 'Normal', 'message': 'Scaled up replica set kube-znn-744bbbc54b to 6', 'dateevent': '2023-01-31 09:57:52+00:00', 'image': 'cmendes/znn:800k', 'replicas': 6, 'imageChanges': 0, 'replicasChanges': 6}

{'name': 'kube-znn.173f5c4e4bfeeb3a', 'type': 'Normal', 'message': 'Scaled up replica set kube-znn-744bbbc54b to 7', 'dateevent': '2023-01-31 09:57:57+00:00', 'image': 'cmendes/znn:800k', 'replicas': 7, 'imageChanges': 0, 'replicasChanges': 7}

{'name': 'kube-znn.173f5c4f75c70c73', 'type': 'Normal', 'message': 'Scaled up replica set kube-znn-744bbbc54b to 8', 'dateevent': '2023-01-31 09:58:02+00:00', 'image': 'cmendes/znn:800k', 'replicas': 8, 'imageChanges': 0, 'replicasChanges': 8}

{'name': 'kube-znn.173f5c50a1babdab', 'type': 'Normal', 'message': 'Scaled up replica set kube-znn-744bbbc54b to 9', 'dateevent': '2023-01-31 09:58:07+00:00', 'image': 'cmendes/znn:800k', 'replicas': 9, 'imageChanges': 0, 'replicasChanges': 9}

{'name': 'kube-znn.173f5c51ca21dd0e', 'type': 'Normal', 'message': 'Scaled up replica set kube-znn-744bbbc54b to 10', 'dateevent': '2023-01-31 09:58:12+00:00', 'image': 'cmendes/znn:800k', 'replicas': 10, 'imageChanges': 0, 'replicasChanges': 10}

{'name': 'kube-znn.173f5c54616903ee', 'type': 'Normal', 'message': '(combined from similar events): Scaled up replica set kube-znn-5c95bd98fb to 3', 'dateevent': '2023-01-31 09:58:23+00:00', 'image': 'cmendes/znn:600k', 'replicas': 10, 'imageChanges': 1, 'replicasChanges': 10}

{'name': 'kube-znn.173f5c54616903ee', 'type': 'Normal', 'message': '(combined from similar events): Scaled down replica set kube-znn-744bbbc54b to 8', 'dateevent': '2023-01-31 09:58:23+00:00', 'image': 'cmendes/znn:600k', 'replicas': 10, 'imageChanges': 1, 'replicasChanges': 10}

{'name': 'kube-znn.173f5c54616903ee', 'type': 'Normal', 'message': '(combined from similar events): Scaled up replica set kube-znn-5c95bd98fb to 5', 'dateevent': '2023-01-31 09:58:23+00:00', 'image': 'cmendes/znn:600k', 'replicas': 10, 'imageChanges': 1, 'replicasChanges': 10}

{'name': 'kube-znn.173f5c54616903ee', 'type': 'Normal', 'message': '(combined from similar events): Scaled down replica set kube-znn-744bbbc54b to 3', 'dateevent': '2023-01-31 09:58:23+00:00', 'image': 'cmendes/znn:600k', 'replicas': 4, 'imageChanges': 1, 'replicasChanges': 11}

{'name': 'kube-znn.173f5c54616903ee', 'type': 'Normal', 'message': '(combined from similar events): Scaled down replica set kube-znn-5c95bd98fb to 2', 'dateevent': '2023-01-31 09:58:23+00:00', 'image': 'cmendes/znn:600k', 'replicas': 4, 'imageChanges': 1, 'replicasChanges': 11}

{'name': 'kube-znn.173f5c54616903ee', 'type': 'Normal', 'message': '(combined from similar events): Scaled down replica set kube-znn-744bbbc54b to 2', 'dateevent': '2023-01-31 09:58:23+00:00', 'image': 'cmendes/znn:600k', 'replicas': 4, 'imageChanges': 1, 'replicasChanges': 11}

{'name': 'kube-znn.173f5c724c304bb1', 'type': 'Normal', 'message': 'Scaled up replica set kube-znn-5c95bd98fb to 3', 'dateevent': '2023-01-31 10:00:32+00:00', 'image': 'cmendes/znn:600k', 'replicas': 4, 'imageChanges': 1, 'replicasChanges': 11}

{'name': 'kube-znn.173f5c54616903ee', 'type': 'Normal', 'message': '(combined from similar events): Scaled down replica set kube-znn-5c95bd98fb to 1', 'dateevent': '2023-01-31 09:58:23+00:00', 'image': 'cmendes/znn:200k', 'replicas': 4, 'imageChanges': 2, 'replicasChanges': 11}

{'name': 'kube-znn.173f5c54616903ee', 'type': 'Normal', 'message': '(combined from similar events): Scaled up replica set kube-znn-66c9c7d544 to 2', 'dateevent': '2023-01-31 09:58:23+00:00', 'image': 'cmendes/znn:200k', 'replicas': 4, 'imageChanges': 2, 'replicasChanges': 11}

{'name': 'kube-znn.173f5c54616903ee', 'type': 'Normal', 'message': '(combined from similar events): Scaled down replica set kube-znn-744bbbc54b to 1', 'dateevent': '2023-01-31 09:58:23+00:00', 'image': 'cmendes/znn:200k', 'replicas': 4, 'imageChanges': 2, 'replicasChanges': 11}

{'name': 'kube-znn.173f5c54616903ee', 'type': 'Normal', 'message': '(combined from similar events): Scaled up replica set kube-znn-66c9c7d544 to 3', 'dateevent': '2023-01-31 09:58:23+00:00', 'image': 'cmendes/znn:200k', 'replicas': 4, 'imageChanges': 2, 'replicasChanges': 11}

{'name': 'kube-znn.173f5c54616903ee', 'type': 'Normal', 'message': '(combined from similar events): Scaled down replica set kube-znn-744bbbc54b to 0', 'dateevent': '2023-01-31 09:58:23+00:00', 'image': 'cmendes/znn:200k', 'replicas': 4, 'imageChanges': 2, 'replicasChanges': 11}

{'name': 'kube-znn.173f5c54616903ee', 'type': 'Normal', 'message': '(combined from similar events): Scaled up replica set kube-znn-66c9c7d544 to 4', 'dateevent': '2023-01-31 09:58:23+00:00', 'image': 'cmendes/znn:200k', 'replicas': 4, 'imageChanges': 2, 'replicasChanges': 11}

{'name': 'kube-znn.173f5c54616903ee', 'type': 'Normal', 'message': '(combined from similar events): Scaled down replica set kube-znn-5c95bd98fb to 0', 'dateevent': '2023-01-31 09:58:23+00:00', 'image': 'cmendes/znn:200k', 'replicas': 4, 'imageChanges': 2, 'replicasChanges': 11}

{'name': 'kube-znn.173f5c54616903ee', 'type': 'Normal', 'message': '(combined from similar events): Scaled down replica set kube-znn-66c9c7d544 to 3', 'dateevent': '2023-01-31 09:58:23+00:00', 'image': 'cmendes/znn:200k', 'replicas': 3, 'imageChanges': 2, 'replicasChanges': 12}

{'name': 'kube-znn.173f5c54616903ee', 'type': 'Normal', 'message': '(combined from similar events): Scaled down replica set kube-znn-66c9c7d544 to 2', 'dateevent': '2023-01-31 09:58:23+00:00', 'image': 'cmendes/znn:200k', 'replicas': 2, 'imageChanges': 2, 'replicasChanges': 13}

Reading file: VersionA-Monolithic
Reading file: VersionB-MicroControllers
Reading file: VersionC-WithFailureManagerMetaController
Reading file: VersionC-ZTemp
