Reading file: automatingDataGeneration.sh
Reading file: BLong10
Reading file: BLong10_parte1.7z
Reading file: BLong10_parte2.7z
Reading file: BLong10_parte3.7z
Reading file: BShort10
Reading file: BShort10.7z
Reading file: CLong10
Reading file: CLong10.7z
Reading file: CShort10
Reading file: CShort10.7z
Reading file: Evaluation-ZNN.7z
Reading file: fidelitya-5b8dd7f8c7-m5d4c_tracing_20230131_012920.log

fidelitya data

2023-01-31 04:30:13 : t0:lowerFidelity

2023-01-31 04:30:28 : t0:lowerFidelity

2023-01-31 04:30:43 : t0:lowerFidelity

2023-01-31 04:30:58 : t0:lowerFidelity

2023-01-31 04:31:13 : t0:lowerFidelity

2023-01-31 04:31:28 : t0:lowerFidelity

2023-01-31 04:31:38 : t0:lowerFidelity

2023-01-31 04:31:43 : t0:raiseFidelity

2023-01-31 04:32:18 : t0:raiseFidelity

2023-01-31 04:32:23 : t0:raiseFidelity

2023-01-31 04:32:28 : t0:raiseFidelity

2023-01-31 04:32:33 : t0:raiseFidelity

2023-01-31 04:32:38 : t0:raiseFidelity

2023-01-31 04:32:43 : t0:raiseFidelity

2023-01-31 04:32:48 : t0:raiseFidelity

2023-01-31 04:32:53 : t0:raiseFidelity

2023-01-31 04:32:58 : t0:raiseFidelity

2023-01-31 04:33:03 : t0:raiseFidelity

2023-01-31 04:33:08 : t0:raiseFidelity

2023-01-31 04:33:13 : t0:raiseFidelity

2023-01-31 04:33:18 : t0:raiseFidelity

2023-01-31 04:33:23 : t0:raiseFidelity

2023-01-31 04:33:28 : t0:raiseFidelity

2023-01-31 04:33:33 : t0:raiseFidelity

2023-01-31 04:33:38 : t0:raiseFidelity

2023-01-31 04:33:43 : t0:raiseFidelity

2023-01-31 04:33:48 : t0:raiseFidelity

2023-01-31 04:33:53 : t0:raiseFidelity

2023-01-31 04:33:58 : t0:raiseFidelity

2023-01-31 04:34:03 : t0:raiseFidelity

2023-01-31 04:34:08 : t0:raiseFidelity

2023-01-31 04:34:13 : t0:raiseFidelity

2023-01-31 04:34:18 : t0:raiseFidelity

2023-01-31 04:34:23 : t0:raiseFidelity

2023-01-31 04:34:28 : t0:raiseFidelity

2023-01-31 04:34:33 : t0:raiseFidelity

2023-01-31 04:34:38 : t0:raiseFidelity

2023-01-31 04:34:43 : t0:raiseFidelity

2023-01-31 04:34:48 : t0:raiseFidelity

2023-01-31 04:34:53 : t0:raiseFidelity

2023-01-31 04:34:58 : t0:raiseFidelity

2023-01-31 04:35:03 : t0:raiseFidelity

2023-01-31 04:35:08 : t0:raiseFidelity

2023-01-31 04:35:13 : t0:raiseFidelity

2023-01-31 04:35:18 : t0:raiseFidelity

2023-01-31 04:35:23 : t0:raiseFidelity

2023-01-31 04:35:28 : t0:raiseFidelity

2023-01-31 04:35:33 : t0:raiseFidelity

2023-01-31 04:35:38 : t0:raiseFidelity

2023-01-31 04:35:43 : t0:raiseFidelity

2023-01-31 04:35:48 : t0:raiseFidelity

2023-01-31 04:35:53 : t0:raiseFidelity

2023-01-31 04:35:58 : t0:raiseFidelity

2023-01-31 04:36:03 INFO  Rainbow:694 - Delegate: master[MODEL]: Executing O[strategy-execution-KubeZnnSystem:Acme:ExecutionHistory/strategyExecutionState.null([KubeZnnSystem:Acme, AdapttionTree, ADAPTATION_EXECUTING, ])]

2023-01-31 04:36:08 : t0:raiseFidelity

2023-01-31 04:36:13 : t0:raiseFidelity

2023-01-31 04:36:18 : t0:raiseFidelity

2023-01-31 04:36:23 INFO  Rainbow:694 - Delegate: master[MODEL]: Executing O[strategy-execution-KubeZnnSystem:Acme:ExecutionHistory/strategyExecutionState.null([KubeZnnSystem:Acme, AdapttionTree, ADAPTATION_EXECUTING, ])]

2023-01-31 04:36:28 : t0:raiseFidelity

2023-01-31 04:36:33 INFO  GuavaMasterReportingPort:36 - 

2023-01-31 04:36:38 : t0:raiseFidelity

2023-01-31 04:36:43 : t0:raiseFidelity

2023-01-31 04:36:48 : t0:raiseFidelity

2023-01-31 04:36:53 : t0:raiseFidelity

2023-01-31 04:36:58 : t0:raiseFidelity

2023-01-31 04:37:03 INFO  Rainbow:694 - Delegate: master[MODEL]: Executing O[strategy-execution-KubeZnnSystem:Acme:ExecutionHistory/strategyExecutionState.null([KubeZnnSystem:Acme, AdapttionTree, ADAPTATION_EXECUTING, ])]

2023-01-31 04:37:08 : t0:raiseFidelity

2023-01-31 04:37:13 : t0:raiseFidelity

2023-01-31 04:37:18 INFO  GuavaMasterReportingPort:35 - MODEL: Executing O[strategy-execution-KubeZnnSystem:Acme:ExecutionHistory/strategyExecutionState.null([KubeZnnSystem:Acme, AdapttionTree, ADAPTATION_EXECUTING, ])]

2023-01-31 04:37:23 : t0:raiseFidelity

2023-01-31 04:37:28 INFO  GuavaMasterReportingPort:35 - MODEL: Executing O[strategy-execution-KubeZnnSystem:Acme:ExecutionHistory/strategyExecutionState.null([KubeZnnSystem:Acme, AdapttionTree, ADAPTATION_EXECUTING, ])]

2023-01-31 04:37:33 : t0:raiseFidelity

2023-01-31 04:37:38 : t0:raiseFidelity

2023-01-31 04:37:43 : t0:raiseFidelity

2023-01-31 04:37:48 : t0:raiseFidelity

2023-01-31 04:37:53 INFO  GuavaMasterReportingPort:35 - MODEL: Executing O[strategy-execution-KubeZnnSystem:Acme:ExecutionHistory/strategyExecutionState.null([KubeZnnSystem:Acme, AdapttionTree, ADAPTATION_EXECUTING, ])]

Reading file: generateLogs001506
Reading file: generateLogs004452
Reading file: generateLogs010914
Reading file: generateLogs2.sh
Reading file: generateLogs225909
Reading file: generateLogs232306
Reading file: generateLogs234622
Reading file: k6-kwdbs_tracing_20230131_012920.log
Reading file: README.md
Reading file: scalabilityb-66d698fc76-p4pdx_tracing_20230131_012920.log

scalabilityb data

2023-01-31 04:31:15 : t0:removeHighScalability

2023-01-31 04:31:20 : t0:addHighScalability

2023-01-31 04:31:25 : t0:addHighScalability

2023-01-31 04:31:30 : t0:removeHighScalability

2023-01-31 04:31:35 : t0:removeHighScalability

2023-01-31 04:31:40 : t0:removeHighScalability

2023-01-31 04:31:45 : t0:removeReplica

2023-01-31 04:32:20 : t0:removeReplica

2023-01-31 04:32:25 : t0:removeReplica

2023-01-31 04:32:30 : t0:removeReplica

2023-01-31 04:32:35 : t0:removeReplica

2023-01-31 04:32:40 : t0:removeReplica

2023-01-31 04:32:45 : t0:removeReplica

2023-01-31 04:32:50 : t0:removeReplica

2023-01-31 04:32:55 : t0:removeReplica

2023-01-31 04:33:00 : t0:removeReplica

2023-01-31 04:33:05 : t0:removeReplica

2023-01-31 04:33:10 : t0:removeReplica

2023-01-31 04:33:15 : t0:removeReplica

2023-01-31 04:33:20 : t0:removeReplica

2023-01-31 04:33:25 : t0:removeReplica

2023-01-31 04:33:30 : t0:removeReplica

2023-01-31 04:33:35 : t0:removeReplica

2023-01-31 04:33:40 : t0:removeReplica

2023-01-31 04:33:45 : t0:removeReplica

2023-01-31 04:33:50 : t0:removeReplica

2023-01-31 04:33:55 : t0:removeReplica

2023-01-31 04:34:00 : t0:removeReplica

2023-01-31 04:34:05 : t0:removeReplica

2023-01-31 04:34:10 : t0:removeReplica

2023-01-31 04:34:15 : t0:removeReplica

2023-01-31 04:34:20 : t0:removeReplica

2023-01-31 04:34:25 : t0:removeReplica

2023-01-31 04:34:30 : t0:removeReplica

2023-01-31 04:34:35 : t0:removeReplica

2023-01-31 04:34:40 : t0:removeReplica

2023-01-31 04:34:45 : t0:removeReplica

2023-01-31 04:34:50 : t0:removeReplica

2023-01-31 04:34:55 : t0:removeReplica

2023-01-31 04:35:00 : t0:removeReplica

2023-01-31 04:35:05 : t0:removeReplica

2023-01-31 04:35:10 : t0:removeReplica

2023-01-31 04:35:15 : t0:removeReplica

2023-01-31 04:35:20 : t0:removeReplica

2023-01-31 04:35:25 : t0:removeReplica

2023-01-31 04:35:30 : t0:removeReplica

2023-01-31 04:35:35 : t0:removeReplica

2023-01-31 04:35:40 : t0:removeReplica

2023-01-31 04:35:45 : t0:removeReplica

2023-01-31 04:35:50 : t0:removeReplica

2023-01-31 04:35:55 : t0:removeReplica

2023-01-31 04:36:00 : t0:removeReplica

2023-01-31 04:36:05 : t0:removeReplica

2023-01-31 04:36:10 : t0:removeReplica

2023-01-31 04:36:15 : t0:removeReplica

2023-01-31 04:36:20 : t0:removeReplica

2023-01-31 04:36:25 : t0:removeReplica

2023-01-31 04:36:30 : t0:removeReplica

2023-01-31 04:36:35 : t0:removeReplica

2023-01-31 04:36:40 : t0:removeReplica

2023-01-31 04:36:45 : t0:removeReplica

2023-01-31 04:36:50 : t0:removeReplica

2023-01-31 04:36:55 : t0:removeReplica

2023-01-31 04:37:00 : t0:removeReplica

2023-01-31 04:37:05 : t0:removeReplica

2023-01-31 04:37:10 : t0:removeReplica

2023-01-31 04:37:15 : t0:removeReplica

2023-01-31 04:37:20 : t0:removeReplica

2023-01-31 04:37:25 : t0:removeReplica

2023-01-31 04:37:30 : t0:removeReplica

2023-01-31 04:37:35 : t0:removeReplica

2023-01-31 04:37:40 : t0:removeReplica

2023-01-31 04:37:45 : t0:removeReplica

2023-01-31 04:37:50 : t0:removeReplica

2023-01-31 04:37:55 : t0:removeReplica

Reading file: summary-trace-znn.log
Reading file: temp
Reading file: temp2701
Reading file: test
Reading file: tools
Reading file: traceznn_20230131_012920.log

Trace znn data

{'name': 'kube-znn-db.173f49885e013029', 'type': 'Normal', 'message': 'Scaled up replica set kube-znn-db-558bb5dd64 to 1', 'dateevent': '2023-01-31 04:13:56+00:00', 'image': 'cmendes/znn:800k', 'replicas': 1, 'imageChanges': 0, 'replicasChanges': 1}

{'name': 'kube-znn.173f49885ce9c022', 'type': 'Normal', 'message': 'Scaled up replica set kube-znn-744bbbc54b to 1', 'dateevent': '2023-01-31 04:13:56+00:00', 'image': 'cmendes/znn:800k', 'replicas': 1, 'imageChanges': 0, 'replicasChanges': 1}

{'name': 'kube-znn.173f4a61c6f64d22', 'type': 'Normal', 'message': 'Scaled up replica set kube-znn-744bbbc54b to 2', 'dateevent': '2023-01-31 04:29:30+00:00', 'image': 'cmendes/znn:800k', 'replicas': 2, 'imageChanges': 0, 'replicasChanges': 2}

{'name': 'kube-znn.173f4a62a44f292e', 'type': 'Normal', 'message': 'Scaled up replica set kube-znn-744bbbc54b to 3', 'dateevent': '2023-01-31 04:29:33+00:00', 'image': 'cmendes/znn:800k', 'replicas': 3, 'imageChanges': 0, 'replicasChanges': 3}

{'name': 'kube-znn.173f4a63d07600c5', 'type': 'Normal', 'message': 'Scaled up replica set kube-znn-744bbbc54b to 4', 'dateevent': '2023-01-31 04:29:38+00:00', 'image': 'cmendes/znn:800k', 'replicas': 4, 'imageChanges': 0, 'replicasChanges': 4}

{'name': 'kube-znn.173f4a64f7c10eed', 'type': 'Normal', 'message': 'Scaled up replica set kube-znn-744bbbc54b to 5', 'dateevent': '2023-01-31 04:29:43+00:00', 'image': 'cmendes/znn:800k', 'replicas': 5, 'imageChanges': 0, 'replicasChanges': 5}

{'name': 'kube-znn.173f4a6620ea833a', 'type': 'Normal', 'message': 'Scaled up replica set kube-znn-744bbbc54b to 6', 'dateevent': '2023-01-31 04:29:48+00:00', 'image': 'cmendes/znn:800k', 'replicas': 6, 'imageChanges': 0, 'replicasChanges': 6}

{'name': 'kube-znn.173f4a674a8ee0bc', 'type': 'Normal', 'message': 'Scaled up replica set kube-znn-744bbbc54b to 7', 'dateevent': '2023-01-31 04:29:53+00:00', 'image': 'cmendes/znn:800k', 'replicas': 7, 'imageChanges': 0, 'replicasChanges': 7}

{'name': 'kube-znn.173f4a687777e82c', 'type': 'Normal', 'message': 'Scaled up replica set kube-znn-744bbbc54b to 8', 'dateevent': '2023-01-31 04:29:58+00:00', 'image': 'cmendes/znn:800k', 'replicas': 8, 'imageChanges': 0, 'replicasChanges': 8}

{'name': 'kube-znn.173f4a69a0a50ba5', 'type': 'Normal', 'message': 'Scaled up replica set kube-znn-744bbbc54b to 9', 'dateevent': '2023-01-31 04:30:03+00:00', 'image': 'cmendes/znn:800k', 'replicas': 9, 'imageChanges': 0, 'replicasChanges': 9}

{'name': 'kube-znn.173f4a6ac95965ea', 'type': 'Normal', 'message': 'Scaled up replica set kube-znn-744bbbc54b to 10', 'dateevent': '2023-01-31 04:30:08+00:00', 'image': 'cmendes/znn:800k', 'replicas': 10, 'imageChanges': 0, 'replicasChanges': 10}

{'name': 'kube-znn.173f4a6c2a2fe2a8', 'type': 'Normal', 'message': '(combined from similar events): Scaled up replica set kube-znn-5c95bd98fb to 3', 'dateevent': '2023-01-31 04:30:14+00:00', 'image': 'cmendes/znn:600k', 'replicas': 10, 'imageChanges': 1, 'replicasChanges': 10}

{'name': 'kube-znn.173f4a6c2a2fe2a8', 'type': 'Normal', 'message': '(combined from similar events): Scaled down replica set kube-znn-744bbbc54b to 8', 'dateevent': '2023-01-31 04:30:14+00:00', 'image': 'cmendes/znn:600k', 'replicas': 10, 'imageChanges': 1, 'replicasChanges': 10}

{'name': 'kube-znn.173f4a6c2a2fe2a8', 'type': 'Normal', 'message': '(combined from similar events): Scaled up replica set kube-znn-5c95bd98fb to 5', 'dateevent': '2023-01-31 04:30:14+00:00', 'image': 'cmendes/znn:600k', 'replicas': 10, 'imageChanges': 1, 'replicasChanges': 10}

{'name': 'kube-znn.173f4a6c2a2fe2a8', 'type': 'Normal', 'message': '(combined from similar events): Scaled down replica set kube-znn-744bbbc54b to 5', 'dateevent': '2023-01-31 04:30:14+00:00', 'image': 'cmendes/znn:400k', 'replicas': 10, 'imageChanges': 2, 'replicasChanges': 10}

{'name': 'kube-znn.173f4a6c2a2fe2a8', 'type': 'Normal', 'message': '(combined from similar events): Scaled down replica set kube-znn-5c95bd98fb to 3', 'dateevent': '2023-01-31 04:30:14+00:00', 'image': 'cmendes/znn:400k', 'replicas': 10, 'imageChanges': 2, 'replicasChanges': 10}

{'name': 'kube-znn.173f4a6c2a2fe2a8', 'type': 'Normal', 'message': '(combined from similar events): Scaled up replica set kube-znn-549bfcf578 to 5', 'dateevent': '2023-01-31 04:30:14+00:00', 'image': 'cmendes/znn:400k', 'replicas': 10, 'imageChanges': 2, 'replicasChanges': 10}

{'name': 'kube-znn.173f4a6c2a2fe2a8', 'type': 'Normal', 'message': '(combined from similar events): Scaled down replica set kube-znn-5c95bd98fb to 0', 'dateevent': '2023-01-31 04:30:14+00:00', 'image': 'cmendes/znn:800k', 'replicas': 10, 'imageChanges': 3, 'replicasChanges': 10}

{'name': 'kube-znn.173f4a6c2a2fe2a8', 'type': 'Normal', 'message': '(combined from similar events): Scaled down replica set kube-znn-549bfcf578 to 3', 'dateevent': '2023-01-31 04:30:14+00:00', 'image': 'cmendes/znn:800k', 'replicas': 10, 'imageChanges': 3, 'replicasChanges': 10}

{'name': 'kube-znn.173f4a6ac95965ea', 'type': 'Normal', 'message': 'Scaled up replica set kube-znn-744bbbc54b to 10', 'dateevent': '2023-01-31 04:30:08+00:00', 'image': 'cmendes/znn:800k', 'replicas': 10, 'imageChanges': 3, 'replicasChanges': 10}

{'name': 'kube-znn.173f4a6c2a2fe2a8', 'type': 'Normal', 'message': '(combined from similar events): Scaled down replica set kube-znn-744bbbc54b to 4', 'dateevent': '2023-01-31 04:30:14+00:00', 'image': 'cmendes/znn:800k', 'replicas': 4, 'imageChanges': 3, 'replicasChanges': 11}

{'name': 'kube-znn.173f4a6c2a2fe2a8', 'type': 'Normal', 'message': '(combined from similar events): Scaled down replica set kube-znn-549bfcf578 to 1', 'dateevent': '2023-01-31 04:30:14+00:00', 'image': 'cmendes/znn:800k', 'replicas': 4, 'imageChanges': 3, 'replicasChanges': 11}

{'name': 'kube-znn.173f4a6c2a2fe2a8', 'type': 'Normal', 'message': '(combined from similar events): Scaled down replica set kube-znn-549bfcf578 to 0', 'dateevent': '2023-01-31 04:30:14+00:00', 'image': 'cmendes/znn:800k', 'replicas': 4, 'imageChanges': 3, 'replicasChanges': 11}

Reading file: VersionA-Monolithic
Reading file: VersionB-MicroControllers
Reading file: VersionC-WithFailureManagerMetaController
Reading file: VersionC-ZTemp
