Reading file: automatingDataGeneration.sh
Reading file: BLong10_parte1
Reading file: BLong10_parte1.7z
Reading file: BLong10_parte2
Reading file: BLong10_parte2.7z
Reading file: CLong10
Reading file: CLong10.7z
Reading file: CShort10
Reading file: CShort10.7z
Reading file: Evaluation-ZNN.7z
Reading file: fidelitya-5b8dd7f8c7-j97sm_tracing_20230130_090755.log

fidelitya data

2023-01-30 12:08:52 : t0:lowerFidelity

Reading file: generateLogs2.sh
Reading file: k6-7hkt4_tracing_20230130_090755.log
Reading file: README.md
Reading file: scalabilityb-66d698fc76-w9tzj_tracing_20230130_090755.log

scalabilityb data

2023-01-30 12:10:37 : t0:removeHighScalability

2023-01-30 12:10:42 : t0:removeHighScalability

2023-01-30 12:10:46 : t0:removeHighScalability

2023-01-30 12:10:51 : t0:addHighScalability

2023-01-30 12:10:57 : t0:removeHighScalability

2023-01-30 12:11:01 : t0:removeHighScalability

2023-01-30 12:11:06 : t0:removeHighScalability

2023-01-30 12:11:11 : t0:removeHighScalability

2023-01-30 12:11:16 : t0:removeHighScalability

2023-01-30 12:11:21 : t0:removeHighScalability

2023-01-30 12:11:26 : t0:removeHighScalability

2023-01-30 12:11:31 : t0:addHighScalability

2023-01-30 12:11:36 : t0:removeReplica

2023-01-30 12:11:41 : t0:removeReplica

2023-01-30 12:11:47 : t0:removeHighScalability

2023-01-30 12:11:51 : t0:removeHighScalability

2023-01-30 12:11:56 : t0:removeHighScalability

2023-01-30 12:12:01 : t0:removeHighScalability

2023-01-30 12:12:06 : t0:removeHighScalability

2023-01-30 12:12:11 : t0:removeReplica

2023-01-30 12:12:16 : t0:removeReplica

2023-01-30 12:12:21 : t0:removeReplica

2023-01-30 12:12:26 : t0:removeReplica

2023-01-30 12:12:31 : t0:removeReplica

2023-01-30 12:12:36 : t0:removeReplica

2023-01-30 12:12:41 : t0:removeReplica

2023-01-30 12:12:46 : t0:removeReplica

2023-01-30 12:12:51 : t0:removeReplica

2023-01-30 12:12:56 : t0:removeReplica

2023-01-30 12:13:01 : t0:removeReplica

2023-01-30 12:13:06 : t0:removeReplica

2023-01-30 12:13:11 : t0:removeReplica

2023-01-30 12:13:16 : t0:removeReplica

2023-01-30 12:13:21 : t0:removeReplica

2023-01-30 12:13:26 : t0:removeReplica

2023-01-30 12:13:31 : t0:removeReplica

2023-01-30 12:13:36 : t0:removeReplica

2023-01-30 12:13:41 : t0:removeReplica

2023-01-30 12:13:46 : t0:removeReplica

2023-01-30 12:13:51 : t0:removeReplica

2023-01-30 12:13:56 : t0:removeReplica

2023-01-30 12:14:01 : t0:removeReplica

2023-01-30 12:14:06 : t0:removeReplica

2023-01-30 12:14:11 : t0:removeReplica

2023-01-30 12:14:16 : t0:removeReplica

2023-01-30 12:14:21 : t0:removeReplica

2023-01-30 12:14:26 : t0:removeReplica

2023-01-30 12:14:31 : t0:removeReplica

2023-01-30 12:14:36 : t0:removeReplica

2023-01-30 12:14:41 : t0:removeReplica

2023-01-30 12:14:46 : t0:removeReplica

2023-01-30 12:14:51 : t0:removeReplica

2023-01-30 12:14:56 : t0:removeReplica

2023-01-30 12:15:01 : t0:removeReplica

2023-01-30 12:15:06 : t0:removeReplica

2023-01-30 12:15:11 : t0:removeReplica

2023-01-30 12:15:16 : t0:removeReplica

2023-01-30 12:15:21 : t0:removeReplica

2023-01-30 12:15:26 : t0:removeReplica

2023-01-30 12:15:31 : t0:removeReplica

2023-01-30 12:15:36 : t0:removeReplica

2023-01-30 12:15:41 : t0:removeReplica

2023-01-30 12:15:46 : t0:removeReplica

2023-01-30 12:15:51 : t0:removeReplica

2023-01-30 12:15:56 : t0:removeReplica

2023-01-30 12:16:01 : t0:removeReplica

2023-01-30 12:16:06 : t0:removeReplica

2023-01-30 12:16:11 : t0:removeReplica

2023-01-30 12:16:16 : t0:removeReplica

2023-01-30 12:16:21 : t0:removeReplica

2023-01-30 12:16:26 : t0:removeReplica

2023-01-30 12:16:31 : t0:removeReplica

2023-01-30 12:16:36 : t0:removeReplica

2023-01-30 12:16:41 : t0:removeReplica

2023-01-30 12:16:46 : t0:removeReplica

2023-01-30 12:16:51 : t0:removeReplica

2023-01-30 12:16:56 : t0:removeReplica

2023-01-30 12:17:01 : t0:removeReplica

2023-01-30 12:17:06 : t0:removeReplica

2023-01-30 12:17:11 : t0:removeReplica

2023-01-30 12:17:16 : t0:removeReplica

2023-01-30 12:17:21 : t0:removeReplica

2023-01-30 12:17:26 : t0:removeReplica

2023-01-30 12:17:31 : t0:removeReplica

2023-01-30 12:17:36 : t0:removeReplica

2023-01-30 12:17:41 : t0:removeReplica

2023-01-30 12:17:46 : t0:removeReplica

Reading file: summary-trace-znn.log
Reading file: temp
Reading file: temp2701
Reading file: test
Reading file: tools
Reading file: traceznn_20230130_090756.log

Trace znn data

{'name': 'kube-znn-db.173f148a445bb0c3', 'type': 'Normal', 'message': 'Scaled up replica set kube-znn-db-558bb5dd64 to 1', 'dateevent': '2023-01-30 12:02:50+00:00', 'image': 'cmendes/znn:800k', 'replicas': 1, 'imageChanges': 0, 'replicasChanges': 1}

{'name': 'kube-znn.173f148a42c56561', 'type': 'Normal', 'message': 'Scaled up replica set kube-znn-744bbbc54b to 1', 'dateevent': '2023-01-30 12:02:50+00:00', 'image': 'cmendes/znn:800k', 'replicas': 1, 'imageChanges': 0, 'replicasChanges': 1}

{'name': 'kube-znn.173f14d3d4080600', 'type': 'Normal', 'message': 'Scaled up replica set kube-znn-744bbbc54b to 2', 'dateevent': '2023-01-30 12:08:06+00:00', 'image': 'cmendes/znn:800k', 'replicas': 2, 'imageChanges': 0, 'replicasChanges': 2}

{'name': 'kube-znn.173f14d4b0edc17a', 'type': 'Normal', 'message': 'Scaled up replica set kube-znn-744bbbc54b to 3', 'dateevent': '2023-01-30 12:08:10+00:00', 'image': 'cmendes/znn:800k', 'replicas': 3, 'imageChanges': 0, 'replicasChanges': 3}

{'name': 'kube-znn.173f14d5da44303a', 'type': 'Normal', 'message': 'Scaled up replica set kube-znn-744bbbc54b to 4', 'dateevent': '2023-01-30 12:08:15+00:00', 'image': 'cmendes/znn:800k', 'replicas': 4, 'imageChanges': 0, 'replicasChanges': 4}

{'name': 'kube-znn.173f14d706f337f4', 'type': 'Normal', 'message': 'Scaled up replica set kube-znn-744bbbc54b to 5', 'dateevent': '2023-01-30 12:08:20+00:00', 'image': 'cmendes/znn:800k', 'replicas': 5, 'imageChanges': 0, 'replicasChanges': 5}

{'name': 'kube-znn.173f14d82e2df1d6', 'type': 'Normal', 'message': 'Scaled up replica set kube-znn-744bbbc54b to 6', 'dateevent': '2023-01-30 12:08:25+00:00', 'image': 'cmendes/znn:800k', 'replicas': 6, 'imageChanges': 0, 'replicasChanges': 6}

{'name': 'kube-znn.173f14d95a1e3f37', 'type': 'Normal', 'message': 'Scaled up replica set kube-znn-744bbbc54b to 7', 'dateevent': '2023-01-30 12:08:30+00:00', 'image': 'cmendes/znn:800k', 'replicas': 7, 'imageChanges': 0, 'replicasChanges': 7}

{'name': 'kube-znn.173f14da83e6ab0e', 'type': 'Normal', 'message': 'Scaled up replica set kube-znn-744bbbc54b to 8', 'dateevent': '2023-01-30 12:08:35+00:00', 'image': 'cmendes/znn:800k', 'replicas': 8, 'imageChanges': 0, 'replicasChanges': 8}

{'name': 'kube-znn.173f14dbad541b16', 'type': 'Normal', 'message': 'Scaled up replica set kube-znn-744bbbc54b to 9', 'dateevent': '2023-01-30 12:08:40+00:00', 'image': 'cmendes/znn:800k', 'replicas': 9, 'imageChanges': 0, 'replicasChanges': 9}

{'name': 'kube-znn.173f14dcd5cddf24', 'type': 'Normal', 'message': '(combined from similar events): Scaled up replica set kube-znn-744bbbc54b to 10', 'dateevent': '2023-01-30 12:08:45+00:00', 'image': 'cmendes/znn:800k', 'replicas': 10, 'imageChanges': 0, 'replicasChanges': 10}

{'name': 'kube-znn.173f14dcd5cddf24', 'type': 'Normal', 'message': '(combined from similar events): Scaled up replica set kube-znn-5c95bd98fb to 3', 'dateevent': '2023-01-30 12:08:45+00:00', 'image': 'cmendes/znn:600k', 'replicas': 10, 'imageChanges': 1, 'replicasChanges': 10}

{'name': 'kube-znn.173f14dcd5cddf24', 'type': 'Normal', 'message': '(combined from similar events): Scaled down replica set kube-znn-744bbbc54b to 8', 'dateevent': '2023-01-30 12:08:45+00:00', 'image': 'cmendes/znn:600k', 'replicas': 10, 'imageChanges': 1, 'replicasChanges': 10}

{'name': 'kube-znn.173f14dcd5cddf24', 'type': 'Normal', 'message': '(combined from similar events): Scaled up replica set kube-znn-5c95bd98fb to 5', 'dateevent': '2023-01-30 12:08:45+00:00', 'image': 'cmendes/znn:600k', 'replicas': 10, 'imageChanges': 1, 'replicasChanges': 10}

{'name': 'kube-znn.173f14dcd5cddf24', 'type': 'Normal', 'message': '(combined from similar events): Scaled down replica set kube-znn-744bbbc54b to 7', 'dateevent': '2023-01-30 12:08:45+00:00', 'image': 'cmendes/znn:600k', 'replicas': 10, 'imageChanges': 1, 'replicasChanges': 10}

{'name': 'kube-znn.173f14dcd5cddf24', 'type': 'Normal', 'message': '(combined from similar events): Scaled up replica set kube-znn-5c95bd98fb to 6', 'dateevent': '2023-01-30 12:08:45+00:00', 'image': 'cmendes/znn:600k', 'replicas': 10, 'imageChanges': 1, 'replicasChanges': 10}

{'name': 'kube-znn.173f14dcd5cddf24', 'type': 'Normal', 'message': '(combined from similar events): Scaled down replica set kube-znn-744bbbc54b to 6', 'dateevent': '2023-01-30 12:08:45+00:00', 'image': 'cmendes/znn:600k', 'replicas': 10, 'imageChanges': 1, 'replicasChanges': 10}

{'name': 'kube-znn.173f14dcd5cddf24', 'type': 'Normal', 'message': '(combined from similar events): Scaled up replica set kube-znn-5c95bd98fb to 7', 'dateevent': '2023-01-30 12:08:45+00:00', 'image': 'cmendes/znn:600k', 'replicas': 10, 'imageChanges': 1, 'replicasChanges': 10}

{'name': 'kube-znn.173f14dcd5cddf24', 'type': 'Normal', 'message': '(combined from similar events): Scaled down replica set kube-znn-744bbbc54b to 5', 'dateevent': '2023-01-30 12:08:45+00:00', 'image': 'cmendes/znn:600k', 'replicas': 10, 'imageChanges': 1, 'replicasChanges': 10}

{'name': 'kube-znn.173f14dcd5cddf24', 'type': 'Normal', 'message': '(combined from similar events): Scaled up replica set kube-znn-5c95bd98fb to 8', 'dateevent': '2023-01-30 12:08:45+00:00', 'image': 'cmendes/znn:600k', 'replicas': 10, 'imageChanges': 1, 'replicasChanges': 10}

{'name': 'kube-znn.173f14dcd5cddf24', 'type': 'Normal', 'message': '(combined from similar events): Scaled down replica set kube-znn-744bbbc54b to 4', 'dateevent': '2023-01-30 12:08:45+00:00', 'image': 'cmendes/znn:600k', 'replicas': 10, 'imageChanges': 1, 'replicasChanges': 10}

{'name': 'kube-znn.173f14dcd5cddf24', 'type': 'Normal', 'message': '(combined from similar events): Scaled up replica set kube-znn-5c95bd98fb to 9', 'dateevent': '2023-01-30 12:08:45+00:00', 'image': 'cmendes/znn:600k', 'replicas': 10, 'imageChanges': 1, 'replicasChanges': 10}

{'name': 'kube-znn.173f14dcd5cddf24', 'type': 'Normal', 'message': '(combined from similar events): Scaled down replica set kube-znn-5c95bd98fb to 3', 'dateevent': '2023-01-30 12:08:45+00:00', 'image': 'cmendes/znn:600k', 'replicas': 4, 'imageChanges': 1, 'replicasChanges': 11}

{'name': 'kube-znn.173f14dcd5cddf24', 'type': 'Normal', 'message': '(combined from similar events): Scaled down replica set kube-znn-744bbbc54b to 2', 'dateevent': '2023-01-30 12:08:45+00:00', 'image': 'cmendes/znn:600k', 'replicas': 4, 'imageChanges': 1, 'replicasChanges': 11}

{'name': 'kube-znn.173f14dcd5cddf24', 'type': 'Normal', 'message': '(combined from similar events): Scaled down replica set kube-znn-744bbbc54b to 0', 'dateevent': '2023-01-30 12:08:45+00:00', 'image': 'cmendes/znn:600k', 'replicas': 4, 'imageChanges': 1, 'replicasChanges': 11}

{'name': 'kube-znn.173f14dcd5cddf24', 'type': 'Normal', 'message': '(combined from similar events): Scaled up replica set kube-znn-5c95bd98fb to 4', 'dateevent': '2023-01-30 12:08:45+00:00', 'image': 'cmendes/znn:600k', 'replicas': 4, 'imageChanges': 1, 'replicasChanges': 11}

Reading file: VersionA-Monolithic
Reading file: VersionB-MicroControllers
Reading file: VersionC-WithFailureManagerMetaController
Reading file: VersionC-ZTemp
